#
# A fatal error has been detected by the Java Runtime Environment:
#
#  SIGSEGV (0xb) at pc=0x00007fa12c0d1e3a, pid=16481, tid=16510
#
# JRE version: OpenJDK Runtime Environment (13.0) (build 13-internal+0-adhoc.dmitry.loom)
# Java VM: OpenJDK 64-Bit Server VM (13-internal+0-adhoc.dmitry.loom, mixed mode, tiered, compressed oops, g1 gc, linux-amd64)
# Problematic frame:
# V  [libjvm.so+0x683e3a]  ContMirror::read()+0x1a
#
# Core dump will be written. Default location: Core dumps may be processed with "/usr/share/apport/apport %p %s %c %d %P" (or dumping to /home/dmitry/Downloads/LoadDetector/core.16481)
#
# If you would like to submit a bug report, please visit:
#   http://bugreport.java.com/bugreport/crash.jsp
#

---------------  S U M M A R Y ------------

Command Line: -Didea.launcher.port=5023 -Didea.launcher.bin.path=/home/dmitry/Downloads/idea-IC-183.5912.21/bin -Dfile.encoding=UTF-8 com.intellij.rt.execution.application.AppMainV2 Main

Host: Intel(R) Core(TM) i7-4700HQ CPU @ 2.40GHz, 4 cores, 4G, Ubuntu 18.04.2 LTS
Time: Sun May 12 20:53:54 2019 MSK elapsed time: 2 seconds (0d 0h 0m 2s)

---------------  T H R E A D  ---------------

Current thread (0x00007fa1242bd000):  JavaThread "Thread-1" [_thread_in_vm, id=16510, stack(0x00007fa0eb3cd000,0x00007fa0eb4ce000)]

Stack: [0x00007fa0eb3cd000,0x00007fa0eb4ce000],  sp=0x00007fa0eb4ca1a0,  free space=1012k
Native frames: (J=compiled Java code, A=aot compiled Java code, j=interpreted, Vv=VM code, C=native code)
V  [libjvm.so+0x683e3a]  ContMirror::read()+0x1a
V  [libjvm.so+0x689537]  Continuation::freeze0(JavaThread*, FrameInfo*, bool) [clone .part.304]+0x507
V  [libjvm.so+0x689c87]  Continuation::freeze(JavaThread*, FrameInfo*)+0x127
v  ~RuntimeStub::cont_doYield
C  0x00007fa0eb4cc870

Java frames: (J=compiled Java code, j=interpreted, Vv=VM code)
v  ~RuntimeStub::cont_doYield
j  java.lang.Continuation.yield0(Ljava/lang/ContinuationScope;Ljava/lang/Continuation;)Z+60 java.base
j  java.lang.Continuation.yield(Ljava/lang/Thread;Ljava/lang/ContinuationScope;)Z+68 java.base
j  Main.lambda$main$1(Ljava/lang/Thread;Ljava/lang/ContinuationScope;Ljava/lang/Continuation;)V+21
j  Main$$Lambda$38.run()V+12
j  java.lang.Thread.run()V+11 java.base
v  ~StubRoutines::call_stub

siginfo: si_signo: 11 (SIGSEGV), si_code: 1 (SEGV_MAPERR), si_addr: 0x0000000000000020

Register to memory mapping:

RAX=0x0000000000000020 is an unknown value
RBX=0x00007fa0eb4cb540 is pointing into the stack for thread: 0x00007fa1242bd000
RCX=0x00007fa0eb4cc870 is pointing into the stack for thread: 0x00007fa1242bd000
RDX=0x00007fa12d0ccb58: <offset 0x000000000167eb58> in /home/dmitry/Downloads/LOOM/loom/build/linux-x86_64-server-release/jdk/lib/server/libjvm.so at 0x00007fa12ba4e000
RSP=0x00007fa0eb4ca1a0 is pointing into the stack for thread: 0x00007fa1242bd000
RBP=0x00007fa0eb4ca1b0 is pointing into the stack for thread: 0x00007fa1242bd000
RSI=0x00007fa1150169b0 is at code_begin+1584 in an Interpreter codelet
invoke return entry points  [0x00007fa115016380, 0x00007fa115017540]  4544 bytes
RDI=0x0 is NULL
R8 =0x00007fa115000000 points into unknown readable memory: 04 00 00 00 00 00 00 00
R9 =0x000000000000000b is an unknown value
R10=0x0000000000000800 is an unknown value
R11=0x0000000000000400 is an unknown value
R12=0x00007fa0dc1426e0 points into unknown readable memory: 00 00 00 00 00 00 00 00
R13=0x00007fa0eb4cb540 is pointing into the stack for thread: 0x00007fa1242bd000
R14=0x00007fa1242bc3c0 points into unknown readable memory: 02 00 00 00 a1 7f 00 00
R15=0x00007fa0eb4cc7f8 is pointing into the stack for thread: 0x00007fa1242bd000


Registers:
RAX=0x0000000000000020, RBX=0x00007fa0eb4cb540, RCX=0x00007fa0eb4cc870, RDX=0x00007fa12d0ccb58
RSP=0x00007fa0eb4ca1a0, RBP=0x00007fa0eb4ca1b0, RSI=0x00007fa1150169b0, RDI=0x0000000000000000
R8 =0x00007fa115000000, R9 =0x000000000000000b, R10=0x0000000000000800, R11=0x0000000000000400
R12=0x00007fa0dc1426e0, R13=0x00007fa0eb4cb540, R14=0x00007fa1242bc3c0, R15=0x00007fa0eb4cc7f8
RIP=0x00007fa12c0d1e3a, EFLAGS=0x0000000000010206, CSGSFS=0x002b000000000033, ERR=0x0000000000000004
  TRAPNO=0x000000000000000e

Top of Stack: (sp=0x00007fa0eb4ca1a0)
0x00007fa0eb4ca1a0:   00007fa1150169b0 00007fa1242bd000
0x00007fa0eb4ca1b0:   00007fa0eb4cc7b0 00007fa12c0d7537
0x00007fa0eb4ca1c0:   00007fa1242bd000 00007fa0eb4ca2c0
0x00007fa0eb4ca1d0:   0000000000000000 00007fa12d0ca220 

Instructions: (pc=0x00007fa12c0d1e3a)
0x00007fa12c0d1d3a:   08 48 63 00 89 0c 02 48 8d 05 8c e5 fd 00 48 8b
0x00007fa12c0d1d4a:   4b 30 48 8b 53 08 48 63 00 48 89 0c 02 48 8d 05
0x00007fa12c0d1d5a:   6e e5 fd 00 48 8b 53 08 48 8b 4b 38 48 63 00 48
0x00007fa12c0d1d6a:   89 0c 02 48 8d 05 54 e5 fd 00 8b 4b 60 48 8b 53
0x00007fa12c0d1d7a:   08 48 63 00 89 0c 02 48 8d 05 58 e5 fd 00 48 8b
0x00007fa12c0d1d8a:   53 08 48 8b 4b 10 48 63 00 48 89 0c 02 48 8d 05
0x00007fa12c0d1d9a:   3e e5 fd 00 48 8b 4b 18 48 8b 53 08 48 63 00 48
0x00007fa12c0d1daa:   89 0c 02 48 8d 05 24 e5 fd 00 48 63 00 48 8b 53
0x00007fa12c0d1dba:   08 48 8b 4b 20 48 89 0c 02 48 8d 05 2e e5 fd 00
0x00007fa12c0d1dca:   48 8b 53 08 48 8b 4b 58 48 63 00 89 0c 02 48 8d
0x00007fa12c0d1dda:   05 e1 e4 fd 00 0f b6 4b 70 48 8b 53 08 48 63 00
0x00007fa12c0d1dea:   88 0c 02 48 8d 05 00 e5 fd 00 0f b7 4b 74 48 8b
0x00007fa12c0d1dfa:   53 08 48 63 00 66 89 0c 02 48 8d 05 e6 e4 fd 00
0x00007fa12c0d1e0a:   0f b7 4b 72 48 8b 53 08 48 63 00 66 89 0c 02 48
0x00007fa12c0d1e1a:   83 c4 08 5b 5d c3 55 48 89 e5 53 48 89 fb 48 83
0x00007fa12c0d1e2a:   ec 08 48 8d 05 ad e4 fd 00 48 8b 7f 08 48 63 00
0x00007fa12c0d1e3a:   48 8b 04 38 48 89 43 10 48 8d 05 93 e4 fd 00 48
0x00007fa12c0d1e4a:   63 00 48 8b 04 38 48 89 43 18 48 8d 05 7d e4 fd
0x00007fa12c0d1e5a:   00 48 63 00 48 8b 04 38 48 89 43 20 48 8d 05 63
0x00007fa12c0d1e6a:   e4 fd 00 48 63 00 8b 04 38 89 43 28 48 8d 05 57
0x00007fa12c0d1e7a:   e4 fd 00 48 63 00 48 8b 04 38 48 89 43 30 48 8d
0x00007fa12c0d1e8a:   05 3d e4 fd 00 48 63 00 48 8b 04 38 48 89 43 38
0x00007fa12c0d1e9a:   48 8d 05 5b e4 fd 00 48 63 30 ff 15 96 41 f7 00
0x00007fa12c0d1eaa:   48 85 c0 48 89 43 40 0f 84 b9 01 00 00 48 8d 15
0x00007fa12c0d1eba:   1e c9 fd 00 80 3a 01 48 19 c9 83 e1 04 80 3a 01
0x00007fa12c0d1eca:   8b 4c 08 0c 48 19 d2 89 4b 48 83 e2 08 48 8d 44
0x00007fa12c0d1eda:   10 10 48 89 43 50 48 8d 05 11 e4 fd 00 48 8b 7b
0x00007fa12c0d1eea:   08 48 63 00 48 63 04 07 48 89 43 58 48 8d 05 ef
0x00007fa12c0d1efa:   e3 fd 00 48 63 30 ff 15 3a 41 f7 00 48 8d 15 bb
0x00007fa12c0d1f0a:   e3 fd 00 48 89 43 68 48 8b 43 08 48 83 3d 13 ae
0x00007fa12c0d1f1a:   fb 00 00 48 63 12 8b 14 02 89 53 60 48 8d 15 93
0x00007fa12c0d1f2a:   e3 fd 00 48 63 12 0f b6 14 02 88 53 70 48 8d 15 


Stack slot to memory mapping:
stack at sp + 0 slots: 0x00007fa1150169b0 is at code_begin+1584 in an Interpreter codelet
invoke return entry points  [0x00007fa115016380, 0x00007fa115017540]  4544 bytes
stack at sp + 1 slots: 0x00007fa1242bd000 is a thread
stack at sp + 2 slots: 0x00007fa0eb4cc7b0 is pointing into the stack for thread: 0x00007fa1242bd000
stack at sp + 3 slots: 0x00007fa12c0d7537: <offset 0x0000000000689537> in /home/dmitry/Downloads/LOOM/loom/build/linux-x86_64-server-release/jdk/lib/server/libjvm.so at 0x00007fa12ba4e000
stack at sp + 4 slots: 0x00007fa1242bd000 is a thread
stack at sp + 5 slots: 0x00007fa0eb4ca2c0 is pointing into the stack for thread: 0x00007fa1242bd000
stack at sp + 6 slots: 0x0 is NULL
stack at sp + 7 slots: 0x00007fa12d0ca220: <offset 0x000000000167c220> in /home/dmitry/Downloads/LOOM/loom/build/linux-x86_64-server-release/jdk/lib/server/libjvm.so at 0x00007fa12ba4e000


---------------  P R O C E S S  ---------------

Threads class SMR info:
_java_thread_list=0x00007fa0f0002760, length=13, elements={
0x00007fa12413b000, 0x00007fa12413e000, 0x00007fa124160000, 0x00007fa124165000,
0x00007fa124167000, 0x00007fa124168800, 0x00007fa1241a1800, 0x00007fa1242a0000,
0x00007fa1242b6800, 0x00007fa1242bd000, 0x00007fa1242be800, 0x00007fa124016800,
0x00007fa0f0001000
}

Java Threads: ( => current thread )
  0x00007fa12413b000 JavaThread "Reference Handler" daemon [_thread_blocked, id=16496, stack(0x00007fa110c75000,0x00007fa110d76000)]
  0x00007fa12413e000 JavaThread "Finalizer" daemon [_thread_blocked, id=16497, stack(0x00007fa110b74000,0x00007fa110c75000)]
  0x00007fa124160000 JavaThread "Signal Dispatcher" daemon [_thread_blocked, id=16500, stack(0x00007fa1100a4000,0x00007fa1101a5000)]
  0x00007fa124165000 JavaThread "C2 CompilerThread0" daemon [_thread_blocked, id=16501, stack(0x00007fa0ebeff000,0x00007fa0ec000000)]
  0x00007fa124167000 JavaThread "C1 CompilerThread0" daemon [_thread_blocked, id=16502, stack(0x00007fa0ebdfe000,0x00007fa0ebeff000)]
  0x00007fa124168800 JavaThread "Sweeper thread" daemon [_thread_blocked, id=16503, stack(0x00007fa0ebcfd000,0x00007fa0ebdfe000)]
  0x00007fa1241a1800 JavaThread "Common-Cleaner" daemon [_thread_blocked, id=16504, stack(0x00007fa0eb7d2000,0x00007fa0eb8d3000)]
  0x00007fa1242a0000 JavaThread "Service Thread" daemon [_thread_blocked, id=16507, stack(0x00007fa0eb6d1000,0x00007fa0eb7d2000)]
  0x00007fa1242b6800 JavaThread "Monitor Ctrl-Break" daemon [_thread_in_native, id=16509, stack(0x00007fa0eb4ce000,0x00007fa0eb5cf000)]
=>0x00007fa1242bd000 JavaThread "Thread-1" [_thread_in_vm, id=16510, stack(0x00007fa0eb3cd000,0x00007fa0eb4ce000)]
  0x00007fa1242be800 JavaThread "Thread-0" [_thread_blocked, id=16511, stack(0x00007fa0eb0c9000,0x00007fa0eb1ca000)]
  0x00007fa124016800 JavaThread "DestroyJavaVM" [_thread_blocked, id=16487, stack(0x00007fa12de52000,0x00007fa12df53000)]
  0x00007fa0f0001000 JavaThread "Attach Listener" daemon [_thread_blocked, id=16512, stack(0x00007fa0eafc8000,0x00007fa0eb0c9000)]

Other Threads:
  0x00007fa12412e800 VMThread "VM Thread" [stack: 0x00007fa110d78000,0x00007fa110e78000] [id=16495] _threads_hazard_ptr=0x00007fa0f0002760
  0x00007fa1242a5800 WatcherThread [stack: 0x00007fa0eb5d1000,0x00007fa0eb6d1000] [id=16508]
  0x00007fa12405a800 GCTaskThread "GC Thread#0" [stack: 0x00007fa1283b5000,0x00007fa1284b5000] [id=16489]
  0x00007fa124064000 ConcurrentGCThread "G1 Main Marker" [stack: 0x00007fa1282b3000,0x00007fa1283b3000] [id=16490]
  0x00007fa124066000 ConcurrentGCThread "G1 Conc#0" [stack: 0x00007fa1281b1000,0x00007fa1282b1000] [id=16491]
  0x00007fa1240ba000 ConcurrentGCThread "G1 Refine#0" [stack: 0x00007fa1117fd000,0x00007fa1118fd000] [id=16492]
  0x00007fa1240bc000 ConcurrentGCThread "G1 Young RemSet Sampling" [stack: 0x00007fa1116fb000,0x00007fa1117fb000] [id=16493]

Threads with active compile tasks:

VM state:synchronizing (normal execution)

VM Mutex/Monitor currently owned by a thread:  ([mutex/lock_event])
[0x00007fa124011ce0] Threads_lock - owner thread: 0x00007fa12412e800

Heap address: 0x00000000b0000000, size: 1280 MB, Compressed Oops mode: 32-bit
Narrow klass base: 0x0000000000000000, Narrow klass shift: 3
Compressed class space size: 1073741824 Address: 0x0000000100000000

Heap:
 garbage-first heap   total 81920K, used 8192K [0x00000000b0000000, 0x0000000100000000)
  region size 1024K, 9 young (9216K), 0 survivors (0K)
 Metaspace       used 8265K, capacity 8387K, committed 8576K, reserved 1056768K
  class space    used 731K, capacity 794K, committed 896K, reserved 1048576K
Heap Regions: E=young(eden), S=young(survivor), O=old, HS=humongous(starts), HC=humongous(continues), CS=collection set, F=free, A=archive, TAMS=top-at-mark-start (previous, next)
|   0|0x00000000b0000000, 0x00000000b0000000, 0x00000000b0100000|  0%| F|  |TAMS 0x00000000b0000000, 0x00000000b0000000| Untracked 
|   1|0x00000000b0100000, 0x00000000b0100000, 0x00000000b0200000|  0%| F|  |TAMS 0x00000000b0100000, 0x00000000b0100000| Untracked 
|   2|0x00000000b0200000, 0x00000000b0200000, 0x00000000b0300000|  0%| F|  |TAMS 0x00000000b0200000, 0x00000000b0200000| Untracked 
|   3|0x00000000b0300000, 0x00000000b0300000, 0x00000000b0400000|  0%| F|  |TAMS 0x00000000b0300000, 0x00000000b0300000| Untracked 
|   4|0x00000000b0400000, 0x00000000b0400000, 0x00000000b0500000|  0%| F|  |TAMS 0x00000000b0400000, 0x00000000b0400000| Untracked 
|   5|0x00000000b0500000, 0x00000000b0500000, 0x00000000b0600000|  0%| F|  |TAMS 0x00000000b0500000, 0x00000000b0500000| Untracked 
|   6|0x00000000b0600000, 0x00000000b0600000, 0x00000000b0700000|  0%| F|  |TAMS 0x00000000b0600000, 0x00000000b0600000| Untracked 
|   7|0x00000000b0700000, 0x00000000b0700000, 0x00000000b0800000|  0%| F|  |TAMS 0x00000000b0700000, 0x00000000b0700000| Untracked 
|   8|0x00000000b0800000, 0x00000000b0800000, 0x00000000b0900000|  0%| F|  |TAMS 0x00000000b0800000, 0x00000000b0800000| Untracked 
|   9|0x00000000b0900000, 0x00000000b0900000, 0x00000000b0a00000|  0%| F|  |TAMS 0x00000000b0900000, 0x00000000b0900000| Untracked 
|  10|0x00000000b0a00000, 0x00000000b0a00000, 0x00000000b0b00000|  0%| F|  |TAMS 0x00000000b0a00000, 0x00000000b0a00000| Untracked 
|  11|0x00000000b0b00000, 0x00000000b0b00000, 0x00000000b0c00000|  0%| F|  |TAMS 0x00000000b0b00000, 0x00000000b0b00000| Untracked 
|  12|0x00000000b0c00000, 0x00000000b0c00000, 0x00000000b0d00000|  0%| F|  |TAMS 0x00000000b0c00000, 0x00000000b0c00000| Untracked 
|  13|0x00000000b0d00000, 0x00000000b0d00000, 0x00000000b0e00000|  0%| F|  |TAMS 0x00000000b0d00000, 0x00000000b0d00000| Untracked 
|  14|0x00000000b0e00000, 0x00000000b0e00000, 0x00000000b0f00000|  0%| F|  |TAMS 0x00000000b0e00000, 0x00000000b0e00000| Untracked 
|  15|0x00000000b0f00000, 0x00000000b0f00000, 0x00000000b1000000|  0%| F|  |TAMS 0x00000000b0f00000, 0x00000000b0f00000| Untracked 
|  16|0x00000000b1000000, 0x00000000b1000000, 0x00000000b1100000|  0%| F|  |TAMS 0x00000000b1000000, 0x00000000b1000000| Untracked 
|  17|0x00000000b1100000, 0x00000000b1100000, 0x00000000b1200000|  0%| F|  |TAMS 0x00000000b1100000, 0x00000000b1100000| Untracked 
|  18|0x00000000b1200000, 0x00000000b1200000, 0x00000000b1300000|  0%| F|  |TAMS 0x00000000b1200000, 0x00000000b1200000| Untracked 
|  19|0x00000000b1300000, 0x00000000b1300000, 0x00000000b1400000|  0%| F|  |TAMS 0x00000000b1300000, 0x00000000b1300000| Untracked 
|  20|0x00000000b1400000, 0x00000000b1400000, 0x00000000b1500000|  0%| F|  |TAMS 0x00000000b1400000, 0x00000000b1400000| Untracked 
|  21|0x00000000b1500000, 0x00000000b1500000, 0x00000000b1600000|  0%| F|  |TAMS 0x00000000b1500000, 0x00000000b1500000| Untracked 
|  22|0x00000000b1600000, 0x00000000b1600000, 0x00000000b1700000|  0%| F|  |TAMS 0x00000000b1600000, 0x00000000b1600000| Untracked 
|  23|0x00000000b1700000, 0x00000000b1700000, 0x00000000b1800000|  0%| F|  |TAMS 0x00000000b1700000, 0x00000000b1700000| Untracked 
|  24|0x00000000b1800000, 0x00000000b1800000, 0x00000000b1900000|  0%| F|  |TAMS 0x00000000b1800000, 0x00000000b1800000| Untracked 
|  25|0x00000000b1900000, 0x00000000b1900000, 0x00000000b1a00000|  0%| F|  |TAMS 0x00000000b1900000, 0x00000000b1900000| Untracked 
|  26|0x00000000b1a00000, 0x00000000b1a00000, 0x00000000b1b00000|  0%| F|  |TAMS 0x00000000b1a00000, 0x00000000b1a00000| Untracked 
|  27|0x00000000b1b00000, 0x00000000b1b00000, 0x00000000b1c00000|  0%| F|  |TAMS 0x00000000b1b00000, 0x00000000b1b00000| Untracked 
|  28|0x00000000b1c00000, 0x00000000b1c00000, 0x00000000b1d00000|  0%| F|  |TAMS 0x00000000b1c00000, 0x00000000b1c00000| Untracked 
|  29|0x00000000b1d00000, 0x00000000b1d00000, 0x00000000b1e00000|  0%| F|  |TAMS 0x00000000b1d00000, 0x00000000b1d00000| Untracked 
|  30|0x00000000b1e00000, 0x00000000b1e00000, 0x00000000b1f00000|  0%| F|  |TAMS 0x00000000b1e00000, 0x00000000b1e00000| Untracked 
|  31|0x00000000b1f00000, 0x00000000b1f00000, 0x00000000b2000000|  0%| F|  |TAMS 0x00000000b1f00000, 0x00000000b1f00000| Untracked 
|  32|0x00000000b2000000, 0x00000000b2000000, 0x00000000b2100000|  0%| F|  |TAMS 0x00000000b2000000, 0x00000000b2000000| Untracked 
|  33|0x00000000b2100000, 0x00000000b2100000, 0x00000000b2200000|  0%| F|  |TAMS 0x00000000b2100000, 0x00000000b2100000| Untracked 
|  34|0x00000000b2200000, 0x00000000b2200000, 0x00000000b2300000|  0%| F|  |TAMS 0x00000000b2200000, 0x00000000b2200000| Untracked 
|  35|0x00000000b2300000, 0x00000000b2300000, 0x00000000b2400000|  0%| F|  |TAMS 0x00000000b2300000, 0x00000000b2300000| Untracked 
|  36|0x00000000b2400000, 0x00000000b2400000, 0x00000000b2500000|  0%| F|  |TAMS 0x00000000b2400000, 0x00000000b2400000| Untracked 
|  37|0x00000000b2500000, 0x00000000b2500000, 0x00000000b2600000|  0%| F|  |TAMS 0x00000000b2500000, 0x00000000b2500000| Untracked 
|  38|0x00000000b2600000, 0x00000000b2600000, 0x00000000b2700000|  0%| F|  |TAMS 0x00000000b2600000, 0x00000000b2600000| Untracked 
|  39|0x00000000b2700000, 0x00000000b2700000, 0x00000000b2800000|  0%| F|  |TAMS 0x00000000b2700000, 0x00000000b2700000| Untracked 
|  40|0x00000000b2800000, 0x00000000b2800000, 0x00000000b2900000|  0%| F|  |TAMS 0x00000000b2800000, 0x00000000b2800000| Untracked 
|  41|0x00000000b2900000, 0x00000000b2900000, 0x00000000b2a00000|  0%| F|  |TAMS 0x00000000b2900000, 0x00000000b2900000| Untracked 
|  42|0x00000000b2a00000, 0x00000000b2a00000, 0x00000000b2b00000|  0%| F|  |TAMS 0x00000000b2a00000, 0x00000000b2a00000| Untracked 
|  43|0x00000000b2b00000, 0x00000000b2b00000, 0x00000000b2c00000|  0%| F|  |TAMS 0x00000000b2b00000, 0x00000000b2b00000| Untracked 
|  44|0x00000000b2c00000, 0x00000000b2c00000, 0x00000000b2d00000|  0%| F|  |TAMS 0x00000000b2c00000, 0x00000000b2c00000| Untracked 
|  45|0x00000000b2d00000, 0x00000000b2d00000, 0x00000000b2e00000|  0%| F|  |TAMS 0x00000000b2d00000, 0x00000000b2d00000| Untracked 
|  46|0x00000000b2e00000, 0x00000000b2e00000, 0x00000000b2f00000|  0%| F|  |TAMS 0x00000000b2e00000, 0x00000000b2e00000| Untracked 
|  47|0x00000000b2f00000, 0x00000000b2f00000, 0x00000000b3000000|  0%| F|  |TAMS 0x00000000b2f00000, 0x00000000b2f00000| Untracked 
|  48|0x00000000b3000000, 0x00000000b3000000, 0x00000000b3100000|  0%| F|  |TAMS 0x00000000b3000000, 0x00000000b3000000| Untracked 
|  49|0x00000000b3100000, 0x00000000b3100000, 0x00000000b3200000|  0%| F|  |TAMS 0x00000000b3100000, 0x00000000b3100000| Untracked 
|  50|0x00000000b3200000, 0x00000000b3200000, 0x00000000b3300000|  0%| F|  |TAMS 0x00000000b3200000, 0x00000000b3200000| Untracked 
|  51|0x00000000b3300000, 0x00000000b3300000, 0x00000000b3400000|  0%| F|  |TAMS 0x00000000b3300000, 0x00000000b3300000| Untracked 
|  52|0x00000000b3400000, 0x00000000b3400000, 0x00000000b3500000|  0%| F|  |TAMS 0x00000000b3400000, 0x00000000b3400000| Untracked 
|  53|0x00000000b3500000, 0x00000000b3500000, 0x00000000b3600000|  0%| F|  |TAMS 0x00000000b3500000, 0x00000000b3500000| Untracked 
|  54|0x00000000b3600000, 0x00000000b3600000, 0x00000000b3700000|  0%| F|  |TAMS 0x00000000b3600000, 0x00000000b3600000| Untracked 
|  55|0x00000000b3700000, 0x00000000b3700000, 0x00000000b3800000|  0%| F|  |TAMS 0x00000000b3700000, 0x00000000b3700000| Untracked 
|  56|0x00000000b3800000, 0x00000000b3800000, 0x00000000b3900000|  0%| F|  |TAMS 0x00000000b3800000, 0x00000000b3800000| Untracked 
|  57|0x00000000b3900000, 0x00000000b3900000, 0x00000000b3a00000|  0%| F|  |TAMS 0x00000000b3900000, 0x00000000b3900000| Untracked 
|  58|0x00000000b3a00000, 0x00000000b3a00000, 0x00000000b3b00000|  0%| F|  |TAMS 0x00000000b3a00000, 0x00000000b3a00000| Untracked 
|  59|0x00000000b3b00000, 0x00000000b3b00000, 0x00000000b3c00000|  0%| F|  |TAMS 0x00000000b3b00000, 0x00000000b3b00000| Untracked 
|  60|0x00000000b3c00000, 0x00000000b3c00000, 0x00000000b3d00000|  0%| F|  |TAMS 0x00000000b3c00000, 0x00000000b3c00000| Untracked 
|  61|0x00000000b3d00000, 0x00000000b3d00000, 0x00000000b3e00000|  0%| F|  |TAMS 0x00000000b3d00000, 0x00000000b3d00000| Untracked 
|  62|0x00000000b3e00000, 0x00000000b3e00000, 0x00000000b3f00000|  0%| F|  |TAMS 0x00000000b3e00000, 0x00000000b3e00000| Untracked 
|  63|0x00000000b3f00000, 0x00000000b3f00000, 0x00000000b4000000|  0%| F|  |TAMS 0x00000000b3f00000, 0x00000000b3f00000| Untracked 
|  64|0x00000000b4000000, 0x00000000b4000000, 0x00000000b4100000|  0%| F|  |TAMS 0x00000000b4000000, 0x00000000b4000000| Untracked 
|  65|0x00000000b4100000, 0x00000000b4100000, 0x00000000b4200000|  0%| F|  |TAMS 0x00000000b4100000, 0x00000000b4100000| Untracked 
|  66|0x00000000b4200000, 0x00000000b4200000, 0x00000000b4300000|  0%| F|  |TAMS 0x00000000b4200000, 0x00000000b4200000| Untracked 
|  67|0x00000000b4300000, 0x00000000b4300000, 0x00000000b4400000|  0%| F|  |TAMS 0x00000000b4300000, 0x00000000b4300000| Untracked 
|  68|0x00000000b4400000, 0x00000000b4400000, 0x00000000b4500000|  0%| F|  |TAMS 0x00000000b4400000, 0x00000000b4400000| Untracked 
|  69|0x00000000b4500000, 0x00000000b4500000, 0x00000000b4600000|  0%| F|  |TAMS 0x00000000b4500000, 0x00000000b4500000| Untracked 
|  70|0x00000000b4600000, 0x00000000b4600000, 0x00000000b4700000|  0%| F|  |TAMS 0x00000000b4600000, 0x00000000b4600000| Untracked 
|  71|0x00000000b4700000, 0x00000000b47d9e70, 0x00000000b4800000| 85%| E|  |TAMS 0x00000000b4700000, 0x00000000b4700000| Complete 
|  72|0x00000000b4800000, 0x00000000b4900000, 0x00000000b4900000|100%| E|CS|TAMS 0x00000000b4800000, 0x00000000b4800000| Complete 
|  73|0x00000000b4900000, 0x00000000b4a00000, 0x00000000b4a00000|100%| E|CS|TAMS 0x00000000b4900000, 0x00000000b4900000| Complete 
|  74|0x00000000b4a00000, 0x00000000b4b00000, 0x00000000b4b00000|100%| E|CS|TAMS 0x00000000b4a00000, 0x00000000b4a00000| Complete 
|  75|0x00000000b4b00000, 0x00000000b4c00000, 0x00000000b4c00000|100%| E|CS|TAMS 0x00000000b4b00000, 0x00000000b4b00000| Complete 
|  76|0x00000000b4c00000, 0x00000000b4d00000, 0x00000000b4d00000|100%| E|CS|TAMS 0x00000000b4c00000, 0x00000000b4c00000| Complete 
|  77|0x00000000b4d00000, 0x00000000b4e00000, 0x00000000b4e00000|100%| E|CS|TAMS 0x00000000b4d00000, 0x00000000b4d00000| Complete 
|  78|0x00000000b4e00000, 0x00000000b4f00000, 0x00000000b4f00000|100%| E|CS|TAMS 0x00000000b4e00000, 0x00000000b4e00000| Complete 
|  79|0x00000000b4f00000, 0x00000000b5000000, 0x00000000b5000000|100%| E|CS|TAMS 0x00000000b4f00000, 0x00000000b4f00000| Complete 

Card table byte_map: [0x00007fa129b35000,0x00007fa129db5000] _byte_map_base: 0x00007fa1295b5000

Marking Bits (Prev, Next): (CMBitMap*) 0x00007fa12405b9d8, (CMBitMap*) 0x00007fa12405ba18
 Prev Bits: [0x00007fa1284b5000, 0x00007fa1298b5000)
 Next Bits: [0x00007fa113c00000, 0x00007fa115000000)

Polling page: 0x00007fa12df66000

Metaspace:

Usage:
  Non-class:      7,42 MB capacity,     7,36 MB (>99%) used,    46,36 KB ( <1%) free+waste,    12,19 KB ( <1%) overhead. 
      Class:    794,00 KB capacity,   731,23 KB ( 92%) used,    56,84 KB (  7%) free+waste,     5,94 KB ( <1%) overhead. 
       Both:      8,19 MB capacity,     8,07 MB ( 99%) used,   103,20 KB (  1%) free+waste,    18,12 KB ( <1%) overhead. 

Virtual space:
  Non-class space:        8,00 MB reserved,       7,50 MB ( 94%) committed 
      Class space:        1,00 GB reserved,     896,00 KB ( <1%) committed 
             Both:        1,01 GB reserved,       8,38 MB ( <1%) committed 

Chunk freelists:
   Non-Class:  51,00 KB
       Class:  6,00 KB
        Both:  57,00 KB

MaxMetaspaceSize: unlimited
CompressedClassSpaceSize: 1,00 GB

CodeHeap 'non-profiled nmethods': size=120032Kb used=168Kb max_used=168Kb free=119863Kb
 bounds [0x00007fa11cac8000, 0x00007fa11cd38000, 0x00007fa124000000]
CodeHeap 'profiled nmethods': size=120032Kb used=918Kb max_used=918Kb free=119113Kb
 bounds [0x00007fa115590000, 0x00007fa115800000, 0x00007fa11cac8000]
CodeHeap 'non-nmethods': size=5696Kb used=1116Kb max_used=1128Kb free=4579Kb
 bounds [0x00007fa115000000, 0x00007fa115270000, 0x00007fa115590000]
 total_blobs=1047 nmethods=584 adapters=257
 compilation: enabled
              stopped_count=0, restarted_count=0
 full_count=0

Compilation events (10 events):
Event: 1,520 Thread 0x00007fa124167000  591       3       java.util.LinkedHashMap::linkNodeLast (33 bytes)
Event: 1,520 Thread 0x00007fa124167000 nmethod 591 0x00007fa115674590 code [0x00007fa115674740, 0x00007fa115674a70]
Event: 1,520 Thread 0x00007fa124167000  592       3       java.util.LinkedHashMap::afterNodeInsertion (40 bytes)
Event: 1,520 Thread 0x00007fa124167000 nmethod 592 0x00007fa115674b90 code [0x00007fa115674d40, 0x00007fa115674f70]
Event: 1,538 Thread 0x00007fa124167000  593       3       jdk.internal.misc.Unsafe::putReferenceRelease (9 bytes)
Event: 1,538 Thread 0x00007fa124167000 nmethod 593 0x00007fa115675010 code [0x00007fa1156751c0, 0x00007fa115675370]
Event: 1,539 Thread 0x00007fa124167000  595       3       java.util.concurrent.ConcurrentHashMap::setTabAt (20 bytes)
Event: 1,539 Thread 0x00007fa124167000 nmethod 595 0x00007fa115675410 code [0x00007fa1156755c0, 0x00007fa115675890]
Event: 1,543 Thread 0x00007fa124165000  596       4       java.util.Arrays::copyOfRange (64 bytes)
Event: 1,549 Thread 0x00007fa124165000 nmethod 596 0x00007fa11caf1c10 code [0x00007fa11caf1da0, 0x00007fa11caf2098]

GC Heap History (0 events):
No events

Deoptimization events (2 events):
Event: 1,011 Thread 0x00007fa124016800 Uncommon trap: reason=unstable_if action=reinterpret pc=0x00007fa11cadc098 method=java.util.HashMap.putVal(ILjava/lang/Object;Ljava/lang/Object;ZZ)Ljava/lang/Object; @ 236 c2
Event: 1,461 Thread 0x00007fa0f0001000 Uncommon trap: reason=class_check action=maybe_recompile pc=0x00007fa11cae57a4 method=java.io.BufferedInputStream.read([BII)I @ 101 c2

Classes unloaded (0 events):
No events

Classes redefined (0 events):
No events

Internal exceptions (10 events):
Event: 0,684 Thread 0x00007fa124016800 Exception <a 'java/lang/NoSuchMethodError'{0x00000000b4c0fbd8}: 'java.lang.Object java.lang.invoke.DirectMethodHandle$Holder.invokeInterface(java.lang.Object, java.lang.Object)'> (0x00000000b4c0fbd8) 
thrown [/home/dmitry/Downloads/LOOM/loom/src/hotspot/share/interpreter/linkResolver.cpp, line 768]
for thread 0x00007fa124016800
Event: 0,689 Thread 0x00007fa124016800 Exception <a 'java/lang/NoSuchMethodError'{0x00000000b4c167a0}: 'int java.lang.invoke.DirectMethodHandle$Holder.invokeStatic(java.lang.Object, java.lang.Object)'> (0x00000000b4c167a0) 
thrown [/home/dmitry/Downloads/LOOM/loom/src/hotspot/share/interpreter/linkResolver.cpp, line 768]
for thread 0x00007fa124016800
Event: 0,693 Thread 0x00007fa124016800 Exception <a 'java/lang/NoSuchMethodError'{0x00000000b4c20de0}: 'java.lang.Object java.lang.invoke.DirectMethodHandle$Holder.invokeVirtual(java.lang.Object, java.lang.Object)'> (0x00000000b4c20de0) 
thrown [/home/dmitry/Downloads/LOOM/loom/src/hotspot/share/interpreter/linkResolver.cpp, line 768]
for thread 0x00007fa124016800
Event: 0,697 Thread 0x00007fa124016800 Exception <a 'java/lang/NoSuchMethodError'{0x00000000b4c289a8}: 'int java.lang.invoke.DirectMethodHandle$Holder.invokeSpecial(java.lang.Object, java.lang.Object)'> (0x00000000b4c289a8) 
thrown [/home/dmitry/Downloads/LOOM/loom/src/hotspot/share/interpreter/linkResolver.cpp, line 768]
for thread 0x00007fa124016800
Event: 0,891 Thread 0x00007fa124016800 Exception <a 'java/lang/NoSuchMethodError'{0x00000000b4ab95e8}: 'void java.lang.invoke.DirectMethodHandle$Holder.invokeStatic(java.lang.Object, java.lang.Object, java.lang.Object)'> (0x00000000b4ab95e8) 
thrown [/home/dmitry/Downloads/LOOM/loom/src/hotspot/share/interpreter/linkResolver.cpp, line 768]
for thread 0x00007fa124016800
Event: 0,921 Thread 0x00007fa124016800 Exception <a 'java/lang/NoSuchMethodError'{0x00000000b4ae4ba0}: 'java.lang.Object java.lang.invoke.Invokers$Holder.linkToTargetMethod(java.lang.Object, java.lang.Object, java.lang.Object, java.lang.Object)'> (0x00000000b4ae4ba0) 
thrown [/home/dmitry/Downloads/LOOM/loom/src/hotspot/share/interpreter/linkResolver.cpp, line 768]
for thread 0x00007fa124016800
Event: 1,141 Thread 0x00007fa124016800 Exception <a 'java/lang/NoSuchMethodError'{0x00000000b48185a0}: 'void java.lang.invoke.DirectMethodHandle$Holder.invokeStatic(java.lang.Object)'> (0x00000000b48185a0) 
thrown [/home/dmitry/Downloads/LOOM/loom/src/hotspot/share/interpreter/linkResolver.cpp, line 768]
for thread 0x00007fa124016800
Event: 1,143 Thread 0x00007fa124016800 Exception <a 'java/lang/NoSuchMethodError'{0x00000000b481cce8}: 'void java.lang.invoke.DirectMethodHandle$Holder.invokeSpecial(java.lang.Object, java.lang.Object)'> (0x00000000b481cce8) 
thrown [/home/dmitry/Downloads/LOOM/loom/src/hotspot/share/interpreter/linkResolver.cpp, line 768]
for thread 0x00007fa124016800
Event: 1,144 Thread 0x00007fa1242b6800 Exception <a 'java/lang/NoSuchMethodError'{0x00000000b49dc4c0}: 'java.lang.Object java.lang.invoke.DirectMethodHandle$Holder.invokeStatic(java.lang.Object)'> (0x00000000b49dc4c0) 
thrown [/home/dmitry/Downloads/LOOM/loom/src/hotspot/share/interpreter/linkResolver.cpp, line 768]
for thread 0x00007fa1242b6800
Event: 1,144 Thread 0x00007fa1242b6800 Exception <a 'java/lang/NoSuchMethodError'{0x00000000b49df2d8}: 'java.lang.Object java.lang.invoke.DirectMethodHandle$Holder.invokeStaticInit(java.lang.Object)'> (0x00000000b49df2d8) 
thrown [/home/dmitry/Downloads/LOOM/loom/src/hotspot/share/interpreter/linkResolver.cpp, line 768]
for thread 0x00007fa1242b6800

Events (10 events):
Event: 1,508 loading class sun/util/resources/Bundles$CacheKeyReference done
Event: 1,508 loading class sun/util/resources/Bundles$BundleReference done
Event: 1,508 loading class sun/util/resources/cldr/TimeZoneNames_en
Event: 1,512 loading class sun/util/resources/cldr/TimeZoneNames_en done
Event: 1,513 loading class sun/util/resources/cldr/TimeZoneNames_en_US
Event: 1,513 loading class sun/util/resources/cldr/TimeZoneNames_en_US done
Event: 1,520 loading class java/util/LinkedHashMap$LinkedKeySet
Event: 1,520 loading class java/util/LinkedHashMap$LinkedKeySet done
Event: 1,520 loading class sun/util/locale/provider/LocaleResources$ResourceReference
Event: 1,520 loading class sun/util/locale/provider/LocaleResources$ResourceReference done


Dynamic libraries:
b0000000-b5000000 rw-p 00000000 00:00 0 
b5000000-100000000 ---p 00000000 00:00 0 
100000000-1000e0000 rw-p 00000000 00:00 0 
1000e0000-140000000 ---p 00000000 00:00 0 
55804e282000-55804e283000 r-xp 00000000 08:01 2636358                    /home/dmitry/Downloads/LOOM/loom/build/linux-x86_64-server-release/jdk/bin/java
55804e483000-55804e484000 r--p 00001000 08:01 2636358                    /home/dmitry/Downloads/LOOM/loom/build/linux-x86_64-server-release/jdk/bin/java
55804e484000-55804e485000 rw-p 00002000 08:01 2636358                    /home/dmitry/Downloads/LOOM/loom/build/linux-x86_64-server-release/jdk/bin/java
55804e53d000-55804e55e000 rw-p 00000000 00:00 0                          [heap]
7fa0bc000000-7fa0bc048000 rw-p 00000000 00:00 0 
7fa0bc048000-7fa0c0000000 ---p 00000000 00:00 0 
7fa0c4000000-7fa0c4021000 rw-p 00000000 00:00 0 
7fa0c4021000-7fa0c8000000 ---p 00000000 00:00 0 
7fa0c8000000-7fa0c8021000 rw-p 00000000 00:00 0 
7fa0c8021000-7fa0cc000000 ---p 00000000 00:00 0 
7fa0cc000000-7fa0cc021000 rw-p 00000000 00:00 0 
7fa0cc021000-7fa0d0000000 ---p 00000000 00:00 0 
7fa0d0000000-7fa0d0021000 rw-p 00000000 00:00 0 
7fa0d0021000-7fa0d4000000 ---p 00000000 00:00 0 
7fa0d4000000-7fa0d4021000 rw-p 00000000 00:00 0 
7fa0d4021000-7fa0d8000000 ---p 00000000 00:00 0 
7fa0d8000000-7fa0d8021000 rw-p 00000000 00:00 0 
7fa0d8021000-7fa0dc000000 ---p 00000000 00:00 0 
7fa0dc000000-7fa0dc37e000 rw-p 00000000 00:00 0 
7fa0dc37e000-7fa0e0000000 ---p 00000000 00:00 0 
7fa0e0000000-7fa0e0021000 rw-p 00000000 00:00 0 
7fa0e0021000-7fa0e4000000 ---p 00000000 00:00 0 
7fa0e4000000-7fa0e4456000 rw-p 00000000 00:00 0 
7fa0e4456000-7fa0e8000000 ---p 00000000 00:00 0 
7fa0eabcd000-7fa0eafc8000 rw-p 00000000 00:00 0 
7fa0eafc8000-7fa0eafcc000 ---p 00000000 00:00 0 
7fa0eafcc000-7fa0eb0c9000 rw-p 00000000 00:00 0 
7fa0eb0c9000-7fa0eb0cd000 ---p 00000000 00:00 0 
7fa0eb0cd000-7fa0eb1ca000 rw-p 00000000 00:00 0 
7fa0eb1ca000-7fa0eb1cc000 r-xp 00000000 08:01 2766826                    /home/dmitry/Downloads/LOOM/loom/build/linux-x86_64-server-release/jdk/lib/libextnet.so
7fa0eb1cc000-7fa0eb3cb000 ---p 00002000 08:01 2766826                    /home/dmitry/Downloads/LOOM/loom/build/linux-x86_64-server-release/jdk/lib/libextnet.so
7fa0eb3cb000-7fa0eb3cc000 r--p 00001000 08:01 2766826                    /home/dmitry/Downloads/LOOM/loom/build/linux-x86_64-server-release/jdk/lib/libextnet.so
7fa0eb3cc000-7fa0eb3cd000 rw-p 00002000 08:01 2766826                    /home/dmitry/Downloads/LOOM/loom/build/linux-x86_64-server-release/jdk/lib/libextnet.so
7fa0eb3cd000-7fa0eb3d1000 ---p 00000000 00:00 0 
7fa0eb3d1000-7fa0eb4ce000 rw-p 00000000 00:00 0 
7fa0eb4ce000-7fa0eb4d2000 ---p 00000000 00:00 0 
7fa0eb4d2000-7fa0eb5cf000 rw-p 00000000 00:00 0 
7fa0eb5cf000-7fa0eb5d0000 ---p 00000000 00:00 0 
7fa0eb5d0000-7fa0eb6d1000 rw-p 00000000 00:00 0 
7fa0eb6d1000-7fa0eb6d5000 ---p 00000000 00:00 0 
7fa0eb6d5000-7fa0eb7d2000 rw-p 00000000 00:00 0 
7fa0eb7d2000-7fa0eb7d6000 ---p 00000000 00:00 0 
7fa0eb7d6000-7fa0eb8d3000 rw-p 00000000 00:00 0 
7fa0eb8d3000-7fa0eb8e9000 r-xp 00000000 08:01 2766661                    /home/dmitry/Downloads/LOOM/loom/build/linux-x86_64-server-release/jdk/lib/libnet.so
7fa0eb8e9000-7fa0ebae9000 ---p 00016000 08:01 2766661                    /home/dmitry/Downloads/LOOM/loom/build/linux-x86_64-server-release/jdk/lib/libnet.so
7fa0ebae9000-7fa0ebaea000 r--p 00016000 08:01 2766661                    /home/dmitry/Downloads/LOOM/loom/build/linux-x86_64-server-release/jdk/lib/libnet.so
7fa0ebaea000-7fa0ebaeb000 rw-p 00017000 08:01 2766661                    /home/dmitry/Downloads/LOOM/loom/build/linux-x86_64-server-release/jdk/lib/libnet.so
7fa0ebaeb000-7fa0ebafc000 r-xp 00000000 08:01 2766664                    /home/dmitry/Downloads/LOOM/loom/build/linux-x86_64-server-release/jdk/lib/libnio.so
7fa0ebafc000-7fa0ebcfb000 ---p 00011000 08:01 2766664                    /home/dmitry/Downloads/LOOM/loom/build/linux-x86_64-server-release/jdk/lib/libnio.so
7fa0ebcfb000-7fa0ebcfc000 r--p 00010000 08:01 2766664                    /home/dmitry/Downloads/LOOM/loom/build/linux-x86_64-server-release/jdk/lib/libnio.so
7fa0ebcfc000-7fa0ebcfd000 rw-p 00011000 08:01 2766664                    /home/dmitry/Downloads/LOOM/loom/build/linux-x86_64-server-release/jdk/lib/libnio.so
7fa0ebcfd000-7fa0ebd01000 ---p 00000000 00:00 0 
7fa0ebd01000-7fa0ebdfe000 rw-p 00000000 00:00 0 
7fa0ebdfe000-7fa0ebe02000 ---p 00000000 00:00 0 
7fa0ebe02000-7fa0ebeff000 rw-p 00000000 00:00 0 
7fa0ebeff000-7fa0ebf03000 ---p 00000000 00:00 0 
7fa0ebf03000-7fa0ec000000 rw-p 00000000 00:00 0 
7fa0ec000000-7fa0ec021000 rw-p 00000000 00:00 0 
7fa0ec021000-7fa0f0000000 ---p 00000000 00:00 0 
7fa0f0000000-7fa0f0021000 rw-p 00000000 00:00 0 
7fa0f0021000-7fa0f4000000 ---p 00000000 00:00 0 
7fa0f4000000-7fa0f4021000 rw-p 00000000 00:00 0 
7fa0f4021000-7fa0f8000000 ---p 00000000 00:00 0 
7fa0f8000000-7fa0f8021000 rw-p 00000000 00:00 0 
7fa0f8021000-7fa0fc000000 ---p 00000000 00:00 0 
7fa0fc000000-7fa0fc021000 rw-p 00000000 00:00 0 
7fa0fc021000-7fa100000000 ---p 00000000 00:00 0 
7fa100000000-7fa100021000 rw-p 00000000 00:00 0 
7fa100021000-7fa104000000 ---p 00000000 00:00 0 
7fa104000000-7fa104021000 rw-p 00000000 00:00 0 
7fa104021000-7fa108000000 ---p 00000000 00:00 0 
7fa108000000-7fa108021000 rw-p 00000000 00:00 0 
7fa108021000-7fa10c000000 ---p 00000000 00:00 0 
7fa10c000000-7fa10c021000 rw-p 00000000 00:00 0 
7fa10c021000-7fa110000000 ---p 00000000 00:00 0 
7fa1100a4000-7fa1100a8000 ---p 00000000 00:00 0 
7fa1100a8000-7fa1101a5000 rw-p 00000000 00:00 0 
7fa1101a5000-7fa110b74000 r--p 00000000 08:01 10230401                   /usr/lib/locale/locale-archive
7fa110b74000-7fa110b78000 ---p 00000000 00:00 0 
7fa110b78000-7fa110c75000 rw-p 00000000 00:00 0 
7fa110c75000-7fa110c79000 ---p 00000000 00:00 0 
7fa110c79000-7fa110d76000 rw-p 00000000 00:00 0 
7fa110d76000-7fa110d77000 ---p 00000000 00:00 0 
7fa110d77000-7fa111679000 rw-p 00000000 00:00 0 
7fa111679000-7fa1116f9000 ---p 00000000 00:00 0 
7fa1116f9000-7fa1116fa000 ---p 00000000 00:00 0 
7fa1116fa000-7fa1117fb000 rw-p 00000000 00:00 0 
7fa1117fb000-7fa1117fc000 ---p 00000000 00:00 0 
7fa1117fc000-7fa113d40000 rw-p 00000000 00:00 0 
7fa113d40000-7fa115000000 ---p 00000000 00:00 0 
7fa115000000-7fa115270000 rwxp 00000000 00:00 0 
7fa115270000-7fa115590000 ---p 00000000 00:00 0 
7fa115590000-7fa115800000 rwxp 00000000 00:00 0 
7fa115800000-7fa11cac8000 ---p 00000000 00:00 0 
7fa11cac8000-7fa11cd38000 rwxp 00000000 00:00 0 
7fa11cd38000-7fa124000000 ---p 00000000 00:00 0 
7fa124000000-7fa1242c6000 rw-p 00000000 00:00 0 
7fa1242c6000-7fa128000000 ---p 00000000 00:00 0 
7fa128022000-7fa1281af000 rw-p 00000000 00:00 0 
7fa1281af000-7fa1281b0000 ---p 00000000 00:00 0 
7fa1281b0000-7fa1282b1000 rw-p 00000000 00:00 0 
7fa1282b1000-7fa1282b2000 ---p 00000000 00:00 0 
7fa1282b2000-7fa1283b3000 rw-p 00000000 00:00 0 
7fa1283b3000-7fa1283b4000 ---p 00000000 00:00 0 
7fa1283b4000-7fa1285f5000 rw-p 00000000 00:00 0 
7fa1285f5000-7fa1298b5000 ---p 00000000 00:00 0 
7fa1298b5000-7fa1298dd000 rw-p 00000000 00:00 0 
7fa1298dd000-7fa129b35000 ---p 00000000 00:00 0 
7fa129b35000-7fa129b5d000 rw-p 00000000 00:00 0 
7fa129b5d000-7fa129db5000 ---p 00000000 00:00 0 
7fa129db5000-7fa129ddd000 rw-p 00000000 00:00 0 
7fa129ddd000-7fa12a035000 ---p 00000000 00:00 0 
7fa12a035000-7fa12a43e000 rw-p 00000000 00:00 0 
7fa12a43e000-7fa12a524000 ---p 00000000 00:00 0 
7fa12a524000-7fa12a529000 rw-p 00000000 00:00 0 
7fa12a529000-7fa12a60f000 ---p 00000000 00:00 0 
7fa12a60f000-7fa12a62a000 r-xp 00000000 08:01 2766660                    /home/dmitry/Downloads/LOOM/loom/build/linux-x86_64-server-release/jdk/lib/libjimage.so
7fa12a62a000-7fa12a829000 ---p 0001b000 08:01 2766660                    /home/dmitry/Downloads/LOOM/loom/build/linux-x86_64-server-release/jdk/lib/libjimage.so
7fa12a829000-7fa12a82b000 r--p 0001a000 08:01 2766660                    /home/dmitry/Downloads/LOOM/loom/build/linux-x86_64-server-release/jdk/lib/libjimage.so
7fa12a82b000-7fa12a82c000 rw-p 0001c000 08:01 2766660                    /home/dmitry/Downloads/LOOM/loom/build/linux-x86_64-server-release/jdk/lib/libjimage.so
7fa12a82c000-7fa12a833000 r-xp 00000000 08:01 2766657                    /home/dmitry/Downloads/LOOM/loom/build/linux-x86_64-server-release/jdk/lib/libzip.so
7fa12a833000-7fa12aa32000 ---p 00007000 08:01 2766657                    /home/dmitry/Downloads/LOOM/loom/build/linux-x86_64-server-release/jdk/lib/libzip.so
7fa12aa32000-7fa12aa33000 r--p 00006000 08:01 2766657                    /home/dmitry/Downloads/LOOM/loom/build/linux-x86_64-server-release/jdk/lib/libzip.so
7fa12aa33000-7fa12aa34000 rw-p 00007000 08:01 2766657                    /home/dmitry/Downloads/LOOM/loom/build/linux-x86_64-server-release/jdk/lib/libzip.so
7fa12aa34000-7fa12aa3f000 r-xp 00000000 08:01 1184572                    /lib/x86_64-linux-gnu/libnss_files-2.27.so
7fa12aa3f000-7fa12ac3e000 ---p 0000b000 08:01 1184572                    /lib/x86_64-linux-gnu/libnss_files-2.27.so
7fa12ac3e000-7fa12ac3f000 r--p 0000a000 08:01 1184572                    /lib/x86_64-linux-gnu/libnss_files-2.27.so
7fa12ac3f000-7fa12ac40000 rw-p 0000b000 08:01 1184572                    /lib/x86_64-linux-gnu/libnss_files-2.27.so
7fa12ac40000-7fa12ac46000 rw-p 00000000 00:00 0 
7fa12ac46000-7fa12ac5d000 r-xp 00000000 08:01 1184566                    /lib/x86_64-linux-gnu/libnsl-2.27.so
7fa12ac5d000-7fa12ae5c000 ---p 00017000 08:01 1184566                    /lib/x86_64-linux-gnu/libnsl-2.27.so
7fa12ae5c000-7fa12ae5d000 r--p 00016000 08:01 1184566                    /lib/x86_64-linux-gnu/libnsl-2.27.so
7fa12ae5d000-7fa12ae5e000 rw-p 00017000 08:01 1184566                    /lib/x86_64-linux-gnu/libnsl-2.27.so
7fa12ae5e000-7fa12ae60000 rw-p 00000000 00:00 0 
7fa12ae60000-7fa12ae6b000 r-xp 00000000 08:01 1184583                    /lib/x86_64-linux-gnu/libnss_nis-2.27.so
7fa12ae6b000-7fa12b06a000 ---p 0000b000 08:01 1184583                    /lib/x86_64-linux-gnu/libnss_nis-2.27.so
7fa12b06a000-7fa12b06b000 r--p 0000a000 08:01 1184583                    /lib/x86_64-linux-gnu/libnss_nis-2.27.so
7fa12b06b000-7fa12b06c000 rw-p 0000b000 08:01 1184583                    /lib/x86_64-linux-gnu/libnss_nis-2.27.so
7fa12b06c000-7fa12b074000 r-xp 00000000 08:01 1184568                    /lib/x86_64-linux-gnu/libnss_compat-2.27.so
7fa12b074000-7fa12b274000 ---p 00008000 08:01 1184568                    /lib/x86_64-linux-gnu/libnss_compat-2.27.so
7fa12b274000-7fa12b275000 r--p 00008000 08:01 1184568                    /lib/x86_64-linux-gnu/libnss_compat-2.27.so
7fa12b275000-7fa12b276000 rw-p 00009000 08:01 1184568                    /lib/x86_64-linux-gnu/libnss_compat-2.27.so
7fa12b276000-7fa12b29f000 r-xp 00000000 08:01 2766656                    /home/dmitry/Downloads/LOOM/loom/build/linux-x86_64-server-release/jdk/lib/libjava.so
7fa12b29f000-7fa12b49e000 ---p 00029000 08:01 2766656                    /home/dmitry/Downloads/LOOM/loom/build/linux-x86_64-server-release/jdk/lib/libjava.so
7fa12b49e000-7fa12b49f000 r--p 00028000 08:01 2766656                    /home/dmitry/Downloads/LOOM/loom/build/linux-x86_64-server-release/jdk/lib/libjava.so
7fa12b49f000-7fa12b4a1000 rw-p 00029000 08:01 2766656                    /home/dmitry/Downloads/LOOM/loom/build/linux-x86_64-server-release/jdk/lib/libjava.so
7fa12b4a1000-7fa12b4ae000 r-xp 00000000 08:01 2766649                    /home/dmitry/Downloads/LOOM/loom/build/linux-x86_64-server-release/jdk/lib/libverify.so
7fa12b4ae000-7fa12b6ad000 ---p 0000d000 08:01 2766649                    /home/dmitry/Downloads/LOOM/loom/build/linux-x86_64-server-release/jdk/lib/libverify.so
7fa12b6ad000-7fa12b6af000 r--p 0000c000 08:01 2766649                    /home/dmitry/Downloads/LOOM/loom/build/linux-x86_64-server-release/jdk/lib/libverify.so
7fa12b6af000-7fa12b6b0000 rw-p 0000e000 08:01 2766649                    /home/dmitry/Downloads/LOOM/loom/build/linux-x86_64-server-release/jdk/lib/libverify.so
7fa12b6b0000-7fa12b84d000 r-xp 00000000 08:01 1184545                    /lib/x86_64-linux-gnu/libm-2.27.so
7fa12b84d000-7fa12ba4c000 ---p 0019d000 08:01 1184545                    /lib/x86_64-linux-gnu/libm-2.27.so
7fa12ba4c000-7fa12ba4d000 r--p 0019c000 08:01 1184545                    /lib/x86_64-linux-gnu/libm-2.27.so
7fa12ba4d000-7fa12ba4e000 rw-p 0019d000 08:01 1184545                    /lib/x86_64-linux-gnu/libm-2.27.so
7fa12ba4e000-7fa12cd7a000 r-xp 00000000 08:01 2766647                    /home/dmitry/Downloads/LOOM/loom/build/linux-x86_64-server-release/jdk/lib/server/libjvm.so
7fa12cd7a000-7fa12cf79000 ---p 0132c000 08:01 2766647                    /home/dmitry/Downloads/LOOM/loom/build/linux-x86_64-server-release/jdk/lib/server/libjvm.so
7fa12cf79000-7fa12d041000 r--p 0132b000 08:01 2766647                    /home/dmitry/Downloads/LOOM/loom/build/linux-x86_64-server-release/jdk/lib/server/libjvm.so
7fa12d041000-7fa12d07c000 rw-p 013f3000 08:01 2766647                    /home/dmitry/Downloads/LOOM/loom/build/linux-x86_64-server-release/jdk/lib/server/libjvm.so
7fa12d07c000-7fa12d102000 rw-p 00000000 00:00 0 
7fa12d102000-7fa12d11c000 r-xp 00000000 08:01 1184615                    /lib/x86_64-linux-gnu/libpthread-2.27.so
7fa12d11c000-7fa12d31b000 ---p 0001a000 08:01 1184615                    /lib/x86_64-linux-gnu/libpthread-2.27.so
7fa12d31b000-7fa12d31c000 r--p 00019000 08:01 1184615                    /lib/x86_64-linux-gnu/libpthread-2.27.so
7fa12d31c000-7fa12d31d000 rw-p 0001a000 08:01 1184615                    /lib/x86_64-linux-gnu/libpthread-2.27.so
7fa12d31d000-7fa12d321000 rw-p 00000000 00:00 0 
7fa12d321000-7fa12d324000 r-xp 00000000 08:01 1184505                    /lib/x86_64-linux-gnu/libdl-2.27.so
7fa12d324000-7fa12d523000 ---p 00003000 08:01 1184505                    /lib/x86_64-linux-gnu/libdl-2.27.so
7fa12d523000-7fa12d524000 r--p 00002000 08:01 1184505                    /lib/x86_64-linux-gnu/libdl-2.27.so
7fa12d524000-7fa12d525000 rw-p 00003000 08:01 1184505                    /lib/x86_64-linux-gnu/libdl-2.27.so
7fa12d525000-7fa12d541000 r-xp 00000000 08:01 1184654                    /lib/x86_64-linux-gnu/libz.so.1.2.11
7fa12d541000-7fa12d740000 ---p 0001c000 08:01 1184654                    /lib/x86_64-linux-gnu/libz.so.1.2.11
7fa12d740000-7fa12d741000 r--p 0001b000 08:01 1184654                    /lib/x86_64-linux-gnu/libz.so.1.2.11
7fa12d741000-7fa12d742000 rw-p 0001c000 08:01 1184654                    /lib/x86_64-linux-gnu/libz.so.1.2.11
7fa12d742000-7fa12d929000 r-xp 00000000 08:01 1184482                    /lib/x86_64-linux-gnu/libc-2.27.so
7fa12d929000-7fa12db29000 ---p 001e7000 08:01 1184482                    /lib/x86_64-linux-gnu/libc-2.27.so
7fa12db29000-7fa12db2d000 r--p 001e7000 08:01 1184482                    /lib/x86_64-linux-gnu/libc-2.27.so
7fa12db2d000-7fa12db2f000 rw-p 001eb000 08:01 1184482                    /lib/x86_64-linux-gnu/libc-2.27.so
7fa12db2f000-7fa12db33000 rw-p 00000000 00:00 0 
7fa12db33000-7fa12db43000 r-xp 00000000 08:01 2766654                    /home/dmitry/Downloads/LOOM/loom/build/linux-x86_64-server-release/jdk/lib/libjli.so
7fa12db43000-7fa12dd42000 ---p 00010000 08:01 2766654                    /home/dmitry/Downloads/LOOM/loom/build/linux-x86_64-server-release/jdk/lib/libjli.so
7fa12dd42000-7fa12dd43000 r--p 0000f000 08:01 2766654                    /home/dmitry/Downloads/LOOM/loom/build/linux-x86_64-server-release/jdk/lib/libjli.so
7fa12dd43000-7fa12dd44000 rw-p 00010000 08:01 2766654                    /home/dmitry/Downloads/LOOM/loom/build/linux-x86_64-server-release/jdk/lib/libjli.so
7fa12dd44000-7fa12dd6b000 r-xp 00000000 08:01 1184454                    /lib/x86_64-linux-gnu/ld-2.27.so
7fa12dd98000-7fa12de4b000 rw-p 00000000 00:00 0 
7fa12de4b000-7fa12de52000 ---p 00000000 00:00 0 
7fa12de52000-7fa12de56000 ---p 00000000 00:00 0 
7fa12de56000-7fa12df55000 rw-p 00000000 00:00 0 
7fa12df5e000-7fa12df66000 rw-s 00000000 08:01 524311                     /tmp/hsperfdata_dmitry/16481
7fa12df66000-7fa12df67000 ---p 00000000 00:00 0 
7fa12df67000-7fa12df68000 r--p 00000000 00:00 0 
7fa12df68000-7fa12df69000 ---p 00000000 00:00 0 
7fa12df69000-7fa12df6b000 rw-p 00000000 00:00 0 
7fa12df6b000-7fa12df6c000 r--p 00027000 08:01 1184454                    /lib/x86_64-linux-gnu/ld-2.27.so
7fa12df6c000-7fa12df6d000 rw-p 00028000 08:01 1184454                    /lib/x86_64-linux-gnu/ld-2.27.so
7fa12df6d000-7fa12df6e000 rw-p 00000000 00:00 0 
7ffc6cc96000-7ffc6ccb9000 rw-p 00000000 00:00 0                          [stack]
7ffc6cd19000-7ffc6cd1c000 r--p 00000000 00:00 0                          [vvar]
7ffc6cd1c000-7ffc6cd1e000 r-xp 00000000 00:00 0                          [vdso]
ffffffffff600000-ffffffffff601000 r-xp 00000000 00:00 0                  [vsyscall]


VM Arguments:
jvm_args: -Didea.launcher.port=5023 -Didea.launcher.bin.path=/home/dmitry/Downloads/idea-IC-183.5912.21/bin -Dfile.encoding=UTF-8 
java_command: com.intellij.rt.execution.application.AppMainV2 Main
java_class_path (initial): /home/dmitry/Downloads/LOOM/loom/build/linux-x86_64-server-release/jdk/modules/java.base:/home/dmitry/Downloads/LOOM/loom/build/linux-x86_64-server-release/jdk/modules/java.compiler:/home/dmitry/Downloads/LOOM/loom/build/linux-x86_64-server-release/jdk/modules/java.datatransfer:/home/dmitry/Downloads/LOOM/loom/build/linux-x86_64-server-release/jdk/modules/java.desktop:/home/dmitry/Downloads/LOOM/loom/build/linux-x86_64-server-release/jdk/modules/java.instrument:/home/dmitry/Downloads/LOOM/loom/build/linux-x86_64-server-release/jdk/modules/java.logging:/home/dmitry/Downloads/LOOM/loom/build/linux-x86_64-server-release/jdk/modules/java.management:/home/dmitry/Downloads/LOOM/loom/build/linux-x86_64-server-release/jdk/modules/java.management.rmi:/home/dmitry/Downloads/LOOM/loom/build/linux-x86_64-server-release/jdk/modules/java.naming:/home/dmitry/Downloads/LOOM/loom/build/linux-x86_64-server-release/jdk/modules/java.net.http:/home/dmitry/Downloads/LOOM/loom/build/linux-x86_64-server-release/jdk/modules/java.prefs:/home/dmitry/Downloads/LOOM/loom/build/linux-x86_64-server-release/jdk/modules/java.rmi:/home/dmitry/Downloads/LOOM/loom/build/linux-x86_64-server-release/jdk/modules/java.scripting:/home/dmitry/Downloads/LOOM/loom/build/linux-x86_64-server-release/jdk/modules/java.se:/home/dmitry/Downloads/LOOM/loom/build/linux-x86_64-server-release/jdk/modules/java.security.jgss:/home/dmitry/Downloads/LOOM/loom/build/linux-x86_64-server-release/jdk/modules/java.security.sasl:/home/dmitry/Downloads/LOOM/loom/build/linux-x86_64-server-release/jdk/modules/java.smartcardio:/home/dmitry/Downloads/LOOM/loom/build/linux-x86_64-server-release/jdk/modules/java.sql:/home/dmitry/Downloads/LOOM/loom/build/linux-x86_64-server-release/jdk/modules/java.sql.rowset:/home/dmitry/Downloads/LOOM/loom/build/linux-x86_64-server-release/jdk/modules/java.transaction.xa:/home/dmitry/Downloads/LOOM/loom/build/linux-x86_64-server-release/jdk/modules/java.xml:/home/dmitry/D
Launcher Type: SUN_STANDARD

[Global flags]
     intx CICompilerCount                          = 3                                         {product} {ergonomic}
     uint ConcGCThreads                            = 1                                         {product} {ergonomic}
     uint G1ConcRefinementThreads                  = 4                                         {product} {ergonomic}
   size_t G1HeapRegionSize                         = 1048576                                   {product} {ergonomic}
    uintx GCDrainStackTargetSize                   = 64                                        {product} {ergonomic}
   size_t InitialHeapSize                          = 83886080                                  {product} {ergonomic}
   size_t MarkStackSize                            = 4194304                                   {product} {ergonomic}
   size_t MaxHeapSize                              = 1342177280                                {product} {ergonomic}
   size_t MaxNewSize                               = 805306368                                 {product} {ergonomic}
   size_t MinHeapDeltaBytes                        = 1048576                                   {product} {ergonomic}
    uintx NonNMethodCodeHeapSize                   = 5830732                                {pd product} {ergonomic}
    uintx NonProfiledCodeHeapSize                  = 122913754                              {pd product} {ergonomic}
    uintx ProfiledCodeHeapSize                     = 122913754                              {pd product} {ergonomic}
    uintx ReservedCodeCacheSize                    = 251658240                              {pd product} {ergonomic}
     bool SegmentedCodeCache                       = true                                      {product} {ergonomic}
     bool UseCompressedClassPointers               = true                                 {lp64_product} {ergonomic}
     bool UseCompressedOops                        = true                                 {lp64_product} {ergonomic}
     bool UseG1GC                                  = true                                      {product} {ergonomic}

Logging:
Log output configuration:
 #0: stdout all=warning uptime,level,tags
 #1: stderr all=off uptime,level,tags

Environment Variables:
JAVA_HOME=/home/dmitry/usr/local/java/jdk1.8.0
PATH=/bin:/bin:/usr/local/sbin:/usr/local/bin:/usr/sbin:/usr/bin:/sbin:/bin:/usr/games:/usr/local/games:/snap/bin
USERNAME=dmitry
SHELL=/bin/bash
DISPLAY=:0

Signal Handlers:
SIGSEGV: [libjvm.so+0xfe3770], sa_mask[0]=11111111011111111101111111111110, sa_flags=SA_RESTART|SA_SIGINFO
SIGBUS: [libjvm.so+0xfe3770], sa_mask[0]=11111111011111111101111111111110, sa_flags=SA_RESTART|SA_SIGINFO
SIGFPE: [libjvm.so+0xfe3770], sa_mask[0]=11111111011111111101111111111110, sa_flags=SA_RESTART|SA_SIGINFO
SIGPIPE: [libjvm.so+0xc80ff0], sa_mask[0]=11111111011111111101111111111110, sa_flags=SA_RESTART|SA_SIGINFO
SIGXFSZ: [libjvm.so+0xc80ff0], sa_mask[0]=11111111011111111101111111111110, sa_flags=SA_RESTART|SA_SIGINFO
SIGILL: [libjvm.so+0xfe3770], sa_mask[0]=11111111011111111101111111111110, sa_flags=SA_RESTART|SA_SIGINFO
SIGUSR2: [libjvm.so+0xc80e90], sa_mask[0]=00100000000000000000000000000000, sa_flags=SA_RESTART|SA_SIGINFO
SIGHUP: [libjvm.so+0xc81490], sa_mask[0]=11111111011111111101111111111110, sa_flags=SA_RESTART|SA_SIGINFO
SIGINT: [libjvm.so+0xc81490], sa_mask[0]=11111111011111111101111111111110, sa_flags=SA_RESTART|SA_SIGINFO
SIGTERM: [libjvm.so+0xc81490], sa_mask[0]=11111111011111111101111111111110, sa_flags=SA_RESTART|SA_SIGINFO
SIGQUIT: [libjvm.so+0xc81490], sa_mask[0]=11111111011111111101111111111110, sa_flags=SA_RESTART|SA_SIGINFO


---------------  S Y S T E M  ---------------

OS:DISTRIB_ID=Ubuntu
DISTRIB_RELEASE=18.04
DISTRIB_CODENAME=bionic
DISTRIB_DESCRIPTION="Ubuntu 18.04.2 LTS"
uname:Linux 4.18.0-18-generic #19~18.04.1-Ubuntu SMP Fri Apr 5 10:22:13 UTC 2019 x86_64
libc:glibc 2.27 NPTL 2.27 
rlimit: STACK 8192k, CORE 0k, NPROC 20276, NOFILE 4096, AS infinity, DATA infinity, FSIZE infinity
load average:3,95 2,91 3,82

/proc/meminfo:
MemTotal:        5234984 kB
MemFree:          229732 kB
MemAvailable:    2677428 kB
Buffers:           58324 kB
Cached:          2619376 kB
SwapCached:        96296 kB
Active:          2498936 kB
Inactive:        2188984 kB
Active(anon):    1349740 kB
Inactive(anon):   756688 kB
Active(file):    1149196 kB
Inactive(file):  1432296 kB
Unevictable:          32 kB
Mlocked:              32 kB
SwapTotal:       2097148 kB
SwapFree:         583216 kB
Dirty:             14136 kB
Writeback:             0 kB
AnonPages:       1931832 kB
Mapped:           236784 kB
Shmem:             96208 kB
Slab:             196540 kB
SReclaimable:     146700 kB
SUnreclaim:        49840 kB
KernelStack:       12800 kB
PageTables:        44588 kB
NFS_Unstable:          0 kB
Bounce:                0 kB
WritebackTmp:          0 kB
CommitLimit:     4714640 kB
Committed_AS:    7296312 kB
VmallocTotal:   34359738367 kB
VmallocUsed:           0 kB
VmallocChunk:          0 kB
HardwareCorrupted:     0 kB
AnonHugePages:         0 kB
ShmemHugePages:        0 kB
ShmemPmdMapped:        0 kB
CmaTotal:              0 kB
CmaFree:               0 kB
HugePages_Total:       0
HugePages_Free:        0
HugePages_Rsvd:        0
HugePages_Surp:        0
Hugepagesize:       2048 kB
Hugetlb:               0 kB
DirectMap4k:      184256 kB
DirectMap2M:     5226496 kB


/proc/sys/kernel/threads-max (system-wide limit on the number of threads):
40552


/proc/sys/vm/max_map_count (maximum number of memory map areas a process may have):
65530


/proc/sys/kernel/pid_max (system-wide limit on number of process identifiers):
32768



container (cgroup) information:
container_type: cgroupv1
cpu_cpuset_cpus: 0-3
cpu_memory_nodes: 0
active_processor_count: 4
cpu_quota: no quota
cpu_period: 100000
cpu_shares: no shares
memory_limit_in_bytes: unlimited
memory_and_swap_limit_in_bytes: not supported
memory_soft_limit_in_bytes: unlimited
memory_usage_in_bytes: 4735717376
memory_max_usage_in_bytes: 9854976

KVM virtualization detected
Steal ticks since vm start: 0
Steal ticks percentage since vm start:  0,000

CPU:total 4 (initial active 4) (4 cores per cpu, 1 threads per core) family 6 model 60 stepping 3, cmov, cx8, fxsr, mmx, sse, sse2, sse3, ssse3, sse4.1, sse4.2, popcnt, avx, avx2, aes, clmul, lzcnt, tsc, tscinvbit
CPU Model and flags from /proc/cpuinfo:
model name	: Intel(R) Core(TM) i7-4700HQ CPU @ 2.40GHz
flags		: fpu vme de pse tsc msr pae mce cx8 apic sep mtrr pge mca cmov pat pse36 clflush mmx fxsr sse sse2 ht syscall nx rdtscp lm constant_tsc rep_good nopl xtopology nonstop_tsc cpuid tsc_known_freq pni pclmulqdq ssse3 cx16 pcid sse4_1 sse4_2 x2apic movbe popcnt aes xsave avx rdrand hypervisor lahf_lm abm invpcid_single pti fsgsbase avx2 invpcid flush_l1d

Memory: 4k page, physical 5234984k(229732k free), swap 2097148k(583216k free)

vm_info: OpenJDK 64-Bit Server VM (13-internal+0-adhoc.dmitry.loom) for linux-amd64 JRE (13-internal+0-adhoc.dmitry.loom), built on May 12 2019 20:36:23 by "dmitry" with gcc 7.4.0

END.
