#
# A fatal error has been detected by the Java Runtime Environment:
#
#  Internal Error (/home/dmitry/Downloads/LOOM/loom/src/hotspot/cpu/x86/frame_x86.cpp:664), pid=27948, tid=27985
#  assert(Thread::current() == (Thread*)thread) failed: not current thread
#
# JRE version: OpenJDK Runtime Environment (13.0) (slowdebug build 13-internal+0-adhoc.dmitry.loom)
# Java VM: OpenJDK 64-Bit Server VM (slowdebug 13-internal+0-adhoc.dmitry.loom, mixed mode, tiered, compressed oops, g1 gc, linux-amd64)
# Problematic frame:
# V  [libjvm.so+0xa1f2fe]  JavaFrameAnchor::make_walkable(JavaThread*)+0x58
#
# Core dump will be written. Default location: Core dumps may be processed with "/usr/share/apport/apport %p %s %c %d %P" (or dumping to /home/dmitry/Downloads/LoadDetector/core.27948)
#
# If you would like to submit a bug report, please visit:
#   http://bugreport.java.com/bugreport/crash.jsp
#

---------------  S U M M A R Y ------------

Command Line: -Didea.launcher.port=15869 -Didea.launcher.bin.path=/home/dmitry/Downloads/idea-IC-183.5912.21/bin -Dfile.encoding=UTF-8 com.intellij.rt.execution.application.AppMainV2 NewMain

Host: dmitry-VirtualBox, Intel(R) Core(TM) i7-4700HQ CPU @ 2.40GHz, 4 cores, 4G, Ubuntu 18.04.2 LTS
Time: Thu Jun 13 09:56:27 2019 MSK elapsed time: 10 seconds (0d 0h 0m 10s)

---------------  T H R E A D  ---------------

Current thread (0x00007ff62c692000):  JavaThread "pool-1-thread-2" [_thread_in_Java, id=27985, stack(0x00007ff5fa4fc000,0x00007ff5fa5fd000)]

Stack: [0x00007ff5fa4fc000,0x00007ff5fa5fd000],  sp=0x00007ff5fa5f7f50,  free space=1007k
Native frames: (J=compiled Java code, A=aot compiled Java code, j=interpreted, Vv=VM code, C=native code)
V  [libjvm.so+0xa1f2fe]  JavaFrameAnchor::make_walkable(JavaThread*)+0x58
V  [libjvm.so+0x567570]  JavaThread::last_frame()+0x2a
V  [libjvm.so+0x1162fab]  ThreadSafepointState::handle_polling_page_exception()+0x13d
V  [libjvm.so+0x1162722]  SafepointSynchronize::handle_polling_page_exception(JavaThread*)+0x13a
v  ~SafepointBlob

Register to memory mapping:

RAX=0x00007ff636784000 points into unknown readable memory: 58 00 00 00 00 00 00 00
RBX=0x00007ff61d620aa9 is at entry_point+329 in (nmethod*)0x00007ff61d620410
RCX=0x0000000000000007 is an unknown value
RDX=0x00007ff62c693de0 points into unknown readable memory: 03 00 00 00 00 00 00 00
RSP=0x00007ff5fa5f7f50 is pointing into the stack for thread: 0x00007ff62c692000
RBP=0x00007ff5fa5f7f60 is pointing into the stack for thread: 0x00007ff62c692000
RSI=0x00007ff62c68f800 is a thread
RDI=0x00007ff635807fb8: <offset 0x00000000021dbfb8> in /home/dmitry/Downloads/LOOM/loom/build/linux-x86_64-server-slowdebug/jdk/lib/server/libjvm.so at 0x00007ff63362c000
R8 =0x0000000004b64a26 is an unknown value
R9 =0x00007ff5fa6f9b30 is pointing into the stack for thread: 0x00007ff62c68f800
R10=0x00007ff636782008 is an unknown value
R11=0x00000000042c1d80 is an unknown value
R12=0x0 is NULL
R13=0x00007ff624afb6dc is at entry_point+348 in (nmethod*)0x00007ff624afb390
R14=0x00007ff5fa6fc110 is pointing into the stack for thread: 0x00007ff62c68f800
R15=0x00007ff62c68f800 is a thread


Registers:
RAX=0x00007ff636784000, RBX=0x00007ff61d620aa9, RCX=0x0000000000000007, RDX=0x00007ff62c693de0
RSP=0x00007ff5fa5f7f50, RBP=0x00007ff5fa5f7f60, RSI=0x00007ff62c68f800, RDI=0x00007ff635807fb8
R8 =0x0000000004b64a26, R9 =0x00007ff5fa6f9b30, R10=0x00007ff636782008, R11=0x00000000042c1d80
R12=0x0000000000000000, R13=0x00007ff624afb6dc, R14=0x00007ff5fa6fc110, R15=0x00007ff62c68f800
RIP=0x00007ff63404b2fe, EFLAGS=0x0000000000010202, CSGSFS=0x002b000000000033, ERR=0x0000000000000006
  TRAPNO=0x000000000000000e

Top of Stack: (sp=0x00007ff5fa5f7f50)
0x00007ff5fa5f7f50:   00007ff62c68f800 00007ff62c68fb60
0x00007ff5fa5f7f60:   00007ff5fa5f7f80 00007ff633b93570
0x00007ff5fa5f7f70:   00007ff62c68f800 00007ff5fa5f7fd0
0x00007ff5fa5f7f80:   00007ff5fa5fa540 00007ff63478efab 

Instructions: (pc=0x00007ff63404b2fe)
0x00007ff63404b1fe:   f7 d8 48 01 c2 8b b5 bc fe ff ff 48 8b 85 c0 fe
0x00007ff63404b20e:   ff ff 41 b8 00 00 00 00 48 89 d9 48 89 c7 e8 19
0x00007ff63404b21e:   c6 ff ff 83 85 dc fe ff ff 01 e9 72 ff ff ff 90
0x00007ff63404b22e:   48 8b 45 e8 64 48 33 04 25 28 00 00 00 74 05 e8
0x00007ff63404b23e:   4e c5 8f ff 48 81 c4 48 01 00 00 5b 5d c3 55 48
0x00007ff63404b24e:   89 e5 48 83 ec 10 48 89 7d f8 48 8b 45 f8 48 89
0x00007ff63404b25e:   c7 e8 6a 16 90 ff c9 c3 55 48 89 e5 48 83 ec 20
0x00007ff63404b26e:   48 89 7d f8 48 89 75 f0 48 89 55 e8 48 89 4d e0
0x00007ff63404b27e:   48 8b 4d e0 48 8b 55 e8 48 8b 75 f0 48 8b 45 f8
0x00007ff63404b28e:   48 89 c7 e8 3c ab e9 ff 90 c9 c3 90 55 48 89 e5
0x00007ff63404b29e:   48 89 7d f8 90 5d c3 90 55 48 89 e5 48 83 ec 10
0x00007ff63404b2ae:   48 89 7d f8 48 89 75 f0 48 8b 45 f8 48 89 c7 e8
0x00007ff63404b2be:   be 1a cc ff 48 85 c0 0f 94 c0 84 c0 0f 85 49 01
0x00007ff63404b2ce:   00 00 48 8b 45 f8 48 89 c7 e8 26 ce ff ff 84 c0
0x00007ff63404b2de:   0f 85 38 01 00 00 e8 49 00 90 ff 48 39 45 f0 0f
0x00007ff63404b2ee:   95 c0 84 c0 74 36 48 8d 05 85 20 7c 01 48 8b 00
0x00007ff63404b2fe:   c6 00 58 48 8d 0d 05 fc bf 00 48 8d 15 11 fc bf
0x00007ff63404b30e:   00 be 98 02 00 00 48 8d 3d 45 f5 bf 00 b8 00 00
0x00007ff63404b31e:   00 00 e8 cd 8f ed ff e8 42 28 65 00 48 8b 45 f8
0x00007ff63404b32e:   48 89 c7 e8 4a 1a cc ff 48 85 c0 0f 94 c0 84 c0
0x00007ff63404b33e:   74 36 48 8d 05 39 20 7c 01 48 8b 00 c6 00 58 48
0x00007ff63404b34e:   8d 0d 00 fc bf 00 48 8d 15 15 fc bf 00 be 99 02
0x00007ff63404b35e:   00 00 48 8d 3d f9 f4 bf 00 b8 00 00 00 00 e8 81
0x00007ff63404b36e:   8f ed ff e8 f6 27 65 00 48 8b 45 f8 48 89 c7 e8
0x00007ff63404b37e:   be 6a ff ff 48 85 c0 0f 95 c0 84 c0 74 36 48 8d
0x00007ff63404b38e:   05 ed 1f 7c 01 48 8b 00 c6 00 58 48 8d 0d f6 fb
0x00007ff63404b39e:   bf 00 48 8d 15 01 fc bf 00 be 9a 02 00 00 48 8d
0x00007ff63404b3ae:   3d ad f4 bf 00 b8 00 00 00 00 e8 35 8f ed ff e8
0x00007ff63404b3be:   aa 27 65 00 48 8b 45 f8 48 89 c7 e8 52 00 00 00
0x00007ff63404b3ce:   48 8b 45 f8 48 89 c7 e8 28 cd ff ff 83 f0 01 84
0x00007ff63404b3de:   c0 74 3c 48 8d 05 98 1f 7c 01 48 8b 00 c6 00 58
0x00007ff63404b3ee:   48 8d 0d d9 fb bf 00 48 8d 15 e7 fb bf 00 be 9c 


Stack slot to memory mapping:
stack at sp + 0 slots: 0x00007ff62c68f800 is a thread
stack at sp + 1 slots: 0x00007ff62c68fb60 points into unknown readable memory: 00 00 00 00 00 00 00 00
stack at sp + 2 slots: 0x00007ff5fa5f7f80 is pointing into the stack for thread: 0x00007ff62c692000
stack at sp + 3 slots: 0x00007ff633b93570: <offset 0x0000000000567570> in /home/dmitry/Downloads/LOOM/loom/build/linux-x86_64-server-slowdebug/jdk/lib/server/libjvm.so at 0x00007ff63362c000
stack at sp + 4 slots: 0x00007ff62c68f800 is a thread
stack at sp + 5 slots: 0x00007ff5fa5f7fd0 is pointing into the stack for thread: 0x00007ff62c692000
stack at sp + 6 slots: 0x00007ff5fa5fa540 is pointing into the stack for thread: 0x00007ff62c692000
stack at sp + 7 slots: 0x00007ff63478efab: <offset 0x0000000001162fab> in /home/dmitry/Downloads/LOOM/loom/build/linux-x86_64-server-slowdebug/jdk/lib/server/libjvm.so at 0x00007ff63362c000


---------------  P R O C E S S  ---------------

uid  : 1000 euid : 1000 gid  : 1000 egid : 1000

umask: 0022 (----w--w-)

Threads class SMR info:
_java_thread_list=0x00007ff62c67ff90, length=14, elements={
0x00007ff62c021800, 0x00007ff62c270800, 0x00007ff62c276800, 0x00007ff62c2bb000,
0x00007ff62c2bd800, 0x00007ff62c2c0000, 0x00007ff62c2cb000, 0x00007ff62c325000,
0x00007ff62c54c800, 0x00007ff5f0001000, 0x00007ff62c5aa800, 0x00007ff62c689800,
0x00007ff62c68f800, 0x00007ff62c692000
}
_java_thread_list_alloc_cnt=15, _java_thread_list_free_cnt=13, _java_thread_list_max=14, _nested_thread_list_max=0
_tlh_cnt=326, _tlh_times=96, avg_tlh_time=0,29, _tlh_time_max=34
_delete_lock_wait_cnt=0, _delete_lock_wait_max=0
_to_delete_list_cnt=0, _to_delete_list_max=1

Java Threads: ( => current thread )
  0x00007ff62c021800 JavaThread "main" [_thread_blocked, id=27950, stack(0x00007ff63666e000,0x00007ff63676f000)]
  0x00007ff62c270800 JavaThread "Reference Handler" daemon [_thread_blocked, id=27965, stack(0x00007ff61886e000,0x00007ff61896f000)]
  0x00007ff62c276800 JavaThread "Finalizer" daemon [_thread_blocked, id=27966, stack(0x00007ff61876d000,0x00007ff61886e000)]
  0x00007ff62c2bb000 JavaThread "Signal Dispatcher" daemon [_thread_blocked, id=27971, stack(0x00007ff61866c000,0x00007ff61876d000)]
  0x00007ff62c2bd800 JavaThread "C2 CompilerThread0" daemon [_thread_blocked, id=27972, stack(0x00007ff61856b000,0x00007ff61866c000)]
  0x00007ff62c2c0000 JavaThread "C1 CompilerThread0" daemon [_thread_blocked, id=27973, stack(0x00007ff61846a000,0x00007ff61856b000)]
  0x00007ff62c2cb000 JavaThread "Sweeper thread" daemon [_thread_blocked, id=27974, stack(0x00007ff618369000,0x00007ff61846a000)]
  0x00007ff62c325000 JavaThread "Common-Cleaner" daemon [_thread_blocked, id=27976, stack(0x00007ff618024000,0x00007ff618125000)]
  0x00007ff62c54c800 JavaThread "Service Thread" daemon [_thread_blocked, id=27977, stack(0x00007ff5fb314000,0x00007ff5fb415000)]
  0x00007ff5f0001000 JavaThread "Attach Listener" daemon [_thread_blocked, id=27981, stack(0x00007ff5fb111000,0x00007ff5fb212000)]
  0x00007ff62c5aa800 JavaThread "Monitor Ctrl-Break" daemon [_thread_in_native, id=27982, stack(0x00007ff5fb010000,0x00007ff5fb111000)]
  0x00007ff62c689800 JavaThread "Timer-0" daemon [_thread_blocked, id=27983, stack(0x00007ff5fa6fe000,0x00007ff5fa7ff000)]
  0x00007ff62c68f800 JavaThread "pool-1-thread-1" [_thread_in_Java, id=27984, stack(0x00007ff5fa5fd000,0x00007ff5fa6fe000)]
=>0x00007ff62c692000 JavaThread "pool-1-thread-2" [_thread_in_Java, id=27985, stack(0x00007ff5fa4fc000,0x00007ff5fa5fd000)]

Other Threads:
  0x00007ff62c24d000 VMThread "VM Thread" [stack: 0x00007ff618971000,0x00007ff618a71000] [id=27962]
  0x00007ff62c54f800 WatcherThread [stack: 0x00007ff5fb214000,0x00007ff5fb314000] [id=27978]
  0x00007ff62c06d800 GCTaskThread "GC Thread#0" [stack: 0x00007ff61bb00000,0x00007ff61bc00000] [id=27954]
  0x00007ff62c077800 ConcurrentGCThread "G1 Main Marker" [stack: 0x00007ff61b9fe000,0x00007ff61bafe000] [id=27955]
  0x00007ff62c079800 ConcurrentGCThread "G1 Conc#0" [stack: 0x00007ff61b8fc000,0x00007ff61b9fc000] [id=27956]
  0x00007ff62c0d9000 ConcurrentGCThread "G1 Refine#0" [stack: 0x00007ff6193f6000,0x00007ff6194f6000] [id=27959]
  0x00007ff62c0db000 ConcurrentGCThread "G1 Young RemSet Sampling" [stack: 0x00007ff6192f4000,0x00007ff6193f4000] [id=27960]

Threads with active compile tasks:

VM state:not at safepoint (normal execution)

VM Mutex/Monitor currently owned by a thread: None

Heap address: 0x00000000b0000000, size: 1280 MB, Compressed Oops mode: 32-bit
Narrow klass base: 0x0000000000000000, Narrow klass shift: 3
Compressed class space size: 1073741824 Address: 0x0000000100000000

Heap:
 garbage-first heap   total 81920K, used 11264K [0x00000000b0000000, 0x0000000100000000)
  region size 1024K, 12 young (12288K), 0 survivors (0K)
 Metaspace       used 9595K, capacity 9837K, committed 9984K, reserved 1058816K
  class space    used 897K, capacity 999K, committed 1024K, reserved 1048576K
Heap Regions: E=young(eden), S=young(survivor), O=old, HS=humongous(starts), HC=humongous(continues), CS=collection set, F=free, A=archive, TAMS=top-at-mark-start (previous, next)
|   0|0x00000000b0000000, 0x00000000b0000000, 0x00000000b0100000|  0%| F|  |TAMS 0x00000000b0000000, 0x00000000b0000000| Untracked 
|   1|0x00000000b0100000, 0x00000000b0100000, 0x00000000b0200000|  0%| F|  |TAMS 0x00000000b0100000, 0x00000000b0100000| Untracked 
|   2|0x00000000b0200000, 0x00000000b0200000, 0x00000000b0300000|  0%| F|  |TAMS 0x00000000b0200000, 0x00000000b0200000| Untracked 
|   3|0x00000000b0300000, 0x00000000b0300000, 0x00000000b0400000|  0%| F|  |TAMS 0x00000000b0300000, 0x00000000b0300000| Untracked 
|   4|0x00000000b0400000, 0x00000000b0400000, 0x00000000b0500000|  0%| F|  |TAMS 0x00000000b0400000, 0x00000000b0400000| Untracked 
|   5|0x00000000b0500000, 0x00000000b0500000, 0x00000000b0600000|  0%| F|  |TAMS 0x00000000b0500000, 0x00000000b0500000| Untracked 
|   6|0x00000000b0600000, 0x00000000b0600000, 0x00000000b0700000|  0%| F|  |TAMS 0x00000000b0600000, 0x00000000b0600000| Untracked 
|   7|0x00000000b0700000, 0x00000000b0700000, 0x00000000b0800000|  0%| F|  |TAMS 0x00000000b0700000, 0x00000000b0700000| Untracked 
|   8|0x00000000b0800000, 0x00000000b0800000, 0x00000000b0900000|  0%| F|  |TAMS 0x00000000b0800000, 0x00000000b0800000| Untracked 
|   9|0x00000000b0900000, 0x00000000b0900000, 0x00000000b0a00000|  0%| F|  |TAMS 0x00000000b0900000, 0x00000000b0900000| Untracked 
|  10|0x00000000b0a00000, 0x00000000b0a00000, 0x00000000b0b00000|  0%| F|  |TAMS 0x00000000b0a00000, 0x00000000b0a00000| Untracked 
|  11|0x00000000b0b00000, 0x00000000b0b00000, 0x00000000b0c00000|  0%| F|  |TAMS 0x00000000b0b00000, 0x00000000b0b00000| Untracked 
|  12|0x00000000b0c00000, 0x00000000b0c00000, 0x00000000b0d00000|  0%| F|  |TAMS 0x00000000b0c00000, 0x00000000b0c00000| Untracked 
|  13|0x00000000b0d00000, 0x00000000b0d00000, 0x00000000b0e00000|  0%| F|  |TAMS 0x00000000b0d00000, 0x00000000b0d00000| Untracked 
|  14|0x00000000b0e00000, 0x00000000b0e00000, 0x00000000b0f00000|  0%| F|  |TAMS 0x00000000b0e00000, 0x00000000b0e00000| Untracked 
|  15|0x00000000b0f00000, 0x00000000b0f00000, 0x00000000b1000000|  0%| F|  |TAMS 0x00000000b0f00000, 0x00000000b0f00000| Untracked 
|  16|0x00000000b1000000, 0x00000000b1000000, 0x00000000b1100000|  0%| F|  |TAMS 0x00000000b1000000, 0x00000000b1000000| Untracked 
|  17|0x00000000b1100000, 0x00000000b1100000, 0x00000000b1200000|  0%| F|  |TAMS 0x00000000b1100000, 0x00000000b1100000| Untracked 
|  18|0x00000000b1200000, 0x00000000b1200000, 0x00000000b1300000|  0%| F|  |TAMS 0x00000000b1200000, 0x00000000b1200000| Untracked 
|  19|0x00000000b1300000, 0x00000000b1300000, 0x00000000b1400000|  0%| F|  |TAMS 0x00000000b1300000, 0x00000000b1300000| Untracked 
|  20|0x00000000b1400000, 0x00000000b1400000, 0x00000000b1500000|  0%| F|  |TAMS 0x00000000b1400000, 0x00000000b1400000| Untracked 
|  21|0x00000000b1500000, 0x00000000b1500000, 0x00000000b1600000|  0%| F|  |TAMS 0x00000000b1500000, 0x00000000b1500000| Untracked 
|  22|0x00000000b1600000, 0x00000000b1600000, 0x00000000b1700000|  0%| F|  |TAMS 0x00000000b1600000, 0x00000000b1600000| Untracked 
|  23|0x00000000b1700000, 0x00000000b1700000, 0x00000000b1800000|  0%| F|  |TAMS 0x00000000b1700000, 0x00000000b1700000| Untracked 
|  24|0x00000000b1800000, 0x00000000b1800000, 0x00000000b1900000|  0%| F|  |TAMS 0x00000000b1800000, 0x00000000b1800000| Untracked 
|  25|0x00000000b1900000, 0x00000000b1900000, 0x00000000b1a00000|  0%| F|  |TAMS 0x00000000b1900000, 0x00000000b1900000| Untracked 
|  26|0x00000000b1a00000, 0x00000000b1a00000, 0x00000000b1b00000|  0%| F|  |TAMS 0x00000000b1a00000, 0x00000000b1a00000| Untracked 
|  27|0x00000000b1b00000, 0x00000000b1b00000, 0x00000000b1c00000|  0%| F|  |TAMS 0x00000000b1b00000, 0x00000000b1b00000| Untracked 
|  28|0x00000000b1c00000, 0x00000000b1c00000, 0x00000000b1d00000|  0%| F|  |TAMS 0x00000000b1c00000, 0x00000000b1c00000| Untracked 
|  29|0x00000000b1d00000, 0x00000000b1d00000, 0x00000000b1e00000|  0%| F|  |TAMS 0x00000000b1d00000, 0x00000000b1d00000| Untracked 
|  30|0x00000000b1e00000, 0x00000000b1e00000, 0x00000000b1f00000|  0%| F|  |TAMS 0x00000000b1e00000, 0x00000000b1e00000| Untracked 
|  31|0x00000000b1f00000, 0x00000000b1f00000, 0x00000000b2000000|  0%| F|  |TAMS 0x00000000b1f00000, 0x00000000b1f00000| Untracked 
|  32|0x00000000b2000000, 0x00000000b2000000, 0x00000000b2100000|  0%| F|  |TAMS 0x00000000b2000000, 0x00000000b2000000| Untracked 
|  33|0x00000000b2100000, 0x00000000b2100000, 0x00000000b2200000|  0%| F|  |TAMS 0x00000000b2100000, 0x00000000b2100000| Untracked 
|  34|0x00000000b2200000, 0x00000000b2200000, 0x00000000b2300000|  0%| F|  |TAMS 0x00000000b2200000, 0x00000000b2200000| Untracked 
|  35|0x00000000b2300000, 0x00000000b2300000, 0x00000000b2400000|  0%| F|  |TAMS 0x00000000b2300000, 0x00000000b2300000| Untracked 
|  36|0x00000000b2400000, 0x00000000b2400000, 0x00000000b2500000|  0%| F|  |TAMS 0x00000000b2400000, 0x00000000b2400000| Untracked 
|  37|0x00000000b2500000, 0x00000000b2500000, 0x00000000b2600000|  0%| F|  |TAMS 0x00000000b2500000, 0x00000000b2500000| Untracked 
|  38|0x00000000b2600000, 0x00000000b2600000, 0x00000000b2700000|  0%| F|  |TAMS 0x00000000b2600000, 0x00000000b2600000| Untracked 
|  39|0x00000000b2700000, 0x00000000b2700000, 0x00000000b2800000|  0%| F|  |TAMS 0x00000000b2700000, 0x00000000b2700000| Untracked 
|  40|0x00000000b2800000, 0x00000000b2800000, 0x00000000b2900000|  0%| F|  |TAMS 0x00000000b2800000, 0x00000000b2800000| Untracked 
|  41|0x00000000b2900000, 0x00000000b2900000, 0x00000000b2a00000|  0%| F|  |TAMS 0x00000000b2900000, 0x00000000b2900000| Untracked 
|  42|0x00000000b2a00000, 0x00000000b2a00000, 0x00000000b2b00000|  0%| F|  |TAMS 0x00000000b2a00000, 0x00000000b2a00000| Untracked 
|  43|0x00000000b2b00000, 0x00000000b2b00000, 0x00000000b2c00000|  0%| F|  |TAMS 0x00000000b2b00000, 0x00000000b2b00000| Untracked 
|  44|0x00000000b2c00000, 0x00000000b2c00000, 0x00000000b2d00000|  0%| F|  |TAMS 0x00000000b2c00000, 0x00000000b2c00000| Untracked 
|  45|0x00000000b2d00000, 0x00000000b2d00000, 0x00000000b2e00000|  0%| F|  |TAMS 0x00000000b2d00000, 0x00000000b2d00000| Untracked 
|  46|0x00000000b2e00000, 0x00000000b2e00000, 0x00000000b2f00000|  0%| F|  |TAMS 0x00000000b2e00000, 0x00000000b2e00000| Untracked 
|  47|0x00000000b2f00000, 0x00000000b2f00000, 0x00000000b3000000|  0%| F|  |TAMS 0x00000000b2f00000, 0x00000000b2f00000| Untracked 
|  48|0x00000000b3000000, 0x00000000b3000000, 0x00000000b3100000|  0%| F|  |TAMS 0x00000000b3000000, 0x00000000b3000000| Untracked 
|  49|0x00000000b3100000, 0x00000000b3100000, 0x00000000b3200000|  0%| F|  |TAMS 0x00000000b3100000, 0x00000000b3100000| Untracked 
|  50|0x00000000b3200000, 0x00000000b3200000, 0x00000000b3300000|  0%| F|  |TAMS 0x00000000b3200000, 0x00000000b3200000| Untracked 
|  51|0x00000000b3300000, 0x00000000b3300000, 0x00000000b3400000|  0%| F|  |TAMS 0x00000000b3300000, 0x00000000b3300000| Untracked 
|  52|0x00000000b3400000, 0x00000000b3400000, 0x00000000b3500000|  0%| F|  |TAMS 0x00000000b3400000, 0x00000000b3400000| Untracked 
|  53|0x00000000b3500000, 0x00000000b3500000, 0x00000000b3600000|  0%| F|  |TAMS 0x00000000b3500000, 0x00000000b3500000| Untracked 
|  54|0x00000000b3600000, 0x00000000b3600000, 0x00000000b3700000|  0%| F|  |TAMS 0x00000000b3600000, 0x00000000b3600000| Untracked 
|  55|0x00000000b3700000, 0x00000000b3700000, 0x00000000b3800000|  0%| F|  |TAMS 0x00000000b3700000, 0x00000000b3700000| Untracked 
|  56|0x00000000b3800000, 0x00000000b3800000, 0x00000000b3900000|  0%| F|  |TAMS 0x00000000b3800000, 0x00000000b3800000| Untracked 
|  57|0x00000000b3900000, 0x00000000b3900000, 0x00000000b3a00000|  0%| F|  |TAMS 0x00000000b3900000, 0x00000000b3900000| Untracked 
|  58|0x00000000b3a00000, 0x00000000b3a00000, 0x00000000b3b00000|  0%| F|  |TAMS 0x00000000b3a00000, 0x00000000b3a00000| Untracked 
|  59|0x00000000b3b00000, 0x00000000b3b00000, 0x00000000b3c00000|  0%| F|  |TAMS 0x00000000b3b00000, 0x00000000b3b00000| Untracked 
|  60|0x00000000b3c00000, 0x00000000b3c00000, 0x00000000b3d00000|  0%| F|  |TAMS 0x00000000b3c00000, 0x00000000b3c00000| Untracked 
|  61|0x00000000b3d00000, 0x00000000b3d00000, 0x00000000b3e00000|  0%| F|  |TAMS 0x00000000b3d00000, 0x00000000b3d00000| Untracked 
|  62|0x00000000b3e00000, 0x00000000b3e00000, 0x00000000b3f00000|  0%| F|  |TAMS 0x00000000b3e00000, 0x00000000b3e00000| Untracked 
|  63|0x00000000b3f00000, 0x00000000b3f00000, 0x00000000b4000000|  0%| F|  |TAMS 0x00000000b3f00000, 0x00000000b3f00000| Untracked 
|  64|0x00000000b4000000, 0x00000000b4000000, 0x00000000b4100000|  0%| F|  |TAMS 0x00000000b4000000, 0x00000000b4000000| Untracked 
|  65|0x00000000b4100000, 0x00000000b4100000, 0x00000000b4200000|  0%| F|  |TAMS 0x00000000b4100000, 0x00000000b4100000| Untracked 
|  66|0x00000000b4200000, 0x00000000b4200000, 0x00000000b4300000|  0%| F|  |TAMS 0x00000000b4200000, 0x00000000b4200000| Untracked 
|  67|0x00000000b4300000, 0x00000000b4300000, 0x00000000b4400000|  0%| F|  |TAMS 0x00000000b4300000, 0x00000000b4300000| Untracked 
|  68|0x00000000b4400000, 0x00000000b4500000, 0x00000000b4500000|100%| E|  |TAMS 0x00000000b4400000, 0x00000000b4400000| Complete 
|  69|0x00000000b4500000, 0x00000000b4600000, 0x00000000b4600000|100%| E|CS|TAMS 0x00000000b4500000, 0x00000000b4500000| Complete 
|  70|0x00000000b4600000, 0x00000000b4700000, 0x00000000b4700000|100%| E|CS|TAMS 0x00000000b4600000, 0x00000000b4600000| Complete 
|  71|0x00000000b4700000, 0x00000000b4800000, 0x00000000b4800000|100%| E|CS|TAMS 0x00000000b4700000, 0x00000000b4700000| Complete 
|  72|0x00000000b4800000, 0x00000000b4900000, 0x00000000b4900000|100%| E|CS|TAMS 0x00000000b4800000, 0x00000000b4800000| Complete 
|  73|0x00000000b4900000, 0x00000000b4a00000, 0x00000000b4a00000|100%| E|CS|TAMS 0x00000000b4900000, 0x00000000b4900000| Complete 
|  74|0x00000000b4a00000, 0x00000000b4b00000, 0x00000000b4b00000|100%| E|CS|TAMS 0x00000000b4a00000, 0x00000000b4a00000| Complete 
|  75|0x00000000b4b00000, 0x00000000b4c00000, 0x00000000b4c00000|100%| E|CS|TAMS 0x00000000b4b00000, 0x00000000b4b00000| Complete 
|  76|0x00000000b4c00000, 0x00000000b4d00000, 0x00000000b4d00000|100%| E|CS|TAMS 0x00000000b4c00000, 0x00000000b4c00000| Complete 
|  77|0x00000000b4d00000, 0x00000000b4e00000, 0x00000000b4e00000|100%| E|CS|TAMS 0x00000000b4d00000, 0x00000000b4d00000| Complete 
|  78|0x00000000b4e00000, 0x00000000b4f00000, 0x00000000b4f00000|100%| E|CS|TAMS 0x00000000b4e00000, 0x00000000b4e00000| Complete 
|  79|0x00000000b4f00000, 0x00000000b5000000, 0x00000000b5000000|100%| E|CS|TAMS 0x00000000b4f00000, 0x00000000b4f00000| Complete 

Card table byte_map: [0x00007ff6316ff000,0x00007ff63197f000] _byte_map_base: 0x00007ff63117f000

Marking Bits (Prev, Next): (CMBitMap*) 0x00007ff62c06ef20, (CMBitMap*) 0x00007ff62c06ef60
 Prev Bits: [0x00007ff63007f000, 0x00007ff63147f000)
 Next Bits: [0x00007ff61bc00000, 0x00007ff61d000000)

Polling page: 0x00007ff636782000

Metaspace:

Usage:
  Non-class:      8,63 MB capacity,     8,49 MB ( 98%) used,   120,80 KB (  1%) free+waste,    19,31 KB ( <1%) overhead. 
      Class:    999,00 KB capacity,   897,76 KB ( 90%) used,    90,43 KB (  9%) free+waste,    10,81 KB (  1%) overhead. 
       Both:      9,61 MB capacity,     9,37 MB ( 98%) used,   211,23 KB (  2%) free+waste,    30,12 KB ( <1%) overhead. 

Virtual space:
  Non-class space:       10,00 MB reserved,       8,75 MB ( 88%) committed 
      Class space:        1,00 GB reserved,       1,00 MB ( <1%) committed 
             Both:        1,01 GB reserved,       9,75 MB ( <1%) committed 

Chunk freelists:
   Non-Class:  6,00 KB
       Class:  0 bytes
        Both:  6,00 KB

MaxMetaspaceSize: unlimited
CompressedClassSpaceSize: 1,00 GB

CodeHeap 'non-profiled nmethods': size=120032Kb used=229Kb max_used=229Kb free=119802Kb
 bounds [0x00007ff624ac8000, 0x00007ff624d38000, 0x00007ff62c000000]
CodeHeap 'profiled nmethods': size=120032Kb used=773Kb max_used=773Kb free=119258Kb
 bounds [0x00007ff61d590000, 0x00007ff61d800000, 0x00007ff624ac8000]
CodeHeap 'non-nmethods': size=5696Kb used=2064Kb max_used=2079Kb free=3631Kb
 bounds [0x00007ff61d000000, 0x00007ff61d270000, 0x00007ff61d590000]
 total_blobs=1433 nmethods=352 adapters=859
 compilation: enabled
              stopped_count=0, restarted_count=0
 full_count=0

Compilation events (10 events):
Event: 10,274 Thread 0x00007ff62c2c0000  676       1       java.util.concurrent.locks.AbstractOwnableSynchronizer::getExclusiveOwnerThread (5 bytes)
Event: 10,275 Thread 0x00007ff62c2c0000 nmethod 676 0x00007ff624aff510 code [0x00007ff624aff6e0, 0x00007ff624aff898]
Event: 10,378 Thread 0x00007ff62c2bd800 nmethod 678% 0x00007ff624aff910 code [0x00007ff624affb00, 0x00007ff624affd80]
Event: 10,378 Thread 0x00007ff62c2bd800  681 %     4       NewMain$3::run @ 2 (40 bytes)
Event: 10,411 Thread 0x00007ff62c2bd800 nmethod 681% 0x00007ff624b00390 code [0x00007ff624b00520, 0x00007ff624b00638]
Event: 10,482 Thread 0x00007ff62c2c0000  682 %     3       NewMain$3::run @ 2 (40 bytes)
Event: 10,594 Thread 0x00007ff62c2c0000 nmethod 682% 0x00007ff61d64e510 code [0x00007ff61d64e860, 0x00007ff61d64fb10]
Event: 10,597 Thread 0x00007ff62c2bd800  683 %     4       NewMain$3::run @ 2 (40 bytes)
Event: 10,733 Thread 0x00007ff62c2bd800 nmethod 683% 0x00007ff624b00810 code [0x00007ff624b00a00, 0x00007ff624b00c80]
Event: 10,843 Thread 0x00007ff62c2c0000  684       3       java.util.concurrent.locks.AbstractQueuedSynchronizer::compareAndSetState (10 bytes)

GC Heap History (0 events):
No events

Deoptimization events (10 events):
Event: 6,065 Thread 0x00007ff62c021800 Uncommon trap: reason=unstable_if action=reinterpret pc=0x00007ff624add82c method=java.util.HashMap.putVal(ILjava/lang/Object;Ljava/lang/Object;ZZ)Ljava/lang/Object; @ 193 c2
Event: 6,101 Thread 0x00007ff62c021800 Uncommon trap: reason=unstable_if action=reinterpret pc=0x00007ff624ad9128 method=java.util.HashMap.putVal(ILjava/lang/Object;Ljava/lang/Object;ZZ)Ljava/lang/Object; @ 81 c2
Event: 8,061 Thread 0x00007ff62c692000 Uncommon trap: reason=unstable_if action=reinterpret pc=0x00007ff624af9d50 method=NewMain$4.run()V @ 21 c2
Event: 8,198 Thread 0x00007ff62c68f800 Uncommon trap: reason=unstable_if action=reinterpret pc=0x00007ff624afa1d0 method=NewMain$6.run()V @ 21 c2
Event: 8,945 Thread 0x00007ff62c692000 Uncommon trap: reason=unstable_if action=reinterpret pc=0x00007ff624afac94 method=NewMain$4.run()V @ 7 c2
Event: 9,418 Thread 0x00007ff62c68f800 Uncommon trap: reason=unstable_if action=reinterpret pc=0x00007ff624afc7d0 method=NewMain$2.run()V @ 21 c2
Event: 9,542 Thread 0x00007ff62c692000 Uncommon trap: reason=unstable_if action=reinterpret pc=0x00007ff624afd0d0 method=NewMain$1.run()V @ 21 c2
Event: 10,102 Thread 0x00007ff62c692000 Uncommon trap: reason=unstable_if action=reinterpret pc=0x00007ff624afeed0 method=NewMain$5.run()V @ 21 c2
Event: 10,218 Thread 0x00007ff62c68f800 Uncommon trap: reason=unstable_if action=reinterpret pc=0x00007ff624afdb14 method=NewMain$2.run()V @ 7 c2
Event: 10,481 Thread 0x00007ff62c68f800 Uncommon trap: reason=unstable_if action=reinterpret pc=0x00007ff624b005d0 method=NewMain$3.run()V @ 21 c2

Classes unloaded (0 events):
No events

Classes redefined (0 events):
No events

Internal exceptions (10 events):
Event: 7,195 Thread 0x00007ff62c68f800 Exception <a 'java/lang/NoSuchMethodError'{0x00000000b45e2318}: 'long java.lang.invoke.DirectMethodHandle$Holder.invokeStatic(java.lang.Object)'> (0x00000000b45e2318) 
thrown [/home/dmitry/Downloads/LOOM/loom/src/hotspot/share/interpreter/linkResolver.cpp, line 768]
for thread 0x00007ff62c68f800
Event: 7,216 Thread 0x00007ff62c68f800 Exception <a 'java/lang/NoSuchMethodError'{0x00000000b45e7e90}: 'long java.lang.invoke.Invokers$Holder.invoke_MT(java.lang.Object, java.lang.Object)'> (0x00000000b45e7e90) 
thrown [/home/dmitry/Downloads/LOOM/loom/src/hotspot/share/interpreter/linkResolver.cpp, line 768]
for thread 0x00007ff62c68f800
Event: 7,226 Thread 0x00007ff62c68f800 Exception <a 'java/lang/NoSuchMethodError'{0x00000000b45ee0c8}: 'java.lang.Object java.lang.invoke.DirectMethodHandle$Holder.invokeStatic(java.lang.Object, long)'> (0x00000000b45ee0c8) 
thrown [/home/dmitry/Downloads/LOOM/loom/src/hotspot/share/interpreter/linkResolver.cpp, line 768]
for thread 0x00007ff62c68f800
Event: 7,235 Thread 0x00007ff62c68f800 Exception <a 'java/lang/NoSuchMethodError'{0x00000000b45f1240}: 'java.lang.Object java.lang.invoke.DirectMethodHandle$Holder.invokeSpecial(java.lang.Object, java.lang.Object, java.lang.Object, long)'> (0x00000000b45f1240) 
thrown [/home/dmitry/Downloads/LOOM/loom/src/hotspot/share/interpreter/linkResolver.cpp, line 768]
for thread 0x00007ff62c68f800
Event: 7,268 Thread 0x00007ff62c692000 Exception <a 'java/lang/NoSuchMethodError'{0x00000000b441bf30}: 'long java.lang.invoke.Invokers$Holder.invoke_MT(java.lang.Object, long, java.lang.Object, java.lang.Object)'> (0x00000000b441bf30) 
thrown [/home/dmitry/Downloads/LOOM/loom/src/hotspot/share/interpreter/linkResolver.cpp, line 768]
for thread 0x00007ff62c692000
Event: 7,273 Thread 0x00007ff62c692000 Exception <a 'java/lang/NoSuchMethodError'{0x00000000b441ef10}: 'long java.lang.invoke.DirectMethodHandle$Holder.invokeSpecial(java.lang.Object, java.lang.Object, long, java.lang.Object, java.lang.Object, long, java.lang.Object)'> (0x00000000b441ef10) 
thrown [/home/dmitry/Downloads/LOOM/loom/src/hotspot/share/interpreter/linkResolver.cpp, line 768]
for thread 0x00007ff62c692000
Event: 7,327 Thread 0x00007ff62c68f800 Exception <a 'java/lang/NoSuchMethodError'{0x00000000b445e0a0}: 'java.lang.Object java.lang.invoke.DirectMethodHandle$Holder.invokeStatic(java.lang.Object, java.lang.Object, java.lang.Object, java.lang.Object, java.lang.Object)'> (0x00000000b445e0a0) 
thrown [/home/dmitry/Downloads/LOOM/loom/src/hotspot/share/interpreter/linkResolver.cpp, line 768]
for thread 0x00007ff62c68f800
Event: 7,364 Thread 0x00007ff62c692000 Exception <a 'java/lang/NoSuchMethodError'{0x00000000b4433a30}: 'java.lang.Object java.lang.invoke.DirectMethodHandle$Holder.invokeSpecial(java.lang.Object, java.lang.Object, long)'> (0x00000000b4433a30) 
thrown [/home/dmitry/Downloads/LOOM/loom/src/hotspot/share/interpreter/linkResolver.cpp, line 768]
for thread 0x00007ff62c692000
Event: 7,385 Thread 0x00007ff62c68f800 Exception <a 'java/lang/NoSuchMethodError'{0x00000000b4470560}: 'long java.lang.invoke.DirectMethodHandle$Holder.invokeStatic(java.lang.Object, long, long)'> (0x00000000b4470560) 
thrown [/home/dmitry/Downloads/LOOM/loom/src/hotspot/share/interpreter/linkResolver.cpp, line 768]
for thread 0x00007ff62c68f800
Event: 7,458 Thread 0x00007ff62c68f800 Exception <a 'java/lang/NoSuchMethodError'{0x00000000b448e658}: 'long java.lang.invoke.DirectMethodHandle$Holder.getLong(java.lang.Object, java.lang.Object)'> (0x00000000b448e658) 
thrown [/home/dmitry/Downloads/LOOM/loom/src/hotspot/share/interpreter/linkResolver.cpp, line 768]
for thread 0x00007ff62c68f800

Events (10 events):
Event: 10,413 Thread 0x00007ff62c68f800 DEOPT UNPACKING pc=0x00007ff61d05e4bc sp=0x00007ff5fa6fb5b0 mode 0
Event: 10,481 Thread 0x00007ff62c68f800 Uncommon trap: trap_request=0xffffff4d fr.pc=0x00007ff624b005d0 relative=0x00000000000000b0
Event: 10,481 Thread 0x00007ff62c68f800 DEOPT PACKING pc=0x00007ff624b005d0 sp=0x00007ff5fa6fc130
Event: 10,481 Thread 0x00007ff62c68f800 DEOPT UNPACKING pc=0x00007ff61d05e819 sp=0x00007ff5fa6fc0d8 mode 2
Event: 10,737 Thread 0x00007ff62c68f800 DEOPT PACKING pc=0x00007ff61d64f674 sp=0x00007ff5fa6fbfe0
Event: 10,737 Thread 0x00007ff62c68f800 DEOPT UNPACKING pc=0x00007ff61d05e4bc sp=0x00007ff5fa6fb5b0 mode 0
Event: 10,833 Executing VM operation: HandshakeOneThread
Event: 10,840 Executing VM operation: HandshakeOneThread done
Event: 10,840 loading class java/lang/IllegalStateException
Event: 10,841 loading class java/lang/IllegalStateException done


Dynamic libraries:
b0000000-b5000000 rw-p 00000000 00:00 0 
b5000000-100000000 ---p 00000000 00:00 0 
100000000-100100000 rw-p 00000000 00:00 0 
100100000-140000000 ---p 00000000 00:00 0 
5641c9743000-5641c9745000 r-xp 00000000 08:01 2249140                    /home/dmitry/Downloads/LOOM/loom/build/linux-x86_64-server-slowdebug/jdk/bin/java
5641c9944000-5641c9945000 r--p 00001000 08:01 2249140                    /home/dmitry/Downloads/LOOM/loom/build/linux-x86_64-server-slowdebug/jdk/bin/java
5641c9945000-5641c9946000 rw-p 00002000 08:01 2249140                    /home/dmitry/Downloads/LOOM/loom/build/linux-x86_64-server-slowdebug/jdk/bin/java
5641c9f78000-5641c9f99000 rw-p 00000000 00:00 0                          [heap]
7ff5c0000000-7ff5c0038000 rw-p 00000000 00:00 0 
7ff5c0038000-7ff5c4000000 ---p 00000000 00:00 0 
7ff5c8000000-7ff5c8021000 rw-p 00000000 00:00 0 
7ff5c8021000-7ff5cc000000 ---p 00000000 00:00 0 
7ff5cc000000-7ff5cc039000 rw-p 00000000 00:00 0 
7ff5cc039000-7ff5d0000000 ---p 00000000 00:00 0 
7ff5d0000000-7ff5d00fc000 rw-p 00000000 00:00 0 
7ff5d00fc000-7ff5d4000000 ---p 00000000 00:00 0 
7ff5d4000000-7ff5d4067000 rw-p 00000000 00:00 0 
7ff5d4067000-7ff5d8000000 ---p 00000000 00:00 0 
7ff5d8000000-7ff5d8021000 rw-p 00000000 00:00 0 
7ff5d8021000-7ff5dc000000 ---p 00000000 00:00 0 
7ff5dc000000-7ff5dc021000 rw-p 00000000 00:00 0 
7ff5dc021000-7ff5e0000000 ---p 00000000 00:00 0 
7ff5e0000000-7ff5e0021000 rw-p 00000000 00:00 0 
7ff5e0021000-7ff5e4000000 ---p 00000000 00:00 0 
7ff5e4000000-7ff5e4021000 rw-p 00000000 00:00 0 
7ff5e4021000-7ff5e8000000 ---p 00000000 00:00 0 
7ff5e8000000-7ff5e858c000 rw-p 00000000 00:00 0 
7ff5e858c000-7ff5ec000000 ---p 00000000 00:00 0 
7ff5ec000000-7ff5ec2ed000 rw-p 00000000 00:00 0 
7ff5ec2ed000-7ff5f0000000 ---p 00000000 00:00 0 
7ff5f0000000-7ff5f0021000 rw-p 00000000 00:00 0 
7ff5f0021000-7ff5f4000000 ---p 00000000 00:00 0 
7ff5f4000000-7ff5f4021000 rw-p 00000000 00:00 0 
7ff5f4021000-7ff5f8000000 ---p 00000000 00:00 0 
7ff5f95c6000-7ff5fa4fc000 rw-p 00000000 00:00 0 
7ff5fa4fc000-7ff5fa500000 ---p 00000000 00:00 0 
7ff5fa500000-7ff5fa5fd000 rw-p 00000000 00:00 0 
7ff5fa5fd000-7ff5fa601000 ---p 00000000 00:00 0 
7ff5fa601000-7ff5fa6fe000 rw-p 00000000 00:00 0 
7ff5fa6fe000-7ff5fa702000 ---p 00000000 00:00 0 
7ff5fa702000-7ff5fa7ff000 rw-p 00000000 00:00 0 
7ff5fa7ff000-7ff5fa806000 r-xp 00000000 08:01 1989533                    /home/dmitry/Downloads/LOOM/loom/build/linux-x86_64-server-slowdebug/jdk/lib/libmanagement_ext.so
7ff5fa806000-7ff5faa05000 ---p 00007000 08:01 1989533                    /home/dmitry/Downloads/LOOM/loom/build/linux-x86_64-server-slowdebug/jdk/lib/libmanagement_ext.so
7ff5faa05000-7ff5faa06000 r--p 00006000 08:01 1989533                    /home/dmitry/Downloads/LOOM/loom/build/linux-x86_64-server-slowdebug/jdk/lib/libmanagement_ext.so
7ff5faa06000-7ff5faa07000 rw-p 00007000 08:01 1989533                    /home/dmitry/Downloads/LOOM/loom/build/linux-x86_64-server-slowdebug/jdk/lib/libmanagement_ext.so
7ff5faa07000-7ff5faa0c000 r-xp 00000000 08:01 1989509                    /home/dmitry/Downloads/LOOM/loom/build/linux-x86_64-server-slowdebug/jdk/lib/libmanagement.so
7ff5faa0c000-7ff5fac0b000 ---p 00005000 08:01 1989509                    /home/dmitry/Downloads/LOOM/loom/build/linux-x86_64-server-slowdebug/jdk/lib/libmanagement.so
7ff5fac0b000-7ff5fac0c000 r--p 00004000 08:01 1989509                    /home/dmitry/Downloads/LOOM/loom/build/linux-x86_64-server-slowdebug/jdk/lib/libmanagement.so
7ff5fac0c000-7ff5fac0d000 rw-p 00005000 08:01 1989509                    /home/dmitry/Downloads/LOOM/loom/build/linux-x86_64-server-slowdebug/jdk/lib/libmanagement.so
7ff5fac0d000-7ff5faccd000 rw-p 00000000 00:00 0 
7ff5faccd000-7ff5fae0d000 ---p 00000000 00:00 0 
7ff5fae0d000-7ff5fae0f000 r-xp 00000000 08:01 1989531                    /home/dmitry/Downloads/LOOM/loom/build/linux-x86_64-server-slowdebug/jdk/lib/libextnet.so
7ff5fae0f000-7ff5fb00e000 ---p 00002000 08:01 1989531                    /home/dmitry/Downloads/LOOM/loom/build/linux-x86_64-server-slowdebug/jdk/lib/libextnet.so
7ff5fb00e000-7ff5fb00f000 r--p 00001000 08:01 1989531                    /home/dmitry/Downloads/LOOM/loom/build/linux-x86_64-server-slowdebug/jdk/lib/libextnet.so
7ff5fb00f000-7ff5fb010000 rw-p 00002000 08:01 1989531                    /home/dmitry/Downloads/LOOM/loom/build/linux-x86_64-server-slowdebug/jdk/lib/libextnet.so
7ff5fb010000-7ff5fb014000 ---p 00000000 00:00 0 
7ff5fb014000-7ff5fb111000 rw-p 00000000 00:00 0 
7ff5fb111000-7ff5fb115000 ---p 00000000 00:00 0 
7ff5fb115000-7ff5fb212000 rw-p 00000000 00:00 0 
7ff5fb212000-7ff5fb213000 ---p 00000000 00:00 0 
7ff5fb213000-7ff5fb314000 rw-p 00000000 00:00 0 
7ff5fb314000-7ff5fb318000 ---p 00000000 00:00 0 
7ff5fb318000-7ff5fb415000 rw-p 00000000 00:00 0 
7ff5fb415000-7ff5fb430000 r-xp 00000000 08:01 1989495                    /home/dmitry/Downloads/LOOM/loom/build/linux-x86_64-server-slowdebug/jdk/lib/libnet.so
7ff5fb430000-7ff5fb62f000 ---p 0001b000 08:01 1989495                    /home/dmitry/Downloads/LOOM/loom/build/linux-x86_64-server-slowdebug/jdk/lib/libnet.so
7ff5fb62f000-7ff5fb630000 r--p 0001a000 08:01 1989495                    /home/dmitry/Downloads/LOOM/loom/build/linux-x86_64-server-slowdebug/jdk/lib/libnet.so
7ff5fb630000-7ff5fb631000 rw-p 0001b000 08:01 1989495                    /home/dmitry/Downloads/LOOM/loom/build/linux-x86_64-server-slowdebug/jdk/lib/libnet.so
7ff5fb631000-7ff5fc000000 r--p 00000000 08:01 10230401                   /usr/lib/locale/locale-archive
7ff5fc000000-7ff5fc021000 rw-p 00000000 00:00 0 
7ff5fc021000-7ff600000000 ---p 00000000 00:00 0 
7ff600000000-7ff600021000 rw-p 00000000 00:00 0 
7ff600021000-7ff604000000 ---p 00000000 00:00 0 
7ff604000000-7ff604021000 rw-p 00000000 00:00 0 
7ff604021000-7ff608000000 ---p 00000000 00:00 0 
7ff608000000-7ff608021000 rw-p 00000000 00:00 0 
7ff608021000-7ff60c000000 ---p 00000000 00:00 0 
7ff60c000000-7ff60c021000 rw-p 00000000 00:00 0 
7ff60c021000-7ff610000000 ---p 00000000 00:00 0 
7ff610000000-7ff610021000 rw-p 00000000 00:00 0 
7ff610021000-7ff614000000 ---p 00000000 00:00 0 
7ff614000000-7ff614021000 rw-p 00000000 00:00 0 
7ff614021000-7ff618000000 ---p 00000000 00:00 0 
7ff618024000-7ff618028000 ---p 00000000 00:00 0 
7ff618028000-7ff618156000 rw-p 00000000 00:00 0 
7ff618156000-7ff618168000 r-xp 00000000 08:01 1989499                    /home/dmitry/Downloads/LOOM/loom/build/linux-x86_64-server-slowdebug/jdk/lib/libnio.so
7ff618168000-7ff618367000 ---p 00012000 08:01 1989499                    /home/dmitry/Downloads/LOOM/loom/build/linux-x86_64-server-slowdebug/jdk/lib/libnio.so
7ff618367000-7ff618368000 r--p 00011000 08:01 1989499                    /home/dmitry/Downloads/LOOM/loom/build/linux-x86_64-server-slowdebug/jdk/lib/libnio.so
7ff618368000-7ff618369000 rw-p 00012000 08:01 1989499                    /home/dmitry/Downloads/LOOM/loom/build/linux-x86_64-server-slowdebug/jdk/lib/libnio.so
7ff618369000-7ff61836d000 ---p 00000000 00:00 0 
7ff61836d000-7ff61846a000 rw-p 00000000 00:00 0 
7ff61846a000-7ff61846e000 ---p 00000000 00:00 0 
7ff61846e000-7ff61856b000 rw-p 00000000 00:00 0 
7ff61856b000-7ff61856f000 ---p 00000000 00:00 0 
7ff61856f000-7ff61866c000 rw-p 00000000 00:00 0 
7ff61866c000-7ff618670000 ---p 00000000 00:00 0 
7ff618670000-7ff61876d000 rw-p 00000000 00:00 0 
7ff61876d000-7ff618771000 ---p 00000000 00:00 0 
7ff618771000-7ff61886e000 rw-p 00000000 00:00 0 
7ff61886e000-7ff618872000 ---p 00000000 00:00 0 
7ff618872000-7ff61896f000 rw-p 00000000 00:00 0 
7ff61896f000-7ff618970000 ---p 00000000 00:00 0 
7ff618970000-7ff6192f2000 rw-p 00000000 00:00 0 
7ff6192f2000-7ff6192f3000 ---p 00000000 00:00 0 
7ff6192f3000-7ff6193f4000 rw-p 00000000 00:00 0 
7ff6193f4000-7ff6193f5000 ---p 00000000 00:00 0 
7ff6193f5000-7ff61b8fa000 rw-p 00000000 00:00 0 
7ff61b8fa000-7ff61b8fb000 ---p 00000000 00:00 0 
7ff61b8fb000-7ff61b9fc000 rw-p 00000000 00:00 0 
7ff61b9fc000-7ff61b9fd000 ---p 00000000 00:00 0 
7ff61b9fd000-7ff61bafe000 rw-p 00000000 00:00 0 
7ff61bafe000-7ff61baff000 ---p 00000000 00:00 0 
7ff61baff000-7ff61bd40000 rw-p 00000000 00:00 0 
7ff61bd40000-7ff61d000000 ---p 00000000 00:00 0 
7ff61d000000-7ff61d270000 rwxp 00000000 00:00 0 
7ff61d270000-7ff61d590000 ---p 00000000 00:00 0 
7ff61d590000-7ff61d800000 rwxp 00000000 00:00 0 
7ff61d800000-7ff624ac8000 ---p 00000000 00:00 0 
7ff624ac8000-7ff624d38000 rwxp 00000000 00:00 0 
7ff624d38000-7ff62c000000 ---p 00000000 00:00 0 
7ff62c000000-7ff62c6bd000 rw-p 00000000 00:00 0 
7ff62c6bd000-7ff630000000 ---p 00000000 00:00 0 
7ff630024000-7ff6301bf000 rw-p 00000000 00:00 0 
7ff6301bf000-7ff63147f000 ---p 00000000 00:00 0 
7ff63147f000-7ff6314a7000 rw-p 00000000 00:00 0 
7ff6314a7000-7ff6316ff000 ---p 00000000 00:00 0 
7ff6316ff000-7ff631727000 rw-p 00000000 00:00 0 
7ff631727000-7ff63197f000 ---p 00000000 00:00 0 
7ff63197f000-7ff6319a7000 rw-p 00000000 00:00 0 
7ff6319a7000-7ff631bff000 ---p 00000000 00:00 0 
7ff631bff000-7ff632008000 rw-p 00000000 00:00 0 
7ff632008000-7ff6320ee000 ---p 00000000 00:00 0 
7ff6320ee000-7ff6320f3000 rw-p 00000000 00:00 0 
7ff6320f3000-7ff6321d9000 ---p 00000000 00:00 0 
7ff6321d9000-7ff6321f9000 r-xp 00000000 08:01 1989492                    /home/dmitry/Downloads/LOOM/loom/build/linux-x86_64-server-slowdebug/jdk/lib/libjimage.so
7ff6321f9000-7ff6323f8000 ---p 00020000 08:01 1989492                    /home/dmitry/Downloads/LOOM/loom/build/linux-x86_64-server-slowdebug/jdk/lib/libjimage.so
7ff6323f8000-7ff6323fa000 r--p 0001f000 08:01 1989492                    /home/dmitry/Downloads/LOOM/loom/build/linux-x86_64-server-slowdebug/jdk/lib/libjimage.so
7ff6323fa000-7ff6323fb000 rw-p 00021000 08:01 1989492                    /home/dmitry/Downloads/LOOM/loom/build/linux-x86_64-server-slowdebug/jdk/lib/libjimage.so
7ff6323fb000-7ff632404000 r-xp 00000000 08:01 1989488                    /home/dmitry/Downloads/LOOM/loom/build/linux-x86_64-server-slowdebug/jdk/lib/libzip.so
7ff632404000-7ff632603000 ---p 00009000 08:01 1989488                    /home/dmitry/Downloads/LOOM/loom/build/linux-x86_64-server-slowdebug/jdk/lib/libzip.so
7ff632603000-7ff632604000 r--p 00008000 08:01 1989488                    /home/dmitry/Downloads/LOOM/loom/build/linux-x86_64-server-slowdebug/jdk/lib/libzip.so
7ff632604000-7ff632605000 rw-p 00009000 08:01 1989488                    /home/dmitry/Downloads/LOOM/loom/build/linux-x86_64-server-slowdebug/jdk/lib/libzip.so
7ff632605000-7ff632610000 r-xp 00000000 08:01 1184572                    /lib/x86_64-linux-gnu/libnss_files-2.27.so
7ff632610000-7ff63280f000 ---p 0000b000 08:01 1184572                    /lib/x86_64-linux-gnu/libnss_files-2.27.so
7ff63280f000-7ff632810000 r--p 0000a000 08:01 1184572                    /lib/x86_64-linux-gnu/libnss_files-2.27.so
7ff632810000-7ff632811000 rw-p 0000b000 08:01 1184572                    /lib/x86_64-linux-gnu/libnss_files-2.27.so
7ff632811000-7ff632817000 rw-p 00000000 00:00 0 
7ff632817000-7ff63282e000 r-xp 00000000 08:01 1184566                    /lib/x86_64-linux-gnu/libnsl-2.27.so
7ff63282e000-7ff632a2d000 ---p 00017000 08:01 1184566                    /lib/x86_64-linux-gnu/libnsl-2.27.so
7ff632a2d000-7ff632a2e000 r--p 00016000 08:01 1184566                    /lib/x86_64-linux-gnu/libnsl-2.27.so
7ff632a2e000-7ff632a2f000 rw-p 00017000 08:01 1184566                    /lib/x86_64-linux-gnu/libnsl-2.27.so
7ff632a2f000-7ff632a31000 rw-p 00000000 00:00 0 
7ff632a31000-7ff632a3c000 r-xp 00000000 08:01 1184583                    /lib/x86_64-linux-gnu/libnss_nis-2.27.so
7ff632a3c000-7ff632c3b000 ---p 0000b000 08:01 1184583                    /lib/x86_64-linux-gnu/libnss_nis-2.27.so
7ff632c3b000-7ff632c3c000 r--p 0000a000 08:01 1184583                    /lib/x86_64-linux-gnu/libnss_nis-2.27.so
7ff632c3c000-7ff632c3d000 rw-p 0000b000 08:01 1184583                    /lib/x86_64-linux-gnu/libnss_nis-2.27.so
7ff632c3d000-7ff632c45000 r-xp 00000000 08:01 1184568                    /lib/x86_64-linux-gnu/libnss_compat-2.27.so
7ff632c45000-7ff632e45000 ---p 00008000 08:01 1184568                    /lib/x86_64-linux-gnu/libnss_compat-2.27.so
7ff632e45000-7ff632e46000 r--p 00008000 08:01 1184568                    /lib/x86_64-linux-gnu/libnss_compat-2.27.so
7ff632e46000-7ff632e47000 rw-p 00009000 08:01 1184568                    /lib/x86_64-linux-gnu/libnss_compat-2.27.so
7ff632e47000-7ff632e77000 r-xp 00000000 08:01 1989483                    /home/dmitry/Downloads/LOOM/loom/build/linux-x86_64-server-slowdebug/jdk/lib/libjava.so
7ff632e77000-7ff633076000 ---p 00030000 08:01 1989483                    /home/dmitry/Downloads/LOOM/loom/build/linux-x86_64-server-slowdebug/jdk/lib/libjava.so
7ff633076000-7ff633077000 r--p 0002f000 08:01 1989483                    /home/dmitry/Downloads/LOOM/loom/build/linux-x86_64-server-slowdebug/jdk/lib/libjava.so
7ff633077000-7ff633079000 rw-p 00030000 08:01 1989483                    /home/dmitry/Downloads/LOOM/loom/build/linux-x86_64-server-slowdebug/jdk/lib/libjava.so
7ff633079000-7ff63308b000 r-xp 00000000 08:01 1989472                    /home/dmitry/Downloads/LOOM/loom/build/linux-x86_64-server-slowdebug/jdk/lib/libverify.so
7ff63308b000-7ff63328b000 ---p 00012000 08:01 1989472                    /home/dmitry/Downloads/LOOM/loom/build/linux-x86_64-server-slowdebug/jdk/lib/libverify.so
7ff63328b000-7ff63328d000 r--p 00012000 08:01 1989472                    /home/dmitry/Downloads/LOOM/loom/build/linux-x86_64-server-slowdebug/jdk/lib/libverify.so
7ff63328d000-7ff63328e000 rw-p 00014000 08:01 1989472                    /home/dmitry/Downloads/LOOM/loom/build/linux-x86_64-server-slowdebug/jdk/lib/libverify.so
7ff63328e000-7ff63342b000 r-xp 00000000 08:01 1184545                    /lib/x86_64-linux-gnu/libm-2.27.so
7ff63342b000-7ff63362a000 ---p 0019d000 08:01 1184545                    /lib/x86_64-linux-gnu/libm-2.27.so
7ff63362a000-7ff63362b000 r--p 0019c000 08:01 1184545                    /lib/x86_64-linux-gnu/libm-2.27.so
7ff63362b000-7ff63362c000 rw-p 0019d000 08:01 1184545                    /lib/x86_64-linux-gnu/libm-2.27.so
7ff63362c000-7ff63550d000 r-xp 00000000 08:01 2135513                    /home/dmitry/Downloads/LOOM/loom/build/linux-x86_64-server-slowdebug/jdk/lib/server/libjvm.so
7ff63550d000-7ff63570d000 ---p 01ee1000 08:01 2135513                    /home/dmitry/Downloads/LOOM/loom/build/linux-x86_64-server-slowdebug/jdk/lib/server/libjvm.so
7ff63570d000-7ff635808000 r--p 01ee1000 08:01 2135513                    /home/dmitry/Downloads/LOOM/loom/build/linux-x86_64-server-slowdebug/jdk/lib/server/libjvm.so
7ff635808000-7ff635848000 rw-p 01fdc000 08:01 2135513                    /home/dmitry/Downloads/LOOM/loom/build/linux-x86_64-server-slowdebug/jdk/lib/server/libjvm.so
7ff635848000-7ff63591b000 rw-p 00000000 00:00 0 
7ff63591b000-7ff635935000 r-xp 00000000 08:01 1184615                    /lib/x86_64-linux-gnu/libpthread-2.27.so
7ff635935000-7ff635b34000 ---p 0001a000 08:01 1184615                    /lib/x86_64-linux-gnu/libpthread-2.27.so
7ff635b34000-7ff635b35000 r--p 00019000 08:01 1184615                    /lib/x86_64-linux-gnu/libpthread-2.27.so
7ff635b35000-7ff635b36000 rw-p 0001a000 08:01 1184615                    /lib/x86_64-linux-gnu/libpthread-2.27.so
7ff635b36000-7ff635b3a000 rw-p 00000000 00:00 0 
7ff635b3a000-7ff635b3d000 r-xp 00000000 08:01 1184505                    /lib/x86_64-linux-gnu/libdl-2.27.so
7ff635b3d000-7ff635d3c000 ---p 00003000 08:01 1184505                    /lib/x86_64-linux-gnu/libdl-2.27.so
7ff635d3c000-7ff635d3d000 r--p 00002000 08:01 1184505                    /lib/x86_64-linux-gnu/libdl-2.27.so
7ff635d3d000-7ff635d3e000 rw-p 00003000 08:01 1184505                    /lib/x86_64-linux-gnu/libdl-2.27.so
7ff635d3e000-7ff635d5a000 r-xp 00000000 08:01 1184654                    /lib/x86_64-linux-gnu/libz.so.1.2.11
7ff635d5a000-7ff635f59000 ---p 0001c000 08:01 1184654                    /lib/x86_64-linux-gnu/libz.so.1.2.11
7ff635f59000-7ff635f5a000 r--p 0001b000 08:01 1184654                    /lib/x86_64-linux-gnu/libz.so.1.2.11
7ff635f5a000-7ff635f5b000 rw-p 0001c000 08:01 1184654                    /lib/x86_64-linux-gnu/libz.so.1.2.11
7ff635f5b000-7ff636142000 r-xp 00000000 08:01 1184482                    /lib/x86_64-linux-gnu/libc-2.27.so
7ff636142000-7ff636342000 ---p 001e7000 08:01 1184482                    /lib/x86_64-linux-gnu/libc-2.27.so
7ff636342000-7ff636346000 r--p 001e7000 08:01 1184482                    /lib/x86_64-linux-gnu/libc-2.27.so
7ff636346000-7ff636348000 rw-p 001eb000 08:01 1184482                    /lib/x86_64-linux-gnu/libc-2.27.so
7ff636348000-7ff63634c000 rw-p 00000000 00:00 0 
7ff63634c000-7ff63635f000 r-xp 00000000 08:01 1989476                    /home/dmitry/Downloads/LOOM/loom/build/linux-x86_64-server-slowdebug/jdk/lib/libjli.so
7ff63635f000-7ff63655e000 ---p 00013000 08:01 1989476                    /home/dmitry/Downloads/LOOM/loom/build/linux-x86_64-server-slowdebug/jdk/lib/libjli.so
7ff63655e000-7ff63655f000 r--p 00012000 08:01 1989476                    /home/dmitry/Downloads/LOOM/loom/build/linux-x86_64-server-slowdebug/jdk/lib/libjli.so
7ff63655f000-7ff636560000 rw-p 00013000 08:01 1989476                    /home/dmitry/Downloads/LOOM/loom/build/linux-x86_64-server-slowdebug/jdk/lib/libjli.so
7ff636560000-7ff636587000 r-xp 00000000 08:01 1184454                    /lib/x86_64-linux-gnu/ld-2.27.so
7ff6365b4000-7ff636667000 rw-p 00000000 00:00 0 
7ff636667000-7ff63666e000 ---p 00000000 00:00 0 
7ff63666e000-7ff636672000 ---p 00000000 00:00 0 
7ff636672000-7ff636771000 rw-p 00000000 00:00 0 
7ff63677a000-7ff636782000 rw-s 00000000 08:01 525055                     /tmp/hsperfdata_dmitry/27948
7ff636782000-7ff636783000 ---p 00000000 00:00 0 
7ff636783000-7ff636784000 r--p 00000000 00:00 0 
7ff636784000-7ff636785000 rwxp 00000000 00:00 0 
7ff636785000-7ff636787000 rw-p 00000000 00:00 0 
7ff636787000-7ff636788000 r--p 00027000 08:01 1184454                    /lib/x86_64-linux-gnu/ld-2.27.so
7ff636788000-7ff636789000 rw-p 00028000 08:01 1184454                    /lib/x86_64-linux-gnu/ld-2.27.so
7ff636789000-7ff63678a000 rw-p 00000000 00:00 0 
7ffd41bdd000-7ffd41c00000 rw-p 00000000 00:00 0                          [stack]
7ffd41d4a000-7ffd41d4d000 r--p 00000000 00:00 0                          [vvar]
7ffd41d4d000-7ffd41d4f000 r-xp 00000000 00:00 0                          [vdso]
ffffffffff600000-ffffffffff601000 r-xp 00000000 00:00 0                  [vsyscall]


VM Arguments:
jvm_args: -Didea.launcher.port=15869 -Didea.launcher.bin.path=/home/dmitry/Downloads/idea-IC-183.5912.21/bin -Dfile.encoding=UTF-8 
java_command: com.intellij.rt.execution.application.AppMainV2 NewMain
java_class_path (initial): /home/dmitry/Downloads/LOOM/loom/build/linux-x86_64-server-slowdebug/jdk/modules/java.base:/home/dmitry/Downloads/LOOM/loom/build/linux-x86_64-server-slowdebug/jdk/modules/java.compiler:/home/dmitry/Downloads/LOOM/loom/build/linux-x86_64-server-slowdebug/jdk/modules/java.datatransfer:/home/dmitry/Downloads/LOOM/loom/build/linux-x86_64-server-slowdebug/jdk/modules/java.desktop:/home/dmitry/Downloads/LOOM/loom/build/linux-x86_64-server-slowdebug/jdk/modules/java.instrument:/home/dmitry/Downloads/LOOM/loom/build/linux-x86_64-server-slowdebug/jdk/modules/java.logging:/home/dmitry/Downloads/LOOM/loom/build/linux-x86_64-server-slowdebug/jdk/modules/java.management:/home/dmitry/Downloads/LOOM/loom/build/linux-x86_64-server-slowdebug/jdk/modules/java.management.rmi:/home/dmitry/Downloads/LOOM/loom/build/linux-x86_64-server-slowdebug/jdk/modules/java.naming:/home/dmitry/Downloads/LOOM/loom/build/linux-x86_64-server-slowdebug/jdk/modules/java.net.http:/home/dmitry/Downloads/LOOM/loom/build/linux-x86_64-server-slowdebug/jdk/modules/java.prefs:/home/dmitry/Downloads/LOOM/loom/build/linux-x86_64-server-slowdebug/jdk/modules/java.rmi:/home/dmitry/Downloads/LOOM/loom/build/linux-x86_64-server-slowdebug/jdk/modules/java.scripting:/home/dmitry/Downloads/LOOM/loom/build/linux-x86_64-server-slowdebug/jdk/modules/java.se:/home/dmitry/Downloads/LOOM/loom/build/linux-x86_64-server-slowdebug/jdk/modules/java.security.jgss:/home/dmitry/Downloads/LOOM/loom/build/linux-x86_64-server-slowdebug/jdk/modules/java.security.sasl:/home/dmitry/Downloads/LOOM/loom/build/linux-x86_64-server-slowdebug/jdk/modules/java.smartcardio:/home/dmitry/Downloads/LOOM/loom/build/linux-x86_64-server-slowdebug/jdk/modules/java.sql:/home/dmitry/Downloads/LOOM/loom/build/linux-x86_64-server-slowdebug/jdk/modules/java.sql.rowset:/home/dmitry/Downloads/LOOM/loom/build/linux-x86_64-server-slowdebug/jdk/modules/java.transaction.xa:/home/dmitry/Downloads/LOOM/loom/build/linux-x86_64-server-slo
Launcher Type: SUN_STANDARD

[Global flags]
     intx CICompilerCount                          = 3                                         {product} {ergonomic}     Number of compiler threads to run
     uint ConcGCThreads                            = 1                                         {product} {ergonomic}     Number of threads concurrent gc will use
     uint G1ConcRefinementThreads                  = 4                                         {product} {ergonomic}     The number of parallel rem set update threads. Will be set ergonomically by default.
   size_t G1HeapRegionSize                         = 1048576                                   {product} {ergonomic}     Size of the G1 regions.
    uintx GCDrainStackTargetSize                   = 64                                        {product} {ergonomic}     Number of entries we will try to leave on the stack during parallel gc
   size_t InitialHeapSize                          = 83886080                                  {product} {ergonomic}     Initial heap size (in bytes); zero means use ergonomics
   size_t MarkStackSize                            = 4194304                                   {product} {ergonomic}     Size of marking stack
   size_t MaxHeapSize                              = 1342177280                                {product} {ergonomic}     Maximum heap size (in bytes)
   size_t MaxNewSize                               = 805306368                                 {product} {ergonomic}     Maximum new generation size (in bytes), max_uintx means set ergonomically
   size_t MinHeapDeltaBytes                        = 1048576                                   {product} {ergonomic}     The minimum change in heap space due to GC (in bytes)
    uintx NonNMethodCodeHeapSize                   = 5830732                                {pd product} {ergonomic}     Size of code heap with non-nmethods (in bytes)
    uintx NonProfiledCodeHeapSize                  = 122913754                              {pd product} {ergonomic}     Size of code heap with non-profiled methods (in bytes)
    uintx ProfiledCodeHeapSize                     = 122913754                              {pd product} {ergonomic}     Size of code heap with profiled methods (in bytes)
    uintx ReservedCodeCacheSize                    = 251658240                              {pd product} {ergonomic}     Reserved code cache size (in bytes) - maximum code cache size
     bool SegmentedCodeCache                       = true                                      {product} {ergonomic}     Use a segmented code cache
     bool UseCompressedClassPointers               = true                                 {lp64_product} {ergonomic}     Use 32-bit class pointers in 64-bit VM. lp64_product means flag is always constant in 32 bit VM
     bool UseCompressedOops                        = true                                 {lp64_product} {ergonomic}     Use 32-bit object references in 64-bit VM. lp64_product means flag is always constant in 32 bit VM
     bool UseG1GC                                  = true                                      {product} {ergonomic}     Use the Garbage-First garbage collector

Logging:
Log output configuration:
 #0: stdout all=warning uptime,level,tags
 #1: stderr all=off uptime,level,tags

Environment Variables:
JAVA_HOME=/home/dmitry/usr/local/java/jdk1.8.0
PATH=/bin:/home/dmitry/Downloads/LOOM/loom/build/linux-x86_64-server-slowdebug/jdk/bin:/usr/local/sbin:/usr/local/bin:/usr/sbin:/usr/bin:/sbin:/bin:/usr/games:/usr/local/games:/snap/bin
USERNAME=dmitry
SHELL=/bin/bash
DISPLAY=:0

Signal Handlers:
SIGSEGV: [libjvm.so+0x13a978f], sa_mask[0]=11111111011111111101111111111110, sa_flags=SA_RESTART|SA_SIGINFO
SIGBUS: [libjvm.so+0x13a978f], sa_mask[0]=11111111011111111101111111111110, sa_flags=SA_RESTART|SA_SIGINFO
SIGFPE: [libjvm.so+0x13a978f], sa_mask[0]=11111111011111111101111111111110, sa_flags=SA_RESTART|SA_SIGINFO
SIGPIPE: [libjvm.so+0x107aecc], sa_mask[0]=11111111011111111101111111111110, sa_flags=SA_RESTART|SA_SIGINFO
SIGXFSZ: [libjvm.so+0x107aecc], sa_mask[0]=11111111011111111101111111111110, sa_flags=SA_RESTART|SA_SIGINFO
SIGILL: [libjvm.so+0x13a978f], sa_mask[0]=11111111011111111101111111111110, sa_flags=SA_RESTART|SA_SIGINFO
SIGUSR2: [libjvm.so+0x107a6e7], sa_mask[0]=00100000000000000000000000000000, sa_flags=SA_RESTART|SA_SIGINFO
SIGHUP: [libjvm.so+0x1076502], sa_mask[0]=11111111011111111101111111111110, sa_flags=SA_RESTART|SA_SIGINFO
SIGINT: [libjvm.so+0x1076502], sa_mask[0]=11111111011111111101111111111110, sa_flags=SA_RESTART|SA_SIGINFO
SIGTERM: [libjvm.so+0x1076502], sa_mask[0]=11111111011111111101111111111110, sa_flags=SA_RESTART|SA_SIGINFO
SIGQUIT: [libjvm.so+0x1076502], sa_mask[0]=11111111011111111101111111111110, sa_flags=SA_RESTART|SA_SIGINFO


---------------  S Y S T E M  ---------------

OS:DISTRIB_ID=Ubuntu
DISTRIB_RELEASE=18.04
DISTRIB_CODENAME=bionic
DISTRIB_DESCRIPTION="Ubuntu 18.04.2 LTS"
uname:Linux dmitry-VirtualBox 4.18.0-21-generic #22~18.04.1-Ubuntu SMP Thu May 16 15:07:19 UTC 2019 x86_64
libc:glibc 2.27 NPTL 2.27 
rlimit: STACK 8192k, CORE 0k, NPROC 20272, NOFILE 4096, AS infinity, DATA infinity, FSIZE infinity
load average:3,95 2,94 2,76

/proc/meminfo:
MemTotal:        5234988 kB
MemFree:          236376 kB
MemAvailable:    2166136 kB
Buffers:          167160 kB
Cached:          1884628 kB
SwapCached:            0 kB
Active:          3060280 kB
Inactive:        1544968 kB
Active(anon):    2037216 kB
Inactive(anon):   578764 kB
Active(file):    1023064 kB
Inactive(file):   966204 kB
Unevictable:          32 kB
Mlocked:              32 kB
SwapTotal:       2097148 kB
SwapFree:        2096624 kB
Dirty:              1708 kB
Writeback:             0 kB
AnonPages:       2553512 kB
Mapped:           259000 kB
Shmem:             62520 kB
Slab:             274608 kB
SReclaimable:     231792 kB
SUnreclaim:        42816 kB
KernelStack:        9920 kB
PageTables:        35932 kB
NFS_Unstable:          0 kB
Bounce:                0 kB
WritebackTmp:          0 kB
CommitLimit:     4714640 kB
Committed_AS:    5659220 kB
VmallocTotal:   34359738367 kB
VmallocUsed:           0 kB
VmallocChunk:          0 kB
HardwareCorrupted:     0 kB
AnonHugePages:         0 kB
ShmemHugePages:        0 kB
ShmemPmdMapped:        0 kB
CmaTotal:              0 kB
CmaFree:               0 kB
HugePages_Total:       0
HugePages_Free:        0
HugePages_Rsvd:        0
HugePages_Surp:        0
Hugepagesize:       2048 kB
Hugetlb:               0 kB
DirectMap4k:      153536 kB
DirectMap2M:     5257216 kB


/proc/sys/kernel/threads-max (system-wide limit on the number of threads):
40544


/proc/sys/vm/max_map_count (maximum number of memory map areas a process may have):
65530


/proc/sys/kernel/pid_max (system-wide limit on number of process identifiers):
32768



container (cgroup) information:
container_type: cgroupv1
cpu_cpuset_cpus: 0-3
cpu_memory_nodes: 0
active_processor_count: 4
cpu_quota: no quota
cpu_period: 100000
cpu_shares: no shares
memory_limit_in_bytes: unlimited
memory_and_swap_limit_in_bytes: not supported
memory_soft_limit_in_bytes: unlimited
memory_usage_in_bytes: 4715819008
memory_max_usage_in_bytes: 2060288

KVM virtualization detected
Steal ticks since vm start: 0
Steal ticks percentage since vm start:  0,000

CPU:total 4 (initial active 4) (4 cores per cpu, 1 threads per core) family 6 model 60 stepping 3, cmov, cx8, fxsr, mmx, sse, sse2, sse3, ssse3, sse4.1, sse4.2, popcnt, avx, avx2, aes, clmul, lzcnt, tsc, tscinvbit
CPU Model and flags from /proc/cpuinfo:
model name	: Intel(R) Core(TM) i7-4700HQ CPU @ 2.40GHz
flags		: fpu vme de pse tsc msr pae mce cx8 apic sep mtrr pge mca cmov pat pse36 clflush mmx fxsr sse sse2 ht syscall nx rdtscp lm constant_tsc rep_good nopl xtopology nonstop_tsc cpuid tsc_known_freq pni pclmulqdq ssse3 cx16 pcid sse4_1 sse4_2 x2apic movbe popcnt aes xsave avx rdrand hypervisor lahf_lm abm invpcid_single pti fsgsbase avx2 invpcid flush_l1d

Memory: 4k page, physical 5234988k(236376k free), swap 2097148k(2096624k free)

vm_info: OpenJDK 64-Bit Server VM (slowdebug 13-internal+0-adhoc.dmitry.loom) for linux-amd64 JRE (13-internal+0-adhoc.dmitry.loom), built on Jun 13 2019 08:40:47 by "dmitry" with gcc 7.4.0

END.
