#
# A fatal error has been detected by the Java Runtime Environment:
#
#  SIGSEGV (0xb) at pc=0x00007fe9f907eeca, pid=2724, tid=2752
#
# JRE version: OpenJDK Runtime Environment (13.0) (build 13-internal+0-adhoc.dmitry.loom)
# Java VM: OpenJDK 64-Bit Server VM (13-internal+0-adhoc.dmitry.loom, mixed mode, tiered, compressed oops, g1 gc, linux-amd64)
# Problematic frame:
# V  [libjvm.so+0x683eca]  ContMirror::read()+0x1a
#
# Core dump will be written. Default location: Core dumps may be processed with "/usr/share/apport/apport %p %s %c %d %P" (or dumping to /home/dmitry/Downloads/LoadDetector/core.2724)
#
# If you would like to submit a bug report, please visit:
#   http://bugreport.java.com/bugreport/crash.jsp
#

---------------  S U M M A R Y ------------

Command Line: -agentlib:jdwp=transport=dt_socket,address=127.0.0.1:3079,suspend=y,server=n -Dfile.encoding=UTF-8 Main

Host: Intel(R) Core(TM) i7-4700HQ CPU @ 2.40GHz, 4 cores, 4G, Ubuntu 18.04.2 LTS
Time: Wed May 15 15:11:06 2019 MSK elapsed time: 39 seconds (0d 0h 0m 39s)

---------------  T H R E A D  ---------------

Current thread (0x00007fe9f42cf800):  JavaThread "Thread-1" [_thread_in_vm, id=2752, stack(0x00007fe9d04d1000,0x00007fe9d05d2000)]

Stack: [0x00007fe9d04d1000,0x00007fe9d05d2000],  sp=0x00007fe9d05ce1b0,  free space=1012k
Native frames: (J=compiled Java code, A=aot compiled Java code, j=interpreted, Vv=VM code, C=native code)
V  [libjvm.so+0x683eca]  ContMirror::read()+0x1a
V  [libjvm.so+0x688b27]  Continuation::freeze0(JavaThread*, FrameInfo*, bool) [clone .part.304]+0x507
V  [libjvm.so+0x689277]  Continuation::freeze(JavaThread*, FrameInfo*)+0x127
v  ~RuntimeStub::cont_doYield
C  0x00007fe9d05d0838
j  java.lang.Continuation.pause(Ljava/lang/ContinuationScope;)Z+3 java.base
j  Main.lambda$main$1(Ljava/lang/Continuation;Ljava/lang/ContinuationScope;Ljava/lang/Thread;)V+21
j  Main$$Lambda$42.run()V+12
j  java.lang.Thread.run()V+11 java.base
v  ~StubRoutines::call_stub
V  [libjvm.so+0x8bcf09]  JavaCalls::call_helper(JavaValue*, methodHandle const&, JavaCallArguments*, Thread*)+0x3c9
V  [libjvm.so+0x8baf25]  JavaCalls::call_virtual(JavaValue*, Handle, Klass*, Symbol*, Symbol*, Thread*)+0x1e5
V  [libjvm.so+0x965d9c]  thread_entry(JavaThread*, Thread*)+0x6c
V  [libjvm.so+0xf73852]  JavaThread::run()+0x232
V  [libjvm.so+0xf715cd]  Thread::call_run()+0x10d
V  [libjvm.so+0xc8b937]  thread_native_entry(Thread*)+0xe7

Java frames: (J=compiled Java code, j=interpreted, Vv=VM code)
v  ~RuntimeStub::cont_doYield
j  java.lang.Continuation.yield0(Ljava/lang/ContinuationScope;Ljava/lang/Continuation;)Z+60 java.base
j  java.lang.Continuation.pause(Ljava/lang/ContinuationScope;)Z+3 java.base
j  Main.lambda$main$1(Ljava/lang/Continuation;Ljava/lang/ContinuationScope;Ljava/lang/Thread;)V+21
j  Main$$Lambda$42.run()V+12
j  java.lang.Thread.run()V+11 java.base
v  ~StubRoutines::call_stub

siginfo: si_signo: 11 (SIGSEGV), si_code: 1 (SEGV_MAPERR), si_addr: 0x0000000000000020

Register to memory mapping:

RAX=0x0000000000000020 is an unknown value
RBX=0x00007fe9d05cf550 is pointing into the stack for thread: 0x00007fe9f42cf800
RCX=0x00007fe9e4375c98 is pointing into interpreter code (not bytecode specific)
RDX=0x00007fe9fa079b58: <offset 0x000000000167eb58> in /home/dmitry/Downloads/LOOM/loom/build/linux-x86_64-server-release/jdk/lib/server/libjvm.so at 0x00007fe9f89fb000
RSP=0x00007fe9d05ce1b0 is pointing into the stack for thread: 0x00007fe9f42cf800
RBP=0x00007fe9d05ce1c0 is pointing into the stack for thread: 0x00007fe9f42cf800
RSI=0x00007fe9d05d0838 is pointing into the stack for thread: 0x00007fe9f42cf800
RDI=0x0 is NULL
R8 =0x00007fe9e4362000 points into unknown readable memory: 04 00 00 00 00 00 00 00
R9 =0x000000000000000b is an unknown value
R10=0x0000000000000800 is an unknown value
R11=0x0000000000000400 is an unknown value
R12=0x00007fe9b80218f0 points into unknown readable memory: 00 00 00 00 00 00 00 00
R13=0x00007fe9d05cf550 is pointing into the stack for thread: 0x00007fe9f42cf800
R14=0x00007fe9f42ca450 points into unknown readable memory: 02 00 00 00 00 00 00 00
R15=0x00007fe9d05d0810 is pointing into the stack for thread: 0x00007fe9f42cf800


Registers:
RAX=0x0000000000000020, RBX=0x00007fe9d05cf550, RCX=0x00007fe9e4375c98, RDX=0x00007fe9fa079b58
RSP=0x00007fe9d05ce1b0, RBP=0x00007fe9d05ce1c0, RSI=0x00007fe9d05d0838, RDI=0x0000000000000000
R8 =0x00007fe9e4362000, R9 =0x000000000000000b, R10=0x0000000000000800, R11=0x0000000000000400
R12=0x00007fe9b80218f0, R13=0x00007fe9d05cf550, R14=0x00007fe9f42ca450, R15=0x00007fe9d05d0810
RIP=0x00007fe9f907eeca, EFLAGS=0x0000000000010202, CSGSFS=0x002b000000000033, ERR=0x0000000000000004
  TRAPNO=0x000000000000000e

Top of Stack: (sp=0x00007fe9d05ce1b0)
0x00007fe9d05ce1b0:   00007fe9e437b4c0 00007fe9f42cf800
0x00007fe9d05ce1c0:   00007fe9d05d07c0 00007fe9f9083b27
0x00007fe9d05ce1d0:   00007fe9f42cf800 00007fe9d05ce2d0
0x00007fe9d05ce1e0:   0000000000000000 00007fe9fa077220 

Instructions: (pc=0x00007fe9f907eeca)
0x00007fe9f907edca:   08 48 63 00 89 0c 02 48 8d 05 fc e4 fd 00 48 8b
0x00007fe9f907edda:   4b 30 48 8b 53 08 48 63 00 48 89 0c 02 48 8d 05
0x00007fe9f907edea:   de e4 fd 00 48 8b 53 08 48 8b 4b 38 48 63 00 48
0x00007fe9f907edfa:   89 0c 02 48 8d 05 c4 e4 fd 00 8b 4b 60 48 8b 53
0x00007fe9f907ee0a:   08 48 63 00 89 0c 02 48 8d 05 c8 e4 fd 00 48 8b
0x00007fe9f907ee1a:   53 08 48 8b 4b 10 48 63 00 48 89 0c 02 48 8d 05
0x00007fe9f907ee2a:   ae e4 fd 00 48 8b 4b 18 48 8b 53 08 48 63 00 48
0x00007fe9f907ee3a:   89 0c 02 48 8d 05 94 e4 fd 00 48 63 00 48 8b 53
0x00007fe9f907ee4a:   08 48 8b 4b 20 48 89 0c 02 48 8d 05 9e e4 fd 00
0x00007fe9f907ee5a:   48 8b 53 08 48 8b 4b 58 48 63 00 89 0c 02 48 8d
0x00007fe9f907ee6a:   05 51 e4 fd 00 0f b6 4b 70 48 8b 53 08 48 63 00
0x00007fe9f907ee7a:   88 0c 02 48 8d 05 70 e4 fd 00 0f b7 4b 74 48 8b
0x00007fe9f907ee8a:   53 08 48 63 00 66 89 0c 02 48 8d 05 56 e4 fd 00
0x00007fe9f907ee9a:   0f b7 4b 72 48 8b 53 08 48 63 00 66 89 0c 02 48
0x00007fe9f907eeaa:   83 c4 08 5b 5d c3 55 48 89 e5 53 48 89 fb 48 83
0x00007fe9f907eeba:   ec 08 48 8d 05 1d e4 fd 00 48 8b 7f 08 48 63 00
0x00007fe9f907eeca:   48 8b 04 38 48 89 43 10 48 8d 05 03 e4 fd 00 48
0x00007fe9f907eeda:   63 00 48 8b 04 38 48 89 43 18 48 8d 05 ed e3 fd
0x00007fe9f907eeea:   00 48 63 00 48 8b 04 38 48 89 43 20 48 8d 05 d3
0x00007fe9f907eefa:   e3 fd 00 48 63 00 8b 04 38 89 43 28 48 8d 05 c7
0x00007fe9f907ef0a:   e3 fd 00 48 63 00 48 8b 04 38 48 89 43 30 48 8d
0x00007fe9f907ef1a:   05 ad e3 fd 00 48 63 00 48 8b 04 38 48 89 43 38
0x00007fe9f907ef2a:   48 8d 05 cb e3 fd 00 48 63 30 ff 15 06 41 f7 00
0x00007fe9f907ef3a:   48 85 c0 48 89 43 40 0f 84 b9 01 00 00 48 8d 15
0x00007fe9f907ef4a:   8e c8 fd 00 80 3a 01 48 19 c9 83 e1 04 80 3a 01
0x00007fe9f907ef5a:   8b 4c 08 0c 48 19 d2 89 4b 48 83 e2 08 48 8d 44
0x00007fe9f907ef6a:   10 10 48 89 43 50 48 8d 05 81 e3 fd 00 48 8b 7b
0x00007fe9f907ef7a:   08 48 63 00 48 63 04 07 48 89 43 58 48 8d 05 5f
0x00007fe9f907ef8a:   e3 fd 00 48 63 30 ff 15 aa 40 f7 00 48 8d 15 2b
0x00007fe9f907ef9a:   e3 fd 00 48 89 43 68 48 8b 43 08 48 83 3d 83 ad
0x00007fe9f907efaa:   fb 00 00 48 63 12 8b 14 02 89 53 60 48 8d 15 03
0x00007fe9f907efba:   e3 fd 00 48 63 12 0f b6 14 02 88 53 70 48 8d 15 


Stack slot to memory mapping:
stack at sp + 0 slots: 0x00007fe9e437b4c0 is at code_begin+3872 in an Interpreter codelet
invoke return entry points  [0x00007fe9e437a5a0, 0x00007fe9e437cdc0]  10272 bytes
stack at sp + 1 slots: 0x00007fe9f42cf800 is a thread
stack at sp + 2 slots: 0x00007fe9d05d07c0 is pointing into the stack for thread: 0x00007fe9f42cf800
stack at sp + 3 slots: 0x00007fe9f9083b27: <offset 0x0000000000688b27> in /home/dmitry/Downloads/LOOM/loom/build/linux-x86_64-server-release/jdk/lib/server/libjvm.so at 0x00007fe9f89fb000
stack at sp + 4 slots: 0x00007fe9f42cf800 is a thread
stack at sp + 5 slots: 0x00007fe9d05ce2d0 is pointing into the stack for thread: 0x00007fe9f42cf800
stack at sp + 6 slots: 0x0 is NULL
stack at sp + 7 slots: 0x00007fe9fa077220: <offset 0x000000000167c220> in /home/dmitry/Downloads/LOOM/loom/build/linux-x86_64-server-release/jdk/lib/server/libjvm.so at 0x00007fe9f89fb000


---------------  P R O C E S S  ---------------

Threads class SMR info:
_java_thread_list=0x00007fe984002e90, length=13, elements={
0x00007fe9f413b800, 0x00007fe9f413f000, 0x00007fe9f4161000, 0x00007fe9f4165800,
0x00007fe9f4167800, 0x00007fe9f4169800, 0x00007fe9f4182000, 0x00007fe9f42b7000,
0x00007fe9f42ba800, 0x00007fe99c001800, 0x00007fe9f42bc800, 0x00007fe9f42cf800,
0x00007fe9f4017800
}

Java Threads: ( => current thread )
  0x00007fe9f413b800 JavaThread "Reference Handler" daemon [_thread_blocked, id=2733, stack(0x00007fe9e021b000,0x00007fe9e031c000)]
  0x00007fe9f413f000 JavaThread "Finalizer" daemon [_thread_blocked, id=2734, stack(0x00007fe9e011a000,0x00007fe9e021b000)]
  0x00007fe9f4161000 JavaThread "Signal Dispatcher" daemon [_thread_blocked, id=2735, stack(0x00007fe9e0019000,0x00007fe9e011a000)]
  0x00007fe9f4165800 JavaThread "C2 CompilerThread0" daemon [_thread_blocked, id=2736, stack(0x00007fe9d0d30000,0x00007fe9d0e31000)]
  0x00007fe9f4167800 JavaThread "C1 CompilerThread0" daemon [_thread_blocked, id=2737, stack(0x00007fe9d0c2f000,0x00007fe9d0d30000)]
  0x00007fe9f4169800 JavaThread "Sweeper thread" daemon [_thread_blocked, id=2738, stack(0x00007fe9d0b2e000,0x00007fe9d0c2f000)]
  0x00007fe9f4182000 JavaThread "Common-Cleaner" daemon [_thread_blocked, id=2739, stack(0x00007fe9d05d2000,0x00007fe9d06d3000)]
  0x00007fe9f42b7000 JavaThread "JDWP Transport Listener: dt_socket" daemon [_thread_blocked, id=2743, stack(0x00007fe9d01ca000,0x00007fe9d02cb000)]
  0x00007fe9f42ba800 JavaThread "JDWP Event Helper Thread" daemon [_thread_blocked, id=2744, stack(0x00007fe9d00c9000,0x00007fe9d01ca000)]
  0x00007fe99c001800 JavaThread "JDWP Command Reader" daemon [_thread_in_native, id=2745, stack(0x00007fe99beff000,0x00007fe99c000000)]
  0x00007fe9f42bc800 JavaThread "Service Thread" daemon [_thread_blocked, id=2750, stack(0x00007fe99bdfe000,0x00007fe99beff000)]
=>0x00007fe9f42cf800 JavaThread "Thread-1" [_thread_in_vm, id=2752, stack(0x00007fe9d04d1000,0x00007fe9d05d2000)]
  0x00007fe9f4017800 JavaThread "DestroyJavaVM" [_thread_blocked, id=2725, stack(0x00007fe9fadff000,0x00007fe9faf00000)]

Other Threads:
  0x00007fe9f412f800 VMThread "VM Thread" [stack: 0x00007fe9e031e000,0x00007fe9e041e000] [id=2732]
  0x00007fe9f42bf000 WatcherThread [stack: 0x00007fe99bcfe000,0x00007fe99bdfe000] [id=2751]
  0x00007fe9f405b000 GCTaskThread "GC Thread#0" [stack: 0x00007fe9e0d08000,0x00007fe9e0e08000] [id=2727]
  0x00007fe9f4065000 ConcurrentGCThread "G1 Main Marker" [stack: 0x00007fe9e0c06000,0x00007fe9e0d06000] [id=2728]
  0x00007fe9f4066800 ConcurrentGCThread "G1 Conc#0" [stack: 0x00007fe9e0b04000,0x00007fe9e0c04000] [id=2729]
  0x00007fe9f40bb000 ConcurrentGCThread "G1 Refine#0" [stack: 0x00007fe9e05fe000,0x00007fe9e06fe000] [id=2730]
  0x00007fe9f40bc800 ConcurrentGCThread "G1 Young RemSet Sampling" [stack: 0x00007fe9e04fc000,0x00007fe9e05fc000] [id=2731]

Threads with active compile tasks:

VM state:not at safepoint (normal execution)

VM Mutex/Monitor currently owned by a thread: None

Heap address: 0x00000000b0000000, size: 1280 MB, Compressed Oops mode: 32-bit
Narrow klass base: 0x0000000000000000, Narrow klass shift: 3
Compressed class space size: 1073741824 Address: 0x0000000100000000

Heap:
 garbage-first heap   total 81920K, used 7168K [0x00000000b0000000, 0x0000000100000000)
  region size 1024K, 8 young (8192K), 0 survivors (0K)
 Metaspace       used 7081K, capacity 7212K, committed 7424K, reserved 1056768K
  class space    used 610K, capacity 663K, committed 768K, reserved 1048576K
Heap Regions: E=young(eden), S=young(survivor), O=old, HS=humongous(starts), HC=humongous(continues), CS=collection set, F=free, A=archive, TAMS=top-at-mark-start (previous, next)
|   0|0x00000000b0000000, 0x00000000b0000000, 0x00000000b0100000|  0%| F|  |TAMS 0x00000000b0000000, 0x00000000b0000000| Untracked 
|   1|0x00000000b0100000, 0x00000000b0100000, 0x00000000b0200000|  0%| F|  |TAMS 0x00000000b0100000, 0x00000000b0100000| Untracked 
|   2|0x00000000b0200000, 0x00000000b0200000, 0x00000000b0300000|  0%| F|  |TAMS 0x00000000b0200000, 0x00000000b0200000| Untracked 
|   3|0x00000000b0300000, 0x00000000b0300000, 0x00000000b0400000|  0%| F|  |TAMS 0x00000000b0300000, 0x00000000b0300000| Untracked 
|   4|0x00000000b0400000, 0x00000000b0400000, 0x00000000b0500000|  0%| F|  |TAMS 0x00000000b0400000, 0x00000000b0400000| Untracked 
|   5|0x00000000b0500000, 0x00000000b0500000, 0x00000000b0600000|  0%| F|  |TAMS 0x00000000b0500000, 0x00000000b0500000| Untracked 
|   6|0x00000000b0600000, 0x00000000b0600000, 0x00000000b0700000|  0%| F|  |TAMS 0x00000000b0600000, 0x00000000b0600000| Untracked 
|   7|0x00000000b0700000, 0x00000000b0700000, 0x00000000b0800000|  0%| F|  |TAMS 0x00000000b0700000, 0x00000000b0700000| Untracked 
|   8|0x00000000b0800000, 0x00000000b0800000, 0x00000000b0900000|  0%| F|  |TAMS 0x00000000b0800000, 0x00000000b0800000| Untracked 
|   9|0x00000000b0900000, 0x00000000b0900000, 0x00000000b0a00000|  0%| F|  |TAMS 0x00000000b0900000, 0x00000000b0900000| Untracked 
|  10|0x00000000b0a00000, 0x00000000b0a00000, 0x00000000b0b00000|  0%| F|  |TAMS 0x00000000b0a00000, 0x00000000b0a00000| Untracked 
|  11|0x00000000b0b00000, 0x00000000b0b00000, 0x00000000b0c00000|  0%| F|  |TAMS 0x00000000b0b00000, 0x00000000b0b00000| Untracked 
|  12|0x00000000b0c00000, 0x00000000b0c00000, 0x00000000b0d00000|  0%| F|  |TAMS 0x00000000b0c00000, 0x00000000b0c00000| Untracked 
|  13|0x00000000b0d00000, 0x00000000b0d00000, 0x00000000b0e00000|  0%| F|  |TAMS 0x00000000b0d00000, 0x00000000b0d00000| Untracked 
|  14|0x00000000b0e00000, 0x00000000b0e00000, 0x00000000b0f00000|  0%| F|  |TAMS 0x00000000b0e00000, 0x00000000b0e00000| Untracked 
|  15|0x00000000b0f00000, 0x00000000b0f00000, 0x00000000b1000000|  0%| F|  |TAMS 0x00000000b0f00000, 0x00000000b0f00000| Untracked 
|  16|0x00000000b1000000, 0x00000000b1000000, 0x00000000b1100000|  0%| F|  |TAMS 0x00000000b1000000, 0x00000000b1000000| Untracked 
|  17|0x00000000b1100000, 0x00000000b1100000, 0x00000000b1200000|  0%| F|  |TAMS 0x00000000b1100000, 0x00000000b1100000| Untracked 
|  18|0x00000000b1200000, 0x00000000b1200000, 0x00000000b1300000|  0%| F|  |TAMS 0x00000000b1200000, 0x00000000b1200000| Untracked 
|  19|0x00000000b1300000, 0x00000000b1300000, 0x00000000b1400000|  0%| F|  |TAMS 0x00000000b1300000, 0x00000000b1300000| Untracked 
|  20|0x00000000b1400000, 0x00000000b1400000, 0x00000000b1500000|  0%| F|  |TAMS 0x00000000b1400000, 0x00000000b1400000| Untracked 
|  21|0x00000000b1500000, 0x00000000b1500000, 0x00000000b1600000|  0%| F|  |TAMS 0x00000000b1500000, 0x00000000b1500000| Untracked 
|  22|0x00000000b1600000, 0x00000000b1600000, 0x00000000b1700000|  0%| F|  |TAMS 0x00000000b1600000, 0x00000000b1600000| Untracked 
|  23|0x00000000b1700000, 0x00000000b1700000, 0x00000000b1800000|  0%| F|  |TAMS 0x00000000b1700000, 0x00000000b1700000| Untracked 
|  24|0x00000000b1800000, 0x00000000b1800000, 0x00000000b1900000|  0%| F|  |TAMS 0x00000000b1800000, 0x00000000b1800000| Untracked 
|  25|0x00000000b1900000, 0x00000000b1900000, 0x00000000b1a00000|  0%| F|  |TAMS 0x00000000b1900000, 0x00000000b1900000| Untracked 
|  26|0x00000000b1a00000, 0x00000000b1a00000, 0x00000000b1b00000|  0%| F|  |TAMS 0x00000000b1a00000, 0x00000000b1a00000| Untracked 
|  27|0x00000000b1b00000, 0x00000000b1b00000, 0x00000000b1c00000|  0%| F|  |TAMS 0x00000000b1b00000, 0x00000000b1b00000| Untracked 
|  28|0x00000000b1c00000, 0x00000000b1c00000, 0x00000000b1d00000|  0%| F|  |TAMS 0x00000000b1c00000, 0x00000000b1c00000| Untracked 
|  29|0x00000000b1d00000, 0x00000000b1d00000, 0x00000000b1e00000|  0%| F|  |TAMS 0x00000000b1d00000, 0x00000000b1d00000| Untracked 
|  30|0x00000000b1e00000, 0x00000000b1e00000, 0x00000000b1f00000|  0%| F|  |TAMS 0x00000000b1e00000, 0x00000000b1e00000| Untracked 
|  31|0x00000000b1f00000, 0x00000000b1f00000, 0x00000000b2000000|  0%| F|  |TAMS 0x00000000b1f00000, 0x00000000b1f00000| Untracked 
|  32|0x00000000b2000000, 0x00000000b2000000, 0x00000000b2100000|  0%| F|  |TAMS 0x00000000b2000000, 0x00000000b2000000| Untracked 
|  33|0x00000000b2100000, 0x00000000b2100000, 0x00000000b2200000|  0%| F|  |TAMS 0x00000000b2100000, 0x00000000b2100000| Untracked 
|  34|0x00000000b2200000, 0x00000000b2200000, 0x00000000b2300000|  0%| F|  |TAMS 0x00000000b2200000, 0x00000000b2200000| Untracked 
|  35|0x00000000b2300000, 0x00000000b2300000, 0x00000000b2400000|  0%| F|  |TAMS 0x00000000b2300000, 0x00000000b2300000| Untracked 
|  36|0x00000000b2400000, 0x00000000b2400000, 0x00000000b2500000|  0%| F|  |TAMS 0x00000000b2400000, 0x00000000b2400000| Untracked 
|  37|0x00000000b2500000, 0x00000000b2500000, 0x00000000b2600000|  0%| F|  |TAMS 0x00000000b2500000, 0x00000000b2500000| Untracked 
|  38|0x00000000b2600000, 0x00000000b2600000, 0x00000000b2700000|  0%| F|  |TAMS 0x00000000b2600000, 0x00000000b2600000| Untracked 
|  39|0x00000000b2700000, 0x00000000b2700000, 0x00000000b2800000|  0%| F|  |TAMS 0x00000000b2700000, 0x00000000b2700000| Untracked 
|  40|0x00000000b2800000, 0x00000000b2800000, 0x00000000b2900000|  0%| F|  |TAMS 0x00000000b2800000, 0x00000000b2800000| Untracked 
|  41|0x00000000b2900000, 0x00000000b2900000, 0x00000000b2a00000|  0%| F|  |TAMS 0x00000000b2900000, 0x00000000b2900000| Untracked 
|  42|0x00000000b2a00000, 0x00000000b2a00000, 0x00000000b2b00000|  0%| F|  |TAMS 0x00000000b2a00000, 0x00000000b2a00000| Untracked 
|  43|0x00000000b2b00000, 0x00000000b2b00000, 0x00000000b2c00000|  0%| F|  |TAMS 0x00000000b2b00000, 0x00000000b2b00000| Untracked 
|  44|0x00000000b2c00000, 0x00000000b2c00000, 0x00000000b2d00000|  0%| F|  |TAMS 0x00000000b2c00000, 0x00000000b2c00000| Untracked 
|  45|0x00000000b2d00000, 0x00000000b2d00000, 0x00000000b2e00000|  0%| F|  |TAMS 0x00000000b2d00000, 0x00000000b2d00000| Untracked 
|  46|0x00000000b2e00000, 0x00000000b2e00000, 0x00000000b2f00000|  0%| F|  |TAMS 0x00000000b2e00000, 0x00000000b2e00000| Untracked 
|  47|0x00000000b2f00000, 0x00000000b2f00000, 0x00000000b3000000|  0%| F|  |TAMS 0x00000000b2f00000, 0x00000000b2f00000| Untracked 
|  48|0x00000000b3000000, 0x00000000b3000000, 0x00000000b3100000|  0%| F|  |TAMS 0x00000000b3000000, 0x00000000b3000000| Untracked 
|  49|0x00000000b3100000, 0x00000000b3100000, 0x00000000b3200000|  0%| F|  |TAMS 0x00000000b3100000, 0x00000000b3100000| Untracked 
|  50|0x00000000b3200000, 0x00000000b3200000, 0x00000000b3300000|  0%| F|  |TAMS 0x00000000b3200000, 0x00000000b3200000| Untracked 
|  51|0x00000000b3300000, 0x00000000b3300000, 0x00000000b3400000|  0%| F|  |TAMS 0x00000000b3300000, 0x00000000b3300000| Untracked 
|  52|0x00000000b3400000, 0x00000000b3400000, 0x00000000b3500000|  0%| F|  |TAMS 0x00000000b3400000, 0x00000000b3400000| Untracked 
|  53|0x00000000b3500000, 0x00000000b3500000, 0x00000000b3600000|  0%| F|  |TAMS 0x00000000b3500000, 0x00000000b3500000| Untracked 
|  54|0x00000000b3600000, 0x00000000b3600000, 0x00000000b3700000|  0%| F|  |TAMS 0x00000000b3600000, 0x00000000b3600000| Untracked 
|  55|0x00000000b3700000, 0x00000000b3700000, 0x00000000b3800000|  0%| F|  |TAMS 0x00000000b3700000, 0x00000000b3700000| Untracked 
|  56|0x00000000b3800000, 0x00000000b3800000, 0x00000000b3900000|  0%| F|  |TAMS 0x00000000b3800000, 0x00000000b3800000| Untracked 
|  57|0x00000000b3900000, 0x00000000b3900000, 0x00000000b3a00000|  0%| F|  |TAMS 0x00000000b3900000, 0x00000000b3900000| Untracked 
|  58|0x00000000b3a00000, 0x00000000b3a00000, 0x00000000b3b00000|  0%| F|  |TAMS 0x00000000b3a00000, 0x00000000b3a00000| Untracked 
|  59|0x00000000b3b00000, 0x00000000b3b00000, 0x00000000b3c00000|  0%| F|  |TAMS 0x00000000b3b00000, 0x00000000b3b00000| Untracked 
|  60|0x00000000b3c00000, 0x00000000b3c00000, 0x00000000b3d00000|  0%| F|  |TAMS 0x00000000b3c00000, 0x00000000b3c00000| Untracked 
|  61|0x00000000b3d00000, 0x00000000b3d00000, 0x00000000b3e00000|  0%| F|  |TAMS 0x00000000b3d00000, 0x00000000b3d00000| Untracked 
|  62|0x00000000b3e00000, 0x00000000b3e00000, 0x00000000b3f00000|  0%| F|  |TAMS 0x00000000b3e00000, 0x00000000b3e00000| Untracked 
|  63|0x00000000b3f00000, 0x00000000b3f00000, 0x00000000b4000000|  0%| F|  |TAMS 0x00000000b3f00000, 0x00000000b3f00000| Untracked 
|  64|0x00000000b4000000, 0x00000000b4000000, 0x00000000b4100000|  0%| F|  |TAMS 0x00000000b4000000, 0x00000000b4000000| Untracked 
|  65|0x00000000b4100000, 0x00000000b4100000, 0x00000000b4200000|  0%| F|  |TAMS 0x00000000b4100000, 0x00000000b4100000| Untracked 
|  66|0x00000000b4200000, 0x00000000b4200000, 0x00000000b4300000|  0%| F|  |TAMS 0x00000000b4200000, 0x00000000b4200000| Untracked 
|  67|0x00000000b4300000, 0x00000000b4300000, 0x00000000b4400000|  0%| F|  |TAMS 0x00000000b4300000, 0x00000000b4300000| Untracked 
|  68|0x00000000b4400000, 0x00000000b4400000, 0x00000000b4500000|  0%| F|  |TAMS 0x00000000b4400000, 0x00000000b4400000| Untracked 
|  69|0x00000000b4500000, 0x00000000b4500000, 0x00000000b4600000|  0%| F|  |TAMS 0x00000000b4500000, 0x00000000b4500000| Untracked 
|  70|0x00000000b4600000, 0x00000000b4600000, 0x00000000b4700000|  0%| F|  |TAMS 0x00000000b4600000, 0x00000000b4600000| Untracked 
|  71|0x00000000b4700000, 0x00000000b4700000, 0x00000000b4800000|  0%| F|  |TAMS 0x00000000b4700000, 0x00000000b4700000| Untracked 
|  72|0x00000000b4800000, 0x00000000b4900000, 0x00000000b4900000|100%| E|  |TAMS 0x00000000b4800000, 0x00000000b4800000| Complete 
|  73|0x00000000b4900000, 0x00000000b4a00000, 0x00000000b4a00000|100%| E|CS|TAMS 0x00000000b4900000, 0x00000000b4900000| Complete 
|  74|0x00000000b4a00000, 0x00000000b4b00000, 0x00000000b4b00000|100%| E|CS|TAMS 0x00000000b4a00000, 0x00000000b4a00000| Complete 
|  75|0x00000000b4b00000, 0x00000000b4c00000, 0x00000000b4c00000|100%| E|CS|TAMS 0x00000000b4b00000, 0x00000000b4b00000| Complete 
|  76|0x00000000b4c00000, 0x00000000b4d00000, 0x00000000b4d00000|100%| E|CS|TAMS 0x00000000b4c00000, 0x00000000b4c00000| Complete 
|  77|0x00000000b4d00000, 0x00000000b4e00000, 0x00000000b4e00000|100%| E|CS|TAMS 0x00000000b4d00000, 0x00000000b4d00000| Complete 
|  78|0x00000000b4e00000, 0x00000000b4f00000, 0x00000000b4f00000|100%| E|CS|TAMS 0x00000000b4e00000, 0x00000000b4e00000| Complete 
|  79|0x00000000b4f00000, 0x00000000b5000000, 0x00000000b5000000|100%| E|CS|TAMS 0x00000000b4f00000, 0x00000000b4f00000| Complete 

Card table byte_map: [0x00007fe9e3888000,0x00007fe9e3b08000] _byte_map_base: 0x00007fe9e3308000

Marking Bits (Prev, Next): (CMBitMap*) 0x00007fe9f405c518, (CMBitMap*) 0x00007fe9f405c558
 Prev Bits: [0x00007fe9e2208000, 0x00007fe9e3608000)
 Next Bits: [0x00007fe9e0e08000, 0x00007fe9e2208000)

Polling page: 0x00007fe9faf13000

Metaspace:

Usage:
  Non-class:      6,40 MB capacity,     6,32 MB ( 99%) used,    66,70 KB (  1%) free+waste,    10,69 KB ( <1%) overhead. 
      Class:    663,00 KB capacity,   610,20 KB ( 92%) used,    47,23 KB (  7%) free+waste,     5,56 KB ( <1%) overhead. 
       Both:      7,04 MB capacity,     6,92 MB ( 98%) used,   113,94 KB (  2%) free+waste,    16,25 KB ( <1%) overhead. 

Virtual space:
  Non-class space:        8,00 MB reserved,       6,50 MB ( 81%) committed 
      Class space:        1,00 GB reserved,     768,00 KB ( <1%) committed 
             Both:        1,01 GB reserved,       7,25 MB ( <1%) committed 

Chunk freelists:
   Non-Class:  43,00 KB
       Class:  9,00 KB
        Both:  52,00 KB

MaxMetaspaceSize: unlimited
CompressedClassSpaceSize: 1,00 GB

CodeHeap 'non-profiled nmethods': size=120032Kb used=225Kb max_used=225Kb free=119806Kb
 bounds [0x00007fe9ebe2a000, 0x00007fe9ec09a000, 0x00007fe9f3362000]
CodeHeap 'profiled nmethods': size=120032Kb used=803Kb max_used=803Kb free=119228Kb
 bounds [0x00007fe9e48f2000, 0x00007fe9e4b62000, 0x00007fe9ebe2a000]
CodeHeap 'non-nmethods': size=5696Kb used=1182Kb max_used=1202Kb free=4513Kb
 bounds [0x00007fe9e4362000, 0x00007fe9e45d2000, 0x00007fe9e48f2000]
 total_blobs=1029 nmethods=543 adapters=248
 compilation: enabled
              stopped_count=0, restarted_count=0
 full_count=0

Compilation events (10 events):
Event: 2,181 Thread 0x00007fe9f4167800 nmethod 541 0x00007fe9ebe5f710 code [0x00007fe9ebe5f8a0, 0x00007fe9ebe5f9b0]
Event: 2,211 Thread 0x00007fe9f4167800  545       3       jdk.internal.reflect.ReflectionFactory::langReflectAccess (15 bytes)
Event: 2,211 Thread 0x00007fe9f4167800 nmethod 545 0x00007fe9e49ba190 code [0x00007fe9e49ba340, 0x00007fe9e49ba550]
Event: 2,222 Thread 0x00007fe9f4165800 nmethod 537 0x00007fe9ebe5fa10 code [0x00007fe9ebe5fc20, 0x00007fe9ebe60f78]
Event: 2,222 Thread 0x00007fe9f4165800  542       4       java.util.HashMap::getNode (148 bytes)
Event: 2,243 Thread 0x00007fe9f4165800 nmethod 542 0x00007fe9ebe61910 code [0x00007fe9ebe61ac0, 0x00007fe9ebe62158]
Event: 2,456 Thread 0x00007fe9f4167800  547       3       java.lang.ref.SoftReference::get (29 bytes)
Event: 2,456 Thread 0x00007fe9f4167800 nmethod 547 0x00007fe9e49ba610 code [0x00007fe9e49ba7c0, 0x00007fe9e49ba9f0]
Event: 2,460 Thread 0x00007fe9f4167800  548       3       java.lang.invoke.MethodType::toMethodDescriptorString (28 bytes)
Event: 2,461 Thread 0x00007fe9f4167800 nmethod 548 0x00007fe9e49baa90 code [0x00007fe9e49bac40, 0x00007fe9e49bae88]

GC Heap History (0 events):
No events

Deoptimization events (5 events):
Event: 0,892 Thread 0x00007fe9f4017800 Uncommon trap: reason=unstable_if action=reinterpret pc=0x00007fe9ebe413c4 method=java.util.HashMap.putVal(ILjava/lang/Object;Ljava/lang/Object;ZZ)Ljava/lang/Object; @ 81 c2
Event: 0,892 Thread 0x00007fe9f4017800 Uncommon trap: reason=unstable_if action=reinterpret pc=0x00007fe9ebe473c0 method=java.util.HashMap.putVal(ILjava/lang/Object;Ljava/lang/Object;ZZ)Ljava/lang/Object; @ 81 c2
Event: 0,892 Thread 0x00007fe9f4017800 Uncommon trap: reason=unstable_if action=reinterpret pc=0x00007fe9ebe43bcc method=java.util.HashMap.putVal(ILjava/lang/Object;Ljava/lang/Object;ZZ)Ljava/lang/Object; @ 81 c2
Event: 1,021 Thread 0x00007fe9f4017800 Uncommon trap: reason=unstable_if action=reinterpret pc=0x00007fe9ebe3bafc method=java.io.DataInputStream.readUTF(Ljava/io/DataInput;)Ljava/lang/String; @ 31 c2
Event: 1,176 Thread 0x00007fe9f4017800 Uncommon trap: reason=unstable_if action=reinterpret pc=0x00007fe9ebe55a38 method=java.util.HashMap.putVal(ILjava/lang/Object;Ljava/lang/Object;ZZ)Ljava/lang/Object; @ 236 c2

Classes unloaded (0 events):
No events

Classes redefined (0 events):
No events

Internal exceptions (10 events):
Event: 0,741 Thread 0x00007fe9f4017800 Exception <a 'java/lang/NoSuchMethodError'{0x00000000b4c10010}: 'java.lang.Object java.lang.invoke.DirectMethodHandle$Holder.invokeInterface(java.lang.Object, java.lang.Object)'> (0x00000000b4c10010) 
thrown [/home/dmitry/Downloads/LOOM/loom/src/hotspot/share/interpreter/linkResolver.cpp, line 768]
for thread 0x00007fe9f4017800
Event: 0,757 Thread 0x00007fe9f4017800 Exception <a 'java/lang/NoSuchMethodError'{0x00000000b4c16bd8}: 'int java.lang.invoke.DirectMethodHandle$Holder.invokeStatic(java.lang.Object, java.lang.Object)'> (0x00000000b4c16bd8) 
thrown [/home/dmitry/Downloads/LOOM/loom/src/hotspot/share/interpreter/linkResolver.cpp, line 768]
for thread 0x00007fe9f4017800
Event: 0,767 Thread 0x00007fe9f4017800 Exception <a 'java/lang/NoSuchMethodError'{0x00000000b4c21218}: 'java.lang.Object java.lang.invoke.DirectMethodHandle$Holder.invokeVirtual(java.lang.Object, java.lang.Object)'> (0x00000000b4c21218) 
thrown [/home/dmitry/Downloads/LOOM/loom/src/hotspot/share/interpreter/linkResolver.cpp, line 768]
for thread 0x00007fe9f4017800
Event: 0,775 Thread 0x00007fe9f4017800 Exception <a 'java/lang/NoSuchMethodError'{0x00000000b4c28de0}: 'int java.lang.invoke.DirectMethodHandle$Holder.invokeSpecial(java.lang.Object, java.lang.Object)'> (0x00000000b4c28de0) 
thrown [/home/dmitry/Downloads/LOOM/loom/src/hotspot/share/interpreter/linkResolver.cpp, line 768]
for thread 0x00007fe9f4017800
Event: 1,060 Thread 0x00007fe9f4017800 Exception <a 'java/lang/NoSuchMethodError'{0x00000000b4ab9aa8}: 'void java.lang.invoke.DirectMethodHandle$Holder.invokeStatic(java.lang.Object, java.lang.Object, java.lang.Object)'> (0x00000000b4ab9aa8) 
thrown [/home/dmitry/Downloads/LOOM/loom/src/hotspot/share/interpreter/linkResolver.cpp, line 768]
for thread 0x00007fe9f4017800
Event: 1,093 Thread 0x00007fe9f4017800 Exception <a 'java/lang/NoSuchMethodError'{0x00000000b4ae5068}: 'java.lang.Object java.lang.invoke.Invokers$Holder.linkToTargetMethod(java.lang.Object, java.lang.Object, java.lang.Object, java.lang.Object)'> (0x00000000b4ae5068) 
thrown [/home/dmitry/Downloads/LOOM/loom/src/hotspot/share/interpreter/linkResolver.cpp, line 768]
for thread 0x00007fe9f4017800
Event: 1,188 Thread 0x00007fe9f4017800 Exception <a 'java/lang/NoSuchMethodError'{0x00000000b4960c98}: 'java.lang.Object java.lang.invoke.DirectMethodHandle$Holder.invokeStaticInit(java.lang.Object, java.lang.Object)'> (0x00000000b4960c98) 
thrown [/home/dmitry/Downloads/LOOM/loom/src/hotspot/share/interpreter/linkResolver.cpp, line 768]
for thread 0x00007fe9f4017800
Event: 1,190 Thread 0x00007fe9f4017800 Exception <a 'java/lang/NoSuchMethodError'{0x00000000b49689c8}: 'void java.lang.invoke.DirectMethodHandle$Holder.invokeStaticInit(java.lang.Object, java.lang.Object, java.lang.Object)'> (0x00000000b49689c8) 
thrown [/home/dmitry/Downloads/LOOM/loom/src/hotspot/share/interpreter/linkResolver.cpp, line 768]
for thread 0x00007fe9f4017800
Event: 2,455 Thread 0x00007fe9f4017800 Exception <a 'java/lang/NoSuchMethodError'{0x00000000b4802a50}: 'void java.lang.invoke.DirectMethodHandle$Holder.invokeStatic(java.lang.Object)'> (0x00000000b4802a50) 
thrown [/home/dmitry/Downloads/LOOM/loom/src/hotspot/share/interpreter/linkResolver.cpp, line 768]
for thread 0x00007fe9f4017800
Event: 2,456 Thread 0x00007fe9f4017800 Exception <a 'java/lang/NoSuchMethodError'{0x00000000b4807198}: 'void java.lang.invoke.DirectMethodHandle$Holder.invokeSpecial(java.lang.Object, java.lang.Object)'> (0x00000000b4807198) 
thrown [/home/dmitry/Downloads/LOOM/loom/src/hotspot/share/interpreter/linkResolver.cpp, line 768]
for thread 0x00007fe9f4017800

Events (10 events):
Event: 39,377 Executing VM operation: GetFrameCount
Event: 39,377 Executing VM operation: GetFrameCount done
Event: 39,377 Executing VM operation: SetFramePop
Event: 39,378 Executing VM operation: SetFramePop done
Event: 39,378 Executing VM operation: GetFrameLocation
Event: 39,378 Executing VM operation: GetFrameLocation done
Event: 39,378 Executing VM operation: GetCurrentLocation
Event: 39,378 Executing VM operation: GetCurrentLocation done
Event: 39,378 Executing VM operation: ChangeSingleStep
Event: 39,378 Executing VM operation: ChangeSingleStep done


Dynamic libraries:
b0000000-b5000000 rw-p 00000000 00:00 0 
b5000000-100000000 ---p 00000000 00:00 0 
100000000-1000c0000 rw-p 00000000 00:00 0 
1000c0000-140000000 ---p 00000000 00:00 0 
5604c6278000-5604c6279000 r-xp 00000000 08:01 3809121                    /home/dmitry/Downloads/LOOM/loom/build/linux-x86_64-server-release/jdk/bin/java
5604c6479000-5604c647a000 r--p 00001000 08:01 3809121                    /home/dmitry/Downloads/LOOM/loom/build/linux-x86_64-server-release/jdk/bin/java
5604c647a000-5604c647b000 rw-p 00002000 08:01 3809121                    /home/dmitry/Downloads/LOOM/loom/build/linux-x86_64-server-release/jdk/bin/java
5604c78c0000-5604c78e1000 rw-p 00000000 00:00 0                          [heap]
7fe984000000-7fe984021000 rw-p 00000000 00:00 0 
7fe984021000-7fe988000000 ---p 00000000 00:00 0 
7fe98c000000-7fe98c021000 rw-p 00000000 00:00 0 
7fe98c021000-7fe990000000 ---p 00000000 00:00 0 
7fe990000000-7fe990021000 rw-p 00000000 00:00 0 
7fe990021000-7fe994000000 ---p 00000000 00:00 0 
7fe994000000-7fe994021000 rw-p 00000000 00:00 0 
7fe994021000-7fe998000000 ---p 00000000 00:00 0 
7fe99b800000-7fe99bbfb000 rw-p 00000000 00:00 0 
7fe99bbfb000-7fe99bbff000 ---p 00000000 00:00 0 
7fe99bbff000-7fe99bcfc000 rw-p 00000000 00:00 0 
7fe99bcfc000-7fe99bcfd000 ---p 00000000 00:00 0 
7fe99bcfd000-7fe99bdfe000 rw-p 00000000 00:00 0 
7fe99bdfe000-7fe99be02000 ---p 00000000 00:00 0 
7fe99be02000-7fe99beff000 rw-p 00000000 00:00 0 
7fe99beff000-7fe99bf03000 ---p 00000000 00:00 0 
7fe99bf03000-7fe99c000000 rw-p 00000000 00:00 0 
7fe99c000000-7fe99c044000 rw-p 00000000 00:00 0 
7fe99c044000-7fe9a0000000 ---p 00000000 00:00 0 
7fe9a0000000-7fe9a0021000 rw-p 00000000 00:00 0 
7fe9a0021000-7fe9a4000000 ---p 00000000 00:00 0 
7fe9a4000000-7fe9a4021000 rw-p 00000000 00:00 0 
7fe9a4021000-7fe9a8000000 ---p 00000000 00:00 0 
7fe9a8000000-7fe9a8198000 rw-p 00000000 00:00 0 
7fe9a8198000-7fe9ac000000 ---p 00000000 00:00 0 
7fe9ac000000-7fe9ac161000 rw-p 00000000 00:00 0 
7fe9ac161000-7fe9b0000000 ---p 00000000 00:00 0 
7fe9b0000000-7fe9b0021000 rw-p 00000000 00:00 0 
7fe9b0021000-7fe9b4000000 ---p 00000000 00:00 0 
7fe9b4000000-7fe9b4021000 rw-p 00000000 00:00 0 
7fe9b4021000-7fe9b8000000 ---p 00000000 00:00 0 
7fe9b8000000-7fe9b8309000 rw-p 00000000 00:00 0 
7fe9b8309000-7fe9bc000000 ---p 00000000 00:00 0 
7fe9bc000000-7fe9bc021000 rw-p 00000000 00:00 0 
7fe9bc021000-7fe9c0000000 ---p 00000000 00:00 0 
7fe9c0000000-7fe9c0021000 rw-p 00000000 00:00 0 
7fe9c0021000-7fe9c4000000 ---p 00000000 00:00 0 
7fe9c4000000-7fe9c4021000 rw-p 00000000 00:00 0 
7fe9c4021000-7fe9c8000000 ---p 00000000 00:00 0 
7fe9c8000000-7fe9c8021000 rw-p 00000000 00:00 0 
7fe9c8021000-7fe9cc000000 ---p 00000000 00:00 0 
7fe9cc000000-7fe9cc021000 rw-p 00000000 00:00 0 
7fe9cc021000-7fe9d0000000 ---p 00000000 00:00 0 
7fe9d00c9000-7fe9d00cd000 ---p 00000000 00:00 0 
7fe9d00cd000-7fe9d01ca000 rw-p 00000000 00:00 0 
7fe9d01ca000-7fe9d01ce000 ---p 00000000 00:00 0 
7fe9d01ce000-7fe9d02cb000 rw-p 00000000 00:00 0 
7fe9d02cb000-7fe9d02d0000 r-xp 00000000 08:01 3284816                    /home/dmitry/Downloads/LOOM/loom/build/linux-x86_64-server-release/jdk/lib/libdt_socket.so
7fe9d02d0000-7fe9d04cf000 ---p 00005000 08:01 3284816                    /home/dmitry/Downloads/LOOM/loom/build/linux-x86_64-server-release/jdk/lib/libdt_socket.so
7fe9d04cf000-7fe9d04d0000 r--p 00004000 08:01 3284816                    /home/dmitry/Downloads/LOOM/loom/build/linux-x86_64-server-release/jdk/lib/libdt_socket.so
7fe9d04d0000-7fe9d04d1000 rw-p 00005000 08:01 3284816                    /home/dmitry/Downloads/LOOM/loom/build/linux-x86_64-server-release/jdk/lib/libdt_socket.so
7fe9d04d1000-7fe9d04d5000 ---p 00000000 00:00 0 
7fe9d04d5000-7fe9d05d2000 rw-p 00000000 00:00 0 
7fe9d05d2000-7fe9d05d6000 ---p 00000000 00:00 0 
7fe9d05d6000-7fe9d0704000 rw-p 00000000 00:00 0 
7fe9d0704000-7fe9d071a000 r-xp 00000000 08:01 3284773                    /home/dmitry/Downloads/LOOM/loom/build/linux-x86_64-server-release/jdk/lib/libnet.so
7fe9d071a000-7fe9d091a000 ---p 00016000 08:01 3284773                    /home/dmitry/Downloads/LOOM/loom/build/linux-x86_64-server-release/jdk/lib/libnet.so
7fe9d091a000-7fe9d091b000 r--p 00016000 08:01 3284773                    /home/dmitry/Downloads/LOOM/loom/build/linux-x86_64-server-release/jdk/lib/libnet.so
7fe9d091b000-7fe9d091c000 rw-p 00017000 08:01 3284773                    /home/dmitry/Downloads/LOOM/loom/build/linux-x86_64-server-release/jdk/lib/libnet.so
7fe9d091c000-7fe9d092d000 r-xp 00000000 08:01 3284778                    /home/dmitry/Downloads/LOOM/loom/build/linux-x86_64-server-release/jdk/lib/libnio.so
7fe9d092d000-7fe9d0b2c000 ---p 00011000 08:01 3284778                    /home/dmitry/Downloads/LOOM/loom/build/linux-x86_64-server-release/jdk/lib/libnio.so
7fe9d0b2c000-7fe9d0b2d000 r--p 00010000 08:01 3284778                    /home/dmitry/Downloads/LOOM/loom/build/linux-x86_64-server-release/jdk/lib/libnio.so
7fe9d0b2d000-7fe9d0b2e000 rw-p 00011000 08:01 3284778                    /home/dmitry/Downloads/LOOM/loom/build/linux-x86_64-server-release/jdk/lib/libnio.so
7fe9d0b2e000-7fe9d0b32000 ---p 00000000 00:00 0 
7fe9d0b32000-7fe9d0c2f000 rw-p 00000000 00:00 0 
7fe9d0c2f000-7fe9d0c33000 ---p 00000000 00:00 0 
7fe9d0c33000-7fe9d0d30000 rw-p 00000000 00:00 0 
7fe9d0d30000-7fe9d0d34000 ---p 00000000 00:00 0 
7fe9d0d34000-7fe9d0e31000 rw-p 00000000 00:00 0 
7fe9d0e31000-7fe9d1800000 r--p 00000000 08:01 10230401                   /usr/lib/locale/locale-archive
7fe9d1800000-7fe9d1e80000 rw-p 00000000 00:00 0 
7fe9d1e80000-7fe9d2000000 ---p 00000000 00:00 0 
7fe9d2000000-7fe9d4000000 rw-p 00000000 00:00 0 
7fe9d4000000-7fe9d4021000 rw-p 00000000 00:00 0 
7fe9d4021000-7fe9d8000000 ---p 00000000 00:00 0 
7fe9d8000000-7fe9d8021000 rw-p 00000000 00:00 0 
7fe9d8021000-7fe9dc000000 ---p 00000000 00:00 0 
7fe9dc000000-7fe9dc021000 rw-p 00000000 00:00 0 
7fe9dc021000-7fe9e0000000 ---p 00000000 00:00 0 
7fe9e0019000-7fe9e001d000 ---p 00000000 00:00 0 
7fe9e001d000-7fe9e011a000 rw-p 00000000 00:00 0 
7fe9e011a000-7fe9e011e000 ---p 00000000 00:00 0 
7fe9e011e000-7fe9e021b000 rw-p 00000000 00:00 0 
7fe9e021b000-7fe9e021f000 ---p 00000000 00:00 0 
7fe9e021f000-7fe9e031c000 rw-p 00000000 00:00 0 
7fe9e031c000-7fe9e031d000 ---p 00000000 00:00 0 
7fe9e031d000-7fe9e04fa000 rw-p 00000000 00:00 0 
7fe9e04fa000-7fe9e04fb000 ---p 00000000 00:00 0 
7fe9e04fb000-7fe9e05fc000 rw-p 00000000 00:00 0 
7fe9e05fc000-7fe9e05fd000 ---p 00000000 00:00 0 
7fe9e05fd000-7fe9e0b02000 rw-p 00000000 00:00 0 
7fe9e0b02000-7fe9e0b03000 ---p 00000000 00:00 0 
7fe9e0b03000-7fe9e0c04000 rw-p 00000000 00:00 0 
7fe9e0c04000-7fe9e0c05000 ---p 00000000 00:00 0 
7fe9e0c05000-7fe9e0d06000 rw-p 00000000 00:00 0 
7fe9e0d06000-7fe9e0d07000 ---p 00000000 00:00 0 
7fe9e0d07000-7fe9e0f48000 rw-p 00000000 00:00 0 
7fe9e0f48000-7fe9e2208000 ---p 00000000 00:00 0 
7fe9e2208000-7fe9e2348000 rw-p 00000000 00:00 0 
7fe9e2348000-7fe9e3608000 ---p 00000000 00:00 0 
7fe9e3608000-7fe9e3630000 rw-p 00000000 00:00 0 
7fe9e3630000-7fe9e3888000 ---p 00000000 00:00 0 
7fe9e3888000-7fe9e38b0000 rw-p 00000000 00:00 0 
7fe9e38b0000-7fe9e3b08000 ---p 00000000 00:00 0 
7fe9e3b08000-7fe9e3b30000 rw-p 00000000 00:00 0 
7fe9e3b30000-7fe9e3d88000 ---p 00000000 00:00 0 
7fe9e3d88000-7fe9e4191000 rw-p 00000000 00:00 0 
7fe9e4191000-7fe9e4277000 ---p 00000000 00:00 0 
7fe9e4277000-7fe9e427c000 rw-p 00000000 00:00 0 
7fe9e427c000-7fe9e4362000 ---p 00000000 00:00 0 
7fe9e4362000-7fe9e45d2000 rwxp 00000000 00:00 0 
7fe9e45d2000-7fe9e48f2000 ---p 00000000 00:00 0 
7fe9e48f2000-7fe9e4b62000 rwxp 00000000 00:00 0 
7fe9e4b62000-7fe9ebe2a000 ---p 00000000 00:00 0 
7fe9ebe2a000-7fe9ec09a000 rwxp 00000000 00:00 0 
7fe9ec09a000-7fe9f3362000 ---p 00000000 00:00 0 
7fe9f3362000-7fe9f337d000 r-xp 00000000 08:01 3284776                    /home/dmitry/Downloads/LOOM/loom/build/linux-x86_64-server-release/jdk/lib/libjimage.so
7fe9f337d000-7fe9f357c000 ---p 0001b000 08:01 3284776                    /home/dmitry/Downloads/LOOM/loom/build/linux-x86_64-server-release/jdk/lib/libjimage.so
7fe9f357c000-7fe9f357e000 r--p 0001a000 08:01 3284776                    /home/dmitry/Downloads/LOOM/loom/build/linux-x86_64-server-release/jdk/lib/libjimage.so
7fe9f357e000-7fe9f357f000 rw-p 0001c000 08:01 3284776                    /home/dmitry/Downloads/LOOM/loom/build/linux-x86_64-server-release/jdk/lib/libjimage.so
7fe9f357f000-7fe9f3586000 r-xp 00000000 08:01 3284771                    /home/dmitry/Downloads/LOOM/loom/build/linux-x86_64-server-release/jdk/lib/libzip.so
7fe9f3586000-7fe9f3785000 ---p 00007000 08:01 3284771                    /home/dmitry/Downloads/LOOM/loom/build/linux-x86_64-server-release/jdk/lib/libzip.so
7fe9f3785000-7fe9f3786000 r--p 00006000 08:01 3284771                    /home/dmitry/Downloads/LOOM/loom/build/linux-x86_64-server-release/jdk/lib/libzip.so
7fe9f3786000-7fe9f3787000 rw-p 00007000 08:01 3284771                    /home/dmitry/Downloads/LOOM/loom/build/linux-x86_64-server-release/jdk/lib/libzip.so
7fe9f3787000-7fe9f3792000 r-xp 00000000 08:01 1184572                    /lib/x86_64-linux-gnu/libnss_files-2.27.so
7fe9f3792000-7fe9f3991000 ---p 0000b000 08:01 1184572                    /lib/x86_64-linux-gnu/libnss_files-2.27.so
7fe9f3991000-7fe9f3992000 r--p 0000a000 08:01 1184572                    /lib/x86_64-linux-gnu/libnss_files-2.27.so
7fe9f3992000-7fe9f3993000 rw-p 0000b000 08:01 1184572                    /lib/x86_64-linux-gnu/libnss_files-2.27.so
7fe9f3993000-7fe9f3999000 rw-p 00000000 00:00 0 
7fe9f3999000-7fe9f39b0000 r-xp 00000000 08:01 1184566                    /lib/x86_64-linux-gnu/libnsl-2.27.so
7fe9f39b0000-7fe9f3baf000 ---p 00017000 08:01 1184566                    /lib/x86_64-linux-gnu/libnsl-2.27.so
7fe9f3baf000-7fe9f3bb0000 r--p 00016000 08:01 1184566                    /lib/x86_64-linux-gnu/libnsl-2.27.so
7fe9f3bb0000-7fe9f3bb1000 rw-p 00017000 08:01 1184566                    /lib/x86_64-linux-gnu/libnsl-2.27.so
7fe9f3bb1000-7fe9f3bb3000 rw-p 00000000 00:00 0 
7fe9f3bb3000-7fe9f3bbe000 r-xp 00000000 08:01 1184583                    /lib/x86_64-linux-gnu/libnss_nis-2.27.so
7fe9f3bbe000-7fe9f3dbd000 ---p 0000b000 08:01 1184583                    /lib/x86_64-linux-gnu/libnss_nis-2.27.so
7fe9f3dbd000-7fe9f3dbe000 r--p 0000a000 08:01 1184583                    /lib/x86_64-linux-gnu/libnss_nis-2.27.so
7fe9f3dbe000-7fe9f3dbf000 rw-p 0000b000 08:01 1184583                    /lib/x86_64-linux-gnu/libnss_nis-2.27.so
7fe9f3dbf000-7fe9f3dfe000 r-xp 00000000 08:01 3284817                    /home/dmitry/Downloads/LOOM/loom/build/linux-x86_64-server-release/jdk/lib/libjdwp.so
7fe9f3dfe000-7fe9f3ffd000 ---p 0003f000 08:01 3284817                    /home/dmitry/Downloads/LOOM/loom/build/linux-x86_64-server-release/jdk/lib/libjdwp.so
7fe9f3ffd000-7fe9f3ffe000 r--p 0003e000 08:01 3284817                    /home/dmitry/Downloads/LOOM/loom/build/linux-x86_64-server-release/jdk/lib/libjdwp.so
7fe9f3ffe000-7fe9f3fff000 rw-p 0003f000 08:01 3284817                    /home/dmitry/Downloads/LOOM/loom/build/linux-x86_64-server-release/jdk/lib/libjdwp.so
7fe9f3fff000-7fe9f4000000 rw-p 00000000 00:00 0 
7fe9f4000000-7fe9f42d5000 rw-p 00000000 00:00 0 
7fe9f42d5000-7fe9f8000000 ---p 00000000 00:00 0 
7fe9f8019000-7fe9f8021000 r-xp 00000000 08:01 1184568                    /lib/x86_64-linux-gnu/libnss_compat-2.27.so
7fe9f8021000-7fe9f8221000 ---p 00008000 08:01 1184568                    /lib/x86_64-linux-gnu/libnss_compat-2.27.so
7fe9f8221000-7fe9f8222000 r--p 00008000 08:01 1184568                    /lib/x86_64-linux-gnu/libnss_compat-2.27.so
7fe9f8222000-7fe9f8223000 rw-p 00009000 08:01 1184568                    /lib/x86_64-linux-gnu/libnss_compat-2.27.so
7fe9f8223000-7fe9f824c000 r-xp 00000000 08:01 3284770                    /home/dmitry/Downloads/LOOM/loom/build/linux-x86_64-server-release/jdk/lib/libjava.so
7fe9f824c000-7fe9f844b000 ---p 00029000 08:01 3284770                    /home/dmitry/Downloads/LOOM/loom/build/linux-x86_64-server-release/jdk/lib/libjava.so
7fe9f844b000-7fe9f844c000 r--p 00028000 08:01 3284770                    /home/dmitry/Downloads/LOOM/loom/build/linux-x86_64-server-release/jdk/lib/libjava.so
7fe9f844c000-7fe9f844e000 rw-p 00029000 08:01 3284770                    /home/dmitry/Downloads/LOOM/loom/build/linux-x86_64-server-release/jdk/lib/libjava.so
7fe9f844e000-7fe9f845b000 r-xp 00000000 08:01 3284763                    /home/dmitry/Downloads/LOOM/loom/build/linux-x86_64-server-release/jdk/lib/libverify.so
7fe9f845b000-7fe9f865a000 ---p 0000d000 08:01 3284763                    /home/dmitry/Downloads/LOOM/loom/build/linux-x86_64-server-release/jdk/lib/libverify.so
7fe9f865a000-7fe9f865c000 r--p 0000c000 08:01 3284763                    /home/dmitry/Downloads/LOOM/loom/build/linux-x86_64-server-release/jdk/lib/libverify.so
7fe9f865c000-7fe9f865d000 rw-p 0000e000 08:01 3284763                    /home/dmitry/Downloads/LOOM/loom/build/linux-x86_64-server-release/jdk/lib/libverify.so
7fe9f865d000-7fe9f87fa000 r-xp 00000000 08:01 1184545                    /lib/x86_64-linux-gnu/libm-2.27.so
7fe9f87fa000-7fe9f89f9000 ---p 0019d000 08:01 1184545                    /lib/x86_64-linux-gnu/libm-2.27.so
7fe9f89f9000-7fe9f89fa000 r--p 0019c000 08:01 1184545                    /lib/x86_64-linux-gnu/libm-2.27.so
7fe9f89fa000-7fe9f89fb000 rw-p 0019d000 08:01 1184545                    /lib/x86_64-linux-gnu/libm-2.27.so
7fe9f89fb000-7fe9f9d27000 r-xp 00000000 08:01 3284761                    /home/dmitry/Downloads/LOOM/loom/build/linux-x86_64-server-release/jdk/lib/server/libjvm.so
7fe9f9d27000-7fe9f9f26000 ---p 0132c000 08:01 3284761                    /home/dmitry/Downloads/LOOM/loom/build/linux-x86_64-server-release/jdk/lib/server/libjvm.so
7fe9f9f26000-7fe9f9fee000 r--p 0132b000 08:01 3284761                    /home/dmitry/Downloads/LOOM/loom/build/linux-x86_64-server-release/jdk/lib/server/libjvm.so
7fe9f9fee000-7fe9fa029000 rw-p 013f3000 08:01 3284761                    /home/dmitry/Downloads/LOOM/loom/build/linux-x86_64-server-release/jdk/lib/server/libjvm.so
7fe9fa029000-7fe9fa0af000 rw-p 00000000 00:00 0 
7fe9fa0af000-7fe9fa0c9000 r-xp 00000000 08:01 1184615                    /lib/x86_64-linux-gnu/libpthread-2.27.so
7fe9fa0c9000-7fe9fa2c8000 ---p 0001a000 08:01 1184615                    /lib/x86_64-linux-gnu/libpthread-2.27.so
7fe9fa2c8000-7fe9fa2c9000 r--p 00019000 08:01 1184615                    /lib/x86_64-linux-gnu/libpthread-2.27.so
7fe9fa2c9000-7fe9fa2ca000 rw-p 0001a000 08:01 1184615                    /lib/x86_64-linux-gnu/libpthread-2.27.so
7fe9fa2ca000-7fe9fa2ce000 rw-p 00000000 00:00 0 
7fe9fa2ce000-7fe9fa2d1000 r-xp 00000000 08:01 1184505                    /lib/x86_64-linux-gnu/libdl-2.27.so
7fe9fa2d1000-7fe9fa4d0000 ---p 00003000 08:01 1184505                    /lib/x86_64-linux-gnu/libdl-2.27.so
7fe9fa4d0000-7fe9fa4d1000 r--p 00002000 08:01 1184505                    /lib/x86_64-linux-gnu/libdl-2.27.so
7fe9fa4d1000-7fe9fa4d2000 rw-p 00003000 08:01 1184505                    /lib/x86_64-linux-gnu/libdl-2.27.so
7fe9fa4d2000-7fe9fa4ee000 r-xp 00000000 08:01 1184654                    /lib/x86_64-linux-gnu/libz.so.1.2.11
7fe9fa4ee000-7fe9fa6ed000 ---p 0001c000 08:01 1184654                    /lib/x86_64-linux-gnu/libz.so.1.2.11
7fe9fa6ed000-7fe9fa6ee000 r--p 0001b000 08:01 1184654                    /lib/x86_64-linux-gnu/libz.so.1.2.11
7fe9fa6ee000-7fe9fa6ef000 rw-p 0001c000 08:01 1184654                    /lib/x86_64-linux-gnu/libz.so.1.2.11
7fe9fa6ef000-7fe9fa8d6000 r-xp 00000000 08:01 1184482                    /lib/x86_64-linux-gnu/libc-2.27.so
7fe9fa8d6000-7fe9faad6000 ---p 001e7000 08:01 1184482                    /lib/x86_64-linux-gnu/libc-2.27.so
7fe9faad6000-7fe9faada000 r--p 001e7000 08:01 1184482                    /lib/x86_64-linux-gnu/libc-2.27.so
7fe9faada000-7fe9faadc000 rw-p 001eb000 08:01 1184482                    /lib/x86_64-linux-gnu/libc-2.27.so
7fe9faadc000-7fe9faae0000 rw-p 00000000 00:00 0 
7fe9faae0000-7fe9faaf0000 r-xp 00000000 08:01 3284765                    /home/dmitry/Downloads/LOOM/loom/build/linux-x86_64-server-release/jdk/lib/libjli.so
7fe9faaf0000-7fe9facef000 ---p 00010000 08:01 3284765                    /home/dmitry/Downloads/LOOM/loom/build/linux-x86_64-server-release/jdk/lib/libjli.so
7fe9facef000-7fe9facf0000 r--p 0000f000 08:01 3284765                    /home/dmitry/Downloads/LOOM/loom/build/linux-x86_64-server-release/jdk/lib/libjli.so
7fe9facf0000-7fe9facf1000 rw-p 00010000 08:01 3284765                    /home/dmitry/Downloads/LOOM/loom/build/linux-x86_64-server-release/jdk/lib/libjli.so
7fe9facf1000-7fe9fad18000 r-xp 00000000 08:01 1184454                    /lib/x86_64-linux-gnu/ld-2.27.so
7fe9fad45000-7fe9fadf8000 rw-p 00000000 00:00 0 
7fe9fadf8000-7fe9fadff000 ---p 00000000 00:00 0 
7fe9fadff000-7fe9fae03000 ---p 00000000 00:00 0 
7fe9fae03000-7fe9faf02000 rw-p 00000000 00:00 0 
7fe9faf04000-7fe9faf0b000 r--s 00000000 08:01 10488549                   /usr/lib/x86_64-linux-gnu/gconv/gconv-modules.cache
7fe9faf0b000-7fe9faf13000 rw-s 00000000 08:01 524312                     /tmp/hsperfdata_dmitry/2724
7fe9faf13000-7fe9faf14000 ---p 00000000 00:00 0 
7fe9faf14000-7fe9faf15000 r--p 00000000 00:00 0 
7fe9faf15000-7fe9faf16000 ---p 00000000 00:00 0 
7fe9faf16000-7fe9faf18000 rw-p 00000000 00:00 0 
7fe9faf18000-7fe9faf19000 r--p 00027000 08:01 1184454                    /lib/x86_64-linux-gnu/ld-2.27.so
7fe9faf19000-7fe9faf1a000 rw-p 00028000 08:01 1184454                    /lib/x86_64-linux-gnu/ld-2.27.so
7fe9faf1a000-7fe9faf1b000 rw-p 00000000 00:00 0 
7ffd38cb0000-7ffd38cd3000 rw-p 00000000 00:00 0                          [stack]
7ffd38d4a000-7ffd38d4d000 r--p 00000000 00:00 0                          [vvar]
7ffd38d4d000-7ffd38d4f000 r-xp 00000000 00:00 0                          [vdso]
ffffffffff600000-ffffffffff601000 r-xp 00000000 00:00 0                  [vsyscall]


VM Arguments:
jvm_args: -agentlib:jdwp=transport=dt_socket,address=127.0.0.1:3079,suspend=y,server=n -Dfile.encoding=UTF-8 
java_command: Main
java_class_path (initial): /home/dmitry/Downloads/LOOM/loom/build/linux-x86_64-server-release/jdk/modules/java.base:/home/dmitry/Downloads/LOOM/loom/build/linux-x86_64-server-release/jdk/modules/java.compiler:/home/dmitry/Downloads/LOOM/loom/build/linux-x86_64-server-release/jdk/modules/java.datatransfer:/home/dmitry/Downloads/LOOM/loom/build/linux-x86_64-server-release/jdk/modules/java.desktop:/home/dmitry/Downloads/LOOM/loom/build/linux-x86_64-server-release/jdk/modules/java.instrument:/home/dmitry/Downloads/LOOM/loom/build/linux-x86_64-server-release/jdk/modules/java.logging:/home/dmitry/Downloads/LOOM/loom/build/linux-x86_64-server-release/jdk/modules/java.management:/home/dmitry/Downloads/LOOM/loom/build/linux-x86_64-server-release/jdk/modules/java.management.rmi:/home/dmitry/Downloads/LOOM/loom/build/linux-x86_64-server-release/jdk/modules/java.naming:/home/dmitry/Downloads/LOOM/loom/build/linux-x86_64-server-release/jdk/modules/java.net.http:/home/dmitry/Downloads/LOOM/loom/build/linux-x86_64-server-release/jdk/modules/java.prefs:/home/dmitry/Downloads/LOOM/loom/build/linux-x86_64-server-release/jdk/modules/java.rmi:/home/dmitry/Downloads/LOOM/loom/build/linux-x86_64-server-release/jdk/modules/java.scripting:/home/dmitry/Downloads/LOOM/loom/build/linux-x86_64-server-release/jdk/modules/java.se:/home/dmitry/Downloads/LOOM/loom/build/linux-x86_64-server-release/jdk/modules/java.security.jgss:/home/dmitry/Downloads/LOOM/loom/build/linux-x86_64-server-release/jdk/modules/java.security.sasl:/home/dmitry/Downloads/LOOM/loom/build/linux-x86_64-server-release/jdk/modules/java.smartcardio:/home/dmitry/Downloads/LOOM/loom/build/linux-x86_64-server-release/jdk/modules/java.sql:/home/dmitry/Downloads/LOOM/loom/build/linux-x86_64-server-release/jdk/modules/java.sql.rowset:/home/dmitry/Downloads/LOOM/loom/build/linux-x86_64-server-release/jdk/modules/java.transaction.xa:/home/dmitry/Downloads/LOOM/loom/build/linux-x86_64-server-release/jdk/modules/java.xml:/home/dmitry/D
Launcher Type: SUN_STANDARD

[Global flags]
     intx CICompilerCount                          = 3                                         {product} {ergonomic}
     uint ConcGCThreads                            = 1                                         {product} {ergonomic}
     uint G1ConcRefinementThreads                  = 4                                         {product} {ergonomic}
   size_t G1HeapRegionSize                         = 1048576                                   {product} {ergonomic}
    uintx GCDrainStackTargetSize                   = 64                                        {product} {ergonomic}
   size_t InitialHeapSize                          = 83886080                                  {product} {ergonomic}
   size_t MarkStackSize                            = 4194304                                   {product} {ergonomic}
   size_t MaxHeapSize                              = 1342177280                                {product} {ergonomic}
   size_t MaxNewSize                               = 805306368                                 {product} {ergonomic}
   size_t MinHeapDeltaBytes                        = 1048576                                   {product} {ergonomic}
    uintx NonNMethodCodeHeapSize                   = 5830732                                {pd product} {ergonomic}
    uintx NonProfiledCodeHeapSize                  = 122913754                              {pd product} {ergonomic}
    uintx ProfiledCodeHeapSize                     = 122913754                              {pd product} {ergonomic}
    uintx ReservedCodeCacheSize                    = 251658240                              {pd product} {ergonomic}
     bool SegmentedCodeCache                       = true                                      {product} {ergonomic}
     bool UseCompressedClassPointers               = true                                 {lp64_product} {ergonomic}
     bool UseCompressedOops                        = true                                 {lp64_product} {ergonomic}
     bool UseG1GC                                  = true                                      {product} {ergonomic}

Logging:
Log output configuration:
 #0: stdout all=warning uptime,level,tags
 #1: stderr all=off uptime,level,tags

Environment Variables:
JAVA_HOME=/home/dmitry/usr/local/java/jdk1.8.0
PATH=/bin:/bin:/usr/local/sbin:/usr/local/bin:/usr/sbin:/usr/bin:/sbin:/bin:/usr/games:/usr/local/games:/snap/bin
USERNAME=dmitry
SHELL=/bin/bash
DISPLAY=:0

Signal Handlers:
SIGSEGV: [libjvm.so+0xfe38e0], sa_mask[0]=11111111011111111101111111111110, sa_flags=SA_RESTART|SA_SIGINFO
SIGBUS: [libjvm.so+0xfe38e0], sa_mask[0]=11111111011111111101111111111110, sa_flags=SA_RESTART|SA_SIGINFO
SIGFPE: [libjvm.so+0xfe38e0], sa_mask[0]=11111111011111111101111111111110, sa_flags=SA_RESTART|SA_SIGINFO
SIGPIPE: [libjvm.so+0xc81160], sa_mask[0]=11111111011111111101111111111110, sa_flags=SA_RESTART|SA_SIGINFO
SIGXFSZ: [libjvm.so+0xc81160], sa_mask[0]=11111111011111111101111111111110, sa_flags=SA_RESTART|SA_SIGINFO
SIGILL: [libjvm.so+0xfe38e0], sa_mask[0]=11111111011111111101111111111110, sa_flags=SA_RESTART|SA_SIGINFO
SIGUSR2: [libjvm.so+0xc81000], sa_mask[0]=00100000000000000000000000000000, sa_flags=SA_RESTART|SA_SIGINFO
SIGHUP: [libjvm.so+0xc81600], sa_mask[0]=11111111011111111101111111111110, sa_flags=SA_RESTART|SA_SIGINFO
SIGINT: [libjvm.so+0xc81600], sa_mask[0]=11111111011111111101111111111110, sa_flags=SA_RESTART|SA_SIGINFO
SIGTERM: [libjvm.so+0xc81600], sa_mask[0]=11111111011111111101111111111110, sa_flags=SA_RESTART|SA_SIGINFO
SIGQUIT: [libjvm.so+0xc81600], sa_mask[0]=11111111011111111101111111111110, sa_flags=SA_RESTART|SA_SIGINFO


---------------  S Y S T E M  ---------------

OS:DISTRIB_ID=Ubuntu
DISTRIB_RELEASE=18.04
DISTRIB_CODENAME=bionic
DISTRIB_DESCRIPTION="Ubuntu 18.04.2 LTS"
uname:Linux 4.18.0-18-generic #19~18.04.1-Ubuntu SMP Fri Apr 5 10:22:13 UTC 2019 x86_64
libc:glibc 2.27 NPTL 2.27 
rlimit: STACK 8192k, CORE 0k, NPROC 20276, NOFILE 4096, AS infinity, DATA infinity, FSIZE infinity
load average:1,73 2,13 1,21

/proc/meminfo:
MemTotal:        5234984 kB
MemFree:         1661116 kB
MemAvailable:    3041368 kB
Buffers:           96740 kB
Cached:          1470704 kB
SwapCached:            0 kB
Active:          2237904 kB
Inactive:        1071008 kB
Active(anon):    1742392 kB
Inactive(anon):    40368 kB
Active(file):     495512 kB
Inactive(file):  1030640 kB
Unevictable:          32 kB
Mlocked:              32 kB
SwapTotal:       2097148 kB
SwapFree:        2097148 kB
Dirty:                76 kB
Writeback:             0 kB
AnonPages:       1741620 kB
Mapped:           300628 kB
Shmem:             41288 kB
Slab:             160272 kB
SReclaimable:     121380 kB
SUnreclaim:        38892 kB
KernelStack:        9360 kB
PageTables:        33520 kB
NFS_Unstable:          0 kB
Bounce:                0 kB
WritebackTmp:          0 kB
CommitLimit:     4714640 kB
Committed_AS:    4894456 kB
VmallocTotal:   34359738367 kB
VmallocUsed:           0 kB
VmallocChunk:          0 kB
HardwareCorrupted:     0 kB
AnonHugePages:         0 kB
ShmemHugePages:        0 kB
ShmemPmdMapped:        0 kB
CmaTotal:              0 kB
CmaFree:               0 kB
HugePages_Total:       0
HugePages_Free:        0
HugePages_Rsvd:        0
HugePages_Surp:        0
Hugepagesize:       2048 kB
Hugetlb:               0 kB
DirectMap4k:      124864 kB
DirectMap2M:     5285888 kB


/proc/sys/kernel/threads-max (system-wide limit on the number of threads):
40552


/proc/sys/vm/max_map_count (maximum number of memory map areas a process may have):
65530


/proc/sys/kernel/pid_max (system-wide limit on number of process identifiers):
32768



container (cgroup) information:
container_type: cgroupv1
cpu_cpuset_cpus: 0-3
cpu_memory_nodes: 0
active_processor_count: 4
cpu_quota: no quota
cpu_period: 100000
cpu_shares: no shares
memory_limit_in_bytes: unlimited
memory_and_swap_limit_in_bytes: not supported
memory_soft_limit_in_bytes: unlimited
memory_usage_in_bytes: 3388207104
memory_max_usage_in_bytes: unlimited

KVM virtualization detected
Steal ticks since vm start: 0
Steal ticks percentage since vm start:  0,000

CPU:total 4 (initial active 4) (4 cores per cpu, 1 threads per core) family 6 model 60 stepping 3, cmov, cx8, fxsr, mmx, sse, sse2, sse3, ssse3, sse4.1, sse4.2, popcnt, avx, avx2, aes, clmul, lzcnt, tsc, tscinvbit
CPU Model and flags from /proc/cpuinfo:
model name	: Intel(R) Core(TM) i7-4700HQ CPU @ 2.40GHz
flags		: fpu vme de pse tsc msr pae mce cx8 apic sep mtrr pge mca cmov pat pse36 clflush mmx fxsr sse sse2 ht syscall nx rdtscp lm constant_tsc rep_good nopl xtopology nonstop_tsc cpuid tsc_known_freq pni pclmulqdq ssse3 cx16 pcid sse4_1 sse4_2 x2apic movbe popcnt aes xsave avx rdrand hypervisor lahf_lm abm invpcid_single pti fsgsbase avx2 invpcid flush_l1d

Memory: 4k page, physical 5234984k(1661116k free), swap 2097148k(2097148k free)

vm_info: OpenJDK 64-Bit Server VM (13-internal+0-adhoc.dmitry.loom) for linux-amd64 JRE (13-internal+0-adhoc.dmitry.loom), built on May 15 2019 03:47:32 by "dmitry" with gcc 7.4.0

END.
