#
# A fatal error has been detected by the Java Runtime Environment:
#
#  SIGSEGV (0xb) at pc=0x00007f5dc83185ff, pid=2834, tid=2871
#
# JRE version: OpenJDK Runtime Environment (13.0) (slowdebug build 13-internal+0-adhoc.dmitry.loom)
# Java VM: OpenJDK 64-Bit Server VM (slowdebug 13-internal+0-adhoc.dmitry.loom, mixed mode, tiered, compressed oops, g1 gc, linux-amd64)
# Problematic frame:
# V  [libjvm.so+0x11625ff]  SafepointSynchronize::handle_polling_page_exception(JavaThread*)+0x17
#
# Core dump will be written. Default location: Core dumps may be processed with "/usr/share/apport/apport %p %s %c %d %P" (or dumping to /home/dmitry/Downloads/LoadDetector/core.2834)
#
# If you would like to submit a bug report, please visit:
#   http://bugreport.java.com/bugreport/crash.jsp
#

---------------  S U M M A R Y ------------

Command Line: -Didea.launcher.port=13205 -Didea.launcher.bin.path=/home/dmitry/Downloads/idea-IC-183.5912.21/bin -Dfile.encoding=UTF-8 com.intellij.rt.execution.application.AppMainV2 Main

Host: dmitry-VirtualBox, Intel(R) Core(TM) i7-4700HQ CPU @ 2.40GHz, 4 cores, 4G, Ubuntu 18.04.2 LTS
Time: Wed Jun 12 23:52:18 2019 MSK elapsed time: 8 seconds (0d 0h 0m 8s)

---------------  T H R E A D  ---------------

Current thread (0x00007f5dc05eb000):  JavaThread "Thread-1" [_thread_in_Java, id=2871, stack(0x00007f5d8e4c4000,0x00007f5d8e5c5000)]

Stack: [0x00007f5d8e4c4000,0x00007f5d8e5c5000],  sp=0x00007f5d8e5c2a50,  free space=1018k
Native frames: (J=compiled Java code, A=aot compiled Java code, j=interpreted, Vv=VM code, C=native code)
V  [libjvm.so+0x11625ff]  SafepointSynchronize::handle_polling_page_exception(JavaThread*)+0x17
v  ~SafepointBlob


siginfo: si_signo: 11 (SIGSEGV), si_code: 128 (SI_KERNEL), si_addr: 0x0000000000000000

Register to memory mapping:

RAX=0xbababababababb0a is an unknown value
RBX=0xbabababababababa is an unknown value
RCX=0x0000000000000001 is an unknown value
RDX=0x0 is NULL
RSP=0x00007f5d8e5c2a50 is pointing into the stack for thread: 0x00007f5dc05eb000
RBP=0x00007f5d8e5c2a70 is pointing into the stack for thread: 0x00007f5dc05eb000
RSI=0x00007f5d600008e0 points into unknown readable memory: 03 01 00 01 00 00 00 00
RDI=0x00007f5dc05b4000 points into unknown readable memory: ba ba ba ba ba ba ba ba
R8 =0x0000000000000001 is an unknown value
R9 =0x0 is NULL
R10=0x00007f5dca30c008 is an unknown value
R11=0x0 is NULL
R12=0x0 is NULL
R13=0x00007f5dac68ee00 is pointing into metadata
R14=0x00007f5d8e8c46a8 points into unknown readable memory: e0 46 8c 8e 5d 7f 00 00
R15=0x00007f5dc05b4000 points into unknown readable memory: ba ba ba ba ba ba ba ba


Registers:
RAX=0xbababababababb0a, RBX=0xbabababababababa, RCX=0x0000000000000001, RDX=0x0000000000000000
RSP=0x00007f5d8e5c2a50, RBP=0x00007f5d8e5c2a70, RSI=0x00007f5d600008e0, RDI=0x00007f5dc05b4000
R8 =0x0000000000000001, R9 =0x0000000000000000, R10=0x00007f5dca30c008, R11=0x0000000000000000
R12=0x0000000000000000, R13=0x00007f5dac68ee00, R14=0x00007f5d8e8c46a8, R15=0x00007f5dc05b4000
RIP=0x00007f5dc83185ff, EFLAGS=0x0000000000010286, CSGSFS=0x002b000000000033, ERR=0x0000000000000000
  TRAPNO=0x000000000000000d

Top of Stack: (sp=0x00007f5d8e5c2a50)
0x00007f5d8e5c2a50:   00007f5d8e5c2a80 00007f5dc05b4000
0x00007f5d8e5c2a60:   00007f5d8e8c4690 00007f5d8e5c2a80
0x00007f5d8e5c2a70:   00007f5d8e5c3590 00007f5db105da4c
0x00007f5d8e5c2a80:   000000000000037f 0000000000000000 

Instructions: (pc=0x00007f5dc83185ff)
0x00007f5dc83184ff:   ee 07 01 48 8b 00 c6 00 58 8b 45 f4 89 c1 48 8d
0x00007f5dc831850f:   15 fc f8 7a 00 be 3f 03 00 00 48 8d 3d 40 ee 7a
0x00007f5dc831851f:   00 b8 00 00 00 00 e8 33 60 79 ff e8 3d f6 f0 ff
0x00007f5dc831852f:   48 8b 45 e8 48 89 c7 e8 df 1a 00 00 48 89 c7 e8
0x00007f5dc831853f:   d3 05 00 00 48 85 c0 0f 95 c0 84 c0 74 36 48 8d
0x00007f5dc831854f:   05 2c ee 07 01 48 8b 00 c6 00 58 48 8d 0d d7 f8
0x00007f5dc831855f:   7a 00 48 8d 15 08 f9 7a 00 be 42 03 00 00 48 8d
0x00007f5dc831856f:   3d ec ed 7a 00 b8 00 00 00 00 e8 74 5d 79 ff e8
0x00007f5dc831857f:   e9 f5 f0 ff 83 7d f4 0b 74 1d 83 7d f4 07 74 17
0x00007f5dc831858f:   48 8b 45 e8 48 89 c7 e8 89 e8 57 ff 84 c0 74 07
0x00007f5dc831859f:   b8 01 00 00 00 eb 05 b8 00 00 00 00 84 c0 74 36
0x00007f5dc83185af:   48 8b 45 e8 48 89 c7 e8 93 1a 00 00 83 f0 01 84
0x00007f5dc83185bf:   c0 74 0d 83 7d f4 05 74 07 b8 01 00 00 00 eb 05
0x00007f5dc83185cf:   b8 00 00 00 00 0f b6 d0 48 8b 45 e8 89 d6 48 89
0x00007f5dc83185df:   c7 e8 ad 03 1c 00 c9 c3 90 55 48 89 e5 48 83 ec
0x00007f5dc83185ef:   20 48 89 7d e8 48 8b 45 e8 48 8b 00 48 83 c0 50
0x00007f5dc83185ff:   48 8b 00 48 8b 55 e8 48 89 d7 ff d0 83 f0 01 84
0x00007f5dc831860f:   c0 74 36 48 8d 05 67 ed 07 01 48 8b 00 c6 00 58
0x00007f5dc831861f:   48 8d 0d ca f8 7a 00 48 8d 15 83 f7 7a 00 be 64
0x00007f5dc831862f:   03 00 00 48 8d 3d 27 ed 7a 00 b8 00 00 00 00 e8
0x00007f5dc831863f:   af 5c 79 ff e8 24 f5 f0 ff 48 8b 45 e8 48 89 c7
0x00007f5dc831864f:   e8 f6 89 45 ff 83 f8 08 0f 95 c0 84 c0 74 36 48
0x00007f5dc831865f:   8d 05 1b ed 07 01 48 8b 00 c6 00 58 48 8d 0d a9
0x00007f5dc831866f:   f8 7a 00 48 8d 15 47 ec 7a 00 be 65 03 00 00 48
0x00007f5dc831867f:   8d 3d db ec 7a 00 b8 00 00 00 00 e8 63 5c 79 ff
0x00007f5dc831868f:   e8 d8 f4 f0 ff 48 8d 05 de fc 07 01 0f b6 00 83
0x00007f5dc831869f:   f0 01 84 c0 74 42 e8 2c e3 97 ff 83 f0 01 84 c0
0x00007f5dc83186af:   74 36 48 8d 05 c8 ec 07 01 48 8b 00 c6 00 58 48
0x00007f5dc83186bf:   8d 0d 73 f8 7a 00 48 8d 15 a4 f8 7a 00 be 67 03
0x00007f5dc83186cf:   00 00 48 8d 3d 88 ec 7a 00 b8 00 00 00 00 e8 10
0x00007f5dc83186df:   5c 79 ff e8 85 f4 f0 ff bf 03 00 00 00 e8 69 37
0x00007f5dc83186ef:   00 00 84 c0 74 11 be 08 00 00 00 48 8d 3d 87 57 


Stack slot to memory mapping:
stack at sp + 0 slots: 0x00007f5d8e5c2a80 is pointing into the stack for thread: 0x00007f5dc05eb000
stack at sp + 1 slots: 0x00007f5dc05b4000 points into unknown readable memory: ba ba ba ba ba ba ba ba
stack at sp + 2 slots: 0x00007f5d8e8c4690 points into unknown readable memory: 28 41 5b c0 5d 7f 00 00
stack at sp + 3 slots: 0x00007f5d8e5c2a80 is pointing into the stack for thread: 0x00007f5dc05eb000
stack at sp + 4 slots: 0x00007f5d8e5c3590 is pointing into the stack for thread: 0x00007f5dc05eb000
stack at sp + 5 slots: 0x00007f5db105da4c is at code_begin+140 in 
[CodeBlob (0x00007f5db105d910)]
Framesize: 356
SafepointBlob
stack at sp + 6 slots: 0x000000000000037f is an unknown value
stack at sp + 7 slots: 0x0 is NULL


---------------  P R O C E S S  ---------------

uid  : 1000 euid : 1000 gid  : 1000 egid : 1000

umask: 0022 (----w--w-)

Threads class SMR info:
_java_thread_list=0x00007f5d60004c00, length=13, elements={
0x00007f5dc0270800, 0x00007f5dc0276800, 0x00007f5dc02bb000, 0x00007f5dc02bd800,
0x00007f5dc02c0000, 0x00007f5dc02cb000, 0x00007f5dc030d000, 0x00007f5d7c0f9000,
0x00007f5dc051e000, 0x00007f5d84001000, 0x00007f5dc057c000, 0x00007f5dc05eb000,
0x00007f5dc0021800
}
_java_thread_list_alloc_cnt=18, _java_thread_list_free_cnt=16, _java_thread_list_max=14, _nested_thread_list_max=0
_tlh_cnt=110, _tlh_times=22, avg_tlh_time=0,20, _tlh_time_max=7
_deleted_thread_cnt=2, _deleted_thread_times=0, avg_deleted_thread_time=0,00, _deleted_thread_time_max=0
_delete_lock_wait_cnt=0, _delete_lock_wait_max=0
_to_delete_list_cnt=0, _to_delete_list_max=1

Java Threads: ( => current thread )
  0x00007f5dc0270800 JavaThread "Reference Handler" daemon [_thread_blocked, id=2847, stack(0x00007f5dc441c000,0x00007f5dc451d000)]
  0x00007f5dc0276800 JavaThread "Finalizer" daemon [_thread_blocked, id=2848, stack(0x00007f5dc431b000,0x00007f5dc441c000)]
  0x00007f5dc02bb000 JavaThread "Signal Dispatcher" daemon [_thread_blocked, id=2851, stack(0x00007f5dc421a000,0x00007f5dc431b000)]
  0x00007f5dc02bd800 JavaThread "C2 CompilerThread0" daemon [_thread_blocked, id=2852, stack(0x00007f5dc4119000,0x00007f5dc421a000)]
  0x00007f5dc02c0000 JavaThread "C1 CompilerThread0" daemon [_thread_in_native, id=2853, stack(0x00007f5dc4018000,0x00007f5dc4119000)]
  0x00007f5dc02cb000 JavaThread "Sweeper thread" daemon [_thread_blocked, id=2854, stack(0x00007f5d8f530000,0x00007f5d8f631000)]
  0x00007f5dc030d000 JavaThread "Common-Cleaner" daemon [_thread_blocked, id=2859, stack(0x00007f5d8efcf000,0x00007f5d8f0d0000)]
  0x00007f5d7c0f9000 JavaThread "C2 CompilerThread1" daemon [_thread_blocked, id=2861, stack(0x00007f5d8eece000,0x00007f5d8efcf000)]
  0x00007f5dc051e000 JavaThread "Service Thread" daemon [_thread_blocked, id=2865, stack(0x00007f5d8edcd000,0x00007f5d8eece000)]
  0x00007f5d84001000 JavaThread "Attach Listener" daemon [_thread_blocked, id=2867, stack(0x00007f5d8ebca000,0x00007f5d8eccb000)]
  0x00007f5dc057c000 JavaThread "Monitor Ctrl-Break" daemon [_thread_in_native, id=2869, stack(0x00007f5d8eac9000,0x00007f5d8ebca000)]
=>0x00007f5dc05eb000 JavaThread "Thread-1" [_thread_in_Java, id=2871, stack(0x00007f5d8e4c4000,0x00007f5d8e5c5000)]
  0x00007f5dc0021800 JavaThread "DestroyJavaVM" [_thread_blocked, id=2836, stack(0x00007f5dca1f8000,0x00007f5dca2f9000)]

Other Threads:
  0x00007f5dc024d000 VMThread "VM Thread" [stack: 0x00007f5dc451f000,0x00007f5dc461f000] [id=2845]
  0x00007f5dc0521000 WatcherThread [stack: 0x00007f5d8eccd000,0x00007f5d8edcd000] [id=2866]
  0x00007f5dc006d800 GCTaskThread "GC Thread#0" [stack: 0x00007f5dc4f09000,0x00007f5dc5009000] [id=2840]
  0x00007f5dc0077800 ConcurrentGCThread "G1 Main Marker" [stack: 0x00007f5dc4e07000,0x00007f5dc4f07000] [id=2841]
  0x00007f5dc0079800 ConcurrentGCThread "G1 Conc#0" [stack: 0x00007f5dc4d05000,0x00007f5dc4e05000] [id=2842]
  0x00007f5dc00d9000 ConcurrentGCThread "G1 Refine#0" [stack: 0x00007f5dc47ff000,0x00007f5dc48ff000] [id=2843]
  0x00007f5dc00db000 ConcurrentGCThread "G1 Young RemSet Sampling" [stack: 0x00007f5dc46fd000,0x00007f5dc47fd000] [id=2844]

Threads with active compile tasks:
C1 CompilerThread0     8515  636       3       jdk.internal.org.objectweb.asm.Frame::execute (2305 bytes)

VM state:not at safepoint (normal execution)

VM Mutex/Monitor currently owned by a thread: None

Heap address: 0x00000000b0000000, size: 1280 MB, Compressed Oops mode: 32-bit
Narrow klass base: 0x0000000000000000, Narrow klass shift: 3
Compressed class space size: 1073741824 Address: 0x0000000100000000

Heap:
 garbage-first heap   total 81920K, used 10240K [0x00000000b0000000, 0x0000000100000000)
  region size 1024K, 11 young (11264K), 0 survivors (0K)
 Metaspace       used 9173K, capacity 9438K, committed 9728K, reserved 1058816K
  class space    used 838K, capacity 925K, committed 1024K, reserved 1048576K
Heap Regions: E=young(eden), S=young(survivor), O=old, HS=humongous(starts), HC=humongous(continues), CS=collection set, F=free, A=archive, TAMS=top-at-mark-start (previous, next)
|   0|0x00000000b0000000, 0x00000000b0000000, 0x00000000b0100000|  0%| F|  |TAMS 0x00000000b0000000, 0x00000000b0000000| Untracked 
|   1|0x00000000b0100000, 0x00000000b0100000, 0x00000000b0200000|  0%| F|  |TAMS 0x00000000b0100000, 0x00000000b0100000| Untracked 
|   2|0x00000000b0200000, 0x00000000b0200000, 0x00000000b0300000|  0%| F|  |TAMS 0x00000000b0200000, 0x00000000b0200000| Untracked 
|   3|0x00000000b0300000, 0x00000000b0300000, 0x00000000b0400000|  0%| F|  |TAMS 0x00000000b0300000, 0x00000000b0300000| Untracked 
|   4|0x00000000b0400000, 0x00000000b0400000, 0x00000000b0500000|  0%| F|  |TAMS 0x00000000b0400000, 0x00000000b0400000| Untracked 
|   5|0x00000000b0500000, 0x00000000b0500000, 0x00000000b0600000|  0%| F|  |TAMS 0x00000000b0500000, 0x00000000b0500000| Untracked 
|   6|0x00000000b0600000, 0x00000000b0600000, 0x00000000b0700000|  0%| F|  |TAMS 0x00000000b0600000, 0x00000000b0600000| Untracked 
|   7|0x00000000b0700000, 0x00000000b0700000, 0x00000000b0800000|  0%| F|  |TAMS 0x00000000b0700000, 0x00000000b0700000| Untracked 
|   8|0x00000000b0800000, 0x00000000b0800000, 0x00000000b0900000|  0%| F|  |TAMS 0x00000000b0800000, 0x00000000b0800000| Untracked 
|   9|0x00000000b0900000, 0x00000000b0900000, 0x00000000b0a00000|  0%| F|  |TAMS 0x00000000b0900000, 0x00000000b0900000| Untracked 
|  10|0x00000000b0a00000, 0x00000000b0a00000, 0x00000000b0b00000|  0%| F|  |TAMS 0x00000000b0a00000, 0x00000000b0a00000| Untracked 
|  11|0x00000000b0b00000, 0x00000000b0b00000, 0x00000000b0c00000|  0%| F|  |TAMS 0x00000000b0b00000, 0x00000000b0b00000| Untracked 
|  12|0x00000000b0c00000, 0x00000000b0c00000, 0x00000000b0d00000|  0%| F|  |TAMS 0x00000000b0c00000, 0x00000000b0c00000| Untracked 
|  13|0x00000000b0d00000, 0x00000000b0d00000, 0x00000000b0e00000|  0%| F|  |TAMS 0x00000000b0d00000, 0x00000000b0d00000| Untracked 
|  14|0x00000000b0e00000, 0x00000000b0e00000, 0x00000000b0f00000|  0%| F|  |TAMS 0x00000000b0e00000, 0x00000000b0e00000| Untracked 
|  15|0x00000000b0f00000, 0x00000000b0f00000, 0x00000000b1000000|  0%| F|  |TAMS 0x00000000b0f00000, 0x00000000b0f00000| Untracked 
|  16|0x00000000b1000000, 0x00000000b1000000, 0x00000000b1100000|  0%| F|  |TAMS 0x00000000b1000000, 0x00000000b1000000| Untracked 
|  17|0x00000000b1100000, 0x00000000b1100000, 0x00000000b1200000|  0%| F|  |TAMS 0x00000000b1100000, 0x00000000b1100000| Untracked 
|  18|0x00000000b1200000, 0x00000000b1200000, 0x00000000b1300000|  0%| F|  |TAMS 0x00000000b1200000, 0x00000000b1200000| Untracked 
|  19|0x00000000b1300000, 0x00000000b1300000, 0x00000000b1400000|  0%| F|  |TAMS 0x00000000b1300000, 0x00000000b1300000| Untracked 
|  20|0x00000000b1400000, 0x00000000b1400000, 0x00000000b1500000|  0%| F|  |TAMS 0x00000000b1400000, 0x00000000b1400000| Untracked 
|  21|0x00000000b1500000, 0x00000000b1500000, 0x00000000b1600000|  0%| F|  |TAMS 0x00000000b1500000, 0x00000000b1500000| Untracked 
|  22|0x00000000b1600000, 0x00000000b1600000, 0x00000000b1700000|  0%| F|  |TAMS 0x00000000b1600000, 0x00000000b1600000| Untracked 
|  23|0x00000000b1700000, 0x00000000b1700000, 0x00000000b1800000|  0%| F|  |TAMS 0x00000000b1700000, 0x00000000b1700000| Untracked 
|  24|0x00000000b1800000, 0x00000000b1800000, 0x00000000b1900000|  0%| F|  |TAMS 0x00000000b1800000, 0x00000000b1800000| Untracked 
|  25|0x00000000b1900000, 0x00000000b1900000, 0x00000000b1a00000|  0%| F|  |TAMS 0x00000000b1900000, 0x00000000b1900000| Untracked 
|  26|0x00000000b1a00000, 0x00000000b1a00000, 0x00000000b1b00000|  0%| F|  |TAMS 0x00000000b1a00000, 0x00000000b1a00000| Untracked 
|  27|0x00000000b1b00000, 0x00000000b1b00000, 0x00000000b1c00000|  0%| F|  |TAMS 0x00000000b1b00000, 0x00000000b1b00000| Untracked 
|  28|0x00000000b1c00000, 0x00000000b1c00000, 0x00000000b1d00000|  0%| F|  |TAMS 0x00000000b1c00000, 0x00000000b1c00000| Untracked 
|  29|0x00000000b1d00000, 0x00000000b1d00000, 0x00000000b1e00000|  0%| F|  |TAMS 0x00000000b1d00000, 0x00000000b1d00000| Untracked 
|  30|0x00000000b1e00000, 0x00000000b1e00000, 0x00000000b1f00000|  0%| F|  |TAMS 0x00000000b1e00000, 0x00000000b1e00000| Untracked 
|  31|0x00000000b1f00000, 0x00000000b1f00000, 0x00000000b2000000|  0%| F|  |TAMS 0x00000000b1f00000, 0x00000000b1f00000| Untracked 
|  32|0x00000000b2000000, 0x00000000b2000000, 0x00000000b2100000|  0%| F|  |TAMS 0x00000000b2000000, 0x00000000b2000000| Untracked 
|  33|0x00000000b2100000, 0x00000000b2100000, 0x00000000b2200000|  0%| F|  |TAMS 0x00000000b2100000, 0x00000000b2100000| Untracked 
|  34|0x00000000b2200000, 0x00000000b2200000, 0x00000000b2300000|  0%| F|  |TAMS 0x00000000b2200000, 0x00000000b2200000| Untracked 
|  35|0x00000000b2300000, 0x00000000b2300000, 0x00000000b2400000|  0%| F|  |TAMS 0x00000000b2300000, 0x00000000b2300000| Untracked 
|  36|0x00000000b2400000, 0x00000000b2400000, 0x00000000b2500000|  0%| F|  |TAMS 0x00000000b2400000, 0x00000000b2400000| Untracked 
|  37|0x00000000b2500000, 0x00000000b2500000, 0x00000000b2600000|  0%| F|  |TAMS 0x00000000b2500000, 0x00000000b2500000| Untracked 
|  38|0x00000000b2600000, 0x00000000b2600000, 0x00000000b2700000|  0%| F|  |TAMS 0x00000000b2600000, 0x00000000b2600000| Untracked 
|  39|0x00000000b2700000, 0x00000000b2700000, 0x00000000b2800000|  0%| F|  |TAMS 0x00000000b2700000, 0x00000000b2700000| Untracked 
|  40|0x00000000b2800000, 0x00000000b2800000, 0x00000000b2900000|  0%| F|  |TAMS 0x00000000b2800000, 0x00000000b2800000| Untracked 
|  41|0x00000000b2900000, 0x00000000b2900000, 0x00000000b2a00000|  0%| F|  |TAMS 0x00000000b2900000, 0x00000000b2900000| Untracked 
|  42|0x00000000b2a00000, 0x00000000b2a00000, 0x00000000b2b00000|  0%| F|  |TAMS 0x00000000b2a00000, 0x00000000b2a00000| Untracked 
|  43|0x00000000b2b00000, 0x00000000b2b00000, 0x00000000b2c00000|  0%| F|  |TAMS 0x00000000b2b00000, 0x00000000b2b00000| Untracked 
|  44|0x00000000b2c00000, 0x00000000b2c00000, 0x00000000b2d00000|  0%| F|  |TAMS 0x00000000b2c00000, 0x00000000b2c00000| Untracked 
|  45|0x00000000b2d00000, 0x00000000b2d00000, 0x00000000b2e00000|  0%| F|  |TAMS 0x00000000b2d00000, 0x00000000b2d00000| Untracked 
|  46|0x00000000b2e00000, 0x00000000b2e00000, 0x00000000b2f00000|  0%| F|  |TAMS 0x00000000b2e00000, 0x00000000b2e00000| Untracked 
|  47|0x00000000b2f00000, 0x00000000b2f00000, 0x00000000b3000000|  0%| F|  |TAMS 0x00000000b2f00000, 0x00000000b2f00000| Untracked 
|  48|0x00000000b3000000, 0x00000000b3000000, 0x00000000b3100000|  0%| F|  |TAMS 0x00000000b3000000, 0x00000000b3000000| Untracked 
|  49|0x00000000b3100000, 0x00000000b3100000, 0x00000000b3200000|  0%| F|  |TAMS 0x00000000b3100000, 0x00000000b3100000| Untracked 
|  50|0x00000000b3200000, 0x00000000b3200000, 0x00000000b3300000|  0%| F|  |TAMS 0x00000000b3200000, 0x00000000b3200000| Untracked 
|  51|0x00000000b3300000, 0x00000000b3300000, 0x00000000b3400000|  0%| F|  |TAMS 0x00000000b3300000, 0x00000000b3300000| Untracked 
|  52|0x00000000b3400000, 0x00000000b3400000, 0x00000000b3500000|  0%| F|  |TAMS 0x00000000b3400000, 0x00000000b3400000| Untracked 
|  53|0x00000000b3500000, 0x00000000b3500000, 0x00000000b3600000|  0%| F|  |TAMS 0x00000000b3500000, 0x00000000b3500000| Untracked 
|  54|0x00000000b3600000, 0x00000000b3600000, 0x00000000b3700000|  0%| F|  |TAMS 0x00000000b3600000, 0x00000000b3600000| Untracked 
|  55|0x00000000b3700000, 0x00000000b3700000, 0x00000000b3800000|  0%| F|  |TAMS 0x00000000b3700000, 0x00000000b3700000| Untracked 
|  56|0x00000000b3800000, 0x00000000b3800000, 0x00000000b3900000|  0%| F|  |TAMS 0x00000000b3800000, 0x00000000b3800000| Untracked 
|  57|0x00000000b3900000, 0x00000000b3900000, 0x00000000b3a00000|  0%| F|  |TAMS 0x00000000b3900000, 0x00000000b3900000| Untracked 
|  58|0x00000000b3a00000, 0x00000000b3a00000, 0x00000000b3b00000|  0%| F|  |TAMS 0x00000000b3a00000, 0x00000000b3a00000| Untracked 
|  59|0x00000000b3b00000, 0x00000000b3b00000, 0x00000000b3c00000|  0%| F|  |TAMS 0x00000000b3b00000, 0x00000000b3b00000| Untracked 
|  60|0x00000000b3c00000, 0x00000000b3c00000, 0x00000000b3d00000|  0%| F|  |TAMS 0x00000000b3c00000, 0x00000000b3c00000| Untracked 
|  61|0x00000000b3d00000, 0x00000000b3d00000, 0x00000000b3e00000|  0%| F|  |TAMS 0x00000000b3d00000, 0x00000000b3d00000| Untracked 
|  62|0x00000000b3e00000, 0x00000000b3e00000, 0x00000000b3f00000|  0%| F|  |TAMS 0x00000000b3e00000, 0x00000000b3e00000| Untracked 
|  63|0x00000000b3f00000, 0x00000000b3f00000, 0x00000000b4000000|  0%| F|  |TAMS 0x00000000b3f00000, 0x00000000b3f00000| Untracked 
|  64|0x00000000b4000000, 0x00000000b4000000, 0x00000000b4100000|  0%| F|  |TAMS 0x00000000b4000000, 0x00000000b4000000| Untracked 
|  65|0x00000000b4100000, 0x00000000b4100000, 0x00000000b4200000|  0%| F|  |TAMS 0x00000000b4100000, 0x00000000b4100000| Untracked 
|  66|0x00000000b4200000, 0x00000000b4200000, 0x00000000b4300000|  0%| F|  |TAMS 0x00000000b4200000, 0x00000000b4200000| Untracked 
|  67|0x00000000b4300000, 0x00000000b4300000, 0x00000000b4400000|  0%| F|  |TAMS 0x00000000b4300000, 0x00000000b4300000| Untracked 
|  68|0x00000000b4400000, 0x00000000b4400000, 0x00000000b4500000|  0%| F|  |TAMS 0x00000000b4400000, 0x00000000b4400000| Untracked 
|  69|0x00000000b4500000, 0x00000000b45d7a60, 0x00000000b4600000| 84%| E|  |TAMS 0x00000000b4500000, 0x00000000b4500000| Complete 
|  70|0x00000000b4600000, 0x00000000b4700000, 0x00000000b4700000|100%| E|CS|TAMS 0x00000000b4600000, 0x00000000b4600000| Complete 
|  71|0x00000000b4700000, 0x00000000b4800000, 0x00000000b4800000|100%| E|CS|TAMS 0x00000000b4700000, 0x00000000b4700000| Complete 
|  72|0x00000000b4800000, 0x00000000b4900000, 0x00000000b4900000|100%| E|CS|TAMS 0x00000000b4800000, 0x00000000b4800000| Complete 
|  73|0x00000000b4900000, 0x00000000b4a00000, 0x00000000b4a00000|100%| E|CS|TAMS 0x00000000b4900000, 0x00000000b4900000| Complete 
|  74|0x00000000b4a00000, 0x00000000b4b00000, 0x00000000b4b00000|100%| E|CS|TAMS 0x00000000b4a00000, 0x00000000b4a00000| Complete 
|  75|0x00000000b4b00000, 0x00000000b4c00000, 0x00000000b4c00000|100%| E|CS|TAMS 0x00000000b4b00000, 0x00000000b4b00000| Complete 
|  76|0x00000000b4c00000, 0x00000000b4d00000, 0x00000000b4d00000|100%| E|CS|TAMS 0x00000000b4c00000, 0x00000000b4c00000| Complete 
|  77|0x00000000b4d00000, 0x00000000b4e00000, 0x00000000b4e00000|100%| E|CS|TAMS 0x00000000b4d00000, 0x00000000b4d00000| Complete 
|  78|0x00000000b4e00000, 0x00000000b4f00000, 0x00000000b4f00000|100%| E|CS|TAMS 0x00000000b4e00000, 0x00000000b4e00000| Complete 
|  79|0x00000000b4f00000, 0x00000000b5000000, 0x00000000b5000000|100%| E|CS|TAMS 0x00000000b4f00000, 0x00000000b4f00000| Complete 

Card table byte_map: [0x00007f5dc5289000,0x00007f5dc5509000] _byte_map_base: 0x00007f5dc4d09000

Marking Bits (Prev, Next): (CMBitMap*) 0x00007f5dc006ef20, (CMBitMap*) 0x00007f5dc006ef60
 Prev Bits: [0x00007f5dafc00000, 0x00007f5db1000000)
 Next Bits: [0x00007f5dae800000, 0x00007f5dafc00000)

Polling page: 0x00007f5dca30c000

Metaspace:

Usage:
  Non-class:      8,31 MB capacity,     8,14 MB ( 98%) used,   159,61 KB (  2%) free+waste,    18,50 KB ( <1%) overhead. 
      Class:    925,00 KB capacity,   838,84 KB ( 91%) used,    75,98 KB (  8%) free+waste,    10,19 KB (  1%) overhead. 
       Both:      9,22 MB capacity,     8,96 MB ( 97%) used,   235,59 KB (  2%) free+waste,    28,69 KB ( <1%) overhead. 

Virtual space:
  Non-class space:       10,00 MB reserved,       8,50 MB ( 85%) committed 
      Class space:        1,00 GB reserved,       1,00 MB ( <1%) committed 
             Both:        1,01 GB reserved,       9,50 MB ( <1%) committed 

Chunk freelists:
   Non-Class:  43,00 KB
       Class:  0 bytes
        Both:  43,00 KB

MaxMetaspaceSize: unlimited
CompressedClassSpaceSize: 1,00 GB

CodeHeap 'non-profiled nmethods': size=120032Kb used=280Kb max_used=280Kb free=119751Kb
 bounds [0x00007f5db8ac8000, 0x00007f5db8d38000, 0x00007f5dc0000000]
CodeHeap 'profiled nmethods': size=120032Kb used=603Kb max_used=603Kb free=119428Kb
 bounds [0x00007f5db1590000, 0x00007f5db1800000, 0x00007f5db8ac8000]
CodeHeap 'non-nmethods': size=5696Kb used=2075Kb max_used=2088Kb free=3621Kb
 bounds [0x00007f5db1000000, 0x00007f5db1270000, 0x00007f5db1590000]
 total_blobs=1494 nmethods=370 adapters=868
 compilation: enabled
              stopped_count=0, restarted_count=0
 full_count=0

Compilation events (10 events):
Event: 7,805 Thread 0x00007f5dc02c0000  647       3       java.lang.StringBuilder::<init> (7 bytes)
Event: 7,810 Thread 0x00007f5dc02c0000 nmethod 647 0x00007f5db1626b10 code [0x00007f5db1626cc0, 0x00007f5db1626e70]
Event: 7,810 Thread 0x00007f5dc02c0000  636       3       jdk.internal.org.objectweb.asm.Frame::execute (2305 bytes)
Event: 7,966 Thread 0x00007f5dc02bd800 nmethod 627 0x00007f5db8b07090 code [0x00007f5db8b07280, 0x00007f5db8b07a98]
Event: 7,967 Thread 0x00007f5dc02bd800  634       4       java.lang.String::getBytes (44 bytes)
Event: 8,007 Thread 0x00007f5dc02bd800 nmethod 634 0x00007f5db8b08290 code [0x00007f5db8b08420, 0x00007f5db8b08578]
Event: 8,016 Thread 0x00007f5dc02bd800  643       4       java.lang.invoke.MethodType::parameterType (7 bytes)
Event: 8,024 Thread 0x00007f5dc02bd800 nmethod 643 0x00007f5db8b08790 code [0x00007f5db8b08940, 0x00007f5db8b08a78]
Event: 8,051 Thread 0x00007f5dc02bd800  658       4       jdk.internal.org.objectweb.asm.SymbolTable::hash (10 bytes)
Event: 8,195 Thread 0x00007f5d7c0f9000 nmethod 633 0x00007f5db8b0c590 code [0x00007f5db8b0c780, 0x00007f5db8b0ceb8]

GC Heap History (0 events):
No events

Deoptimization events (5 events):
Event: 5,499 Thread 0x00007f5dc0021800 Uncommon trap: reason=unstable_if action=reinterpret pc=0x00007f5db8ade970 method=java.util.HashMap.putVal(ILjava/lang/Object;Ljava/lang/Object;ZZ)Ljava/lang/Object; @ 236 c2
Event: 6,924 Thread 0x00007f5dc0021800 Uncommon trap: reason=unstable_if action=reinterpret pc=0x00007f5db8af2694 method=java.util.HashMap.putVal(ILjava/lang/Object;Ljava/lang/Object;ZZ)Ljava/lang/Object; @ 193 c2
Event: 7,003 Thread 0x00007f5dc0021800 Uncommon trap: reason=class_check action=maybe_recompile pc=0x00007f5db8ae319c method=java.util.HashMap.putVal(ILjava/lang/Object;Ljava/lang/Object;ZZ)Ljava/lang/Object; @ 253 c2
Event: 7,003 Thread 0x00007f5dc0021800 Uncommon trap: reason=class_check action=maybe_recompile pc=0x00007f5db8ae319c method=java.util.HashMap.putVal(ILjava/lang/Object;Ljava/lang/Object;ZZ)Ljava/lang/Object; @ 253 c2
Event: 7,004 Thread 0x00007f5dc0021800 Uncommon trap: reason=unstable_if action=reinterpret pc=0x00007f5db8ae32f0 method=java.util.HashMap.putVal(ILjava/lang/Object;Ljava/lang/Object;ZZ)Ljava/lang/Object; @ 193 c2

Classes unloaded (0 events):
No events

Classes redefined (0 events):
No events

Internal exceptions (10 events):
Event: 7,417 Thread 0x00007f5dc0021800 Exception <a 'java/lang/NoSuchMethodError'{0x00000000b4612fa0}: 'long java.lang.invoke.Invokers$Holder.invoke_MT(java.lang.Object, java.lang.Object)'> (0x00000000b4612fa0) 
thrown [/home/dmitry/Downloads/LOOM/loom/src/hotspot/share/interpreter/linkResolver.cpp, line 768]
for thread 0x00007f5dc0021800
Event: 7,441 Thread 0x00007f5dc0021800 Exception <a 'java/lang/NoSuchMethodError'{0x00000000b46191a0}: 'java.lang.Object java.lang.invoke.DirectMethodHandle$Holder.invokeStatic(java.lang.Object, long)'> (0x00000000b46191a0) 
thrown [/home/dmitry/Downloads/LOOM/loom/src/hotspot/share/interpreter/linkResolver.cpp, line 768]
for thread 0x00007f5dc0021800
Event: 7,632 Thread 0x00007f5dc0021800 Exception <a 'java/lang/NoSuchMethodError'{0x00000000b4644dd0}: 'java.lang.Object java.lang.invoke.DirectMethodHandle$Holder.invokeStatic(java.lang.Object, java.lang.Object, java.lang.Object, java.lang.Object, java.lang.Object)'> (0x00000000b4644dd0) 
thrown [/home/dmitry/Downloads/LOOM/loom/src/hotspot/share/interpreter/linkResolver.cpp, line 768]
for thread 0x00007f5dc0021800
Event: 7,708 Thread 0x00007f5dc0021800 Exception <a 'java/lang/NoSuchMethodError'{0x00000000b4686110}: 'java.lang.Object java.lang.invoke.DirectMethodHandle$Holder.invokeSpecial(java.lang.Object, java.lang.Object, long)'> (0x00000000b4686110) 
thrown [/home/dmitry/Downloads/LOOM/loom/src/hotspot/share/interpreter/linkResolver.cpp, line 768]
for thread 0x00007f5dc0021800
Event: 7,723 Thread 0x00007f5dc0021800 Exception <a 'java/lang/NoSuchMethodError'{0x00000000b468cd38}: 'long java.lang.invoke.DirectMethodHandle$Holder.invokeStatic(java.lang.Object, long, long)'> (0x00000000b468cd38) 
thrown [/home/dmitry/Downloads/LOOM/loom/src/hotspot/share/interpreter/linkResolver.cpp, line 768]
for thread 0x00007f5dc0021800
Event: 7,739 Thread 0x00007f5dc0021800 Exception <a 'java/lang/NoSuchMethodError'{0x00000000b469f8e8}: 'java.lang.Object java.lang.invoke.DirectMethodHandle$Holder.invokeStatic(java.lang.Object, java.lang.Object, java.lang.Object, java.lang.Object, java.lang.Object, java.lang.Object, java.lang.Object, java.lang.Object)'> (0x00000000b469f8e8) 
thrown [/home/dmitry/Downloads/LOOM/loom/src/hotspot/share/interpreter/linkResolver.cpp, line 768]
for thread 0x00007f5dc0021800
Event: 7,767 Thread 0x00007f5dc0021800 Exception <a 'java/lang/NoSuchMethodError'{0x00000000b46ba9f0}: 'java.lang.Object java.lang.invoke.DirectMethodHandle$Holder.invokeStatic(java.lang.Object, java.lang.Object, java.lang.Object, java.lang.Object, java.lang.Object, java.lang.Object, java.lang.Object, java.lang.Object, java.lang.Object)'> (0x00000000b46ba9f0) 
thrown [/home/dmitry/Downloads/LOOM/loom/src/hotspot/share/interpreter/linkResolver.cpp, line 768]
for thread 0x00007f5dc0021800
Event: 7,802 Thread 0x00007f5dc0021800 Exception <a 'java/lang/NoSuchMethodError'{0x00000000b46da898}: 'long java.lang.invoke.DirectMethodHandle$Holder.getLong(java.lang.Object, java.lang.Object)'> (0x00000000b46da898) 
thrown [/home/dmitry/Downloads/LOOM/loom/src/hotspot/share/interpreter/linkResolver.cpp, line 768]
for thread 0x00007f5dc0021800
Event: 8,170 Thread 0x00007f5dc05eb000 Exception <a 'java/lang/NoSuchMethodError'{0x00000000b45c36a0}: 'java.lang.Object java.lang.invoke.DirectMethodHandle$Holder.invokeStatic(java.lang.Object, java.lang.Object, java.lang.Object, java.lang.Object, java.lang.Object, java.lang.Object, java.lang.Object, long)'> (0x00000000b45c36a0) 
thrown [/home/dmitry/Downloads/LOOM/loom/src/hotspot/share/interpreter/linkResolver.cpp, line 768]
for thread 0x00007f5dc05eb000
Event: 8,184 Thread 0x00007f5dc05eb000 Exception <a 'java/lang/NoSuchMethodError'{0x00000000b45cddb8}: 'java.lang.Object java.lang.invoke.Invokers$Holder.linkToTargetMethod(int, java.lang.Object)'> (0x00000000b45cddb8) 
thrown [/home/dmitry/Downloads/LOOM/loom/src/hotspot/share/interpreter/linkResolver.cpp, line 768]
for thread 0x00007f5dc05eb000

Events (10 events):
Event: 7,932 loading class java/util/IdentityHashMap$KeyIterator done
Event: 7,949 Thread 0x00007f5dc0021800 Thread exited: 0x00007f5dc0021800
Event: 7,949 Thread 0x00007f5dc0021800 Thread added: 0x00007f5dc0021800
Event: 8,026 Executing VM operation: HandshakeOneThread
Event: 8,033 Executing VM operation: HandshakeOneThread done
Event: 8,035 Executing VM operation: RevokeBias
Event: 8,045 Executing VM operation: RevokeBias done
Event: 8,046 Thread 0x00007f5dc05b4000 Thread exited: 0x00007f5dc05b4000
Event: 8,132 loading class java/lang/invoke/BoundMethodHandle$Species_LLLLJ
Event: 8,132 loading class java/lang/invoke/BoundMethodHandle$Species_LLLLJ done


Dynamic libraries:
b0000000-b5000000 rw-p 00000000 00:00 0 
b5000000-100000000 ---p 00000000 00:00 0 
100000000-100100000 rw-p 00000000 00:00 0 
100100000-140000000 ---p 00000000 00:00 0 
5589de42b000-5589de42d000 r-xp 00000000 08:01 2250923                    /home/dmitry/Downloads/LOOM/loom/build/linux-x86_64-server-slowdebug/jdk/bin/java
5589de62c000-5589de62d000 r--p 00001000 08:01 2250923                    /home/dmitry/Downloads/LOOM/loom/build/linux-x86_64-server-slowdebug/jdk/bin/java
5589de62d000-5589de62e000 rw-p 00002000 08:01 2250923                    /home/dmitry/Downloads/LOOM/loom/build/linux-x86_64-server-slowdebug/jdk/bin/java
5589de929000-5589de94a000 rw-p 00000000 00:00 0                          [heap]
7f5d54000000-7f5d54027000 rw-p 00000000 00:00 0 
7f5d54027000-7f5d58000000 ---p 00000000 00:00 0 
7f5d5c000000-7f5d5c03e000 rw-p 00000000 00:00 0 
7f5d5c03e000-7f5d60000000 ---p 00000000 00:00 0 
7f5d60000000-7f5d60021000 rw-p 00000000 00:00 0 
7f5d60021000-7f5d64000000 ---p 00000000 00:00 0 
7f5d64000000-7f5d64021000 rw-p 00000000 00:00 0 
7f5d64021000-7f5d68000000 ---p 00000000 00:00 0 
7f5d68000000-7f5d680a3000 rw-p 00000000 00:00 0 
7f5d680a3000-7f5d6c000000 ---p 00000000 00:00 0 
7f5d6c000000-7f5d6c266000 rw-p 00000000 00:00 0 
7f5d6c266000-7f5d70000000 ---p 00000000 00:00 0 
7f5d70000000-7f5d70021000 rw-p 00000000 00:00 0 
7f5d70021000-7f5d74000000 ---p 00000000 00:00 0 
7f5d74000000-7f5d74021000 rw-p 00000000 00:00 0 
7f5d74021000-7f5d78000000 ---p 00000000 00:00 0 
7f5d78000000-7f5d78021000 rw-p 00000000 00:00 0 
7f5d78021000-7f5d7c000000 ---p 00000000 00:00 0 
7f5d7c000000-7f5d7c31c000 rw-p 00000000 00:00 0 
7f5d7c31c000-7f5d80000000 ---p 00000000 00:00 0 
7f5d80000000-7f5d8030a000 rw-p 00000000 00:00 0 
7f5d8030a000-7f5d84000000 ---p 00000000 00:00 0 
7f5d84000000-7f5d84021000 rw-p 00000000 00:00 0 
7f5d84021000-7f5d88000000 ---p 00000000 00:00 0 
7f5d88000000-7f5d88021000 rw-p 00000000 00:00 0 
7f5d88021000-7f5d8c000000 ---p 00000000 00:00 0 
7f5d8d58e000-7f5d8e4c4000 rw-p 00000000 00:00 0 
7f5d8e4c4000-7f5d8e4c8000 ---p 00000000 00:00 0 
7f5d8e4c8000-7f5d8e645000 rw-p 00000000 00:00 0 
7f5d8e645000-7f5d8e7c9000 ---p 00000000 00:00 0 
7f5d8e7c9000-7f5d8e8c6000 rw-p 00000000 00:00 0 
7f5d8e8c6000-7f5d8e8c8000 r-xp 00000000 08:01 1990368                    /home/dmitry/Downloads/LOOM/loom/build/linux-x86_64-server-slowdebug/jdk/lib/libextnet.so
7f5d8e8c8000-7f5d8eac7000 ---p 00002000 08:01 1990368                    /home/dmitry/Downloads/LOOM/loom/build/linux-x86_64-server-slowdebug/jdk/lib/libextnet.so
7f5d8eac7000-7f5d8eac8000 r--p 00001000 08:01 1990368                    /home/dmitry/Downloads/LOOM/loom/build/linux-x86_64-server-slowdebug/jdk/lib/libextnet.so
7f5d8eac8000-7f5d8eac9000 rw-p 00002000 08:01 1990368                    /home/dmitry/Downloads/LOOM/loom/build/linux-x86_64-server-slowdebug/jdk/lib/libextnet.so
7f5d8eac9000-7f5d8eacd000 ---p 00000000 00:00 0 
7f5d8eacd000-7f5d8ebca000 rw-p 00000000 00:00 0 
7f5d8ebca000-7f5d8ebce000 ---p 00000000 00:00 0 
7f5d8ebce000-7f5d8eccb000 rw-p 00000000 00:00 0 
7f5d8eccb000-7f5d8eccc000 ---p 00000000 00:00 0 
7f5d8eccc000-7f5d8edcd000 rw-p 00000000 00:00 0 
7f5d8edcd000-7f5d8edd1000 ---p 00000000 00:00 0 
7f5d8edd1000-7f5d8eece000 rw-p 00000000 00:00 0 
7f5d8eece000-7f5d8eed2000 ---p 00000000 00:00 0 
7f5d8eed2000-7f5d8efcf000 rw-p 00000000 00:00 0 
7f5d8efcf000-7f5d8efd3000 ---p 00000000 00:00 0 
7f5d8efd3000-7f5d8f101000 rw-p 00000000 00:00 0 
7f5d8f101000-7f5d8f11c000 r-xp 00000000 08:01 1990332                    /home/dmitry/Downloads/LOOM/loom/build/linux-x86_64-server-slowdebug/jdk/lib/libnet.so
7f5d8f11c000-7f5d8f31b000 ---p 0001b000 08:01 1990332                    /home/dmitry/Downloads/LOOM/loom/build/linux-x86_64-server-slowdebug/jdk/lib/libnet.so
7f5d8f31b000-7f5d8f31c000 r--p 0001a000 08:01 1990332                    /home/dmitry/Downloads/LOOM/loom/build/linux-x86_64-server-slowdebug/jdk/lib/libnet.so
7f5d8f31c000-7f5d8f31d000 rw-p 0001b000 08:01 1990332                    /home/dmitry/Downloads/LOOM/loom/build/linux-x86_64-server-slowdebug/jdk/lib/libnet.so
7f5d8f31d000-7f5d8f32f000 r-xp 00000000 08:01 1990336                    /home/dmitry/Downloads/LOOM/loom/build/linux-x86_64-server-slowdebug/jdk/lib/libnio.so
7f5d8f32f000-7f5d8f52e000 ---p 00012000 08:01 1990336                    /home/dmitry/Downloads/LOOM/loom/build/linux-x86_64-server-slowdebug/jdk/lib/libnio.so
7f5d8f52e000-7f5d8f52f000 r--p 00011000 08:01 1990336                    /home/dmitry/Downloads/LOOM/loom/build/linux-x86_64-server-slowdebug/jdk/lib/libnio.so
7f5d8f52f000-7f5d8f530000 rw-p 00012000 08:01 1990336                    /home/dmitry/Downloads/LOOM/loom/build/linux-x86_64-server-slowdebug/jdk/lib/libnio.so
7f5d8f530000-7f5d8f534000 ---p 00000000 00:00 0 
7f5d8f534000-7f5d8f631000 rw-p 00000000 00:00 0 
7f5d8f631000-7f5d90000000 r--p 00000000 08:01 10230401                   /usr/lib/locale/locale-archive
7f5d90000000-7f5d90021000 rw-p 00000000 00:00 0 
7f5d90021000-7f5d94000000 ---p 00000000 00:00 0 
7f5d94000000-7f5d94021000 rw-p 00000000 00:00 0 
7f5d94021000-7f5d98000000 ---p 00000000 00:00 0 
7f5d98000000-7f5d98021000 rw-p 00000000 00:00 0 
7f5d98021000-7f5d9c000000 ---p 00000000 00:00 0 
7f5d9c000000-7f5d9c021000 rw-p 00000000 00:00 0 
7f5d9c021000-7f5da0000000 ---p 00000000 00:00 0 
7f5da0000000-7f5da0021000 rw-p 00000000 00:00 0 
7f5da0021000-7f5da4000000 ---p 00000000 00:00 0 
7f5da4000000-7f5da4021000 rw-p 00000000 00:00 0 
7f5da4021000-7f5da8000000 ---p 00000000 00:00 0 
7f5da8000000-7f5da8021000 rw-p 00000000 00:00 0 
7f5da8021000-7f5dac000000 ---p 00000000 00:00 0 
7f5dac000000-7f5dae940000 rw-p 00000000 00:00 0 
7f5dae940000-7f5dafc00000 ---p 00000000 00:00 0 
7f5dafc00000-7f5dafd40000 rw-p 00000000 00:00 0 
7f5dafd40000-7f5db1000000 ---p 00000000 00:00 0 
7f5db1000000-7f5db1270000 rwxp 00000000 00:00 0 
7f5db1270000-7f5db1590000 ---p 00000000 00:00 0 
7f5db1590000-7f5db1800000 rwxp 00000000 00:00 0 
7f5db1800000-7f5db8ac8000 ---p 00000000 00:00 0 
7f5db8ac8000-7f5db8d38000 rwxp 00000000 00:00 0 
7f5db8d38000-7f5dc0000000 ---p 00000000 00:00 0 
7f5dc0000000-7f5dc0604000 rw-p 00000000 00:00 0 
7f5dc0604000-7f5dc4000000 ---p 00000000 00:00 0 
7f5dc4018000-7f5dc401c000 ---p 00000000 00:00 0 
7f5dc401c000-7f5dc4119000 rw-p 00000000 00:00 0 
7f5dc4119000-7f5dc411d000 ---p 00000000 00:00 0 
7f5dc411d000-7f5dc421a000 rw-p 00000000 00:00 0 
7f5dc421a000-7f5dc421e000 ---p 00000000 00:00 0 
7f5dc421e000-7f5dc431b000 rw-p 00000000 00:00 0 
7f5dc431b000-7f5dc431f000 ---p 00000000 00:00 0 
7f5dc431f000-7f5dc441c000 rw-p 00000000 00:00 0 
7f5dc441c000-7f5dc4420000 ---p 00000000 00:00 0 
7f5dc4420000-7f5dc451d000 rw-p 00000000 00:00 0 
7f5dc451d000-7f5dc451e000 ---p 00000000 00:00 0 
7f5dc451e000-7f5dc46fb000 rw-p 00000000 00:00 0 
7f5dc46fb000-7f5dc46fc000 ---p 00000000 00:00 0 
7f5dc46fc000-7f5dc47fd000 rw-p 00000000 00:00 0 
7f5dc47fd000-7f5dc47fe000 ---p 00000000 00:00 0 
7f5dc47fe000-7f5dc4d03000 rw-p 00000000 00:00 0 
7f5dc4d03000-7f5dc4d04000 ---p 00000000 00:00 0 
7f5dc4d04000-7f5dc4e05000 rw-p 00000000 00:00 0 
7f5dc4e05000-7f5dc4e06000 ---p 00000000 00:00 0 
7f5dc4e06000-7f5dc4f07000 rw-p 00000000 00:00 0 
7f5dc4f07000-7f5dc4f08000 ---p 00000000 00:00 0 
7f5dc4f08000-7f5dc5031000 rw-p 00000000 00:00 0 
7f5dc5031000-7f5dc5289000 ---p 00000000 00:00 0 
7f5dc5289000-7f5dc52b1000 rw-p 00000000 00:00 0 
7f5dc52b1000-7f5dc5509000 ---p 00000000 00:00 0 
7f5dc5509000-7f5dc5531000 rw-p 00000000 00:00 0 
7f5dc5531000-7f5dc5789000 ---p 00000000 00:00 0 
7f5dc5789000-7f5dc5b92000 rw-p 00000000 00:00 0 
7f5dc5b92000-7f5dc5c78000 ---p 00000000 00:00 0 
7f5dc5c78000-7f5dc5c7d000 rw-p 00000000 00:00 0 
7f5dc5c7d000-7f5dc5d63000 ---p 00000000 00:00 0 
7f5dc5d63000-7f5dc5d83000 r-xp 00000000 08:01 1990329                    /home/dmitry/Downloads/LOOM/loom/build/linux-x86_64-server-slowdebug/jdk/lib/libjimage.so
7f5dc5d83000-7f5dc5f82000 ---p 00020000 08:01 1990329                    /home/dmitry/Downloads/LOOM/loom/build/linux-x86_64-server-slowdebug/jdk/lib/libjimage.so
7f5dc5f82000-7f5dc5f84000 r--p 0001f000 08:01 1990329                    /home/dmitry/Downloads/LOOM/loom/build/linux-x86_64-server-slowdebug/jdk/lib/libjimage.so
7f5dc5f84000-7f5dc5f85000 rw-p 00021000 08:01 1990329                    /home/dmitry/Downloads/LOOM/loom/build/linux-x86_64-server-slowdebug/jdk/lib/libjimage.so
7f5dc5f85000-7f5dc5f8e000 r-xp 00000000 08:01 1990326                    /home/dmitry/Downloads/LOOM/loom/build/linux-x86_64-server-slowdebug/jdk/lib/libzip.so
7f5dc5f8e000-7f5dc618d000 ---p 00009000 08:01 1990326                    /home/dmitry/Downloads/LOOM/loom/build/linux-x86_64-server-slowdebug/jdk/lib/libzip.so
7f5dc618d000-7f5dc618e000 r--p 00008000 08:01 1990326                    /home/dmitry/Downloads/LOOM/loom/build/linux-x86_64-server-slowdebug/jdk/lib/libzip.so
7f5dc618e000-7f5dc618f000 rw-p 00009000 08:01 1990326                    /home/dmitry/Downloads/LOOM/loom/build/linux-x86_64-server-slowdebug/jdk/lib/libzip.so
7f5dc618f000-7f5dc619a000 r-xp 00000000 08:01 1184572                    /lib/x86_64-linux-gnu/libnss_files-2.27.so
7f5dc619a000-7f5dc6399000 ---p 0000b000 08:01 1184572                    /lib/x86_64-linux-gnu/libnss_files-2.27.so
7f5dc6399000-7f5dc639a000 r--p 0000a000 08:01 1184572                    /lib/x86_64-linux-gnu/libnss_files-2.27.so
7f5dc639a000-7f5dc639b000 rw-p 0000b000 08:01 1184572                    /lib/x86_64-linux-gnu/libnss_files-2.27.so
7f5dc639b000-7f5dc63a1000 rw-p 00000000 00:00 0 
7f5dc63a1000-7f5dc63b8000 r-xp 00000000 08:01 1184566                    /lib/x86_64-linux-gnu/libnsl-2.27.so
7f5dc63b8000-7f5dc65b7000 ---p 00017000 08:01 1184566                    /lib/x86_64-linux-gnu/libnsl-2.27.so
7f5dc65b7000-7f5dc65b8000 r--p 00016000 08:01 1184566                    /lib/x86_64-linux-gnu/libnsl-2.27.so
7f5dc65b8000-7f5dc65b9000 rw-p 00017000 08:01 1184566                    /lib/x86_64-linux-gnu/libnsl-2.27.so
7f5dc65b9000-7f5dc65bb000 rw-p 00000000 00:00 0 
7f5dc65bb000-7f5dc65c6000 r-xp 00000000 08:01 1184583                    /lib/x86_64-linux-gnu/libnss_nis-2.27.so
7f5dc65c6000-7f5dc67c5000 ---p 0000b000 08:01 1184583                    /lib/x86_64-linux-gnu/libnss_nis-2.27.so
7f5dc67c5000-7f5dc67c6000 r--p 0000a000 08:01 1184583                    /lib/x86_64-linux-gnu/libnss_nis-2.27.so
7f5dc67c6000-7f5dc67c7000 rw-p 0000b000 08:01 1184583                    /lib/x86_64-linux-gnu/libnss_nis-2.27.so
7f5dc67c7000-7f5dc67cf000 r-xp 00000000 08:01 1184568                    /lib/x86_64-linux-gnu/libnss_compat-2.27.so
7f5dc67cf000-7f5dc69cf000 ---p 00008000 08:01 1184568                    /lib/x86_64-linux-gnu/libnss_compat-2.27.so
7f5dc69cf000-7f5dc69d0000 r--p 00008000 08:01 1184568                    /lib/x86_64-linux-gnu/libnss_compat-2.27.so
7f5dc69d0000-7f5dc69d1000 rw-p 00009000 08:01 1184568                    /lib/x86_64-linux-gnu/libnss_compat-2.27.so
7f5dc69d1000-7f5dc6a01000 r-xp 00000000 08:01 1990320                    /home/dmitry/Downloads/LOOM/loom/build/linux-x86_64-server-slowdebug/jdk/lib/libjava.so
7f5dc6a01000-7f5dc6c00000 ---p 00030000 08:01 1990320                    /home/dmitry/Downloads/LOOM/loom/build/linux-x86_64-server-slowdebug/jdk/lib/libjava.so
7f5dc6c00000-7f5dc6c01000 r--p 0002f000 08:01 1990320                    /home/dmitry/Downloads/LOOM/loom/build/linux-x86_64-server-slowdebug/jdk/lib/libjava.so
7f5dc6c01000-7f5dc6c03000 rw-p 00030000 08:01 1990320                    /home/dmitry/Downloads/LOOM/loom/build/linux-x86_64-server-slowdebug/jdk/lib/libjava.so
7f5dc6c03000-7f5dc6c15000 r-xp 00000000 08:01 1990310                    /home/dmitry/Downloads/LOOM/loom/build/linux-x86_64-server-slowdebug/jdk/lib/libverify.so
7f5dc6c15000-7f5dc6e15000 ---p 00012000 08:01 1990310                    /home/dmitry/Downloads/LOOM/loom/build/linux-x86_64-server-slowdebug/jdk/lib/libverify.so
7f5dc6e15000-7f5dc6e17000 r--p 00012000 08:01 1990310                    /home/dmitry/Downloads/LOOM/loom/build/linux-x86_64-server-slowdebug/jdk/lib/libverify.so
7f5dc6e17000-7f5dc6e18000 rw-p 00014000 08:01 1990310                    /home/dmitry/Downloads/LOOM/loom/build/linux-x86_64-server-slowdebug/jdk/lib/libverify.so
7f5dc6e18000-7f5dc6fb5000 r-xp 00000000 08:01 1184545                    /lib/x86_64-linux-gnu/libm-2.27.so
7f5dc6fb5000-7f5dc71b4000 ---p 0019d000 08:01 1184545                    /lib/x86_64-linux-gnu/libm-2.27.so
7f5dc71b4000-7f5dc71b5000 r--p 0019c000 08:01 1184545                    /lib/x86_64-linux-gnu/libm-2.27.so
7f5dc71b5000-7f5dc71b6000 rw-p 0019d000 08:01 1184545                    /lib/x86_64-linux-gnu/libm-2.27.so
7f5dc71b6000-7f5dc9097000 r-xp 00000000 08:01 2135096                    /home/dmitry/Downloads/LOOM/loom/build/linux-x86_64-server-slowdebug/jdk/lib/server/libjvm.so
7f5dc9097000-7f5dc9297000 ---p 01ee1000 08:01 2135096                    /home/dmitry/Downloads/LOOM/loom/build/linux-x86_64-server-slowdebug/jdk/lib/server/libjvm.so
7f5dc9297000-7f5dc9392000 r--p 01ee1000 08:01 2135096                    /home/dmitry/Downloads/LOOM/loom/build/linux-x86_64-server-slowdebug/jdk/lib/server/libjvm.so
7f5dc9392000-7f5dc93d2000 rw-p 01fdc000 08:01 2135096                    /home/dmitry/Downloads/LOOM/loom/build/linux-x86_64-server-slowdebug/jdk/lib/server/libjvm.so
7f5dc93d2000-7f5dc94a5000 rw-p 00000000 00:00 0 
7f5dc94a5000-7f5dc94bf000 r-xp 00000000 08:01 1184615                    /lib/x86_64-linux-gnu/libpthread-2.27.so
7f5dc94bf000-7f5dc96be000 ---p 0001a000 08:01 1184615                    /lib/x86_64-linux-gnu/libpthread-2.27.so
7f5dc96be000-7f5dc96bf000 r--p 00019000 08:01 1184615                    /lib/x86_64-linux-gnu/libpthread-2.27.so
7f5dc96bf000-7f5dc96c0000 rw-p 0001a000 08:01 1184615                    /lib/x86_64-linux-gnu/libpthread-2.27.so
7f5dc96c0000-7f5dc96c4000 rw-p 00000000 00:00 0 
7f5dc96c4000-7f5dc96c7000 r-xp 00000000 08:01 1184505                    /lib/x86_64-linux-gnu/libdl-2.27.so
7f5dc96c7000-7f5dc98c6000 ---p 00003000 08:01 1184505                    /lib/x86_64-linux-gnu/libdl-2.27.so
7f5dc98c6000-7f5dc98c7000 r--p 00002000 08:01 1184505                    /lib/x86_64-linux-gnu/libdl-2.27.so
7f5dc98c7000-7f5dc98c8000 rw-p 00003000 08:01 1184505                    /lib/x86_64-linux-gnu/libdl-2.27.so
7f5dc98c8000-7f5dc98e4000 r-xp 00000000 08:01 1184654                    /lib/x86_64-linux-gnu/libz.so.1.2.11
7f5dc98e4000-7f5dc9ae3000 ---p 0001c000 08:01 1184654                    /lib/x86_64-linux-gnu/libz.so.1.2.11
7f5dc9ae3000-7f5dc9ae4000 r--p 0001b000 08:01 1184654                    /lib/x86_64-linux-gnu/libz.so.1.2.11
7f5dc9ae4000-7f5dc9ae5000 rw-p 0001c000 08:01 1184654                    /lib/x86_64-linux-gnu/libz.so.1.2.11
7f5dc9ae5000-7f5dc9ccc000 r-xp 00000000 08:01 1184482                    /lib/x86_64-linux-gnu/libc-2.27.so
7f5dc9ccc000-7f5dc9ecc000 ---p 001e7000 08:01 1184482                    /lib/x86_64-linux-gnu/libc-2.27.so
7f5dc9ecc000-7f5dc9ed0000 r--p 001e7000 08:01 1184482                    /lib/x86_64-linux-gnu/libc-2.27.so
7f5dc9ed0000-7f5dc9ed2000 rw-p 001eb000 08:01 1184482                    /lib/x86_64-linux-gnu/libc-2.27.so
7f5dc9ed2000-7f5dc9ed6000 rw-p 00000000 00:00 0 
7f5dc9ed6000-7f5dc9ee9000 r-xp 00000000 08:01 1990312                    /home/dmitry/Downloads/LOOM/loom/build/linux-x86_64-server-slowdebug/jdk/lib/libjli.so
7f5dc9ee9000-7f5dca0e8000 ---p 00013000 08:01 1990312                    /home/dmitry/Downloads/LOOM/loom/build/linux-x86_64-server-slowdebug/jdk/lib/libjli.so
7f5dca0e8000-7f5dca0e9000 r--p 00012000 08:01 1990312                    /home/dmitry/Downloads/LOOM/loom/build/linux-x86_64-server-slowdebug/jdk/lib/libjli.so
7f5dca0e9000-7f5dca0ea000 rw-p 00013000 08:01 1990312                    /home/dmitry/Downloads/LOOM/loom/build/linux-x86_64-server-slowdebug/jdk/lib/libjli.so
7f5dca0ea000-7f5dca111000 r-xp 00000000 08:01 1184454                    /lib/x86_64-linux-gnu/ld-2.27.so
7f5dca13e000-7f5dca1f1000 rw-p 00000000 00:00 0 
7f5dca1f1000-7f5dca1f8000 ---p 00000000 00:00 0 
7f5dca1f8000-7f5dca1fc000 ---p 00000000 00:00 0 
7f5dca1fc000-7f5dca2fb000 rw-p 00000000 00:00 0 
7f5dca304000-7f5dca30c000 rw-s 00000000 08:01 655394                     /tmp/hsperfdata_dmitry/2834
7f5dca30c000-7f5dca30d000 ---p 00000000 00:00 0 
7f5dca30d000-7f5dca30e000 r--p 00000000 00:00 0 
7f5dca30e000-7f5dca30f000 ---p 00000000 00:00 0 
7f5dca30f000-7f5dca311000 rw-p 00000000 00:00 0 
7f5dca311000-7f5dca312000 r--p 00027000 08:01 1184454                    /lib/x86_64-linux-gnu/ld-2.27.so
7f5dca312000-7f5dca313000 rw-p 00028000 08:01 1184454                    /lib/x86_64-linux-gnu/ld-2.27.so
7f5dca313000-7f5dca314000 rw-p 00000000 00:00 0 
7ffc1899f000-7ffc189c2000 rw-p 00000000 00:00 0                          [stack]
7ffc189cc000-7ffc189cf000 r--p 00000000 00:00 0                          [vvar]
7ffc189cf000-7ffc189d1000 r-xp 00000000 00:00 0                          [vdso]
ffffffffff600000-ffffffffff601000 r-xp 00000000 00:00 0                  [vsyscall]


VM Arguments:
jvm_args: -Didea.launcher.port=13205 -Didea.launcher.bin.path=/home/dmitry/Downloads/idea-IC-183.5912.21/bin -Dfile.encoding=UTF-8 
java_command: com.intellij.rt.execution.application.AppMainV2 Main
java_class_path (initial): /home/dmitry/Downloads/LOOM/loom/build/linux-x86_64-server-slowdebug/jdk/modules/java.base:/home/dmitry/Downloads/LOOM/loom/build/linux-x86_64-server-slowdebug/jdk/modules/java.compiler:/home/dmitry/Downloads/LOOM/loom/build/linux-x86_64-server-slowdebug/jdk/modules/java.datatransfer:/home/dmitry/Downloads/LOOM/loom/build/linux-x86_64-server-slowdebug/jdk/modules/java.desktop:/home/dmitry/Downloads/LOOM/loom/build/linux-x86_64-server-slowdebug/jdk/modules/java.instrument:/home/dmitry/Downloads/LOOM/loom/build/linux-x86_64-server-slowdebug/jdk/modules/java.logging:/home/dmitry/Downloads/LOOM/loom/build/linux-x86_64-server-slowdebug/jdk/modules/java.management:/home/dmitry/Downloads/LOOM/loom/build/linux-x86_64-server-slowdebug/jdk/modules/java.management.rmi:/home/dmitry/Downloads/LOOM/loom/build/linux-x86_64-server-slowdebug/jdk/modules/java.naming:/home/dmitry/Downloads/LOOM/loom/build/linux-x86_64-server-slowdebug/jdk/modules/java.net.http:/home/dmitry/Downloads/LOOM/loom/build/linux-x86_64-server-slowdebug/jdk/modules/java.prefs:/home/dmitry/Downloads/LOOM/loom/build/linux-x86_64-server-slowdebug/jdk/modules/java.rmi:/home/dmitry/Downloads/LOOM/loom/build/linux-x86_64-server-slowdebug/jdk/modules/java.scripting:/home/dmitry/Downloads/LOOM/loom/build/linux-x86_64-server-slowdebug/jdk/modules/java.se:/home/dmitry/Downloads/LOOM/loom/build/linux-x86_64-server-slowdebug/jdk/modules/java.security.jgss:/home/dmitry/Downloads/LOOM/loom/build/linux-x86_64-server-slowdebug/jdk/modules/java.security.sasl:/home/dmitry/Downloads/LOOM/loom/build/linux-x86_64-server-slowdebug/jdk/modules/java.smartcardio:/home/dmitry/Downloads/LOOM/loom/build/linux-x86_64-server-slowdebug/jdk/modules/java.sql:/home/dmitry/Downloads/LOOM/loom/build/linux-x86_64-server-slowdebug/jdk/modules/java.sql.rowset:/home/dmitry/Downloads/LOOM/loom/build/linux-x86_64-server-slowdebug/jdk/modules/java.transaction.xa:/home/dmitry/Downloads/LOOM/loom/build/linux-x86_64-server-slo
Launcher Type: SUN_STANDARD

[Global flags]
     intx CICompilerCount                          = 3                                         {product} {ergonomic}     Number of compiler threads to run
     uint ConcGCThreads                            = 1                                         {product} {ergonomic}     Number of threads concurrent gc will use
     uint G1ConcRefinementThreads                  = 4                                         {product} {ergonomic}     The number of parallel rem set update threads. Will be set ergonomically by default.
   size_t G1HeapRegionSize                         = 1048576                                   {product} {ergonomic}     Size of the G1 regions.
    uintx GCDrainStackTargetSize                   = 64                                        {product} {ergonomic}     Number of entries we will try to leave on the stack during parallel gc
   size_t InitialHeapSize                          = 83886080                                  {product} {ergonomic}     Initial heap size (in bytes); zero means use ergonomics
   size_t MarkStackSize                            = 4194304                                   {product} {ergonomic}     Size of marking stack
   size_t MaxHeapSize                              = 1342177280                                {product} {ergonomic}     Maximum heap size (in bytes)
   size_t MaxNewSize                               = 805306368                                 {product} {ergonomic}     Maximum new generation size (in bytes), max_uintx means set ergonomically
   size_t MinHeapDeltaBytes                        = 1048576                                   {product} {ergonomic}     The minimum change in heap space due to GC (in bytes)
    uintx NonNMethodCodeHeapSize                   = 5830732                                {pd product} {ergonomic}     Size of code heap with non-nmethods (in bytes)
    uintx NonProfiledCodeHeapSize                  = 122913754                              {pd product} {ergonomic}     Size of code heap with non-profiled methods (in bytes)
    uintx ProfiledCodeHeapSize                     = 122913754                              {pd product} {ergonomic}     Size of code heap with profiled methods (in bytes)
    uintx ReservedCodeCacheSize                    = 251658240                              {pd product} {ergonomic}     Reserved code cache size (in bytes) - maximum code cache size
     bool SegmentedCodeCache                       = true                                      {product} {ergonomic}     Use a segmented code cache
     bool UseCompressedClassPointers               = true                                 {lp64_product} {ergonomic}     Use 32-bit class pointers in 64-bit VM. lp64_product means flag is always constant in 32 bit VM
     bool UseCompressedOops                        = true                                 {lp64_product} {ergonomic}     Use 32-bit object references in 64-bit VM. lp64_product means flag is always constant in 32 bit VM
     bool UseG1GC                                  = true                                      {product} {ergonomic}     Use the Garbage-First garbage collector

Logging:
Log output configuration:
 #0: stdout all=warning uptime,level,tags
 #1: stderr all=off uptime,level,tags

Environment Variables:
JAVA_HOME=/home/dmitry/usr/local/java/jdk1.8.0
PATH=/bin:/home/dmitry/Downloads/LOOM/loom/build/linux-x86_64-server-slowdebug/jdk/bin:/usr/local/sbin:/usr/local/bin:/usr/sbin:/usr/bin:/sbin:/bin:/usr/games:/usr/local/games:/snap/bin
USERNAME=dmitry
SHELL=/bin/bash
DISPLAY=:0

Signal Handlers:
SIGSEGV: [libjvm.so+0x13a978f], sa_mask[0]=11111111011111111101111111111110, sa_flags=SA_RESTART|SA_SIGINFO
SIGBUS: [libjvm.so+0x13a978f], sa_mask[0]=11111111011111111101111111111110, sa_flags=SA_RESTART|SA_SIGINFO
SIGFPE: [libjvm.so+0x13a978f], sa_mask[0]=11111111011111111101111111111110, sa_flags=SA_RESTART|SA_SIGINFO
SIGPIPE: [libjvm.so+0x107aecc], sa_mask[0]=11111111011111111101111111111110, sa_flags=SA_RESTART|SA_SIGINFO
SIGXFSZ: [libjvm.so+0x107aecc], sa_mask[0]=11111111011111111101111111111110, sa_flags=SA_RESTART|SA_SIGINFO
SIGILL: [libjvm.so+0x13a978f], sa_mask[0]=11111111011111111101111111111110, sa_flags=SA_RESTART|SA_SIGINFO
SIGUSR2: [libjvm.so+0x107a6e7], sa_mask[0]=00100000000000000000000000000000, sa_flags=SA_RESTART|SA_SIGINFO
SIGHUP: [libjvm.so+0x1076502], sa_mask[0]=11111111011111111101111111111110, sa_flags=SA_RESTART|SA_SIGINFO
SIGINT: [libjvm.so+0x1076502], sa_mask[0]=11111111011111111101111111111110, sa_flags=SA_RESTART|SA_SIGINFO
SIGTERM: [libjvm.so+0x1076502], sa_mask[0]=11111111011111111101111111111110, sa_flags=SA_RESTART|SA_SIGINFO
SIGQUIT: [libjvm.so+0x1076502], sa_mask[0]=11111111011111111101111111111110, sa_flags=SA_RESTART|SA_SIGINFO


---------------  S Y S T E M  ---------------

OS:DISTRIB_ID=Ubuntu
DISTRIB_RELEASE=18.04
DISTRIB_CODENAME=bionic
DISTRIB_DESCRIPTION="Ubuntu 18.04.2 LTS"
uname:Linux dmitry-VirtualBox 4.18.0-21-generic #22~18.04.1-Ubuntu SMP Thu May 16 15:07:19 UTC 2019 x86_64
libc:glibc 2.27 NPTL 2.27 
rlimit: STACK 8192k, CORE 0k, NPROC 20272, NOFILE 4096, AS infinity, DATA infinity, FSIZE infinity
load average:3,17 3,01 2,14

/proc/meminfo:
MemTotal:        5234988 kB
MemFree:          984100 kB
MemAvailable:    2429348 kB
Buffers:          206136 kB
Cached:          1367288 kB
SwapCached:            0 kB
Active:          2936492 kB
Inactive:         944104 kB
Active(anon):    2308020 kB
Inactive(anon):    59984 kB
Active(file):     628472 kB
Inactive(file):   884120 kB
Unevictable:          32 kB
Mlocked:              32 kB
SwapTotal:       2097148 kB
SwapFree:        2097148 kB
Dirty:               520 kB
Writeback:             0 kB
AnonPages:       2307160 kB
Mapped:           356392 kB
Shmem:             60916 kB
Slab:             263844 kB
SReclaimable:     223376 kB
SUnreclaim:        40468 kB
KernelStack:        9728 kB
PageTables:        35112 kB
NFS_Unstable:          0 kB
Bounce:                0 kB
WritebackTmp:          0 kB
CommitLimit:     4714640 kB
Committed_AS:    5595364 kB
VmallocTotal:   34359738367 kB
VmallocUsed:           0 kB
VmallocChunk:          0 kB
HardwareCorrupted:     0 kB
AnonHugePages:         0 kB
ShmemHugePages:        0 kB
ShmemPmdMapped:        0 kB
CmaTotal:              0 kB
CmaFree:               0 kB
HugePages_Total:       0
HugePages_Free:        0
HugePages_Rsvd:        0
HugePages_Surp:        0
Hugepagesize:       2048 kB
Hugetlb:               0 kB
DirectMap4k:      135104 kB
DirectMap2M:     5275648 kB


/proc/sys/kernel/threads-max (system-wide limit on the number of threads):
40544


/proc/sys/vm/max_map_count (maximum number of memory map areas a process may have):
65530


/proc/sys/kernel/pid_max (system-wide limit on number of process identifiers):
32768



container (cgroup) information:
container_type: cgroupv1
cpu_cpuset_cpus: 0-3
cpu_memory_nodes: 0
active_processor_count: 4
cpu_quota: no quota
cpu_period: 100000
cpu_shares: no shares
memory_limit_in_bytes: unlimited
memory_and_swap_limit_in_bytes: not supported
memory_soft_limit_in_bytes: unlimited
memory_usage_in_bytes: 3973644288
memory_max_usage_in_bytes: unlimited

KVM virtualization detected
Steal ticks since vm start: 0
Steal ticks percentage since vm start:  0,000

CPU:total 4 (initial active 4) (4 cores per cpu, 1 threads per core) family 6 model 60 stepping 3, cmov, cx8, fxsr, mmx, sse, sse2, sse3, ssse3, sse4.1, sse4.2, popcnt, avx, avx2, aes, clmul, lzcnt, tsc, tscinvbit
CPU Model and flags from /proc/cpuinfo:
model name	: Intel(R) Core(TM) i7-4700HQ CPU @ 2.40GHz
flags		: fpu vme de pse tsc msr pae mce cx8 apic sep mtrr pge mca cmov pat pse36 clflush mmx fxsr sse sse2 ht syscall nx rdtscp lm constant_tsc rep_good nopl xtopology nonstop_tsc cpuid tsc_known_freq pni pclmulqdq ssse3 cx16 pcid sse4_1 sse4_2 x2apic movbe popcnt aes xsave avx rdrand hypervisor lahf_lm abm invpcid_single pti fsgsbase avx2 invpcid flush_l1d

Memory: 4k page, physical 5234988k(984100k free), swap 2097148k(2097148k free)

vm_info: OpenJDK 64-Bit Server VM (slowdebug 13-internal+0-adhoc.dmitry.loom) for linux-amd64 JRE (13-internal+0-adhoc.dmitry.loom), built on Jun 12 2019 21:17:22 by "dmitry" with gcc 7.4.0

END.
