#
# A fatal error has been detected by the Java Runtime Environment:
#
#  SIGSEGV (0xb) at pc=0x00007f7e3bacdb6a, pid=21411, tid=21452
#
# JRE version: OpenJDK Runtime Environment (13.0) (build 13-internal+0-adhoc.dmitry.loom)
# Java VM: OpenJDK 64-Bit Server VM (13-internal+0-adhoc.dmitry.loom, mixed mode, tiered, compressed oops, g1 gc, linux-amd64)
# Problematic frame:
# V  [libjvm.so+0x683b6a]  ContMirror::read()+0x1a
#
# Core dump will be written. Default location: Core dumps may be processed with "/usr/share/apport/apport %p %s %c %d %P" (or dumping to /home/dmitry/Downloads/LoadDetector/core.21411)
#
# If you would like to submit a bug report, please visit:
#   http://bugreport.java.com/bugreport/crash.jsp
#

---------------  S U M M A R Y ------------

Command Line: -Didea.launcher.port=23831 -Didea.launcher.bin.path=/home/dmitry/Downloads/idea-IC-183.5912.21/bin -Dfile.encoding=UTF-8 com.intellij.rt.execution.application.AppMainV2 Main

Host: Intel(R) Core(TM) i7-4700HQ CPU @ 2.40GHz, 4 cores, 4G, Ubuntu 18.04.2 LTS
Time: Sun May 19 01:04:04 2019 MSK elapsed time: 2 seconds (0d 0h 0m 2s)

---------------  T H R E A D  ---------------

Current thread (0x00007f7e3424d800):  JavaThread "Thread-1" [_thread_in_vm, id=21452, stack(0x00007f7e02aff000,0x00007f7e02c00000)]

Stack: [0x00007f7e02aff000,0x00007f7e02c00000],  sp=0x00007f7e02bfc1c0,  free space=1012k
Native frames: (J=compiled Java code, A=aot compiled Java code, j=interpreted, Vv=VM code, C=native code)
V  [libjvm.so+0x683b6a]  ContMirror::read()+0x1a
V  [libjvm.so+0x689217]  Continuation::freeze0(JavaThread*, FrameInfo*, bool) [clone .part.305]+0x507
V  [libjvm.so+0x689957]  Continuation::freeze(JavaThread*, FrameInfo*)+0x127
v  ~RuntimeStub::cont_doYield
C  0x00007f7e02bfe890

Java frames: (J=compiled Java code, j=interpreted, Vv=VM code)
v  ~RuntimeStub::cont_doYield
j  java.lang.Continuation.yield0(Ljava/lang/ContinuationScope;Ljava/lang/Continuation;)Z+60 java.base
j  java.lang.Continuation.yield(Ljava/lang/Continuation;)Z+6 java.base
j  Main.lambda$main$1(Ljava/lang/Thread;Ljava/lang/Continuation;)V+34
j  Main$$Lambda$38.run()V+8
j  java.lang.Thread.run()V+11 java.base
v  ~StubRoutines::call_stub

siginfo: si_signo: 11 (SIGSEGV), si_code: 1 (SEGV_MAPERR), si_addr: 0x0000000000000020

Register to memory mapping:

RAX=0x0000000000000020 is an unknown value
RBX=0x00007f7e02bfd560 is pointing into the stack for thread: 0x00007f7e3424d800
RCX=0x00007f7e25013c98 is pointing into interpreter code (not bytecode specific)
RDX=0x00007f7e3cac5af8: <offset 0x000000000167baf8> in /home/dmitry/Downloads/LOOM/loom/build/linux-x86_64-server-release/jdk/lib/server/libjvm.so at 0x00007f7e3b44a000
RSP=0x00007f7e02bfc1c0 is pointing into the stack for thread: 0x00007f7e3424d800
RBP=0x00007f7e02bfc1d0 is pointing into the stack for thread: 0x00007f7e3424d800
RSI=0x00007f7e02bfe840 is pointing into the stack for thread: 0x00007f7e3424d800
RDI=0x0 is NULL
R8 =0x00007f7e25000000 points into unknown readable memory: 04 00 00 00 00 00 00 00
R9 =0x000000000000000b is an unknown value
R10=0x0000000000000800 is an unknown value
R11=0x0000000000000400 is an unknown value
R12=0x00007f7df006e390 points into unknown readable memory: 00 00 00 00 00 00 00 00
R13=0x00007f7e02bfd560 is pointing into the stack for thread: 0x00007f7e3424d800
R14=0x00007f7e02bfe818 is pointing into the stack for thread: 0x00007f7e3424d800
R15=0x00007f7e34275480 points into unknown readable memory: 02 00 00 00 7e 7f 00 00


Registers:
RAX=0x0000000000000020, RBX=0x00007f7e02bfd560, RCX=0x00007f7e25013c98, RDX=0x00007f7e3cac5af8
RSP=0x00007f7e02bfc1c0, RBP=0x00007f7e02bfc1d0, RSI=0x00007f7e02bfe840, RDI=0x0000000000000000
R8 =0x00007f7e25000000, R9 =0x000000000000000b, R10=0x0000000000000800, R11=0x0000000000000400
R12=0x00007f7df006e390, R13=0x00007f7e02bfd560, R14=0x00007f7e02bfe818, R15=0x00007f7e34275480
RIP=0x00007f7e3bacdb6a, EFLAGS=0x0000000000010206, CSGSFS=0x002b000000000033, ERR=0x0000000000000004
  TRAPNO=0x000000000000000e

Top of Stack: (sp=0x00007f7e02bfc1c0)
0x00007f7e02bfc1c0:   00007f7e250169b0 00007f7e3424d800
0x00007f7e02bfc1d0:   00007f7e02bfe7d0 00007f7e3bad3217
0x00007f7e02bfc1e0:   00007f7e3424d800 00007f7e02bfc2e0
0x00007f7e02bfc1f0:   0000000000000000 00007f7e3cac31c0 

Instructions: (pc=0x00007f7e3bacdb6a)
0x00007f7e3bacda6a:   08 48 63 00 89 0c 02 48 8d 05 1c b8 fd 00 48 8b
0x00007f7e3bacda7a:   4b 30 48 8b 53 08 48 63 00 48 89 0c 02 48 8d 05
0x00007f7e3bacda8a:   fe b7 fd 00 48 8b 53 08 48 8b 4b 38 48 63 00 48
0x00007f7e3bacda9a:   89 0c 02 48 8d 05 e4 b7 fd 00 8b 4b 60 48 8b 53
0x00007f7e3bacdaaa:   08 48 63 00 89 0c 02 48 8d 05 e8 b7 fd 00 48 8b
0x00007f7e3bacdaba:   53 08 48 8b 4b 10 48 63 00 48 89 0c 02 48 8d 05
0x00007f7e3bacdaca:   ce b7 fd 00 48 8b 4b 18 48 8b 53 08 48 63 00 48
0x00007f7e3bacdada:   89 0c 02 48 8d 05 b4 b7 fd 00 48 63 00 48 8b 53
0x00007f7e3bacdaea:   08 48 8b 4b 20 48 89 0c 02 48 8d 05 be b7 fd 00
0x00007f7e3bacdafa:   48 8b 53 08 48 8b 4b 58 48 63 00 89 0c 02 48 8d
0x00007f7e3bacdb0a:   05 71 b7 fd 00 0f b6 4b 70 48 8b 53 08 48 63 00
0x00007f7e3bacdb1a:   88 0c 02 48 8d 05 90 b7 fd 00 0f b7 4b 74 48 8b
0x00007f7e3bacdb2a:   53 08 48 63 00 66 89 0c 02 48 8d 05 76 b7 fd 00
0x00007f7e3bacdb3a:   0f b7 4b 72 48 8b 53 08 48 63 00 66 89 0c 02 48
0x00007f7e3bacdb4a:   83 c4 08 5b 5d c3 55 48 89 e5 53 48 89 fb 48 83
0x00007f7e3bacdb5a:   ec 08 48 8d 05 3d b7 fd 00 48 8b 7f 08 48 63 00
0x00007f7e3bacdb6a:   48 8b 04 38 48 89 43 10 48 8d 05 23 b7 fd 00 48
0x00007f7e3bacdb7a:   63 00 48 8b 04 38 48 89 43 18 48 8d 05 0d b7 fd
0x00007f7e3bacdb8a:   00 48 63 00 48 8b 04 38 48 89 43 20 48 8d 05 f3
0x00007f7e3bacdb9a:   b6 fd 00 48 63 00 8b 04 38 89 43 28 48 8d 05 e7
0x00007f7e3bacdbaa:   b6 fd 00 48 63 00 48 8b 04 38 48 89 43 30 48 8d
0x00007f7e3bacdbba:   05 cd b6 fd 00 48 63 00 48 8b 04 38 48 89 43 38
0x00007f7e3bacdbca:   48 8d 05 eb b6 fd 00 48 63 30 ff 15 66 14 f7 00
0x00007f7e3bacdbda:   48 85 c0 48 89 43 40 0f 84 b9 01 00 00 48 8d 15
0x00007f7e3bacdbea:   ae 9b fd 00 80 3a 01 48 19 c9 83 e1 04 80 3a 01
0x00007f7e3bacdbfa:   8b 4c 08 0c 48 19 d2 89 4b 48 83 e2 08 48 8d 44
0x00007f7e3bacdc0a:   10 10 48 89 43 50 48 8d 05 a1 b6 fd 00 48 8b 7b
0x00007f7e3bacdc1a:   08 48 63 00 48 63 04 07 48 89 43 58 48 8d 05 7f
0x00007f7e3bacdc2a:   b6 fd 00 48 63 30 ff 15 0a 14 f7 00 48 8d 15 4b
0x00007f7e3bacdc3a:   b6 fd 00 48 89 43 68 48 8b 43 08 48 83 3d a3 80
0x00007f7e3bacdc4a:   fb 00 00 48 63 12 8b 14 02 89 53 60 48 8d 15 23
0x00007f7e3bacdc5a:   b6 fd 00 48 63 12 0f b6 14 02 88 53 70 48 8d 15 


Stack slot to memory mapping:
stack at sp + 0 slots: 0x00007f7e250169b0 is at code_begin+1584 in an Interpreter codelet
invoke return entry points  [0x00007f7e25016380, 0x00007f7e25017540]  4544 bytes
stack at sp + 1 slots: 0x00007f7e3424d800 is a thread
stack at sp + 2 slots: 0x00007f7e02bfe7d0 is pointing into the stack for thread: 0x00007f7e3424d800
stack at sp + 3 slots: 0x00007f7e3bad3217: <offset 0x0000000000689217> in /home/dmitry/Downloads/LOOM/loom/build/linux-x86_64-server-release/jdk/lib/server/libjvm.so at 0x00007f7e3b44a000
stack at sp + 4 slots: 0x00007f7e3424d800 is a thread
stack at sp + 5 slots: 0x00007f7e02bfc2e0 is pointing into the stack for thread: 0x00007f7e3424d800
stack at sp + 6 slots: 0x0 is NULL
stack at sp + 7 slots: 0x00007f7e3cac31c0: <offset 0x00000000016791c0> in /home/dmitry/Downloads/LOOM/loom/build/linux-x86_64-server-release/jdk/lib/server/libjvm.so at 0x00007f7e3b44a000


---------------  P R O C E S S  ---------------

Threads class SMR info:
_java_thread_list=0x00007f7de0000b20, length=13, elements={
0x00007f7e34138800, 0x00007f7e3413b800, 0x00007f7e3415d800, 0x00007f7e34162800,
0x00007f7e34164800, 0x00007f7e34166000, 0x00007f7e3417e800, 0x00007f7e34250800,
0x00007f7df8001000, 0x00007f7e3426b800, 0x00007f7e3424d800, 0x00007f7e34016800,
0x00007f7dc8001800
}

Java Threads: ( => current thread )
  0x00007f7e34138800 JavaThread "Reference Handler" daemon [_thread_blocked, id=21430, stack(0x00007f7e205fd000,0x00007f7e206fe000)]
  0x00007f7e3413b800 JavaThread "Finalizer" daemon [_thread_blocked, id=21431, stack(0x00007f7e204fc000,0x00007f7e205fd000)]
  0x00007f7e3415d800 JavaThread "Signal Dispatcher" daemon [_thread_blocked, id=21434, stack(0x00007f7e203fb000,0x00007f7e204fc000)]
  0x00007f7e34162800 JavaThread "C2 CompilerThread0" daemon [_thread_blocked, id=21435, stack(0x00007f7e202fa000,0x00007f7e203fb000)]
  0x00007f7e34164800 JavaThread "C1 CompilerThread0" daemon [_thread_blocked, id=21436, stack(0x00007f7e201f9000,0x00007f7e202fa000)]
  0x00007f7e34166000 JavaThread "Sweeper thread" daemon [_thread_blocked, id=21437, stack(0x00007f7e200f8000,0x00007f7e201f9000)]
  0x00007f7e3417e800 JavaThread "Common-Cleaner" daemon [_thread_blocked, id=21442, stack(0x00007f7e03106000,0x00007f7e03207000)]
  0x00007f7e34250800 JavaThread "Service Thread" daemon [_thread_blocked, id=21448, stack(0x00007f7e02f04000,0x00007f7e03005000)]
  0x00007f7df8001000 JavaThread "Attach Listener" daemon [_thread_blocked, id=21450, stack(0x00007f7e02d01000,0x00007f7e02e02000)]
  0x00007f7e3426b800 JavaThread "Monitor Ctrl-Break" daemon [_thread_in_native, id=21451, stack(0x00007f7e02c00000,0x00007f7e02d01000)]
=>0x00007f7e3424d800 JavaThread "Thread-1" [_thread_in_vm, id=21452, stack(0x00007f7e02aff000,0x00007f7e02c00000)]
  0x00007f7e34016800 JavaThread "DestroyJavaVM" [_thread_blocked, id=21413, stack(0x00007f7e3d84b000,0x00007f7e3d94c000)]
  0x00007f7dc8001800 JavaThread "Timer-0" [_thread_blocked, id=21454, stack(0x00007f7e026fa000,0x00007f7e027fb000)]

Other Threads:
  0x00007f7e3412c800 VMThread "VM Thread" [stack: 0x00007f7e20700000,0x00007f7e20800000] [id=21428]
  0x00007f7e3425b000 WatcherThread [stack: 0x00007f7e02e04000,0x00007f7e02f04000] [id=21449]
  0x00007f7e3405a800 GCTaskThread "GC Thread#0" [stack: 0x00007f7e391b1000,0x00007f7e392b1000] [id=21414]
  0x00007f7e34064000 ConcurrentGCThread "G1 Main Marker" [stack: 0x00007f7e390af000,0x00007f7e391af000] [id=21415]
  0x00007f7e34066000 ConcurrentGCThread "G1 Conc#0" [stack: 0x00007f7e38fad000,0x00007f7e390ad000] [id=21416]
  0x00007f7e340ba000 ConcurrentGCThread "G1 Refine#0" [stack: 0x00007f7e38aa7000,0x00007f7e38ba7000] [id=21424]
  0x00007f7e340bc000 ConcurrentGCThread "G1 Young RemSet Sampling" [stack: 0x00007f7e389a5000,0x00007f7e38aa5000] [id=21425]

Threads with active compile tasks:

VM state:not at safepoint (normal execution)

VM Mutex/Monitor currently owned by a thread: None

Heap address: 0x00000000b0000000, size: 1280 MB, Compressed Oops mode: 32-bit
Narrow klass base: 0x0000000000000000, Narrow klass shift: 3
Compressed class space size: 1073741824 Address: 0x0000000100000000

Heap:
 garbage-first heap   total 81920K, used 8192K [0x00000000b0000000, 0x0000000100000000)
  region size 1024K, 9 young (9216K), 0 survivors (0K)
 Metaspace       used 8191K, capacity 8332K, committed 8576K, reserved 1056768K
  class space    used 734K, capacity 797K, committed 896K, reserved 1048576K
Heap Regions: E=young(eden), S=young(survivor), O=old, HS=humongous(starts), HC=humongous(continues), CS=collection set, F=free, A=archive, TAMS=top-at-mark-start (previous, next)
|   0|0x00000000b0000000, 0x00000000b0000000, 0x00000000b0100000|  0%| F|  |TAMS 0x00000000b0000000, 0x00000000b0000000| Untracked 
|   1|0x00000000b0100000, 0x00000000b0100000, 0x00000000b0200000|  0%| F|  |TAMS 0x00000000b0100000, 0x00000000b0100000| Untracked 
|   2|0x00000000b0200000, 0x00000000b0200000, 0x00000000b0300000|  0%| F|  |TAMS 0x00000000b0200000, 0x00000000b0200000| Untracked 
|   3|0x00000000b0300000, 0x00000000b0300000, 0x00000000b0400000|  0%| F|  |TAMS 0x00000000b0300000, 0x00000000b0300000| Untracked 
|   4|0x00000000b0400000, 0x00000000b0400000, 0x00000000b0500000|  0%| F|  |TAMS 0x00000000b0400000, 0x00000000b0400000| Untracked 
|   5|0x00000000b0500000, 0x00000000b0500000, 0x00000000b0600000|  0%| F|  |TAMS 0x00000000b0500000, 0x00000000b0500000| Untracked 
|   6|0x00000000b0600000, 0x00000000b0600000, 0x00000000b0700000|  0%| F|  |TAMS 0x00000000b0600000, 0x00000000b0600000| Untracked 
|   7|0x00000000b0700000, 0x00000000b0700000, 0x00000000b0800000|  0%| F|  |TAMS 0x00000000b0700000, 0x00000000b0700000| Untracked 
|   8|0x00000000b0800000, 0x00000000b0800000, 0x00000000b0900000|  0%| F|  |TAMS 0x00000000b0800000, 0x00000000b0800000| Untracked 
|   9|0x00000000b0900000, 0x00000000b0900000, 0x00000000b0a00000|  0%| F|  |TAMS 0x00000000b0900000, 0x00000000b0900000| Untracked 
|  10|0x00000000b0a00000, 0x00000000b0a00000, 0x00000000b0b00000|  0%| F|  |TAMS 0x00000000b0a00000, 0x00000000b0a00000| Untracked 
|  11|0x00000000b0b00000, 0x00000000b0b00000, 0x00000000b0c00000|  0%| F|  |TAMS 0x00000000b0b00000, 0x00000000b0b00000| Untracked 
|  12|0x00000000b0c00000, 0x00000000b0c00000, 0x00000000b0d00000|  0%| F|  |TAMS 0x00000000b0c00000, 0x00000000b0c00000| Untracked 
|  13|0x00000000b0d00000, 0x00000000b0d00000, 0x00000000b0e00000|  0%| F|  |TAMS 0x00000000b0d00000, 0x00000000b0d00000| Untracked 
|  14|0x00000000b0e00000, 0x00000000b0e00000, 0x00000000b0f00000|  0%| F|  |TAMS 0x00000000b0e00000, 0x00000000b0e00000| Untracked 
|  15|0x00000000b0f00000, 0x00000000b0f00000, 0x00000000b1000000|  0%| F|  |TAMS 0x00000000b0f00000, 0x00000000b0f00000| Untracked 
|  16|0x00000000b1000000, 0x00000000b1000000, 0x00000000b1100000|  0%| F|  |TAMS 0x00000000b1000000, 0x00000000b1000000| Untracked 
|  17|0x00000000b1100000, 0x00000000b1100000, 0x00000000b1200000|  0%| F|  |TAMS 0x00000000b1100000, 0x00000000b1100000| Untracked 
|  18|0x00000000b1200000, 0x00000000b1200000, 0x00000000b1300000|  0%| F|  |TAMS 0x00000000b1200000, 0x00000000b1200000| Untracked 
|  19|0x00000000b1300000, 0x00000000b1300000, 0x00000000b1400000|  0%| F|  |TAMS 0x00000000b1300000, 0x00000000b1300000| Untracked 
|  20|0x00000000b1400000, 0x00000000b1400000, 0x00000000b1500000|  0%| F|  |TAMS 0x00000000b1400000, 0x00000000b1400000| Untracked 
|  21|0x00000000b1500000, 0x00000000b1500000, 0x00000000b1600000|  0%| F|  |TAMS 0x00000000b1500000, 0x00000000b1500000| Untracked 
|  22|0x00000000b1600000, 0x00000000b1600000, 0x00000000b1700000|  0%| F|  |TAMS 0x00000000b1600000, 0x00000000b1600000| Untracked 
|  23|0x00000000b1700000, 0x00000000b1700000, 0x00000000b1800000|  0%| F|  |TAMS 0x00000000b1700000, 0x00000000b1700000| Untracked 
|  24|0x00000000b1800000, 0x00000000b1800000, 0x00000000b1900000|  0%| F|  |TAMS 0x00000000b1800000, 0x00000000b1800000| Untracked 
|  25|0x00000000b1900000, 0x00000000b1900000, 0x00000000b1a00000|  0%| F|  |TAMS 0x00000000b1900000, 0x00000000b1900000| Untracked 
|  26|0x00000000b1a00000, 0x00000000b1a00000, 0x00000000b1b00000|  0%| F|  |TAMS 0x00000000b1a00000, 0x00000000b1a00000| Untracked 
|  27|0x00000000b1b00000, 0x00000000b1b00000, 0x00000000b1c00000|  0%| F|  |TAMS 0x00000000b1b00000, 0x00000000b1b00000| Untracked 
|  28|0x00000000b1c00000, 0x00000000b1c00000, 0x00000000b1d00000|  0%| F|  |TAMS 0x00000000b1c00000, 0x00000000b1c00000| Untracked 
|  29|0x00000000b1d00000, 0x00000000b1d00000, 0x00000000b1e00000|  0%| F|  |TAMS 0x00000000b1d00000, 0x00000000b1d00000| Untracked 
|  30|0x00000000b1e00000, 0x00000000b1e00000, 0x00000000b1f00000|  0%| F|  |TAMS 0x00000000b1e00000, 0x00000000b1e00000| Untracked 
|  31|0x00000000b1f00000, 0x00000000b1f00000, 0x00000000b2000000|  0%| F|  |TAMS 0x00000000b1f00000, 0x00000000b1f00000| Untracked 
|  32|0x00000000b2000000, 0x00000000b2000000, 0x00000000b2100000|  0%| F|  |TAMS 0x00000000b2000000, 0x00000000b2000000| Untracked 
|  33|0x00000000b2100000, 0x00000000b2100000, 0x00000000b2200000|  0%| F|  |TAMS 0x00000000b2100000, 0x00000000b2100000| Untracked 
|  34|0x00000000b2200000, 0x00000000b2200000, 0x00000000b2300000|  0%| F|  |TAMS 0x00000000b2200000, 0x00000000b2200000| Untracked 
|  35|0x00000000b2300000, 0x00000000b2300000, 0x00000000b2400000|  0%| F|  |TAMS 0x00000000b2300000, 0x00000000b2300000| Untracked 
|  36|0x00000000b2400000, 0x00000000b2400000, 0x00000000b2500000|  0%| F|  |TAMS 0x00000000b2400000, 0x00000000b2400000| Untracked 
|  37|0x00000000b2500000, 0x00000000b2500000, 0x00000000b2600000|  0%| F|  |TAMS 0x00000000b2500000, 0x00000000b2500000| Untracked 
|  38|0x00000000b2600000, 0x00000000b2600000, 0x00000000b2700000|  0%| F|  |TAMS 0x00000000b2600000, 0x00000000b2600000| Untracked 
|  39|0x00000000b2700000, 0x00000000b2700000, 0x00000000b2800000|  0%| F|  |TAMS 0x00000000b2700000, 0x00000000b2700000| Untracked 
|  40|0x00000000b2800000, 0x00000000b2800000, 0x00000000b2900000|  0%| F|  |TAMS 0x00000000b2800000, 0x00000000b2800000| Untracked 
|  41|0x00000000b2900000, 0x00000000b2900000, 0x00000000b2a00000|  0%| F|  |TAMS 0x00000000b2900000, 0x00000000b2900000| Untracked 
|  42|0x00000000b2a00000, 0x00000000b2a00000, 0x00000000b2b00000|  0%| F|  |TAMS 0x00000000b2a00000, 0x00000000b2a00000| Untracked 
|  43|0x00000000b2b00000, 0x00000000b2b00000, 0x00000000b2c00000|  0%| F|  |TAMS 0x00000000b2b00000, 0x00000000b2b00000| Untracked 
|  44|0x00000000b2c00000, 0x00000000b2c00000, 0x00000000b2d00000|  0%| F|  |TAMS 0x00000000b2c00000, 0x00000000b2c00000| Untracked 
|  45|0x00000000b2d00000, 0x00000000b2d00000, 0x00000000b2e00000|  0%| F|  |TAMS 0x00000000b2d00000, 0x00000000b2d00000| Untracked 
|  46|0x00000000b2e00000, 0x00000000b2e00000, 0x00000000b2f00000|  0%| F|  |TAMS 0x00000000b2e00000, 0x00000000b2e00000| Untracked 
|  47|0x00000000b2f00000, 0x00000000b2f00000, 0x00000000b3000000|  0%| F|  |TAMS 0x00000000b2f00000, 0x00000000b2f00000| Untracked 
|  48|0x00000000b3000000, 0x00000000b3000000, 0x00000000b3100000|  0%| F|  |TAMS 0x00000000b3000000, 0x00000000b3000000| Untracked 
|  49|0x00000000b3100000, 0x00000000b3100000, 0x00000000b3200000|  0%| F|  |TAMS 0x00000000b3100000, 0x00000000b3100000| Untracked 
|  50|0x00000000b3200000, 0x00000000b3200000, 0x00000000b3300000|  0%| F|  |TAMS 0x00000000b3200000, 0x00000000b3200000| Untracked 
|  51|0x00000000b3300000, 0x00000000b3300000, 0x00000000b3400000|  0%| F|  |TAMS 0x00000000b3300000, 0x00000000b3300000| Untracked 
|  52|0x00000000b3400000, 0x00000000b3400000, 0x00000000b3500000|  0%| F|  |TAMS 0x00000000b3400000, 0x00000000b3400000| Untracked 
|  53|0x00000000b3500000, 0x00000000b3500000, 0x00000000b3600000|  0%| F|  |TAMS 0x00000000b3500000, 0x00000000b3500000| Untracked 
|  54|0x00000000b3600000, 0x00000000b3600000, 0x00000000b3700000|  0%| F|  |TAMS 0x00000000b3600000, 0x00000000b3600000| Untracked 
|  55|0x00000000b3700000, 0x00000000b3700000, 0x00000000b3800000|  0%| F|  |TAMS 0x00000000b3700000, 0x00000000b3700000| Untracked 
|  56|0x00000000b3800000, 0x00000000b3800000, 0x00000000b3900000|  0%| F|  |TAMS 0x00000000b3800000, 0x00000000b3800000| Untracked 
|  57|0x00000000b3900000, 0x00000000b3900000, 0x00000000b3a00000|  0%| F|  |TAMS 0x00000000b3900000, 0x00000000b3900000| Untracked 
|  58|0x00000000b3a00000, 0x00000000b3a00000, 0x00000000b3b00000|  0%| F|  |TAMS 0x00000000b3a00000, 0x00000000b3a00000| Untracked 
|  59|0x00000000b3b00000, 0x00000000b3b00000, 0x00000000b3c00000|  0%| F|  |TAMS 0x00000000b3b00000, 0x00000000b3b00000| Untracked 
|  60|0x00000000b3c00000, 0x00000000b3c00000, 0x00000000b3d00000|  0%| F|  |TAMS 0x00000000b3c00000, 0x00000000b3c00000| Untracked 
|  61|0x00000000b3d00000, 0x00000000b3d00000, 0x00000000b3e00000|  0%| F|  |TAMS 0x00000000b3d00000, 0x00000000b3d00000| Untracked 
|  62|0x00000000b3e00000, 0x00000000b3e00000, 0x00000000b3f00000|  0%| F|  |TAMS 0x00000000b3e00000, 0x00000000b3e00000| Untracked 
|  63|0x00000000b3f00000, 0x00000000b3f00000, 0x00000000b4000000|  0%| F|  |TAMS 0x00000000b3f00000, 0x00000000b3f00000| Untracked 
|  64|0x00000000b4000000, 0x00000000b4000000, 0x00000000b4100000|  0%| F|  |TAMS 0x00000000b4000000, 0x00000000b4000000| Untracked 
|  65|0x00000000b4100000, 0x00000000b4100000, 0x00000000b4200000|  0%| F|  |TAMS 0x00000000b4100000, 0x00000000b4100000| Untracked 
|  66|0x00000000b4200000, 0x00000000b4200000, 0x00000000b4300000|  0%| F|  |TAMS 0x00000000b4200000, 0x00000000b4200000| Untracked 
|  67|0x00000000b4300000, 0x00000000b4300000, 0x00000000b4400000|  0%| F|  |TAMS 0x00000000b4300000, 0x00000000b4300000| Untracked 
|  68|0x00000000b4400000, 0x00000000b4400000, 0x00000000b4500000|  0%| F|  |TAMS 0x00000000b4400000, 0x00000000b4400000| Untracked 
|  69|0x00000000b4500000, 0x00000000b4500000, 0x00000000b4600000|  0%| F|  |TAMS 0x00000000b4500000, 0x00000000b4500000| Untracked 
|  70|0x00000000b4600000, 0x00000000b4600000, 0x00000000b4700000|  0%| F|  |TAMS 0x00000000b4600000, 0x00000000b4600000| Untracked 
|  71|0x00000000b4700000, 0x00000000b4800000, 0x00000000b4800000|100%| E|  |TAMS 0x00000000b4700000, 0x00000000b4700000| Complete 
|  72|0x00000000b4800000, 0x00000000b4900000, 0x00000000b4900000|100%| E|CS|TAMS 0x00000000b4800000, 0x00000000b4800000| Complete 
|  73|0x00000000b4900000, 0x00000000b4a00000, 0x00000000b4a00000|100%| E|CS|TAMS 0x00000000b4900000, 0x00000000b4900000| Complete 
|  74|0x00000000b4a00000, 0x00000000b4b00000, 0x00000000b4b00000|100%| E|CS|TAMS 0x00000000b4a00000, 0x00000000b4a00000| Complete 
|  75|0x00000000b4b00000, 0x00000000b4c00000, 0x00000000b4c00000|100%| E|CS|TAMS 0x00000000b4b00000, 0x00000000b4b00000| Complete 
|  76|0x00000000b4c00000, 0x00000000b4d00000, 0x00000000b4d00000|100%| E|CS|TAMS 0x00000000b4c00000, 0x00000000b4c00000| Complete 
|  77|0x00000000b4d00000, 0x00000000b4e00000, 0x00000000b4e00000|100%| E|CS|TAMS 0x00000000b4d00000, 0x00000000b4d00000| Complete 
|  78|0x00000000b4e00000, 0x00000000b4f00000, 0x00000000b4f00000|100%| E|CS|TAMS 0x00000000b4e00000, 0x00000000b4e00000| Complete 
|  79|0x00000000b4f00000, 0x00000000b5000000, 0x00000000b5000000|100%| E|CS|TAMS 0x00000000b4f00000, 0x00000000b4f00000| Complete 

Card table byte_map: [0x00007f7e39531000,0x00007f7e397b1000] _byte_map_base: 0x00007f7e38fb1000

Marking Bits (Prev, Next): (CMBitMap*) 0x00007f7e3405b9d8, (CMBitMap*) 0x00007f7e3405ba18
 Prev Bits: [0x00007f7e23c00000, 0x00007f7e25000000)
 Next Bits: [0x00007f7e22800000, 0x00007f7e23c00000)

Polling page: 0x00007f7e3d95f000

Metaspace:

Usage:
  Non-class:      7,36 MB capacity,     7,28 MB ( 99%) used,    65,69 KB ( <1%) free+waste,    12,31 KB ( <1%) overhead. 
      Class:    797,00 KB capacity,   734,26 KB ( 92%) used,    56,68 KB (  7%) free+waste,     6,06 KB ( <1%) overhead. 
       Both:      8,14 MB capacity,     8,00 MB ( 98%) used,   122,37 KB (  1%) free+waste,    18,38 KB ( <1%) overhead. 

Virtual space:
  Non-class space:        8,00 MB reserved,       7,50 MB ( 94%) committed 
      Class space:        1,00 GB reserved,     896,00 KB ( <1%) committed 
             Both:        1,01 GB reserved,       8,38 MB ( <1%) committed 

Chunk freelists:
   Non-Class:  5,00 KB
       Class:  3,00 KB
        Both:  8,00 KB

MaxMetaspaceSize: unlimited
CompressedClassSpaceSize: 1,00 GB

CodeHeap 'non-profiled nmethods': size=120032Kb used=202Kb max_used=202Kb free=119829Kb
 bounds [0x00007f7e2cac8000, 0x00007f7e2cd38000, 0x00007f7e34000000]
CodeHeap 'profiled nmethods': size=120032Kb used=1010Kb max_used=1010Kb free=119021Kb
 bounds [0x00007f7e25590000, 0x00007f7e25800000, 0x00007f7e2cac8000]
CodeHeap 'non-nmethods': size=5696Kb used=1116Kb max_used=1134Kb free=4579Kb
 bounds [0x00007f7e25000000, 0x00007f7e25270000, 0x00007f7e25590000]
 total_blobs=1093 nmethods=580 adapters=255
 compilation: enabled
              stopped_count=0, restarted_count=0
 full_count=0

Compilation events (10 events):
Event: 1,338 Thread 0x00007f7e34164800  570       3       java.nio.CharBuffer::arrayOffset (35 bytes)
Event: 1,346 Thread 0x00007f7e34164800 nmethod 570 0x00007f7e2568b810 code [0x00007f7e2568b9e0, 0x00007f7e2568bcb8]
Event: 1,346 Thread 0x00007f7e34164800  568       3       jdk.internal.ref.CleanerImpl::getCleanerImpl (13 bytes)
Event: 1,347 Thread 0x00007f7e34164800 nmethod 568 0x00007f7e2568be10 code [0x00007f7e2568bfc0, 0x00007f7e2568c2c8]
Event: 1,347 Thread 0x00007f7e34164800  569       3       java.lang.ref.Cleaner$1::apply (9 bytes)
Event: 1,350 Thread 0x00007f7e34164800 nmethod 569 0x00007f7e2568c390 code [0x00007f7e2568c540, 0x00007f7e2568c7f0]
Event: 1,354 Thread 0x00007f7e34164800  578       1       sun.util.locale.BaseLocale::getLanguage (5 bytes)
Event: 1,354 Thread 0x00007f7e34164800 nmethod 578 0x00007f7e2cafa510 code [0x00007f7e2cafa6a0, 0x00007f7e2cafa7b0]
Event: 1,354 Thread 0x00007f7e34164800  579       1       java.lang.invoke.MethodTypeForm::basicType (5 bytes)
Event: 1,354 Thread 0x00007f7e34164800 nmethod 579 0x00007f7e2cafa810 code [0x00007f7e2cafa9a0, 0x00007f7e2cafaab0]

GC Heap History (0 events):
No events

Deoptimization events (3 events):
Event: 0,938 Thread 0x00007f7e34016800 Uncommon trap: reason=unstable_if action=reinterpret pc=0x00007f7e2cadc67c method=java.util.HashMap.putVal(ILjava/lang/Object;Ljava/lang/Object;ZZ)Ljava/lang/Object; @ 236 c2
Event: 1,134 Thread 0x00007f7e3426b800 Uncommon trap: reason=unstable_if action=reinterpret pc=0x00007f7e2cae3d9c method=java.net.URI.match(CJJ)Z @ 19 c2
Event: 1,272 Thread 0x00007f7df8001000 Uncommon trap: reason=class_check action=maybe_recompile pc=0x00007f7e2cae00b4 method=java.io.BufferedInputStream.read([BII)I @ 101 c2

Classes unloaded (0 events):
No events

Classes redefined (0 events):
No events

Internal exceptions (10 events):
Event: 0,566 Thread 0x00007f7e34016800 Exception <a 'java/lang/NoSuchMethodError'{0x00000000b4c0fb70}: 'java.lang.Object java.lang.invoke.DirectMethodHandle$Holder.invokeInterface(java.lang.Object, java.lang.Object)'> (0x00000000b4c0fb70) 
thrown [/home/dmitry/Downloads/LOOM/loom/src/hotspot/share/interpreter/linkResolver.cpp, line 768]
for thread 0x00007f7e34016800
Event: 0,581 Thread 0x00007f7e34016800 Exception <a 'java/lang/NoSuchMethodError'{0x00000000b4c167b0}: 'int java.lang.invoke.DirectMethodHandle$Holder.invokeStatic(java.lang.Object, java.lang.Object)'> (0x00000000b4c167b0) 
thrown [/home/dmitry/Downloads/LOOM/loom/src/hotspot/share/interpreter/linkResolver.cpp, line 768]
for thread 0x00007f7e34016800
Event: 0,584 Thread 0x00007f7e34016800 Exception <a 'java/lang/NoSuchMethodError'{0x00000000b4c20df0}: 'java.lang.Object java.lang.invoke.DirectMethodHandle$Holder.invokeVirtual(java.lang.Object, java.lang.Object)'> (0x00000000b4c20df0) 
thrown [/home/dmitry/Downloads/LOOM/loom/src/hotspot/share/interpreter/linkResolver.cpp, line 768]
for thread 0x00007f7e34016800
Event: 0,588 Thread 0x00007f7e34016800 Exception <a 'java/lang/NoSuchMethodError'{0x00000000b4c289b8}: 'int java.lang.invoke.DirectMethodHandle$Holder.invokeSpecial(java.lang.Object, java.lang.Object)'> (0x00000000b4c289b8) 
thrown [/home/dmitry/Downloads/LOOM/loom/src/hotspot/share/interpreter/linkResolver.cpp, line 768]
for thread 0x00007f7e34016800
Event: 0,833 Thread 0x00007f7e34016800 Exception <a 'java/lang/NoSuchMethodError'{0x00000000b4ab99f8}: 'void java.lang.invoke.DirectMethodHandle$Holder.invokeStatic(java.lang.Object, java.lang.Object, java.lang.Object)'> (0x00000000b4ab99f8) 
thrown [/home/dmitry/Downloads/LOOM/loom/src/hotspot/share/interpreter/linkResolver.cpp, line 768]
for thread 0x00007f7e34016800
Event: 0,860 Thread 0x00007f7e34016800 Exception <a 'java/lang/NoSuchMethodError'{0x00000000b4ae4fa8}: 'java.lang.Object java.lang.invoke.Invokers$Holder.linkToTargetMethod(java.lang.Object, java.lang.Object, java.lang.Object, java.lang.Object)'> (0x00000000b4ae4fa8) 
thrown [/home/dmitry/Downloads/LOOM/loom/src/hotspot/share/interpreter/linkResolver.cpp, line 768]
for thread 0x00007f7e34016800
Event: 1,109 Thread 0x00007f7e34016800 Exception <a 'java/lang/NoSuchMethodError'{0x00000000b483a668}: 'void java.lang.invoke.DirectMethodHandle$Holder.invokeStatic(java.lang.Object)'> (0x00000000b483a668) 
thrown [/home/dmitry/Downloads/LOOM/loom/src/hotspot/share/interpreter/linkResolver.cpp, line 768]
for thread 0x00007f7e34016800
Event: 1,110 Thread 0x00007f7e34016800 Exception <a 'java/lang/NoSuchMethodError'{0x00000000b483eda8}: 'void java.lang.invoke.DirectMethodHandle$Holder.invokeSpecial(java.lang.Object, java.lang.Object)'> (0x00000000b483eda8) 
thrown [/home/dmitry/Downloads/LOOM/loom/src/hotspot/share/interpreter/linkResolver.cpp, line 768]
for thread 0x00007f7e34016800
Event: 1,114 Thread 0x00007f7e3426b800 Exception <a 'java/lang/NoSuchMethodError'{0x00000000b484d1b0}: 'java.lang.Object java.lang.invoke.DirectMethodHandle$Holder.invokeStatic(java.lang.Object)'> (0x00000000b484d1b0) 
thrown [/home/dmitry/Downloads/LOOM/loom/src/hotspot/share/interpreter/linkResolver.cpp, line 768]
for thread 0x00007f7e3426b800
Event: 1,118 Thread 0x00007f7e3426b800 Exception <a 'java/lang/NoSuchMethodError'{0x00000000b484ffc8}: 'java.lang.Object java.lang.invoke.DirectMethodHandle$Holder.invokeStaticInit(java.lang.Object)'> (0x00000000b484ffc8) 
thrown [/home/dmitry/Downloads/LOOM/loom/src/hotspot/share/interpreter/linkResolver.cpp, line 768]
for thread 0x00007f7e3426b800

Events (10 events):
Event: 1,323 loading class sun/util/resources/Bundles$CacheKeyReference done
Event: 1,323 loading class sun/util/resources/Bundles$BundleReference done
Event: 1,323 loading class sun/util/resources/cldr/TimeZoneNames_en
Event: 1,325 loading class sun/util/resources/cldr/TimeZoneNames_en done
Event: 1,326 loading class sun/util/resources/cldr/TimeZoneNames_en_US
Event: 1,326 loading class sun/util/resources/cldr/TimeZoneNames_en_US done
Event: 1,332 loading class java/util/LinkedHashMap$LinkedKeySet
Event: 1,332 loading class java/util/LinkedHashMap$LinkedKeySet done
Event: 1,332 loading class sun/util/locale/provider/LocaleResources$ResourceReference
Event: 1,332 loading class sun/util/locale/provider/LocaleResources$ResourceReference done


Dynamic libraries:
b0000000-b5000000 rw-p 00000000 00:00 0 
b5000000-100000000 ---p 00000000 00:00 0 
100000000-1000e0000 rw-p 00000000 00:00 0 
1000e0000-140000000 ---p 00000000 00:00 0 
55e586712000-55e586713000 r-xp 00000000 08:01 2499756                    /home/dmitry/Downloads/LOOM/loom/build/linux-x86_64-server-release/jdk/bin/java
55e586913000-55e586914000 r--p 00001000 08:01 2499756                    /home/dmitry/Downloads/LOOM/loom/build/linux-x86_64-server-release/jdk/bin/java
55e586914000-55e586915000 rw-p 00002000 08:01 2499756                    /home/dmitry/Downloads/LOOM/loom/build/linux-x86_64-server-release/jdk/bin/java
55e58783c000-55e58785d000 rw-p 00000000 00:00 0                          [heap]
7f7dc8000000-7f7dc8021000 rw-p 00000000 00:00 0 
7f7dc8021000-7f7dcc000000 ---p 00000000 00:00 0 
7f7dcc000000-7f7dcc021000 rw-p 00000000 00:00 0 
7f7dcc021000-7f7dd0000000 ---p 00000000 00:00 0 
7f7dd0000000-7f7dd003f000 rw-p 00000000 00:00 0 
7f7dd003f000-7f7dd4000000 ---p 00000000 00:00 0 
7f7dd4000000-7f7dd4021000 rw-p 00000000 00:00 0 
7f7dd4021000-7f7dd8000000 ---p 00000000 00:00 0 
7f7dd8000000-7f7dd8021000 rw-p 00000000 00:00 0 
7f7dd8021000-7f7ddc000000 ---p 00000000 00:00 0 
7f7ddc000000-7f7ddc048000 rw-p 00000000 00:00 0 
7f7ddc048000-7f7de0000000 ---p 00000000 00:00 0 
7f7de0000000-7f7de02d2000 rw-p 00000000 00:00 0 
7f7de02d2000-7f7de4000000 ---p 00000000 00:00 0 
7f7de4000000-7f7de4021000 rw-p 00000000 00:00 0 
7f7de4021000-7f7de8000000 ---p 00000000 00:00 0 
7f7de8000000-7f7de8021000 rw-p 00000000 00:00 0 
7f7de8021000-7f7dec000000 ---p 00000000 00:00 0 
7f7dec000000-7f7dec021000 rw-p 00000000 00:00 0 
7f7dec021000-7f7df0000000 ---p 00000000 00:00 0 
7f7df0000000-7f7df0367000 rw-p 00000000 00:00 0 
7f7df0367000-7f7df4000000 ---p 00000000 00:00 0 
7f7df4000000-7f7df424d000 rw-p 00000000 00:00 0 
7f7df424d000-7f7df8000000 ---p 00000000 00:00 0 
7f7df8000000-7f7df8021000 rw-p 00000000 00:00 0 
7f7df8021000-7f7dfc000000 ---p 00000000 00:00 0 
7f7dfc000000-7f7dfc021000 rw-p 00000000 00:00 0 
7f7dfc021000-7f7e00000000 ---p 00000000 00:00 0 
7f7e022ff000-7f7e026fa000 rw-p 00000000 00:00 0 
7f7e026fa000-7f7e026fe000 ---p 00000000 00:00 0 
7f7e026fe000-7f7e027fb000 rw-p 00000000 00:00 0 
7f7e027fb000-7f7e027ff000 ---p 00000000 00:00 0 
7f7e027ff000-7f7e028fc000 rw-p 00000000 00:00 0 
7f7e028fc000-7f7e028fe000 r-xp 00000000 08:01 2636451                    /home/dmitry/Downloads/LOOM/loom/build/linux-x86_64-server-release/jdk/lib/libextnet.so
7f7e028fe000-7f7e02afd000 ---p 00002000 08:01 2636451                    /home/dmitry/Downloads/LOOM/loom/build/linux-x86_64-server-release/jdk/lib/libextnet.so
7f7e02afd000-7f7e02afe000 r--p 00001000 08:01 2636451                    /home/dmitry/Downloads/LOOM/loom/build/linux-x86_64-server-release/jdk/lib/libextnet.so
7f7e02afe000-7f7e02aff000 rw-p 00002000 08:01 2636451                    /home/dmitry/Downloads/LOOM/loom/build/linux-x86_64-server-release/jdk/lib/libextnet.so
7f7e02aff000-7f7e02b03000 ---p 00000000 00:00 0 
7f7e02b03000-7f7e02c00000 rw-p 00000000 00:00 0 
7f7e02c00000-7f7e02c04000 ---p 00000000 00:00 0 
7f7e02c04000-7f7e02d01000 rw-p 00000000 00:00 0 
7f7e02d01000-7f7e02d05000 ---p 00000000 00:00 0 
7f7e02d05000-7f7e02e02000 rw-p 00000000 00:00 0 
7f7e02e02000-7f7e02e03000 ---p 00000000 00:00 0 
7f7e02e03000-7f7e02f04000 rw-p 00000000 00:00 0 
7f7e02f04000-7f7e02f08000 ---p 00000000 00:00 0 
7f7e02f08000-7f7e03005000 rw-p 00000000 00:00 0 
7f7e03005000-7f7e03009000 ---p 00000000 00:00 0 
7f7e03009000-7f7e03106000 rw-p 00000000 00:00 0 
7f7e03106000-7f7e0310a000 ---p 00000000 00:00 0 
7f7e0310a000-7f7e03207000 rw-p 00000000 00:00 0 
7f7e03207000-7f7e0321d000 r-xp 00000000 08:01 2636264                    /home/dmitry/Downloads/LOOM/loom/build/linux-x86_64-server-release/jdk/lib/libnet.so
7f7e0321d000-7f7e0341d000 ---p 00016000 08:01 2636264                    /home/dmitry/Downloads/LOOM/loom/build/linux-x86_64-server-release/jdk/lib/libnet.so
7f7e0341d000-7f7e0341e000 r--p 00016000 08:01 2636264                    /home/dmitry/Downloads/LOOM/loom/build/linux-x86_64-server-release/jdk/lib/libnet.so
7f7e0341e000-7f7e0341f000 rw-p 00017000 08:01 2636264                    /home/dmitry/Downloads/LOOM/loom/build/linux-x86_64-server-release/jdk/lib/libnet.so
7f7e0341f000-7f7e03430000 r-xp 00000000 08:01 2636266                    /home/dmitry/Downloads/LOOM/loom/build/linux-x86_64-server-release/jdk/lib/libnio.so
7f7e03430000-7f7e0362f000 ---p 00011000 08:01 2636266                    /home/dmitry/Downloads/LOOM/loom/build/linux-x86_64-server-release/jdk/lib/libnio.so
7f7e0362f000-7f7e03630000 r--p 00010000 08:01 2636266                    /home/dmitry/Downloads/LOOM/loom/build/linux-x86_64-server-release/jdk/lib/libnio.so
7f7e03630000-7f7e03631000 rw-p 00011000 08:01 2636266                    /home/dmitry/Downloads/LOOM/loom/build/linux-x86_64-server-release/jdk/lib/libnio.so
7f7e03631000-7f7e04000000 r--p 00000000 08:01 10230401                   /usr/lib/locale/locale-archive
7f7e04000000-7f7e04021000 rw-p 00000000 00:00 0 
7f7e04021000-7f7e08000000 ---p 00000000 00:00 0 
7f7e08000000-7f7e08021000 rw-p 00000000 00:00 0 
7f7e08021000-7f7e0c000000 ---p 00000000 00:00 0 
7f7e0c000000-7f7e0c021000 rw-p 00000000 00:00 0 
7f7e0c021000-7f7e10000000 ---p 00000000 00:00 0 
7f7e10000000-7f7e10021000 rw-p 00000000 00:00 0 
7f7e10021000-7f7e14000000 ---p 00000000 00:00 0 
7f7e14000000-7f7e14021000 rw-p 00000000 00:00 0 
7f7e14021000-7f7e18000000 ---p 00000000 00:00 0 
7f7e18000000-7f7e18021000 rw-p 00000000 00:00 0 
7f7e18021000-7f7e1c000000 ---p 00000000 00:00 0 
7f7e1c000000-7f7e1c021000 rw-p 00000000 00:00 0 
7f7e1c021000-7f7e20000000 ---p 00000000 00:00 0 
7f7e200f8000-7f7e200fc000 ---p 00000000 00:00 0 
7f7e200fc000-7f7e201f9000 rw-p 00000000 00:00 0 
7f7e201f9000-7f7e201fd000 ---p 00000000 00:00 0 
7f7e201fd000-7f7e202fa000 rw-p 00000000 00:00 0 
7f7e202fa000-7f7e202fe000 ---p 00000000 00:00 0 
7f7e202fe000-7f7e203fb000 rw-p 00000000 00:00 0 
7f7e203fb000-7f7e203ff000 ---p 00000000 00:00 0 
7f7e203ff000-7f7e204fc000 rw-p 00000000 00:00 0 
7f7e204fc000-7f7e20500000 ---p 00000000 00:00 0 
7f7e20500000-7f7e205fd000 rw-p 00000000 00:00 0 
7f7e205fd000-7f7e20601000 ---p 00000000 00:00 0 
7f7e20601000-7f7e206fe000 rw-p 00000000 00:00 0 
7f7e206fe000-7f7e206ff000 ---p 00000000 00:00 0 
7f7e206ff000-7f7e22940000 rw-p 00000000 00:00 0 
7f7e22940000-7f7e23c00000 ---p 00000000 00:00 0 
7f7e23c00000-7f7e23d40000 rw-p 00000000 00:00 0 
7f7e23d40000-7f7e25000000 ---p 00000000 00:00 0 
7f7e25000000-7f7e25270000 rwxp 00000000 00:00 0 
7f7e25270000-7f7e25590000 ---p 00000000 00:00 0 
7f7e25590000-7f7e25800000 rwxp 00000000 00:00 0 
7f7e25800000-7f7e2cac8000 ---p 00000000 00:00 0 
7f7e2cac8000-7f7e2cd38000 rwxp 00000000 00:00 0 
7f7e2cd38000-7f7e34000000 ---p 00000000 00:00 0 
7f7e34000000-7f7e34282000 rw-p 00000000 00:00 0 
7f7e34282000-7f7e38000000 ---p 00000000 00:00 0 
7f7e38096000-7f7e38923000 rw-p 00000000 00:00 0 
7f7e38923000-7f7e389a3000 ---p 00000000 00:00 0 
7f7e389a3000-7f7e389a4000 ---p 00000000 00:00 0 
7f7e389a4000-7f7e38aa5000 rw-p 00000000 00:00 0 
7f7e38aa5000-7f7e38aa6000 ---p 00000000 00:00 0 
7f7e38aa6000-7f7e38fab000 rw-p 00000000 00:00 0 
7f7e38fab000-7f7e38fac000 ---p 00000000 00:00 0 
7f7e38fac000-7f7e390ad000 rw-p 00000000 00:00 0 
7f7e390ad000-7f7e390ae000 ---p 00000000 00:00 0 
7f7e390ae000-7f7e391af000 rw-p 00000000 00:00 0 
7f7e391af000-7f7e391b0000 ---p 00000000 00:00 0 
7f7e391b0000-7f7e392d9000 rw-p 00000000 00:00 0 
7f7e392d9000-7f7e39531000 ---p 00000000 00:00 0 
7f7e39531000-7f7e39559000 rw-p 00000000 00:00 0 
7f7e39559000-7f7e397b1000 ---p 00000000 00:00 0 
7f7e397b1000-7f7e397d9000 rw-p 00000000 00:00 0 
7f7e397d9000-7f7e39a31000 ---p 00000000 00:00 0 
7f7e39a31000-7f7e39e3a000 rw-p 00000000 00:00 0 
7f7e39e3a000-7f7e39f20000 ---p 00000000 00:00 0 
7f7e39f20000-7f7e39f25000 rw-p 00000000 00:00 0 
7f7e39f25000-7f7e3a00b000 ---p 00000000 00:00 0 
7f7e3a00b000-7f7e3a026000 r-xp 00000000 08:01 2636262                    /home/dmitry/Downloads/LOOM/loom/build/linux-x86_64-server-release/jdk/lib/libjimage.so
7f7e3a026000-7f7e3a225000 ---p 0001b000 08:01 2636262                    /home/dmitry/Downloads/LOOM/loom/build/linux-x86_64-server-release/jdk/lib/libjimage.so
7f7e3a225000-7f7e3a227000 r--p 0001a000 08:01 2636262                    /home/dmitry/Downloads/LOOM/loom/build/linux-x86_64-server-release/jdk/lib/libjimage.so
7f7e3a227000-7f7e3a228000 rw-p 0001c000 08:01 2636262                    /home/dmitry/Downloads/LOOM/loom/build/linux-x86_64-server-release/jdk/lib/libjimage.so
7f7e3a228000-7f7e3a22f000 r-xp 00000000 08:01 2636259                    /home/dmitry/Downloads/LOOM/loom/build/linux-x86_64-server-release/jdk/lib/libzip.so
7f7e3a22f000-7f7e3a42e000 ---p 00007000 08:01 2636259                    /home/dmitry/Downloads/LOOM/loom/build/linux-x86_64-server-release/jdk/lib/libzip.so
7f7e3a42e000-7f7e3a42f000 r--p 00006000 08:01 2636259                    /home/dmitry/Downloads/LOOM/loom/build/linux-x86_64-server-release/jdk/lib/libzip.so
7f7e3a42f000-7f7e3a430000 rw-p 00007000 08:01 2636259                    /home/dmitry/Downloads/LOOM/loom/build/linux-x86_64-server-release/jdk/lib/libzip.so
7f7e3a430000-7f7e3a43b000 r-xp 00000000 08:01 1184572                    /lib/x86_64-linux-gnu/libnss_files-2.27.so
7f7e3a43b000-7f7e3a63a000 ---p 0000b000 08:01 1184572                    /lib/x86_64-linux-gnu/libnss_files-2.27.so
7f7e3a63a000-7f7e3a63b000 r--p 0000a000 08:01 1184572                    /lib/x86_64-linux-gnu/libnss_files-2.27.so
7f7e3a63b000-7f7e3a63c000 rw-p 0000b000 08:01 1184572                    /lib/x86_64-linux-gnu/libnss_files-2.27.so
7f7e3a63c000-7f7e3a642000 rw-p 00000000 00:00 0 
7f7e3a642000-7f7e3a659000 r-xp 00000000 08:01 1184566                    /lib/x86_64-linux-gnu/libnsl-2.27.so
7f7e3a659000-7f7e3a858000 ---p 00017000 08:01 1184566                    /lib/x86_64-linux-gnu/libnsl-2.27.so
7f7e3a858000-7f7e3a859000 r--p 00016000 08:01 1184566                    /lib/x86_64-linux-gnu/libnsl-2.27.so
7f7e3a859000-7f7e3a85a000 rw-p 00017000 08:01 1184566                    /lib/x86_64-linux-gnu/libnsl-2.27.so
7f7e3a85a000-7f7e3a85c000 rw-p 00000000 00:00 0 
7f7e3a85c000-7f7e3a867000 r-xp 00000000 08:01 1184583                    /lib/x86_64-linux-gnu/libnss_nis-2.27.so
7f7e3a867000-7f7e3aa66000 ---p 0000b000 08:01 1184583                    /lib/x86_64-linux-gnu/libnss_nis-2.27.so
7f7e3aa66000-7f7e3aa67000 r--p 0000a000 08:01 1184583                    /lib/x86_64-linux-gnu/libnss_nis-2.27.so
7f7e3aa67000-7f7e3aa68000 rw-p 0000b000 08:01 1184583                    /lib/x86_64-linux-gnu/libnss_nis-2.27.so
7f7e3aa68000-7f7e3aa70000 r-xp 00000000 08:01 1184568                    /lib/x86_64-linux-gnu/libnss_compat-2.27.so
7f7e3aa70000-7f7e3ac70000 ---p 00008000 08:01 1184568                    /lib/x86_64-linux-gnu/libnss_compat-2.27.so
7f7e3ac70000-7f7e3ac71000 r--p 00008000 08:01 1184568                    /lib/x86_64-linux-gnu/libnss_compat-2.27.so
7f7e3ac71000-7f7e3ac72000 rw-p 00009000 08:01 1184568                    /lib/x86_64-linux-gnu/libnss_compat-2.27.so
7f7e3ac72000-7f7e3ac9a000 r-xp 00000000 08:01 2636258                    /home/dmitry/Downloads/LOOM/loom/build/linux-x86_64-server-release/jdk/lib/libjava.so
7f7e3ac9a000-7f7e3ae9a000 ---p 00028000 08:01 2636258                    /home/dmitry/Downloads/LOOM/loom/build/linux-x86_64-server-release/jdk/lib/libjava.so
7f7e3ae9a000-7f7e3ae9b000 r--p 00028000 08:01 2636258                    /home/dmitry/Downloads/LOOM/loom/build/linux-x86_64-server-release/jdk/lib/libjava.so
7f7e3ae9b000-7f7e3ae9d000 rw-p 00029000 08:01 2636258                    /home/dmitry/Downloads/LOOM/loom/build/linux-x86_64-server-release/jdk/lib/libjava.so
7f7e3ae9d000-7f7e3aeaa000 r-xp 00000000 08:01 2636248                    /home/dmitry/Downloads/LOOM/loom/build/linux-x86_64-server-release/jdk/lib/libverify.so
7f7e3aeaa000-7f7e3b0a9000 ---p 0000d000 08:01 2636248                    /home/dmitry/Downloads/LOOM/loom/build/linux-x86_64-server-release/jdk/lib/libverify.so
7f7e3b0a9000-7f7e3b0ab000 r--p 0000c000 08:01 2636248                    /home/dmitry/Downloads/LOOM/loom/build/linux-x86_64-server-release/jdk/lib/libverify.so
7f7e3b0ab000-7f7e3b0ac000 rw-p 0000e000 08:01 2636248                    /home/dmitry/Downloads/LOOM/loom/build/linux-x86_64-server-release/jdk/lib/libverify.so
7f7e3b0ac000-7f7e3b249000 r-xp 00000000 08:01 1184545                    /lib/x86_64-linux-gnu/libm-2.27.so
7f7e3b249000-7f7e3b448000 ---p 0019d000 08:01 1184545                    /lib/x86_64-linux-gnu/libm-2.27.so
7f7e3b448000-7f7e3b449000 r--p 0019c000 08:01 1184545                    /lib/x86_64-linux-gnu/libm-2.27.so
7f7e3b449000-7f7e3b44a000 rw-p 0019d000 08:01 1184545                    /lib/x86_64-linux-gnu/libm-2.27.so
7f7e3b44a000-7f7e3c773000 r-xp 00000000 08:01 2636244                    /home/dmitry/Downloads/LOOM/loom/build/linux-x86_64-server-release/jdk/lib/server/libjvm.so
7f7e3c773000-7f7e3c973000 ---p 01329000 08:01 2636244                    /home/dmitry/Downloads/LOOM/loom/build/linux-x86_64-server-release/jdk/lib/server/libjvm.so
7f7e3c973000-7f7e3ca3a000 r--p 01329000 08:01 2636244                    /home/dmitry/Downloads/LOOM/loom/build/linux-x86_64-server-release/jdk/lib/server/libjvm.so
7f7e3ca3a000-7f7e3ca75000 rw-p 013f0000 08:01 2636244                    /home/dmitry/Downloads/LOOM/loom/build/linux-x86_64-server-release/jdk/lib/server/libjvm.so
7f7e3ca75000-7f7e3cafb000 rw-p 00000000 00:00 0 
7f7e3cafb000-7f7e3cb15000 r-xp 00000000 08:01 1184615                    /lib/x86_64-linux-gnu/libpthread-2.27.so
7f7e3cb15000-7f7e3cd14000 ---p 0001a000 08:01 1184615                    /lib/x86_64-linux-gnu/libpthread-2.27.so
7f7e3cd14000-7f7e3cd15000 r--p 00019000 08:01 1184615                    /lib/x86_64-linux-gnu/libpthread-2.27.so
7f7e3cd15000-7f7e3cd16000 rw-p 0001a000 08:01 1184615                    /lib/x86_64-linux-gnu/libpthread-2.27.so
7f7e3cd16000-7f7e3cd1a000 rw-p 00000000 00:00 0 
7f7e3cd1a000-7f7e3cd1d000 r-xp 00000000 08:01 1184505                    /lib/x86_64-linux-gnu/libdl-2.27.so
7f7e3cd1d000-7f7e3cf1c000 ---p 00003000 08:01 1184505                    /lib/x86_64-linux-gnu/libdl-2.27.so
7f7e3cf1c000-7f7e3cf1d000 r--p 00002000 08:01 1184505                    /lib/x86_64-linux-gnu/libdl-2.27.so
7f7e3cf1d000-7f7e3cf1e000 rw-p 00003000 08:01 1184505                    /lib/x86_64-linux-gnu/libdl-2.27.so
7f7e3cf1e000-7f7e3cf3a000 r-xp 00000000 08:01 1184654                    /lib/x86_64-linux-gnu/libz.so.1.2.11
7f7e3cf3a000-7f7e3d139000 ---p 0001c000 08:01 1184654                    /lib/x86_64-linux-gnu/libz.so.1.2.11
7f7e3d139000-7f7e3d13a000 r--p 0001b000 08:01 1184654                    /lib/x86_64-linux-gnu/libz.so.1.2.11
7f7e3d13a000-7f7e3d13b000 rw-p 0001c000 08:01 1184654                    /lib/x86_64-linux-gnu/libz.so.1.2.11
7f7e3d13b000-7f7e3d322000 r-xp 00000000 08:01 1184482                    /lib/x86_64-linux-gnu/libc-2.27.so
7f7e3d322000-7f7e3d522000 ---p 001e7000 08:01 1184482                    /lib/x86_64-linux-gnu/libc-2.27.so
7f7e3d522000-7f7e3d526000 r--p 001e7000 08:01 1184482                    /lib/x86_64-linux-gnu/libc-2.27.so
7f7e3d526000-7f7e3d528000 rw-p 001eb000 08:01 1184482                    /lib/x86_64-linux-gnu/libc-2.27.so
7f7e3d528000-7f7e3d52c000 rw-p 00000000 00:00 0 
7f7e3d52c000-7f7e3d53c000 r-xp 00000000 08:01 2636251                    /home/dmitry/Downloads/LOOM/loom/build/linux-x86_64-server-release/jdk/lib/libjli.so
7f7e3d53c000-7f7e3d73b000 ---p 00010000 08:01 2636251                    /home/dmitry/Downloads/LOOM/loom/build/linux-x86_64-server-release/jdk/lib/libjli.so
7f7e3d73b000-7f7e3d73c000 r--p 0000f000 08:01 2636251                    /home/dmitry/Downloads/LOOM/loom/build/linux-x86_64-server-release/jdk/lib/libjli.so
7f7e3d73c000-7f7e3d73d000 rw-p 00010000 08:01 2636251                    /home/dmitry/Downloads/LOOM/loom/build/linux-x86_64-server-release/jdk/lib/libjli.so
7f7e3d73d000-7f7e3d764000 r-xp 00000000 08:01 1184454                    /lib/x86_64-linux-gnu/ld-2.27.so
7f7e3d791000-7f7e3d844000 rw-p 00000000 00:00 0 
7f7e3d844000-7f7e3d84b000 ---p 00000000 00:00 0 
7f7e3d84b000-7f7e3d84f000 ---p 00000000 00:00 0 
7f7e3d84f000-7f7e3d94e000 rw-p 00000000 00:00 0 
7f7e3d957000-7f7e3d95f000 rw-s 00000000 08:01 524328                     /tmp/hsperfdata_dmitry/21411
7f7e3d95f000-7f7e3d960000 ---p 00000000 00:00 0 
7f7e3d960000-7f7e3d961000 r--p 00000000 00:00 0 
7f7e3d961000-7f7e3d962000 ---p 00000000 00:00 0 
7f7e3d962000-7f7e3d964000 rw-p 00000000 00:00 0 
7f7e3d964000-7f7e3d965000 r--p 00027000 08:01 1184454                    /lib/x86_64-linux-gnu/ld-2.27.so
7f7e3d965000-7f7e3d966000 rw-p 00028000 08:01 1184454                    /lib/x86_64-linux-gnu/ld-2.27.so
7f7e3d966000-7f7e3d967000 rw-p 00000000 00:00 0 
7fffec0ef000-7fffec112000 rw-p 00000000 00:00 0                          [stack]
7fffec1da000-7fffec1dd000 r--p 00000000 00:00 0                          [vvar]
7fffec1dd000-7fffec1df000 r-xp 00000000 00:00 0                          [vdso]
ffffffffff600000-ffffffffff601000 r-xp 00000000 00:00 0                  [vsyscall]


VM Arguments:
jvm_args: -Didea.launcher.port=23831 -Didea.launcher.bin.path=/home/dmitry/Downloads/idea-IC-183.5912.21/bin -Dfile.encoding=UTF-8 
java_command: com.intellij.rt.execution.application.AppMainV2 Main
java_class_path (initial): /home/dmitry/Downloads/LOOM/loom/build/linux-x86_64-server-release/jdk/modules/java.base:/home/dmitry/Downloads/LOOM/loom/build/linux-x86_64-server-release/jdk/modules/java.compiler:/home/dmitry/Downloads/LOOM/loom/build/linux-x86_64-server-release/jdk/modules/java.datatransfer:/home/dmitry/Downloads/LOOM/loom/build/linux-x86_64-server-release/jdk/modules/java.desktop:/home/dmitry/Downloads/LOOM/loom/build/linux-x86_64-server-release/jdk/modules/java.instrument:/home/dmitry/Downloads/LOOM/loom/build/linux-x86_64-server-release/jdk/modules/java.logging:/home/dmitry/Downloads/LOOM/loom/build/linux-x86_64-server-release/jdk/modules/java.management:/home/dmitry/Downloads/LOOM/loom/build/linux-x86_64-server-release/jdk/modules/java.management.rmi:/home/dmitry/Downloads/LOOM/loom/build/linux-x86_64-server-release/jdk/modules/java.naming:/home/dmitry/Downloads/LOOM/loom/build/linux-x86_64-server-release/jdk/modules/java.net.http:/home/dmitry/Downloads/LOOM/loom/build/linux-x86_64-server-release/jdk/modules/java.prefs:/home/dmitry/Downloads/LOOM/loom/build/linux-x86_64-server-release/jdk/modules/java.rmi:/home/dmitry/Downloads/LOOM/loom/build/linux-x86_64-server-release/jdk/modules/java.scripting:/home/dmitry/Downloads/LOOM/loom/build/linux-x86_64-server-release/jdk/modules/java.se:/home/dmitry/Downloads/LOOM/loom/build/linux-x86_64-server-release/jdk/modules/java.security.jgss:/home/dmitry/Downloads/LOOM/loom/build/linux-x86_64-server-release/jdk/modules/java.security.sasl:/home/dmitry/Downloads/LOOM/loom/build/linux-x86_64-server-release/jdk/modules/java.smartcardio:/home/dmitry/Downloads/LOOM/loom/build/linux-x86_64-server-release/jdk/modules/java.sql:/home/dmitry/Downloads/LOOM/loom/build/linux-x86_64-server-release/jdk/modules/java.sql.rowset:/home/dmitry/Downloads/LOOM/loom/build/linux-x86_64-server-release/jdk/modules/java.transaction.xa:/home/dmitry/Downloads/LOOM/loom/build/linux-x86_64-server-release/jdk/modules/java.xml:/home/dmitry/D
Launcher Type: SUN_STANDARD

[Global flags]
     intx CICompilerCount                          = 3                                         {product} {ergonomic}
     uint ConcGCThreads                            = 1                                         {product} {ergonomic}
     uint G1ConcRefinementThreads                  = 4                                         {product} {ergonomic}
   size_t G1HeapRegionSize                         = 1048576                                   {product} {ergonomic}
    uintx GCDrainStackTargetSize                   = 64                                        {product} {ergonomic}
   size_t InitialHeapSize                          = 83886080                                  {product} {ergonomic}
   size_t MarkStackSize                            = 4194304                                   {product} {ergonomic}
   size_t MaxHeapSize                              = 1342177280                                {product} {ergonomic}
   size_t MaxNewSize                               = 805306368                                 {product} {ergonomic}
   size_t MinHeapDeltaBytes                        = 1048576                                   {product} {ergonomic}
    uintx NonNMethodCodeHeapSize                   = 5830732                                {pd product} {ergonomic}
    uintx NonProfiledCodeHeapSize                  = 122913754                              {pd product} {ergonomic}
    uintx ProfiledCodeHeapSize                     = 122913754                              {pd product} {ergonomic}
    uintx ReservedCodeCacheSize                    = 251658240                              {pd product} {ergonomic}
     bool SegmentedCodeCache                       = true                                      {product} {ergonomic}
     bool UseCompressedClassPointers               = true                                 {lp64_product} {ergonomic}
     bool UseCompressedOops                        = true                                 {lp64_product} {ergonomic}
     bool UseG1GC                                  = true                                      {product} {ergonomic}

Logging:
Log output configuration:
 #0: stdout all=warning uptime,level,tags
 #1: stderr all=off uptime,level,tags

Environment Variables:
JAVA_HOME=/home/dmitry/usr/local/java/jdk1.8.0
PATH=/bin:/bin:/usr/local/sbin:/usr/local/bin:/usr/sbin:/usr/bin:/sbin:/bin:/usr/games:/usr/local/games:/snap/bin
USERNAME=dmitry
SHELL=/bin/bash
DISPLAY=:0

Signal Handlers:
SIGSEGV: [libjvm.so+0xfe1ad0], sa_mask[0]=11111111011111111101111111111110, sa_flags=SA_RESTART|SA_SIGINFO
SIGBUS: [libjvm.so+0xfe1ad0], sa_mask[0]=11111111011111111101111111111110, sa_flags=SA_RESTART|SA_SIGINFO
SIGFPE: [libjvm.so+0xfe1ad0], sa_mask[0]=11111111011111111101111111111110, sa_flags=SA_RESTART|SA_SIGINFO
SIGPIPE: [libjvm.so+0xc7f350], sa_mask[0]=11111111011111111101111111111110, sa_flags=SA_RESTART|SA_SIGINFO
SIGXFSZ: [libjvm.so+0xc7f350], sa_mask[0]=11111111011111111101111111111110, sa_flags=SA_RESTART|SA_SIGINFO
SIGILL: [libjvm.so+0xfe1ad0], sa_mask[0]=11111111011111111101111111111110, sa_flags=SA_RESTART|SA_SIGINFO
SIGUSR2: [libjvm.so+0xc7f1f0], sa_mask[0]=00100000000000000000000000000000, sa_flags=SA_RESTART|SA_SIGINFO
SIGHUP: [libjvm.so+0xc7f7f0], sa_mask[0]=11111111011111111101111111111110, sa_flags=SA_RESTART|SA_SIGINFO
SIGINT: [libjvm.so+0xc7f7f0], sa_mask[0]=11111111011111111101111111111110, sa_flags=SA_RESTART|SA_SIGINFO
SIGTERM: [libjvm.so+0xc7f7f0], sa_mask[0]=11111111011111111101111111111110, sa_flags=SA_RESTART|SA_SIGINFO
SIGQUIT: [libjvm.so+0xc7f7f0], sa_mask[0]=11111111011111111101111111111110, sa_flags=SA_RESTART|SA_SIGINFO


---------------  S Y S T E M  ---------------

OS:DISTRIB_ID=Ubuntu
DISTRIB_RELEASE=18.04
DISTRIB_CODENAME=bionic
DISTRIB_DESCRIPTION="Ubuntu 18.04.2 LTS"
uname:Linux 4.18.0-20-generic #21~18.04.1-Ubuntu SMP Wed May 8 08:43:37 UTC 2019 x86_64
libc:glibc 2.27 NPTL 2.27 
rlimit: STACK 8192k, CORE 0k, NPROC 20273, NOFILE 4096, AS infinity, DATA infinity, FSIZE infinity
load average:1,28 1,24 2,39

/proc/meminfo:
MemTotal:        5234996 kB
MemFree:          618060 kB
MemAvailable:    3209192 kB
Buffers:           57776 kB
Cached:          2737124 kB
SwapCached:        13324 kB
Active:          2070032 kB
Inactive:        2244548 kB
Active(anon):     878188 kB
Inactive(anon):   711624 kB
Active(file):    1191844 kB
Inactive(file):  1532924 kB
Unevictable:          32 kB
Mlocked:              32 kB
SwapTotal:       2097148 kB
SwapFree:         951676 kB
Dirty:              8548 kB
Writeback:             0 kB
AnonPages:       1514900 kB
Mapped:           153520 kB
Shmem:             70132 kB
Slab:             191108 kB
SReclaimable:     146716 kB
SUnreclaim:        44392 kB
KernelStack:        9872 kB
PageTables:        38056 kB
NFS_Unstable:          0 kB
Bounce:                0 kB
WritebackTmp:          0 kB
CommitLimit:     4714644 kB
Committed_AS:    5822880 kB
VmallocTotal:   34359738367 kB
VmallocUsed:           0 kB
VmallocChunk:          0 kB
HardwareCorrupted:     0 kB
AnonHugePages:         0 kB
ShmemHugePages:        0 kB
ShmemPmdMapped:        0 kB
CmaTotal:              0 kB
CmaFree:               0 kB
HugePages_Total:       0
HugePages_Free:        0
HugePages_Rsvd:        0
HugePages_Surp:        0
Hugepagesize:       2048 kB
Hugetlb:               0 kB
DirectMap4k:      176064 kB
DirectMap2M:     5234688 kB


/proc/sys/kernel/threads-max (system-wide limit on the number of threads):
40547


/proc/sys/vm/max_map_count (maximum number of memory map areas a process may have):
65530


/proc/sys/kernel/pid_max (system-wide limit on number of process identifiers):
32768



container (cgroup) information:
container_type: cgroupv1
cpu_cpuset_cpus: 0-3
cpu_memory_nodes: 0
active_processor_count: 4
cpu_quota: no quota
cpu_period: 100000
cpu_shares: no shares
memory_limit_in_bytes: unlimited
memory_and_swap_limit_in_bytes: not supported
memory_soft_limit_in_bytes: unlimited
memory_usage_in_bytes: 4413865984
memory_max_usage_in_bytes: 48168960

KVM virtualization detected
Steal ticks since vm start: 0
Steal ticks percentage since vm start:  0,000

CPU:total 4 (initial active 4) (4 cores per cpu, 1 threads per core) family 6 model 60 stepping 3, cmov, cx8, fxsr, mmx, sse, sse2, sse3, ssse3, sse4.1, sse4.2, popcnt, avx, avx2, aes, clmul, lzcnt, tsc, tscinvbit
CPU Model and flags from /proc/cpuinfo:
model name	: Intel(R) Core(TM) i7-4700HQ CPU @ 2.40GHz
flags		: fpu vme de pse tsc msr pae mce cx8 apic sep mtrr pge mca cmov pat pse36 clflush mmx fxsr sse sse2 ht syscall nx rdtscp lm constant_tsc rep_good nopl xtopology nonstop_tsc cpuid tsc_known_freq pni pclmulqdq ssse3 cx16 pcid sse4_1 sse4_2 x2apic movbe popcnt aes xsave avx rdrand hypervisor lahf_lm abm invpcid_single pti fsgsbase avx2 invpcid flush_l1d

Memory: 4k page, physical 5234996k(618060k free), swap 2097148k(951676k free)

vm_info: OpenJDK 64-Bit Server VM (13-internal+0-adhoc.dmitry.loom) for linux-amd64 JRE (13-internal+0-adhoc.dmitry.loom), built on May 19 2019 00:42:28 by "dmitry" with gcc 7.4.0

END.
