#
# A fatal error has been detected by the Java Runtime Environment:
#
#  Internal Error (/home/dmitry/Downloads/LOOM/loom/src/hotspot/cpu/x86/frame_x86.cpp:664), pid=27871, tid=27907
#  assert(Thread::current() == (Thread*)thread) failed: not current thread
#
# JRE version: OpenJDK Runtime Environment (13.0) (slowdebug build 13-internal+0-adhoc.dmitry.loom)
# Java VM: OpenJDK 64-Bit Server VM (slowdebug 13-internal+0-adhoc.dmitry.loom, mixed mode, tiered, compressed oops, g1 gc, linux-amd64)
# Problematic frame:
# V  [libjvm.so+0xa1f2fe]  JavaFrameAnchor::make_walkable(JavaThread*)+0x58
#
# Core dump will be written. Default location: Core dumps may be processed with "/usr/share/apport/apport %p %s %c %d %P" (or dumping to /home/dmitry/Downloads/LoadDetector/core.27871)
#
# If you would like to submit a bug report, please visit:
#   http://bugreport.java.com/bugreport/crash.jsp
#

---------------  S U M M A R Y ------------

Command Line: -Didea.launcher.port=14697 -Didea.launcher.bin.path=/home/dmitry/Downloads/idea-IC-183.5912.21/bin -Dfile.encoding=UTF-8 com.intellij.rt.execution.application.AppMainV2 NewMain

Host: dmitry-VirtualBox, Intel(R) Core(TM) i7-4700HQ CPU @ 2.40GHz, 4 cores, 4G, Ubuntu 18.04.2 LTS
Time: Thu Jun 13 09:54:41 2019 MSK elapsed time: 11 seconds (0d 0h 0m 11s)

---------------  T H R E A D  ---------------

Current thread (0x00007fc8c4617800):  JavaThread "pool-1-thread-2" [_thread_in_Java, id=27907, stack(0x00007fc86b6ef000,0x00007fc86b7f0000)]

Stack: [0x00007fc86b6ef000,0x00007fc86b7f0000],  sp=0x00007fc86b7eb0d0,  free space=1008k
Native frames: (J=compiled Java code, A=aot compiled Java code, j=interpreted, Vv=VM code, C=native code)
V  [libjvm.so+0xa1f2fe]  JavaFrameAnchor::make_walkable(JavaThread*)+0x58
V  [libjvm.so+0x567570]  JavaThread::last_frame()+0x2a
V  [libjvm.so+0x1162fab]  ThreadSafepointState::handle_polling_page_exception()+0x13d
V  [libjvm.so+0x1162722]  SafepointSynchronize::handle_polling_page_exception(JavaThread*)+0x13a
v  ~SafepointBlob

Register to memory mapping:

RAX=0x00007fc8cba46000 points into unknown readable memory: 58 00 00 00 00 00 00 00
RBX=0x00007fc8bbe8f206 is at entry_point+134 in (nmethod*)0x00007fc8bbe8ef90
RCX=0x0000000000000007 is an unknown value
RDX=0x00007fc8c4619b60 points into unknown readable memory: 03 00 00 00 00 00 00 00
RSP=0x00007fc86b7eb0d0 is pointing into the stack for thread: 0x00007fc8c4617800
RBP=0x00007fc86b7eb0e0 is pointing into the stack for thread: 0x00007fc8c4617800
RSI=0x00007fc8c4613000 is a thread
RDI=0x00007fc8caac9fb8: <offset 0x00000000021dbfb8> in /home/dmitry/Downloads/LOOM/loom/build/linux-x86_64-server-slowdebug/jdk/lib/server/libjvm.so at 0x00007fc8c88ee000
R8 =0x0000000001478c28 is an unknown value
R9 =0x00007fc86b8ecbb0 is pointing into the stack for thread: 0x00007fc8c4613000
R10=0x00007fc8cba44008 is an unknown value
R11=0x0000000001312d00 is an unknown value
R12=0x0 is NULL
R13=0x00007fc8bbe8f2dc is at entry_point+348 in (nmethod*)0x00007fc8bbe8ef90
R14=0x00007fc86b8ef190 is pointing into the stack for thread: 0x00007fc8c4613000
R15=0x00007fc8c4613000 is a thread


Registers:
RAX=0x00007fc8cba46000, RBX=0x00007fc8bbe8f206, RCX=0x0000000000000007, RDX=0x00007fc8c4619b60
RSP=0x00007fc86b7eb0d0, RBP=0x00007fc86b7eb0e0, RSI=0x00007fc8c4613000, RDI=0x00007fc8caac9fb8
R8 =0x0000000001478c28, R9 =0x00007fc86b8ecbb0, R10=0x00007fc8cba44008, R11=0x0000000001312d00
R12=0x0000000000000000, R13=0x00007fc8bbe8f2dc, R14=0x00007fc86b8ef190, R15=0x00007fc8c4613000
RIP=0x00007fc8c930d2fe, EFLAGS=0x0000000000010202, CSGSFS=0x002b000000000033, ERR=0x0000000000000006
  TRAPNO=0x000000000000000e

Top of Stack: (sp=0x00007fc86b7eb0d0)
0x00007fc86b7eb0d0:   00007fc8c4613000 00007fc8c4613360
0x00007fc86b7eb0e0:   00007fc86b7eb100 00007fc8c8e55570
0x00007fc86b7eb0f0:   00007fc8c4613000 00007fc86b7eb150
0x00007fc86b7eb100:   00007fc86b7ed6c0 00007fc8c9a50fab 

Instructions: (pc=0x00007fc8c930d2fe)
0x00007fc8c930d1fe:   f7 d8 48 01 c2 8b b5 bc fe ff ff 48 8b 85 c0 fe
0x00007fc8c930d20e:   ff ff 41 b8 00 00 00 00 48 89 d9 48 89 c7 e8 19
0x00007fc8c930d21e:   c6 ff ff 83 85 dc fe ff ff 01 e9 72 ff ff ff 90
0x00007fc8c930d22e:   48 8b 45 e8 64 48 33 04 25 28 00 00 00 74 05 e8
0x00007fc8c930d23e:   4e c5 8f ff 48 81 c4 48 01 00 00 5b 5d c3 55 48
0x00007fc8c930d24e:   89 e5 48 83 ec 10 48 89 7d f8 48 8b 45 f8 48 89
0x00007fc8c930d25e:   c7 e8 6a 16 90 ff c9 c3 55 48 89 e5 48 83 ec 20
0x00007fc8c930d26e:   48 89 7d f8 48 89 75 f0 48 89 55 e8 48 89 4d e0
0x00007fc8c930d27e:   48 8b 4d e0 48 8b 55 e8 48 8b 75 f0 48 8b 45 f8
0x00007fc8c930d28e:   48 89 c7 e8 3c ab e9 ff 90 c9 c3 90 55 48 89 e5
0x00007fc8c930d29e:   48 89 7d f8 90 5d c3 90 55 48 89 e5 48 83 ec 10
0x00007fc8c930d2ae:   48 89 7d f8 48 89 75 f0 48 8b 45 f8 48 89 c7 e8
0x00007fc8c930d2be:   be 1a cc ff 48 85 c0 0f 94 c0 84 c0 0f 85 49 01
0x00007fc8c930d2ce:   00 00 48 8b 45 f8 48 89 c7 e8 26 ce ff ff 84 c0
0x00007fc8c930d2de:   0f 85 38 01 00 00 e8 49 00 90 ff 48 39 45 f0 0f
0x00007fc8c930d2ee:   95 c0 84 c0 74 36 48 8d 05 85 20 7c 01 48 8b 00
0x00007fc8c930d2fe:   c6 00 58 48 8d 0d 05 fc bf 00 48 8d 15 11 fc bf
0x00007fc8c930d30e:   00 be 98 02 00 00 48 8d 3d 45 f5 bf 00 b8 00 00
0x00007fc8c930d31e:   00 00 e8 cd 8f ed ff e8 42 28 65 00 48 8b 45 f8
0x00007fc8c930d32e:   48 89 c7 e8 4a 1a cc ff 48 85 c0 0f 94 c0 84 c0
0x00007fc8c930d33e:   74 36 48 8d 05 39 20 7c 01 48 8b 00 c6 00 58 48
0x00007fc8c930d34e:   8d 0d 00 fc bf 00 48 8d 15 15 fc bf 00 be 99 02
0x00007fc8c930d35e:   00 00 48 8d 3d f9 f4 bf 00 b8 00 00 00 00 e8 81
0x00007fc8c930d36e:   8f ed ff e8 f6 27 65 00 48 8b 45 f8 48 89 c7 e8
0x00007fc8c930d37e:   be 6a ff ff 48 85 c0 0f 95 c0 84 c0 74 36 48 8d
0x00007fc8c930d38e:   05 ed 1f 7c 01 48 8b 00 c6 00 58 48 8d 0d f6 fb
0x00007fc8c930d39e:   bf 00 48 8d 15 01 fc bf 00 be 9a 02 00 00 48 8d
0x00007fc8c930d3ae:   3d ad f4 bf 00 b8 00 00 00 00 e8 35 8f ed ff e8
0x00007fc8c930d3be:   aa 27 65 00 48 8b 45 f8 48 89 c7 e8 52 00 00 00
0x00007fc8c930d3ce:   48 8b 45 f8 48 89 c7 e8 28 cd ff ff 83 f0 01 84
0x00007fc8c930d3de:   c0 74 3c 48 8d 05 98 1f 7c 01 48 8b 00 c6 00 58
0x00007fc8c930d3ee:   48 8d 0d d9 fb bf 00 48 8d 15 e7 fb bf 00 be 9c 


Stack slot to memory mapping:
stack at sp + 0 slots: 0x00007fc8c4613000 is a thread
stack at sp + 1 slots: 0x00007fc8c4613360 points into unknown readable memory: 00 00 00 00 00 00 00 00
stack at sp + 2 slots: 0x00007fc86b7eb100 is pointing into the stack for thread: 0x00007fc8c4617800
stack at sp + 3 slots: 0x00007fc8c8e55570: <offset 0x0000000000567570> in /home/dmitry/Downloads/LOOM/loom/build/linux-x86_64-server-slowdebug/jdk/lib/server/libjvm.so at 0x00007fc8c88ee000
stack at sp + 4 slots: 0x00007fc8c4613000 is a thread
stack at sp + 5 slots: 0x00007fc86b7eb150 is pointing into the stack for thread: 0x00007fc8c4617800
stack at sp + 6 slots: 0x00007fc86b7ed6c0 is pointing into the stack for thread: 0x00007fc8c4617800
stack at sp + 7 slots: 0x00007fc8c9a50fab: <offset 0x0000000001162fab> in /home/dmitry/Downloads/LOOM/loom/build/linux-x86_64-server-slowdebug/jdk/lib/server/libjvm.so at 0x00007fc8c88ee000


---------------  P R O C E S S  ---------------

uid  : 1000 euid : 1000 gid  : 1000 egid : 1000

umask: 0022 (----w--w-)

Threads class SMR info:
_java_thread_list=0x00007fc8c460ddb0, length=14, elements={
0x00007fc8c4021800, 0x00007fc8c4270800, 0x00007fc8c4276800, 0x00007fc8c42bb000,
0x00007fc8c42bd800, 0x00007fc8c42c0000, 0x00007fc8c42cb000, 0x00007fc8c431d000,
0x00007fc8c4542800, 0x00007fc884001000, 0x00007fc8c45a8000, 0x00007fc8c460f000,
0x00007fc8c4613000, 0x00007fc8c4617800
}
_java_thread_list_alloc_cnt=15, _java_thread_list_free_cnt=13, _java_thread_list_max=14, _nested_thread_list_max=0
_tlh_cnt=361, _tlh_times=167, avg_tlh_time=0,46, _tlh_time_max=34
_delete_lock_wait_cnt=0, _delete_lock_wait_max=0
_to_delete_list_cnt=0, _to_delete_list_max=1

Java Threads: ( => current thread )
  0x00007fc8c4021800 JavaThread "main" [_thread_blocked, id=27872, stack(0x00007fc8cb930000,0x00007fc8cba31000)]
  0x00007fc8c4270800 JavaThread "Reference Handler" daemon [_thread_blocked, id=27885, stack(0x00007fc8b0336000,0x00007fc8b0437000)]
  0x00007fc8c4276800 JavaThread "Finalizer" daemon [_thread_blocked, id=27886, stack(0x00007fc8b0235000,0x00007fc8b0336000)]
  0x00007fc8c42bb000 JavaThread "Signal Dispatcher" daemon [_thread_blocked, id=27889, stack(0x00007fc8b0134000,0x00007fc8b0235000)]
  0x00007fc8c42bd800 JavaThread "C2 CompilerThread0" daemon [_thread_blocked, id=27890, stack(0x00007fc8b0033000,0x00007fc8b0134000)]
  0x00007fc8c42c0000 JavaThread "C1 CompilerThread0" daemon [_thread_blocked, id=27891, stack(0x00007fc8a0d30000,0x00007fc8a0e31000)]
  0x00007fc8c42cb000 JavaThread "Sweeper thread" daemon [_thread_blocked, id=27892, stack(0x00007fc8a0c2f000,0x00007fc8a0d30000)]
  0x00007fc8c431d000 JavaThread "Common-Cleaner" daemon [_thread_blocked, id=27897, stack(0x00007fc8a06ff000,0x00007fc8a0800000)]
  0x00007fc8c4542800 JavaThread "Service Thread" daemon [_thread_blocked, id=27901, stack(0x00007fc8a05fe000,0x00007fc8a06ff000)]
  0x00007fc884001000 JavaThread "Attach Listener" daemon [_thread_blocked, id=27903, stack(0x00007fc8a03fb000,0x00007fc8a04fc000)]
  0x00007fc8c45a8000 JavaThread "Monitor Ctrl-Break" daemon [_thread_in_native, id=27904, stack(0x00007fc8a02fa000,0x00007fc8a03fb000)]
  0x00007fc8c460f000 JavaThread "Timer-0" daemon [_thread_blocked, id=27905, stack(0x00007fc86b8f1000,0x00007fc86b9f2000)]
  0x00007fc8c4613000 JavaThread "pool-1-thread-1" [_thread_in_Java, id=27906, stack(0x00007fc86b7f0000,0x00007fc86b8f1000)]
=>0x00007fc8c4617800 JavaThread "pool-1-thread-2" [_thread_in_Java, id=27907, stack(0x00007fc86b6ef000,0x00007fc86b7f0000)]

Other Threads:
  0x00007fc8c424d000 VMThread "VM Thread" [stack: 0x00007fc8b0439000,0x00007fc8b0539000] [id=27883]
  0x00007fc8c4545800 WatcherThread [stack: 0x00007fc8a04fe000,0x00007fc8a05fe000] [id=27902]
  0x00007fc8c406d800 GCTaskThread "GC Thread#0" [stack: 0x00007fc8b0e23000,0x00007fc8b0f23000] [id=27878]
  0x00007fc8c4077800 ConcurrentGCThread "G1 Main Marker" [stack: 0x00007fc8b0d21000,0x00007fc8b0e21000] [id=27879]
  0x00007fc8c4079800 ConcurrentGCThread "G1 Conc#0" [stack: 0x00007fc8b0c1f000,0x00007fc8b0d1f000] [id=27880]
  0x00007fc8c40d9000 ConcurrentGCThread "G1 Refine#0" [stack: 0x00007fc8b0719000,0x00007fc8b0819000] [id=27881]
  0x00007fc8c40db000 ConcurrentGCThread "G1 Young RemSet Sampling" [stack: 0x00007fc8b0617000,0x00007fc8b0717000] [id=27882]

Threads with active compile tasks:

VM state:not at safepoint (normal execution)

VM Mutex/Monitor currently owned by a thread: None

Heap address: 0x00000000b0000000, size: 1280 MB, Compressed Oops mode: 32-bit
Narrow klass base: 0x0000000000000000, Narrow klass shift: 3
Compressed class space size: 1073741824 Address: 0x0000000100000000

Heap:
 garbage-first heap   total 81920K, used 11264K [0x00000000b0000000, 0x0000000100000000)
  region size 1024K, 12 young (12288K), 0 survivors (0K)
 Metaspace       used 9644K, capacity 9906K, committed 9984K, reserved 1058816K
  class space    used 898K, capacity 1000K, committed 1024K, reserved 1048576K
Heap Regions: E=young(eden), S=young(survivor), O=old, HS=humongous(starts), HC=humongous(continues), CS=collection set, F=free, A=archive, TAMS=top-at-mark-start (previous, next)
|   0|0x00000000b0000000, 0x00000000b0000000, 0x00000000b0100000|  0%| F|  |TAMS 0x00000000b0000000, 0x00000000b0000000| Untracked 
|   1|0x00000000b0100000, 0x00000000b0100000, 0x00000000b0200000|  0%| F|  |TAMS 0x00000000b0100000, 0x00000000b0100000| Untracked 
|   2|0x00000000b0200000, 0x00000000b0200000, 0x00000000b0300000|  0%| F|  |TAMS 0x00000000b0200000, 0x00000000b0200000| Untracked 
|   3|0x00000000b0300000, 0x00000000b0300000, 0x00000000b0400000|  0%| F|  |TAMS 0x00000000b0300000, 0x00000000b0300000| Untracked 
|   4|0x00000000b0400000, 0x00000000b0400000, 0x00000000b0500000|  0%| F|  |TAMS 0x00000000b0400000, 0x00000000b0400000| Untracked 
|   5|0x00000000b0500000, 0x00000000b0500000, 0x00000000b0600000|  0%| F|  |TAMS 0x00000000b0500000, 0x00000000b0500000| Untracked 
|   6|0x00000000b0600000, 0x00000000b0600000, 0x00000000b0700000|  0%| F|  |TAMS 0x00000000b0600000, 0x00000000b0600000| Untracked 
|   7|0x00000000b0700000, 0x00000000b0700000, 0x00000000b0800000|  0%| F|  |TAMS 0x00000000b0700000, 0x00000000b0700000| Untracked 
|   8|0x00000000b0800000, 0x00000000b0800000, 0x00000000b0900000|  0%| F|  |TAMS 0x00000000b0800000, 0x00000000b0800000| Untracked 
|   9|0x00000000b0900000, 0x00000000b0900000, 0x00000000b0a00000|  0%| F|  |TAMS 0x00000000b0900000, 0x00000000b0900000| Untracked 
|  10|0x00000000b0a00000, 0x00000000b0a00000, 0x00000000b0b00000|  0%| F|  |TAMS 0x00000000b0a00000, 0x00000000b0a00000| Untracked 
|  11|0x00000000b0b00000, 0x00000000b0b00000, 0x00000000b0c00000|  0%| F|  |TAMS 0x00000000b0b00000, 0x00000000b0b00000| Untracked 
|  12|0x00000000b0c00000, 0x00000000b0c00000, 0x00000000b0d00000|  0%| F|  |TAMS 0x00000000b0c00000, 0x00000000b0c00000| Untracked 
|  13|0x00000000b0d00000, 0x00000000b0d00000, 0x00000000b0e00000|  0%| F|  |TAMS 0x00000000b0d00000, 0x00000000b0d00000| Untracked 
|  14|0x00000000b0e00000, 0x00000000b0e00000, 0x00000000b0f00000|  0%| F|  |TAMS 0x00000000b0e00000, 0x00000000b0e00000| Untracked 
|  15|0x00000000b0f00000, 0x00000000b0f00000, 0x00000000b1000000|  0%| F|  |TAMS 0x00000000b0f00000, 0x00000000b0f00000| Untracked 
|  16|0x00000000b1000000, 0x00000000b1000000, 0x00000000b1100000|  0%| F|  |TAMS 0x00000000b1000000, 0x00000000b1000000| Untracked 
|  17|0x00000000b1100000, 0x00000000b1100000, 0x00000000b1200000|  0%| F|  |TAMS 0x00000000b1100000, 0x00000000b1100000| Untracked 
|  18|0x00000000b1200000, 0x00000000b1200000, 0x00000000b1300000|  0%| F|  |TAMS 0x00000000b1200000, 0x00000000b1200000| Untracked 
|  19|0x00000000b1300000, 0x00000000b1300000, 0x00000000b1400000|  0%| F|  |TAMS 0x00000000b1300000, 0x00000000b1300000| Untracked 
|  20|0x00000000b1400000, 0x00000000b1400000, 0x00000000b1500000|  0%| F|  |TAMS 0x00000000b1400000, 0x00000000b1400000| Untracked 
|  21|0x00000000b1500000, 0x00000000b1500000, 0x00000000b1600000|  0%| F|  |TAMS 0x00000000b1500000, 0x00000000b1500000| Untracked 
|  22|0x00000000b1600000, 0x00000000b1600000, 0x00000000b1700000|  0%| F|  |TAMS 0x00000000b1600000, 0x00000000b1600000| Untracked 
|  23|0x00000000b1700000, 0x00000000b1700000, 0x00000000b1800000|  0%| F|  |TAMS 0x00000000b1700000, 0x00000000b1700000| Untracked 
|  24|0x00000000b1800000, 0x00000000b1800000, 0x00000000b1900000|  0%| F|  |TAMS 0x00000000b1800000, 0x00000000b1800000| Untracked 
|  25|0x00000000b1900000, 0x00000000b1900000, 0x00000000b1a00000|  0%| F|  |TAMS 0x00000000b1900000, 0x00000000b1900000| Untracked 
|  26|0x00000000b1a00000, 0x00000000b1a00000, 0x00000000b1b00000|  0%| F|  |TAMS 0x00000000b1a00000, 0x00000000b1a00000| Untracked 
|  27|0x00000000b1b00000, 0x00000000b1b00000, 0x00000000b1c00000|  0%| F|  |TAMS 0x00000000b1b00000, 0x00000000b1b00000| Untracked 
|  28|0x00000000b1c00000, 0x00000000b1c00000, 0x00000000b1d00000|  0%| F|  |TAMS 0x00000000b1c00000, 0x00000000b1c00000| Untracked 
|  29|0x00000000b1d00000, 0x00000000b1d00000, 0x00000000b1e00000|  0%| F|  |TAMS 0x00000000b1d00000, 0x00000000b1d00000| Untracked 
|  30|0x00000000b1e00000, 0x00000000b1e00000, 0x00000000b1f00000|  0%| F|  |TAMS 0x00000000b1e00000, 0x00000000b1e00000| Untracked 
|  31|0x00000000b1f00000, 0x00000000b1f00000, 0x00000000b2000000|  0%| F|  |TAMS 0x00000000b1f00000, 0x00000000b1f00000| Untracked 
|  32|0x00000000b2000000, 0x00000000b2000000, 0x00000000b2100000|  0%| F|  |TAMS 0x00000000b2000000, 0x00000000b2000000| Untracked 
|  33|0x00000000b2100000, 0x00000000b2100000, 0x00000000b2200000|  0%| F|  |TAMS 0x00000000b2100000, 0x00000000b2100000| Untracked 
|  34|0x00000000b2200000, 0x00000000b2200000, 0x00000000b2300000|  0%| F|  |TAMS 0x00000000b2200000, 0x00000000b2200000| Untracked 
|  35|0x00000000b2300000, 0x00000000b2300000, 0x00000000b2400000|  0%| F|  |TAMS 0x00000000b2300000, 0x00000000b2300000| Untracked 
|  36|0x00000000b2400000, 0x00000000b2400000, 0x00000000b2500000|  0%| F|  |TAMS 0x00000000b2400000, 0x00000000b2400000| Untracked 
|  37|0x00000000b2500000, 0x00000000b2500000, 0x00000000b2600000|  0%| F|  |TAMS 0x00000000b2500000, 0x00000000b2500000| Untracked 
|  38|0x00000000b2600000, 0x00000000b2600000, 0x00000000b2700000|  0%| F|  |TAMS 0x00000000b2600000, 0x00000000b2600000| Untracked 
|  39|0x00000000b2700000, 0x00000000b2700000, 0x00000000b2800000|  0%| F|  |TAMS 0x00000000b2700000, 0x00000000b2700000| Untracked 
|  40|0x00000000b2800000, 0x00000000b2800000, 0x00000000b2900000|  0%| F|  |TAMS 0x00000000b2800000, 0x00000000b2800000| Untracked 
|  41|0x00000000b2900000, 0x00000000b2900000, 0x00000000b2a00000|  0%| F|  |TAMS 0x00000000b2900000, 0x00000000b2900000| Untracked 
|  42|0x00000000b2a00000, 0x00000000b2a00000, 0x00000000b2b00000|  0%| F|  |TAMS 0x00000000b2a00000, 0x00000000b2a00000| Untracked 
|  43|0x00000000b2b00000, 0x00000000b2b00000, 0x00000000b2c00000|  0%| F|  |TAMS 0x00000000b2b00000, 0x00000000b2b00000| Untracked 
|  44|0x00000000b2c00000, 0x00000000b2c00000, 0x00000000b2d00000|  0%| F|  |TAMS 0x00000000b2c00000, 0x00000000b2c00000| Untracked 
|  45|0x00000000b2d00000, 0x00000000b2d00000, 0x00000000b2e00000|  0%| F|  |TAMS 0x00000000b2d00000, 0x00000000b2d00000| Untracked 
|  46|0x00000000b2e00000, 0x00000000b2e00000, 0x00000000b2f00000|  0%| F|  |TAMS 0x00000000b2e00000, 0x00000000b2e00000| Untracked 
|  47|0x00000000b2f00000, 0x00000000b2f00000, 0x00000000b3000000|  0%| F|  |TAMS 0x00000000b2f00000, 0x00000000b2f00000| Untracked 
|  48|0x00000000b3000000, 0x00000000b3000000, 0x00000000b3100000|  0%| F|  |TAMS 0x00000000b3000000, 0x00000000b3000000| Untracked 
|  49|0x00000000b3100000, 0x00000000b3100000, 0x00000000b3200000|  0%| F|  |TAMS 0x00000000b3100000, 0x00000000b3100000| Untracked 
|  50|0x00000000b3200000, 0x00000000b3200000, 0x00000000b3300000|  0%| F|  |TAMS 0x00000000b3200000, 0x00000000b3200000| Untracked 
|  51|0x00000000b3300000, 0x00000000b3300000, 0x00000000b3400000|  0%| F|  |TAMS 0x00000000b3300000, 0x00000000b3300000| Untracked 
|  52|0x00000000b3400000, 0x00000000b3400000, 0x00000000b3500000|  0%| F|  |TAMS 0x00000000b3400000, 0x00000000b3400000| Untracked 
|  53|0x00000000b3500000, 0x00000000b3500000, 0x00000000b3600000|  0%| F|  |TAMS 0x00000000b3500000, 0x00000000b3500000| Untracked 
|  54|0x00000000b3600000, 0x00000000b3600000, 0x00000000b3700000|  0%| F|  |TAMS 0x00000000b3600000, 0x00000000b3600000| Untracked 
|  55|0x00000000b3700000, 0x00000000b3700000, 0x00000000b3800000|  0%| F|  |TAMS 0x00000000b3700000, 0x00000000b3700000| Untracked 
|  56|0x00000000b3800000, 0x00000000b3800000, 0x00000000b3900000|  0%| F|  |TAMS 0x00000000b3800000, 0x00000000b3800000| Untracked 
|  57|0x00000000b3900000, 0x00000000b3900000, 0x00000000b3a00000|  0%| F|  |TAMS 0x00000000b3900000, 0x00000000b3900000| Untracked 
|  58|0x00000000b3a00000, 0x00000000b3a00000, 0x00000000b3b00000|  0%| F|  |TAMS 0x00000000b3a00000, 0x00000000b3a00000| Untracked 
|  59|0x00000000b3b00000, 0x00000000b3b00000, 0x00000000b3c00000|  0%| F|  |TAMS 0x00000000b3b00000, 0x00000000b3b00000| Untracked 
|  60|0x00000000b3c00000, 0x00000000b3c00000, 0x00000000b3d00000|  0%| F|  |TAMS 0x00000000b3c00000, 0x00000000b3c00000| Untracked 
|  61|0x00000000b3d00000, 0x00000000b3d00000, 0x00000000b3e00000|  0%| F|  |TAMS 0x00000000b3d00000, 0x00000000b3d00000| Untracked 
|  62|0x00000000b3e00000, 0x00000000b3e00000, 0x00000000b3f00000|  0%| F|  |TAMS 0x00000000b3e00000, 0x00000000b3e00000| Untracked 
|  63|0x00000000b3f00000, 0x00000000b3f00000, 0x00000000b4000000|  0%| F|  |TAMS 0x00000000b3f00000, 0x00000000b3f00000| Untracked 
|  64|0x00000000b4000000, 0x00000000b4000000, 0x00000000b4100000|  0%| F|  |TAMS 0x00000000b4000000, 0x00000000b4000000| Untracked 
|  65|0x00000000b4100000, 0x00000000b4100000, 0x00000000b4200000|  0%| F|  |TAMS 0x00000000b4100000, 0x00000000b4100000| Untracked 
|  66|0x00000000b4200000, 0x00000000b4200000, 0x00000000b4300000|  0%| F|  |TAMS 0x00000000b4200000, 0x00000000b4200000| Untracked 
|  67|0x00000000b4300000, 0x00000000b4300000, 0x00000000b4400000|  0%| F|  |TAMS 0x00000000b4300000, 0x00000000b4300000| Untracked 
|  68|0x00000000b4400000, 0x00000000b44d7a00, 0x00000000b4500000| 84%| E|  |TAMS 0x00000000b4400000, 0x00000000b4400000| Complete 
|  69|0x00000000b4500000, 0x00000000b4600000, 0x00000000b4600000|100%| E|CS|TAMS 0x00000000b4500000, 0x00000000b4500000| Complete 
|  70|0x00000000b4600000, 0x00000000b4700000, 0x00000000b4700000|100%| E|CS|TAMS 0x00000000b4600000, 0x00000000b4600000| Complete 
|  71|0x00000000b4700000, 0x00000000b4800000, 0x00000000b4800000|100%| E|CS|TAMS 0x00000000b4700000, 0x00000000b4700000| Complete 
|  72|0x00000000b4800000, 0x00000000b4900000, 0x00000000b4900000|100%| E|CS|TAMS 0x00000000b4800000, 0x00000000b4800000| Complete 
|  73|0x00000000b4900000, 0x00000000b4a00000, 0x00000000b4a00000|100%| E|CS|TAMS 0x00000000b4900000, 0x00000000b4900000| Complete 
|  74|0x00000000b4a00000, 0x00000000b4b00000, 0x00000000b4b00000|100%| E|CS|TAMS 0x00000000b4a00000, 0x00000000b4a00000| Complete 
|  75|0x00000000b4b00000, 0x00000000b4c00000, 0x00000000b4c00000|100%| E|CS|TAMS 0x00000000b4b00000, 0x00000000b4b00000| Complete 
|  76|0x00000000b4c00000, 0x00000000b4d00000, 0x00000000b4d00000|100%| E|CS|TAMS 0x00000000b4c00000, 0x00000000b4c00000| Complete 
|  77|0x00000000b4d00000, 0x00000000b4e00000, 0x00000000b4e00000|100%| E|CS|TAMS 0x00000000b4d00000, 0x00000000b4d00000| Complete 
|  78|0x00000000b4e00000, 0x00000000b4f00000, 0x00000000b4f00000|100%| E|CS|TAMS 0x00000000b4e00000, 0x00000000b4e00000| Complete 
|  79|0x00000000b4f00000, 0x00000000b5000000, 0x00000000b5000000|100%| E|CS|TAMS 0x00000000b4f00000, 0x00000000b4f00000| Complete 

Card table byte_map: [0x00007fc8b39a3000,0x00007fc8b3c23000] _byte_map_base: 0x00007fc8b3423000

Marking Bits (Prev, Next): (CMBitMap*) 0x00007fc8c406ef20, (CMBitMap*) 0x00007fc8c406ef60
 Prev Bits: [0x00007fc8b2323000, 0x00007fc8b3723000)
 Next Bits: [0x00007fc8b0f23000, 0x00007fc8b2323000)

Polling page: 0x00007fc8cba44000

Metaspace:

Usage:
  Non-class:      8,70 MB capacity,     8,54 MB ( 98%) used,   139,84 KB (  2%) free+waste,    19,62 KB ( <1%) overhead. 
      Class:   1000,00 KB capacity,   898,29 KB ( 90%) used,    90,84 KB (  9%) free+waste,    10,88 KB (  1%) overhead. 
       Both:      9,67 MB capacity,     9,42 MB ( 97%) used,   230,68 KB (  2%) free+waste,    30,50 KB ( <1%) overhead. 

Virtual space:
  Non-class space:       10,00 MB reserved,       8,75 MB ( 88%) committed 
      Class space:        1,00 GB reserved,       1,00 MB ( <1%) committed 
             Both:        1,01 GB reserved,       9,75 MB ( <1%) committed 

Chunk freelists:
   Non-Class:  54,00 KB
       Class:  0 bytes
        Both:  54,00 KB

MaxMetaspaceSize: unlimited
CompressedClassSpaceSize: 1,00 GB

CodeHeap 'non-profiled nmethods': size=120032Kb used=237Kb max_used=237Kb free=119794Kb
 bounds [0x00007fc8bbe5a000, 0x00007fc8bc0ca000, 0x00007fc8c3392000]
CodeHeap 'profiled nmethods': size=120032Kb used=816Kb max_used=816Kb free=119215Kb
 bounds [0x00007fc8b4922000, 0x00007fc8b4b92000, 0x00007fc8bbe5a000]
CodeHeap 'non-nmethods': size=5696Kb used=2065Kb max_used=2080Kb free=3630Kb
 bounds [0x00007fc8b4392000, 0x00007fc8b4602000, 0x00007fc8b4922000]
 total_blobs=1449 nmethods=360 adapters=859
 compilation: enabled
              stopped_count=0, restarted_count=0
 full_count=0

Compilation events (10 events):
Event: 10,556 Thread 0x00007fc8c42bd800 nmethod 684% 0x00007fc8bbe93890 code [0x00007fc8bbe93a80, 0x00007fc8bbe93d00]
Event: 10,556 Thread 0x00007fc8c42bd800  685 %     4       NewMain$3::run @ 2 (40 bytes)
Event: 10,599 Thread 0x00007fc8c42bd800 nmethod 685% 0x00007fc8bbe94310 code [0x00007fc8bbe944a0, 0x00007fc8bbe945b8]
Event: 10,650 Thread 0x00007fc8c42c0000  686 %     3       NewMain$3::run @ 2 (40 bytes)
Event: 10,752 Thread 0x00007fc8c42c0000 nmethod 686% 0x00007fc8b49eb210 code [0x00007fc8b49eb560, 0x00007fc8b49ec810]
Event: 10,752 Thread 0x00007fc8c42c0000  687       3       java.nio.charset.CoderResult::isUnderflow (13 bytes)
Event: 10,756 Thread 0x00007fc8c42c0000 nmethod 687 0x00007fc8b49ed110 code [0x00007fc8b49ed2c0, 0x00007fc8b49ed498]
Event: 10,760 Thread 0x00007fc8c42bd800  688 %     4       NewMain$3::run @ 2 (40 bytes)
Event: 10,881 Thread 0x00007fc8c42bd800 nmethod 688% 0x00007fc8bbe94790 code [0x00007fc8bbe94980, 0x00007fc8bbe94c00]
Event: 10,966 Thread 0x00007fc8c42c0000  689       3       java.util.concurrent.locks.AbstractQueuedSynchronizer::compareAndSetState (10 bytes)

GC Heap History (0 events):
No events

Deoptimization events (10 events):
Event: 8,366 Thread 0x00007fc8c4617800 Uncommon trap: reason=unreached action=reinterpret pc=0x00007fc8bbe8d6c4 method=NewMain$4.run()V @ 21 c2
Event: 8,609 Thread 0x00007fc8c4613000 Uncommon trap: reason=unstable_if action=reinterpret pc=0x00007fc8bbe8e8d0 method=NewMain$6.run()V @ 21 c2
Event: 8,627 Thread 0x00007fc8c4617800 Uncommon trap: reason=unstable_if action=reinterpret pc=0x00007fc8bbe8e450 method=NewMain$4.run()V @ 21 c2
Event: 9,307 Thread 0x00007fc8c4613000 Uncommon trap: reason=unstable_if action=reinterpret pc=0x00007fc8bbe90e50 method=NewMain$2.run()V @ 21 c2
Event: 9,582 Thread 0x00007fc8c4617800 Uncommon trap: reason=unstable_if action=reinterpret pc=0x00007fc8bbe8fd94 method=NewMain$4.run()V @ 7 c2
Event: 9,891 Thread 0x00007fc8c4617800 Uncommon trap: reason=unstable_if action=reinterpret pc=0x00007fc8bbe91d50 method=NewMain$1.run()V @ 21 c2
Event: 10,336 Thread 0x00007fc8c4613000 Uncommon trap: reason=unstable_if action=reinterpret pc=0x00007fc8bbe91414 method=NewMain$2.run()V @ 7 c2
Event: 10,369 Thread 0x00007fc8c4617800 Uncommon trap: reason=unstable_if action=reinterpret pc=0x00007fc8bbe925d0 method=NewMain$5.run()V @ 21 c2
Event: 10,373 Thread 0x00007fc8c4613000 Uncommon trap: reason=unreached action=reinterpret pc=0x00007fc8bbe932c4 method=NewMain$3.run()V @ 21 c2
Event: 10,649 Thread 0x00007fc8c4613000 Uncommon trap: reason=unstable_if action=reinterpret pc=0x00007fc8bbe94550 method=NewMain$3.run()V @ 21 c2

Classes unloaded (0 events):
No events

Classes redefined (0 events):
No events

Internal exceptions (10 events):
Event: 7,289 Thread 0x00007fc8c4613000 Exception <a 'java/lang/NoSuchMethodError'{0x00000000b45e1f60}: 'java.lang.Object java.lang.invoke.Invokers$Holder.invokeExact_MT(java.lang.Object, java.lang.Object, java.lang.Object, java.lang.Object, java.lang.Object, java.lang.Object, java.lang.Object)'> (0x00000000b45e1f60) 
thrown [/home/dmitry/Downloads/LOOM/loom/src/hotspot/share/interpreter/linkResolver.cpp, line 768]
for thread 0x00007fc8c4613000
Event: 7,317 Thread 0x00007fc8c4617800 Exception <a 'java/lang/NoSuchMethodError'{0x00000000b440d978}: 'long java.lang.invoke.DirectMethodHandle$Holder.invokeStatic(java.lang.Object)'> (0x00000000b440d978) 
thrown [/home/dmitry/Downloads/LOOM/loom/src/hotspot/share/interpreter/linkResolver.cpp, line 768]
for thread 0x00007fc8c4617800
Event: 7,332 Thread 0x00007fc8c4617800 Exception <a 'java/lang/NoSuchMethodError'{0x00000000b44134f0}: 'long java.lang.invoke.Invokers$Holder.invoke_MT(java.lang.Object, java.lang.Object)'> (0x00000000b44134f0) 
thrown [/home/dmitry/Downloads/LOOM/loom/src/hotspot/share/interpreter/linkResolver.cpp, line 768]
for thread 0x00007fc8c4617800
Event: 7,349 Thread 0x00007fc8c4617800 Exception <a 'java/lang/NoSuchMethodError'{0x00000000b44196f8}: 'java.lang.Object java.lang.invoke.DirectMethodHandle$Holder.invokeStatic(java.lang.Object, long)'> (0x00000000b44196f8) 
thrown [/home/dmitry/Downloads/LOOM/loom/src/hotspot/share/interpreter/linkResolver.cpp, line 768]
for thread 0x00007fc8c4617800
Event: 7,430 Thread 0x00007fc8c4613000 Exception <a 'java/lang/NoSuchMethodError'{0x00000000b45e8788}: 'long java.lang.invoke.DirectMethodHandle$Holder.invokeSpecial(java.lang.Object, java.lang.Object, long, java.lang.Object)'> (0x00000000b45e8788) 
thrown [/home/dmitry/Downloads/LOOM/loom/src/hotspot/share/interpreter/linkResolver.cpp, line 768]
for thread 0x00007fc8c4613000
Event: 7,446 Thread 0x00007fc8c4613000 Exception <a 'java/lang/NoSuchMethodError'{0x00000000b45eb3b8}: 'long java.lang.invoke.Invokers$Holder.invoke_MT(java.lang.Object, long, java.lang.Object, java.lang.Object)'> (0x00000000b45eb3b8) 
thrown [/home/dmitry/Downloads/LOOM/loom/src/hotspot/share/interpreter/linkResolver.cpp, line 768]
for thread 0x00007fc8c4613000
Event: 7,550 Thread 0x00007fc8c4613000 Exception <a 'java/lang/NoSuchMethodError'{0x00000000b444a7c0}: 'java.lang.Object java.lang.invoke.DirectMethodHandle$Holder.invokeStatic(java.lang.Object, java.lang.Object, java.lang.Object, java.lang.Object, java.lang.Object)'> (0x00000000b444a7c0) 
thrown [/home/dmitry/Downloads/LOOM/loom/src/hotspot/share/interpreter/linkResolver.cpp, line 768]
for thread 0x00007fc8c4613000
Event: 7,610 Thread 0x00007fc8c4613000 Exception <a 'java/lang/NoSuchMethodError'{0x00000000b4456d50}: 'java.lang.Object java.lang.invoke.DirectMethodHandle$Holder.invokeSpecial(java.lang.Object, java.lang.Object, long)'> (0x00000000b4456d50) 
thrown [/home/dmitry/Downloads/LOOM/loom/src/hotspot/share/interpreter/linkResolver.cpp, line 768]
for thread 0x00007fc8c4613000
Event: 7,619 Thread 0x00007fc8c4617800 Exception <a 'java/lang/NoSuchMethodError'{0x00000000b44985c0}: 'long java.lang.invoke.DirectMethodHandle$Holder.invokeStatic(java.lang.Object, long, long)'> (0x00000000b44985c0) 
thrown [/home/dmitry/Downloads/LOOM/loom/src/hotspot/share/interpreter/linkResolver.cpp, line 768]
for thread 0x00007fc8c4617800
Event: 7,712 Thread 0x00007fc8c4617800 Exception <a 'java/lang/NoSuchMethodError'{0x00000000b44c5bf8}: 'long java.lang.invoke.DirectMethodHandle$Holder.getLong(java.lang.Object, java.lang.Object)'> (0x00000000b44c5bf8) 
thrown [/home/dmitry/Downloads/LOOM/loom/src/hotspot/share/interpreter/linkResolver.cpp, line 768]
for thread 0x00007fc8c4617800

Events (10 events):
Event: 10,557 Thread 0x00007fc8c4617800 DEOPT PACKING pc=0x00007fc8b49ea474 sp=0x00007fc86b7ee0e0
Event: 10,557 Thread 0x00007fc8c4617800 DEOPT UNPACKING pc=0x00007fc8b43f04bc sp=0x00007fc86b7ed6b0 mode 0
Event: 10,649 Thread 0x00007fc8c4613000 Uncommon trap: trap_request=0xffffff4d fr.pc=0x00007fc8bbe94550 relative=0x00000000000000b0
Event: 10,649 Thread 0x00007fc8c4613000 DEOPT PACKING pc=0x00007fc8bbe94550 sp=0x00007fc86b8ef1b0
Event: 10,649 Thread 0x00007fc8c4613000 DEOPT UNPACKING pc=0x00007fc8b43f0819 sp=0x00007fc86b8ef158 mode 2
Event: 10,882 Thread 0x00007fc8c4613000 DEOPT PACKING pc=0x00007fc8b49ec374 sp=0x00007fc86b8ef060
Event: 10,882 Thread 0x00007fc8c4613000 DEOPT UNPACKING pc=0x00007fc8b43f04bc sp=0x00007fc86b8ee630 mode 0
Event: 10,952 Executing VM operation: HandshakeOneThread
Event: 10,979 loading class java/lang/IllegalStateException
Event: 10,979 loading class java/lang/IllegalStateException done


Dynamic libraries:
b0000000-b5000000 rw-p 00000000 00:00 0 
b5000000-100000000 ---p 00000000 00:00 0 
100000000-100100000 rw-p 00000000 00:00 0 
100100000-140000000 ---p 00000000 00:00 0 
559b09574000-559b09576000 r-xp 00000000 08:01 2249140                    /home/dmitry/Downloads/LOOM/loom/build/linux-x86_64-server-slowdebug/jdk/bin/java
559b09775000-559b09776000 r--p 00001000 08:01 2249140                    /home/dmitry/Downloads/LOOM/loom/build/linux-x86_64-server-slowdebug/jdk/bin/java
559b09776000-559b09777000 rw-p 00002000 08:01 2249140                    /home/dmitry/Downloads/LOOM/loom/build/linux-x86_64-server-slowdebug/jdk/bin/java
559b0a9c8000-559b0a9e9000 rw-p 00000000 00:00 0                          [heap]
7fc858000000-7fc858032000 rw-p 00000000 00:00 0 
7fc858032000-7fc85c000000 ---p 00000000 00:00 0 
7fc85c000000-7fc85c046000 rw-p 00000000 00:00 0 
7fc85c046000-7fc860000000 ---p 00000000 00:00 0 
7fc860000000-7fc860021000 rw-p 00000000 00:00 0 
7fc860021000-7fc864000000 ---p 00000000 00:00 0 
7fc864000000-7fc86403e000 rw-p 00000000 00:00 0 
7fc86403e000-7fc868000000 ---p 00000000 00:00 0 
7fc86a7b9000-7fc86b6ef000 rw-p 00000000 00:00 0 
7fc86b6ef000-7fc86b6f3000 ---p 00000000 00:00 0 
7fc86b6f3000-7fc86b7f0000 rw-p 00000000 00:00 0 
7fc86b7f0000-7fc86b7f4000 ---p 00000000 00:00 0 
7fc86b7f4000-7fc86b8f1000 rw-p 00000000 00:00 0 
7fc86b8f1000-7fc86b8f5000 ---p 00000000 00:00 0 
7fc86b8f5000-7fc86b9f2000 rw-p 00000000 00:00 0 
7fc86b9f2000-7fc86b9f9000 r-xp 00000000 08:01 1989533                    /home/dmitry/Downloads/LOOM/loom/build/linux-x86_64-server-slowdebug/jdk/lib/libmanagement_ext.so
7fc86b9f9000-7fc86bbf8000 ---p 00007000 08:01 1989533                    /home/dmitry/Downloads/LOOM/loom/build/linux-x86_64-server-slowdebug/jdk/lib/libmanagement_ext.so
7fc86bbf8000-7fc86bbf9000 r--p 00006000 08:01 1989533                    /home/dmitry/Downloads/LOOM/loom/build/linux-x86_64-server-slowdebug/jdk/lib/libmanagement_ext.so
7fc86bbf9000-7fc86bbfa000 rw-p 00007000 08:01 1989533                    /home/dmitry/Downloads/LOOM/loom/build/linux-x86_64-server-slowdebug/jdk/lib/libmanagement_ext.so
7fc86bbfa000-7fc86bbff000 r-xp 00000000 08:01 1989509                    /home/dmitry/Downloads/LOOM/loom/build/linux-x86_64-server-slowdebug/jdk/lib/libmanagement.so
7fc86bbff000-7fc86bdfe000 ---p 00005000 08:01 1989509                    /home/dmitry/Downloads/LOOM/loom/build/linux-x86_64-server-slowdebug/jdk/lib/libmanagement.so
7fc86bdfe000-7fc86bdff000 r--p 00004000 08:01 1989509                    /home/dmitry/Downloads/LOOM/loom/build/linux-x86_64-server-slowdebug/jdk/lib/libmanagement.so
7fc86bdff000-7fc86be00000 rw-p 00005000 08:01 1989509                    /home/dmitry/Downloads/LOOM/loom/build/linux-x86_64-server-slowdebug/jdk/lib/libmanagement.so
7fc86be00000-7fc86bec0000 rw-p 00000000 00:00 0 
7fc86bec0000-7fc86c000000 ---p 00000000 00:00 0 
7fc86c000000-7fc86c021000 rw-p 00000000 00:00 0 
7fc86c021000-7fc870000000 ---p 00000000 00:00 0 
7fc870000000-7fc8700a8000 rw-p 00000000 00:00 0 
7fc8700a8000-7fc874000000 ---p 00000000 00:00 0 
7fc874000000-7fc874021000 rw-p 00000000 00:00 0 
7fc874021000-7fc878000000 ---p 00000000 00:00 0 
7fc878000000-7fc878021000 rw-p 00000000 00:00 0 
7fc878021000-7fc87c000000 ---p 00000000 00:00 0 
7fc87c000000-7fc87c41f000 rw-p 00000000 00:00 0 
7fc87c41f000-7fc880000000 ---p 00000000 00:00 0 
7fc880000000-7fc880021000 rw-p 00000000 00:00 0 
7fc880021000-7fc884000000 ---p 00000000 00:00 0 
7fc884000000-7fc884021000 rw-p 00000000 00:00 0 
7fc884021000-7fc888000000 ---p 00000000 00:00 0 
7fc888000000-7fc888503000 rw-p 00000000 00:00 0 
7fc888503000-7fc88c000000 ---p 00000000 00:00 0 
7fc88c000000-7fc88c021000 rw-p 00000000 00:00 0 
7fc88c021000-7fc890000000 ---p 00000000 00:00 0 
7fc890000000-7fc890021000 rw-p 00000000 00:00 0 
7fc890021000-7fc894000000 ---p 00000000 00:00 0 
7fc894000000-7fc894021000 rw-p 00000000 00:00 0 
7fc894021000-7fc898000000 ---p 00000000 00:00 0 
7fc898000000-7fc898021000 rw-p 00000000 00:00 0 
7fc898021000-7fc89c000000 ---p 00000000 00:00 0 
7fc89c000000-7fc89c021000 rw-p 00000000 00:00 0 
7fc89c021000-7fc8a0000000 ---p 00000000 00:00 0 
7fc8a00f7000-7fc8a00f9000 r-xp 00000000 08:01 1989531                    /home/dmitry/Downloads/LOOM/loom/build/linux-x86_64-server-slowdebug/jdk/lib/libextnet.so
7fc8a00f9000-7fc8a02f8000 ---p 00002000 08:01 1989531                    /home/dmitry/Downloads/LOOM/loom/build/linux-x86_64-server-slowdebug/jdk/lib/libextnet.so
7fc8a02f8000-7fc8a02f9000 r--p 00001000 08:01 1989531                    /home/dmitry/Downloads/LOOM/loom/build/linux-x86_64-server-slowdebug/jdk/lib/libextnet.so
7fc8a02f9000-7fc8a02fa000 rw-p 00002000 08:01 1989531                    /home/dmitry/Downloads/LOOM/loom/build/linux-x86_64-server-slowdebug/jdk/lib/libextnet.so
7fc8a02fa000-7fc8a02fe000 ---p 00000000 00:00 0 
7fc8a02fe000-7fc8a03fb000 rw-p 00000000 00:00 0 
7fc8a03fb000-7fc8a03ff000 ---p 00000000 00:00 0 
7fc8a03ff000-7fc8a04fc000 rw-p 00000000 00:00 0 
7fc8a04fc000-7fc8a04fd000 ---p 00000000 00:00 0 
7fc8a04fd000-7fc8a05fe000 rw-p 00000000 00:00 0 
7fc8a05fe000-7fc8a0602000 ---p 00000000 00:00 0 
7fc8a0602000-7fc8a06ff000 rw-p 00000000 00:00 0 
7fc8a06ff000-7fc8a0703000 ---p 00000000 00:00 0 
7fc8a0703000-7fc8a0800000 rw-p 00000000 00:00 0 
7fc8a0800000-7fc8a081b000 r-xp 00000000 08:01 1989495                    /home/dmitry/Downloads/LOOM/loom/build/linux-x86_64-server-slowdebug/jdk/lib/libnet.so
7fc8a081b000-7fc8a0a1a000 ---p 0001b000 08:01 1989495                    /home/dmitry/Downloads/LOOM/loom/build/linux-x86_64-server-slowdebug/jdk/lib/libnet.so
7fc8a0a1a000-7fc8a0a1b000 r--p 0001a000 08:01 1989495                    /home/dmitry/Downloads/LOOM/loom/build/linux-x86_64-server-slowdebug/jdk/lib/libnet.so
7fc8a0a1b000-7fc8a0a1c000 rw-p 0001b000 08:01 1989495                    /home/dmitry/Downloads/LOOM/loom/build/linux-x86_64-server-slowdebug/jdk/lib/libnet.so
7fc8a0a1c000-7fc8a0a2e000 r-xp 00000000 08:01 1989499                    /home/dmitry/Downloads/LOOM/loom/build/linux-x86_64-server-slowdebug/jdk/lib/libnio.so
7fc8a0a2e000-7fc8a0c2d000 ---p 00012000 08:01 1989499                    /home/dmitry/Downloads/LOOM/loom/build/linux-x86_64-server-slowdebug/jdk/lib/libnio.so
7fc8a0c2d000-7fc8a0c2e000 r--p 00011000 08:01 1989499                    /home/dmitry/Downloads/LOOM/loom/build/linux-x86_64-server-slowdebug/jdk/lib/libnio.so
7fc8a0c2e000-7fc8a0c2f000 rw-p 00012000 08:01 1989499                    /home/dmitry/Downloads/LOOM/loom/build/linux-x86_64-server-slowdebug/jdk/lib/libnio.so
7fc8a0c2f000-7fc8a0c33000 ---p 00000000 00:00 0 
7fc8a0c33000-7fc8a0d30000 rw-p 00000000 00:00 0 
7fc8a0d30000-7fc8a0d34000 ---p 00000000 00:00 0 
7fc8a0d34000-7fc8a0e31000 rw-p 00000000 00:00 0 
7fc8a0e31000-7fc8a1800000 r--p 00000000 08:01 10230401                   /usr/lib/locale/locale-archive
7fc8a1800000-7fc8a4000000 rw-p 00000000 00:00 0 
7fc8a4000000-7fc8a4021000 rw-p 00000000 00:00 0 
7fc8a4021000-7fc8a8000000 ---p 00000000 00:00 0 
7fc8a8000000-7fc8a8021000 rw-p 00000000 00:00 0 
7fc8a8021000-7fc8ac000000 ---p 00000000 00:00 0 
7fc8ac000000-7fc8ac021000 rw-p 00000000 00:00 0 
7fc8ac021000-7fc8b0000000 ---p 00000000 00:00 0 
7fc8b0002000-7fc8b0033000 rw-p 00000000 00:00 0 
7fc8b0033000-7fc8b0037000 ---p 00000000 00:00 0 
7fc8b0037000-7fc8b0134000 rw-p 00000000 00:00 0 
7fc8b0134000-7fc8b0138000 ---p 00000000 00:00 0 
7fc8b0138000-7fc8b0235000 rw-p 00000000 00:00 0 
7fc8b0235000-7fc8b0239000 ---p 00000000 00:00 0 
7fc8b0239000-7fc8b0336000 rw-p 00000000 00:00 0 
7fc8b0336000-7fc8b033a000 ---p 00000000 00:00 0 
7fc8b033a000-7fc8b0437000 rw-p 00000000 00:00 0 
7fc8b0437000-7fc8b0438000 ---p 00000000 00:00 0 
7fc8b0438000-7fc8b0615000 rw-p 00000000 00:00 0 
7fc8b0615000-7fc8b0616000 ---p 00000000 00:00 0 
7fc8b0616000-7fc8b0717000 rw-p 00000000 00:00 0 
7fc8b0717000-7fc8b0718000 ---p 00000000 00:00 0 
7fc8b0718000-7fc8b0c1d000 rw-p 00000000 00:00 0 
7fc8b0c1d000-7fc8b0c1e000 ---p 00000000 00:00 0 
7fc8b0c1e000-7fc8b0d1f000 rw-p 00000000 00:00 0 
7fc8b0d1f000-7fc8b0d20000 ---p 00000000 00:00 0 
7fc8b0d20000-7fc8b0e21000 rw-p 00000000 00:00 0 
7fc8b0e21000-7fc8b0e22000 ---p 00000000 00:00 0 
7fc8b0e22000-7fc8b1063000 rw-p 00000000 00:00 0 
7fc8b1063000-7fc8b2323000 ---p 00000000 00:00 0 
7fc8b2323000-7fc8b2463000 rw-p 00000000 00:00 0 
7fc8b2463000-7fc8b3723000 ---p 00000000 00:00 0 
7fc8b3723000-7fc8b374b000 rw-p 00000000 00:00 0 
7fc8b374b000-7fc8b39a3000 ---p 00000000 00:00 0 
7fc8b39a3000-7fc8b39cb000 rw-p 00000000 00:00 0 
7fc8b39cb000-7fc8b3c23000 ---p 00000000 00:00 0 
7fc8b3c23000-7fc8b3c4b000 rw-p 00000000 00:00 0 
7fc8b3c4b000-7fc8b3ea3000 ---p 00000000 00:00 0 
7fc8b3ea3000-7fc8b42ac000 rw-p 00000000 00:00 0 
7fc8b42ac000-7fc8b4392000 ---p 00000000 00:00 0 
7fc8b4392000-7fc8b4602000 rwxp 00000000 00:00 0 
7fc8b4602000-7fc8b4922000 ---p 00000000 00:00 0 
7fc8b4922000-7fc8b4b92000 rwxp 00000000 00:00 0 
7fc8b4b92000-7fc8bbe5a000 ---p 00000000 00:00 0 
7fc8bbe5a000-7fc8bc0ca000 rwxp 00000000 00:00 0 
7fc8bc0ca000-7fc8c3392000 ---p 00000000 00:00 0 
7fc8c3392000-7fc8c33b2000 r-xp 00000000 08:01 1989492                    /home/dmitry/Downloads/LOOM/loom/build/linux-x86_64-server-slowdebug/jdk/lib/libjimage.so
7fc8c33b2000-7fc8c35b1000 ---p 00020000 08:01 1989492                    /home/dmitry/Downloads/LOOM/loom/build/linux-x86_64-server-slowdebug/jdk/lib/libjimage.so
7fc8c35b1000-7fc8c35b3000 r--p 0001f000 08:01 1989492                    /home/dmitry/Downloads/LOOM/loom/build/linux-x86_64-server-slowdebug/jdk/lib/libjimage.so
7fc8c35b3000-7fc8c35b4000 rw-p 00021000 08:01 1989492                    /home/dmitry/Downloads/LOOM/loom/build/linux-x86_64-server-slowdebug/jdk/lib/libjimage.so
7fc8c35b4000-7fc8c35bd000 r-xp 00000000 08:01 1989488                    /home/dmitry/Downloads/LOOM/loom/build/linux-x86_64-server-slowdebug/jdk/lib/libzip.so
7fc8c35bd000-7fc8c37bc000 ---p 00009000 08:01 1989488                    /home/dmitry/Downloads/LOOM/loom/build/linux-x86_64-server-slowdebug/jdk/lib/libzip.so
7fc8c37bc000-7fc8c37bd000 r--p 00008000 08:01 1989488                    /home/dmitry/Downloads/LOOM/loom/build/linux-x86_64-server-slowdebug/jdk/lib/libzip.so
7fc8c37bd000-7fc8c37be000 rw-p 00009000 08:01 1989488                    /home/dmitry/Downloads/LOOM/loom/build/linux-x86_64-server-slowdebug/jdk/lib/libzip.so
7fc8c37be000-7fc8c37c9000 r-xp 00000000 08:01 1184572                    /lib/x86_64-linux-gnu/libnss_files-2.27.so
7fc8c37c9000-7fc8c39c8000 ---p 0000b000 08:01 1184572                    /lib/x86_64-linux-gnu/libnss_files-2.27.so
7fc8c39c8000-7fc8c39c9000 r--p 0000a000 08:01 1184572                    /lib/x86_64-linux-gnu/libnss_files-2.27.so
7fc8c39c9000-7fc8c39ca000 rw-p 0000b000 08:01 1184572                    /lib/x86_64-linux-gnu/libnss_files-2.27.so
7fc8c39ca000-7fc8c39d0000 rw-p 00000000 00:00 0 
7fc8c39d0000-7fc8c39e7000 r-xp 00000000 08:01 1184566                    /lib/x86_64-linux-gnu/libnsl-2.27.so
7fc8c39e7000-7fc8c3be6000 ---p 00017000 08:01 1184566                    /lib/x86_64-linux-gnu/libnsl-2.27.so
7fc8c3be6000-7fc8c3be7000 r--p 00016000 08:01 1184566                    /lib/x86_64-linux-gnu/libnsl-2.27.so
7fc8c3be7000-7fc8c3be8000 rw-p 00017000 08:01 1184566                    /lib/x86_64-linux-gnu/libnsl-2.27.so
7fc8c3be8000-7fc8c3bea000 rw-p 00000000 00:00 0 
7fc8c3bea000-7fc8c3bf5000 r-xp 00000000 08:01 1184583                    /lib/x86_64-linux-gnu/libnss_nis-2.27.so
7fc8c3bf5000-7fc8c3df4000 ---p 0000b000 08:01 1184583                    /lib/x86_64-linux-gnu/libnss_nis-2.27.so
7fc8c3df4000-7fc8c3df5000 r--p 0000a000 08:01 1184583                    /lib/x86_64-linux-gnu/libnss_nis-2.27.so
7fc8c3df5000-7fc8c3df6000 rw-p 0000b000 08:01 1184583                    /lib/x86_64-linux-gnu/libnss_nis-2.27.so
7fc8c3df6000-7fc8c3dfe000 r-xp 00000000 08:01 1184568                    /lib/x86_64-linux-gnu/libnss_compat-2.27.so
7fc8c3dfe000-7fc8c3ffe000 ---p 00008000 08:01 1184568                    /lib/x86_64-linux-gnu/libnss_compat-2.27.so
7fc8c3ffe000-7fc8c3fff000 r--p 00008000 08:01 1184568                    /lib/x86_64-linux-gnu/libnss_compat-2.27.so
7fc8c3fff000-7fc8c4000000 rw-p 00009000 08:01 1184568                    /lib/x86_64-linux-gnu/libnss_compat-2.27.so
7fc8c4000000-7fc8c462d000 rw-p 00000000 00:00 0 
7fc8c462d000-7fc8c8000000 ---p 00000000 00:00 0 
7fc8c801e000-7fc8c8023000 rw-p 00000000 00:00 0 
7fc8c8023000-7fc8c8109000 ---p 00000000 00:00 0 
7fc8c8109000-7fc8c8139000 r-xp 00000000 08:01 1989483                    /home/dmitry/Downloads/LOOM/loom/build/linux-x86_64-server-slowdebug/jdk/lib/libjava.so
7fc8c8139000-7fc8c8338000 ---p 00030000 08:01 1989483                    /home/dmitry/Downloads/LOOM/loom/build/linux-x86_64-server-slowdebug/jdk/lib/libjava.so
7fc8c8338000-7fc8c8339000 r--p 0002f000 08:01 1989483                    /home/dmitry/Downloads/LOOM/loom/build/linux-x86_64-server-slowdebug/jdk/lib/libjava.so
7fc8c8339000-7fc8c833b000 rw-p 00030000 08:01 1989483                    /home/dmitry/Downloads/LOOM/loom/build/linux-x86_64-server-slowdebug/jdk/lib/libjava.so
7fc8c833b000-7fc8c834d000 r-xp 00000000 08:01 1989472                    /home/dmitry/Downloads/LOOM/loom/build/linux-x86_64-server-slowdebug/jdk/lib/libverify.so
7fc8c834d000-7fc8c854d000 ---p 00012000 08:01 1989472                    /home/dmitry/Downloads/LOOM/loom/build/linux-x86_64-server-slowdebug/jdk/lib/libverify.so
7fc8c854d000-7fc8c854f000 r--p 00012000 08:01 1989472                    /home/dmitry/Downloads/LOOM/loom/build/linux-x86_64-server-slowdebug/jdk/lib/libverify.so
7fc8c854f000-7fc8c8550000 rw-p 00014000 08:01 1989472                    /home/dmitry/Downloads/LOOM/loom/build/linux-x86_64-server-slowdebug/jdk/lib/libverify.so
7fc8c8550000-7fc8c86ed000 r-xp 00000000 08:01 1184545                    /lib/x86_64-linux-gnu/libm-2.27.so
7fc8c86ed000-7fc8c88ec000 ---p 0019d000 08:01 1184545                    /lib/x86_64-linux-gnu/libm-2.27.so
7fc8c88ec000-7fc8c88ed000 r--p 0019c000 08:01 1184545                    /lib/x86_64-linux-gnu/libm-2.27.so
7fc8c88ed000-7fc8c88ee000 rw-p 0019d000 08:01 1184545                    /lib/x86_64-linux-gnu/libm-2.27.so
7fc8c88ee000-7fc8ca7cf000 r-xp 00000000 08:01 2135513                    /home/dmitry/Downloads/LOOM/loom/build/linux-x86_64-server-slowdebug/jdk/lib/server/libjvm.so
7fc8ca7cf000-7fc8ca9cf000 ---p 01ee1000 08:01 2135513                    /home/dmitry/Downloads/LOOM/loom/build/linux-x86_64-server-slowdebug/jdk/lib/server/libjvm.so
7fc8ca9cf000-7fc8caaca000 r--p 01ee1000 08:01 2135513                    /home/dmitry/Downloads/LOOM/loom/build/linux-x86_64-server-slowdebug/jdk/lib/server/libjvm.so
7fc8caaca000-7fc8cab0a000 rw-p 01fdc000 08:01 2135513                    /home/dmitry/Downloads/LOOM/loom/build/linux-x86_64-server-slowdebug/jdk/lib/server/libjvm.so
7fc8cab0a000-7fc8cabdd000 rw-p 00000000 00:00 0 
7fc8cabdd000-7fc8cabf7000 r-xp 00000000 08:01 1184615                    /lib/x86_64-linux-gnu/libpthread-2.27.so
7fc8cabf7000-7fc8cadf6000 ---p 0001a000 08:01 1184615                    /lib/x86_64-linux-gnu/libpthread-2.27.so
7fc8cadf6000-7fc8cadf7000 r--p 00019000 08:01 1184615                    /lib/x86_64-linux-gnu/libpthread-2.27.so
7fc8cadf7000-7fc8cadf8000 rw-p 0001a000 08:01 1184615                    /lib/x86_64-linux-gnu/libpthread-2.27.so
7fc8cadf8000-7fc8cadfc000 rw-p 00000000 00:00 0 
7fc8cadfc000-7fc8cadff000 r-xp 00000000 08:01 1184505                    /lib/x86_64-linux-gnu/libdl-2.27.so
7fc8cadff000-7fc8caffe000 ---p 00003000 08:01 1184505                    /lib/x86_64-linux-gnu/libdl-2.27.so
7fc8caffe000-7fc8cafff000 r--p 00002000 08:01 1184505                    /lib/x86_64-linux-gnu/libdl-2.27.so
7fc8cafff000-7fc8cb000000 rw-p 00003000 08:01 1184505                    /lib/x86_64-linux-gnu/libdl-2.27.so
7fc8cb000000-7fc8cb01c000 r-xp 00000000 08:01 1184654                    /lib/x86_64-linux-gnu/libz.so.1.2.11
7fc8cb01c000-7fc8cb21b000 ---p 0001c000 08:01 1184654                    /lib/x86_64-linux-gnu/libz.so.1.2.11
7fc8cb21b000-7fc8cb21c000 r--p 0001b000 08:01 1184654                    /lib/x86_64-linux-gnu/libz.so.1.2.11
7fc8cb21c000-7fc8cb21d000 rw-p 0001c000 08:01 1184654                    /lib/x86_64-linux-gnu/libz.so.1.2.11
7fc8cb21d000-7fc8cb404000 r-xp 00000000 08:01 1184482                    /lib/x86_64-linux-gnu/libc-2.27.so
7fc8cb404000-7fc8cb604000 ---p 001e7000 08:01 1184482                    /lib/x86_64-linux-gnu/libc-2.27.so
7fc8cb604000-7fc8cb608000 r--p 001e7000 08:01 1184482                    /lib/x86_64-linux-gnu/libc-2.27.so
7fc8cb608000-7fc8cb60a000 rw-p 001eb000 08:01 1184482                    /lib/x86_64-linux-gnu/libc-2.27.so
7fc8cb60a000-7fc8cb60e000 rw-p 00000000 00:00 0 
7fc8cb60e000-7fc8cb621000 r-xp 00000000 08:01 1989476                    /home/dmitry/Downloads/LOOM/loom/build/linux-x86_64-server-slowdebug/jdk/lib/libjli.so
7fc8cb621000-7fc8cb820000 ---p 00013000 08:01 1989476                    /home/dmitry/Downloads/LOOM/loom/build/linux-x86_64-server-slowdebug/jdk/lib/libjli.so
7fc8cb820000-7fc8cb821000 r--p 00012000 08:01 1989476                    /home/dmitry/Downloads/LOOM/loom/build/linux-x86_64-server-slowdebug/jdk/lib/libjli.so
7fc8cb821000-7fc8cb822000 rw-p 00013000 08:01 1989476                    /home/dmitry/Downloads/LOOM/loom/build/linux-x86_64-server-slowdebug/jdk/lib/libjli.so
7fc8cb822000-7fc8cb849000 r-xp 00000000 08:01 1184454                    /lib/x86_64-linux-gnu/ld-2.27.so
7fc8cb876000-7fc8cb929000 rw-p 00000000 00:00 0 
7fc8cb929000-7fc8cb930000 ---p 00000000 00:00 0 
7fc8cb930000-7fc8cb934000 ---p 00000000 00:00 0 
7fc8cb934000-7fc8cba33000 rw-p 00000000 00:00 0 
7fc8cba3c000-7fc8cba44000 rw-s 00000000 08:01 525055                     /tmp/hsperfdata_dmitry/27871
7fc8cba44000-7fc8cba45000 ---p 00000000 00:00 0 
7fc8cba45000-7fc8cba46000 r--p 00000000 00:00 0 
7fc8cba46000-7fc8cba47000 rwxp 00000000 00:00 0 
7fc8cba47000-7fc8cba49000 rw-p 00000000 00:00 0 
7fc8cba49000-7fc8cba4a000 r--p 00027000 08:01 1184454                    /lib/x86_64-linux-gnu/ld-2.27.so
7fc8cba4a000-7fc8cba4b000 rw-p 00028000 08:01 1184454                    /lib/x86_64-linux-gnu/ld-2.27.so
7fc8cba4b000-7fc8cba4c000 rw-p 00000000 00:00 0 
7ffd50f46000-7ffd50f69000 rw-p 00000000 00:00 0                          [stack]
7ffd50f91000-7ffd50f94000 r--p 00000000 00:00 0                          [vvar]
7ffd50f94000-7ffd50f96000 r-xp 00000000 00:00 0                          [vdso]
ffffffffff600000-ffffffffff601000 r-xp 00000000 00:00 0                  [vsyscall]


VM Arguments:
jvm_args: -Didea.launcher.port=14697 -Didea.launcher.bin.path=/home/dmitry/Downloads/idea-IC-183.5912.21/bin -Dfile.encoding=UTF-8 
java_command: com.intellij.rt.execution.application.AppMainV2 NewMain
java_class_path (initial): /home/dmitry/Downloads/LOOM/loom/build/linux-x86_64-server-slowdebug/jdk/modules/java.base:/home/dmitry/Downloads/LOOM/loom/build/linux-x86_64-server-slowdebug/jdk/modules/java.compiler:/home/dmitry/Downloads/LOOM/loom/build/linux-x86_64-server-slowdebug/jdk/modules/java.datatransfer:/home/dmitry/Downloads/LOOM/loom/build/linux-x86_64-server-slowdebug/jdk/modules/java.desktop:/home/dmitry/Downloads/LOOM/loom/build/linux-x86_64-server-slowdebug/jdk/modules/java.instrument:/home/dmitry/Downloads/LOOM/loom/build/linux-x86_64-server-slowdebug/jdk/modules/java.logging:/home/dmitry/Downloads/LOOM/loom/build/linux-x86_64-server-slowdebug/jdk/modules/java.management:/home/dmitry/Downloads/LOOM/loom/build/linux-x86_64-server-slowdebug/jdk/modules/java.management.rmi:/home/dmitry/Downloads/LOOM/loom/build/linux-x86_64-server-slowdebug/jdk/modules/java.naming:/home/dmitry/Downloads/LOOM/loom/build/linux-x86_64-server-slowdebug/jdk/modules/java.net.http:/home/dmitry/Downloads/LOOM/loom/build/linux-x86_64-server-slowdebug/jdk/modules/java.prefs:/home/dmitry/Downloads/LOOM/loom/build/linux-x86_64-server-slowdebug/jdk/modules/java.rmi:/home/dmitry/Downloads/LOOM/loom/build/linux-x86_64-server-slowdebug/jdk/modules/java.scripting:/home/dmitry/Downloads/LOOM/loom/build/linux-x86_64-server-slowdebug/jdk/modules/java.se:/home/dmitry/Downloads/LOOM/loom/build/linux-x86_64-server-slowdebug/jdk/modules/java.security.jgss:/home/dmitry/Downloads/LOOM/loom/build/linux-x86_64-server-slowdebug/jdk/modules/java.security.sasl:/home/dmitry/Downloads/LOOM/loom/build/linux-x86_64-server-slowdebug/jdk/modules/java.smartcardio:/home/dmitry/Downloads/LOOM/loom/build/linux-x86_64-server-slowdebug/jdk/modules/java.sql:/home/dmitry/Downloads/LOOM/loom/build/linux-x86_64-server-slowdebug/jdk/modules/java.sql.rowset:/home/dmitry/Downloads/LOOM/loom/build/linux-x86_64-server-slowdebug/jdk/modules/java.transaction.xa:/home/dmitry/Downloads/LOOM/loom/build/linux-x86_64-server-slo
Launcher Type: SUN_STANDARD

[Global flags]
     intx CICompilerCount                          = 3                                         {product} {ergonomic}     Number of compiler threads to run
     uint ConcGCThreads                            = 1                                         {product} {ergonomic}     Number of threads concurrent gc will use
     uint G1ConcRefinementThreads                  = 4                                         {product} {ergonomic}     The number of parallel rem set update threads. Will be set ergonomically by default.
   size_t G1HeapRegionSize                         = 1048576                                   {product} {ergonomic}     Size of the G1 regions.
    uintx GCDrainStackTargetSize                   = 64                                        {product} {ergonomic}     Number of entries we will try to leave on the stack during parallel gc
   size_t InitialHeapSize                          = 83886080                                  {product} {ergonomic}     Initial heap size (in bytes); zero means use ergonomics
   size_t MarkStackSize                            = 4194304                                   {product} {ergonomic}     Size of marking stack
   size_t MaxHeapSize                              = 1342177280                                {product} {ergonomic}     Maximum heap size (in bytes)
   size_t MaxNewSize                               = 805306368                                 {product} {ergonomic}     Maximum new generation size (in bytes), max_uintx means set ergonomically
   size_t MinHeapDeltaBytes                        = 1048576                                   {product} {ergonomic}     The minimum change in heap space due to GC (in bytes)
    uintx NonNMethodCodeHeapSize                   = 5830732                                {pd product} {ergonomic}     Size of code heap with non-nmethods (in bytes)
    uintx NonProfiledCodeHeapSize                  = 122913754                              {pd product} {ergonomic}     Size of code heap with non-profiled methods (in bytes)
    uintx ProfiledCodeHeapSize                     = 122913754                              {pd product} {ergonomic}     Size of code heap with profiled methods (in bytes)
    uintx ReservedCodeCacheSize                    = 251658240                              {pd product} {ergonomic}     Reserved code cache size (in bytes) - maximum code cache size
     bool SegmentedCodeCache                       = true                                      {product} {ergonomic}     Use a segmented code cache
     bool UseCompressedClassPointers               = true                                 {lp64_product} {ergonomic}     Use 32-bit class pointers in 64-bit VM. lp64_product means flag is always constant in 32 bit VM
     bool UseCompressedOops                        = true                                 {lp64_product} {ergonomic}     Use 32-bit object references in 64-bit VM. lp64_product means flag is always constant in 32 bit VM
     bool UseG1GC                                  = true                                      {product} {ergonomic}     Use the Garbage-First garbage collector

Logging:
Log output configuration:
 #0: stdout all=warning uptime,level,tags
 #1: stderr all=off uptime,level,tags

Environment Variables:
JAVA_HOME=/home/dmitry/usr/local/java/jdk1.8.0
PATH=/bin:/home/dmitry/Downloads/LOOM/loom/build/linux-x86_64-server-slowdebug/jdk/bin:/usr/local/sbin:/usr/local/bin:/usr/sbin:/usr/bin:/sbin:/bin:/usr/games:/usr/local/games:/snap/bin
USERNAME=dmitry
SHELL=/bin/bash
DISPLAY=:0

Signal Handlers:
SIGSEGV: [libjvm.so+0x13a978f], sa_mask[0]=11111111011111111101111111111110, sa_flags=SA_RESTART|SA_SIGINFO
SIGBUS: [libjvm.so+0x13a978f], sa_mask[0]=11111111011111111101111111111110, sa_flags=SA_RESTART|SA_SIGINFO
SIGFPE: [libjvm.so+0x13a978f], sa_mask[0]=11111111011111111101111111111110, sa_flags=SA_RESTART|SA_SIGINFO
SIGPIPE: [libjvm.so+0x107aecc], sa_mask[0]=11111111011111111101111111111110, sa_flags=SA_RESTART|SA_SIGINFO
SIGXFSZ: [libjvm.so+0x107aecc], sa_mask[0]=11111111011111111101111111111110, sa_flags=SA_RESTART|SA_SIGINFO
SIGILL: [libjvm.so+0x13a978f], sa_mask[0]=11111111011111111101111111111110, sa_flags=SA_RESTART|SA_SIGINFO
SIGUSR2: [libjvm.so+0x107a6e7], sa_mask[0]=00100000000000000000000000000000, sa_flags=SA_RESTART|SA_SIGINFO
SIGHUP: [libjvm.so+0x1076502], sa_mask[0]=11111111011111111101111111111110, sa_flags=SA_RESTART|SA_SIGINFO
SIGINT: [libjvm.so+0x1076502], sa_mask[0]=11111111011111111101111111111110, sa_flags=SA_RESTART|SA_SIGINFO
SIGTERM: [libjvm.so+0x1076502], sa_mask[0]=11111111011111111101111111111110, sa_flags=SA_RESTART|SA_SIGINFO
SIGQUIT: [libjvm.so+0x1076502], sa_mask[0]=11111111011111111101111111111110, sa_flags=SA_RESTART|SA_SIGINFO


---------------  S Y S T E M  ---------------

OS:DISTRIB_ID=Ubuntu
DISTRIB_RELEASE=18.04
DISTRIB_CODENAME=bionic
DISTRIB_DESCRIPTION="Ubuntu 18.04.2 LTS"
uname:Linux dmitry-VirtualBox 4.18.0-21-generic #22~18.04.1-Ubuntu SMP Thu May 16 15:07:19 UTC 2019 x86_64
libc:glibc 2.27 NPTL 2.27 
rlimit: STACK 8192k, CORE 0k, NPROC 20272, NOFILE 4096, AS infinity, DATA infinity, FSIZE infinity
load average:2,81 2,59 2,65

/proc/meminfo:
MemTotal:        5234988 kB
MemFree:          229612 kB
MemAvailable:    2158812 kB
Buffers:          167012 kB
Cached:          1884144 kB
SwapCached:            0 kB
Active:          3068136 kB
Inactive:        1544568 kB
Active(anon):    2045304 kB
Inactive(anon):   578596 kB
Active(file):    1022832 kB
Inactive(file):   965972 kB
Unevictable:          32 kB
Mlocked:              32 kB
SwapTotal:       2097148 kB
SwapFree:        2096624 kB
Dirty:               356 kB
Writeback:             0 kB
AnonPages:       2561676 kB
Mapped:           258840 kB
Shmem:             62352 kB
Slab:             274468 kB
SReclaimable:     231696 kB
SUnreclaim:        42772 kB
KernelStack:        9920 kB
PageTables:        35908 kB
NFS_Unstable:          0 kB
Bounce:                0 kB
WritebackTmp:          0 kB
CommitLimit:     4714640 kB
Committed_AS:    5659452 kB
VmallocTotal:   34359738367 kB
VmallocUsed:           0 kB
VmallocChunk:          0 kB
HardwareCorrupted:     0 kB
AnonHugePages:         0 kB
ShmemHugePages:        0 kB
ShmemPmdMapped:        0 kB
CmaTotal:              0 kB
CmaFree:               0 kB
HugePages_Total:       0
HugePages_Free:        0
HugePages_Rsvd:        0
HugePages_Surp:        0
Hugepagesize:       2048 kB
Hugetlb:               0 kB
DirectMap4k:      153536 kB
DirectMap2M:     5257216 kB


/proc/sys/kernel/threads-max (system-wide limit on the number of threads):
40544


/proc/sys/vm/max_map_count (maximum number of memory map areas a process may have):
65530


/proc/sys/kernel/pid_max (system-wide limit on number of process identifiers):
32768



container (cgroup) information:
container_type: cgroupv1
cpu_cpuset_cpus: 0-3
cpu_memory_nodes: 0
active_processor_count: 4
cpu_quota: no quota
cpu_period: 100000
cpu_shares: no shares
memory_limit_in_bytes: unlimited
memory_and_swap_limit_in_bytes: not supported
memory_soft_limit_in_bytes: unlimited
memory_usage_in_bytes: 4723400704
memory_max_usage_in_bytes: 2060288

KVM virtualization detected
Steal ticks since vm start: 0
Steal ticks percentage since vm start:  0,000

CPU:total 4 (initial active 4) (4 cores per cpu, 1 threads per core) family 6 model 60 stepping 3, cmov, cx8, fxsr, mmx, sse, sse2, sse3, ssse3, sse4.1, sse4.2, popcnt, avx, avx2, aes, clmul, lzcnt, tsc, tscinvbit
CPU Model and flags from /proc/cpuinfo:
model name	: Intel(R) Core(TM) i7-4700HQ CPU @ 2.40GHz
flags		: fpu vme de pse tsc msr pae mce cx8 apic sep mtrr pge mca cmov pat pse36 clflush mmx fxsr sse sse2 ht syscall nx rdtscp lm constant_tsc rep_good nopl xtopology nonstop_tsc cpuid tsc_known_freq pni pclmulqdq ssse3 cx16 pcid sse4_1 sse4_2 x2apic movbe popcnt aes xsave avx rdrand hypervisor lahf_lm abm invpcid_single pti fsgsbase avx2 invpcid flush_l1d

Memory: 4k page, physical 5234988k(229612k free), swap 2097148k(2096624k free)

vm_info: OpenJDK 64-Bit Server VM (slowdebug 13-internal+0-adhoc.dmitry.loom) for linux-amd64 JRE (13-internal+0-adhoc.dmitry.loom), built on Jun 13 2019 08:40:47 by "dmitry" with gcc 7.4.0

END.
