#
# A fatal error has been detected by the Java Runtime Environment:
#
#  SIGSEGV (0xb) at pc=0x00007fd682e2eeca, pid=2562, tid=2592
#
# JRE version: OpenJDK Runtime Environment (13.0) (build 13-internal+0-adhoc.dmitry.loom)
# Java VM: OpenJDK 64-Bit Server VM (13-internal+0-adhoc.dmitry.loom, mixed mode, tiered, compressed oops, g1 gc, linux-amd64)
# Problematic frame:
# V  [libjvm.so+0x683eca]  ContMirror::read()+0x1a
#
# Core dump will be written. Default location: Core dumps may be processed with "/usr/share/apport/apport %p %s %c %d %P" (or dumping to /home/dmitry/Downloads/LoadDetector/core.2562)
#
# If you would like to submit a bug report, please visit:
#   http://bugreport.java.com/bugreport/crash.jsp
#

---------------  S U M M A R Y ------------

Command Line: -Didea.launcher.port=21101 -Didea.launcher.bin.path=/home/dmitry/Downloads/idea-IC-183.5912.21/bin -Dfile.encoding=UTF-8 com.intellij.rt.execution.application.AppMainV2 Main

Host: Intel(R) Core(TM) i7-4700HQ CPU @ 2.40GHz, 4 cores, 4G, Ubuntu 18.04.2 LTS
Time: Wed May 15 15:09:57 2019 MSK elapsed time: 2 seconds (0d 0h 0m 2s)

---------------  T H R E A D  ---------------

Current thread (0x00007fd67c2c7800):  JavaThread "Thread-1" [_thread_in_vm, id=2592, stack(0x00007fd6520cc000,0x00007fd6521cd000)]

Stack: [0x00007fd6520cc000,0x00007fd6521cd000],  sp=0x00007fd6521c91b0,  free space=1012k
Native frames: (J=compiled Java code, A=aot compiled Java code, j=interpreted, Vv=VM code, C=native code)
V  [libjvm.so+0x683eca]  ContMirror::read()+0x1a
V  [libjvm.so+0x688b27]  Continuation::freeze0(JavaThread*, FrameInfo*, bool) [clone .part.304]+0x507
V  [libjvm.so+0x689277]  Continuation::freeze(JavaThread*, FrameInfo*)+0x127
v  ~RuntimeStub::cont_doYield
C  0x00007fd6521cb838
j  java.lang.Continuation.pause(Ljava/lang/ContinuationScope;)Z+3 java.base
j  Main.lambda$main$1(Ljava/lang/Continuation;Ljava/lang/ContinuationScope;Ljava/lang/Thread;)V+21
j  Main$$Lambda$38.run()V+12
j  java.lang.Thread.run()V+11 java.base
v  ~StubRoutines::call_stub
V  [libjvm.so+0x8bcf09]  JavaCalls::call_helper(JavaValue*, methodHandle const&, JavaCallArguments*, Thread*)+0x3c9
V  [libjvm.so+0x8baf25]  JavaCalls::call_virtual(JavaValue*, Handle, Klass*, Symbol*, Symbol*, Thread*)+0x1e5
V  [libjvm.so+0x965d9c]  thread_entry(JavaThread*, Thread*)+0x6c
V  [libjvm.so+0xf73852]  JavaThread::run()+0x232
V  [libjvm.so+0xf715cd]  Thread::call_run()+0x10d
V  [libjvm.so+0xc8b937]  thread_native_entry(Thread*)+0xe7

Java frames: (J=compiled Java code, j=interpreted, Vv=VM code)
v  ~RuntimeStub::cont_doYield
j  java.lang.Continuation.yield0(Ljava/lang/ContinuationScope;Ljava/lang/Continuation;)Z+60 java.base
j  java.lang.Continuation.pause(Ljava/lang/ContinuationScope;)Z+3 java.base
j  Main.lambda$main$1(Ljava/lang/Continuation;Ljava/lang/ContinuationScope;Ljava/lang/Thread;)V+21
j  Main$$Lambda$38.run()V+12
j  java.lang.Thread.run()V+11 java.base
v  ~StubRoutines::call_stub

siginfo: si_signo: 11 (SIGSEGV), si_code: 1 (SEGV_MAPERR), si_addr: 0x0000000000000020

Register to memory mapping:

RAX=0x0000000000000020 is an unknown value
RBX=0x00007fd6521ca550 is pointing into the stack for thread: 0x00007fd67c2c7800
RCX=0x00007fd66d013c98 is pointing into interpreter code (not bytecode specific)
RDX=0x00007fd683e29b58: <offset 0x000000000167eb58> in /home/dmitry/Downloads/LOOM/loom/build/linux-x86_64-server-release/jdk/lib/server/libjvm.so at 0x00007fd6827ab000
RSP=0x00007fd6521c91b0 is pointing into the stack for thread: 0x00007fd67c2c7800
RBP=0x00007fd6521c91c0 is pointing into the stack for thread: 0x00007fd67c2c7800
RSI=0x00007fd6521cb838 is pointing into the stack for thread: 0x00007fd67c2c7800
RDI=0x0 is NULL
R8 =0x00007fd66d000000 points into unknown readable memory: 04 00 00 00 00 00 00 00
R9 =0x000000000000000b is an unknown value
R10=0x0000000000000800 is an unknown value
R11=0x0000000000000400 is an unknown value
R12=0x00007fd63406e4e0 points into unknown readable memory: 00 00 00 00 00 00 00 00
R13=0x00007fd6521ca550 is pointing into the stack for thread: 0x00007fd67c2c7800
R14=0x00007fd67c2c3d60 points into unknown readable memory: 02 00 00 00 d6 7f 00 00
R15=0x00007fd6521cb810 is pointing into the stack for thread: 0x00007fd67c2c7800


Registers:
RAX=0x0000000000000020, RBX=0x00007fd6521ca550, RCX=0x00007fd66d013c98, RDX=0x00007fd683e29b58
RSP=0x00007fd6521c91b0, RBP=0x00007fd6521c91c0, RSI=0x00007fd6521cb838, RDI=0x0000000000000000
R8 =0x00007fd66d000000, R9 =0x000000000000000b, R10=0x0000000000000800, R11=0x0000000000000400
R12=0x00007fd63406e4e0, R13=0x00007fd6521ca550, R14=0x00007fd67c2c3d60, R15=0x00007fd6521cb810
RIP=0x00007fd682e2eeca, EFLAGS=0x0000000000010202, CSGSFS=0x002b000000000033, ERR=0x0000000000000004
  TRAPNO=0x000000000000000e

Top of Stack: (sp=0x00007fd6521c91b0)
0x00007fd6521c91b0:   00007fd66d0169b0 00007fd67c2c7800
0x00007fd6521c91c0:   00007fd6521cb7c0 00007fd682e33b27
0x00007fd6521c91d0:   00007fd67c2c7800 00007fd6521c92d0
0x00007fd6521c91e0:   0000000000000000 00007fd683e27220 

Instructions: (pc=0x00007fd682e2eeca)
0x00007fd682e2edca:   08 48 63 00 89 0c 02 48 8d 05 fc e4 fd 00 48 8b
0x00007fd682e2edda:   4b 30 48 8b 53 08 48 63 00 48 89 0c 02 48 8d 05
0x00007fd682e2edea:   de e4 fd 00 48 8b 53 08 48 8b 4b 38 48 63 00 48
0x00007fd682e2edfa:   89 0c 02 48 8d 05 c4 e4 fd 00 8b 4b 60 48 8b 53
0x00007fd682e2ee0a:   08 48 63 00 89 0c 02 48 8d 05 c8 e4 fd 00 48 8b
0x00007fd682e2ee1a:   53 08 48 8b 4b 10 48 63 00 48 89 0c 02 48 8d 05
0x00007fd682e2ee2a:   ae e4 fd 00 48 8b 4b 18 48 8b 53 08 48 63 00 48
0x00007fd682e2ee3a:   89 0c 02 48 8d 05 94 e4 fd 00 48 63 00 48 8b 53
0x00007fd682e2ee4a:   08 48 8b 4b 20 48 89 0c 02 48 8d 05 9e e4 fd 00
0x00007fd682e2ee5a:   48 8b 53 08 48 8b 4b 58 48 63 00 89 0c 02 48 8d
0x00007fd682e2ee6a:   05 51 e4 fd 00 0f b6 4b 70 48 8b 53 08 48 63 00
0x00007fd682e2ee7a:   88 0c 02 48 8d 05 70 e4 fd 00 0f b7 4b 74 48 8b
0x00007fd682e2ee8a:   53 08 48 63 00 66 89 0c 02 48 8d 05 56 e4 fd 00
0x00007fd682e2ee9a:   0f b7 4b 72 48 8b 53 08 48 63 00 66 89 0c 02 48
0x00007fd682e2eeaa:   83 c4 08 5b 5d c3 55 48 89 e5 53 48 89 fb 48 83
0x00007fd682e2eeba:   ec 08 48 8d 05 1d e4 fd 00 48 8b 7f 08 48 63 00
0x00007fd682e2eeca:   48 8b 04 38 48 89 43 10 48 8d 05 03 e4 fd 00 48
0x00007fd682e2eeda:   63 00 48 8b 04 38 48 89 43 18 48 8d 05 ed e3 fd
0x00007fd682e2eeea:   00 48 63 00 48 8b 04 38 48 89 43 20 48 8d 05 d3
0x00007fd682e2eefa:   e3 fd 00 48 63 00 8b 04 38 89 43 28 48 8d 05 c7
0x00007fd682e2ef0a:   e3 fd 00 48 63 00 48 8b 04 38 48 89 43 30 48 8d
0x00007fd682e2ef1a:   05 ad e3 fd 00 48 63 00 48 8b 04 38 48 89 43 38
0x00007fd682e2ef2a:   48 8d 05 cb e3 fd 00 48 63 30 ff 15 06 41 f7 00
0x00007fd682e2ef3a:   48 85 c0 48 89 43 40 0f 84 b9 01 00 00 48 8d 15
0x00007fd682e2ef4a:   8e c8 fd 00 80 3a 01 48 19 c9 83 e1 04 80 3a 01
0x00007fd682e2ef5a:   8b 4c 08 0c 48 19 d2 89 4b 48 83 e2 08 48 8d 44
0x00007fd682e2ef6a:   10 10 48 89 43 50 48 8d 05 81 e3 fd 00 48 8b 7b
0x00007fd682e2ef7a:   08 48 63 00 48 63 04 07 48 89 43 58 48 8d 05 5f
0x00007fd682e2ef8a:   e3 fd 00 48 63 30 ff 15 aa 40 f7 00 48 8d 15 2b
0x00007fd682e2ef9a:   e3 fd 00 48 89 43 68 48 8b 43 08 48 83 3d 83 ad
0x00007fd682e2efaa:   fb 00 00 48 63 12 8b 14 02 89 53 60 48 8d 15 03
0x00007fd682e2efba:   e3 fd 00 48 63 12 0f b6 14 02 88 53 70 48 8d 15 


Stack slot to memory mapping:
stack at sp + 0 slots: 0x00007fd66d0169b0 is at code_begin+1584 in an Interpreter codelet
invoke return entry points  [0x00007fd66d016380, 0x00007fd66d017540]  4544 bytes
stack at sp + 1 slots: 0x00007fd67c2c7800 is a thread
stack at sp + 2 slots: 0x00007fd6521cb7c0 is pointing into the stack for thread: 0x00007fd67c2c7800
stack at sp + 3 slots: 0x00007fd682e33b27: <offset 0x0000000000688b27> in /home/dmitry/Downloads/LOOM/loom/build/linux-x86_64-server-release/jdk/lib/server/libjvm.so at 0x00007fd6827ab000
stack at sp + 4 slots: 0x00007fd67c2c7800 is a thread
stack at sp + 5 slots: 0x00007fd6521c92d0 is pointing into the stack for thread: 0x00007fd67c2c7800
stack at sp + 6 slots: 0x0 is NULL
stack at sp + 7 slots: 0x00007fd683e27220: <offset 0x000000000167c220> in /home/dmitry/Downloads/LOOM/loom/build/linux-x86_64-server-release/jdk/lib/server/libjvm.so at 0x00007fd6827ab000


---------------  P R O C E S S  ---------------

Threads class SMR info:
_java_thread_list=0x00007fd6300dedb0, length=13, elements={
0x00007fd67c13b000, 0x00007fd67c13e000, 0x00007fd67c160000, 0x00007fd67c165000,
0x00007fd67c167000, 0x00007fd67c168800, 0x00007fd67c181000, 0x00007fd67c2a7800,
0x00007fd67c2be000, 0x00007fd67c2c7800, 0x00007fd67c2c9000, 0x00007fd67c016800,
0x00007fd63c001000
}

Java Threads: ( => current thread )
  0x00007fd67c13b000 JavaThread "Reference Handler" daemon [_thread_blocked, id=2577, stack(0x00007fd66821c000,0x00007fd66831d000)]
  0x00007fd67c13e000 JavaThread "Finalizer" daemon [_thread_blocked, id=2578, stack(0x00007fd66811b000,0x00007fd66821c000)]
  0x00007fd67c160000 JavaThread "Signal Dispatcher" daemon [_thread_blocked, id=2580, stack(0x00007fd66801a000,0x00007fd66811b000)]
  0x00007fd67c165000 JavaThread "C2 CompilerThread0" daemon [_thread_blocked, id=2581, stack(0x00007fd652d30000,0x00007fd652e31000)]
  0x00007fd67c167000 JavaThread "C1 CompilerThread0" daemon [_thread_blocked, id=2582, stack(0x00007fd652c2f000,0x00007fd652d30000)]
  0x00007fd67c168800 JavaThread "Sweeper thread" daemon [_thread_blocked, id=2583, stack(0x00007fd652b2e000,0x00007fd652c2f000)]
  0x00007fd67c181000 JavaThread "Common-Cleaner" daemon [_thread_blocked, id=2584, stack(0x00007fd6525d2000,0x00007fd6526d3000)]
  0x00007fd67c2a7800 JavaThread "Service Thread" daemon [_thread_blocked, id=2587, stack(0x00007fd6523d0000,0x00007fd6524d1000)]
  0x00007fd67c2be000 JavaThread "Monitor Ctrl-Break" daemon [_thread_in_native, id=2591, stack(0x00007fd6521cd000,0x00007fd6522ce000)]
=>0x00007fd67c2c7800 JavaThread "Thread-1" [_thread_in_vm, id=2592, stack(0x00007fd6520cc000,0x00007fd6521cd000)]
  0x00007fd67c2c9000 JavaThread "Thread-0" [_thread_blocked, id=2593, stack(0x00007fd651fcb000,0x00007fd6520cc000)]
  0x00007fd67c016800 JavaThread "DestroyJavaVM" [_thread_blocked, id=2564, stack(0x00007fd684baf000,0x00007fd684cb0000)]
  0x00007fd63c001000 JavaThread "Attach Listener" daemon [_thread_blocked, id=2594, stack(0x00007fd651cc7000,0x00007fd651dc8000)]

Other Threads:
  0x00007fd67c12e800 VMThread "VM Thread" [stack: 0x00007fd66831f000,0x00007fd66841f000] [id=2576]
  0x00007fd67c2ae000 WatcherThread [stack: 0x00007fd6522d0000,0x00007fd6523d0000] [id=2588]
  0x00007fd67c05a800 GCTaskThread "GC Thread#0" [stack: 0x00007fd680512000,0x00007fd680612000] [id=2565]
  0x00007fd67c064000 ConcurrentGCThread "G1 Main Marker" [stack: 0x00007fd680410000,0x00007fd680510000] [id=2566]
  0x00007fd67c066000 ConcurrentGCThread "G1 Conc#0" [stack: 0x00007fd68030e000,0x00007fd68040e000] [id=2567]
  0x00007fd67c0ba000 ConcurrentGCThread "G1 Refine#0" [stack: 0x00007fd6685ff000,0x00007fd6686ff000] [id=2568]
  0x00007fd67c0bc000 ConcurrentGCThread "G1 Young RemSet Sampling" [stack: 0x00007fd6684fd000,0x00007fd6685fd000] [id=2569]

Threads with active compile tasks:

VM state:not at safepoint (normal execution)

VM Mutex/Monitor currently owned by a thread: None

Heap address: 0x00000000b0000000, size: 1280 MB, Compressed Oops mode: 32-bit
Narrow klass base: 0x0000000000000000, Narrow klass shift: 3
Compressed class space size: 1073741824 Address: 0x0000000100000000

Heap:
 garbage-first heap   total 81920K, used 8192K [0x00000000b0000000, 0x0000000100000000)
  region size 1024K, 9 young (9216K), 0 survivors (0K)
 Metaspace       used 8216K, capacity 8387K, committed 8576K, reserved 1056768K
  class space    used 731K, capacity 794K, committed 896K, reserved 1048576K
Heap Regions: E=young(eden), S=young(survivor), O=old, HS=humongous(starts), HC=humongous(continues), CS=collection set, F=free, A=archive, TAMS=top-at-mark-start (previous, next)
|   0|0x00000000b0000000, 0x00000000b0000000, 0x00000000b0100000|  0%| F|  |TAMS 0x00000000b0000000, 0x00000000b0000000| Untracked 
|   1|0x00000000b0100000, 0x00000000b0100000, 0x00000000b0200000|  0%| F|  |TAMS 0x00000000b0100000, 0x00000000b0100000| Untracked 
|   2|0x00000000b0200000, 0x00000000b0200000, 0x00000000b0300000|  0%| F|  |TAMS 0x00000000b0200000, 0x00000000b0200000| Untracked 
|   3|0x00000000b0300000, 0x00000000b0300000, 0x00000000b0400000|  0%| F|  |TAMS 0x00000000b0300000, 0x00000000b0300000| Untracked 
|   4|0x00000000b0400000, 0x00000000b0400000, 0x00000000b0500000|  0%| F|  |TAMS 0x00000000b0400000, 0x00000000b0400000| Untracked 
|   5|0x00000000b0500000, 0x00000000b0500000, 0x00000000b0600000|  0%| F|  |TAMS 0x00000000b0500000, 0x00000000b0500000| Untracked 
|   6|0x00000000b0600000, 0x00000000b0600000, 0x00000000b0700000|  0%| F|  |TAMS 0x00000000b0600000, 0x00000000b0600000| Untracked 
|   7|0x00000000b0700000, 0x00000000b0700000, 0x00000000b0800000|  0%| F|  |TAMS 0x00000000b0700000, 0x00000000b0700000| Untracked 
|   8|0x00000000b0800000, 0x00000000b0800000, 0x00000000b0900000|  0%| F|  |TAMS 0x00000000b0800000, 0x00000000b0800000| Untracked 
|   9|0x00000000b0900000, 0x00000000b0900000, 0x00000000b0a00000|  0%| F|  |TAMS 0x00000000b0900000, 0x00000000b0900000| Untracked 
|  10|0x00000000b0a00000, 0x00000000b0a00000, 0x00000000b0b00000|  0%| F|  |TAMS 0x00000000b0a00000, 0x00000000b0a00000| Untracked 
|  11|0x00000000b0b00000, 0x00000000b0b00000, 0x00000000b0c00000|  0%| F|  |TAMS 0x00000000b0b00000, 0x00000000b0b00000| Untracked 
|  12|0x00000000b0c00000, 0x00000000b0c00000, 0x00000000b0d00000|  0%| F|  |TAMS 0x00000000b0c00000, 0x00000000b0c00000| Untracked 
|  13|0x00000000b0d00000, 0x00000000b0d00000, 0x00000000b0e00000|  0%| F|  |TAMS 0x00000000b0d00000, 0x00000000b0d00000| Untracked 
|  14|0x00000000b0e00000, 0x00000000b0e00000, 0x00000000b0f00000|  0%| F|  |TAMS 0x00000000b0e00000, 0x00000000b0e00000| Untracked 
|  15|0x00000000b0f00000, 0x00000000b0f00000, 0x00000000b1000000|  0%| F|  |TAMS 0x00000000b0f00000, 0x00000000b0f00000| Untracked 
|  16|0x00000000b1000000, 0x00000000b1000000, 0x00000000b1100000|  0%| F|  |TAMS 0x00000000b1000000, 0x00000000b1000000| Untracked 
|  17|0x00000000b1100000, 0x00000000b1100000, 0x00000000b1200000|  0%| F|  |TAMS 0x00000000b1100000, 0x00000000b1100000| Untracked 
|  18|0x00000000b1200000, 0x00000000b1200000, 0x00000000b1300000|  0%| F|  |TAMS 0x00000000b1200000, 0x00000000b1200000| Untracked 
|  19|0x00000000b1300000, 0x00000000b1300000, 0x00000000b1400000|  0%| F|  |TAMS 0x00000000b1300000, 0x00000000b1300000| Untracked 
|  20|0x00000000b1400000, 0x00000000b1400000, 0x00000000b1500000|  0%| F|  |TAMS 0x00000000b1400000, 0x00000000b1400000| Untracked 
|  21|0x00000000b1500000, 0x00000000b1500000, 0x00000000b1600000|  0%| F|  |TAMS 0x00000000b1500000, 0x00000000b1500000| Untracked 
|  22|0x00000000b1600000, 0x00000000b1600000, 0x00000000b1700000|  0%| F|  |TAMS 0x00000000b1600000, 0x00000000b1600000| Untracked 
|  23|0x00000000b1700000, 0x00000000b1700000, 0x00000000b1800000|  0%| F|  |TAMS 0x00000000b1700000, 0x00000000b1700000| Untracked 
|  24|0x00000000b1800000, 0x00000000b1800000, 0x00000000b1900000|  0%| F|  |TAMS 0x00000000b1800000, 0x00000000b1800000| Untracked 
|  25|0x00000000b1900000, 0x00000000b1900000, 0x00000000b1a00000|  0%| F|  |TAMS 0x00000000b1900000, 0x00000000b1900000| Untracked 
|  26|0x00000000b1a00000, 0x00000000b1a00000, 0x00000000b1b00000|  0%| F|  |TAMS 0x00000000b1a00000, 0x00000000b1a00000| Untracked 
|  27|0x00000000b1b00000, 0x00000000b1b00000, 0x00000000b1c00000|  0%| F|  |TAMS 0x00000000b1b00000, 0x00000000b1b00000| Untracked 
|  28|0x00000000b1c00000, 0x00000000b1c00000, 0x00000000b1d00000|  0%| F|  |TAMS 0x00000000b1c00000, 0x00000000b1c00000| Untracked 
|  29|0x00000000b1d00000, 0x00000000b1d00000, 0x00000000b1e00000|  0%| F|  |TAMS 0x00000000b1d00000, 0x00000000b1d00000| Untracked 
|  30|0x00000000b1e00000, 0x00000000b1e00000, 0x00000000b1f00000|  0%| F|  |TAMS 0x00000000b1e00000, 0x00000000b1e00000| Untracked 
|  31|0x00000000b1f00000, 0x00000000b1f00000, 0x00000000b2000000|  0%| F|  |TAMS 0x00000000b1f00000, 0x00000000b1f00000| Untracked 
|  32|0x00000000b2000000, 0x00000000b2000000, 0x00000000b2100000|  0%| F|  |TAMS 0x00000000b2000000, 0x00000000b2000000| Untracked 
|  33|0x00000000b2100000, 0x00000000b2100000, 0x00000000b2200000|  0%| F|  |TAMS 0x00000000b2100000, 0x00000000b2100000| Untracked 
|  34|0x00000000b2200000, 0x00000000b2200000, 0x00000000b2300000|  0%| F|  |TAMS 0x00000000b2200000, 0x00000000b2200000| Untracked 
|  35|0x00000000b2300000, 0x00000000b2300000, 0x00000000b2400000|  0%| F|  |TAMS 0x00000000b2300000, 0x00000000b2300000| Untracked 
|  36|0x00000000b2400000, 0x00000000b2400000, 0x00000000b2500000|  0%| F|  |TAMS 0x00000000b2400000, 0x00000000b2400000| Untracked 
|  37|0x00000000b2500000, 0x00000000b2500000, 0x00000000b2600000|  0%| F|  |TAMS 0x00000000b2500000, 0x00000000b2500000| Untracked 
|  38|0x00000000b2600000, 0x00000000b2600000, 0x00000000b2700000|  0%| F|  |TAMS 0x00000000b2600000, 0x00000000b2600000| Untracked 
|  39|0x00000000b2700000, 0x00000000b2700000, 0x00000000b2800000|  0%| F|  |TAMS 0x00000000b2700000, 0x00000000b2700000| Untracked 
|  40|0x00000000b2800000, 0x00000000b2800000, 0x00000000b2900000|  0%| F|  |TAMS 0x00000000b2800000, 0x00000000b2800000| Untracked 
|  41|0x00000000b2900000, 0x00000000b2900000, 0x00000000b2a00000|  0%| F|  |TAMS 0x00000000b2900000, 0x00000000b2900000| Untracked 
|  42|0x00000000b2a00000, 0x00000000b2a00000, 0x00000000b2b00000|  0%| F|  |TAMS 0x00000000b2a00000, 0x00000000b2a00000| Untracked 
|  43|0x00000000b2b00000, 0x00000000b2b00000, 0x00000000b2c00000|  0%| F|  |TAMS 0x00000000b2b00000, 0x00000000b2b00000| Untracked 
|  44|0x00000000b2c00000, 0x00000000b2c00000, 0x00000000b2d00000|  0%| F|  |TAMS 0x00000000b2c00000, 0x00000000b2c00000| Untracked 
|  45|0x00000000b2d00000, 0x00000000b2d00000, 0x00000000b2e00000|  0%| F|  |TAMS 0x00000000b2d00000, 0x00000000b2d00000| Untracked 
|  46|0x00000000b2e00000, 0x00000000b2e00000, 0x00000000b2f00000|  0%| F|  |TAMS 0x00000000b2e00000, 0x00000000b2e00000| Untracked 
|  47|0x00000000b2f00000, 0x00000000b2f00000, 0x00000000b3000000|  0%| F|  |TAMS 0x00000000b2f00000, 0x00000000b2f00000| Untracked 
|  48|0x00000000b3000000, 0x00000000b3000000, 0x00000000b3100000|  0%| F|  |TAMS 0x00000000b3000000, 0x00000000b3000000| Untracked 
|  49|0x00000000b3100000, 0x00000000b3100000, 0x00000000b3200000|  0%| F|  |TAMS 0x00000000b3100000, 0x00000000b3100000| Untracked 
|  50|0x00000000b3200000, 0x00000000b3200000, 0x00000000b3300000|  0%| F|  |TAMS 0x00000000b3200000, 0x00000000b3200000| Untracked 
|  51|0x00000000b3300000, 0x00000000b3300000, 0x00000000b3400000|  0%| F|  |TAMS 0x00000000b3300000, 0x00000000b3300000| Untracked 
|  52|0x00000000b3400000, 0x00000000b3400000, 0x00000000b3500000|  0%| F|  |TAMS 0x00000000b3400000, 0x00000000b3400000| Untracked 
|  53|0x00000000b3500000, 0x00000000b3500000, 0x00000000b3600000|  0%| F|  |TAMS 0x00000000b3500000, 0x00000000b3500000| Untracked 
|  54|0x00000000b3600000, 0x00000000b3600000, 0x00000000b3700000|  0%| F|  |TAMS 0x00000000b3600000, 0x00000000b3600000| Untracked 
|  55|0x00000000b3700000, 0x00000000b3700000, 0x00000000b3800000|  0%| F|  |TAMS 0x00000000b3700000, 0x00000000b3700000| Untracked 
|  56|0x00000000b3800000, 0x00000000b3800000, 0x00000000b3900000|  0%| F|  |TAMS 0x00000000b3800000, 0x00000000b3800000| Untracked 
|  57|0x00000000b3900000, 0x00000000b3900000, 0x00000000b3a00000|  0%| F|  |TAMS 0x00000000b3900000, 0x00000000b3900000| Untracked 
|  58|0x00000000b3a00000, 0x00000000b3a00000, 0x00000000b3b00000|  0%| F|  |TAMS 0x00000000b3a00000, 0x00000000b3a00000| Untracked 
|  59|0x00000000b3b00000, 0x00000000b3b00000, 0x00000000b3c00000|  0%| F|  |TAMS 0x00000000b3b00000, 0x00000000b3b00000| Untracked 
|  60|0x00000000b3c00000, 0x00000000b3c00000, 0x00000000b3d00000|  0%| F|  |TAMS 0x00000000b3c00000, 0x00000000b3c00000| Untracked 
|  61|0x00000000b3d00000, 0x00000000b3d00000, 0x00000000b3e00000|  0%| F|  |TAMS 0x00000000b3d00000, 0x00000000b3d00000| Untracked 
|  62|0x00000000b3e00000, 0x00000000b3e00000, 0x00000000b3f00000|  0%| F|  |TAMS 0x00000000b3e00000, 0x00000000b3e00000| Untracked 
|  63|0x00000000b3f00000, 0x00000000b3f00000, 0x00000000b4000000|  0%| F|  |TAMS 0x00000000b3f00000, 0x00000000b3f00000| Untracked 
|  64|0x00000000b4000000, 0x00000000b4000000, 0x00000000b4100000|  0%| F|  |TAMS 0x00000000b4000000, 0x00000000b4000000| Untracked 
|  65|0x00000000b4100000, 0x00000000b4100000, 0x00000000b4200000|  0%| F|  |TAMS 0x00000000b4100000, 0x00000000b4100000| Untracked 
|  66|0x00000000b4200000, 0x00000000b4200000, 0x00000000b4300000|  0%| F|  |TAMS 0x00000000b4200000, 0x00000000b4200000| Untracked 
|  67|0x00000000b4300000, 0x00000000b4300000, 0x00000000b4400000|  0%| F|  |TAMS 0x00000000b4300000, 0x00000000b4300000| Untracked 
|  68|0x00000000b4400000, 0x00000000b4400000, 0x00000000b4500000|  0%| F|  |TAMS 0x00000000b4400000, 0x00000000b4400000| Untracked 
|  69|0x00000000b4500000, 0x00000000b4500000, 0x00000000b4600000|  0%| F|  |TAMS 0x00000000b4500000, 0x00000000b4500000| Untracked 
|  70|0x00000000b4600000, 0x00000000b4600000, 0x00000000b4700000|  0%| F|  |TAMS 0x00000000b4600000, 0x00000000b4600000| Untracked 
|  71|0x00000000b4700000, 0x00000000b47d9e70, 0x00000000b4800000| 85%| E|  |TAMS 0x00000000b4700000, 0x00000000b4700000| Complete 
|  72|0x00000000b4800000, 0x00000000b4900000, 0x00000000b4900000|100%| E|CS|TAMS 0x00000000b4800000, 0x00000000b4800000| Complete 
|  73|0x00000000b4900000, 0x00000000b4a00000, 0x00000000b4a00000|100%| E|CS|TAMS 0x00000000b4900000, 0x00000000b4900000| Complete 
|  74|0x00000000b4a00000, 0x00000000b4b00000, 0x00000000b4b00000|100%| E|CS|TAMS 0x00000000b4a00000, 0x00000000b4a00000| Complete 
|  75|0x00000000b4b00000, 0x00000000b4c00000, 0x00000000b4c00000|100%| E|CS|TAMS 0x00000000b4b00000, 0x00000000b4b00000| Complete 
|  76|0x00000000b4c00000, 0x00000000b4d00000, 0x00000000b4d00000|100%| E|CS|TAMS 0x00000000b4c00000, 0x00000000b4c00000| Complete 
|  77|0x00000000b4d00000, 0x00000000b4e00000, 0x00000000b4e00000|100%| E|CS|TAMS 0x00000000b4d00000, 0x00000000b4d00000| Complete 
|  78|0x00000000b4e00000, 0x00000000b4f00000, 0x00000000b4f00000|100%| E|CS|TAMS 0x00000000b4e00000, 0x00000000b4e00000| Complete 
|  79|0x00000000b4f00000, 0x00000000b5000000, 0x00000000b5000000|100%| E|CS|TAMS 0x00000000b4f00000, 0x00000000b4f00000| Complete 

Card table byte_map: [0x00007fd680892000,0x00007fd680b12000] _byte_map_base: 0x00007fd680312000

Marking Bits (Prev, Next): (CMBitMap*) 0x00007fd67c05b9d8, (CMBitMap*) 0x00007fd67c05ba18
 Prev Bits: [0x00007fd66bc00000, 0x00007fd66d000000)
 Next Bits: [0x00007fd66a800000, 0x00007fd66bc00000)

Polling page: 0x00007fd684cc3000

Metaspace:

Usage:
  Non-class:      7,42 MB capacity,     7,31 MB ( 99%) used,    95,05 KB (  1%) free+waste,    12,19 KB ( <1%) overhead. 
      Class:    794,00 KB capacity,   731,23 KB ( 92%) used,    56,84 KB (  7%) free+waste,     5,94 KB ( <1%) overhead. 
       Both:      8,19 MB capacity,     8,02 MB ( 98%) used,   151,89 KB (  2%) free+waste,    18,12 KB ( <1%) overhead. 

Virtual space:
  Non-class space:        8,00 MB reserved,       7,50 MB ( 94%) committed 
      Class space:        1,00 GB reserved,     896,00 KB ( <1%) committed 
             Both:        1,01 GB reserved,       8,38 MB ( <1%) committed 

Chunk freelists:
   Non-Class:  23,00 KB
       Class:  6,00 KB
        Both:  29,00 KB

MaxMetaspaceSize: unlimited
CompressedClassSpaceSize: 1,00 GB

CodeHeap 'non-profiled nmethods': size=120032Kb used=198Kb max_used=198Kb free=119833Kb
 bounds [0x00007fd674ac8000, 0x00007fd674d38000, 0x00007fd67c000000]
CodeHeap 'profiled nmethods': size=120032Kb used=920Kb max_used=920Kb free=119111Kb
 bounds [0x00007fd66d590000, 0x00007fd66d800000, 0x00007fd674ac8000]
CodeHeap 'non-nmethods': size=5696Kb used=1117Kb max_used=1138Kb free=4578Kb
 bounds [0x00007fd66d000000, 0x00007fd66d270000, 0x00007fd66d590000]
 total_blobs=1110 nmethods=599 adapters=257
 compilation: enabled
              stopped_count=0, restarted_count=0
 full_count=0

Compilation events (10 events):
Event: 1,980 Thread 0x00007fd67c167000 nmethod 599 0x00007fd674af8e90 code [0x00007fd674af9020, 0x00007fd674af9130]
Event: 1,980 Thread 0x00007fd67c167000  600       3       java.util.LinkedHashMap::newNode (23 bytes)
Event: 1,981 Thread 0x00007fd67c167000 nmethod 600 0x00007fd66d674a90 code [0x00007fd66d674c80, 0x00007fd66d6752b0]
Event: 1,981 Thread 0x00007fd67c167000  601       3       java.util.LinkedHashMap::afterNodeInsertion (40 bytes)
Event: 1,981 Thread 0x00007fd67c167000 nmethod 601 0x00007fd66d675490 code [0x00007fd66d675640, 0x00007fd66d675890]
Event: 1,985 Thread 0x00007fd67c165000 nmethod 598 0x00007fd674af9190 code [0x00007fd674af9320, 0x00007fd674af9618]
Event: 1,986 Thread 0x00007fd67c167000  602       3       jdk.internal.misc.Unsafe::putReferenceRelease (9 bytes)
Event: 1,987 Thread 0x00007fd67c167000 nmethod 602 0x00007fd66d675990 code [0x00007fd66d675b40, 0x00007fd66d675cf0]
Event: 1,987 Thread 0x00007fd67c167000  604       3       java.util.concurrent.ConcurrentHashMap::setTabAt (20 bytes)
Event: 1,987 Thread 0x00007fd67c167000 nmethod 604 0x00007fd66d675d90 code [0x00007fd66d675f40, 0x00007fd66d676210]

GC Heap History (0 events):
No events

Deoptimization events (3 events):
Event: 0,821 Thread 0x00007fd67c016800 Uncommon trap: reason=unstable_if action=reinterpret pc=0x00007fd674ad565c method=java.io.DataInputStream.readUTF(Ljava/io/DataInput;)Ljava/lang/String; @ 31 c2
Event: 1,069 Thread 0x00007fd67c016800 Uncommon trap: reason=unstable_if action=reinterpret pc=0x00007fd674ade368 method=java.util.HashMap.putVal(ILjava/lang/Object;Ljava/lang/Object;ZZ)Ljava/lang/Object; @ 236 c2
Event: 1,362 Thread 0x00007fd67c2be000 Uncommon trap: reason=unstable_if action=reinterpret pc=0x00007fd674ae4f1c method=java.net.URI.match(CJJ)Z @ 19 c2

Classes unloaded (0 events):
No events

Classes redefined (0 events):
No events

Internal exceptions (10 events):
Event: 0,508 Thread 0x00007fd67c016800 Exception <a 'java/lang/NoSuchMethodError'{0x00000000b4c10010}: 'java.lang.Object java.lang.invoke.DirectMethodHandle$Holder.invokeInterface(java.lang.Object, java.lang.Object)'> (0x00000000b4c10010) 
thrown [/home/dmitry/Downloads/LOOM/loom/src/hotspot/share/interpreter/linkResolver.cpp, line 768]
for thread 0x00007fd67c016800
Event: 0,526 Thread 0x00007fd67c016800 Exception <a 'java/lang/NoSuchMethodError'{0x00000000b4c16bd8}: 'int java.lang.invoke.DirectMethodHandle$Holder.invokeStatic(java.lang.Object, java.lang.Object)'> (0x00000000b4c16bd8) 
thrown [/home/dmitry/Downloads/LOOM/loom/src/hotspot/share/interpreter/linkResolver.cpp, line 768]
for thread 0x00007fd67c016800
Event: 0,529 Thread 0x00007fd67c016800 Exception <a 'java/lang/NoSuchMethodError'{0x00000000b4c21218}: 'java.lang.Object java.lang.invoke.DirectMethodHandle$Holder.invokeVirtual(java.lang.Object, java.lang.Object)'> (0x00000000b4c21218) 
thrown [/home/dmitry/Downloads/LOOM/loom/src/hotspot/share/interpreter/linkResolver.cpp, line 768]
for thread 0x00007fd67c016800
Event: 0,532 Thread 0x00007fd67c016800 Exception <a 'java/lang/NoSuchMethodError'{0x00000000b4c28de0}: 'int java.lang.invoke.DirectMethodHandle$Holder.invokeSpecial(java.lang.Object, java.lang.Object)'> (0x00000000b4c28de0) 
thrown [/home/dmitry/Downloads/LOOM/loom/src/hotspot/share/interpreter/linkResolver.cpp, line 768]
for thread 0x00007fd67c016800
Event: 0,890 Thread 0x00007fd67c016800 Exception <a 'java/lang/NoSuchMethodError'{0x00000000b4ab9b60}: 'void java.lang.invoke.DirectMethodHandle$Holder.invokeStatic(java.lang.Object, java.lang.Object, java.lang.Object)'> (0x00000000b4ab9b60) 
thrown [/home/dmitry/Downloads/LOOM/loom/src/hotspot/share/interpreter/linkResolver.cpp, line 768]
for thread 0x00007fd67c016800
Event: 0,918 Thread 0x00007fd67c016800 Exception <a 'java/lang/NoSuchMethodError'{0x00000000b4ae5100}: 'java.lang.Object java.lang.invoke.Invokers$Holder.linkToTargetMethod(java.lang.Object, java.lang.Object, java.lang.Object, java.lang.Object)'> (0x00000000b4ae5100) 
thrown [/home/dmitry/Downloads/LOOM/loom/src/hotspot/share/interpreter/linkResolver.cpp, line 768]
for thread 0x00007fd67c016800
Event: 1,224 Thread 0x00007fd67c016800 Exception <a 'java/lang/NoSuchMethodError'{0x00000000b49f0398}: 'void java.lang.invoke.DirectMethodHandle$Holder.invokeStatic(java.lang.Object)'> (0x00000000b49f0398) 
thrown [/home/dmitry/Downloads/LOOM/loom/src/hotspot/share/interpreter/linkResolver.cpp, line 768]
for thread 0x00007fd67c016800
Event: 1,225 Thread 0x00007fd67c016800 Exception <a 'java/lang/NoSuchMethodError'{0x00000000b49f4be0}: 'void java.lang.invoke.DirectMethodHandle$Holder.invokeSpecial(java.lang.Object, java.lang.Object)'> (0x00000000b49f4be0) 
thrown [/home/dmitry/Downloads/LOOM/loom/src/hotspot/share/interpreter/linkResolver.cpp, line 768]
for thread 0x00007fd67c016800
Event: 1,269 Thread 0x00007fd67c2be000 Exception <a 'java/lang/NoSuchMethodError'{0x00000000b4804e20}: 'java.lang.Object java.lang.invoke.DirectMethodHandle$Holder.invokeStatic(java.lang.Object)'> (0x00000000b4804e20) 
thrown [/home/dmitry/Downloads/LOOM/loom/src/hotspot/share/interpreter/linkResolver.cpp, line 768]
for thread 0x00007fd67c2be000
Event: 1,270 Thread 0x00007fd67c2be000 Exception <a 'java/lang/NoSuchMethodError'{0x00000000b4807c38}: 'java.lang.Object java.lang.invoke.DirectMethodHandle$Holder.invokeStaticInit(java.lang.Object)'> (0x00000000b4807c38) 
thrown [/home/dmitry/Downloads/LOOM/loom/src/hotspot/share/interpreter/linkResolver.cpp, line 768]
for thread 0x00007fd67c2be000

Events (10 events):
Event: 1,972 loading class sun/util/resources/Bundles$CacheKeyReference done
Event: 1,972 loading class sun/util/resources/Bundles$BundleReference done
Event: 1,973 loading class sun/util/resources/cldr/TimeZoneNames_en
Event: 1,975 loading class sun/util/resources/cldr/TimeZoneNames_en done
Event: 1,975 loading class sun/util/resources/cldr/TimeZoneNames_en_US
Event: 1,975 loading class sun/util/resources/cldr/TimeZoneNames_en_US done
Event: 1,982 loading class java/util/LinkedHashMap$LinkedKeySet
Event: 1,982 loading class java/util/LinkedHashMap$LinkedKeySet done
Event: 1,982 loading class sun/util/locale/provider/LocaleResources$ResourceReference
Event: 1,982 loading class sun/util/locale/provider/LocaleResources$ResourceReference done


Dynamic libraries:
b0000000-b5000000 rw-p 00000000 00:00 0 
b5000000-100000000 ---p 00000000 00:00 0 
100000000-1000e0000 rw-p 00000000 00:00 0 
1000e0000-140000000 ---p 00000000 00:00 0 
5626b0e4c000-5626b0e4d000 r-xp 00000000 08:01 3809121                    /home/dmitry/Downloads/LOOM/loom/build/linux-x86_64-server-release/jdk/bin/java
5626b104d000-5626b104e000 r--p 00001000 08:01 3809121                    /home/dmitry/Downloads/LOOM/loom/build/linux-x86_64-server-release/jdk/bin/java
5626b104e000-5626b104f000 rw-p 00002000 08:01 3809121                    /home/dmitry/Downloads/LOOM/loom/build/linux-x86_64-server-release/jdk/bin/java
5626b294d000-5626b296e000 rw-p 00000000 00:00 0                          [heap]
7fd614000000-7fd614021000 rw-p 00000000 00:00 0 
7fd614021000-7fd618000000 ---p 00000000 00:00 0 
7fd618000000-7fd618045000 rw-p 00000000 00:00 0 
7fd618045000-7fd61c000000 ---p 00000000 00:00 0 
7fd61c000000-7fd61c021000 rw-p 00000000 00:00 0 
7fd61c021000-7fd620000000 ---p 00000000 00:00 0 
7fd620000000-7fd620021000 rw-p 00000000 00:00 0 
7fd620021000-7fd624000000 ---p 00000000 00:00 0 
7fd624000000-7fd624021000 rw-p 00000000 00:00 0 
7fd624021000-7fd628000000 ---p 00000000 00:00 0 
7fd628000000-7fd628021000 rw-p 00000000 00:00 0 
7fd628021000-7fd62c000000 ---p 00000000 00:00 0 
7fd62c000000-7fd62c021000 rw-p 00000000 00:00 0 
7fd62c021000-7fd630000000 ---p 00000000 00:00 0 
7fd630000000-7fd6301c7000 rw-p 00000000 00:00 0 
7fd6301c7000-7fd634000000 ---p 00000000 00:00 0 
7fd634000000-7fd63419b000 rw-p 00000000 00:00 0 
7fd63419b000-7fd638000000 ---p 00000000 00:00 0 
7fd638000000-7fd638021000 rw-p 00000000 00:00 0 
7fd638021000-7fd63c000000 ---p 00000000 00:00 0 
7fd63c000000-7fd63c021000 rw-p 00000000 00:00 0 
7fd63c021000-7fd640000000 ---p 00000000 00:00 0 
7fd640000000-7fd64027e000 rw-p 00000000 00:00 0 
7fd64027e000-7fd644000000 ---p 00000000 00:00 0 
7fd644000000-7fd644021000 rw-p 00000000 00:00 0 
7fd644021000-7fd648000000 ---p 00000000 00:00 0 
7fd648000000-7fd648021000 rw-p 00000000 00:00 0 
7fd648021000-7fd64c000000 ---p 00000000 00:00 0 
7fd64c000000-7fd64c021000 rw-p 00000000 00:00 0 
7fd64c021000-7fd650000000 ---p 00000000 00:00 0 
7fd6518cc000-7fd651cc7000 rw-p 00000000 00:00 0 
7fd651cc7000-7fd651ccb000 ---p 00000000 00:00 0 
7fd651ccb000-7fd651dc8000 rw-p 00000000 00:00 0 
7fd651dc8000-7fd651dca000 r-xp 00000000 08:01 3284806                    /home/dmitry/Downloads/LOOM/loom/build/linux-x86_64-server-release/jdk/lib/libextnet.so
7fd651dca000-7fd651fc9000 ---p 00002000 08:01 3284806                    /home/dmitry/Downloads/LOOM/loom/build/linux-x86_64-server-release/jdk/lib/libextnet.so
7fd651fc9000-7fd651fca000 r--p 00001000 08:01 3284806                    /home/dmitry/Downloads/LOOM/loom/build/linux-x86_64-server-release/jdk/lib/libextnet.so
7fd651fca000-7fd651fcb000 rw-p 00002000 08:01 3284806                    /home/dmitry/Downloads/LOOM/loom/build/linux-x86_64-server-release/jdk/lib/libextnet.so
7fd651fcb000-7fd651fcf000 ---p 00000000 00:00 0 
7fd651fcf000-7fd6520cc000 rw-p 00000000 00:00 0 
7fd6520cc000-7fd6520d0000 ---p 00000000 00:00 0 
7fd6520d0000-7fd6521cd000 rw-p 00000000 00:00 0 
7fd6521cd000-7fd6521d1000 ---p 00000000 00:00 0 
7fd6521d1000-7fd6522ce000 rw-p 00000000 00:00 0 
7fd6522ce000-7fd6522cf000 ---p 00000000 00:00 0 
7fd6522cf000-7fd6523d0000 rw-p 00000000 00:00 0 
7fd6523d0000-7fd6523d4000 ---p 00000000 00:00 0 
7fd6523d4000-7fd6524d1000 rw-p 00000000 00:00 0 
7fd6524d1000-7fd6524d5000 ---p 00000000 00:00 0 
7fd6524d5000-7fd6525d2000 rw-p 00000000 00:00 0 
7fd6525d2000-7fd6525d6000 ---p 00000000 00:00 0 
7fd6525d6000-7fd652704000 rw-p 00000000 00:00 0 
7fd652704000-7fd65271a000 r-xp 00000000 08:01 3284773                    /home/dmitry/Downloads/LOOM/loom/build/linux-x86_64-server-release/jdk/lib/libnet.so
7fd65271a000-7fd65291a000 ---p 00016000 08:01 3284773                    /home/dmitry/Downloads/LOOM/loom/build/linux-x86_64-server-release/jdk/lib/libnet.so
7fd65291a000-7fd65291b000 r--p 00016000 08:01 3284773                    /home/dmitry/Downloads/LOOM/loom/build/linux-x86_64-server-release/jdk/lib/libnet.so
7fd65291b000-7fd65291c000 rw-p 00017000 08:01 3284773                    /home/dmitry/Downloads/LOOM/loom/build/linux-x86_64-server-release/jdk/lib/libnet.so
7fd65291c000-7fd65292d000 r-xp 00000000 08:01 3284778                    /home/dmitry/Downloads/LOOM/loom/build/linux-x86_64-server-release/jdk/lib/libnio.so
7fd65292d000-7fd652b2c000 ---p 00011000 08:01 3284778                    /home/dmitry/Downloads/LOOM/loom/build/linux-x86_64-server-release/jdk/lib/libnio.so
7fd652b2c000-7fd652b2d000 r--p 00010000 08:01 3284778                    /home/dmitry/Downloads/LOOM/loom/build/linux-x86_64-server-release/jdk/lib/libnio.so
7fd652b2d000-7fd652b2e000 rw-p 00011000 08:01 3284778                    /home/dmitry/Downloads/LOOM/loom/build/linux-x86_64-server-release/jdk/lib/libnio.so
7fd652b2e000-7fd652b32000 ---p 00000000 00:00 0 
7fd652b32000-7fd652c2f000 rw-p 00000000 00:00 0 
7fd652c2f000-7fd652c33000 ---p 00000000 00:00 0 
7fd652c33000-7fd652d30000 rw-p 00000000 00:00 0 
7fd652d30000-7fd652d34000 ---p 00000000 00:00 0 
7fd652d34000-7fd652e31000 rw-p 00000000 00:00 0 
7fd652e31000-7fd653800000 r--p 00000000 08:01 10230401                   /usr/lib/locale/locale-archive
7fd653800000-7fd653f80000 rw-p 00000000 00:00 0 
7fd653f80000-7fd654000000 ---p 00000000 00:00 0 
7fd654000000-7fd654021000 rw-p 00000000 00:00 0 
7fd654021000-7fd658000000 ---p 00000000 00:00 0 
7fd658000000-7fd658021000 rw-p 00000000 00:00 0 
7fd658021000-7fd65c000000 ---p 00000000 00:00 0 
7fd65c000000-7fd65c021000 rw-p 00000000 00:00 0 
7fd65c021000-7fd660000000 ---p 00000000 00:00 0 
7fd660000000-7fd660021000 rw-p 00000000 00:00 0 
7fd660021000-7fd664000000 ---p 00000000 00:00 0 
7fd664000000-7fd664021000 rw-p 00000000 00:00 0 
7fd664021000-7fd668000000 ---p 00000000 00:00 0 
7fd66801a000-7fd66801e000 ---p 00000000 00:00 0 
7fd66801e000-7fd66811b000 rw-p 00000000 00:00 0 
7fd66811b000-7fd66811f000 ---p 00000000 00:00 0 
7fd66811f000-7fd66821c000 rw-p 00000000 00:00 0 
7fd66821c000-7fd668220000 ---p 00000000 00:00 0 
7fd668220000-7fd66831d000 rw-p 00000000 00:00 0 
7fd66831d000-7fd66831e000 ---p 00000000 00:00 0 
7fd66831e000-7fd6684fb000 rw-p 00000000 00:00 0 
7fd6684fb000-7fd6684fc000 ---p 00000000 00:00 0 
7fd6684fc000-7fd6685fd000 rw-p 00000000 00:00 0 
7fd6685fd000-7fd6685fe000 ---p 00000000 00:00 0 
7fd6685fe000-7fd66a940000 rw-p 00000000 00:00 0 
7fd66a940000-7fd66bc00000 ---p 00000000 00:00 0 
7fd66bc00000-7fd66bd40000 rw-p 00000000 00:00 0 
7fd66bd40000-7fd66d000000 ---p 00000000 00:00 0 
7fd66d000000-7fd66d270000 rwxp 00000000 00:00 0 
7fd66d270000-7fd66d590000 ---p 00000000 00:00 0 
7fd66d590000-7fd66d800000 rwxp 00000000 00:00 0 
7fd66d800000-7fd674ac8000 ---p 00000000 00:00 0 
7fd674ac8000-7fd674d38000 rwxp 00000000 00:00 0 
7fd674d38000-7fd67c000000 ---p 00000000 00:00 0 
7fd67c000000-7fd67c2cd000 rw-p 00000000 00:00 0 
7fd67c2cd000-7fd680000000 ---p 00000000 00:00 0 
7fd680009000-7fd68030c000 rw-p 00000000 00:00 0 
7fd68030c000-7fd68030d000 ---p 00000000 00:00 0 
7fd68030d000-7fd68040e000 rw-p 00000000 00:00 0 
7fd68040e000-7fd68040f000 ---p 00000000 00:00 0 
7fd68040f000-7fd680510000 rw-p 00000000 00:00 0 
7fd680510000-7fd680511000 ---p 00000000 00:00 0 
7fd680511000-7fd68063a000 rw-p 00000000 00:00 0 
7fd68063a000-7fd680892000 ---p 00000000 00:00 0 
7fd680892000-7fd6808ba000 rw-p 00000000 00:00 0 
7fd6808ba000-7fd680b12000 ---p 00000000 00:00 0 
7fd680b12000-7fd680b3a000 rw-p 00000000 00:00 0 
7fd680b3a000-7fd680d92000 ---p 00000000 00:00 0 
7fd680d92000-7fd68119b000 rw-p 00000000 00:00 0 
7fd68119b000-7fd681281000 ---p 00000000 00:00 0 
7fd681281000-7fd681286000 rw-p 00000000 00:00 0 
7fd681286000-7fd68136c000 ---p 00000000 00:00 0 
7fd68136c000-7fd681387000 r-xp 00000000 08:01 3284776                    /home/dmitry/Downloads/LOOM/loom/build/linux-x86_64-server-release/jdk/lib/libjimage.so
7fd681387000-7fd681586000 ---p 0001b000 08:01 3284776                    /home/dmitry/Downloads/LOOM/loom/build/linux-x86_64-server-release/jdk/lib/libjimage.so
7fd681586000-7fd681588000 r--p 0001a000 08:01 3284776                    /home/dmitry/Downloads/LOOM/loom/build/linux-x86_64-server-release/jdk/lib/libjimage.so
7fd681588000-7fd681589000 rw-p 0001c000 08:01 3284776                    /home/dmitry/Downloads/LOOM/loom/build/linux-x86_64-server-release/jdk/lib/libjimage.so
7fd681589000-7fd681590000 r-xp 00000000 08:01 3284771                    /home/dmitry/Downloads/LOOM/loom/build/linux-x86_64-server-release/jdk/lib/libzip.so
7fd681590000-7fd68178f000 ---p 00007000 08:01 3284771                    /home/dmitry/Downloads/LOOM/loom/build/linux-x86_64-server-release/jdk/lib/libzip.so
7fd68178f000-7fd681790000 r--p 00006000 08:01 3284771                    /home/dmitry/Downloads/LOOM/loom/build/linux-x86_64-server-release/jdk/lib/libzip.so
7fd681790000-7fd681791000 rw-p 00007000 08:01 3284771                    /home/dmitry/Downloads/LOOM/loom/build/linux-x86_64-server-release/jdk/lib/libzip.so
7fd681791000-7fd68179c000 r-xp 00000000 08:01 1184572                    /lib/x86_64-linux-gnu/libnss_files-2.27.so
7fd68179c000-7fd68199b000 ---p 0000b000 08:01 1184572                    /lib/x86_64-linux-gnu/libnss_files-2.27.so
7fd68199b000-7fd68199c000 r--p 0000a000 08:01 1184572                    /lib/x86_64-linux-gnu/libnss_files-2.27.so
7fd68199c000-7fd68199d000 rw-p 0000b000 08:01 1184572                    /lib/x86_64-linux-gnu/libnss_files-2.27.so
7fd68199d000-7fd6819a3000 rw-p 00000000 00:00 0 
7fd6819a3000-7fd6819ba000 r-xp 00000000 08:01 1184566                    /lib/x86_64-linux-gnu/libnsl-2.27.so
7fd6819ba000-7fd681bb9000 ---p 00017000 08:01 1184566                    /lib/x86_64-linux-gnu/libnsl-2.27.so
7fd681bb9000-7fd681bba000 r--p 00016000 08:01 1184566                    /lib/x86_64-linux-gnu/libnsl-2.27.so
7fd681bba000-7fd681bbb000 rw-p 00017000 08:01 1184566                    /lib/x86_64-linux-gnu/libnsl-2.27.so
7fd681bbb000-7fd681bbd000 rw-p 00000000 00:00 0 
7fd681bbd000-7fd681bc8000 r-xp 00000000 08:01 1184583                    /lib/x86_64-linux-gnu/libnss_nis-2.27.so
7fd681bc8000-7fd681dc7000 ---p 0000b000 08:01 1184583                    /lib/x86_64-linux-gnu/libnss_nis-2.27.so
7fd681dc7000-7fd681dc8000 r--p 0000a000 08:01 1184583                    /lib/x86_64-linux-gnu/libnss_nis-2.27.so
7fd681dc8000-7fd681dc9000 rw-p 0000b000 08:01 1184583                    /lib/x86_64-linux-gnu/libnss_nis-2.27.so
7fd681dc9000-7fd681dd1000 r-xp 00000000 08:01 1184568                    /lib/x86_64-linux-gnu/libnss_compat-2.27.so
7fd681dd1000-7fd681fd1000 ---p 00008000 08:01 1184568                    /lib/x86_64-linux-gnu/libnss_compat-2.27.so
7fd681fd1000-7fd681fd2000 r--p 00008000 08:01 1184568                    /lib/x86_64-linux-gnu/libnss_compat-2.27.so
7fd681fd2000-7fd681fd3000 rw-p 00009000 08:01 1184568                    /lib/x86_64-linux-gnu/libnss_compat-2.27.so
7fd681fd3000-7fd681ffc000 r-xp 00000000 08:01 3284770                    /home/dmitry/Downloads/LOOM/loom/build/linux-x86_64-server-release/jdk/lib/libjava.so
7fd681ffc000-7fd6821fb000 ---p 00029000 08:01 3284770                    /home/dmitry/Downloads/LOOM/loom/build/linux-x86_64-server-release/jdk/lib/libjava.so
7fd6821fb000-7fd6821fc000 r--p 00028000 08:01 3284770                    /home/dmitry/Downloads/LOOM/loom/build/linux-x86_64-server-release/jdk/lib/libjava.so
7fd6821fc000-7fd6821fe000 rw-p 00029000 08:01 3284770                    /home/dmitry/Downloads/LOOM/loom/build/linux-x86_64-server-release/jdk/lib/libjava.so
7fd6821fe000-7fd68220b000 r-xp 00000000 08:01 3284763                    /home/dmitry/Downloads/LOOM/loom/build/linux-x86_64-server-release/jdk/lib/libverify.so
7fd68220b000-7fd68240a000 ---p 0000d000 08:01 3284763                    /home/dmitry/Downloads/LOOM/loom/build/linux-x86_64-server-release/jdk/lib/libverify.so
7fd68240a000-7fd68240c000 r--p 0000c000 08:01 3284763                    /home/dmitry/Downloads/LOOM/loom/build/linux-x86_64-server-release/jdk/lib/libverify.so
7fd68240c000-7fd68240d000 rw-p 0000e000 08:01 3284763                    /home/dmitry/Downloads/LOOM/loom/build/linux-x86_64-server-release/jdk/lib/libverify.so
7fd68240d000-7fd6825aa000 r-xp 00000000 08:01 1184545                    /lib/x86_64-linux-gnu/libm-2.27.so
7fd6825aa000-7fd6827a9000 ---p 0019d000 08:01 1184545                    /lib/x86_64-linux-gnu/libm-2.27.so
7fd6827a9000-7fd6827aa000 r--p 0019c000 08:01 1184545                    /lib/x86_64-linux-gnu/libm-2.27.so
7fd6827aa000-7fd6827ab000 rw-p 0019d000 08:01 1184545                    /lib/x86_64-linux-gnu/libm-2.27.so
7fd6827ab000-7fd683ad7000 r-xp 00000000 08:01 3284761                    /home/dmitry/Downloads/LOOM/loom/build/linux-x86_64-server-release/jdk/lib/server/libjvm.so
7fd683ad7000-7fd683cd6000 ---p 0132c000 08:01 3284761                    /home/dmitry/Downloads/LOOM/loom/build/linux-x86_64-server-release/jdk/lib/server/libjvm.so
7fd683cd6000-7fd683d9e000 r--p 0132b000 08:01 3284761                    /home/dmitry/Downloads/LOOM/loom/build/linux-x86_64-server-release/jdk/lib/server/libjvm.so
7fd683d9e000-7fd683dd9000 rw-p 013f3000 08:01 3284761                    /home/dmitry/Downloads/LOOM/loom/build/linux-x86_64-server-release/jdk/lib/server/libjvm.so
7fd683dd9000-7fd683e5f000 rw-p 00000000 00:00 0 
7fd683e5f000-7fd683e79000 r-xp 00000000 08:01 1184615                    /lib/x86_64-linux-gnu/libpthread-2.27.so
7fd683e79000-7fd684078000 ---p 0001a000 08:01 1184615                    /lib/x86_64-linux-gnu/libpthread-2.27.so
7fd684078000-7fd684079000 r--p 00019000 08:01 1184615                    /lib/x86_64-linux-gnu/libpthread-2.27.so
7fd684079000-7fd68407a000 rw-p 0001a000 08:01 1184615                    /lib/x86_64-linux-gnu/libpthread-2.27.so
7fd68407a000-7fd68407e000 rw-p 00000000 00:00 0 
7fd68407e000-7fd684081000 r-xp 00000000 08:01 1184505                    /lib/x86_64-linux-gnu/libdl-2.27.so
7fd684081000-7fd684280000 ---p 00003000 08:01 1184505                    /lib/x86_64-linux-gnu/libdl-2.27.so
7fd684280000-7fd684281000 r--p 00002000 08:01 1184505                    /lib/x86_64-linux-gnu/libdl-2.27.so
7fd684281000-7fd684282000 rw-p 00003000 08:01 1184505                    /lib/x86_64-linux-gnu/libdl-2.27.so
7fd684282000-7fd68429e000 r-xp 00000000 08:01 1184654                    /lib/x86_64-linux-gnu/libz.so.1.2.11
7fd68429e000-7fd68449d000 ---p 0001c000 08:01 1184654                    /lib/x86_64-linux-gnu/libz.so.1.2.11
7fd68449d000-7fd68449e000 r--p 0001b000 08:01 1184654                    /lib/x86_64-linux-gnu/libz.so.1.2.11
7fd68449e000-7fd68449f000 rw-p 0001c000 08:01 1184654                    /lib/x86_64-linux-gnu/libz.so.1.2.11
7fd68449f000-7fd684686000 r-xp 00000000 08:01 1184482                    /lib/x86_64-linux-gnu/libc-2.27.so
7fd684686000-7fd684886000 ---p 001e7000 08:01 1184482                    /lib/x86_64-linux-gnu/libc-2.27.so
7fd684886000-7fd68488a000 r--p 001e7000 08:01 1184482                    /lib/x86_64-linux-gnu/libc-2.27.so
7fd68488a000-7fd68488c000 rw-p 001eb000 08:01 1184482                    /lib/x86_64-linux-gnu/libc-2.27.so
7fd68488c000-7fd684890000 rw-p 00000000 00:00 0 
7fd684890000-7fd6848a0000 r-xp 00000000 08:01 3284765                    /home/dmitry/Downloads/LOOM/loom/build/linux-x86_64-server-release/jdk/lib/libjli.so
7fd6848a0000-7fd684a9f000 ---p 00010000 08:01 3284765                    /home/dmitry/Downloads/LOOM/loom/build/linux-x86_64-server-release/jdk/lib/libjli.so
7fd684a9f000-7fd684aa0000 r--p 0000f000 08:01 3284765                    /home/dmitry/Downloads/LOOM/loom/build/linux-x86_64-server-release/jdk/lib/libjli.so
7fd684aa0000-7fd684aa1000 rw-p 00010000 08:01 3284765                    /home/dmitry/Downloads/LOOM/loom/build/linux-x86_64-server-release/jdk/lib/libjli.so
7fd684aa1000-7fd684ac8000 r-xp 00000000 08:01 1184454                    /lib/x86_64-linux-gnu/ld-2.27.so
7fd684af5000-7fd684ba8000 rw-p 00000000 00:00 0 
7fd684ba8000-7fd684baf000 ---p 00000000 00:00 0 
7fd684baf000-7fd684bb3000 ---p 00000000 00:00 0 
7fd684bb3000-7fd684cb2000 rw-p 00000000 00:00 0 
7fd684cbb000-7fd684cc3000 rw-s 00000000 08:01 524312                     /tmp/hsperfdata_dmitry/2562
7fd684cc3000-7fd684cc4000 ---p 00000000 00:00 0 
7fd684cc4000-7fd684cc5000 r--p 00000000 00:00 0 
7fd684cc5000-7fd684cc6000 ---p 00000000 00:00 0 
7fd684cc6000-7fd684cc8000 rw-p 00000000 00:00 0 
7fd684cc8000-7fd684cc9000 r--p 00027000 08:01 1184454                    /lib/x86_64-linux-gnu/ld-2.27.so
7fd684cc9000-7fd684cca000 rw-p 00028000 08:01 1184454                    /lib/x86_64-linux-gnu/ld-2.27.so
7fd684cca000-7fd684ccb000 rw-p 00000000 00:00 0 
7ffd6d334000-7ffd6d357000 rw-p 00000000 00:00 0                          [stack]
7ffd6d3f0000-7ffd6d3f3000 r--p 00000000 00:00 0                          [vvar]
7ffd6d3f3000-7ffd6d3f5000 r-xp 00000000 00:00 0                          [vdso]
ffffffffff600000-ffffffffff601000 r-xp 00000000 00:00 0                  [vsyscall]


VM Arguments:
jvm_args: -Didea.launcher.port=21101 -Didea.launcher.bin.path=/home/dmitry/Downloads/idea-IC-183.5912.21/bin -Dfile.encoding=UTF-8 
java_command: com.intellij.rt.execution.application.AppMainV2 Main
java_class_path (initial): /home/dmitry/Downloads/LOOM/loom/build/linux-x86_64-server-release/jdk/modules/java.base:/home/dmitry/Downloads/LOOM/loom/build/linux-x86_64-server-release/jdk/modules/java.compiler:/home/dmitry/Downloads/LOOM/loom/build/linux-x86_64-server-release/jdk/modules/java.datatransfer:/home/dmitry/Downloads/LOOM/loom/build/linux-x86_64-server-release/jdk/modules/java.desktop:/home/dmitry/Downloads/LOOM/loom/build/linux-x86_64-server-release/jdk/modules/java.instrument:/home/dmitry/Downloads/LOOM/loom/build/linux-x86_64-server-release/jdk/modules/java.logging:/home/dmitry/Downloads/LOOM/loom/build/linux-x86_64-server-release/jdk/modules/java.management:/home/dmitry/Downloads/LOOM/loom/build/linux-x86_64-server-release/jdk/modules/java.management.rmi:/home/dmitry/Downloads/LOOM/loom/build/linux-x86_64-server-release/jdk/modules/java.naming:/home/dmitry/Downloads/LOOM/loom/build/linux-x86_64-server-release/jdk/modules/java.net.http:/home/dmitry/Downloads/LOOM/loom/build/linux-x86_64-server-release/jdk/modules/java.prefs:/home/dmitry/Downloads/LOOM/loom/build/linux-x86_64-server-release/jdk/modules/java.rmi:/home/dmitry/Downloads/LOOM/loom/build/linux-x86_64-server-release/jdk/modules/java.scripting:/home/dmitry/Downloads/LOOM/loom/build/linux-x86_64-server-release/jdk/modules/java.se:/home/dmitry/Downloads/LOOM/loom/build/linux-x86_64-server-release/jdk/modules/java.security.jgss:/home/dmitry/Downloads/LOOM/loom/build/linux-x86_64-server-release/jdk/modules/java.security.sasl:/home/dmitry/Downloads/LOOM/loom/build/linux-x86_64-server-release/jdk/modules/java.smartcardio:/home/dmitry/Downloads/LOOM/loom/build/linux-x86_64-server-release/jdk/modules/java.sql:/home/dmitry/Downloads/LOOM/loom/build/linux-x86_64-server-release/jdk/modules/java.sql.rowset:/home/dmitry/Downloads/LOOM/loom/build/linux-x86_64-server-release/jdk/modules/java.transaction.xa:/home/dmitry/Downloads/LOOM/loom/build/linux-x86_64-server-release/jdk/modules/java.xml:/home/dmitry/D
Launcher Type: SUN_STANDARD

[Global flags]
     intx CICompilerCount                          = 3                                         {product} {ergonomic}
     uint ConcGCThreads                            = 1                                         {product} {ergonomic}
     uint G1ConcRefinementThreads                  = 4                                         {product} {ergonomic}
   size_t G1HeapRegionSize                         = 1048576                                   {product} {ergonomic}
    uintx GCDrainStackTargetSize                   = 64                                        {product} {ergonomic}
   size_t InitialHeapSize                          = 83886080                                  {product} {ergonomic}
   size_t MarkStackSize                            = 4194304                                   {product} {ergonomic}
   size_t MaxHeapSize                              = 1342177280                                {product} {ergonomic}
   size_t MaxNewSize                               = 805306368                                 {product} {ergonomic}
   size_t MinHeapDeltaBytes                        = 1048576                                   {product} {ergonomic}
    uintx NonNMethodCodeHeapSize                   = 5830732                                {pd product} {ergonomic}
    uintx NonProfiledCodeHeapSize                  = 122913754                              {pd product} {ergonomic}
    uintx ProfiledCodeHeapSize                     = 122913754                              {pd product} {ergonomic}
    uintx ReservedCodeCacheSize                    = 251658240                              {pd product} {ergonomic}
     bool SegmentedCodeCache                       = true                                      {product} {ergonomic}
     bool UseCompressedClassPointers               = true                                 {lp64_product} {ergonomic}
     bool UseCompressedOops                        = true                                 {lp64_product} {ergonomic}
     bool UseG1GC                                  = true                                      {product} {ergonomic}

Logging:
Log output configuration:
 #0: stdout all=warning uptime,level,tags
 #1: stderr all=off uptime,level,tags

Environment Variables:
JAVA_HOME=/home/dmitry/usr/local/java/jdk1.8.0
PATH=/bin:/bin:/usr/local/sbin:/usr/local/bin:/usr/sbin:/usr/bin:/sbin:/bin:/usr/games:/usr/local/games:/snap/bin
USERNAME=dmitry
SHELL=/bin/bash
DISPLAY=:0

Signal Handlers:
SIGSEGV: [libjvm.so+0xfe38e0], sa_mask[0]=11111111011111111101111111111110, sa_flags=SA_RESTART|SA_SIGINFO
SIGBUS: [libjvm.so+0xfe38e0], sa_mask[0]=11111111011111111101111111111110, sa_flags=SA_RESTART|SA_SIGINFO
SIGFPE: [libjvm.so+0xfe38e0], sa_mask[0]=11111111011111111101111111111110, sa_flags=SA_RESTART|SA_SIGINFO
SIGPIPE: [libjvm.so+0xc81160], sa_mask[0]=11111111011111111101111111111110, sa_flags=SA_RESTART|SA_SIGINFO
SIGXFSZ: [libjvm.so+0xc81160], sa_mask[0]=11111111011111111101111111111110, sa_flags=SA_RESTART|SA_SIGINFO
SIGILL: [libjvm.so+0xfe38e0], sa_mask[0]=11111111011111111101111111111110, sa_flags=SA_RESTART|SA_SIGINFO
SIGUSR2: [libjvm.so+0xc81000], sa_mask[0]=00100000000000000000000000000000, sa_flags=SA_RESTART|SA_SIGINFO
SIGHUP: [libjvm.so+0xc81600], sa_mask[0]=11111111011111111101111111111110, sa_flags=SA_RESTART|SA_SIGINFO
SIGINT: [libjvm.so+0xc81600], sa_mask[0]=11111111011111111101111111111110, sa_flags=SA_RESTART|SA_SIGINFO
SIGTERM: [libjvm.so+0xc81600], sa_mask[0]=11111111011111111101111111111110, sa_flags=SA_RESTART|SA_SIGINFO
SIGQUIT: [libjvm.so+0xc81600], sa_mask[0]=11111111011111111101111111111110, sa_flags=SA_RESTART|SA_SIGINFO


---------------  S Y S T E M  ---------------

OS:DISTRIB_ID=Ubuntu
DISTRIB_RELEASE=18.04
DISTRIB_CODENAME=bionic
DISTRIB_DESCRIPTION="Ubuntu 18.04.2 LTS"
uname:Linux 4.18.0-18-generic #19~18.04.1-Ubuntu SMP Fri Apr 5 10:22:13 UTC 2019 x86_64
libc:glibc 2.27 NPTL 2.27 
rlimit: STACK 8192k, CORE 0k, NPROC 20276, NOFILE 4096, AS infinity, DATA infinity, FSIZE infinity
load average:2,29 2,22 1,17

/proc/meminfo:
MemTotal:        5234984 kB
MemFree:         1745272 kB
MemAvailable:    3116340 kB
Buffers:           96656 kB
Cached:          1461740 kB
SwapCached:            0 kB
Active:          2156820 kB
Inactive:        1069000 kB
Active(anon):    1668340 kB
Inactive(anon):    40348 kB
Active(file):     488480 kB
Inactive(file):  1028652 kB
Unevictable:          32 kB
Mlocked:              32 kB
SwapTotal:       2097148 kB
SwapFree:        2097148 kB
Dirty:             10760 kB
Writeback:             0 kB
AnonPages:       1667576 kB
Mapped:           299792 kB
Shmem:             41268 kB
Slab:             159868 kB
SReclaimable:     121056 kB
SUnreclaim:        38812 kB
KernelStack:        9280 kB
PageTables:        33304 kB
NFS_Unstable:          0 kB
Bounce:                0 kB
WritebackTmp:          0 kB
CommitLimit:     4714640 kB
Committed_AS:    4865936 kB
VmallocTotal:   34359738367 kB
VmallocUsed:           0 kB
VmallocChunk:          0 kB
HardwareCorrupted:     0 kB
AnonHugePages:         0 kB
ShmemHugePages:        0 kB
ShmemPmdMapped:        0 kB
CmaTotal:              0 kB
CmaFree:               0 kB
HugePages_Total:       0
HugePages_Free:        0
HugePages_Rsvd:        0
HugePages_Surp:        0
Hugepagesize:       2048 kB
Hugetlb:               0 kB
DirectMap4k:      124864 kB
DirectMap2M:     5285888 kB


/proc/sys/kernel/threads-max (system-wide limit on the number of threads):
40552


/proc/sys/vm/max_map_count (maximum number of memory map areas a process may have):
65530


/proc/sys/kernel/pid_max (system-wide limit on number of process identifiers):
32768



container (cgroup) information:
container_type: cgroupv1
cpu_cpuset_cpus: 0-3
cpu_memory_nodes: 0
active_processor_count: 4
cpu_quota: no quota
cpu_period: 100000
cpu_shares: no shares
memory_limit_in_bytes: unlimited
memory_and_swap_limit_in_bytes: not supported
memory_soft_limit_in_bytes: unlimited
memory_usage_in_bytes: 3303100416
memory_max_usage_in_bytes: unlimited

KVM virtualization detected
Steal ticks since vm start: 0
Steal ticks percentage since vm start:  0,000

CPU:total 4 (initial active 4) (4 cores per cpu, 1 threads per core) family 6 model 60 stepping 3, cmov, cx8, fxsr, mmx, sse, sse2, sse3, ssse3, sse4.1, sse4.2, popcnt, avx, avx2, aes, clmul, lzcnt, tsc, tscinvbit
CPU Model and flags from /proc/cpuinfo:
model name	: Intel(R) Core(TM) i7-4700HQ CPU @ 2.40GHz
flags		: fpu vme de pse tsc msr pae mce cx8 apic sep mtrr pge mca cmov pat pse36 clflush mmx fxsr sse sse2 ht syscall nx rdtscp lm constant_tsc rep_good nopl xtopology nonstop_tsc cpuid tsc_known_freq pni pclmulqdq ssse3 cx16 pcid sse4_1 sse4_2 x2apic movbe popcnt aes xsave avx rdrand hypervisor lahf_lm abm invpcid_single pti fsgsbase avx2 invpcid flush_l1d

Memory: 4k page, physical 5234984k(1745272k free), swap 2097148k(2097148k free)

vm_info: OpenJDK 64-Bit Server VM (13-internal+0-adhoc.dmitry.loom) for linux-amd64 JRE (13-internal+0-adhoc.dmitry.loom), built on May 15 2019 03:47:32 by "dmitry" with gcc 7.4.0

END.
