#
# A fatal error has been detected by the Java Runtime Environment:
#
#  Internal Error (/home/dmitry/Downloads/LOOM/loom/src/hotspot/cpu/x86/frame_x86.cpp:664), pid=27801, tid=27837
#  assert(Thread::current() == (Thread*)thread) failed: not current thread
#
# JRE version: OpenJDK Runtime Environment (13.0) (slowdebug build 13-internal+0-adhoc.dmitry.loom)
# Java VM: OpenJDK 64-Bit Server VM (slowdebug 13-internal+0-adhoc.dmitry.loom, mixed mode, tiered, compressed oops, g1 gc, linux-amd64)
# Problematic frame:
# V  [libjvm.so+0xa1f2fe]  JavaFrameAnchor::make_walkable(JavaThread*)+0x58
#
# Core dump will be written. Default location: Core dumps may be processed with "/usr/share/apport/apport %p %s %c %d %P" (or dumping to /home/dmitry/Downloads/LoadDetector/core.27801)
#
# If you would like to submit a bug report, please visit:
#   http://bugreport.java.com/bugreport/crash.jsp
#

---------------  S U M M A R Y ------------

Command Line: -Didea.launcher.port=15233 -Didea.launcher.bin.path=/home/dmitry/Downloads/idea-IC-183.5912.21/bin -Dfile.encoding=UTF-8 com.intellij.rt.execution.application.AppMainV2 NewMain

Host: dmitry-VirtualBox, Intel(R) Core(TM) i7-4700HQ CPU @ 2.40GHz, 4 cores, 4G, Ubuntu 18.04.2 LTS
Time: Thu Jun 13 09:53:03 2019 MSK elapsed time: 10 seconds (0d 0h 0m 10s)

---------------  T H R E A D  ---------------

Current thread (0x00007f3314655000):  JavaThread "pool-1-thread-2" [_thread_in_Java, id=27837, stack(0x00007f32bbaf5000,0x00007f32bbbf6000)]

Stack: [0x00007f32bbaf5000,0x00007f32bbbf6000],  sp=0x00007f32bbbf11d0,  free space=1008k
Native frames: (J=compiled Java code, A=aot compiled Java code, j=interpreted, Vv=VM code, C=native code)
V  [libjvm.so+0xa1f2fe]  JavaFrameAnchor::make_walkable(JavaThread*)+0x58
V  [libjvm.so+0x567570]  JavaThread::last_frame()+0x2a
V  [libjvm.so+0x1162fab]  ThreadSafepointState::handle_polling_page_exception()+0x13d
V  [libjvm.so+0x1162722]  SafepointSynchronize::handle_polling_page_exception(JavaThread*)+0x13a
v  ~SafepointBlob

Register to memory mapping:

RAX=0x00007f331beb6000 points into unknown readable memory: 58 00 00 00 00 00 00 00
RBX=0x00007f330c2aa406 is at entry_point+134 in (nmethod*)0x00007f330c2aa190
RCX=0x0000000000000007 is an unknown value
RDX=0x00007f3314657160 points into unknown readable memory: 03 00 00 00 00 00 00 00
RSP=0x00007f32bbbf11d0 is pointing into the stack for thread: 0x00007f3314655000
RBP=0x00007f32bbbf11e0 is pointing into the stack for thread: 0x00007f3314655000
RSI=0x00007f3314653000 is a thread
RDI=0x00007f331af39fb8: <offset 0x00000000021dbfb8> in /home/dmitry/Downloads/LOOM/loom/build/linux-x86_64-server-slowdebug/jdk/lib/server/libjvm.so at 0x00007f3318d5e000
R8 =0x000000000190dbc5 is an unknown value
R9 =0x00007f32bbcf2cb0 is pointing into the stack for thread: 0x00007f3314653000
R10=0x00007f331beb4008 is an unknown value
R11=0x0000000001312d00 is an unknown value
R12=0x0 is NULL
R13=0x00007f330c2a85dc is at entry_point+348 in (nmethod*)0x00007f330c2a8290
R14=0x00007f32bbcf5290 is pointing into the stack for thread: 0x00007f3314653000
R15=0x00007f3314653000 is a thread


Registers:
RAX=0x00007f331beb6000, RBX=0x00007f330c2aa406, RCX=0x0000000000000007, RDX=0x00007f3314657160
RSP=0x00007f32bbbf11d0, RBP=0x00007f32bbbf11e0, RSI=0x00007f3314653000, RDI=0x00007f331af39fb8
R8 =0x000000000190dbc5, R9 =0x00007f32bbcf2cb0, R10=0x00007f331beb4008, R11=0x0000000001312d00
R12=0x0000000000000000, R13=0x00007f330c2a85dc, R14=0x00007f32bbcf5290, R15=0x00007f3314653000
RIP=0x00007f331977d2fe, EFLAGS=0x0000000000010202, CSGSFS=0x002b000000000033, ERR=0x0000000000000006
  TRAPNO=0x000000000000000e

Top of Stack: (sp=0x00007f32bbbf11d0)
0x00007f32bbbf11d0:   00007f3314653000 00007f3314653360
0x00007f32bbbf11e0:   00007f32bbbf1200 00007f33192c5570
0x00007f32bbbf11f0:   00007f3314653000 00007f32bbbf1250
0x00007f32bbbf1200:   00007f32bbbf37c0 00007f3319ec0fab 

Instructions: (pc=0x00007f331977d2fe)
0x00007f331977d1fe:   f7 d8 48 01 c2 8b b5 bc fe ff ff 48 8b 85 c0 fe
0x00007f331977d20e:   ff ff 41 b8 00 00 00 00 48 89 d9 48 89 c7 e8 19
0x00007f331977d21e:   c6 ff ff 83 85 dc fe ff ff 01 e9 72 ff ff ff 90
0x00007f331977d22e:   48 8b 45 e8 64 48 33 04 25 28 00 00 00 74 05 e8
0x00007f331977d23e:   4e c5 8f ff 48 81 c4 48 01 00 00 5b 5d c3 55 48
0x00007f331977d24e:   89 e5 48 83 ec 10 48 89 7d f8 48 8b 45 f8 48 89
0x00007f331977d25e:   c7 e8 6a 16 90 ff c9 c3 55 48 89 e5 48 83 ec 20
0x00007f331977d26e:   48 89 7d f8 48 89 75 f0 48 89 55 e8 48 89 4d e0
0x00007f331977d27e:   48 8b 4d e0 48 8b 55 e8 48 8b 75 f0 48 8b 45 f8
0x00007f331977d28e:   48 89 c7 e8 3c ab e9 ff 90 c9 c3 90 55 48 89 e5
0x00007f331977d29e:   48 89 7d f8 90 5d c3 90 55 48 89 e5 48 83 ec 10
0x00007f331977d2ae:   48 89 7d f8 48 89 75 f0 48 8b 45 f8 48 89 c7 e8
0x00007f331977d2be:   be 1a cc ff 48 85 c0 0f 94 c0 84 c0 0f 85 49 01
0x00007f331977d2ce:   00 00 48 8b 45 f8 48 89 c7 e8 26 ce ff ff 84 c0
0x00007f331977d2de:   0f 85 38 01 00 00 e8 49 00 90 ff 48 39 45 f0 0f
0x00007f331977d2ee:   95 c0 84 c0 74 36 48 8d 05 85 20 7c 01 48 8b 00
0x00007f331977d2fe:   c6 00 58 48 8d 0d 05 fc bf 00 48 8d 15 11 fc bf
0x00007f331977d30e:   00 be 98 02 00 00 48 8d 3d 45 f5 bf 00 b8 00 00
0x00007f331977d31e:   00 00 e8 cd 8f ed ff e8 42 28 65 00 48 8b 45 f8
0x00007f331977d32e:   48 89 c7 e8 4a 1a cc ff 48 85 c0 0f 94 c0 84 c0
0x00007f331977d33e:   74 36 48 8d 05 39 20 7c 01 48 8b 00 c6 00 58 48
0x00007f331977d34e:   8d 0d 00 fc bf 00 48 8d 15 15 fc bf 00 be 99 02
0x00007f331977d35e:   00 00 48 8d 3d f9 f4 bf 00 b8 00 00 00 00 e8 81
0x00007f331977d36e:   8f ed ff e8 f6 27 65 00 48 8b 45 f8 48 89 c7 e8
0x00007f331977d37e:   be 6a ff ff 48 85 c0 0f 95 c0 84 c0 74 36 48 8d
0x00007f331977d38e:   05 ed 1f 7c 01 48 8b 00 c6 00 58 48 8d 0d f6 fb
0x00007f331977d39e:   bf 00 48 8d 15 01 fc bf 00 be 9a 02 00 00 48 8d
0x00007f331977d3ae:   3d ad f4 bf 00 b8 00 00 00 00 e8 35 8f ed ff e8
0x00007f331977d3be:   aa 27 65 00 48 8b 45 f8 48 89 c7 e8 52 00 00 00
0x00007f331977d3ce:   48 8b 45 f8 48 89 c7 e8 28 cd ff ff 83 f0 01 84
0x00007f331977d3de:   c0 74 3c 48 8d 05 98 1f 7c 01 48 8b 00 c6 00 58
0x00007f331977d3ee:   48 8d 0d d9 fb bf 00 48 8d 15 e7 fb bf 00 be 9c 


Stack slot to memory mapping:
stack at sp + 0 slots: 0x00007f3314653000 is a thread
stack at sp + 1 slots: 0x00007f3314653360 points into unknown readable memory: 00 00 00 00 00 00 00 00
stack at sp + 2 slots: 0x00007f32bbbf1200 is pointing into the stack for thread: 0x00007f3314655000
stack at sp + 3 slots: 0x00007f33192c5570: <offset 0x0000000000567570> in /home/dmitry/Downloads/LOOM/loom/build/linux-x86_64-server-slowdebug/jdk/lib/server/libjvm.so at 0x00007f3318d5e000
stack at sp + 4 slots: 0x00007f3314653000 is a thread
stack at sp + 5 slots: 0x00007f32bbbf1250 is pointing into the stack for thread: 0x00007f3314655000
stack at sp + 6 slots: 0x00007f32bbbf37c0 is pointing into the stack for thread: 0x00007f3314655000
stack at sp + 7 slots: 0x00007f3319ec0fab: <offset 0x0000000001162fab> in /home/dmitry/Downloads/LOOM/loom/build/linux-x86_64-server-slowdebug/jdk/lib/server/libjvm.so at 0x00007f3318d5e000


---------------  P R O C E S S  ---------------

uid  : 1000 euid : 1000 gid  : 1000 egid : 1000

umask: 0022 (----w--w-)

Threads class SMR info:
_java_thread_list=0x00007f331464b780, length=14, elements={
0x00007f3314021800, 0x00007f3314270800, 0x00007f3314276800, 0x00007f33142bb000,
0x00007f33142bd800, 0x00007f33142c0000, 0x00007f33142cb000, 0x00007f3314315000,
0x00007f3314574000, 0x00007f32d4001000, 0x00007f33145de000, 0x00007f331464c800,
0x00007f3314653000, 0x00007f3314655000
}
_java_thread_list_alloc_cnt=15, _java_thread_list_free_cnt=13, _java_thread_list_max=14, _nested_thread_list_max=0
_tlh_cnt=347, _tlh_times=54, avg_tlh_time=0,16, _tlh_time_max=10
_delete_lock_wait_cnt=0, _delete_lock_wait_max=0
_to_delete_list_cnt=0, _to_delete_list_max=1

Java Threads: ( => current thread )
  0x00007f3314021800 JavaThread "main" [_thread_blocked, id=27805, stack(0x00007f331bda0000,0x00007f331bea1000)]
  0x00007f3314270800 JavaThread "Reference Handler" daemon [_thread_blocked, id=27817, stack(0x00007f32f1eff000,0x00007f32f2000000)]
  0x00007f3314276800 JavaThread "Finalizer" daemon [_thread_blocked, id=27818, stack(0x00007f32f1dfe000,0x00007f32f1eff000)]
  0x00007f33142bb000 JavaThread "Signal Dispatcher" daemon [_thread_blocked, id=27823, stack(0x00007f32f132e000,0x00007f32f142f000)]
  0x00007f33142bd800 JavaThread "C2 CompilerThread0" daemon [_thread_blocked, id=27824, stack(0x00007f32f122d000,0x00007f32f132e000)]
  0x00007f33142c0000 JavaThread "C1 CompilerThread0" daemon [_thread_blocked, id=27825, stack(0x00007f32f112c000,0x00007f32f122d000)]
  0x00007f33142cb000 JavaThread "Sweeper thread" daemon [_thread_blocked, id=27826, stack(0x00007f32f102b000,0x00007f32f112c000)]
  0x00007f3314315000 JavaThread "Common-Cleaner" daemon [_thread_blocked, id=27828, stack(0x00007f32f0afb000,0x00007f32f0bfc000)]
  0x00007f3314574000 JavaThread "Service Thread" daemon [_thread_blocked, id=27829, stack(0x00007f32f09fa000,0x00007f32f0afb000)]
  0x00007f32d4001000 JavaThread "Attach Listener" daemon [_thread_blocked, id=27832, stack(0x00007f32f07f7000,0x00007f32f08f8000)]
  0x00007f33145de000 JavaThread "Monitor Ctrl-Break" daemon [_thread_in_native, id=27834, stack(0x00007f32f06f6000,0x00007f32f07f7000)]
  0x00007f331464c800 JavaThread "Timer-0" daemon [_thread_blocked, id=27835, stack(0x00007f32bbcf7000,0x00007f32bbdf8000)]
  0x00007f3314653000 JavaThread "pool-1-thread-1" [_thread_in_Java, id=27836, stack(0x00007f32bbbf6000,0x00007f32bbcf7000)]
=>0x00007f3314655000 JavaThread "pool-1-thread-2" [_thread_in_Java, id=27837, stack(0x00007f32bbaf5000,0x00007f32bbbf6000)]

Other Threads:
  0x00007f331424d000 VMThread "VM Thread" [stack: 0x00007f33000aa000,0x00007f33001aa000] [id=27814]
  0x00007f3314577000 WatcherThread [stack: 0x00007f32f08fa000,0x00007f32f09fa000] [id=27830]
  0x00007f331406d800 GCTaskThread "GC Thread#0" [stack: 0x00007f3301239000,0x00007f3301339000] [id=27808]
  0x00007f3314077800 ConcurrentGCThread "G1 Main Marker" [stack: 0x00007f3301137000,0x00007f3301237000] [id=27809]
  0x00007f3314079800 ConcurrentGCThread "G1 Conc#0" [stack: 0x00007f3301035000,0x00007f3301135000] [id=27810]
  0x00007f33140d9000 ConcurrentGCThread "G1 Refine#0" [stack: 0x00007f3300b2f000,0x00007f3300c2f000] [id=27811]
  0x00007f33140db000 ConcurrentGCThread "G1 Young RemSet Sampling" [stack: 0x00007f3300a2d000,0x00007f3300b2d000] [id=27812]

Threads with active compile tasks:

VM state:not at safepoint (normal execution)

VM Mutex/Monitor currently owned by a thread: None

Heap address: 0x00000000b0000000, size: 1280 MB, Compressed Oops mode: 32-bit
Narrow klass base: 0x0000000000000000, Narrow klass shift: 3
Compressed class space size: 1073741824 Address: 0x0000000100000000

Heap:
 garbage-first heap   total 81920K, used 11264K [0x00000000b0000000, 0x0000000100000000)
  region size 1024K, 12 young (12288K), 0 survivors (0K)
 Metaspace       used 9626K, capacity 9841K, committed 9984K, reserved 1058816K
  class space    used 898K, capacity 1000K, committed 1024K, reserved 1048576K
Heap Regions: E=young(eden), S=young(survivor), O=old, HS=humongous(starts), HC=humongous(continues), CS=collection set, F=free, A=archive, TAMS=top-at-mark-start (previous, next)
|   0|0x00000000b0000000, 0x00000000b0000000, 0x00000000b0100000|  0%| F|  |TAMS 0x00000000b0000000, 0x00000000b0000000| Untracked 
|   1|0x00000000b0100000, 0x00000000b0100000, 0x00000000b0200000|  0%| F|  |TAMS 0x00000000b0100000, 0x00000000b0100000| Untracked 
|   2|0x00000000b0200000, 0x00000000b0200000, 0x00000000b0300000|  0%| F|  |TAMS 0x00000000b0200000, 0x00000000b0200000| Untracked 
|   3|0x00000000b0300000, 0x00000000b0300000, 0x00000000b0400000|  0%| F|  |TAMS 0x00000000b0300000, 0x00000000b0300000| Untracked 
|   4|0x00000000b0400000, 0x00000000b0400000, 0x00000000b0500000|  0%| F|  |TAMS 0x00000000b0400000, 0x00000000b0400000| Untracked 
|   5|0x00000000b0500000, 0x00000000b0500000, 0x00000000b0600000|  0%| F|  |TAMS 0x00000000b0500000, 0x00000000b0500000| Untracked 
|   6|0x00000000b0600000, 0x00000000b0600000, 0x00000000b0700000|  0%| F|  |TAMS 0x00000000b0600000, 0x00000000b0600000| Untracked 
|   7|0x00000000b0700000, 0x00000000b0700000, 0x00000000b0800000|  0%| F|  |TAMS 0x00000000b0700000, 0x00000000b0700000| Untracked 
|   8|0x00000000b0800000, 0x00000000b0800000, 0x00000000b0900000|  0%| F|  |TAMS 0x00000000b0800000, 0x00000000b0800000| Untracked 
|   9|0x00000000b0900000, 0x00000000b0900000, 0x00000000b0a00000|  0%| F|  |TAMS 0x00000000b0900000, 0x00000000b0900000| Untracked 
|  10|0x00000000b0a00000, 0x00000000b0a00000, 0x00000000b0b00000|  0%| F|  |TAMS 0x00000000b0a00000, 0x00000000b0a00000| Untracked 
|  11|0x00000000b0b00000, 0x00000000b0b00000, 0x00000000b0c00000|  0%| F|  |TAMS 0x00000000b0b00000, 0x00000000b0b00000| Untracked 
|  12|0x00000000b0c00000, 0x00000000b0c00000, 0x00000000b0d00000|  0%| F|  |TAMS 0x00000000b0c00000, 0x00000000b0c00000| Untracked 
|  13|0x00000000b0d00000, 0x00000000b0d00000, 0x00000000b0e00000|  0%| F|  |TAMS 0x00000000b0d00000, 0x00000000b0d00000| Untracked 
|  14|0x00000000b0e00000, 0x00000000b0e00000, 0x00000000b0f00000|  0%| F|  |TAMS 0x00000000b0e00000, 0x00000000b0e00000| Untracked 
|  15|0x00000000b0f00000, 0x00000000b0f00000, 0x00000000b1000000|  0%| F|  |TAMS 0x00000000b0f00000, 0x00000000b0f00000| Untracked 
|  16|0x00000000b1000000, 0x00000000b1000000, 0x00000000b1100000|  0%| F|  |TAMS 0x00000000b1000000, 0x00000000b1000000| Untracked 
|  17|0x00000000b1100000, 0x00000000b1100000, 0x00000000b1200000|  0%| F|  |TAMS 0x00000000b1100000, 0x00000000b1100000| Untracked 
|  18|0x00000000b1200000, 0x00000000b1200000, 0x00000000b1300000|  0%| F|  |TAMS 0x00000000b1200000, 0x00000000b1200000| Untracked 
|  19|0x00000000b1300000, 0x00000000b1300000, 0x00000000b1400000|  0%| F|  |TAMS 0x00000000b1300000, 0x00000000b1300000| Untracked 
|  20|0x00000000b1400000, 0x00000000b1400000, 0x00000000b1500000|  0%| F|  |TAMS 0x00000000b1400000, 0x00000000b1400000| Untracked 
|  21|0x00000000b1500000, 0x00000000b1500000, 0x00000000b1600000|  0%| F|  |TAMS 0x00000000b1500000, 0x00000000b1500000| Untracked 
|  22|0x00000000b1600000, 0x00000000b1600000, 0x00000000b1700000|  0%| F|  |TAMS 0x00000000b1600000, 0x00000000b1600000| Untracked 
|  23|0x00000000b1700000, 0x00000000b1700000, 0x00000000b1800000|  0%| F|  |TAMS 0x00000000b1700000, 0x00000000b1700000| Untracked 
|  24|0x00000000b1800000, 0x00000000b1800000, 0x00000000b1900000|  0%| F|  |TAMS 0x00000000b1800000, 0x00000000b1800000| Untracked 
|  25|0x00000000b1900000, 0x00000000b1900000, 0x00000000b1a00000|  0%| F|  |TAMS 0x00000000b1900000, 0x00000000b1900000| Untracked 
|  26|0x00000000b1a00000, 0x00000000b1a00000, 0x00000000b1b00000|  0%| F|  |TAMS 0x00000000b1a00000, 0x00000000b1a00000| Untracked 
|  27|0x00000000b1b00000, 0x00000000b1b00000, 0x00000000b1c00000|  0%| F|  |TAMS 0x00000000b1b00000, 0x00000000b1b00000| Untracked 
|  28|0x00000000b1c00000, 0x00000000b1c00000, 0x00000000b1d00000|  0%| F|  |TAMS 0x00000000b1c00000, 0x00000000b1c00000| Untracked 
|  29|0x00000000b1d00000, 0x00000000b1d00000, 0x00000000b1e00000|  0%| F|  |TAMS 0x00000000b1d00000, 0x00000000b1d00000| Untracked 
|  30|0x00000000b1e00000, 0x00000000b1e00000, 0x00000000b1f00000|  0%| F|  |TAMS 0x00000000b1e00000, 0x00000000b1e00000| Untracked 
|  31|0x00000000b1f00000, 0x00000000b1f00000, 0x00000000b2000000|  0%| F|  |TAMS 0x00000000b1f00000, 0x00000000b1f00000| Untracked 
|  32|0x00000000b2000000, 0x00000000b2000000, 0x00000000b2100000|  0%| F|  |TAMS 0x00000000b2000000, 0x00000000b2000000| Untracked 
|  33|0x00000000b2100000, 0x00000000b2100000, 0x00000000b2200000|  0%| F|  |TAMS 0x00000000b2100000, 0x00000000b2100000| Untracked 
|  34|0x00000000b2200000, 0x00000000b2200000, 0x00000000b2300000|  0%| F|  |TAMS 0x00000000b2200000, 0x00000000b2200000| Untracked 
|  35|0x00000000b2300000, 0x00000000b2300000, 0x00000000b2400000|  0%| F|  |TAMS 0x00000000b2300000, 0x00000000b2300000| Untracked 
|  36|0x00000000b2400000, 0x00000000b2400000, 0x00000000b2500000|  0%| F|  |TAMS 0x00000000b2400000, 0x00000000b2400000| Untracked 
|  37|0x00000000b2500000, 0x00000000b2500000, 0x00000000b2600000|  0%| F|  |TAMS 0x00000000b2500000, 0x00000000b2500000| Untracked 
|  38|0x00000000b2600000, 0x00000000b2600000, 0x00000000b2700000|  0%| F|  |TAMS 0x00000000b2600000, 0x00000000b2600000| Untracked 
|  39|0x00000000b2700000, 0x00000000b2700000, 0x00000000b2800000|  0%| F|  |TAMS 0x00000000b2700000, 0x00000000b2700000| Untracked 
|  40|0x00000000b2800000, 0x00000000b2800000, 0x00000000b2900000|  0%| F|  |TAMS 0x00000000b2800000, 0x00000000b2800000| Untracked 
|  41|0x00000000b2900000, 0x00000000b2900000, 0x00000000b2a00000|  0%| F|  |TAMS 0x00000000b2900000, 0x00000000b2900000| Untracked 
|  42|0x00000000b2a00000, 0x00000000b2a00000, 0x00000000b2b00000|  0%| F|  |TAMS 0x00000000b2a00000, 0x00000000b2a00000| Untracked 
|  43|0x00000000b2b00000, 0x00000000b2b00000, 0x00000000b2c00000|  0%| F|  |TAMS 0x00000000b2b00000, 0x00000000b2b00000| Untracked 
|  44|0x00000000b2c00000, 0x00000000b2c00000, 0x00000000b2d00000|  0%| F|  |TAMS 0x00000000b2c00000, 0x00000000b2c00000| Untracked 
|  45|0x00000000b2d00000, 0x00000000b2d00000, 0x00000000b2e00000|  0%| F|  |TAMS 0x00000000b2d00000, 0x00000000b2d00000| Untracked 
|  46|0x00000000b2e00000, 0x00000000b2e00000, 0x00000000b2f00000|  0%| F|  |TAMS 0x00000000b2e00000, 0x00000000b2e00000| Untracked 
|  47|0x00000000b2f00000, 0x00000000b2f00000, 0x00000000b3000000|  0%| F|  |TAMS 0x00000000b2f00000, 0x00000000b2f00000| Untracked 
|  48|0x00000000b3000000, 0x00000000b3000000, 0x00000000b3100000|  0%| F|  |TAMS 0x00000000b3000000, 0x00000000b3000000| Untracked 
|  49|0x00000000b3100000, 0x00000000b3100000, 0x00000000b3200000|  0%| F|  |TAMS 0x00000000b3100000, 0x00000000b3100000| Untracked 
|  50|0x00000000b3200000, 0x00000000b3200000, 0x00000000b3300000|  0%| F|  |TAMS 0x00000000b3200000, 0x00000000b3200000| Untracked 
|  51|0x00000000b3300000, 0x00000000b3300000, 0x00000000b3400000|  0%| F|  |TAMS 0x00000000b3300000, 0x00000000b3300000| Untracked 
|  52|0x00000000b3400000, 0x00000000b3400000, 0x00000000b3500000|  0%| F|  |TAMS 0x00000000b3400000, 0x00000000b3400000| Untracked 
|  53|0x00000000b3500000, 0x00000000b3500000, 0x00000000b3600000|  0%| F|  |TAMS 0x00000000b3500000, 0x00000000b3500000| Untracked 
|  54|0x00000000b3600000, 0x00000000b3600000, 0x00000000b3700000|  0%| F|  |TAMS 0x00000000b3600000, 0x00000000b3600000| Untracked 
|  55|0x00000000b3700000, 0x00000000b3700000, 0x00000000b3800000|  0%| F|  |TAMS 0x00000000b3700000, 0x00000000b3700000| Untracked 
|  56|0x00000000b3800000, 0x00000000b3800000, 0x00000000b3900000|  0%| F|  |TAMS 0x00000000b3800000, 0x00000000b3800000| Untracked 
|  57|0x00000000b3900000, 0x00000000b3900000, 0x00000000b3a00000|  0%| F|  |TAMS 0x00000000b3900000, 0x00000000b3900000| Untracked 
|  58|0x00000000b3a00000, 0x00000000b3a00000, 0x00000000b3b00000|  0%| F|  |TAMS 0x00000000b3a00000, 0x00000000b3a00000| Untracked 
|  59|0x00000000b3b00000, 0x00000000b3b00000, 0x00000000b3c00000|  0%| F|  |TAMS 0x00000000b3b00000, 0x00000000b3b00000| Untracked 
|  60|0x00000000b3c00000, 0x00000000b3c00000, 0x00000000b3d00000|  0%| F|  |TAMS 0x00000000b3c00000, 0x00000000b3c00000| Untracked 
|  61|0x00000000b3d00000, 0x00000000b3d00000, 0x00000000b3e00000|  0%| F|  |TAMS 0x00000000b3d00000, 0x00000000b3d00000| Untracked 
|  62|0x00000000b3e00000, 0x00000000b3e00000, 0x00000000b3f00000|  0%| F|  |TAMS 0x00000000b3e00000, 0x00000000b3e00000| Untracked 
|  63|0x00000000b3f00000, 0x00000000b3f00000, 0x00000000b4000000|  0%| F|  |TAMS 0x00000000b3f00000, 0x00000000b3f00000| Untracked 
|  64|0x00000000b4000000, 0x00000000b4000000, 0x00000000b4100000|  0%| F|  |TAMS 0x00000000b4000000, 0x00000000b4000000| Untracked 
|  65|0x00000000b4100000, 0x00000000b4100000, 0x00000000b4200000|  0%| F|  |TAMS 0x00000000b4100000, 0x00000000b4100000| Untracked 
|  66|0x00000000b4200000, 0x00000000b4200000, 0x00000000b4300000|  0%| F|  |TAMS 0x00000000b4200000, 0x00000000b4200000| Untracked 
|  67|0x00000000b4300000, 0x00000000b4300000, 0x00000000b4400000|  0%| F|  |TAMS 0x00000000b4300000, 0x00000000b4300000| Untracked 
|  68|0x00000000b4400000, 0x00000000b44d7a10, 0x00000000b4500000| 84%| E|  |TAMS 0x00000000b4400000, 0x00000000b4400000| Complete 
|  69|0x00000000b4500000, 0x00000000b4600000, 0x00000000b4600000|100%| E|CS|TAMS 0x00000000b4500000, 0x00000000b4500000| Complete 
|  70|0x00000000b4600000, 0x00000000b4700000, 0x00000000b4700000|100%| E|CS|TAMS 0x00000000b4600000, 0x00000000b4600000| Complete 
|  71|0x00000000b4700000, 0x00000000b4800000, 0x00000000b4800000|100%| E|CS|TAMS 0x00000000b4700000, 0x00000000b4700000| Complete 
|  72|0x00000000b4800000, 0x00000000b4900000, 0x00000000b4900000|100%| E|CS|TAMS 0x00000000b4800000, 0x00000000b4800000| Complete 
|  73|0x00000000b4900000, 0x00000000b4a00000, 0x00000000b4a00000|100%| E|CS|TAMS 0x00000000b4900000, 0x00000000b4900000| Complete 
|  74|0x00000000b4a00000, 0x00000000b4b00000, 0x00000000b4b00000|100%| E|CS|TAMS 0x00000000b4a00000, 0x00000000b4a00000| Complete 
|  75|0x00000000b4b00000, 0x00000000b4c00000, 0x00000000b4c00000|100%| E|CS|TAMS 0x00000000b4b00000, 0x00000000b4b00000| Complete 
|  76|0x00000000b4c00000, 0x00000000b4d00000, 0x00000000b4d00000|100%| E|CS|TAMS 0x00000000b4c00000, 0x00000000b4c00000| Complete 
|  77|0x00000000b4d00000, 0x00000000b4e00000, 0x00000000b4e00000|100%| E|CS|TAMS 0x00000000b4d00000, 0x00000000b4d00000| Complete 
|  78|0x00000000b4e00000, 0x00000000b4f00000, 0x00000000b4f00000|100%| E|CS|TAMS 0x00000000b4e00000, 0x00000000b4e00000| Complete 
|  79|0x00000000b4f00000, 0x00000000b5000000, 0x00000000b5000000|100%| E|CS|TAMS 0x00000000b4f00000, 0x00000000b4f00000| Complete 

Card table byte_map: [0x00007f3303db9000,0x00007f3304039000] _byte_map_base: 0x00007f3303839000

Marking Bits (Prev, Next): (CMBitMap*) 0x00007f331406ef20, (CMBitMap*) 0x00007f331406ef60
 Prev Bits: [0x00007f3302739000, 0x00007f3303b39000)
 Next Bits: [0x00007f3301339000, 0x00007f3302739000)

Polling page: 0x00007f331beb4000

Metaspace:

Usage:
  Non-class:      8,63 MB capacity,     8,52 MB ( 99%) used,    93,91 KB (  1%) free+waste,    19,50 KB ( <1%) overhead. 
      Class:   1000,00 KB capacity,   898,96 KB ( 90%) used,    90,16 KB (  9%) free+waste,    10,88 KB (  1%) overhead. 
       Both:      9,61 MB capacity,     9,40 MB ( 98%) used,   184,08 KB (  2%) free+waste,    30,38 KB ( <1%) overhead. 

Virtual space:
  Non-class space:       10,00 MB reserved,       8,75 MB ( 88%) committed 
      Class space:        1,00 GB reserved,       1,00 MB ( <1%) committed 
             Both:        1,01 GB reserved,       9,75 MB ( <1%) committed 

Chunk freelists:
   Non-Class:  43,00 KB
       Class:  0 bytes
        Both:  43,00 KB

MaxMetaspaceSize: unlimited
CompressedClassSpaceSize: 1,00 GB

CodeHeap 'non-profiled nmethods': size=120032Kb used=249Kb max_used=249Kb free=119783Kb
 bounds [0x00007f330c270000, 0x00007f330c4e0000, 0x00007f33137a8000]
CodeHeap 'profiled nmethods': size=120032Kb used=804Kb max_used=804Kb free=119227Kb
 bounds [0x00007f3304d38000, 0x00007f3304fa8000, 0x00007f330c270000]
CodeHeap 'non-nmethods': size=5696Kb used=2065Kb max_used=2078Kb free=3630Kb
 bounds [0x00007f33047a8000, 0x00007f3304a18000, 0x00007f3304d38000]
 total_blobs=1479 nmethods=372 adapters=859
 compilation: enabled
              stopped_count=0, restarted_count=0
 full_count=0

Compilation events (10 events):
Event: 10,377 Thread 0x00007f33142bd800 nmethod 689% 0x00007f330c2ac290 code [0x00007f330c2ac480, 0x00007f330c2ac700]
Event: 10,378 Thread 0x00007f33142bd800  690 %     4       NewMain$5::run @ 2 (40 bytes)
Event: 10,413 Thread 0x00007f33142bd800 nmethod 690% 0x00007f330c2acd10 code [0x00007f330c2acea0, 0x00007f330c2acfb8]
Event: 10,502 Thread 0x00007f33142c0000  691 %     3       NewMain$5::run @ 2 (40 bytes)
Event: 10,577 Thread 0x00007f33142c0000 nmethod 691% 0x00007f3304dfe290 code [0x00007f3304dfe5e0, 0x00007f3304dff890]
Event: 10,577 Thread 0x00007f33142c0000  692       3       java.nio.charset.CoderResult::isUnderflow (13 bytes)
Event: 10,581 Thread 0x00007f33142c0000 nmethod 692 0x00007f3304e00190 code [0x00007f3304e00340, 0x00007f3304e00518]
Event: 10,584 Thread 0x00007f33142bd800  693 %     4       NewMain$5::run @ 2 (40 bytes)
Event: 10,678 Thread 0x00007f33142bd800 nmethod 693% 0x00007f330c2ad190 code [0x00007f330c2ad380, 0x00007f330c2ad600]
Event: 10,755 Thread 0x00007f33142c0000  694       3       java.util.concurrent.locks.AbstractQueuedSynchronizer::compareAndSetState (10 bytes)

GC Heap History (0 events):
No events

Deoptimization events (10 events):
Event: 7,942 Thread 0x00007f3314655000 Uncommon trap: reason=unreached action=reinterpret pc=0x00007f330c2a65c4 method=NewMain$4.run()V @ 21 c2
Event: 8,068 Thread 0x00007f3314655000 Uncommon trap: reason=unstable_if action=reinterpret pc=0x00007f330c2a7150 method=NewMain$4.run()V @ 21 c2
Event: 8,394 Thread 0x00007f3314653000 Uncommon trap: reason=unstable_if action=reinterpret pc=0x00007f330c2a8050 method=NewMain$6.run()V @ 21 c2
Event: 9,100 Thread 0x00007f3314653000 Uncommon trap: reason=unstable_if action=reinterpret pc=0x00007f330c2a96d0 method=NewMain$2.run()V @ 21 c2
Event: 9,198 Thread 0x00007f3314655000 Uncommon trap: reason=unstable_if action=reinterpret pc=0x00007f330c2a7714 method=NewMain$4.run()V @ 7 c2
Event: 9,571 Thread 0x00007f3314655000 Uncommon trap: reason=unstable_if action=reinterpret pc=0x00007f330c2aae50 method=NewMain$1.run()V @ 21 c2
Event: 9,893 Thread 0x00007f3314653000 Uncommon trap: reason=unstable_if action=reinterpret pc=0x00007f330c2aa514 method=NewMain$2.run()V @ 7 c2
Event: 9,898 Thread 0x00007f3314653000 Uncommon trap: reason=unreached action=reinterpret pc=0x00007f330c2a6944 method=NewMain$3.run()V @ 21 c2
Event: 10,138 Thread 0x00007f3314653000 Uncommon trap: reason=unstable_if action=reinterpret pc=0x00007f330c2ac050 method=NewMain$3.run()V @ 21 c2
Event: 10,501 Thread 0x00007f3314655000 Uncommon trap: reason=unstable_if action=reinterpret pc=0x00007f330c2acf50 method=NewMain$5.run()V @ 21 c2

Classes unloaded (0 events):
No events

Classes redefined (0 events):
No events

Internal exceptions (10 events):
Event: 7,067 Thread 0x00007f3314653000 Exception <a 'java/lang/NoSuchMethodError'{0x00000000b45ec018}: 'long java.lang.invoke.Invokers$Holder.invoke_MT(java.lang.Object, java.lang.Object)'> (0x00000000b45ec018) 
thrown [/home/dmitry/Downloads/LOOM/loom/src/hotspot/share/interpreter/linkResolver.cpp, line 768]
for thread 0x00007f3314653000
Event: 7,089 Thread 0x00007f3314653000 Exception <a 'java/lang/NoSuchMethodError'{0x00000000b45f2220}: 'java.lang.Object java.lang.invoke.DirectMethodHandle$Holder.invokeStatic(java.lang.Object, long)'> (0x00000000b45f2220) 
thrown [/home/dmitry/Downloads/LOOM/loom/src/hotspot/share/interpreter/linkResolver.cpp, line 768]
for thread 0x00007f3314653000
Event: 7,128 Thread 0x00007f3314653000 Exception <a 'java/lang/NoSuchMethodError'{0x00000000b444b410}: 'long java.lang.invoke.Invokers$Holder.invoke_MT(java.lang.Object, long, java.lang.Object, java.lang.Object)'> (0x00000000b444b410) 
thrown [/home/dmitry/Downloads/LOOM/loom/src/hotspot/share/interpreter/linkResolver.cpp, line 768]
for thread 0x00007f3314653000
Event: 7,251 Thread 0x00007f3314653000 Exception <a 'java/lang/NoSuchMethodError'{0x00000000b4462080}: 'java.lang.Object java.lang.invoke.DirectMethodHandle$Holder.invokeStatic(java.lang.Object, java.lang.Object, java.lang.Object, java.lang.Object, java.lang.Object)'> (0x00000000b4462080) 
thrown [/home/dmitry/Downloads/LOOM/loom/src/hotspot/share/interpreter/linkResolver.cpp, line 768]
for thread 0x00007f3314653000
Event: 7,294 Thread 0x00007f3314655000 Exception <a 'java/lang/NoSuchMethodError'{0x00000000b4434440}: 'long java.lang.invoke.DirectMethodHandle$Holder.invokeSpecial(java.lang.Object, java.lang.Object, long, java.lang.Object, long)'> (0x00000000b4434440) 
thrown [/home/dmitry/Downloads/LOOM/loom/src/hotspot/share/interpreter/linkResolver.cpp, line 768]
for thread 0x00007f3314655000
Event: 7,311 Thread 0x00007f3314655000 Exception <a 'java/lang/NoSuchMethodError'{0x00000000b443a060}: 'java.lang.Object java.lang.invoke.DirectMethodHandle$Holder.invokeSpecial(java.lang.Object, java.lang.Object, long)'> (0x00000000b443a060) 
thrown [/home/dmitry/Downloads/LOOM/loom/src/hotspot/share/interpreter/linkResolver.cpp, line 768]
for thread 0x00007f3314655000
Event: 7,319 Thread 0x00007f3314653000 Exception <a 'java/lang/NoSuchMethodError'{0x00000000b446bf70}: 'java.lang.Object java.lang.invoke.DirectMethodHandle$Holder.invokeSpecial(java.lang.Object, java.lang.Object, long)'> (0x00000000b446bf70) 
thrown [/home/dmitry/Downloads/LOOM/loom/src/hotspot/share/interpreter/linkResolver.cpp, line 768]
for thread 0x00007f3314653000
Event: 7,338 Thread 0x00007f3314655000 Exception <a 'java/lang/NoSuchMethodError'{0x00000000b4440548}: 'long java.lang.invoke.DirectMethodHandle$Holder.invokeStatic(java.lang.Object, long, long)'> (0x00000000b4440548) 
thrown [/home/dmitry/Downloads/LOOM/loom/src/hotspot/share/interpreter/linkResolver.cpp, line 768]
for thread 0x00007f3314655000
Event: 7,432 Thread 0x00007f3314655000 Exception <a 'java/lang/NoSuchMethodError'{0x00000000b44a6ab8}: 'long java.lang.invoke.DirectMethodHandle$Holder.getLong(java.lang.Object, java.lang.Object)'> (0x00000000b44a6ab8) 
thrown [/home/dmitry/Downloads/LOOM/loom/src/hotspot/share/interpreter/linkResolver.cpp, line 768]
for thread 0x00007f3314655000
Event: 7,444 Thread 0x00007f3314655000 Exception <a 'java/lang/NoSuchMethodError'{0x00000000b44aa460}: 'java.lang.Object java.lang.invoke.Invokers$Holder.linkToTargetMethod(long, java.lang.Object)'> (0x00000000b44aa460) 
thrown [/home/dmitry/Downloads/LOOM/loom/src/hotspot/share/interpreter/linkResolver.cpp, line 768]
for thread 0x00007f3314655000

Events (10 events):
Event: 10,421 Thread 0x00007f3314655000 DEOPT UNPACKING pc=0x00007f33048064bc sp=0x00007f32bbbf37b0 mode 0
Event: 10,501 Thread 0x00007f3314655000 Uncommon trap: trap_request=0xffffff4d fr.pc=0x00007f330c2acf50 relative=0x00000000000000b0
Event: 10,501 Thread 0x00007f3314655000 DEOPT PACKING pc=0x00007f330c2acf50 sp=0x00007f32bbbf4330
Event: 10,501 Thread 0x00007f3314655000 DEOPT UNPACKING pc=0x00007f3304806819 sp=0x00007f32bbbf42d8 mode 2
Event: 10,681 Thread 0x00007f3314655000 DEOPT PACKING pc=0x00007f3304dff3f4 sp=0x00007f32bbbf41e0
Event: 10,681 Thread 0x00007f3314655000 DEOPT UNPACKING pc=0x00007f33048064bc sp=0x00007f32bbbf37b0 mode 0
Event: 10,748 Executing VM operation: HandshakeOneThread
Event: 10,755 Executing VM operation: HandshakeOneThread done
Event: 10,756 loading class java/lang/IllegalStateException
Event: 10,756 loading class java/lang/IllegalStateException done


Dynamic libraries:
b0000000-b5000000 rw-p 00000000 00:00 0 
b5000000-100000000 ---p 00000000 00:00 0 
100000000-100100000 rw-p 00000000 00:00 0 
100100000-140000000 ---p 00000000 00:00 0 
55ec2e2e5000-55ec2e2e7000 r-xp 00000000 08:01 2249140                    /home/dmitry/Downloads/LOOM/loom/build/linux-x86_64-server-slowdebug/jdk/bin/java
55ec2e4e6000-55ec2e4e7000 r--p 00001000 08:01 2249140                    /home/dmitry/Downloads/LOOM/loom/build/linux-x86_64-server-slowdebug/jdk/bin/java
55ec2e4e7000-55ec2e4e8000 rw-p 00002000 08:01 2249140                    /home/dmitry/Downloads/LOOM/loom/build/linux-x86_64-server-slowdebug/jdk/bin/java
55ec2f237000-55ec2f258000 rw-p 00000000 00:00 0                          [heap]
7f32a8000000-7f32a803a000 rw-p 00000000 00:00 0 
7f32a803a000-7f32ac000000 ---p 00000000 00:00 0 
7f32ac000000-7f32ac03e000 rw-p 00000000 00:00 0 
7f32ac03e000-7f32b0000000 ---p 00000000 00:00 0 
7f32b0000000-7f32b0021000 rw-p 00000000 00:00 0 
7f32b0021000-7f32b4000000 ---p 00000000 00:00 0 
7f32b4000000-7f32b403e000 rw-p 00000000 00:00 0 
7f32b403e000-7f32b8000000 ---p 00000000 00:00 0 
7f32babbf000-7f32bbaf5000 rw-p 00000000 00:00 0 
7f32bbaf5000-7f32bbaf9000 ---p 00000000 00:00 0 
7f32bbaf9000-7f32bbbf6000 rw-p 00000000 00:00 0 
7f32bbbf6000-7f32bbbfa000 ---p 00000000 00:00 0 
7f32bbbfa000-7f32bbcf7000 rw-p 00000000 00:00 0 
7f32bbcf7000-7f32bbcfb000 ---p 00000000 00:00 0 
7f32bbcfb000-7f32bbdf8000 rw-p 00000000 00:00 0 
7f32bbdf8000-7f32bbdff000 r-xp 00000000 08:01 1989533                    /home/dmitry/Downloads/LOOM/loom/build/linux-x86_64-server-slowdebug/jdk/lib/libmanagement_ext.so
7f32bbdff000-7f32bbffe000 ---p 00007000 08:01 1989533                    /home/dmitry/Downloads/LOOM/loom/build/linux-x86_64-server-slowdebug/jdk/lib/libmanagement_ext.so
7f32bbffe000-7f32bbfff000 r--p 00006000 08:01 1989533                    /home/dmitry/Downloads/LOOM/loom/build/linux-x86_64-server-slowdebug/jdk/lib/libmanagement_ext.so
7f32bbfff000-7f32bc000000 rw-p 00007000 08:01 1989533                    /home/dmitry/Downloads/LOOM/loom/build/linux-x86_64-server-slowdebug/jdk/lib/libmanagement_ext.so
7f32bc000000-7f32bc021000 rw-p 00000000 00:00 0 
7f32bc021000-7f32c0000000 ---p 00000000 00:00 0 
7f32c0000000-7f32c009c000 rw-p 00000000 00:00 0 
7f32c009c000-7f32c4000000 ---p 00000000 00:00 0 
7f32c4000000-7f32c4021000 rw-p 00000000 00:00 0 
7f32c4021000-7f32c8000000 ---p 00000000 00:00 0 
7f32c8000000-7f32c8021000 rw-p 00000000 00:00 0 
7f32c8021000-7f32cc000000 ---p 00000000 00:00 0 
7f32cc000000-7f32cc3b3000 rw-p 00000000 00:00 0 
7f32cc3b3000-7f32d0000000 ---p 00000000 00:00 0 
7f32d0000000-7f32d0021000 rw-p 00000000 00:00 0 
7f32d0021000-7f32d4000000 ---p 00000000 00:00 0 
7f32d4000000-7f32d4021000 rw-p 00000000 00:00 0 
7f32d4021000-7f32d8000000 ---p 00000000 00:00 0 
7f32d8000000-7f32d84c7000 rw-p 00000000 00:00 0 
7f32d84c7000-7f32dc000000 ---p 00000000 00:00 0 
7f32dc000000-7f32dc021000 rw-p 00000000 00:00 0 
7f32dc021000-7f32e0000000 ---p 00000000 00:00 0 
7f32e0000000-7f32e0021000 rw-p 00000000 00:00 0 
7f32e0021000-7f32e4000000 ---p 00000000 00:00 0 
7f32e4000000-7f32e4021000 rw-p 00000000 00:00 0 
7f32e4021000-7f32e8000000 ---p 00000000 00:00 0 
7f32e8000000-7f32e8021000 rw-p 00000000 00:00 0 
7f32e8021000-7f32ec000000 ---p 00000000 00:00 0 
7f32ec000000-7f32ec021000 rw-p 00000000 00:00 0 
7f32ec021000-7f32f0000000 ---p 00000000 00:00 0 
7f32f00ed000-7f32f00f2000 r-xp 00000000 08:01 1989509                    /home/dmitry/Downloads/LOOM/loom/build/linux-x86_64-server-slowdebug/jdk/lib/libmanagement.so
7f32f00f2000-7f32f02f1000 ---p 00005000 08:01 1989509                    /home/dmitry/Downloads/LOOM/loom/build/linux-x86_64-server-slowdebug/jdk/lib/libmanagement.so
7f32f02f1000-7f32f02f2000 r--p 00004000 08:01 1989509                    /home/dmitry/Downloads/LOOM/loom/build/linux-x86_64-server-slowdebug/jdk/lib/libmanagement.so
7f32f02f2000-7f32f02f3000 rw-p 00005000 08:01 1989509                    /home/dmitry/Downloads/LOOM/loom/build/linux-x86_64-server-slowdebug/jdk/lib/libmanagement.so
7f32f02f3000-7f32f03b3000 rw-p 00000000 00:00 0 
7f32f03b3000-7f32f04f3000 ---p 00000000 00:00 0 
7f32f04f3000-7f32f04f5000 r-xp 00000000 08:01 1989531                    /home/dmitry/Downloads/LOOM/loom/build/linux-x86_64-server-slowdebug/jdk/lib/libextnet.so
7f32f04f5000-7f32f06f4000 ---p 00002000 08:01 1989531                    /home/dmitry/Downloads/LOOM/loom/build/linux-x86_64-server-slowdebug/jdk/lib/libextnet.so
7f32f06f4000-7f32f06f5000 r--p 00001000 08:01 1989531                    /home/dmitry/Downloads/LOOM/loom/build/linux-x86_64-server-slowdebug/jdk/lib/libextnet.so
7f32f06f5000-7f32f06f6000 rw-p 00002000 08:01 1989531                    /home/dmitry/Downloads/LOOM/loom/build/linux-x86_64-server-slowdebug/jdk/lib/libextnet.so
7f32f06f6000-7f32f06fa000 ---p 00000000 00:00 0 
7f32f06fa000-7f32f07f7000 rw-p 00000000 00:00 0 
7f32f07f7000-7f32f07fb000 ---p 00000000 00:00 0 
7f32f07fb000-7f32f08f8000 rw-p 00000000 00:00 0 
7f32f08f8000-7f32f08f9000 ---p 00000000 00:00 0 
7f32f08f9000-7f32f09fa000 rw-p 00000000 00:00 0 
7f32f09fa000-7f32f09fe000 ---p 00000000 00:00 0 
7f32f09fe000-7f32f0afb000 rw-p 00000000 00:00 0 
7f32f0afb000-7f32f0aff000 ---p 00000000 00:00 0 
7f32f0aff000-7f32f0bfc000 rw-p 00000000 00:00 0 
7f32f0bfc000-7f32f0c17000 r-xp 00000000 08:01 1989495                    /home/dmitry/Downloads/LOOM/loom/build/linux-x86_64-server-slowdebug/jdk/lib/libnet.so
7f32f0c17000-7f32f0e16000 ---p 0001b000 08:01 1989495                    /home/dmitry/Downloads/LOOM/loom/build/linux-x86_64-server-slowdebug/jdk/lib/libnet.so
7f32f0e16000-7f32f0e17000 r--p 0001a000 08:01 1989495                    /home/dmitry/Downloads/LOOM/loom/build/linux-x86_64-server-slowdebug/jdk/lib/libnet.so
7f32f0e17000-7f32f0e18000 rw-p 0001b000 08:01 1989495                    /home/dmitry/Downloads/LOOM/loom/build/linux-x86_64-server-slowdebug/jdk/lib/libnet.so
7f32f0e18000-7f32f0e2a000 r-xp 00000000 08:01 1989499                    /home/dmitry/Downloads/LOOM/loom/build/linux-x86_64-server-slowdebug/jdk/lib/libnio.so
7f32f0e2a000-7f32f1029000 ---p 00012000 08:01 1989499                    /home/dmitry/Downloads/LOOM/loom/build/linux-x86_64-server-slowdebug/jdk/lib/libnio.so
7f32f1029000-7f32f102a000 r--p 00011000 08:01 1989499                    /home/dmitry/Downloads/LOOM/loom/build/linux-x86_64-server-slowdebug/jdk/lib/libnio.so
7f32f102a000-7f32f102b000 rw-p 00012000 08:01 1989499                    /home/dmitry/Downloads/LOOM/loom/build/linux-x86_64-server-slowdebug/jdk/lib/libnio.so
7f32f102b000-7f32f102f000 ---p 00000000 00:00 0 
7f32f102f000-7f32f112c000 rw-p 00000000 00:00 0 
7f32f112c000-7f32f1130000 ---p 00000000 00:00 0 
7f32f1130000-7f32f122d000 rw-p 00000000 00:00 0 
7f32f122d000-7f32f1231000 ---p 00000000 00:00 0 
7f32f1231000-7f32f132e000 rw-p 00000000 00:00 0 
7f32f132e000-7f32f1332000 ---p 00000000 00:00 0 
7f32f1332000-7f32f142f000 rw-p 00000000 00:00 0 
7f32f142f000-7f32f1dfe000 r--p 00000000 08:01 10230401                   /usr/lib/locale/locale-archive
7f32f1dfe000-7f32f1e02000 ---p 00000000 00:00 0 
7f32f1e02000-7f32f1eff000 rw-p 00000000 00:00 0 
7f32f1eff000-7f32f1f03000 ---p 00000000 00:00 0 
7f32f1f03000-7f32f4000000 rw-p 00000000 00:00 0 
7f32f4000000-7f32f4021000 rw-p 00000000 00:00 0 
7f32f4021000-7f32f8000000 ---p 00000000 00:00 0 
7f32f8000000-7f32f8021000 rw-p 00000000 00:00 0 
7f32f8021000-7f32fc000000 ---p 00000000 00:00 0 
7f32fc000000-7f32fc021000 rw-p 00000000 00:00 0 
7f32fc021000-7f3300000000 ---p 00000000 00:00 0 
7f3300077000-7f33000a8000 rw-p 00000000 00:00 0 
7f33000a8000-7f33000a9000 ---p 00000000 00:00 0 
7f33000a9000-7f3300a2b000 rw-p 00000000 00:00 0 
7f3300a2b000-7f3300a2c000 ---p 00000000 00:00 0 
7f3300a2c000-7f3300b2d000 rw-p 00000000 00:00 0 
7f3300b2d000-7f3300b2e000 ---p 00000000 00:00 0 
7f3300b2e000-7f3301033000 rw-p 00000000 00:00 0 
7f3301033000-7f3301034000 ---p 00000000 00:00 0 
7f3301034000-7f3301135000 rw-p 00000000 00:00 0 
7f3301135000-7f3301136000 ---p 00000000 00:00 0 
7f3301136000-7f3301237000 rw-p 00000000 00:00 0 
7f3301237000-7f3301238000 ---p 00000000 00:00 0 
7f3301238000-7f3301479000 rw-p 00000000 00:00 0 
7f3301479000-7f3302739000 ---p 00000000 00:00 0 
7f3302739000-7f3302879000 rw-p 00000000 00:00 0 
7f3302879000-7f3303b39000 ---p 00000000 00:00 0 
7f3303b39000-7f3303b61000 rw-p 00000000 00:00 0 
7f3303b61000-7f3303db9000 ---p 00000000 00:00 0 
7f3303db9000-7f3303de1000 rw-p 00000000 00:00 0 
7f3303de1000-7f3304039000 ---p 00000000 00:00 0 
7f3304039000-7f3304061000 rw-p 00000000 00:00 0 
7f3304061000-7f33042b9000 ---p 00000000 00:00 0 
7f33042b9000-7f33046c2000 rw-p 00000000 00:00 0 
7f33046c2000-7f33047a8000 ---p 00000000 00:00 0 
7f33047a8000-7f3304a18000 rwxp 00000000 00:00 0 
7f3304a18000-7f3304d38000 ---p 00000000 00:00 0 
7f3304d38000-7f3304fa8000 rwxp 00000000 00:00 0 
7f3304fa8000-7f330c270000 ---p 00000000 00:00 0 
7f330c270000-7f330c4e0000 rwxp 00000000 00:00 0 
7f330c4e0000-7f33137a8000 ---p 00000000 00:00 0 
7f33137a8000-7f33137c8000 r-xp 00000000 08:01 1989492                    /home/dmitry/Downloads/LOOM/loom/build/linux-x86_64-server-slowdebug/jdk/lib/libjimage.so
7f33137c8000-7f33139c7000 ---p 00020000 08:01 1989492                    /home/dmitry/Downloads/LOOM/loom/build/linux-x86_64-server-slowdebug/jdk/lib/libjimage.so
7f33139c7000-7f33139c9000 r--p 0001f000 08:01 1989492                    /home/dmitry/Downloads/LOOM/loom/build/linux-x86_64-server-slowdebug/jdk/lib/libjimage.so
7f33139c9000-7f33139ca000 rw-p 00021000 08:01 1989492                    /home/dmitry/Downloads/LOOM/loom/build/linux-x86_64-server-slowdebug/jdk/lib/libjimage.so
7f33139ca000-7f33139d3000 r-xp 00000000 08:01 1989488                    /home/dmitry/Downloads/LOOM/loom/build/linux-x86_64-server-slowdebug/jdk/lib/libzip.so
7f33139d3000-7f3313bd2000 ---p 00009000 08:01 1989488                    /home/dmitry/Downloads/LOOM/loom/build/linux-x86_64-server-slowdebug/jdk/lib/libzip.so
7f3313bd2000-7f3313bd3000 r--p 00008000 08:01 1989488                    /home/dmitry/Downloads/LOOM/loom/build/linux-x86_64-server-slowdebug/jdk/lib/libzip.so
7f3313bd3000-7f3313bd4000 rw-p 00009000 08:01 1989488                    /home/dmitry/Downloads/LOOM/loom/build/linux-x86_64-server-slowdebug/jdk/lib/libzip.so
7f3313bd4000-7f3313bdf000 r-xp 00000000 08:01 1184572                    /lib/x86_64-linux-gnu/libnss_files-2.27.so
7f3313bdf000-7f3313dde000 ---p 0000b000 08:01 1184572                    /lib/x86_64-linux-gnu/libnss_files-2.27.so
7f3313dde000-7f3313ddf000 r--p 0000a000 08:01 1184572                    /lib/x86_64-linux-gnu/libnss_files-2.27.so
7f3313ddf000-7f3313de0000 rw-p 0000b000 08:01 1184572                    /lib/x86_64-linux-gnu/libnss_files-2.27.so
7f3313de0000-7f3313de6000 rw-p 00000000 00:00 0 
7f3313de6000-7f3313dfd000 r-xp 00000000 08:01 1184566                    /lib/x86_64-linux-gnu/libnsl-2.27.so
7f3313dfd000-7f3313ffc000 ---p 00017000 08:01 1184566                    /lib/x86_64-linux-gnu/libnsl-2.27.so
7f3313ffc000-7f3313ffd000 r--p 00016000 08:01 1184566                    /lib/x86_64-linux-gnu/libnsl-2.27.so
7f3313ffd000-7f3313ffe000 rw-p 00017000 08:01 1184566                    /lib/x86_64-linux-gnu/libnsl-2.27.so
7f3313ffe000-7f3314000000 rw-p 00000000 00:00 0 
7f3314000000-7f3314669000 rw-p 00000000 00:00 0 
7f3314669000-7f3318000000 ---p 00000000 00:00 0 
7f331801d000-7f331807d000 rw-p 00000000 00:00 0 
7f331807d000-7f3318163000 ---p 00000000 00:00 0 
7f3318163000-7f331816e000 r-xp 00000000 08:01 1184583                    /lib/x86_64-linux-gnu/libnss_nis-2.27.so
7f331816e000-7f331836d000 ---p 0000b000 08:01 1184583                    /lib/x86_64-linux-gnu/libnss_nis-2.27.so
7f331836d000-7f331836e000 r--p 0000a000 08:01 1184583                    /lib/x86_64-linux-gnu/libnss_nis-2.27.so
7f331836e000-7f331836f000 rw-p 0000b000 08:01 1184583                    /lib/x86_64-linux-gnu/libnss_nis-2.27.so
7f331836f000-7f3318377000 r-xp 00000000 08:01 1184568                    /lib/x86_64-linux-gnu/libnss_compat-2.27.so
7f3318377000-7f3318577000 ---p 00008000 08:01 1184568                    /lib/x86_64-linux-gnu/libnss_compat-2.27.so
7f3318577000-7f3318578000 r--p 00008000 08:01 1184568                    /lib/x86_64-linux-gnu/libnss_compat-2.27.so
7f3318578000-7f3318579000 rw-p 00009000 08:01 1184568                    /lib/x86_64-linux-gnu/libnss_compat-2.27.so
7f3318579000-7f33185a9000 r-xp 00000000 08:01 1989483                    /home/dmitry/Downloads/LOOM/loom/build/linux-x86_64-server-slowdebug/jdk/lib/libjava.so
7f33185a9000-7f33187a8000 ---p 00030000 08:01 1989483                    /home/dmitry/Downloads/LOOM/loom/build/linux-x86_64-server-slowdebug/jdk/lib/libjava.so
7f33187a8000-7f33187a9000 r--p 0002f000 08:01 1989483                    /home/dmitry/Downloads/LOOM/loom/build/linux-x86_64-server-slowdebug/jdk/lib/libjava.so
7f33187a9000-7f33187ab000 rw-p 00030000 08:01 1989483                    /home/dmitry/Downloads/LOOM/loom/build/linux-x86_64-server-slowdebug/jdk/lib/libjava.so
7f33187ab000-7f33187bd000 r-xp 00000000 08:01 1989472                    /home/dmitry/Downloads/LOOM/loom/build/linux-x86_64-server-slowdebug/jdk/lib/libverify.so
7f33187bd000-7f33189bd000 ---p 00012000 08:01 1989472                    /home/dmitry/Downloads/LOOM/loom/build/linux-x86_64-server-slowdebug/jdk/lib/libverify.so
7f33189bd000-7f33189bf000 r--p 00012000 08:01 1989472                    /home/dmitry/Downloads/LOOM/loom/build/linux-x86_64-server-slowdebug/jdk/lib/libverify.so
7f33189bf000-7f33189c0000 rw-p 00014000 08:01 1989472                    /home/dmitry/Downloads/LOOM/loom/build/linux-x86_64-server-slowdebug/jdk/lib/libverify.so
7f33189c0000-7f3318b5d000 r-xp 00000000 08:01 1184545                    /lib/x86_64-linux-gnu/libm-2.27.so
7f3318b5d000-7f3318d5c000 ---p 0019d000 08:01 1184545                    /lib/x86_64-linux-gnu/libm-2.27.so
7f3318d5c000-7f3318d5d000 r--p 0019c000 08:01 1184545                    /lib/x86_64-linux-gnu/libm-2.27.so
7f3318d5d000-7f3318d5e000 rw-p 0019d000 08:01 1184545                    /lib/x86_64-linux-gnu/libm-2.27.so
7f3318d5e000-7f331ac3f000 r-xp 00000000 08:01 2135513                    /home/dmitry/Downloads/LOOM/loom/build/linux-x86_64-server-slowdebug/jdk/lib/server/libjvm.so
7f331ac3f000-7f331ae3f000 ---p 01ee1000 08:01 2135513                    /home/dmitry/Downloads/LOOM/loom/build/linux-x86_64-server-slowdebug/jdk/lib/server/libjvm.so
7f331ae3f000-7f331af3a000 r--p 01ee1000 08:01 2135513                    /home/dmitry/Downloads/LOOM/loom/build/linux-x86_64-server-slowdebug/jdk/lib/server/libjvm.so
7f331af3a000-7f331af7a000 rw-p 01fdc000 08:01 2135513                    /home/dmitry/Downloads/LOOM/loom/build/linux-x86_64-server-slowdebug/jdk/lib/server/libjvm.so
7f331af7a000-7f331b04d000 rw-p 00000000 00:00 0 
7f331b04d000-7f331b067000 r-xp 00000000 08:01 1184615                    /lib/x86_64-linux-gnu/libpthread-2.27.so
7f331b067000-7f331b266000 ---p 0001a000 08:01 1184615                    /lib/x86_64-linux-gnu/libpthread-2.27.so
7f331b266000-7f331b267000 r--p 00019000 08:01 1184615                    /lib/x86_64-linux-gnu/libpthread-2.27.so
7f331b267000-7f331b268000 rw-p 0001a000 08:01 1184615                    /lib/x86_64-linux-gnu/libpthread-2.27.so
7f331b268000-7f331b26c000 rw-p 00000000 00:00 0 
7f331b26c000-7f331b26f000 r-xp 00000000 08:01 1184505                    /lib/x86_64-linux-gnu/libdl-2.27.so
7f331b26f000-7f331b46e000 ---p 00003000 08:01 1184505                    /lib/x86_64-linux-gnu/libdl-2.27.so
7f331b46e000-7f331b46f000 r--p 00002000 08:01 1184505                    /lib/x86_64-linux-gnu/libdl-2.27.so
7f331b46f000-7f331b470000 rw-p 00003000 08:01 1184505                    /lib/x86_64-linux-gnu/libdl-2.27.so
7f331b470000-7f331b48c000 r-xp 00000000 08:01 1184654                    /lib/x86_64-linux-gnu/libz.so.1.2.11
7f331b48c000-7f331b68b000 ---p 0001c000 08:01 1184654                    /lib/x86_64-linux-gnu/libz.so.1.2.11
7f331b68b000-7f331b68c000 r--p 0001b000 08:01 1184654                    /lib/x86_64-linux-gnu/libz.so.1.2.11
7f331b68c000-7f331b68d000 rw-p 0001c000 08:01 1184654                    /lib/x86_64-linux-gnu/libz.so.1.2.11
7f331b68d000-7f331b874000 r-xp 00000000 08:01 1184482                    /lib/x86_64-linux-gnu/libc-2.27.so
7f331b874000-7f331ba74000 ---p 001e7000 08:01 1184482                    /lib/x86_64-linux-gnu/libc-2.27.so
7f331ba74000-7f331ba78000 r--p 001e7000 08:01 1184482                    /lib/x86_64-linux-gnu/libc-2.27.so
7f331ba78000-7f331ba7a000 rw-p 001eb000 08:01 1184482                    /lib/x86_64-linux-gnu/libc-2.27.so
7f331ba7a000-7f331ba7e000 rw-p 00000000 00:00 0 
7f331ba7e000-7f331ba91000 r-xp 00000000 08:01 1989476                    /home/dmitry/Downloads/LOOM/loom/build/linux-x86_64-server-slowdebug/jdk/lib/libjli.so
7f331ba91000-7f331bc90000 ---p 00013000 08:01 1989476                    /home/dmitry/Downloads/LOOM/loom/build/linux-x86_64-server-slowdebug/jdk/lib/libjli.so
7f331bc90000-7f331bc91000 r--p 00012000 08:01 1989476                    /home/dmitry/Downloads/LOOM/loom/build/linux-x86_64-server-slowdebug/jdk/lib/libjli.so
7f331bc91000-7f331bc92000 rw-p 00013000 08:01 1989476                    /home/dmitry/Downloads/LOOM/loom/build/linux-x86_64-server-slowdebug/jdk/lib/libjli.so
7f331bc92000-7f331bcb9000 r-xp 00000000 08:01 1184454                    /lib/x86_64-linux-gnu/ld-2.27.so
7f331bce6000-7f331bd99000 rw-p 00000000 00:00 0 
7f331bd99000-7f331bda0000 ---p 00000000 00:00 0 
7f331bda0000-7f331bda4000 ---p 00000000 00:00 0 
7f331bda4000-7f331bea3000 rw-p 00000000 00:00 0 
7f331beac000-7f331beb4000 rw-s 00000000 08:01 525055                     /tmp/hsperfdata_dmitry/27801
7f331beb4000-7f331beb5000 ---p 00000000 00:00 0 
7f331beb5000-7f331beb6000 r--p 00000000 00:00 0 
7f331beb6000-7f331beb7000 rwxp 00000000 00:00 0 
7f331beb7000-7f331beb9000 rw-p 00000000 00:00 0 
7f331beb9000-7f331beba000 r--p 00027000 08:01 1184454                    /lib/x86_64-linux-gnu/ld-2.27.so
7f331beba000-7f331bebb000 rw-p 00028000 08:01 1184454                    /lib/x86_64-linux-gnu/ld-2.27.so
7f331bebb000-7f331bebc000 rw-p 00000000 00:00 0 
7ffc1e517000-7ffc1e53a000 rw-p 00000000 00:00 0                          [stack]
7ffc1e5f3000-7ffc1e5f6000 r--p 00000000 00:00 0                          [vvar]
7ffc1e5f6000-7ffc1e5f8000 r-xp 00000000 00:00 0                          [vdso]
ffffffffff600000-ffffffffff601000 r-xp 00000000 00:00 0                  [vsyscall]


VM Arguments:
jvm_args: -Didea.launcher.port=15233 -Didea.launcher.bin.path=/home/dmitry/Downloads/idea-IC-183.5912.21/bin -Dfile.encoding=UTF-8 
java_command: com.intellij.rt.execution.application.AppMainV2 NewMain
java_class_path (initial): /home/dmitry/Downloads/LOOM/loom/build/linux-x86_64-server-slowdebug/jdk/modules/java.base:/home/dmitry/Downloads/LOOM/loom/build/linux-x86_64-server-slowdebug/jdk/modules/java.compiler:/home/dmitry/Downloads/LOOM/loom/build/linux-x86_64-server-slowdebug/jdk/modules/java.datatransfer:/home/dmitry/Downloads/LOOM/loom/build/linux-x86_64-server-slowdebug/jdk/modules/java.desktop:/home/dmitry/Downloads/LOOM/loom/build/linux-x86_64-server-slowdebug/jdk/modules/java.instrument:/home/dmitry/Downloads/LOOM/loom/build/linux-x86_64-server-slowdebug/jdk/modules/java.logging:/home/dmitry/Downloads/LOOM/loom/build/linux-x86_64-server-slowdebug/jdk/modules/java.management:/home/dmitry/Downloads/LOOM/loom/build/linux-x86_64-server-slowdebug/jdk/modules/java.management.rmi:/home/dmitry/Downloads/LOOM/loom/build/linux-x86_64-server-slowdebug/jdk/modules/java.naming:/home/dmitry/Downloads/LOOM/loom/build/linux-x86_64-server-slowdebug/jdk/modules/java.net.http:/home/dmitry/Downloads/LOOM/loom/build/linux-x86_64-server-slowdebug/jdk/modules/java.prefs:/home/dmitry/Downloads/LOOM/loom/build/linux-x86_64-server-slowdebug/jdk/modules/java.rmi:/home/dmitry/Downloads/LOOM/loom/build/linux-x86_64-server-slowdebug/jdk/modules/java.scripting:/home/dmitry/Downloads/LOOM/loom/build/linux-x86_64-server-slowdebug/jdk/modules/java.se:/home/dmitry/Downloads/LOOM/loom/build/linux-x86_64-server-slowdebug/jdk/modules/java.security.jgss:/home/dmitry/Downloads/LOOM/loom/build/linux-x86_64-server-slowdebug/jdk/modules/java.security.sasl:/home/dmitry/Downloads/LOOM/loom/build/linux-x86_64-server-slowdebug/jdk/modules/java.smartcardio:/home/dmitry/Downloads/LOOM/loom/build/linux-x86_64-server-slowdebug/jdk/modules/java.sql:/home/dmitry/Downloads/LOOM/loom/build/linux-x86_64-server-slowdebug/jdk/modules/java.sql.rowset:/home/dmitry/Downloads/LOOM/loom/build/linux-x86_64-server-slowdebug/jdk/modules/java.transaction.xa:/home/dmitry/Downloads/LOOM/loom/build/linux-x86_64-server-slo
Launcher Type: SUN_STANDARD

[Global flags]
     intx CICompilerCount                          = 3                                         {product} {ergonomic}     Number of compiler threads to run
     uint ConcGCThreads                            = 1                                         {product} {ergonomic}     Number of threads concurrent gc will use
     uint G1ConcRefinementThreads                  = 4                                         {product} {ergonomic}     The number of parallel rem set update threads. Will be set ergonomically by default.
   size_t G1HeapRegionSize                         = 1048576                                   {product} {ergonomic}     Size of the G1 regions.
    uintx GCDrainStackTargetSize                   = 64                                        {product} {ergonomic}     Number of entries we will try to leave on the stack during parallel gc
   size_t InitialHeapSize                          = 83886080                                  {product} {ergonomic}     Initial heap size (in bytes); zero means use ergonomics
   size_t MarkStackSize                            = 4194304                                   {product} {ergonomic}     Size of marking stack
   size_t MaxHeapSize                              = 1342177280                                {product} {ergonomic}     Maximum heap size (in bytes)
   size_t MaxNewSize                               = 805306368                                 {product} {ergonomic}     Maximum new generation size (in bytes), max_uintx means set ergonomically
   size_t MinHeapDeltaBytes                        = 1048576                                   {product} {ergonomic}     The minimum change in heap space due to GC (in bytes)
    uintx NonNMethodCodeHeapSize                   = 5830732                                {pd product} {ergonomic}     Size of code heap with non-nmethods (in bytes)
    uintx NonProfiledCodeHeapSize                  = 122913754                              {pd product} {ergonomic}     Size of code heap with non-profiled methods (in bytes)
    uintx ProfiledCodeHeapSize                     = 122913754                              {pd product} {ergonomic}     Size of code heap with profiled methods (in bytes)
    uintx ReservedCodeCacheSize                    = 251658240                              {pd product} {ergonomic}     Reserved code cache size (in bytes) - maximum code cache size
     bool SegmentedCodeCache                       = true                                      {product} {ergonomic}     Use a segmented code cache
     bool UseCompressedClassPointers               = true                                 {lp64_product} {ergonomic}     Use 32-bit class pointers in 64-bit VM. lp64_product means flag is always constant in 32 bit VM
     bool UseCompressedOops                        = true                                 {lp64_product} {ergonomic}     Use 32-bit object references in 64-bit VM. lp64_product means flag is always constant in 32 bit VM
     bool UseG1GC                                  = true                                      {product} {ergonomic}     Use the Garbage-First garbage collector

Logging:
Log output configuration:
 #0: stdout all=warning uptime,level,tags
 #1: stderr all=off uptime,level,tags

Environment Variables:
JAVA_HOME=/home/dmitry/usr/local/java/jdk1.8.0
PATH=/bin:/home/dmitry/Downloads/LOOM/loom/build/linux-x86_64-server-slowdebug/jdk/bin:/usr/local/sbin:/usr/local/bin:/usr/sbin:/usr/bin:/sbin:/bin:/usr/games:/usr/local/games:/snap/bin
USERNAME=dmitry
SHELL=/bin/bash
DISPLAY=:0

Signal Handlers:
SIGSEGV: [libjvm.so+0x13a978f], sa_mask[0]=11111111011111111101111111111110, sa_flags=SA_RESTART|SA_SIGINFO
SIGBUS: [libjvm.so+0x13a978f], sa_mask[0]=11111111011111111101111111111110, sa_flags=SA_RESTART|SA_SIGINFO
SIGFPE: [libjvm.so+0x13a978f], sa_mask[0]=11111111011111111101111111111110, sa_flags=SA_RESTART|SA_SIGINFO
SIGPIPE: [libjvm.so+0x107aecc], sa_mask[0]=11111111011111111101111111111110, sa_flags=SA_RESTART|SA_SIGINFO
SIGXFSZ: [libjvm.so+0x107aecc], sa_mask[0]=11111111011111111101111111111110, sa_flags=SA_RESTART|SA_SIGINFO
SIGILL: [libjvm.so+0x13a978f], sa_mask[0]=11111111011111111101111111111110, sa_flags=SA_RESTART|SA_SIGINFO
SIGUSR2: [libjvm.so+0x107a6e7], sa_mask[0]=00100000000000000000000000000000, sa_flags=SA_RESTART|SA_SIGINFO
SIGHUP: [libjvm.so+0x1076502], sa_mask[0]=11111111011111111101111111111110, sa_flags=SA_RESTART|SA_SIGINFO
SIGINT: [libjvm.so+0x1076502], sa_mask[0]=11111111011111111101111111111110, sa_flags=SA_RESTART|SA_SIGINFO
SIGTERM: [libjvm.so+0x1076502], sa_mask[0]=11111111011111111101111111111110, sa_flags=SA_RESTART|SA_SIGINFO
SIGQUIT: [libjvm.so+0x1076502], sa_mask[0]=11111111011111111101111111111110, sa_flags=SA_RESTART|SA_SIGINFO


---------------  S Y S T E M  ---------------

OS:DISTRIB_ID=Ubuntu
DISTRIB_RELEASE=18.04
DISTRIB_CODENAME=bionic
DISTRIB_DESCRIPTION="Ubuntu 18.04.2 LTS"
uname:Linux dmitry-VirtualBox 4.18.0-21-generic #22~18.04.1-Ubuntu SMP Thu May 16 15:07:19 UTC 2019 x86_64
libc:glibc 2.27 NPTL 2.27 
rlimit: STACK 8192k, CORE 0k, NPROC 20272, NOFILE 4096, AS infinity, DATA infinity, FSIZE infinity
load average:2,66 2,59 2,66

/proc/meminfo:
MemTotal:        5234988 kB
MemFree:          239700 kB
MemAvailable:    2168672 kB
Buffers:          166876 kB
Cached:          1883972 kB
SwapCached:            0 kB
Active:          3057332 kB
Inactive:        1544416 kB
Active(anon):    2034656 kB
Inactive(anon):   578596 kB
Active(file):    1022676 kB
Inactive(file):   965820 kB
Unevictable:          32 kB
Mlocked:              32 kB
SwapTotal:       2097148 kB
SwapFree:        2096624 kB
Dirty:               576 kB
Writeback:             0 kB
AnonPages:       2551020 kB
Mapped:           258776 kB
Shmem:             62352 kB
Slab:             274548 kB
SReclaimable:     231776 kB
SUnreclaim:        42772 kB
KernelStack:        9888 kB
PageTables:        35876 kB
NFS_Unstable:          0 kB
Bounce:                0 kB
WritebackTmp:          0 kB
CommitLimit:     4714640 kB
Committed_AS:    5653352 kB
VmallocTotal:   34359738367 kB
VmallocUsed:           0 kB
VmallocChunk:          0 kB
HardwareCorrupted:     0 kB
AnonHugePages:         0 kB
ShmemHugePages:        0 kB
ShmemPmdMapped:        0 kB
CmaTotal:              0 kB
CmaFree:               0 kB
HugePages_Total:       0
HugePages_Free:        0
HugePages_Rsvd:        0
HugePages_Surp:        0
Hugepagesize:       2048 kB
Hugetlb:               0 kB
DirectMap4k:      153536 kB
DirectMap2M:     5257216 kB


/proc/sys/kernel/threads-max (system-wide limit on the number of threads):
40544


/proc/sys/vm/max_map_count (maximum number of memory map areas a process may have):
65530


/proc/sys/kernel/pid_max (system-wide limit on number of process identifiers):
32768



container (cgroup) information:
container_type: cgroupv1
cpu_cpuset_cpus: 0-3
cpu_memory_nodes: 0
active_processor_count: 4
cpu_quota: no quota
cpu_period: 100000
cpu_shares: no shares
memory_limit_in_bytes: unlimited
memory_and_swap_limit_in_bytes: not supported
memory_soft_limit_in_bytes: unlimited
memory_usage_in_bytes: 4712300544
memory_max_usage_in_bytes: 2060288

KVM virtualization detected
Steal ticks since vm start: 0
Steal ticks percentage since vm start:  0,000

CPU:total 4 (initial active 4) (4 cores per cpu, 1 threads per core) family 6 model 60 stepping 3, cmov, cx8, fxsr, mmx, sse, sse2, sse3, ssse3, sse4.1, sse4.2, popcnt, avx, avx2, aes, clmul, lzcnt, tsc, tscinvbit
CPU Model and flags from /proc/cpuinfo:
model name	: Intel(R) Core(TM) i7-4700HQ CPU @ 2.40GHz
flags		: fpu vme de pse tsc msr pae mce cx8 apic sep mtrr pge mca cmov pat pse36 clflush mmx fxsr sse sse2 ht syscall nx rdtscp lm constant_tsc rep_good nopl xtopology nonstop_tsc cpuid tsc_known_freq pni pclmulqdq ssse3 cx16 pcid sse4_1 sse4_2 x2apic movbe popcnt aes xsave avx rdrand hypervisor lahf_lm abm invpcid_single pti fsgsbase avx2 invpcid flush_l1d

Memory: 4k page, physical 5234988k(239700k free), swap 2097148k(2096624k free)

vm_info: OpenJDK 64-Bit Server VM (slowdebug 13-internal+0-adhoc.dmitry.loom) for linux-amd64 JRE (13-internal+0-adhoc.dmitry.loom), built on Jun 13 2019 08:40:47 by "dmitry" with gcc 7.4.0

END.
