#
# A fatal error has been detected by the Java Runtime Environment:
#
#  SIGSEGV (0xb) at pc=0x00007fdeb921df7a, pid=18631, tid=18665
#
# JRE version: OpenJDK Runtime Environment (13.0) (build 13-internal+0-adhoc.dmitry.loom)
# Java VM: OpenJDK 64-Bit Server VM (13-internal+0-adhoc.dmitry.loom, mixed mode, tiered, compressed oops, g1 gc, linux-amd64)
# Problematic frame:
# V  [libjvm.so+0x683f7a]  ContMirror::read()+0x1a
#
# Core dump will be written. Default location: Core dumps may be processed with "/usr/share/apport/apport %p %s %c %d %P" (or dumping to /home/dmitry/Downloads/LoadDetector/core.18631)
#
# If you would like to submit a bug report, please visit:
#   http://bugreport.java.com/bugreport/crash.jsp
#

---------------  S U M M A R Y ------------

Command Line: -Didea.launcher.port=1381 -Didea.launcher.bin.path=/home/dmitry/Downloads/idea-IC-183.5912.21/bin -Dfile.encoding=UTF-8 com.intellij.rt.execution.application.AppMainV2 Main

Host: Intel(R) Core(TM) i7-4700HQ CPU @ 2.40GHz, 4 cores, 4G, Ubuntu 18.04.2 LTS
Time: Sun May 19 22:55:56 2019 MSK elapsed time: 1 seconds (0d 0h 0m 1s)

---------------  T H R E A D  ---------------

Current thread (0x00007fdeb429e800):  JavaThread "Thread-1" [_thread_in_vm, id=18665, stack(0x00007fde90274000,0x00007fde90375000)]

Stack: [0x00007fde90274000,0x00007fde90375000],  sp=0x00007fde903711c0,  free space=1012k
Native frames: (J=compiled Java code, A=aot compiled Java code, j=interpreted, Vv=VM code, C=native code)
V  [libjvm.so+0x683f7a]  ContMirror::read()+0x1a
V  [libjvm.so+0x689627]  Continuation::freeze0(JavaThread*, FrameInfo*, bool) [clone .part.305]+0x507
V  [libjvm.so+0x689d67]  Continuation::freeze(JavaThread*, FrameInfo*)+0x127
v  ~RuntimeStub::cont_doYield
C  0x00007fde90373848
j  java.lang.Continuation.pause(Ljava/lang/ContinuationScope;)Z+3 java.base
j  Main.lambda$main$1(Ljava/lang/Continuation;)V+24
j  Main$$Lambda$39.run()V+4
j  java.lang.Thread.run()V+11 java.base
v  ~StubRoutines::call_stub
V  [libjvm.so+0x8bcfe9]  JavaCalls::call_helper(JavaValue*, methodHandle const&, JavaCallArguments*, Thread*)+0x3c9
V  [libjvm.so+0x8bb005]  JavaCalls::call_virtual(JavaValue*, Handle, Klass*, Symbol*, Symbol*, Thread*)+0x1e5
V  [libjvm.so+0x965e7c]  thread_entry(JavaThread*, Thread*)+0x6c
V  [libjvm.so+0xf73932]  JavaThread::run()+0x232
V  [libjvm.so+0xf716ad]  Thread::call_run()+0x10d
V  [libjvm.so+0xc8ba17]  thread_native_entry(Thread*)+0xe7

Java frames: (J=compiled Java code, j=interpreted, Vv=VM code)
v  ~RuntimeStub::cont_doYield
j  java.lang.Continuation.yield0(Ljava/lang/ContinuationScope;Ljava/lang/Continuation;)Z+60 java.base
j  java.lang.Continuation.pause(Ljava/lang/ContinuationScope;)Z+3 java.base
j  Main.lambda$main$1(Ljava/lang/Continuation;)V+24
j  Main$$Lambda$39.run()V+4
j  java.lang.Thread.run()V+11 java.base
v  ~StubRoutines::call_stub

siginfo: si_signo: 11 (SIGSEGV), si_code: 1 (SEGV_MAPERR), si_addr: 0x0000000000000020

Register to memory mapping:

RAX=0x0000000000000020 is an unknown value
RBX=0x00007fde90372560 is pointing into the stack for thread: 0x00007fdeb429e800
RCX=0x00007fdea45b6c98 is pointing into interpreter code (not bytecode specific)
RDX=0x00007fdeba218b58: <offset 0x000000000167eb58> in /home/dmitry/Downloads/LOOM/loom/build/linux-x86_64-server-release/jdk/lib/server/libjvm.so at 0x00007fdeb8b9a000
RSP=0x00007fde903711c0 is pointing into the stack for thread: 0x00007fdeb429e800
RBP=0x00007fde903711d0 is pointing into the stack for thread: 0x00007fdeb429e800
RSI=0x00007fde90373848 is pointing into the stack for thread: 0x00007fdeb429e800
RDI=0x0 is NULL
R8 =0x00007fdea45a3000 points into unknown readable memory: 04 00 00 00 00 00 00 00
R9 =0x000000000000000b is an unknown value
R10=0x0000000000000800 is an unknown value
R11=0x0000000000000400 is an unknown value
R12=0x00007fdeb429ed80 points into unknown readable memory: 00 00 00 00 00 00 00 00
R13=0x00007fde90372560 is pointing into the stack for thread: 0x00007fdeb429e800
R14=0x00007fde90373820 is pointing into the stack for thread: 0x00007fdeb429e800
R15=0x00007fdeb429ed40 points into unknown readable memory: 02 00 00 00 de 7f 00 00


Registers:
RAX=0x0000000000000020, RBX=0x00007fde90372560, RCX=0x00007fdea45b6c98, RDX=0x00007fdeba218b58
RSP=0x00007fde903711c0, RBP=0x00007fde903711d0, RSI=0x00007fde90373848, RDI=0x0000000000000000
R8 =0x00007fdea45a3000, R9 =0x000000000000000b, R10=0x0000000000000800, R11=0x0000000000000400
R12=0x00007fdeb429ed80, R13=0x00007fde90372560, R14=0x00007fde90373820, R15=0x00007fdeb429ed40
RIP=0x00007fdeb921df7a, EFLAGS=0x0000000000010206, CSGSFS=0x002b000000000033, ERR=0x0000000000000004
  TRAPNO=0x000000000000000e

Top of Stack: (sp=0x00007fde903711c0)
0x00007fde903711c0:   00007fdea45b99b0 00007fdeb429e800
0x00007fde903711d0:   00007fde903737d0 00007fdeb9223627
0x00007fde903711e0:   00007fdeb429e800 00007fde903712e0
0x00007fde903711f0:   0000000000000000 00007fdeba216220 

Instructions: (pc=0x00007fdeb921df7a)
0x00007fdeb921de7a:   08 48 63 00 89 0c 02 48 8d 05 4c e4 fd 00 48 8b
0x00007fdeb921de8a:   4b 30 48 8b 53 08 48 63 00 48 89 0c 02 48 8d 05
0x00007fdeb921de9a:   2e e4 fd 00 48 8b 53 08 48 8b 4b 38 48 63 00 48
0x00007fdeb921deaa:   89 0c 02 48 8d 05 14 e4 fd 00 8b 4b 60 48 8b 53
0x00007fdeb921deba:   08 48 63 00 89 0c 02 48 8d 05 18 e4 fd 00 48 8b
0x00007fdeb921deca:   53 08 48 8b 4b 10 48 63 00 48 89 0c 02 48 8d 05
0x00007fdeb921deda:   fe e3 fd 00 48 8b 4b 18 48 8b 53 08 48 63 00 48
0x00007fdeb921deea:   89 0c 02 48 8d 05 e4 e3 fd 00 48 63 00 48 8b 53
0x00007fdeb921defa:   08 48 8b 4b 20 48 89 0c 02 48 8d 05 ee e3 fd 00
0x00007fdeb921df0a:   48 8b 53 08 48 8b 4b 58 48 63 00 89 0c 02 48 8d
0x00007fdeb921df1a:   05 a1 e3 fd 00 0f b6 4b 70 48 8b 53 08 48 63 00
0x00007fdeb921df2a:   88 0c 02 48 8d 05 c0 e3 fd 00 0f b7 4b 74 48 8b
0x00007fdeb921df3a:   53 08 48 63 00 66 89 0c 02 48 8d 05 a6 e3 fd 00
0x00007fdeb921df4a:   0f b7 4b 72 48 8b 53 08 48 63 00 66 89 0c 02 48
0x00007fdeb921df5a:   83 c4 08 5b 5d c3 55 48 89 e5 53 48 89 fb 48 83
0x00007fdeb921df6a:   ec 08 48 8d 05 6d e3 fd 00 48 8b 7f 08 48 63 00
0x00007fdeb921df7a:   48 8b 04 38 48 89 43 10 48 8d 05 53 e3 fd 00 48
0x00007fdeb921df8a:   63 00 48 8b 04 38 48 89 43 18 48 8d 05 3d e3 fd
0x00007fdeb921df9a:   00 48 63 00 48 8b 04 38 48 89 43 20 48 8d 05 23
0x00007fdeb921dfaa:   e3 fd 00 48 63 00 8b 04 38 89 43 28 48 8d 05 17
0x00007fdeb921dfba:   e3 fd 00 48 63 00 48 8b 04 38 48 89 43 30 48 8d
0x00007fdeb921dfca:   05 fd e2 fd 00 48 63 00 48 8b 04 38 48 89 43 38
0x00007fdeb921dfda:   48 8d 05 1b e3 fd 00 48 63 30 ff 15 56 40 f7 00
0x00007fdeb921dfea:   48 85 c0 48 89 43 40 0f 84 b9 01 00 00 48 8d 15
0x00007fdeb921dffa:   de c7 fd 00 80 3a 01 48 19 c9 83 e1 04 80 3a 01
0x00007fdeb921e00a:   8b 4c 08 0c 48 19 d2 89 4b 48 83 e2 08 48 8d 44
0x00007fdeb921e01a:   10 10 48 89 43 50 48 8d 05 d1 e2 fd 00 48 8b 7b
0x00007fdeb921e02a:   08 48 63 00 48 63 04 07 48 89 43 58 48 8d 05 af
0x00007fdeb921e03a:   e2 fd 00 48 63 30 ff 15 fa 3f f7 00 48 8d 15 7b
0x00007fdeb921e04a:   e2 fd 00 48 89 43 68 48 8b 43 08 48 83 3d d3 ac
0x00007fdeb921e05a:   fb 00 00 48 63 12 8b 14 02 89 53 60 48 8d 15 53
0x00007fdeb921e06a:   e2 fd 00 48 63 12 0f b6 14 02 88 53 70 48 8d 15 


Stack slot to memory mapping:
stack at sp + 0 slots: 0x00007fdea45b99b0 is at code_begin+1584 in an Interpreter codelet
invoke return entry points  [0x00007fdea45b9380, 0x00007fdea45ba540]  4544 bytes
stack at sp + 1 slots: 0x00007fdeb429e800 is a thread
stack at sp + 2 slots: 0x00007fde903737d0 is pointing into the stack for thread: 0x00007fdeb429e800
stack at sp + 3 slots: 0x00007fdeb9223627: <offset 0x0000000000689627> in /home/dmitry/Downloads/LOOM/loom/build/linux-x86_64-server-release/jdk/lib/server/libjvm.so at 0x00007fdeb8b9a000
stack at sp + 4 slots: 0x00007fdeb429e800 is a thread
stack at sp + 5 slots: 0x00007fde903712e0 is pointing into the stack for thread: 0x00007fdeb429e800
stack at sp + 6 slots: 0x0 is NULL
stack at sp + 7 slots: 0x00007fdeba216220: <offset 0x000000000167c220> in /home/dmitry/Downloads/LOOM/loom/build/linux-x86_64-server-release/jdk/lib/server/libjvm.so at 0x00007fdeb8b9a000


---------------  P R O C E S S  ---------------

Threads class SMR info:
_java_thread_list=0x00007fde74002760, length=13, elements={
0x00007fdeb413b000, 0x00007fdeb413e000, 0x00007fdeb4160800, 0x00007fdeb4165000,
0x00007fdeb4167000, 0x00007fdeb4169000, 0x00007fdeb4181800, 0x00007fdeb4282000,
0x00007fdeb4296000, 0x00007fdeb429c800, 0x00007fdeb429e800, 0x00007fdeb4016800,
0x00007fde74001000
}

Java Threads: ( => current thread )
  0x00007fdeb413b000 JavaThread "Reference Handler" daemon [_thread_blocked, id=18647, stack(0x00007fde91d7c000,0x00007fde91e7d000)]
  0x00007fdeb413e000 JavaThread "Finalizer" daemon [_thread_blocked, id=18648, stack(0x00007fde91c7b000,0x00007fde91d7c000)]
  0x00007fdeb4160800 JavaThread "Signal Dispatcher" daemon [_thread_blocked, id=18652, stack(0x00007fde911ab000,0x00007fde912ac000)]
  0x00007fdeb4165000 JavaThread "C2 CompilerThread0" daemon [_thread_blocked, id=18653, stack(0x00007fde910aa000,0x00007fde911ab000)]
  0x00007fdeb4167000 JavaThread "C1 CompilerThread0" daemon [_thread_blocked, id=18654, stack(0x00007fde90fa9000,0x00007fde910aa000)]
  0x00007fdeb4169000 JavaThread "Sweeper thread" daemon [_thread_blocked, id=18655, stack(0x00007fde90ea8000,0x00007fde90fa9000)]
  0x00007fdeb4181800 JavaThread "Common-Cleaner" daemon [_thread_blocked, id=18657, stack(0x00007fde9097d000,0x00007fde90a7e000)]
  0x00007fdeb4282000 JavaThread "Service Thread" daemon [_thread_blocked, id=18659, stack(0x00007fde9087c000,0x00007fde9097d000)]
  0x00007fdeb4296000 JavaThread "Monitor Ctrl-Break" daemon [_thread_in_native, id=18663, stack(0x00007fde90679000,0x00007fde9077a000)]
  0x00007fdeb429c800 JavaThread "Thread-0" [_thread_in_Java, id=18664, stack(0x00007fde90375000,0x00007fde90476000)]
=>0x00007fdeb429e800 JavaThread "Thread-1" [_thread_in_vm, id=18665, stack(0x00007fde90274000,0x00007fde90375000)]
  0x00007fdeb4016800 JavaThread "DestroyJavaVM" [_thread_blocked, id=18637, stack(0x00007fdebaf9e000,0x00007fdebb09f000)]
  0x00007fde74001000 JavaThread "Attach Listener" daemon [_thread_blocked, id=18666, stack(0x00007fde90173000,0x00007fde90274000)]

Other Threads:
  0x00007fdeb412f000 VMThread "VM Thread" [stack: 0x00007fde91e7f000,0x00007fde91f7f000] [id=18646]
  0x00007fdeb4286000 WatcherThread [stack: 0x00007fde9077c000,0x00007fde9087c000] [id=18660]
  0x00007fdeb405a800 GCTaskThread "GC Thread#0" [stack: 0x00007fdea1034000,0x00007fdea1134000] [id=18638]
  0x00007fdeb4064000 ConcurrentGCThread "G1 Main Marker" [stack: 0x00007fdea0f32000,0x00007fdea1032000] [id=18639]
  0x00007fdeb4066000 ConcurrentGCThread "G1 Conc#0" [stack: 0x00007fdea0e30000,0x00007fdea0f30000] [id=18640]
  0x00007fdeb40ba000 ConcurrentGCThread "G1 Refine#0" [stack: 0x00007fdea092a000,0x00007fdea0a2a000] [id=18641]
  0x00007fdeb40bc000 ConcurrentGCThread "G1 Young RemSet Sampling" [stack: 0x00007fdea0828000,0x00007fdea0928000] [id=18642]

Threads with active compile tasks:

VM state:not at safepoint (normal execution)

VM Mutex/Monitor currently owned by a thread: None

Heap address: 0x00000000b0000000, size: 1280 MB, Compressed Oops mode: 32-bit
Narrow klass base: 0x0000000000000000, Narrow klass shift: 3
Compressed class space size: 1073741824 Address: 0x0000000100000000

Heap:
 garbage-first heap   total 81920K, used 8192K [0x00000000b0000000, 0x0000000100000000)
  region size 1024K, 9 young (9216K), 0 survivors (0K)
 Metaspace       used 8240K, capacity 8388K, committed 8576K, reserved 1056768K
  class space    used 733K, capacity 795K, committed 896K, reserved 1048576K
Heap Regions: E=young(eden), S=young(survivor), O=old, HS=humongous(starts), HC=humongous(continues), CS=collection set, F=free, A=archive, TAMS=top-at-mark-start (previous, next)
|   0|0x00000000b0000000, 0x00000000b0000000, 0x00000000b0100000|  0%| F|  |TAMS 0x00000000b0000000, 0x00000000b0000000| Untracked 
|   1|0x00000000b0100000, 0x00000000b0100000, 0x00000000b0200000|  0%| F|  |TAMS 0x00000000b0100000, 0x00000000b0100000| Untracked 
|   2|0x00000000b0200000, 0x00000000b0200000, 0x00000000b0300000|  0%| F|  |TAMS 0x00000000b0200000, 0x00000000b0200000| Untracked 
|   3|0x00000000b0300000, 0x00000000b0300000, 0x00000000b0400000|  0%| F|  |TAMS 0x00000000b0300000, 0x00000000b0300000| Untracked 
|   4|0x00000000b0400000, 0x00000000b0400000, 0x00000000b0500000|  0%| F|  |TAMS 0x00000000b0400000, 0x00000000b0400000| Untracked 
|   5|0x00000000b0500000, 0x00000000b0500000, 0x00000000b0600000|  0%| F|  |TAMS 0x00000000b0500000, 0x00000000b0500000| Untracked 
|   6|0x00000000b0600000, 0x00000000b0600000, 0x00000000b0700000|  0%| F|  |TAMS 0x00000000b0600000, 0x00000000b0600000| Untracked 
|   7|0x00000000b0700000, 0x00000000b0700000, 0x00000000b0800000|  0%| F|  |TAMS 0x00000000b0700000, 0x00000000b0700000| Untracked 
|   8|0x00000000b0800000, 0x00000000b0800000, 0x00000000b0900000|  0%| F|  |TAMS 0x00000000b0800000, 0x00000000b0800000| Untracked 
|   9|0x00000000b0900000, 0x00000000b0900000, 0x00000000b0a00000|  0%| F|  |TAMS 0x00000000b0900000, 0x00000000b0900000| Untracked 
|  10|0x00000000b0a00000, 0x00000000b0a00000, 0x00000000b0b00000|  0%| F|  |TAMS 0x00000000b0a00000, 0x00000000b0a00000| Untracked 
|  11|0x00000000b0b00000, 0x00000000b0b00000, 0x00000000b0c00000|  0%| F|  |TAMS 0x00000000b0b00000, 0x00000000b0b00000| Untracked 
|  12|0x00000000b0c00000, 0x00000000b0c00000, 0x00000000b0d00000|  0%| F|  |TAMS 0x00000000b0c00000, 0x00000000b0c00000| Untracked 
|  13|0x00000000b0d00000, 0x00000000b0d00000, 0x00000000b0e00000|  0%| F|  |TAMS 0x00000000b0d00000, 0x00000000b0d00000| Untracked 
|  14|0x00000000b0e00000, 0x00000000b0e00000, 0x00000000b0f00000|  0%| F|  |TAMS 0x00000000b0e00000, 0x00000000b0e00000| Untracked 
|  15|0x00000000b0f00000, 0x00000000b0f00000, 0x00000000b1000000|  0%| F|  |TAMS 0x00000000b0f00000, 0x00000000b0f00000| Untracked 
|  16|0x00000000b1000000, 0x00000000b1000000, 0x00000000b1100000|  0%| F|  |TAMS 0x00000000b1000000, 0x00000000b1000000| Untracked 
|  17|0x00000000b1100000, 0x00000000b1100000, 0x00000000b1200000|  0%| F|  |TAMS 0x00000000b1100000, 0x00000000b1100000| Untracked 
|  18|0x00000000b1200000, 0x00000000b1200000, 0x00000000b1300000|  0%| F|  |TAMS 0x00000000b1200000, 0x00000000b1200000| Untracked 
|  19|0x00000000b1300000, 0x00000000b1300000, 0x00000000b1400000|  0%| F|  |TAMS 0x00000000b1300000, 0x00000000b1300000| Untracked 
|  20|0x00000000b1400000, 0x00000000b1400000, 0x00000000b1500000|  0%| F|  |TAMS 0x00000000b1400000, 0x00000000b1400000| Untracked 
|  21|0x00000000b1500000, 0x00000000b1500000, 0x00000000b1600000|  0%| F|  |TAMS 0x00000000b1500000, 0x00000000b1500000| Untracked 
|  22|0x00000000b1600000, 0x00000000b1600000, 0x00000000b1700000|  0%| F|  |TAMS 0x00000000b1600000, 0x00000000b1600000| Untracked 
|  23|0x00000000b1700000, 0x00000000b1700000, 0x00000000b1800000|  0%| F|  |TAMS 0x00000000b1700000, 0x00000000b1700000| Untracked 
|  24|0x00000000b1800000, 0x00000000b1800000, 0x00000000b1900000|  0%| F|  |TAMS 0x00000000b1800000, 0x00000000b1800000| Untracked 
|  25|0x00000000b1900000, 0x00000000b1900000, 0x00000000b1a00000|  0%| F|  |TAMS 0x00000000b1900000, 0x00000000b1900000| Untracked 
|  26|0x00000000b1a00000, 0x00000000b1a00000, 0x00000000b1b00000|  0%| F|  |TAMS 0x00000000b1a00000, 0x00000000b1a00000| Untracked 
|  27|0x00000000b1b00000, 0x00000000b1b00000, 0x00000000b1c00000|  0%| F|  |TAMS 0x00000000b1b00000, 0x00000000b1b00000| Untracked 
|  28|0x00000000b1c00000, 0x00000000b1c00000, 0x00000000b1d00000|  0%| F|  |TAMS 0x00000000b1c00000, 0x00000000b1c00000| Untracked 
|  29|0x00000000b1d00000, 0x00000000b1d00000, 0x00000000b1e00000|  0%| F|  |TAMS 0x00000000b1d00000, 0x00000000b1d00000| Untracked 
|  30|0x00000000b1e00000, 0x00000000b1e00000, 0x00000000b1f00000|  0%| F|  |TAMS 0x00000000b1e00000, 0x00000000b1e00000| Untracked 
|  31|0x00000000b1f00000, 0x00000000b1f00000, 0x00000000b2000000|  0%| F|  |TAMS 0x00000000b1f00000, 0x00000000b1f00000| Untracked 
|  32|0x00000000b2000000, 0x00000000b2000000, 0x00000000b2100000|  0%| F|  |TAMS 0x00000000b2000000, 0x00000000b2000000| Untracked 
|  33|0x00000000b2100000, 0x00000000b2100000, 0x00000000b2200000|  0%| F|  |TAMS 0x00000000b2100000, 0x00000000b2100000| Untracked 
|  34|0x00000000b2200000, 0x00000000b2200000, 0x00000000b2300000|  0%| F|  |TAMS 0x00000000b2200000, 0x00000000b2200000| Untracked 
|  35|0x00000000b2300000, 0x00000000b2300000, 0x00000000b2400000|  0%| F|  |TAMS 0x00000000b2300000, 0x00000000b2300000| Untracked 
|  36|0x00000000b2400000, 0x00000000b2400000, 0x00000000b2500000|  0%| F|  |TAMS 0x00000000b2400000, 0x00000000b2400000| Untracked 
|  37|0x00000000b2500000, 0x00000000b2500000, 0x00000000b2600000|  0%| F|  |TAMS 0x00000000b2500000, 0x00000000b2500000| Untracked 
|  38|0x00000000b2600000, 0x00000000b2600000, 0x00000000b2700000|  0%| F|  |TAMS 0x00000000b2600000, 0x00000000b2600000| Untracked 
|  39|0x00000000b2700000, 0x00000000b2700000, 0x00000000b2800000|  0%| F|  |TAMS 0x00000000b2700000, 0x00000000b2700000| Untracked 
|  40|0x00000000b2800000, 0x00000000b2800000, 0x00000000b2900000|  0%| F|  |TAMS 0x00000000b2800000, 0x00000000b2800000| Untracked 
|  41|0x00000000b2900000, 0x00000000b2900000, 0x00000000b2a00000|  0%| F|  |TAMS 0x00000000b2900000, 0x00000000b2900000| Untracked 
|  42|0x00000000b2a00000, 0x00000000b2a00000, 0x00000000b2b00000|  0%| F|  |TAMS 0x00000000b2a00000, 0x00000000b2a00000| Untracked 
|  43|0x00000000b2b00000, 0x00000000b2b00000, 0x00000000b2c00000|  0%| F|  |TAMS 0x00000000b2b00000, 0x00000000b2b00000| Untracked 
|  44|0x00000000b2c00000, 0x00000000b2c00000, 0x00000000b2d00000|  0%| F|  |TAMS 0x00000000b2c00000, 0x00000000b2c00000| Untracked 
|  45|0x00000000b2d00000, 0x00000000b2d00000, 0x00000000b2e00000|  0%| F|  |TAMS 0x00000000b2d00000, 0x00000000b2d00000| Untracked 
|  46|0x00000000b2e00000, 0x00000000b2e00000, 0x00000000b2f00000|  0%| F|  |TAMS 0x00000000b2e00000, 0x00000000b2e00000| Untracked 
|  47|0x00000000b2f00000, 0x00000000b2f00000, 0x00000000b3000000|  0%| F|  |TAMS 0x00000000b2f00000, 0x00000000b2f00000| Untracked 
|  48|0x00000000b3000000, 0x00000000b3000000, 0x00000000b3100000|  0%| F|  |TAMS 0x00000000b3000000, 0x00000000b3000000| Untracked 
|  49|0x00000000b3100000, 0x00000000b3100000, 0x00000000b3200000|  0%| F|  |TAMS 0x00000000b3100000, 0x00000000b3100000| Untracked 
|  50|0x00000000b3200000, 0x00000000b3200000, 0x00000000b3300000|  0%| F|  |TAMS 0x00000000b3200000, 0x00000000b3200000| Untracked 
|  51|0x00000000b3300000, 0x00000000b3300000, 0x00000000b3400000|  0%| F|  |TAMS 0x00000000b3300000, 0x00000000b3300000| Untracked 
|  52|0x00000000b3400000, 0x00000000b3400000, 0x00000000b3500000|  0%| F|  |TAMS 0x00000000b3400000, 0x00000000b3400000| Untracked 
|  53|0x00000000b3500000, 0x00000000b3500000, 0x00000000b3600000|  0%| F|  |TAMS 0x00000000b3500000, 0x00000000b3500000| Untracked 
|  54|0x00000000b3600000, 0x00000000b3600000, 0x00000000b3700000|  0%| F|  |TAMS 0x00000000b3600000, 0x00000000b3600000| Untracked 
|  55|0x00000000b3700000, 0x00000000b3700000, 0x00000000b3800000|  0%| F|  |TAMS 0x00000000b3700000, 0x00000000b3700000| Untracked 
|  56|0x00000000b3800000, 0x00000000b3800000, 0x00000000b3900000|  0%| F|  |TAMS 0x00000000b3800000, 0x00000000b3800000| Untracked 
|  57|0x00000000b3900000, 0x00000000b3900000, 0x00000000b3a00000|  0%| F|  |TAMS 0x00000000b3900000, 0x00000000b3900000| Untracked 
|  58|0x00000000b3a00000, 0x00000000b3a00000, 0x00000000b3b00000|  0%| F|  |TAMS 0x00000000b3a00000, 0x00000000b3a00000| Untracked 
|  59|0x00000000b3b00000, 0x00000000b3b00000, 0x00000000b3c00000|  0%| F|  |TAMS 0x00000000b3b00000, 0x00000000b3b00000| Untracked 
|  60|0x00000000b3c00000, 0x00000000b3c00000, 0x00000000b3d00000|  0%| F|  |TAMS 0x00000000b3c00000, 0x00000000b3c00000| Untracked 
|  61|0x00000000b3d00000, 0x00000000b3d00000, 0x00000000b3e00000|  0%| F|  |TAMS 0x00000000b3d00000, 0x00000000b3d00000| Untracked 
|  62|0x00000000b3e00000, 0x00000000b3e00000, 0x00000000b3f00000|  0%| F|  |TAMS 0x00000000b3e00000, 0x00000000b3e00000| Untracked 
|  63|0x00000000b3f00000, 0x00000000b3f00000, 0x00000000b4000000|  0%| F|  |TAMS 0x00000000b3f00000, 0x00000000b3f00000| Untracked 
|  64|0x00000000b4000000, 0x00000000b4000000, 0x00000000b4100000|  0%| F|  |TAMS 0x00000000b4000000, 0x00000000b4000000| Untracked 
|  65|0x00000000b4100000, 0x00000000b4100000, 0x00000000b4200000|  0%| F|  |TAMS 0x00000000b4100000, 0x00000000b4100000| Untracked 
|  66|0x00000000b4200000, 0x00000000b4200000, 0x00000000b4300000|  0%| F|  |TAMS 0x00000000b4200000, 0x00000000b4200000| Untracked 
|  67|0x00000000b4300000, 0x00000000b4300000, 0x00000000b4400000|  0%| F|  |TAMS 0x00000000b4300000, 0x00000000b4300000| Untracked 
|  68|0x00000000b4400000, 0x00000000b4400000, 0x00000000b4500000|  0%| F|  |TAMS 0x00000000b4400000, 0x00000000b4400000| Untracked 
|  69|0x00000000b4500000, 0x00000000b4500000, 0x00000000b4600000|  0%| F|  |TAMS 0x00000000b4500000, 0x00000000b4500000| Untracked 
|  70|0x00000000b4600000, 0x00000000b4600000, 0x00000000b4700000|  0%| F|  |TAMS 0x00000000b4600000, 0x00000000b4600000| Untracked 
|  71|0x00000000b4700000, 0x00000000b47d9e70, 0x00000000b4800000| 85%| E|  |TAMS 0x00000000b4700000, 0x00000000b4700000| Complete 
|  72|0x00000000b4800000, 0x00000000b4900000, 0x00000000b4900000|100%| E|CS|TAMS 0x00000000b4800000, 0x00000000b4800000| Complete 
|  73|0x00000000b4900000, 0x00000000b4a00000, 0x00000000b4a00000|100%| E|CS|TAMS 0x00000000b4900000, 0x00000000b4900000| Complete 
|  74|0x00000000b4a00000, 0x00000000b4b00000, 0x00000000b4b00000|100%| E|CS|TAMS 0x00000000b4a00000, 0x00000000b4a00000| Complete 
|  75|0x00000000b4b00000, 0x00000000b4c00000, 0x00000000b4c00000|100%| E|CS|TAMS 0x00000000b4b00000, 0x00000000b4b00000| Complete 
|  76|0x00000000b4c00000, 0x00000000b4d00000, 0x00000000b4d00000|100%| E|CS|TAMS 0x00000000b4c00000, 0x00000000b4c00000| Complete 
|  77|0x00000000b4d00000, 0x00000000b4e00000, 0x00000000b4e00000|100%| E|CS|TAMS 0x00000000b4d00000, 0x00000000b4d00000| Complete 
|  78|0x00000000b4e00000, 0x00000000b4f00000, 0x00000000b4f00000|100%| E|CS|TAMS 0x00000000b4e00000, 0x00000000b4e00000| Complete 
|  79|0x00000000b4f00000, 0x00000000b5000000, 0x00000000b5000000|100%| E|CS|TAMS 0x00000000b4f00000, 0x00000000b4f00000| Complete 

Card table byte_map: [0x00007fdea3bb4000,0x00007fdea3e34000] _byte_map_base: 0x00007fdea3634000

Marking Bits (Prev, Next): (CMBitMap*) 0x00007fdeb405b9d8, (CMBitMap*) 0x00007fdeb405ba18
 Prev Bits: [0x00007fdea2534000, 0x00007fdea3934000)
 Next Bits: [0x00007fdea1134000, 0x00007fdea2534000)

Polling page: 0x00007fdebb0b2000

Metaspace:

Usage:
  Non-class:      7,42 MB capacity,     7,33 MB ( 99%) used,    73,60 KB ( <1%) free+waste,    12,19 KB ( <1%) overhead. 
      Class:    795,00 KB capacity,   733,49 KB ( 92%) used,    55,51 KB (  7%) free+waste,     6,00 KB ( <1%) overhead. 
       Both:      8,19 MB capacity,     8,05 MB ( 98%) used,   129,11 KB (  2%) free+waste,    18,19 KB ( <1%) overhead. 

Virtual space:
  Non-class space:        8,00 MB reserved,       7,50 MB ( 94%) committed 
      Class space:        1,00 GB reserved,     896,00 KB ( <1%) committed 
             Both:        1,01 GB reserved,       8,38 MB ( <1%) committed 

Chunk freelists:
   Non-Class:  63,00 KB
       Class:  5,00 KB
        Both:  68,00 KB

MaxMetaspaceSize: unlimited
CompressedClassSpaceSize: 1,00 GB

CodeHeap 'non-profiled nmethods': size=120032Kb used=164Kb max_used=164Kb free=119867Kb
 bounds [0x00007fdeac06b000, 0x00007fdeac2db000, 0x00007fdeb35a3000]
CodeHeap 'profiled nmethods': size=120032Kb used=846Kb max_used=846Kb free=119185Kb
 bounds [0x00007fdea4b33000, 0x00007fdea4da3000, 0x00007fdeac06b000]
CodeHeap 'non-nmethods': size=5696Kb used=1118Kb max_used=1131Kb free=4577Kb
 bounds [0x00007fdea45a3000, 0x00007fdea4813000, 0x00007fdea4b33000]
 total_blobs=1020 nmethods=555 adapters=257
 compilation: enabled
              stopped_count=0, restarted_count=0
 full_count=0

Compilation events (10 events):
Event: 1,326 Thread 0x00007fdeb4167000 nmethod 547 0x00007fdea4c05d90 code [0x00007fdea4c05f60, 0x00007fdea4c06238]
Event: 1,326 Thread 0x00007fdeb4167000  550       3       java.lang.invoke.MethodType::equals (31 bytes)
Event: 1,326 Thread 0x00007fdeb4167000 nmethod 550 0x00007fdea4c06390 code [0x00007fdea4c06540, 0x00007fdea4c06788]
Event: 1,327 Thread 0x00007fdeb4167000  557       1       sun.util.locale.BaseLocale::getLanguage (5 bytes)
Event: 1,327 Thread 0x00007fdeb4167000 nmethod 557 0x00007fdeac092a90 code [0x00007fdeac092c20, 0x00007fdeac092d30]
Event: 1,327 Thread 0x00007fdeb4167000  558       1       java.lang.invoke.MethodTypeForm::basicType (5 bytes)
Event: 1,327 Thread 0x00007fdeb4167000 nmethod 558 0x00007fdeac092d90 code [0x00007fdeac092f20, 0x00007fdeac093030]
Event: 1,328 Thread 0x00007fdeb4165000 nmethod 562 0x00007fdeac093090 code [0x00007fdeac093220, 0x00007fdeac093798]
Event: 1,328 Thread 0x00007fdeb4165000  563       4       java.lang.AbstractStringBuilder::append (77 bytes)
Event: 1,338 Thread 0x00007fdeb4165000 nmethod 563 0x00007fdeac093a10 code [0x00007fdeac093ba0, 0x00007fdeac094118]

GC Heap History (0 events):
No events

Deoptimization events (2 events):
Event: 0,770 Thread 0x00007fdeb4016800 Uncommon trap: reason=unstable_if action=reinterpret pc=0x00007fdeac0881a4 method=java.util.HashMap.putVal(ILjava/lang/Object;Ljava/lang/Object;ZZ)Ljava/lang/Object; @ 236 c2
Event: 1,260 Thread 0x00007fde74001000 Uncommon trap: reason=class_check action=maybe_recompile pc=0x00007fdeac082bb4 method=java.io.BufferedInputStream.read([BII)I @ 101 c2

Classes unloaded (0 events):
No events

Classes redefined (0 events):
No events

Internal exceptions (10 events):
Event: 0,423 Thread 0x00007fdeb4016800 Exception <a 'java/lang/NoSuchMethodError'{0x00000000b4c16740}: 'int java.lang.invoke.DirectMethodHandle$Holder.invokeStatic(java.lang.Object, java.lang.Object)'> (0x00000000b4c16740) 
thrown [/home/dmitry/Downloads/LOOM/loom/src/hotspot/share/interpreter/linkResolver.cpp, line 768]
for thread 0x00007fdeb4016800
Event: 0,426 Thread 0x00007fdeb4016800 Exception <a 'java/lang/NoSuchMethodError'{0x00000000b4c20d80}: 'java.lang.Object java.lang.invoke.DirectMethodHandle$Holder.invokeVirtual(java.lang.Object, java.lang.Object)'> (0x00000000b4c20d80) 
thrown [/home/dmitry/Downloads/LOOM/loom/src/hotspot/share/interpreter/linkResolver.cpp, line 768]
for thread 0x00007fdeb4016800
Event: 0,430 Thread 0x00007fdeb4016800 Exception <a 'java/lang/NoSuchMethodError'{0x00000000b4c28948}: 'int java.lang.invoke.DirectMethodHandle$Holder.invokeSpecial(java.lang.Object, java.lang.Object)'> (0x00000000b4c28948) 
thrown [/home/dmitry/Downloads/LOOM/loom/src/hotspot/share/interpreter/linkResolver.cpp, line 768]
for thread 0x00007fdeb4016800
Event: 0,668 Thread 0x00007fdeb4016800 Exception <a 'java/lang/NoSuchMethodError'{0x00000000b4ab95e8}: 'void java.lang.invoke.DirectMethodHandle$Holder.invokeStatic(java.lang.Object, java.lang.Object, java.lang.Object)'> (0x00000000b4ab95e8) 
thrown [/home/dmitry/Downloads/LOOM/loom/src/hotspot/share/interpreter/linkResolver.cpp, line 768]
for thread 0x00007fdeb4016800
Event: 0,693 Thread 0x00007fdeb4016800 Exception <a 'java/lang/NoSuchMethodError'{0x00000000b4ae4ba0}: 'java.lang.Object java.lang.invoke.Invokers$Holder.linkToTargetMethod(java.lang.Object, java.lang.Object, java.lang.Object, java.lang.Object)'> (0x00000000b4ae4ba0) 
thrown [/home/dmitry/Downloads/LOOM/loom/src/hotspot/share/interpreter/linkResolver.cpp, line 768]
for thread 0x00007fdeb4016800
Event: 0,862 Thread 0x00007fdeb4296000 Exception <a 'java/lang/NoSuchMethodError'{0x00000000b49dc598}: 'java.lang.Object java.lang.invoke.DirectMethodHandle$Holder.invokeStatic(java.lang.Object)'> (0x00000000b49dc598) 
thrown [/home/dmitry/Downloads/LOOM/loom/src/hotspot/share/interpreter/linkResolver.cpp, line 768]
for thread 0x00007fdeb4296000
Event: 0,863 Thread 0x00007fdeb4296000 Exception <a 'java/lang/NoSuchMethodError'{0x00000000b49df3b0}: 'java.lang.Object java.lang.invoke.DirectMethodHandle$Holder.invokeStaticInit(java.lang.Object)'> (0x00000000b49df3b0) 
thrown [/home/dmitry/Downloads/LOOM/loom/src/hotspot/share/interpreter/linkResolver.cpp, line 768]
for thread 0x00007fdeb4296000
Event: 0,875 Thread 0x00007fdeb4016800 Exception <a 'java/lang/NoSuchMethodError'{0x00000000b48175a0}: 'void java.lang.invoke.DirectMethodHandle$Holder.invokeStatic(java.lang.Object)'> (0x00000000b48175a0) 
thrown [/home/dmitry/Downloads/LOOM/loom/src/hotspot/share/interpreter/linkResolver.cpp, line 768]
for thread 0x00007fdeb4016800
Event: 0,876 Thread 0x00007fdeb4016800 Exception <a 'java/lang/NoSuchMethodError'{0x00000000b481bdd8}: 'void java.lang.invoke.DirectMethodHandle$Holder.invokeSpecial(java.lang.Object, java.lang.Object)'> (0x00000000b481bdd8) 
thrown [/home/dmitry/Downloads/LOOM/loom/src/hotspot/share/interpreter/linkResolver.cpp, line 768]
for thread 0x00007fdeb4016800
Event: 0,878 Thread 0x00007fdeb4016800 Exception <a 'java/lang/NoSuchMethodError'{0x00000000b4820ae8}: 'void java.lang.invoke.DirectMethodHandle$Holder.invokeStatic(java.lang.Object, java.lang.Object)'> (0x00000000b4820ae8) 
thrown [/home/dmitry/Downloads/LOOM/loom/src/hotspot/share/interpreter/linkResolver.cpp, line 768]
for thread 0x00007fdeb4016800

Events (10 events):
Event: 1,302 loading class sun/util/resources/Bundles$CacheKeyReference done
Event: 1,302 loading class sun/util/resources/Bundles$BundleReference done
Event: 1,303 loading class sun/util/resources/cldr/TimeZoneNames_en
Event: 1,304 loading class sun/util/resources/cldr/TimeZoneNames_en done
Event: 1,305 loading class sun/util/resources/cldr/TimeZoneNames_en_US
Event: 1,305 loading class sun/util/resources/cldr/TimeZoneNames_en_US done
Event: 1,311 loading class java/util/LinkedHashMap$LinkedKeySet
Event: 1,311 loading class java/util/LinkedHashMap$LinkedKeySet done
Event: 1,311 loading class sun/util/locale/provider/LocaleResources$ResourceReference
Event: 1,311 loading class sun/util/locale/provider/LocaleResources$ResourceReference done


Dynamic libraries:
b0000000-b5000000 rw-p 00000000 00:00 0 
b5000000-100000000 ---p 00000000 00:00 0 
100000000-1000e0000 rw-p 00000000 00:00 0 
1000e0000-140000000 ---p 00000000 00:00 0 
55d54f521000-55d54f522000 r-xp 00000000 08:01 2499823                    /home/dmitry/Downloads/LOOM/loom/build/linux-x86_64-server-release/jdk/bin/java
55d54f722000-55d54f723000 r--p 00001000 08:01 2499823                    /home/dmitry/Downloads/LOOM/loom/build/linux-x86_64-server-release/jdk/bin/java
55d54f723000-55d54f724000 rw-p 00002000 08:01 2499823                    /home/dmitry/Downloads/LOOM/loom/build/linux-x86_64-server-release/jdk/bin/java
55d54f7c5000-55d54f7e6000 rw-p 00000000 00:00 0                          [heap]
7fde4c000000-7fde4c048000 rw-p 00000000 00:00 0 
7fde4c048000-7fde50000000 ---p 00000000 00:00 0 
7fde53d62000-7fde54000000 rw-p 00000000 00:00 0 
7fde54000000-7fde54021000 rw-p 00000000 00:00 0 
7fde54021000-7fde58000000 ---p 00000000 00:00 0 
7fde58000000-7fde58021000 rw-p 00000000 00:00 0 
7fde58021000-7fde5c000000 ---p 00000000 00:00 0 
7fde5c000000-7fde5c021000 rw-p 00000000 00:00 0 
7fde5c021000-7fde60000000 ---p 00000000 00:00 0 
7fde60000000-7fde60021000 rw-p 00000000 00:00 0 
7fde60021000-7fde64000000 ---p 00000000 00:00 0 
7fde64000000-7fde64021000 rw-p 00000000 00:00 0 
7fde64021000-7fde68000000 ---p 00000000 00:00 0 
7fde68000000-7fde68021000 rw-p 00000000 00:00 0 
7fde68021000-7fde6c000000 ---p 00000000 00:00 0 
7fde6c000000-7fde6c284000 rw-p 00000000 00:00 0 
7fde6c284000-7fde70000000 ---p 00000000 00:00 0 
7fde70000000-7fde70021000 rw-p 00000000 00:00 0 
7fde70021000-7fde74000000 ---p 00000000 00:00 0 
7fde74000000-7fde74021000 rw-p 00000000 00:00 0 
7fde74021000-7fde78000000 ---p 00000000 00:00 0 
7fde78000000-7fde7846a000 rw-p 00000000 00:00 0 
7fde7846a000-7fde7c000000 ---p 00000000 00:00 0 
7fde7c000000-7fde7c021000 rw-p 00000000 00:00 0 
7fde7c021000-7fde80000000 ---p 00000000 00:00 0 
7fde80000000-7fde80021000 rw-p 00000000 00:00 0 
7fde80021000-7fde84000000 ---p 00000000 00:00 0 
7fde84000000-7fde84021000 rw-p 00000000 00:00 0 
7fde84021000-7fde88000000 ---p 00000000 00:00 0 
7fde88000000-7fde88021000 rw-p 00000000 00:00 0 
7fde88021000-7fde8c000000 ---p 00000000 00:00 0 
7fde8c000000-7fde8c021000 rw-p 00000000 00:00 0 
7fde8c021000-7fde90000000 ---p 00000000 00:00 0 
7fde90016000-7fde90173000 rw-p 00000000 00:00 0 
7fde90173000-7fde90177000 ---p 00000000 00:00 0 
7fde90177000-7fde90274000 rw-p 00000000 00:00 0 
7fde90274000-7fde90278000 ---p 00000000 00:00 0 
7fde90278000-7fde90375000 rw-p 00000000 00:00 0 
7fde90375000-7fde90379000 ---p 00000000 00:00 0 
7fde90379000-7fde90476000 rw-p 00000000 00:00 0 
7fde90476000-7fde90478000 r-xp 00000000 08:01 2636446                    /home/dmitry/Downloads/LOOM/loom/build/linux-x86_64-server-release/jdk/lib/libextnet.so
7fde90478000-7fde90677000 ---p 00002000 08:01 2636446                    /home/dmitry/Downloads/LOOM/loom/build/linux-x86_64-server-release/jdk/lib/libextnet.so
7fde90677000-7fde90678000 r--p 00001000 08:01 2636446                    /home/dmitry/Downloads/LOOM/loom/build/linux-x86_64-server-release/jdk/lib/libextnet.so
7fde90678000-7fde90679000 rw-p 00002000 08:01 2636446                    /home/dmitry/Downloads/LOOM/loom/build/linux-x86_64-server-release/jdk/lib/libextnet.so
7fde90679000-7fde9067d000 ---p 00000000 00:00 0 
7fde9067d000-7fde9077a000 rw-p 00000000 00:00 0 
7fde9077a000-7fde9077b000 ---p 00000000 00:00 0 
7fde9077b000-7fde9087c000 rw-p 00000000 00:00 0 
7fde9087c000-7fde90880000 ---p 00000000 00:00 0 
7fde90880000-7fde9097d000 rw-p 00000000 00:00 0 
7fde9097d000-7fde90981000 ---p 00000000 00:00 0 
7fde90981000-7fde90a7e000 rw-p 00000000 00:00 0 
7fde90a7e000-7fde90a94000 r-xp 00000000 08:01 2636329                    /home/dmitry/Downloads/LOOM/loom/build/linux-x86_64-server-release/jdk/lib/libnet.so
7fde90a94000-7fde90c94000 ---p 00016000 08:01 2636329                    /home/dmitry/Downloads/LOOM/loom/build/linux-x86_64-server-release/jdk/lib/libnet.so
7fde90c94000-7fde90c95000 r--p 00016000 08:01 2636329                    /home/dmitry/Downloads/LOOM/loom/build/linux-x86_64-server-release/jdk/lib/libnet.so
7fde90c95000-7fde90c96000 rw-p 00017000 08:01 2636329                    /home/dmitry/Downloads/LOOM/loom/build/linux-x86_64-server-release/jdk/lib/libnet.so
7fde90c96000-7fde90ca7000 r-xp 00000000 08:01 2636332                    /home/dmitry/Downloads/LOOM/loom/build/linux-x86_64-server-release/jdk/lib/libnio.so
7fde90ca7000-7fde90ea6000 ---p 00011000 08:01 2636332                    /home/dmitry/Downloads/LOOM/loom/build/linux-x86_64-server-release/jdk/lib/libnio.so
7fde90ea6000-7fde90ea7000 r--p 00010000 08:01 2636332                    /home/dmitry/Downloads/LOOM/loom/build/linux-x86_64-server-release/jdk/lib/libnio.so
7fde90ea7000-7fde90ea8000 rw-p 00011000 08:01 2636332                    /home/dmitry/Downloads/LOOM/loom/build/linux-x86_64-server-release/jdk/lib/libnio.so
7fde90ea8000-7fde90eac000 ---p 00000000 00:00 0 
7fde90eac000-7fde90fa9000 rw-p 00000000 00:00 0 
7fde90fa9000-7fde90fad000 ---p 00000000 00:00 0 
7fde90fad000-7fde910aa000 rw-p 00000000 00:00 0 
7fde910aa000-7fde910ae000 ---p 00000000 00:00 0 
7fde910ae000-7fde911ab000 rw-p 00000000 00:00 0 
7fde911ab000-7fde911af000 ---p 00000000 00:00 0 
7fde911af000-7fde912ac000 rw-p 00000000 00:00 0 
7fde912ac000-7fde91c7b000 r--p 00000000 08:01 10230401                   /usr/lib/locale/locale-archive
7fde91c7b000-7fde91c7f000 ---p 00000000 00:00 0 
7fde91c7f000-7fde91d7c000 rw-p 00000000 00:00 0 
7fde91d7c000-7fde91d80000 ---p 00000000 00:00 0 
7fde91d80000-7fde91e7d000 rw-p 00000000 00:00 0 
7fde91e7d000-7fde91e7e000 ---p 00000000 00:00 0 
7fde91e7e000-7fde94000000 rw-p 00000000 00:00 0 
7fde94000000-7fde94021000 rw-p 00000000 00:00 0 
7fde94021000-7fde98000000 ---p 00000000 00:00 0 
7fde98000000-7fde98021000 rw-p 00000000 00:00 0 
7fde98021000-7fde9c000000 ---p 00000000 00:00 0 
7fde9c000000-7fde9c021000 rw-p 00000000 00:00 0 
7fde9c021000-7fdea0000000 ---p 00000000 00:00 0 
7fdea0026000-7fdea07a6000 rw-p 00000000 00:00 0 
7fdea07a6000-7fdea0826000 ---p 00000000 00:00 0 
7fdea0826000-7fdea0827000 ---p 00000000 00:00 0 
7fdea0827000-7fdea0928000 rw-p 00000000 00:00 0 
7fdea0928000-7fdea0929000 ---p 00000000 00:00 0 
7fdea0929000-7fdea0e2e000 rw-p 00000000 00:00 0 
7fdea0e2e000-7fdea0e2f000 ---p 00000000 00:00 0 
7fdea0e2f000-7fdea0f30000 rw-p 00000000 00:00 0 
7fdea0f30000-7fdea0f31000 ---p 00000000 00:00 0 
7fdea0f31000-7fdea1032000 rw-p 00000000 00:00 0 
7fdea1032000-7fdea1033000 ---p 00000000 00:00 0 
7fdea1033000-7fdea1274000 rw-p 00000000 00:00 0 
7fdea1274000-7fdea2534000 ---p 00000000 00:00 0 
7fdea2534000-7fdea2674000 rw-p 00000000 00:00 0 
7fdea2674000-7fdea3934000 ---p 00000000 00:00 0 
7fdea3934000-7fdea395c000 rw-p 00000000 00:00 0 
7fdea395c000-7fdea3bb4000 ---p 00000000 00:00 0 
7fdea3bb4000-7fdea3bdc000 rw-p 00000000 00:00 0 
7fdea3bdc000-7fdea3e34000 ---p 00000000 00:00 0 
7fdea3e34000-7fdea3e5c000 rw-p 00000000 00:00 0 
7fdea3e5c000-7fdea40b4000 ---p 00000000 00:00 0 
7fdea40b4000-7fdea44bd000 rw-p 00000000 00:00 0 
7fdea44bd000-7fdea45a3000 ---p 00000000 00:00 0 
7fdea45a3000-7fdea4813000 rwxp 00000000 00:00 0 
7fdea4813000-7fdea4b33000 ---p 00000000 00:00 0 
7fdea4b33000-7fdea4da3000 rwxp 00000000 00:00 0 
7fdea4da3000-7fdeac06b000 ---p 00000000 00:00 0 
7fdeac06b000-7fdeac2db000 rwxp 00000000 00:00 0 
7fdeac2db000-7fdeb35a3000 ---p 00000000 00:00 0 
7fdeb35a3000-7fdeb35be000 r-xp 00000000 08:01 2636327                    /home/dmitry/Downloads/LOOM/loom/build/linux-x86_64-server-release/jdk/lib/libjimage.so
7fdeb35be000-7fdeb37bd000 ---p 0001b000 08:01 2636327                    /home/dmitry/Downloads/LOOM/loom/build/linux-x86_64-server-release/jdk/lib/libjimage.so
7fdeb37bd000-7fdeb37bf000 r--p 0001a000 08:01 2636327                    /home/dmitry/Downloads/LOOM/loom/build/linux-x86_64-server-release/jdk/lib/libjimage.so
7fdeb37bf000-7fdeb37c0000 rw-p 0001c000 08:01 2636327                    /home/dmitry/Downloads/LOOM/loom/build/linux-x86_64-server-release/jdk/lib/libjimage.so
7fdeb37c0000-7fdeb37c7000 r-xp 00000000 08:01 2636324                    /home/dmitry/Downloads/LOOM/loom/build/linux-x86_64-server-release/jdk/lib/libzip.so
7fdeb37c7000-7fdeb39c6000 ---p 00007000 08:01 2636324                    /home/dmitry/Downloads/LOOM/loom/build/linux-x86_64-server-release/jdk/lib/libzip.so
7fdeb39c6000-7fdeb39c7000 r--p 00006000 08:01 2636324                    /home/dmitry/Downloads/LOOM/loom/build/linux-x86_64-server-release/jdk/lib/libzip.so
7fdeb39c7000-7fdeb39c8000 rw-p 00007000 08:01 2636324                    /home/dmitry/Downloads/LOOM/loom/build/linux-x86_64-server-release/jdk/lib/libzip.so
7fdeb39c8000-7fdeb39d3000 r-xp 00000000 08:01 1184572                    /lib/x86_64-linux-gnu/libnss_files-2.27.so
7fdeb39d3000-7fdeb3bd2000 ---p 0000b000 08:01 1184572                    /lib/x86_64-linux-gnu/libnss_files-2.27.so
7fdeb3bd2000-7fdeb3bd3000 r--p 0000a000 08:01 1184572                    /lib/x86_64-linux-gnu/libnss_files-2.27.so
7fdeb3bd3000-7fdeb3bd4000 rw-p 0000b000 08:01 1184572                    /lib/x86_64-linux-gnu/libnss_files-2.27.so
7fdeb3bd4000-7fdeb3bda000 rw-p 00000000 00:00 0 
7fdeb3bda000-7fdeb3bf1000 r-xp 00000000 08:01 1184566                    /lib/x86_64-linux-gnu/libnsl-2.27.so
7fdeb3bf1000-7fdeb3df0000 ---p 00017000 08:01 1184566                    /lib/x86_64-linux-gnu/libnsl-2.27.so
7fdeb3df0000-7fdeb3df1000 r--p 00016000 08:01 1184566                    /lib/x86_64-linux-gnu/libnsl-2.27.so
7fdeb3df1000-7fdeb3df2000 rw-p 00017000 08:01 1184566                    /lib/x86_64-linux-gnu/libnsl-2.27.so
7fdeb3df2000-7fdeb3df4000 rw-p 00000000 00:00 0 
7fdeb3df4000-7fdeb3dff000 r-xp 00000000 08:01 1184583                    /lib/x86_64-linux-gnu/libnss_nis-2.27.so
7fdeb3dff000-7fdeb3ffe000 ---p 0000b000 08:01 1184583                    /lib/x86_64-linux-gnu/libnss_nis-2.27.so
7fdeb3ffe000-7fdeb3fff000 r--p 0000a000 08:01 1184583                    /lib/x86_64-linux-gnu/libnss_nis-2.27.so
7fdeb3fff000-7fdeb4000000 rw-p 0000b000 08:01 1184583                    /lib/x86_64-linux-gnu/libnss_nis-2.27.so
7fdeb4000000-7fdeb42a5000 rw-p 00000000 00:00 0 
7fdeb42a5000-7fdeb8000000 ---p 00000000 00:00 0 
7fdeb8041000-7fdeb80d2000 rw-p 00000000 00:00 0 
7fdeb80d2000-7fdeb81b8000 ---p 00000000 00:00 0 
7fdeb81b8000-7fdeb81c0000 r-xp 00000000 08:01 1184568                    /lib/x86_64-linux-gnu/libnss_compat-2.27.so
7fdeb81c0000-7fdeb83c0000 ---p 00008000 08:01 1184568                    /lib/x86_64-linux-gnu/libnss_compat-2.27.so
7fdeb83c0000-7fdeb83c1000 r--p 00008000 08:01 1184568                    /lib/x86_64-linux-gnu/libnss_compat-2.27.so
7fdeb83c1000-7fdeb83c2000 rw-p 00009000 08:01 1184568                    /lib/x86_64-linux-gnu/libnss_compat-2.27.so
7fdeb83c2000-7fdeb83eb000 r-xp 00000000 08:01 2636323                    /home/dmitry/Downloads/LOOM/loom/build/linux-x86_64-server-release/jdk/lib/libjava.so
7fdeb83eb000-7fdeb85ea000 ---p 00029000 08:01 2636323                    /home/dmitry/Downloads/LOOM/loom/build/linux-x86_64-server-release/jdk/lib/libjava.so
7fdeb85ea000-7fdeb85eb000 r--p 00028000 08:01 2636323                    /home/dmitry/Downloads/LOOM/loom/build/linux-x86_64-server-release/jdk/lib/libjava.so
7fdeb85eb000-7fdeb85ed000 rw-p 00029000 08:01 2636323                    /home/dmitry/Downloads/LOOM/loom/build/linux-x86_64-server-release/jdk/lib/libjava.so
7fdeb85ed000-7fdeb85fa000 r-xp 00000000 08:01 2636315                    /home/dmitry/Downloads/LOOM/loom/build/linux-x86_64-server-release/jdk/lib/libverify.so
7fdeb85fa000-7fdeb87f9000 ---p 0000d000 08:01 2636315                    /home/dmitry/Downloads/LOOM/loom/build/linux-x86_64-server-release/jdk/lib/libverify.so
7fdeb87f9000-7fdeb87fb000 r--p 0000c000 08:01 2636315                    /home/dmitry/Downloads/LOOM/loom/build/linux-x86_64-server-release/jdk/lib/libverify.so
7fdeb87fb000-7fdeb87fc000 rw-p 0000e000 08:01 2636315                    /home/dmitry/Downloads/LOOM/loom/build/linux-x86_64-server-release/jdk/lib/libverify.so
7fdeb87fc000-7fdeb8999000 r-xp 00000000 08:01 1184545                    /lib/x86_64-linux-gnu/libm-2.27.so
7fdeb8999000-7fdeb8b98000 ---p 0019d000 08:01 1184545                    /lib/x86_64-linux-gnu/libm-2.27.so
7fdeb8b98000-7fdeb8b99000 r--p 0019c000 08:01 1184545                    /lib/x86_64-linux-gnu/libm-2.27.so
7fdeb8b99000-7fdeb8b9a000 rw-p 0019d000 08:01 1184545                    /lib/x86_64-linux-gnu/libm-2.27.so
7fdeb8b9a000-7fdeb9ec6000 r-xp 00000000 08:01 2636313                    /home/dmitry/Downloads/LOOM/loom/build/linux-x86_64-server-release/jdk/lib/server/libjvm.so
7fdeb9ec6000-7fdeba0c5000 ---p 0132c000 08:01 2636313                    /home/dmitry/Downloads/LOOM/loom/build/linux-x86_64-server-release/jdk/lib/server/libjvm.so
7fdeba0c5000-7fdeba18d000 r--p 0132b000 08:01 2636313                    /home/dmitry/Downloads/LOOM/loom/build/linux-x86_64-server-release/jdk/lib/server/libjvm.so
7fdeba18d000-7fdeba1c8000 rw-p 013f3000 08:01 2636313                    /home/dmitry/Downloads/LOOM/loom/build/linux-x86_64-server-release/jdk/lib/server/libjvm.so
7fdeba1c8000-7fdeba24e000 rw-p 00000000 00:00 0 
7fdeba24e000-7fdeba268000 r-xp 00000000 08:01 1184615                    /lib/x86_64-linux-gnu/libpthread-2.27.so
7fdeba268000-7fdeba467000 ---p 0001a000 08:01 1184615                    /lib/x86_64-linux-gnu/libpthread-2.27.so
7fdeba467000-7fdeba468000 r--p 00019000 08:01 1184615                    /lib/x86_64-linux-gnu/libpthread-2.27.so
7fdeba468000-7fdeba469000 rw-p 0001a000 08:01 1184615                    /lib/x86_64-linux-gnu/libpthread-2.27.so
7fdeba469000-7fdeba46d000 rw-p 00000000 00:00 0 
7fdeba46d000-7fdeba470000 r-xp 00000000 08:01 1184505                    /lib/x86_64-linux-gnu/libdl-2.27.so
7fdeba470000-7fdeba66f000 ---p 00003000 08:01 1184505                    /lib/x86_64-linux-gnu/libdl-2.27.so
7fdeba66f000-7fdeba670000 r--p 00002000 08:01 1184505                    /lib/x86_64-linux-gnu/libdl-2.27.so
7fdeba670000-7fdeba671000 rw-p 00003000 08:01 1184505                    /lib/x86_64-linux-gnu/libdl-2.27.so
7fdeba671000-7fdeba68d000 r-xp 00000000 08:01 1184654                    /lib/x86_64-linux-gnu/libz.so.1.2.11
7fdeba68d000-7fdeba88c000 ---p 0001c000 08:01 1184654                    /lib/x86_64-linux-gnu/libz.so.1.2.11
7fdeba88c000-7fdeba88d000 r--p 0001b000 08:01 1184654                    /lib/x86_64-linux-gnu/libz.so.1.2.11
7fdeba88d000-7fdeba88e000 rw-p 0001c000 08:01 1184654                    /lib/x86_64-linux-gnu/libz.so.1.2.11
7fdeba88e000-7fdebaa75000 r-xp 00000000 08:01 1184482                    /lib/x86_64-linux-gnu/libc-2.27.so
7fdebaa75000-7fdebac75000 ---p 001e7000 08:01 1184482                    /lib/x86_64-linux-gnu/libc-2.27.so
7fdebac75000-7fdebac79000 r--p 001e7000 08:01 1184482                    /lib/x86_64-linux-gnu/libc-2.27.so
7fdebac79000-7fdebac7b000 rw-p 001eb000 08:01 1184482                    /lib/x86_64-linux-gnu/libc-2.27.so
7fdebac7b000-7fdebac7f000 rw-p 00000000 00:00 0 
7fdebac7f000-7fdebac8f000 r-xp 00000000 08:01 2636316                    /home/dmitry/Downloads/LOOM/loom/build/linux-x86_64-server-release/jdk/lib/libjli.so
7fdebac8f000-7fdebae8e000 ---p 00010000 08:01 2636316                    /home/dmitry/Downloads/LOOM/loom/build/linux-x86_64-server-release/jdk/lib/libjli.so
7fdebae8e000-7fdebae8f000 r--p 0000f000 08:01 2636316                    /home/dmitry/Downloads/LOOM/loom/build/linux-x86_64-server-release/jdk/lib/libjli.so
7fdebae8f000-7fdebae90000 rw-p 00010000 08:01 2636316                    /home/dmitry/Downloads/LOOM/loom/build/linux-x86_64-server-release/jdk/lib/libjli.so
7fdebae90000-7fdebaeb7000 r-xp 00000000 08:01 1184454                    /lib/x86_64-linux-gnu/ld-2.27.so
7fdebaee4000-7fdebaf97000 rw-p 00000000 00:00 0 
7fdebaf97000-7fdebaf9e000 ---p 00000000 00:00 0 
7fdebaf9e000-7fdebafa2000 ---p 00000000 00:00 0 
7fdebafa2000-7fdebb0a1000 rw-p 00000000 00:00 0 
7fdebb0aa000-7fdebb0b2000 rw-s 00000000 08:01 524313                     /tmp/hsperfdata_dmitry/18631
7fdebb0b2000-7fdebb0b3000 ---p 00000000 00:00 0 
7fdebb0b3000-7fdebb0b4000 r--p 00000000 00:00 0 
7fdebb0b4000-7fdebb0b5000 ---p 00000000 00:00 0 
7fdebb0b5000-7fdebb0b7000 rw-p 00000000 00:00 0 
7fdebb0b7000-7fdebb0b8000 r--p 00027000 08:01 1184454                    /lib/x86_64-linux-gnu/ld-2.27.so
7fdebb0b8000-7fdebb0b9000 rw-p 00028000 08:01 1184454                    /lib/x86_64-linux-gnu/ld-2.27.so
7fdebb0b9000-7fdebb0ba000 rw-p 00000000 00:00 0 
7fff1f480000-7fff1f4a3000 rw-p 00000000 00:00 0                          [stack]
7fff1f5a3000-7fff1f5a6000 r--p 00000000 00:00 0                          [vvar]
7fff1f5a6000-7fff1f5a8000 r-xp 00000000 00:00 0                          [vdso]
ffffffffff600000-ffffffffff601000 r-xp 00000000 00:00 0                  [vsyscall]


VM Arguments:
jvm_args: -Didea.launcher.port=1381 -Didea.launcher.bin.path=/home/dmitry/Downloads/idea-IC-183.5912.21/bin -Dfile.encoding=UTF-8 
java_command: com.intellij.rt.execution.application.AppMainV2 Main
java_class_path (initial): /home/dmitry/Downloads/LOOM/loom/build/linux-x86_64-server-release/jdk/modules/java.base:/home/dmitry/Downloads/LOOM/loom/build/linux-x86_64-server-release/jdk/modules/java.compiler:/home/dmitry/Downloads/LOOM/loom/build/linux-x86_64-server-release/jdk/modules/java.datatransfer:/home/dmitry/Downloads/LOOM/loom/build/linux-x86_64-server-release/jdk/modules/java.desktop:/home/dmitry/Downloads/LOOM/loom/build/linux-x86_64-server-release/jdk/modules/java.instrument:/home/dmitry/Downloads/LOOM/loom/build/linux-x86_64-server-release/jdk/modules/java.logging:/home/dmitry/Downloads/LOOM/loom/build/linux-x86_64-server-release/jdk/modules/java.management:/home/dmitry/Downloads/LOOM/loom/build/linux-x86_64-server-release/jdk/modules/java.management.rmi:/home/dmitry/Downloads/LOOM/loom/build/linux-x86_64-server-release/jdk/modules/java.naming:/home/dmitry/Downloads/LOOM/loom/build/linux-x86_64-server-release/jdk/modules/java.net.http:/home/dmitry/Downloads/LOOM/loom/build/linux-x86_64-server-release/jdk/modules/java.prefs:/home/dmitry/Downloads/LOOM/loom/build/linux-x86_64-server-release/jdk/modules/java.rmi:/home/dmitry/Downloads/LOOM/loom/build/linux-x86_64-server-release/jdk/modules/java.scripting:/home/dmitry/Downloads/LOOM/loom/build/linux-x86_64-server-release/jdk/modules/java.se:/home/dmitry/Downloads/LOOM/loom/build/linux-x86_64-server-release/jdk/modules/java.security.jgss:/home/dmitry/Downloads/LOOM/loom/build/linux-x86_64-server-release/jdk/modules/java.security.sasl:/home/dmitry/Downloads/LOOM/loom/build/linux-x86_64-server-release/jdk/modules/java.smartcardio:/home/dmitry/Downloads/LOOM/loom/build/linux-x86_64-server-release/jdk/modules/java.sql:/home/dmitry/Downloads/LOOM/loom/build/linux-x86_64-server-release/jdk/modules/java.sql.rowset:/home/dmitry/Downloads/LOOM/loom/build/linux-x86_64-server-release/jdk/modules/java.transaction.xa:/home/dmitry/Downloads/LOOM/loom/build/linux-x86_64-server-release/jdk/modules/java.xml:/home/dmitry/D
Launcher Type: SUN_STANDARD

[Global flags]
     intx CICompilerCount                          = 3                                         {product} {ergonomic}
     uint ConcGCThreads                            = 1                                         {product} {ergonomic}
     uint G1ConcRefinementThreads                  = 4                                         {product} {ergonomic}
   size_t G1HeapRegionSize                         = 1048576                                   {product} {ergonomic}
    uintx GCDrainStackTargetSize                   = 64                                        {product} {ergonomic}
   size_t InitialHeapSize                          = 83886080                                  {product} {ergonomic}
   size_t MarkStackSize                            = 4194304                                   {product} {ergonomic}
   size_t MaxHeapSize                              = 1342177280                                {product} {ergonomic}
   size_t MaxNewSize                               = 805306368                                 {product} {ergonomic}
   size_t MinHeapDeltaBytes                        = 1048576                                   {product} {ergonomic}
    uintx NonNMethodCodeHeapSize                   = 5830732                                {pd product} {ergonomic}
    uintx NonProfiledCodeHeapSize                  = 122913754                              {pd product} {ergonomic}
    uintx ProfiledCodeHeapSize                     = 122913754                              {pd product} {ergonomic}
    uintx ReservedCodeCacheSize                    = 251658240                              {pd product} {ergonomic}
     bool SegmentedCodeCache                       = true                                      {product} {ergonomic}
     bool UseCompressedClassPointers               = true                                 {lp64_product} {ergonomic}
     bool UseCompressedOops                        = true                                 {lp64_product} {ergonomic}
     bool UseG1GC                                  = true                                      {product} {ergonomic}

Logging:
Log output configuration:
 #0: stdout all=warning uptime,level,tags
 #1: stderr all=off uptime,level,tags

Environment Variables:
JAVA_HOME=/home/dmitry/usr/local/java/jdk1.8.0
PATH=/bin:/bin:/usr/local/sbin:/usr/local/bin:/usr/sbin:/usr/bin:/sbin:/bin:/usr/games:/usr/local/games:/snap/bin
USERNAME=dmitry
SHELL=/bin/bash
DISPLAY=:0

Signal Handlers:
SIGSEGV: [libjvm.so+0xfe39c0], sa_mask[0]=11111111011111111101111111111110, sa_flags=SA_RESTART|SA_SIGINFO
SIGBUS: [libjvm.so+0xfe39c0], sa_mask[0]=11111111011111111101111111111110, sa_flags=SA_RESTART|SA_SIGINFO
SIGFPE: [libjvm.so+0xfe39c0], sa_mask[0]=11111111011111111101111111111110, sa_flags=SA_RESTART|SA_SIGINFO
SIGPIPE: [libjvm.so+0xc81240], sa_mask[0]=11111111011111111101111111111110, sa_flags=SA_RESTART|SA_SIGINFO
SIGXFSZ: [libjvm.so+0xc81240], sa_mask[0]=11111111011111111101111111111110, sa_flags=SA_RESTART|SA_SIGINFO
SIGILL: [libjvm.so+0xfe39c0], sa_mask[0]=11111111011111111101111111111110, sa_flags=SA_RESTART|SA_SIGINFO
SIGUSR2: [libjvm.so+0xc810e0], sa_mask[0]=00100000000000000000000000000000, sa_flags=SA_RESTART|SA_SIGINFO
SIGHUP: [libjvm.so+0xc816e0], sa_mask[0]=11111111011111111101111111111110, sa_flags=SA_RESTART|SA_SIGINFO
SIGINT: [libjvm.so+0xc816e0], sa_mask[0]=11111111011111111101111111111110, sa_flags=SA_RESTART|SA_SIGINFO
SIGTERM: [libjvm.so+0xc816e0], sa_mask[0]=11111111011111111101111111111110, sa_flags=SA_RESTART|SA_SIGINFO
SIGQUIT: [libjvm.so+0xc816e0], sa_mask[0]=11111111011111111101111111111110, sa_flags=SA_RESTART|SA_SIGINFO


---------------  S Y S T E M  ---------------

OS:DISTRIB_ID=Ubuntu
DISTRIB_RELEASE=18.04
DISTRIB_CODENAME=bionic
DISTRIB_DESCRIPTION="Ubuntu 18.04.2 LTS"
uname:Linux 4.18.0-20-generic #21~18.04.1-Ubuntu SMP Wed May 8 08:43:37 UTC 2019 x86_64
libc:glibc 2.27 NPTL 2.27 
rlimit: STACK 8192k, CORE 0k, NPROC 20273, NOFILE 4096, AS infinity, DATA infinity, FSIZE infinity
load average:2,88 2,19 1,16

/proc/meminfo:
MemTotal:        5234980 kB
MemFree:          205916 kB
MemAvailable:    2984036 kB
Buffers:          101156 kB
Cached:          2908956 kB
SwapCached:       102980 kB
Active:          2260920 kB
Inactive:        2467272 kB
Active(anon):    1037948 kB
Inactive(anon):   780964 kB
Active(file):    1222972 kB
Inactive(file):  1686308 kB
Unevictable:          48 kB
Mlocked:              48 kB
SwapTotal:       2097148 kB
SwapFree:        1508604 kB
Dirty:             13280 kB
Writeback:             0 kB
AnonPages:       1704064 kB
Mapped:           269064 kB
Shmem:            100860 kB
Slab:             193624 kB
SReclaimable:     151820 kB
SUnreclaim:        41804 kB
KernelStack:        9456 kB
PageTables:        36424 kB
NFS_Unstable:          0 kB
Bounce:                0 kB
WritebackTmp:          0 kB
CommitLimit:     4714636 kB
Committed_AS:    5386100 kB
VmallocTotal:   34359738367 kB
VmallocUsed:           0 kB
VmallocChunk:          0 kB
HardwareCorrupted:     0 kB
AnonHugePages:         0 kB
ShmemHugePages:        0 kB
ShmemPmdMapped:        0 kB
CmaTotal:              0 kB
CmaFree:               0 kB
HugePages_Total:       0
HugePages_Free:        0
HugePages_Rsvd:        0
HugePages_Surp:        0
Hugepagesize:       2048 kB
Hugetlb:               0 kB
DirectMap4k:      153536 kB
DirectMap2M:     5257216 kB


/proc/sys/kernel/threads-max (system-wide limit on the number of threads):
40547


/proc/sys/vm/max_map_count (maximum number of memory map areas a process may have):
65530


/proc/sys/kernel/pid_max (system-wide limit on number of process identifiers):
32768



container (cgroup) information:
container_type: cgroupv1
cpu_cpuset_cpus: 0-3
cpu_memory_nodes: 0
active_processor_count: 4
cpu_quota: no quota
cpu_period: 100000
cpu_shares: no shares
memory_limit_in_bytes: unlimited
memory_and_swap_limit_in_bytes: not supported
memory_soft_limit_in_bytes: unlimited
memory_usage_in_bytes: 4828442624
memory_max_usage_in_bytes: unlimited

KVM virtualization detected
Steal ticks since vm start: 0
Steal ticks percentage since vm start:  0,000

CPU:total 4 (initial active 4) (4 cores per cpu, 1 threads per core) family 6 model 60 stepping 3, cmov, cx8, fxsr, mmx, sse, sse2, sse3, ssse3, sse4.1, sse4.2, popcnt, avx, avx2, aes, clmul, lzcnt, tsc, tscinvbit
CPU Model and flags from /proc/cpuinfo:
model name	: Intel(R) Core(TM) i7-4700HQ CPU @ 2.40GHz
flags		: fpu vme de pse tsc msr pae mce cx8 apic sep mtrr pge mca cmov pat pse36 clflush mmx fxsr sse sse2 ht syscall nx rdtscp lm constant_tsc rep_good nopl xtopology nonstop_tsc cpuid tsc_known_freq pni pclmulqdq ssse3 cx16 pcid sse4_1 sse4_2 x2apic movbe popcnt aes xsave avx rdrand hypervisor lahf_lm abm invpcid_single pti fsgsbase avx2 invpcid flush_l1d

Memory: 4k page, physical 5234980k(205916k free), swap 2097148k(1508604k free)

vm_info: OpenJDK 64-Bit Server VM (13-internal+0-adhoc.dmitry.loom) for linux-amd64 JRE (13-internal+0-adhoc.dmitry.loom), built on May 19 2019 19:11:29 by "dmitry" with gcc 7.4.0

END.
