#
# A fatal error has been detected by the Java Runtime Environment:
#
#  Internal Error (/home/dmitry/Downloads/LOOM/loom/src/hotspot/share/runtime/continuation.cpp:2643), pid=4457, tid=4498
#  assert(cont != __null && oopDesc::is_oop_or_null(cont)) failed: Invalid cont: 0x0000000000000000
#
# JRE version: OpenJDK Runtime Environment (13.0) (slowdebug build 13-internal+0-adhoc.dmitry.loom)
# Java VM: OpenJDK 64-Bit Server VM (slowdebug 13-internal+0-adhoc.dmitry.loom, mixed mode, tiered, compressed oops, g1 gc, linux-amd64)
# Problematic frame:
# V  [libjvm.so+0x8b0299]  Continuation::freeze0(JavaThread*, FrameInfo*, bool)+0x37d
#
# Core dump will be written. Default location: Core dumps may be processed with "/usr/share/apport/apport %p %s %c %d %P" (or dumping to /home/dmitry/Downloads/LoadDetector/core.4457)
#
# If you would like to submit a bug report, please visit:
#   http://bugreport.java.com/bugreport/crash.jsp
#

---------------  S U M M A R Y ------------

Command Line: -agentlib:jdwp=transport=dt_socket,address=127.0.0.1:3001,suspend=y,server=n -Dfile.encoding=UTF-8 NewMain

Host: dmitry-VirtualBox, Intel(R) Core(TM) i7-4700HQ CPU @ 2.40GHz, 4 cores, 4G, Ubuntu 18.04.2 LTS
Time: Sat Jun  8 17:30:41 2019 MSK elapsed time: 12 seconds (0d 0h 0m 12s)

---------------  T H R E A D  ---------------

Current thread (0x00007fb0d8644000):  JavaThread "Timer-0" daemon [_thread_in_vm, id=4498, stack(0x00007fb077af1000,0x00007fb077bf2000)]

Stack: [0x00007fb077af1000,0x00007fb077bf2000],  sp=0x00007fb077bede90,  free space=1011k
Native frames: (J=compiled Java code, A=aot compiled Java code, j=interpreted, Vv=VM code, C=native code)
V  [libjvm.so+0x8b0299]  Continuation::freeze0(JavaThread*, FrameInfo*, bool)+0x37d
V  [libjvm.so+0x8b0b4f]  Continuation::freeze(JavaThread*, FrameInfo*)+0x133
v  ~RuntimeStub::cont_doYield

[error occurred during error reporting (printing native stack), id 0xe0000000, Internal Error (/home/dmitry/Downloads/LOOM/loom/src/hotspot/cpu/x86/frame_x86.inline.hpp:108)]

Java frames: (J=compiled Java code, j=interpreted, Vv=VM code)
v  ~RuntimeStub::cont_doYield
j  java.lang.Continuation.yield0(Ljava/lang/ContinuationScope;Ljava/lang/Continuation;)Z+60 java.base
j  java.lang.Continuation.myPause(Ljava/lang/ContinuationScope;)Z+3 java.base
j  balancer.Balancer$1.run()V+48
j  java.util.TimerThread.mainLoop()V+221 java.base
j  java.util.TimerThread.run()V+1 java.base
v  ~StubRoutines::call_stub
Register to memory mapping:

RAX=0x00007fb0dfd8a000 points into unknown readable memory: 58 00 00 00 00 00 00 00
RBX={method} {0x00007fb0b5889038} 'doYield' '(I)I' in 'java/lang/Continuation'
RCX=0x000000000000004c is an unknown value
RDX=0x000000000008c076 is an unknown value
RSP=0x00007fb077bede90 is pointing into the stack for thread: 0x00007fb0d8644000
RBP=0x00007fb077bf0490 is pointing into the stack for thread: 0x00007fb0d8644000
RSI=0x0 is NULL
RDI=0x000000000008c076 is an unknown value
R8 =0x0 is NULL
R9 =0x000000010000a8c8 is a pointer to class: 
java.lang.Continuation {0x000000010000a8c8}
 - instance size:     14
 - klass size:        117
 - access:            public synchronized 
 - state:             fully_initialized
 - name:              'java/lang/Continuation'
 - super:             'java/lang/Object'
 - sub:               'continuation/StatedContinuation'   
 - arrays:            NULL
 - methods:           Array<T>(0x00007fb0b58830c0)
 - method ordering:   Array<T>(0x00007fb0b588a5e8)
 - default_methods:   Array<T>(0x0000000000000000)
 - local interfaces:  Array<T>(0x00007fb0b5882ef8)
 - trans. interfaces: Array<T>(0x00007fb0b5882ef8)
 - constants:         constant pool [912]/operands[21] {0x00007fb0b58810c0} for 'java/lang/Continuation' cache=0x00007fb0b5f77a40
 - class loader data:  loader data: 0x00007fb0d80e60b0 of 'bootstrap'
 - unsafe anonymous host class:        NULL
 - source file:       'Continuation.java'
 - class annotations:       Array<T>(0x0000000000000000)
 - class type annotations:  Array<T>(0x0000000000000000)
 - field annotations:       Array<T>(0x0000000000000000)
 - field type annotations:  Array<T>(0x0000000000000000)
 - inner classes:     Array<T>(0x00007fb0b588a590)
 - nest members:     Array<T>(0x00007fb0b588a5d0)
 - java mirror:       a 'java/lang/Class'{0x00000000b4f028e0} = 'java/lang/Continuation'
 - vtable length      54  (start addr: 0x000000010000aaa8)
 - itable length      2 (start addr: 0x000000010000ac58)
 - ---- static fields (5 words):
 - private static final 'serialVersionUID' 'J' @128 
 - private static final 'unsafe' 'Ljdk/internal/misc/Unsafe;' @112 
 - private static final 'TRACE' 'Z' @140 
 - private static final 'DEBUG' 'Z' @141 
 - private static final 'FLAG_LAST_FRAME_INTERPRETED' 'B' @142 
 - private static final 'FLAG_SAFEPOINT_YIELD' 'B' @143 
 - private static final 'WATERMARK_THRESHOLD' 'I' @136 
 - private static final 'MOUNTED' 'Ljava/lang/invoke/VarHandle;' @116 
 - private static strict 'liveNmethods' 'Ljava/util/Map;' @120 
 - static final synthetic '$assertionsDisabled' 'Z' @144 
 - ---- non-static fields (25 words):
 - private 'sp' 'I' @12 
 - private 'fp' 'J' @16 
 - private 'pc' 'J' @24 
 - private 'entrySP' 'J' @32 
 - private 'entryFP' 'J' @40 
 - private 'entryPC' 'J' @48 
 - private 'refSP' 'I' @56 
 - private 'maxSize' 'I' @60 
 - private 'stackWatermark' 'I' @64 
 - private 'refStackWatermark' 'I' @68 
 - private 'cs' 'S' @72 
 - private 'numFrames' 'S' @74 
 - private 'numInterpretedFrames' 'S' @76 
 - private 'flags' 'B' @78 
 - private 'done' 'Z' @79 
 - private volatile 'mounted' 'Z' @80 
 - private 'reset' 'Z' @81 
 - private 'sizeCounter' 'B' @82 
 - private 'target' 'Ljava/lang/Runnable;' @84 
 - private final 'scope' 'Ljava/lang/ContinuationScope;' @88 
 - private 'parent' 'Ljava/lang/Continuation;' @92 
 - private 'child' 'Ljava/lang/Continuation;' @96 
 - private 'stack' '[I' @100 
 - private 'refStack' '[Ljava/lang/Object;' @104 
 - private 'yieldInfo' 'Ljava/lang/Object;' @108 
 - non-static oop maps: 84-108 
R10=0x00007fb0c83a5b76 is at code_begin+22 in 
[CodeBlob (0x00007fb0c83a5a90)]
Framesize: 5
Runtime Stub (0x00007fb0c83a5a90): cont_doYield
R11=0x00007fb0cfe72878 is at entry_point+24 in (nmethod*)0x00007fb0cfe72690
R12=0x0 is NULL
R13=0x00007fb077bf0548 is pointing into the stack for thread: 0x00007fb0d8644000
R14=0x00007fb077bf05c8 is pointing into the stack for thread: 0x00007fb0d8644000
R15=0x00007fb0d8644000 is a thread


Registers:
RAX=0x00007fb0dfd8a000, RBX=0x00007fb0b5889038, RCX=0x000000000000004c, RDX=0x000000000008c076
RSP=0x00007fb077bede90, RBP=0x00007fb077bf0490, RSI=0x0000000000000000, RDI=0x000000000008c076
R8 =0x0000000000000000, R9 =0x000000010000a8c8, R10=0x00007fb0c83a5b76, R11=0x00007fb0cfe72878
R12=0x0000000000000000, R13=0x00007fb077bf0548, R14=0x00007fb077bf05c8, R15=0x00007fb0d8644000
RIP=0x00007fb0dd4dd299, EFLAGS=0x0000000000010202, CSGSFS=0x002b000000000033, ERR=0x0000000000000006
  TRAPNO=0x000000000000000e

Top of Stack: (sp=0x00007fb077bede90)
0x00007fb077bede90:   00007fb077bedeb0 00007fb0dd1e8cdb
0x00007fb077bedea0:   0000000600000004 00007fb0d8644000
0x00007fb077bedeb0:   00007fb077beded0 00007fb0dd1e8d08
0x00007fb077bedec0:   0000000600000004 00007fb077bedf70 

Instructions: (pc=0x00007fb0dd4dd299)
0x00007fb0dd4dd199:   48 8b 95 78 da ff ff 48 8d 85 90 da ff ff 48 89
0x00007fb0dd4dd1a9:   d6 48 89 c7 e8 6e 9b d0 ff 48 8b 95 78 da ff ff
0x00007fb0dd4dd1b9:   48 8d 85 10 db ff ff 48 89 d6 48 89 c7 e8 85 71
0x00007fb0dd4dd1c9:   8a 00 48 8b 85 58 da ff ff 48 89 c7 e8 f2 f5 c9
0x00007fb0dd4dd1d9:   ff 84 c0 74 66 48 8b 85 50 da ff ff 48 c7 40 08
0x00007fb0dd4dd1e9:   00 00 00 00 48 8b 85 50 da ff ff 48 c7 40 10 00
0x00007fb0dd4dd1f9:   00 00 00 48 8b 85 50 da ff ff 48 c7 00 00 00 00
0x00007fb0dd4dd209:   00 bf 01 00 00 00 e8 1b d4 00 00 83 f0 01 84 c0
0x00007fb0dd4dd219:   75 11 48 8d 3d bd 65 d2 00 b8 00 00 00 00 e8 25
0x00007fb0dd4dd229:   d4 00 00 48 8b 85 58 da ff ff c6 80 9c 04 00 00
0x00007fb0dd4dd239:   00 bb 04 00 00 00 e9 af 07 00 00 48 8b 85 58 da
0x00007fb0dd4dd249:   ff ff 48 89 c7 e8 cc b6 ff ff 48 89 85 80 da ff
0x00007fb0dd4dd259:   ff 48 83 bd 80 da ff ff 00 74 1b 48 8b 85 80 da
0x00007fb0dd4dd269:   ff ff be 00 00 00 00 48 89 c7 e8 ac ad 79 00 83
0x00007fb0dd4dd279:   f0 01 84 c0 74 07 b8 01 00 00 00 eb 05 b8 00 00
0x00007fb0dd4dd289:   00 00 84 c0 74 48 48 8d 05 ea 60 93 01 48 8b 00
0x00007fb0dd4dd299:   c6 00 58 48 8b 85 80 da ff ff 48 89 c7 e8 9b 0e
0x00007fb0dd4dd2a9:   a7 ff 49 89 c0 48 8d 0d 45 65 d2 00 48 8d 15 5c
0x00007fb0dd4dd2b9:   65 d2 00 be 53 0a 00 00 48 8d 3d 98 53 d2 00 b8
0x00007fb0dd4dd2c9:   00 00 00 00 e8 56 8b 04 00 e8 95 5a 7c 00 48 8b
0x00007fb0dd4dd2d9:   b5 58 da ff ff 48 8d 85 50 db ff ff 41 b8 00 00
0x00007fb0dd4dd2e9:   00 00 b9 00 00 00 00 ba 00 00 00 00 48 89 c7 e8
0x00007fb0dd4dd2f9:   e3 67 16 00 48 8d 85 50 db ff ff be 00 00 00 00
0x00007fb0dd4dd309:   48 89 c7 e8 c3 8c 00 00 48 8d 85 d0 da ff ff 48
0x00007fb0dd4dd319:   8b 95 58 da ff ff 48 89 d6 48 89 c7 e8 bc 7b cb
0x00007fb0dd4dd329:   ff 48 8d 85 d0 da ff ff 48 89 c7 e8 90 e7 ff ff
0x00007fb0dd4dd339:   48 89 c2 48 8d 85 50 db ff ff 48 89 d6 48 89 c7
0x00007fb0dd4dd349:   e8 96 ef 16 00 0f b6 85 4c da ff ff 83 f0 01 84
0x00007fb0dd4dd359:   c0 0f 84 5f 01 00 00 48 8b 85 50 da ff ff 48 8b
0x00007fb0dd4dd369:   00 48 89 c7 e8 6f 9a 00 00 48 89 85 70 da ff ff
0x00007fb0dd4dd379:   e8 91 91 00 00 48 89 c3 48 8d 85 d0 da ff ff 48
0x00007fb0dd4dd389:   89 c7 e8 8e 0e a7 ff 48 89 c6 48 89 df e8 73 b4 


Stack slot to memory mapping:
stack at sp + 0 slots: 0x00007fb077bedeb0 is pointing into the stack for thread: 0x00007fb0d8644000
stack at sp + 1 slots: 0x00007fb0dd1e8cdb: <offset 0x00000000005bbcdb> in /home/dmitry/Downloads/LOOM/loom/build/linux-x86_64-server-slowdebug/jdk/lib/server/libjvm.so at 0x00007fb0dcc2d000
stack at sp + 2 slots: 0x0000000600000004 is an unknown value
stack at sp + 3 slots: 0x00007fb0d8644000 is a thread
stack at sp + 4 slots: 0x00007fb077beded0 is pointing into the stack for thread: 0x00007fb0d8644000
stack at sp + 5 slots: 0x00007fb0dd1e8d08: <offset 0x00000000005bbd08> in /home/dmitry/Downloads/LOOM/loom/build/linux-x86_64-server-slowdebug/jdk/lib/server/libjvm.so at 0x00007fb0dcc2d000
stack at sp + 6 slots: 0x0000000600000004 is an unknown value
stack at sp + 7 slots: 0x00007fb077bedf70 is pointing into the stack for thread: 0x00007fb0d8644000


---------------  P R O C E S S  ---------------

uid  : 1000 euid : 1000 gid  : 1000 egid : 1000

umask: 0022 (----w--w-)

Threads class SMR info:
_java_thread_list=0x00007fb0d8530c40, length=14, elements={
0x00007fb0d8022800, 0x00007fb0d827f800, 0x00007fb0d8285800, 0x00007fb0d82c9800,
0x00007fb0d82cc000, 0x00007fb0d82ce800, 0x00007fb0d82da000, 0x00007fb0d831b800,
0x00007fb0d85eb800, 0x00007fb0d85ef000, 0x00007fb08c06c000, 0x00007fb0d85f3000,
0x00007fb0d8644000, 0x00007fb0d864a000
}
_java_thread_list_alloc_cnt=17, _java_thread_list_free_cnt=15, _java_thread_list_max=14, _nested_thread_list_max=1
_tlh_cnt=1053, _tlh_times=47, avg_tlh_time=0,04, _tlh_time_max=14
_deleted_thread_cnt=1, _deleted_thread_times=0, avg_deleted_thread_time=0,00, _deleted_thread_time_max=0
_delete_lock_wait_cnt=0, _delete_lock_wait_max=0
_to_delete_list_cnt=0, _to_delete_list_max=2

Java Threads: ( => current thread )
  0x00007fb0d8022800 JavaThread "main" [_thread_blocked, id=4460, stack(0x00007fb0dfc74000,0x00007fb0dfd75000)]
  0x00007fb0d827f800 JavaThread "Reference Handler" daemon [_thread_blocked, id=4477, stack(0x00007fb0c4421000,0x00007fb0c4522000)]
  0x00007fb0d8285800 JavaThread "Finalizer" daemon [_thread_blocked, id=4478, stack(0x00007fb0c4320000,0x00007fb0c4421000)]
  0x00007fb0d82c9800 JavaThread "Signal Dispatcher" daemon [_thread_blocked, id=4479, stack(0x00007fb0c421f000,0x00007fb0c4320000)]
  0x00007fb0d82cc000 JavaThread "C2 CompilerThread0" daemon [_thread_blocked, id=4480, stack(0x00007fb0c411e000,0x00007fb0c421f000)]
  0x00007fb0d82ce800 JavaThread "C1 CompilerThread0" daemon [_thread_in_vm, id=4481, stack(0x00007fb0c401d000,0x00007fb0c411e000)]
  0x00007fb0d82da000 JavaThread "Sweeper thread" daemon [_thread_blocked, id=4482, stack(0x00007fb0b4d30000,0x00007fb0b4e31000)]
  0x00007fb0d831b800 JavaThread "Common-Cleaner" daemon [_thread_blocked, id=4483, stack(0x00007fb0b47cf000,0x00007fb0b48d0000)]
  0x00007fb0d85eb800 JavaThread "JDWP Transport Listener: dt_socket" daemon [_thread_blocked, id=4489, stack(0x00007fb0b46ce000,0x00007fb0b47cf000)]
  0x00007fb0d85ef000 JavaThread "JDWP Event Helper Thread" daemon [_thread_blocked, id=4490, stack(0x00007fb0b43c6000,0x00007fb0b44c7000)]
  0x00007fb08c06c000 JavaThread "JDWP Command Reader" daemon [_thread_in_native, id=4493, stack(0x00007fb0b42c5000,0x00007fb0b43c6000)]
  0x00007fb0d85f3000 JavaThread "Service Thread" daemon [_thread_blocked, id=4496, stack(0x00007fb0b41c4000,0x00007fb0b42c5000)]
=>0x00007fb0d8644000 JavaThread "Timer-0" daemon [_thread_in_vm, id=4498, stack(0x00007fb077af1000,0x00007fb077bf2000)]
  0x00007fb0d864a000 JavaThread "pool-1-thread-1" [_thread_blocked, id=4499, stack(0x00007fb0779f0000,0x00007fb077af1000)]

Other Threads:
  0x00007fb0d825c000 VMThread "VM Thread" [stack: 0x00007fb0c4524000,0x00007fb0c4624000] [id=4476]
  0x00007fb0d85f6000 WatcherThread [stack: 0x00007fb0b40c4000,0x00007fb0b41c4000] [id=4497]
  0x00007fb0d806e800 GCTaskThread "GC Thread#0" [stack: 0x00007fb0c4f0e000,0x00007fb0c500e000] [id=4462]
  0x00007fb0d8078800 ConcurrentGCThread "G1 Main Marker" [stack: 0x00007fb0c4e0c000,0x00007fb0c4f0c000] [id=4463]
  0x00007fb0d807a800 ConcurrentGCThread "G1 Conc#0" [stack: 0x00007fb0c4d0a000,0x00007fb0c4e0a000] [id=4464]
  0x00007fb0d80da000 ConcurrentGCThread "G1 Refine#0" [stack: 0x00007fb0c4804000,0x00007fb0c4904000] [id=4465]
  0x00007fb0d80dc000 ConcurrentGCThread "G1 Young RemSet Sampling" [stack: 0x00007fb0c4702000,0x00007fb0c4802000] [id=4466]

Threads with active compile tasks:
C1 CompilerThread0  
[error occurred during error reporting (printing all threads), id 0xe0000000, Internal Error (/home/dmitry/Downloads/LOOM/loom/src/hotspot/share/runtime/timer.cpp:112)]

VM state:not at safepoint (normal execution)

VM Mutex/Monitor currently owned by a thread:  ([mutex/lock_event])
[0x00007fb0d801e1c0] Compile_lock - owner thread: 0x00007fb0d82ce800
[0x00007fb0d801e520] MethodCompileQueue_lock - owner thread: 0x00007fb0d82ce800

Heap address: 0x00000000b0000000, size: 1280 MB, Compressed Oops mode: 32-bit
Narrow klass base: 0x0000000000000000, Narrow klass shift: 3
Compressed class space size: 1073741824 Address: 0x0000000100000000

Heap:
 garbage-first heap   total 81920K, used 9216K [0x00000000b0000000, 0x0000000100000000)
  region size 1024K, 10 young (10240K), 0 survivors (0K)
 Metaspace       used 8259K, capacity 8454K, committed 8576K, reserved 1056768K
  class space    used 739K, capacity 823K, committed 896K, reserved 1048576K
Heap Regions: E=young(eden), S=young(survivor), O=old, HS=humongous(starts), HC=humongous(continues), CS=collection set, F=free, A=archive, TAMS=top-at-mark-start (previous, next)
|   0|0x00000000b0000000, 0x00000000b0000000, 0x00000000b0100000|  0%| F|  |TAMS 0x00000000b0000000, 0x00000000b0000000| Untracked 
|   1|0x00000000b0100000, 0x00000000b0100000, 0x00000000b0200000|  0%| F|  |TAMS 0x00000000b0100000, 0x00000000b0100000| Untracked 
|   2|0x00000000b0200000, 0x00000000b0200000, 0x00000000b0300000|  0%| F|  |TAMS 0x00000000b0200000, 0x00000000b0200000| Untracked 
|   3|0x00000000b0300000, 0x00000000b0300000, 0x00000000b0400000|  0%| F|  |TAMS 0x00000000b0300000, 0x00000000b0300000| Untracked 
|   4|0x00000000b0400000, 0x00000000b0400000, 0x00000000b0500000|  0%| F|  |TAMS 0x00000000b0400000, 0x00000000b0400000| Untracked 
|   5|0x00000000b0500000, 0x00000000b0500000, 0x00000000b0600000|  0%| F|  |TAMS 0x00000000b0500000, 0x00000000b0500000| Untracked 
|   6|0x00000000b0600000, 0x00000000b0600000, 0x00000000b0700000|  0%| F|  |TAMS 0x00000000b0600000, 0x00000000b0600000| Untracked 
|   7|0x00000000b0700000, 0x00000000b0700000, 0x00000000b0800000|  0%| F|  |TAMS 0x00000000b0700000, 0x00000000b0700000| Untracked 
|   8|0x00000000b0800000, 0x00000000b0800000, 0x00000000b0900000|  0%| F|  |TAMS 0x00000000b0800000, 0x00000000b0800000| Untracked 
|   9|0x00000000b0900000, 0x00000000b0900000, 0x00000000b0a00000|  0%| F|  |TAMS 0x00000000b0900000, 0x00000000b0900000| Untracked 
|  10|0x00000000b0a00000, 0x00000000b0a00000, 0x00000000b0b00000|  0%| F|  |TAMS 0x00000000b0a00000, 0x00000000b0a00000| Untracked 
|  11|0x00000000b0b00000, 0x00000000b0b00000, 0x00000000b0c00000|  0%| F|  |TAMS 0x00000000b0b00000, 0x00000000b0b00000| Untracked 
|  12|0x00000000b0c00000, 0x00000000b0c00000, 0x00000000b0d00000|  0%| F|  |TAMS 0x00000000b0c00000, 0x00000000b0c00000| Untracked 
|  13|0x00000000b0d00000, 0x00000000b0d00000, 0x00000000b0e00000|  0%| F|  |TAMS 0x00000000b0d00000, 0x00000000b0d00000| Untracked 
|  14|0x00000000b0e00000, 0x00000000b0e00000, 0x00000000b0f00000|  0%| F|  |TAMS 0x00000000b0e00000, 0x00000000b0e00000| Untracked 
|  15|0x00000000b0f00000, 0x00000000b0f00000, 0x00000000b1000000|  0%| F|  |TAMS 0x00000000b0f00000, 0x00000000b0f00000| Untracked 
|  16|0x00000000b1000000, 0x00000000b1000000, 0x00000000b1100000|  0%| F|  |TAMS 0x00000000b1000000, 0x00000000b1000000| Untracked 
|  17|0x00000000b1100000, 0x00000000b1100000, 0x00000000b1200000|  0%| F|  |TAMS 0x00000000b1100000, 0x00000000b1100000| Untracked 
|  18|0x00000000b1200000, 0x00000000b1200000, 0x00000000b1300000|  0%| F|  |TAMS 0x00000000b1200000, 0x00000000b1200000| Untracked 
|  19|0x00000000b1300000, 0x00000000b1300000, 0x00000000b1400000|  0%| F|  |TAMS 0x00000000b1300000, 0x00000000b1300000| Untracked 
|  20|0x00000000b1400000, 0x00000000b1400000, 0x00000000b1500000|  0%| F|  |TAMS 0x00000000b1400000, 0x00000000b1400000| Untracked 
|  21|0x00000000b1500000, 0x00000000b1500000, 0x00000000b1600000|  0%| F|  |TAMS 0x00000000b1500000, 0x00000000b1500000| Untracked 
|  22|0x00000000b1600000, 0x00000000b1600000, 0x00000000b1700000|  0%| F|  |TAMS 0x00000000b1600000, 0x00000000b1600000| Untracked 
|  23|0x00000000b1700000, 0x00000000b1700000, 0x00000000b1800000|  0%| F|  |TAMS 0x00000000b1700000, 0x00000000b1700000| Untracked 
|  24|0x00000000b1800000, 0x00000000b1800000, 0x00000000b1900000|  0%| F|  |TAMS 0x00000000b1800000, 0x00000000b1800000| Untracked 
|  25|0x00000000b1900000, 0x00000000b1900000, 0x00000000b1a00000|  0%| F|  |TAMS 0x00000000b1900000, 0x00000000b1900000| Untracked 
|  26|0x00000000b1a00000, 0x00000000b1a00000, 0x00000000b1b00000|  0%| F|  |TAMS 0x00000000b1a00000, 0x00000000b1a00000| Untracked 
|  27|0x00000000b1b00000, 0x00000000b1b00000, 0x00000000b1c00000|  0%| F|  |TAMS 0x00000000b1b00000, 0x00000000b1b00000| Untracked 
|  28|0x00000000b1c00000, 0x00000000b1c00000, 0x00000000b1d00000|  0%| F|  |TAMS 0x00000000b1c00000, 0x00000000b1c00000| Untracked 
|  29|0x00000000b1d00000, 0x00000000b1d00000, 0x00000000b1e00000|  0%| F|  |TAMS 0x00000000b1d00000, 0x00000000b1d00000| Untracked 
|  30|0x00000000b1e00000, 0x00000000b1e00000, 0x00000000b1f00000|  0%| F|  |TAMS 0x00000000b1e00000, 0x00000000b1e00000| Untracked 
|  31|0x00000000b1f00000, 0x00000000b1f00000, 0x00000000b2000000|  0%| F|  |TAMS 0x00000000b1f00000, 0x00000000b1f00000| Untracked 
|  32|0x00000000b2000000, 0x00000000b2000000, 0x00000000b2100000|  0%| F|  |TAMS 0x00000000b2000000, 0x00000000b2000000| Untracked 
|  33|0x00000000b2100000, 0x00000000b2100000, 0x00000000b2200000|  0%| F|  |TAMS 0x00000000b2100000, 0x00000000b2100000| Untracked 
|  34|0x00000000b2200000, 0x00000000b2200000, 0x00000000b2300000|  0%| F|  |TAMS 0x00000000b2200000, 0x00000000b2200000| Untracked 
|  35|0x00000000b2300000, 0x00000000b2300000, 0x00000000b2400000|  0%| F|  |TAMS 0x00000000b2300000, 0x00000000b2300000| Untracked 
|  36|0x00000000b2400000, 0x00000000b2400000, 0x00000000b2500000|  0%| F|  |TAMS 0x00000000b2400000, 0x00000000b2400000| Untracked 
|  37|0x00000000b2500000, 0x00000000b2500000, 0x00000000b2600000|  0%| F|  |TAMS 0x00000000b2500000, 0x00000000b2500000| Untracked 
|  38|0x00000000b2600000, 0x00000000b2600000, 0x00000000b2700000|  0%| F|  |TAMS 0x00000000b2600000, 0x00000000b2600000| Untracked 
|  39|0x00000000b2700000, 0x00000000b2700000, 0x00000000b2800000|  0%| F|  |TAMS 0x00000000b2700000, 0x00000000b2700000| Untracked 
|  40|0x00000000b2800000, 0x00000000b2800000, 0x00000000b2900000|  0%| F|  |TAMS 0x00000000b2800000, 0x00000000b2800000| Untracked 
|  41|0x00000000b2900000, 0x00000000b2900000, 0x00000000b2a00000|  0%| F|  |TAMS 0x00000000b2900000, 0x00000000b2900000| Untracked 
|  42|0x00000000b2a00000, 0x00000000b2a00000, 0x00000000b2b00000|  0%| F|  |TAMS 0x00000000b2a00000, 0x00000000b2a00000| Untracked 
|  43|0x00000000b2b00000, 0x00000000b2b00000, 0x00000000b2c00000|  0%| F|  |TAMS 0x00000000b2b00000, 0x00000000b2b00000| Untracked 
|  44|0x00000000b2c00000, 0x00000000b2c00000, 0x00000000b2d00000|  0%| F|  |TAMS 0x00000000b2c00000, 0x00000000b2c00000| Untracked 
|  45|0x00000000b2d00000, 0x00000000b2d00000, 0x00000000b2e00000|  0%| F|  |TAMS 0x00000000b2d00000, 0x00000000b2d00000| Untracked 
|  46|0x00000000b2e00000, 0x00000000b2e00000, 0x00000000b2f00000|  0%| F|  |TAMS 0x00000000b2e00000, 0x00000000b2e00000| Untracked 
|  47|0x00000000b2f00000, 0x00000000b2f00000, 0x00000000b3000000|  0%| F|  |TAMS 0x00000000b2f00000, 0x00000000b2f00000| Untracked 
|  48|0x00000000b3000000, 0x00000000b3000000, 0x00000000b3100000|  0%| F|  |TAMS 0x00000000b3000000, 0x00000000b3000000| Untracked 
|  49|0x00000000b3100000, 0x00000000b3100000, 0x00000000b3200000|  0%| F|  |TAMS 0x00000000b3100000, 0x00000000b3100000| Untracked 
|  50|0x00000000b3200000, 0x00000000b3200000, 0x00000000b3300000|  0%| F|  |TAMS 0x00000000b3200000, 0x00000000b3200000| Untracked 
|  51|0x00000000b3300000, 0x00000000b3300000, 0x00000000b3400000|  0%| F|  |TAMS 0x00000000b3300000, 0x00000000b3300000| Untracked 
|  52|0x00000000b3400000, 0x00000000b3400000, 0x00000000b3500000|  0%| F|  |TAMS 0x00000000b3400000, 0x00000000b3400000| Untracked 
|  53|0x00000000b3500000, 0x00000000b3500000, 0x00000000b3600000|  0%| F|  |TAMS 0x00000000b3500000, 0x00000000b3500000| Untracked 
|  54|0x00000000b3600000, 0x00000000b3600000, 0x00000000b3700000|  0%| F|  |TAMS 0x00000000b3600000, 0x00000000b3600000| Untracked 
|  55|0x00000000b3700000, 0x00000000b3700000, 0x00000000b3800000|  0%| F|  |TAMS 0x00000000b3700000, 0x00000000b3700000| Untracked 
|  56|0x00000000b3800000, 0x00000000b3800000, 0x00000000b3900000|  0%| F|  |TAMS 0x00000000b3800000, 0x00000000b3800000| Untracked 
|  57|0x00000000b3900000, 0x00000000b3900000, 0x00000000b3a00000|  0%| F|  |TAMS 0x00000000b3900000, 0x00000000b3900000| Untracked 
|  58|0x00000000b3a00000, 0x00000000b3a00000, 0x00000000b3b00000|  0%| F|  |TAMS 0x00000000b3a00000, 0x00000000b3a00000| Untracked 
|  59|0x00000000b3b00000, 0x00000000b3b00000, 0x00000000b3c00000|  0%| F|  |TAMS 0x00000000b3b00000, 0x00000000b3b00000| Untracked 
|  60|0x00000000b3c00000, 0x00000000b3c00000, 0x00000000b3d00000|  0%| F|  |TAMS 0x00000000b3c00000, 0x00000000b3c00000| Untracked 
|  61|0x00000000b3d00000, 0x00000000b3d00000, 0x00000000b3e00000|  0%| F|  |TAMS 0x00000000b3d00000, 0x00000000b3d00000| Untracked 
|  62|0x00000000b3e00000, 0x00000000b3e00000, 0x00000000b3f00000|  0%| F|  |TAMS 0x00000000b3e00000, 0x00000000b3e00000| Untracked 
|  63|0x00000000b3f00000, 0x00000000b3f00000, 0x00000000b4000000|  0%| F|  |TAMS 0x00000000b3f00000, 0x00000000b3f00000| Untracked 
|  64|0x00000000b4000000, 0x00000000b4000000, 0x00000000b4100000|  0%| F|  |TAMS 0x00000000b4000000, 0x00000000b4000000| Untracked 
|  65|0x00000000b4100000, 0x00000000b4100000, 0x00000000b4200000|  0%| F|  |TAMS 0x00000000b4100000, 0x00000000b4100000| Untracked 
|  66|0x00000000b4200000, 0x00000000b4200000, 0x00000000b4300000|  0%| F|  |TAMS 0x00000000b4200000, 0x00000000b4200000| Untracked 
|  67|0x00000000b4300000, 0x00000000b4300000, 0x00000000b4400000|  0%| F|  |TAMS 0x00000000b4300000, 0x00000000b4300000| Untracked 
|  68|0x00000000b4400000, 0x00000000b4400000, 0x00000000b4500000|  0%| F|  |TAMS 0x00000000b4400000, 0x00000000b4400000| Untracked 
|  69|0x00000000b4500000, 0x00000000b4500000, 0x00000000b4600000|  0%| F|  |TAMS 0x00000000b4500000, 0x00000000b4500000| Untracked 
|  70|0x00000000b4600000, 0x00000000b46d79b8, 0x00000000b4700000| 84%| E|  |TAMS 0x00000000b4600000, 0x00000000b4600000| Complete 
|  71|0x00000000b4700000, 0x00000000b4800000, 0x00000000b4800000|100%| E|CS|TAMS 0x00000000b4700000, 0x00000000b4700000| Complete 
|  72|0x00000000b4800000, 0x00000000b4900000, 0x00000000b4900000|100%| E|CS|TAMS 0x00000000b4800000, 0x00000000b4800000| Complete 
|  73|0x00000000b4900000, 0x00000000b4a00000, 0x00000000b4a00000|100%| E|CS|TAMS 0x00000000b4900000, 0x00000000b4900000| Complete 
|  74|0x00000000b4a00000, 0x00000000b4b00000, 0x00000000b4b00000|100%| E|CS|TAMS 0x00000000b4a00000, 0x00000000b4a00000| Complete 
|  75|0x00000000b4b00000, 0x00000000b4c00000, 0x00000000b4c00000|100%| E|CS|TAMS 0x00000000b4b00000, 0x00000000b4b00000| Complete 
|  76|0x00000000b4c00000, 0x00000000b4d00000, 0x00000000b4d00000|100%| E|CS|TAMS 0x00000000b4c00000, 0x00000000b4c00000| Complete 
|  77|0x00000000b4d00000, 0x00000000b4e00000, 0x00000000b4e00000|100%| E|CS|TAMS 0x00000000b4d00000, 0x00000000b4d00000| Complete 
|  78|0x00000000b4e00000, 0x00000000b4f00000, 0x00000000b4f00000|100%| E|CS|TAMS 0x00000000b4e00000, 0x00000000b4e00000| Complete 
|  79|0x00000000b4f00000, 0x00000000b5000000, 0x00000000b5000000|100%| E|CS|TAMS 0x00000000b4f00000, 0x00000000b4f00000| Complete 

Card table byte_map: [0x00007fb0c7a8e000,0x00007fb0c7d0e000] _byte_map_base: 0x00007fb0c750e000

Marking Bits (Prev, Next): (CMBitMap*) 0x00007fb0d806fd60, (CMBitMap*) 0x00007fb0d806fda0
 Prev Bits: [0x00007fb0c640e000, 0x00007fb0c780e000)
 Next Bits: [0x00007fb0c500e000, 0x00007fb0c640e000)

Polling page: 0x00007fb0dfd88000

Metaspace:

Usage:
  Non-class:      7,45 MB capacity,     7,34 MB ( 99%) used,    95,69 KB (  1%) free+waste,    14,75 KB ( <1%) overhead. 
      Class:    823,00 KB capacity,   739,11 KB ( 90%) used,    76,27 KB (  9%) free+waste,     7,62 KB ( <1%) overhead. 
       Both:      8,26 MB capacity,     8,07 MB ( 98%) used,   171,95 KB (  2%) free+waste,    22,38 KB ( <1%) overhead. 

Virtual space:
  Non-class space:        8,00 MB reserved,       7,50 MB ( 94%) committed 
      Class space:        1,00 GB reserved,     896,00 KB ( <1%) committed 
             Both:        1,01 GB reserved,       8,38 MB ( <1%) committed 

Chunk freelists:
   Non-Class:  49,00 KB
       Class:  9,00 KB
        Both:  58,00 KB

MaxMetaspaceSize: unlimited
CompressedClassSpaceSize: 1,00 GB

CodeHeap 'non-profiled nmethods': size=120032Kb used=212Kb max_used=212Kb free=119819Kb
 bounds [0x00007fb0cfe5a000, 0x00007fb0d00ca000, 0x00007fb0d7392000]
CodeHeap 'profiled nmethods': size=120032Kb used=656Kb max_used=656Kb free=119375Kb
 bounds [0x00007fb0c8922000, 0x00007fb0c8b92000, 0x00007fb0cfe5a000]
CodeHeap 'non-nmethods': size=5696Kb used=2265Kb max_used=2279Kb free=3430Kb
 bounds [0x00007fb0c8392000, 0x00007fb0c8602000, 0x00007fb0c8922000]
 total_blobs=1355 nmethods=306 adapters=835
 compilation: enabled
              stopped_count=0, restarted_count=0
 full_count=0

Compilation events (10 events):
Event: 11,360 Thread 0x00007fb0d82cc000  566       4       java.lang.Object::<init> (1 bytes)
Event: 11,367 Thread 0x00007fb0d82cc000 nmethod 566 0x00007fb0cfe8ba90 code [0x00007fb0cfe8bc20, 0x00007fb0cfe8bcb8]
Event: 11,367 Thread 0x00007fb0d82cc000  563       4       java.lang.StringLatin1::indexOf (121 bytes)
Event: 11,667 Thread 0x00007fb0d82cc000 nmethod 563 0x00007fb0cfe8bd90 code [0x00007fb0cfe8bf40, 0x00007fb0cfe8c4b8]
Event: 11,667 Thread 0x00007fb0d82cc000  591       4       java.util.Arrays::copyOfRange (64 bytes)
Event: 11,712 Thread 0x00007fb0d82cc000 nmethod 591 0x00007fb0cfe8d010 code [0x00007fb0cfe8d1c0, 0x00007fb0cfe8d478]
Event: 11,713 Thread 0x00007fb0d82cc000  592       4       java.lang.String::getBytes (44 bytes)
Event: 11,754 Thread 0x00007fb0d82cc000 nmethod 592 0x00007fb0cfe8d710 code [0x00007fb0cfe8d8a0, 0x00007fb0cfe8dab8]
Event: 11,754 Thread 0x00007fb0d82cc000  593       4       java.lang.StringBuilder::append (8 bytes)
Event: 11,964 Thread 0x00007fb0d82cc000 nmethod 593 0x00007fb0cfe8dd10 code [0x00007fb0cfe8df00, 0x00007fb0cfe8e878]

GC Heap History (0 events):
No events

Deoptimization events (1 events):
Event: 7,399 Thread 0x00007fb0d8022800 Uncommon trap: reason=unstable_if action=reinterpret pc=0x00007fb0cfe701b4 method=java.util.HashMap.putVal(ILjava/lang/Object;Ljava/lang/Object;ZZ)Ljava/lang/Object; @ 236 c2

Classes unloaded (0 events):
No events

Classes redefined (0 events):
No events

Internal exceptions (10 events):
Event: 5,197 Thread 0x00007fb0d8022800 Exception <a 'java/lang/NoSuchMethodError'{0x00000000b4c231a0}: 'java.lang.Object java.lang.invoke.DirectMethodHandle$Holder.invokeVirtual(java.lang.Object, java.lang.Object)'> (0x00000000b4c231a0) 
thrown [/home/dmitry/Downloads/LOOM/loom/src/hotspot/share/interpreter/linkResolver.cpp, line 768]
for thread 0x00007fb0d8022800
Event: 5,258 Thread 0x00007fb0d8022800 Exception <a 'java/lang/NoSuchMethodError'{0x00000000b4c2ad68}: 'int java.lang.invoke.DirectMethodHandle$Holder.invokeSpecial(java.lang.Object, java.lang.Object)'> (0x00000000b4c2ad68) 
thrown [/home/dmitry/Downloads/LOOM/loom/src/hotspot/share/interpreter/linkResolver.cpp, line 768]
for thread 0x00007fb0d8022800
Event: 6,786 Thread 0x00007fb0d8022800 Exception <a 'java/lang/NoSuchMethodError'{0x00000000b4abd1a8}: 'void java.lang.invoke.DirectMethodHandle$Holder.invokeStatic(java.lang.Object, java.lang.Object, java.lang.Object)'> (0x00000000b4abd1a8) 
thrown [/home/dmitry/Downloads/LOOM/loom/src/hotspot/share/interpreter/linkResolver.cpp, line 768]
for thread 0x00007fb0d8022800
Event: 7,013 Thread 0x00007fb0d8022800 Exception <a 'java/lang/NoSuchMethodError'{0x00000000b4ae9278}: 'java.lang.Object java.lang.invoke.Invokers$Holder.linkToTargetMethod(java.lang.Object, java.lang.Object, java.lang.Object, java.lang.Object)'> (0x00000000b4ae9278) 
thrown [/home/dmitry/Downloads/LOOM/loom/src/hotspot/share/interpreter/linkResolver.cpp, line 768]
for thread 0x00007fb0d8022800
Event: 8,339 Thread 0x00007fb0d8022800 Exception <a 'java/lang/NoSuchMethodError'{0x00000000b499c718}: 'java.lang.Object java.lang.invoke.DirectMethodHandle$Holder.invokeStaticInit(java.lang.Object, java.lang.Object)'> (0x00000000b499c718) 
thrown [/home/dmitry/Downloads/LOOM/loom/src/hotspot/share/interpreter/linkResolver.cpp, line 768]
for thread 0x00007fb0d8022800
Event: 8,376 Thread 0x00007fb0d8022800 Exception <a 'java/lang/NoSuchMethodError'{0x00000000b49a4370}: 'void java.lang.invoke.DirectMethodHandle$Holder.invokeStaticInit(java.lang.Object, java.lang.Object, java.lang.Object)'> (0x00000000b49a4370) 
thrown [/home/dmitry/Downloads/LOOM/loom/src/hotspot/share/interpreter/linkResolver.cpp, line 768]
for thread 0x00007fb0d8022800
Event: 10,622 Thread 0x00007fb0d8022800 Exception <a 'java/lang/NoSuchMethodError'{0x00000000b48d0880}: 'java.lang.Object java.lang.invoke.DirectMethodHandle$Holder.invokeStatic(java.lang.Object)'> (0x00000000b48d0880) 
thrown [/home/dmitry/Downloads/LOOM/loom/src/hotspot/share/interpreter/linkResolver.cpp, line 768]
for thread 0x00007fb0d8022800
Event: 10,633 Thread 0x00007fb0d8022800 Exception <a 'java/lang/NoSuchMethodError'{0x00000000b48d3280}: 'java.lang.Object java.lang.invoke.DirectMethodHandle$Holder.invokeStaticInit(java.lang.Object)'> (0x00000000b48d3280) 
thrown [/home/dmitry/Downloads/LOOM/loom/src/hotspot/share/interpreter/linkResolver.cpp, line 768]
for thread 0x00007fb0d8022800
Event: 10,953 Thread 0x00007fb0d8022800 Exception <a 'java/lang/NoSuchMethodError'{0x00000000b48ea160}: 'java.lang.Object java.lang.invoke.DirectMethodHandle$Holder.invokeStaticInit(java.lang.Object, java.lang.Object, java.lang.Object)'> (0x00000000b48ea160) 
thrown [/home/dmitry/Downloads/LOOM/loom/src/hotspot/share/interpreter/linkResolver.cpp, line 768]
for thread 0x00007fb0d8022800
Event: 11,122 Thread 0x00007fb0d8022800 Exception <a 'java/lang/NoSuchMethodError'{0x00000000b4709cd0}: 'int java.lang.invoke.DirectMethodHandle$Holder.invokeSpecial(java.lang.Object, java.lang.Object, java.lang.Object)'> (0x00000000b4709cd0) 
thrown [/home/dmitry/Downloads/LOOM/loom/src/hotspot/share/interpreter/linkResolver.cpp, line 768]
for thread 0x00007fb0d8022800

Events (10 events):
Event: 11,581 loading class continuation/StatedContinuation done
Event: 11,602 loading class java/util/concurrent/FutureTask
Event: 11,605 loading class java/util/concurrent/FutureTask done
Event: 11,619 loading class java/util/concurrent/FutureTask$WaitNode
Event: 11,619 loading class java/util/concurrent/FutureTask$WaitNode done
Event: 11,622 loading class java/util/concurrent/Executors$RunnableAdapter
Event: 11,633 loading class java/util/concurrent/Executors$RunnableAdapter done
Event: 11,651 loading class java/util/concurrent/ThreadPoolExecutor$Worker
Event: 11,652 loading class java/util/concurrent/ThreadPoolExecutor$Worker done
Event: 11,665 Thread 0x00007fb0d864a000 Thread added: 0x00007fb0d864a000


Dynamic libraries:
b0000000-b5000000 rw-p 00000000 00:00 0 
b5000000-100000000 ---p 00000000 00:00 0 
100000000-1000e0000 rw-p 00000000 00:00 0 
1000e0000-140000000 ---p 00000000 00:00 0 
557714a4b000-557714a4d000 r-xp 00000000 08:01 2123588                    /home/dmitry/Downloads/LOOM/loom/build/linux-x86_64-server-slowdebug/jdk/bin/java
557714c4c000-557714c4d000 r--p 00001000 08:01 2123588                    /home/dmitry/Downloads/LOOM/loom/build/linux-x86_64-server-slowdebug/jdk/bin/java
557714c4d000-557714c4e000 rw-p 00002000 08:01 2123588                    /home/dmitry/Downloads/LOOM/loom/build/linux-x86_64-server-slowdebug/jdk/bin/java
557715d42000-557715d63000 rw-p 00000000 00:00 0                          [heap]
7fb068000000-7fb068021000 rw-p 00000000 00:00 0 
7fb068021000-7fb06c000000 ---p 00000000 00:00 0 
7fb070000000-7fb070021000 rw-p 00000000 00:00 0 
7fb070021000-7fb074000000 ---p 00000000 00:00 0 
7fb076ab8000-7fb0779f0000 rw-p 00000000 00:00 0 
7fb0779f0000-7fb0779f4000 ---p 00000000 00:00 0 
7fb0779f4000-7fb077af1000 rw-p 00000000 00:00 0 
7fb077af1000-7fb077af5000 ---p 00000000 00:00 0 
7fb077af5000-7fb077bf2000 rw-p 00000000 00:00 0 
7fb077bf2000-7fb077bf9000 r-xp 00000000 08:01 2242822                    /home/dmitry/Downloads/LOOM/loom/build/linux-x86_64-server-slowdebug/jdk/lib/libmanagement_ext.so
7fb077bf9000-7fb077df8000 ---p 00007000 08:01 2242822                    /home/dmitry/Downloads/LOOM/loom/build/linux-x86_64-server-slowdebug/jdk/lib/libmanagement_ext.so
7fb077df8000-7fb077df9000 r--p 00006000 08:01 2242822                    /home/dmitry/Downloads/LOOM/loom/build/linux-x86_64-server-slowdebug/jdk/lib/libmanagement_ext.so
7fb077df9000-7fb077dfa000 rw-p 00007000 08:01 2242822                    /home/dmitry/Downloads/LOOM/loom/build/linux-x86_64-server-slowdebug/jdk/lib/libmanagement_ext.so
7fb077dfa000-7fb077dff000 r-xp 00000000 08:01 2242402                    /home/dmitry/Downloads/LOOM/loom/build/linux-x86_64-server-slowdebug/jdk/lib/libmanagement.so
7fb077dff000-7fb077ffe000 ---p 00005000 08:01 2242402                    /home/dmitry/Downloads/LOOM/loom/build/linux-x86_64-server-slowdebug/jdk/lib/libmanagement.so
7fb077ffe000-7fb077fff000 r--p 00004000 08:01 2242402                    /home/dmitry/Downloads/LOOM/loom/build/linux-x86_64-server-slowdebug/jdk/lib/libmanagement.so
7fb077fff000-7fb078000000 rw-p 00005000 08:01 2242402                    /home/dmitry/Downloads/LOOM/loom/build/linux-x86_64-server-slowdebug/jdk/lib/libmanagement.so
7fb078000000-7fb078021000 rw-p 00000000 00:00 0 
7fb078021000-7fb07c000000 ---p 00000000 00:00 0 
7fb07c000000-7fb07c021000 rw-p 00000000 00:00 0 
7fb07c021000-7fb080000000 ---p 00000000 00:00 0 
7fb080000000-7fb080021000 rw-p 00000000 00:00 0 
7fb080021000-7fb084000000 ---p 00000000 00:00 0 
7fb084000000-7fb084021000 rw-p 00000000 00:00 0 
7fb084021000-7fb088000000 ---p 00000000 00:00 0 
7fb088000000-7fb088021000 rw-p 00000000 00:00 0 
7fb088021000-7fb08c000000 ---p 00000000 00:00 0 
7fb08c000000-7fb08c225000 rw-p 00000000 00:00 0 
7fb08c225000-7fb090000000 ---p 00000000 00:00 0 
7fb090000000-7fb090442000 rw-p 00000000 00:00 0 
7fb090442000-7fb094000000 ---p 00000000 00:00 0 
7fb094000000-7fb094021000 rw-p 00000000 00:00 0 
7fb094021000-7fb098000000 ---p 00000000 00:00 0 
7fb098000000-7fb098021000 rw-p 00000000 00:00 0 
7fb098021000-7fb09c000000 ---p 00000000 00:00 0 
7fb09c000000-7fb09c633000 rw-p 00000000 00:00 0 
7fb09c633000-7fb0a0000000 ---p 00000000 00:00 0 
7fb0a0000000-7fb0a0021000 rw-p 00000000 00:00 0 
7fb0a0021000-7fb0a4000000 ---p 00000000 00:00 0 
7fb0a4000000-7fb0a4021000 rw-p 00000000 00:00 0 
7fb0a4021000-7fb0a8000000 ---p 00000000 00:00 0 
7fb0a8000000-7fb0a8021000 rw-p 00000000 00:00 0 
7fb0a8021000-7fb0ac000000 ---p 00000000 00:00 0 
7fb0ac000000-7fb0ac021000 rw-p 00000000 00:00 0 
7fb0ac021000-7fb0b0000000 ---p 00000000 00:00 0 
7fb0b0000000-7fb0b0021000 rw-p 00000000 00:00 0 
7fb0b0021000-7fb0b4000000 ---p 00000000 00:00 0 
7fb0b40c2000-7fb0b40c3000 ---p 00000000 00:00 0 
7fb0b40c3000-7fb0b41c4000 rw-p 00000000 00:00 0 
7fb0b41c4000-7fb0b41c8000 ---p 00000000 00:00 0 
7fb0b41c8000-7fb0b42c5000 rw-p 00000000 00:00 0 
7fb0b42c5000-7fb0b42c9000 ---p 00000000 00:00 0 
7fb0b42c9000-7fb0b43c6000 rw-p 00000000 00:00 0 
7fb0b43c6000-7fb0b43ca000 ---p 00000000 00:00 0 
7fb0b43ca000-7fb0b44c7000 rw-p 00000000 00:00 0 
7fb0b44c7000-7fb0b44cd000 r-xp 00000000 08:01 2242836                    /home/dmitry/Downloads/LOOM/loom/build/linux-x86_64-server-slowdebug/jdk/lib/libdt_socket.so
7fb0b44cd000-7fb0b46cc000 ---p 00006000 08:01 2242836                    /home/dmitry/Downloads/LOOM/loom/build/linux-x86_64-server-slowdebug/jdk/lib/libdt_socket.so
7fb0b46cc000-7fb0b46cd000 r--p 00005000 08:01 2242836                    /home/dmitry/Downloads/LOOM/loom/build/linux-x86_64-server-slowdebug/jdk/lib/libdt_socket.so
7fb0b46cd000-7fb0b46ce000 rw-p 00006000 08:01 2242836                    /home/dmitry/Downloads/LOOM/loom/build/linux-x86_64-server-slowdebug/jdk/lib/libdt_socket.so
7fb0b46ce000-7fb0b46d2000 ---p 00000000 00:00 0 
7fb0b46d2000-7fb0b47cf000 rw-p 00000000 00:00 0 
7fb0b47cf000-7fb0b47d3000 ---p 00000000 00:00 0 
7fb0b47d3000-7fb0b4901000 rw-p 00000000 00:00 0 
7fb0b4901000-7fb0b491c000 r-xp 00000000 08:01 2242341                    /home/dmitry/Downloads/LOOM/loom/build/linux-x86_64-server-slowdebug/jdk/lib/libnet.so
7fb0b491c000-7fb0b4b1b000 ---p 0001b000 08:01 2242341                    /home/dmitry/Downloads/LOOM/loom/build/linux-x86_64-server-slowdebug/jdk/lib/libnet.so
7fb0b4b1b000-7fb0b4b1c000 r--p 0001a000 08:01 2242341                    /home/dmitry/Downloads/LOOM/loom/build/linux-x86_64-server-slowdebug/jdk/lib/libnet.so
7fb0b4b1c000-7fb0b4b1d000 rw-p 0001b000 08:01 2242341                    /home/dmitry/Downloads/LOOM/loom/build/linux-x86_64-server-slowdebug/jdk/lib/libnet.so
7fb0b4b1d000-7fb0b4b2f000 r-xp 00000000 08:01 2242344                    /home/dmitry/Downloads/LOOM/loom/build/linux-x86_64-server-slowdebug/jdk/lib/libnio.so
7fb0b4b2f000-7fb0b4d2e000 ---p 00012000 08:01 2242344                    /home/dmitry/Downloads/LOOM/loom/build/linux-x86_64-server-slowdebug/jdk/lib/libnio.so
7fb0b4d2e000-7fb0b4d2f000 r--p 00011000 08:01 2242344                    /home/dmitry/Downloads/LOOM/loom/build/linux-x86_64-server-slowdebug/jdk/lib/libnio.so
7fb0b4d2f000-7fb0b4d30000 rw-p 00012000 08:01 2242344                    /home/dmitry/Downloads/LOOM/loom/build/linux-x86_64-server-slowdebug/jdk/lib/libnio.so
7fb0b4d30000-7fb0b4d34000 ---p 00000000 00:00 0 
7fb0b4d34000-7fb0b4e31000 rw-p 00000000 00:00 0 
7fb0b4e31000-7fb0b5800000 r--p 00000000 08:01 10230401                   /usr/lib/locale/locale-archive
7fb0b5800000-7fb0b5f80000 rw-p 00000000 00:00 0 
7fb0b5f80000-7fb0b6000000 ---p 00000000 00:00 0 
7fb0b6000000-7fb0b8000000 rw-p 00000000 00:00 0 
7fb0b8000000-7fb0b8021000 rw-p 00000000 00:00 0 
7fb0b8021000-7fb0bc000000 ---p 00000000 00:00 0 
7fb0bc000000-7fb0bc021000 rw-p 00000000 00:00 0 
7fb0bc021000-7fb0c0000000 ---p 00000000 00:00 0 
7fb0c0000000-7fb0c0021000 rw-p 00000000 00:00 0 
7fb0c0021000-7fb0c4000000 ---p 00000000 00:00 0 
7fb0c401d000-7fb0c4021000 ---p 00000000 00:00 0 
7fb0c4021000-7fb0c411e000 rw-p 00000000 00:00 0 
7fb0c411e000-7fb0c4122000 ---p 00000000 00:00 0 
7fb0c4122000-7fb0c421f000 rw-p 00000000 00:00 0 
7fb0c421f000-7fb0c4223000 ---p 00000000 00:00 0 
7fb0c4223000-7fb0c4320000 rw-p 00000000 00:00 0 
7fb0c4320000-7fb0c4324000 ---p 00000000 00:00 0 
7fb0c4324000-7fb0c4421000 rw-p 00000000 00:00 0 
7fb0c4421000-7fb0c4425000 ---p 00000000 00:00 0 
7fb0c4425000-7fb0c4522000 rw-p 00000000 00:00 0 
7fb0c4522000-7fb0c4523000 ---p 00000000 00:00 0 
7fb0c4523000-7fb0c4700000 rw-p 00000000 00:00 0 
7fb0c4700000-7fb0c4701000 ---p 00000000 00:00 0 
7fb0c4701000-7fb0c4802000 rw-p 00000000 00:00 0 
7fb0c4802000-7fb0c4803000 ---p 00000000 00:00 0 
7fb0c4803000-7fb0c4d08000 rw-p 00000000 00:00 0 
7fb0c4d08000-7fb0c4d09000 ---p 00000000 00:00 0 
7fb0c4d09000-7fb0c4e0a000 rw-p 00000000 00:00 0 
7fb0c4e0a000-7fb0c4e0b000 ---p 00000000 00:00 0 
7fb0c4e0b000-7fb0c4f0c000 rw-p 00000000 00:00 0 
7fb0c4f0c000-7fb0c4f0d000 ---p 00000000 00:00 0 
7fb0c4f0d000-7fb0c514e000 rw-p 00000000 00:00 0 
7fb0c514e000-7fb0c640e000 ---p 00000000 00:00 0 
7fb0c640e000-7fb0c654e000 rw-p 00000000 00:00 0 
7fb0c654e000-7fb0c780e000 ---p 00000000 00:00 0 
7fb0c780e000-7fb0c7836000 rw-p 00000000 00:00 0 
7fb0c7836000-7fb0c7a8e000 ---p 00000000 00:00 0 
7fb0c7a8e000-7fb0c7ab6000 rw-p 00000000 00:00 0 
7fb0c7ab6000-7fb0c7d0e000 ---p 00000000 00:00 0 
7fb0c7d0e000-7fb0c7d36000 rw-p 00000000 00:00 0 
7fb0c7d36000-7fb0c7f8e000 ---p 00000000 00:00 0 
7fb0c7f8e000-7fb0c8392000 rw-p 00000000 00:00 0 
7fb0c8392000-7fb0c8602000 rwxp 00000000 00:00 0 
7fb0c8602000-7fb0c8922000 ---p 00000000 00:00 0 
7fb0c8922000-7fb0c8b92000 rwxp 00000000 00:00 0 
7fb0c8b92000-7fb0cfe5a000 ---p 00000000 00:00 0 
7fb0cfe5a000-7fb0d00ca000 rwxp 00000000 00:00 0 
7fb0d00ca000-7fb0d7392000 ---p 00000000 00:00 0 
7fb0d7392000-7fb0d73b2000 r-xp 00000000 08:01 2242340                    /home/dmitry/Downloads/LOOM/loom/build/linux-x86_64-server-slowdebug/jdk/lib/libjimage.so
7fb0d73b2000-7fb0d75b1000 ---p 00020000 08:01 2242340                    /home/dmitry/Downloads/LOOM/loom/build/linux-x86_64-server-slowdebug/jdk/lib/libjimage.so
7fb0d75b1000-7fb0d75b3000 r--p 0001f000 08:01 2242340                    /home/dmitry/Downloads/LOOM/loom/build/linux-x86_64-server-slowdebug/jdk/lib/libjimage.so
7fb0d75b3000-7fb0d75b4000 rw-p 00021000 08:01 2242340                    /home/dmitry/Downloads/LOOM/loom/build/linux-x86_64-server-slowdebug/jdk/lib/libjimage.so
7fb0d75b4000-7fb0d75bd000 r-xp 00000000 08:01 2242338                    /home/dmitry/Downloads/LOOM/loom/build/linux-x86_64-server-slowdebug/jdk/lib/libzip.so
7fb0d75bd000-7fb0d77bc000 ---p 00009000 08:01 2242338                    /home/dmitry/Downloads/LOOM/loom/build/linux-x86_64-server-slowdebug/jdk/lib/libzip.so
7fb0d77bc000-7fb0d77bd000 r--p 00008000 08:01 2242338                    /home/dmitry/Downloads/LOOM/loom/build/linux-x86_64-server-slowdebug/jdk/lib/libzip.so
7fb0d77bd000-7fb0d77be000 rw-p 00009000 08:01 2242338                    /home/dmitry/Downloads/LOOM/loom/build/linux-x86_64-server-slowdebug/jdk/lib/libzip.so
7fb0d77be000-7fb0d77c9000 r-xp 00000000 08:01 1184572                    /lib/x86_64-linux-gnu/libnss_files-2.27.so
7fb0d77c9000-7fb0d79c8000 ---p 0000b000 08:01 1184572                    /lib/x86_64-linux-gnu/libnss_files-2.27.so
7fb0d79c8000-7fb0d79c9000 r--p 0000a000 08:01 1184572                    /lib/x86_64-linux-gnu/libnss_files-2.27.so
7fb0d79c9000-7fb0d79ca000 rw-p 0000b000 08:01 1184572                    /lib/x86_64-linux-gnu/libnss_files-2.27.so
7fb0d79ca000-7fb0d79d0000 rw-p 00000000 00:00 0 
7fb0d79d0000-7fb0d79e7000 r-xp 00000000 08:01 1184566                    /lib/x86_64-linux-gnu/libnsl-2.27.so
7fb0d79e7000-7fb0d7be6000 ---p 00017000 08:01 1184566                    /lib/x86_64-linux-gnu/libnsl-2.27.so
7fb0d7be6000-7fb0d7be7000 r--p 00016000 08:01 1184566                    /lib/x86_64-linux-gnu/libnsl-2.27.so
7fb0d7be7000-7fb0d7be8000 rw-p 00017000 08:01 1184566                    /lib/x86_64-linux-gnu/libnsl-2.27.so
7fb0d7be8000-7fb0d7bea000 rw-p 00000000 00:00 0 
7fb0d7bea000-7fb0d7bf5000 r-xp 00000000 08:01 1184583                    /lib/x86_64-linux-gnu/libnss_nis-2.27.so
7fb0d7bf5000-7fb0d7df4000 ---p 0000b000 08:01 1184583                    /lib/x86_64-linux-gnu/libnss_nis-2.27.so
7fb0d7df4000-7fb0d7df5000 r--p 0000a000 08:01 1184583                    /lib/x86_64-linux-gnu/libnss_nis-2.27.so
7fb0d7df5000-7fb0d7df6000 rw-p 0000b000 08:01 1184583                    /lib/x86_64-linux-gnu/libnss_nis-2.27.so
7fb0d7df6000-7fb0d7dfe000 r-xp 00000000 08:01 1184568                    /lib/x86_64-linux-gnu/libnss_compat-2.27.so
7fb0d7dfe000-7fb0d7ffe000 ---p 00008000 08:01 1184568                    /lib/x86_64-linux-gnu/libnss_compat-2.27.so
7fb0d7ffe000-7fb0d7fff000 r--p 00008000 08:01 1184568                    /lib/x86_64-linux-gnu/libnss_compat-2.27.so
7fb0d7fff000-7fb0d8000000 rw-p 00009000 08:01 1184568                    /lib/x86_64-linux-gnu/libnss_compat-2.27.so
7fb0d8000000-7fb0d8662000 rw-p 00000000 00:00 0 
7fb0d8662000-7fb0dc000000 ---p 00000000 00:00 0 
7fb0dc01f000-7fb0dc024000 rw-p 00000000 00:00 0 
7fb0dc024000-7fb0dc10a000 ---p 00000000 00:00 0 
7fb0dc10a000-7fb0dc10f000 rw-p 00000000 00:00 0 
7fb0dc10f000-7fb0dc1f5000 ---p 00000000 00:00 0 
7fb0dc1f5000-7fb0dc246000 r-xp 00000000 08:01 2242840                    /home/dmitry/Downloads/LOOM/loom/build/linux-x86_64-server-slowdebug/jdk/lib/libjdwp.so
7fb0dc246000-7fb0dc445000 ---p 00051000 08:01 2242840                    /home/dmitry/Downloads/LOOM/loom/build/linux-x86_64-server-slowdebug/jdk/lib/libjdwp.so
7fb0dc445000-7fb0dc446000 r--p 00050000 08:01 2242840                    /home/dmitry/Downloads/LOOM/loom/build/linux-x86_64-server-slowdebug/jdk/lib/libjdwp.so
7fb0dc446000-7fb0dc447000 rw-p 00051000 08:01 2242840                    /home/dmitry/Downloads/LOOM/loom/build/linux-x86_64-server-slowdebug/jdk/lib/libjdwp.so
7fb0dc447000-7fb0dc448000 rw-p 00000000 00:00 0 
7fb0dc448000-7fb0dc478000 r-xp 00000000 08:01 2242336                    /home/dmitry/Downloads/LOOM/loom/build/linux-x86_64-server-slowdebug/jdk/lib/libjava.so
7fb0dc478000-7fb0dc677000 ---p 00030000 08:01 2242336                    /home/dmitry/Downloads/LOOM/loom/build/linux-x86_64-server-slowdebug/jdk/lib/libjava.so
7fb0dc677000-7fb0dc678000 r--p 0002f000 08:01 2242336                    /home/dmitry/Downloads/LOOM/loom/build/linux-x86_64-server-slowdebug/jdk/lib/libjava.so
7fb0dc678000-7fb0dc67a000 rw-p 00030000 08:01 2242336                    /home/dmitry/Downloads/LOOM/loom/build/linux-x86_64-server-slowdebug/jdk/lib/libjava.so
7fb0dc67a000-7fb0dc68c000 r-xp 00000000 08:01 2242328                    /home/dmitry/Downloads/LOOM/loom/build/linux-x86_64-server-slowdebug/jdk/lib/libverify.so
7fb0dc68c000-7fb0dc88c000 ---p 00012000 08:01 2242328                    /home/dmitry/Downloads/LOOM/loom/build/linux-x86_64-server-slowdebug/jdk/lib/libverify.so
7fb0dc88c000-7fb0dc88e000 r--p 00012000 08:01 2242328                    /home/dmitry/Downloads/LOOM/loom/build/linux-x86_64-server-slowdebug/jdk/lib/libverify.so
7fb0dc88e000-7fb0dc88f000 rw-p 00014000 08:01 2242328                    /home/dmitry/Downloads/LOOM/loom/build/linux-x86_64-server-slowdebug/jdk/lib/libverify.so
7fb0dc88f000-7fb0dca2c000 r-xp 00000000 08:01 1184545                    /lib/x86_64-linux-gnu/libm-2.27.so
7fb0dca2c000-7fb0dcc2b000 ---p 0019d000 08:01 1184545                    /lib/x86_64-linux-gnu/libm-2.27.so
7fb0dcc2b000-7fb0dcc2c000 r--p 0019c000 08:01 1184545                    /lib/x86_64-linux-gnu/libm-2.27.so
7fb0dcc2c000-7fb0dcc2d000 rw-p 0019d000 08:01 1184545                    /lib/x86_64-linux-gnu/libm-2.27.so
7fb0dcc2d000-7fb0deb13000 r-xp 00000000 08:01 2242326                    /home/dmitry/Downloads/LOOM/loom/build/linux-x86_64-server-slowdebug/jdk/lib/server/libjvm.so
7fb0deb13000-7fb0ded13000 ---p 01ee6000 08:01 2242326                    /home/dmitry/Downloads/LOOM/loom/build/linux-x86_64-server-slowdebug/jdk/lib/server/libjvm.so
7fb0ded13000-7fb0dee0e000 r--p 01ee6000 08:01 2242326                    /home/dmitry/Downloads/LOOM/loom/build/linux-x86_64-server-slowdebug/jdk/lib/server/libjvm.so
7fb0dee0e000-7fb0dee4e000 rw-p 01fe1000 08:01 2242326                    /home/dmitry/Downloads/LOOM/loom/build/linux-x86_64-server-slowdebug/jdk/lib/server/libjvm.so
7fb0dee4e000-7fb0def21000 rw-p 00000000 00:00 0 
7fb0def21000-7fb0def3b000 r-xp 00000000 08:01 1184615                    /lib/x86_64-linux-gnu/libpthread-2.27.so
7fb0def3b000-7fb0df13a000 ---p 0001a000 08:01 1184615                    /lib/x86_64-linux-gnu/libpthread-2.27.so
7fb0df13a000-7fb0df13b000 r--p 00019000 08:01 1184615                    /lib/x86_64-linux-gnu/libpthread-2.27.so
7fb0df13b000-7fb0df13c000 rw-p 0001a000 08:01 1184615                    /lib/x86_64-linux-gnu/libpthread-2.27.so
7fb0df13c000-7fb0df140000 rw-p 00000000 00:00 0 
7fb0df140000-7fb0df143000 r-xp 00000000 08:01 1184505                    /lib/x86_64-linux-gnu/libdl-2.27.so
7fb0df143000-7fb0df342000 ---p 00003000 08:01 1184505                    /lib/x86_64-linux-gnu/libdl-2.27.so
7fb0df342000-7fb0df343000 r--p 00002000 08:01 1184505                    /lib/x86_64-linux-gnu/libdl-2.27.so
7fb0df343000-7fb0df344000 rw-p 00003000 08:01 1184505                    /lib/x86_64-linux-gnu/libdl-2.27.so
7fb0df344000-7fb0df360000 r-xp 00000000 08:01 1184654                    /lib/x86_64-linux-gnu/libz.so.1.2.11
7fb0df360000-7fb0df55f000 ---p 0001c000 08:01 1184654                    /lib/x86_64-linux-gnu/libz.so.1.2.11
7fb0df55f000-7fb0df560000 r--p 0001b000 08:01 1184654                    /lib/x86_64-linux-gnu/libz.so.1.2.11
7fb0df560000-7fb0df561000 rw-p 0001c000 08:01 1184654                    /lib/x86_64-linux-gnu/libz.so.1.2.11
7fb0df561000-7fb0df748000 r-xp 00000000 08:01 1184482                    /lib/x86_64-linux-gnu/libc-2.27.so
7fb0df748000-7fb0df948000 ---p 001e7000 08:01 1184482                    /lib/x86_64-linux-gnu/libc-2.27.so
7fb0df948000-7fb0df94c000 r--p 001e7000 08:01 1184482                    /lib/x86_64-linux-gnu/libc-2.27.so
7fb0df94c000-7fb0df94e000 rw-p 001eb000 08:01 1184482                    /lib/x86_64-linux-gnu/libc-2.27.so
7fb0df94e000-7fb0df952000 rw-p 00000000 00:00 0 
7fb0df952000-7fb0df965000 r-xp 00000000 08:01 2242330                    /home/dmitry/Downloads/LOOM/loom/build/linux-x86_64-server-slowdebug/jdk/lib/libjli.so
7fb0df965000-7fb0dfb64000 ---p 00013000 08:01 2242330                    /home/dmitry/Downloads/LOOM/loom/build/linux-x86_64-server-slowdebug/jdk/lib/libjli.so
7fb0dfb64000-7fb0dfb65000 r--p 00012000 08:01 2242330                    /home/dmitry/Downloads/LOOM/loom/build/linux-x86_64-server-slowdebug/jdk/lib/libjli.so
7fb0dfb65000-7fb0dfb66000 rw-p 00013000 08:01 2242330                    /home/dmitry/Downloads/LOOM/loom/build/linux-x86_64-server-slowdebug/jdk/lib/libjli.so
7fb0dfb66000-7fb0dfb8d000 r-xp 00000000 08:01 1184454                    /lib/x86_64-linux-gnu/ld-2.27.so
7fb0dfbba000-7fb0dfc6d000 rw-p 00000000 00:00 0 
7fb0dfc6d000-7fb0dfc74000 ---p 00000000 00:00 0 
7fb0dfc74000-7fb0dfc78000 ---p 00000000 00:00 0 
7fb0dfc78000-7fb0dfd77000 rw-p 00000000 00:00 0 
7fb0dfd79000-7fb0dfd80000 r--s 00000000 08:01 10488549                   /usr/lib/x86_64-linux-gnu/gconv/gconv-modules.cache
7fb0dfd80000-7fb0dfd88000 rw-s 00000000 08:01 524322                     /tmp/hsperfdata_dmitry/4457
7fb0dfd88000-7fb0dfd89000 ---p 00000000 00:00 0 
7fb0dfd89000-7fb0dfd8a000 r--p 00000000 00:00 0 
7fb0dfd8a000-7fb0dfd8b000 rwxp 00000000 00:00 0 
7fb0dfd8b000-7fb0dfd8d000 rw-p 00000000 00:00 0 
7fb0dfd8d000-7fb0dfd8e000 r--p 00027000 08:01 1184454                    /lib/x86_64-linux-gnu/ld-2.27.so
7fb0dfd8e000-7fb0dfd8f000 rw-p 00028000 08:01 1184454                    /lib/x86_64-linux-gnu/ld-2.27.so
7fb0dfd8f000-7fb0dfd90000 rw-p 00000000 00:00 0 
7fffbf2d0000-7fffbf2f3000 rw-p 00000000 00:00 0                          [stack]
7fffbf309000-7fffbf30c000 r--p 00000000 00:00 0                          [vvar]
7fffbf30c000-7fffbf30e000 r-xp 00000000 00:00 0                          [vdso]
ffffffffff600000-ffffffffff601000 r-xp 00000000 00:00 0                  [vsyscall]


VM Arguments:
jvm_args: -agentlib:jdwp=transport=dt_socket,address=127.0.0.1:3001,suspend=y,server=n -Dfile.encoding=UTF-8 
java_command: NewMain
java_class_path (initial): /home/dmitry/Downloads/LOOM/loom/build/linux-x86_64-server-slowdebug/jdk/modules/java.base:/home/dmitry/Downloads/LOOM/loom/build/linux-x86_64-server-slowdebug/jdk/modules/java.compiler:/home/dmitry/Downloads/LOOM/loom/build/linux-x86_64-server-slowdebug/jdk/modules/java.datatransfer:/home/dmitry/Downloads/LOOM/loom/build/linux-x86_64-server-slowdebug/jdk/modules/java.desktop:/home/dmitry/Downloads/LOOM/loom/build/linux-x86_64-server-slowdebug/jdk/modules/java.instrument:/home/dmitry/Downloads/LOOM/loom/build/linux-x86_64-server-slowdebug/jdk/modules/java.logging:/home/dmitry/Downloads/LOOM/loom/build/linux-x86_64-server-slowdebug/jdk/modules/java.management:/home/dmitry/Downloads/LOOM/loom/build/linux-x86_64-server-slowdebug/jdk/modules/java.management.rmi:/home/dmitry/Downloads/LOOM/loom/build/linux-x86_64-server-slowdebug/jdk/modules/java.naming:/home/dmitry/Downloads/LOOM/loom/build/linux-x86_64-server-slowdebug/jdk/modules/java.net.http:/home/dmitry/Downloads/LOOM/loom/build/linux-x86_64-server-slowdebug/jdk/modules/java.prefs:/home/dmitry/Downloads/LOOM/loom/build/linux-x86_64-server-slowdebug/jdk/modules/java.rmi:/home/dmitry/Downloads/LOOM/loom/build/linux-x86_64-server-slowdebug/jdk/modules/java.scripting:/home/dmitry/Downloads/LOOM/loom/build/linux-x86_64-server-slowdebug/jdk/modules/java.se:/home/dmitry/Downloads/LOOM/loom/build/linux-x86_64-server-slowdebug/jdk/modules/java.security.jgss:/home/dmitry/Downloads/LOOM/loom/build/linux-x86_64-server-slowdebug/jdk/modules/java.security.sasl:/home/dmitry/Downloads/LOOM/loom/build/linux-x86_64-server-slowdebug/jdk/modules/java.smartcardio:/home/dmitry/Downloads/LOOM/loom/build/linux-x86_64-server-slowdebug/jdk/modules/java.sql:/home/dmitry/Downloads/LOOM/loom/build/linux-x86_64-server-slowdebug/jdk/modules/java.sql.rowset:/home/dmitry/Downloads/LOOM/loom/build/linux-x86_64-server-slowdebug/jdk/modules/java.transaction.xa:/home/dmitry/Downloads/LOOM/loom/build/linux-x86_64-server-slo
Launcher Type: SUN_STANDARD

[Global flags]
     intx CICompilerCount                          = 3                                         {product} {ergonomic}     Number of compiler threads to run
     uint ConcGCThreads                            = 1                                         {product} {ergonomic}     Number of threads concurrent gc will use
     uint G1ConcRefinementThreads                  = 4                                         {product} {ergonomic}     The number of parallel rem set update threads. Will be set ergonomically by default.
   size_t G1HeapRegionSize                         = 1048576                                   {product} {ergonomic}     Size of the G1 regions.
    uintx GCDrainStackTargetSize                   = 64                                        {product} {ergonomic}     Number of entries we will try to leave on the stack during parallel gc
   size_t InitialHeapSize                          = 83886080                                  {product} {ergonomic}     Initial heap size (in bytes); zero means use ergonomics
   size_t MarkStackSize                            = 4194304                                   {product} {ergonomic}     Size of marking stack
   size_t MaxHeapSize                              = 1342177280                                {product} {ergonomic}     Maximum heap size (in bytes)
   size_t MaxNewSize                               = 805306368                                 {product} {ergonomic}     Maximum new generation size (in bytes), max_uintx means set ergonomically
   size_t MinHeapDeltaBytes                        = 1048576                                   {product} {ergonomic}     The minimum change in heap space due to GC (in bytes)
    uintx NonNMethodCodeHeapSize                   = 5830732                                {pd product} {ergonomic}     Size of code heap with non-nmethods (in bytes)
    uintx NonProfiledCodeHeapSize                  = 122913754                              {pd product} {ergonomic}     Size of code heap with non-profiled methods (in bytes)
    uintx ProfiledCodeHeapSize                     = 122913754                              {pd product} {ergonomic}     Size of code heap with profiled methods (in bytes)
    uintx ReservedCodeCacheSize                    = 251658240                              {pd product} {ergonomic}     Reserved code cache size (in bytes) - maximum code cache size
     bool SegmentedCodeCache                       = true                                      {product} {ergonomic}     Use a segmented code cache
     bool UseCompressedClassPointers               = true                                 {lp64_product} {ergonomic}     Use 32-bit class pointers in 64-bit VM. lp64_product means flag is always constant in 32 bit VM
     bool UseCompressedOops                        = true                                 {lp64_product} {ergonomic}     Use 32-bit object references in 64-bit VM. lp64_product means flag is always constant in 32 bit VM
     bool UseG1GC                                  = true                                      {product} {ergonomic}     Use the Garbage-First garbage collector

Logging:
Log output configuration:
 #0: stdout all=warning uptime,level,tags
 #1: stderr all=off uptime,level,tags

Environment Variables:
JAVA_HOME=/home/dmitry/usr/local/java/jdk1.8.0
PATH=/bin:/home/dmitry/Downloads/LOOM/loom/build/linux-x86_64-server-slowdebug/jdk/bin:/usr/local/sbin:/usr/local/bin:/usr/sbin:/usr/bin:/sbin:/bin:/usr/games:/usr/local/games:/snap/bin
USERNAME=dmitry
SHELL=/bin/bash
DISPLAY=:0

Signal Handlers:
SIGSEGV: [libjvm.so+0x13ad9a9], sa_mask[0]=11111111011111111101111111111110, sa_flags=SA_RESTART|SA_SIGINFO
SIGBUS: [libjvm.so+0x13ad9a9], sa_mask[0]=11111111011111111101111111111110, sa_flags=SA_RESTART|SA_SIGINFO
SIGFPE: [libjvm.so+0x13ad9a9], sa_mask[0]=11111111011111111101111111111110, sa_flags=SA_RESTART|SA_SIGINFO
SIGPIPE: [libjvm.so+0x107f0cc], sa_mask[0]=11111111011111111101111111111110, sa_flags=SA_RESTART|SA_SIGINFO
SIGXFSZ: [libjvm.so+0x107f0cc], sa_mask[0]=11111111011111111101111111111110, sa_flags=SA_RESTART|SA_SIGINFO
SIGILL: [libjvm.so+0x13ad9a9], sa_mask[0]=11111111011111111101111111111110, sa_flags=SA_RESTART|SA_SIGINFO
SIGUSR2: [libjvm.so+0x107e8e7], sa_mask[0]=00100000000000000000000000000000, sa_flags=SA_RESTART|SA_SIGINFO
SIGHUP: [libjvm.so+0x107a702], sa_mask[0]=11111111011111111101111111111110, sa_flags=SA_RESTART|SA_SIGINFO
SIGINT: [libjvm.so+0x107a702], sa_mask[0]=11111111011111111101111111111110, sa_flags=SA_RESTART|SA_SIGINFO
SIGTERM: [libjvm.so+0x107a702], sa_mask[0]=11111111011111111101111111111110, sa_flags=SA_RESTART|SA_SIGINFO
SIGQUIT: [libjvm.so+0x107a702], sa_mask[0]=11111111011111111101111111111110, sa_flags=SA_RESTART|SA_SIGINFO


---------------  S Y S T E M  ---------------

OS:DISTRIB_ID=Ubuntu
DISTRIB_RELEASE=18.04
DISTRIB_CODENAME=bionic
DISTRIB_DESCRIPTION="Ubuntu 18.04.2 LTS"
uname:Linux dmitry-VirtualBox 4.18.0-20-generic #21~18.04.1-Ubuntu SMP Wed May 8 08:43:37 UTC 2019 x86_64
libc:glibc 2.27 NPTL 2.27 
rlimit: STACK 8192k, CORE 0k, NPROC 20272, NOFILE 4096, AS infinity, DATA infinity, FSIZE infinity
load average:3,66 1,67 0,71

/proc/meminfo:
MemTotal:        5234996 kB
MemFree:          374884 kB
MemAvailable:    1670792 kB
Buffers:          429288 kB
Cached:          1251460 kB
SwapCached:           16 kB
Active:          3568192 kB
Inactive:         896540 kB
Active(anon):    2581336 kB
Inactive(anon):   532424 kB
Active(file):     986856 kB
Inactive(file):   364116 kB
Unevictable:          32 kB
Mlocked:              32 kB
SwapTotal:       2097148 kB
SwapFree:        2096368 kB
Dirty:              1880 kB
Writeback:             0 kB
AnonPages:       2784128 kB
Mapped:           675452 kB
Shmem:            329772 kB
Slab:             279376 kB
SReclaimable:     236320 kB
SUnreclaim:        43056 kB
KernelStack:       12000 kB
PageTables:        40692 kB
NFS_Unstable:          0 kB
Bounce:                0 kB
WritebackTmp:          0 kB
CommitLimit:     4714644 kB
Committed_AS:    6559600 kB
VmallocTotal:   34359738367 kB
VmallocUsed:           0 kB
VmallocChunk:          0 kB
HardwareCorrupted:     0 kB
AnonHugePages:         0 kB
ShmemHugePages:        0 kB
ShmemPmdMapped:        0 kB
CmaTotal:              0 kB
CmaFree:               0 kB
HugePages_Total:       0
HugePages_Free:        0
HugePages_Rsvd:        0
HugePages_Surp:        0
Hugepagesize:       2048 kB
Hugetlb:               0 kB
DirectMap4k:      143296 kB
DirectMap2M:     5267456 kB


/proc/sys/kernel/threads-max (system-wide limit on the number of threads):
40545


/proc/sys/vm/max_map_count (maximum number of memory map areas a process may have):
65530


/proc/sys/kernel/pid_max (system-wide limit on number of process identifiers):
32768



container (cgroup) information:
container_type: cgroupv1
cpu_cpuset_cpus: 0-3
cpu_memory_nodes: 0
active_processor_count: 4
cpu_quota: no quota
cpu_period: 100000
cpu_shares: no shares
memory_limit_in_bytes: unlimited
memory_and_swap_limit_in_bytes: not supported
memory_soft_limit_in_bytes: unlimited
memory_usage_in_bytes: 4571934720
memory_max_usage_in_bytes: unlimited

KVM virtualization detected
Steal ticks since vm start: 0
Steal ticks percentage since vm start:  0,000

CPU:total 4 (initial active 4) (4 cores per cpu, 1 threads per core) family 6 model 60 stepping 3, cmov, cx8, fxsr, mmx, sse, sse2, sse3, ssse3, sse4.1, sse4.2, popcnt, avx, avx2, aes, clmul, lzcnt, tsc, tscinvbit
CPU Model and flags from /proc/cpuinfo:
model name	: Intel(R) Core(TM) i7-4700HQ CPU @ 2.40GHz
flags		: fpu vme de pse tsc msr pae mce cx8 apic sep mtrr pge mca cmov pat pse36 clflush mmx fxsr sse sse2 ht syscall nx rdtscp lm constant_tsc rep_good nopl xtopology nonstop_tsc cpuid tsc_known_freq pni pclmulqdq ssse3 cx16 pcid sse4_1 sse4_2 x2apic movbe popcnt aes xsave avx rdrand hypervisor lahf_lm abm invpcid_single pti fsgsbase avx2 invpcid flush_l1d

Memory: 4k page, physical 5234996k(374884k free), swap 2097148k(2096368k free)

vm_info: OpenJDK 64-Bit Server VM (slowdebug 13-internal+0-adhoc.dmitry.loom) for linux-amd64 JRE (13-internal+0-adhoc.dmitry.loom), built on Jun  6 2019 22:40:10 by "dmitry" with gcc 7.4.0

END.
