#
# A fatal error has been detected by the Java Runtime Environment:
#
#  Internal Error (/home/dmitry/Downloads/LOOM/loom/src/hotspot/share/runtime/continuation.cpp:2125), pid=25129, tid=25138
#  assert(frozen == num_oops) failed: frozen: 2 num_oops: 1
#
# JRE version: OpenJDK Runtime Environment (13.0) (slowdebug build 13-internal+0-adhoc.dmitry.loom)
# Java VM: OpenJDK 64-Bit Server VM (slowdebug 13-internal+0-adhoc.dmitry.loom, mixed mode, tiered, compressed oops, g1 gc, linux-amd64)
# Problematic frame:
# V  [libjvm.so+0x8d4746]  void FreezeContinuation<FreezeConfig<true, true, false> >::freeze_oops<FreezeContinuation<FreezeConfig<true, true, false> >::FreezeInterpretedOops>(frame&, long*, long*, int, long*, long*)+0x102
#
# Core dump will be written. Default location: Core dumps may be processed with "/usr/share/apport/apport %p %s %c %d %P" (or dumping to /home/dmitry/Downloads/LoadDetector/core.25129)
#
# If you would like to submit a bug report, please visit:
#   http://bugreport.java.com/bugreport/crash.jsp
#

---------------  S U M M A R Y ------------

Command Line: -Didea.launcher.port=20967 -Didea.launcher.bin.path=/home/dmitry/Downloads/idea-IC-183.5912.21/bin -Dfile.encoding=UTF-8 com.intellij.rt.execution.application.AppMainV2 Main

Host: dmitry-VirtualBox, Intel(R) Core(TM) i7-4700HQ CPU @ 2.40GHz, 4 cores, 4G, Ubuntu 18.04.2 LTS
Time: Wed Jun 12 21:45:59 2019 MSK elapsed time: 7 seconds (0d 0h 0m 7s)

---------------  T H R E A D  ---------------

Current thread (0x00007f939824d000):  VMThread "VM Thread" [stack: 0x00007f93770f8000,0x00007f93771f8000] [id=25138] _threads_hazard_ptr=0x00007f935c19cad0, _nested_threads_hazard_ptr_cnt=0

Stack: [0x00007f93770f8000,0x00007f93771f8000],  sp=0x00007f93771f3a00,  free space=1006k
Native frames: (J=compiled Java code, A=aot compiled Java code, j=interpreted, Vv=VM code, C=native code)
V  [libjvm.so+0x8d4746]  void FreezeContinuation<FreezeConfig<true, true, false> >::freeze_oops<FreezeContinuation<FreezeConfig<true, true, false> >::FreezeInterpretedOops>(frame&, long*, long*, int, long*, long*)+0x102
V  [libjvm.so+0x8ca935]  FreezeContinuation<FreezeConfig<true, true, false> >::freeze_interpreted_stackframe(frame&, hframe&, int, int, int, int)+0x353
V  [libjvm.so+0x8c5f5a]  FreezeContinuation<FreezeConfig<true, true, false> >::freeze(frame&, long**, hframe&, int, int)+0x312
V  [libjvm.so+0x8c125d]  FreezeContinuation<FreezeConfig<true, true, false> >::freeze(frame)+0x9b
V  [libjvm.so+0x8c0094]  FreezeConfig<true, true, false>::freeze(JavaThread*, ContMirror&, RegisterMap&, frame&)+0x8e
V  [libjvm.so+0x8af3d0]  freeze_continuation(JavaThread*, oopDesc*, frame&, RegisterMap&, bool)+0x345
V  [libjvm.so+0x8afcb6]  Continuation::freeze0(JavaThread*, FrameInfo*, bool)+0x7a4
V  [libjvm.so+0x8b06d6]  Continuation::try_force_yield(JavaThread*, oopDesc*)+0x136
V  [libjvm.so+0x8b77ad]  CONT_TryForceYield0::ForceYieldClosure::do_thread(Thread*)+0x93
V  [libjvm.so+0xb2c1dc]  HandshakeThreadsOperation::do_handshake(JavaThread*)+0x106
V  [libjvm.so+0xb2c83a]  HandshakeState::process_by_vmthread(JavaThread*)+0x124
V  [libjvm.so+0xb2caf8]  JavaThread::handshake_process_by_vmthread()+0x26
V  [libjvm.so+0xb2d15e]  VM_HandshakeOneThread::doit()+0x148
V  [libjvm.so+0x13a9bee]  VM_Operation::evaluate()+0xde
V  [libjvm.so+0x13e25ec]  VMThread::evaluate_operation(VM_Operation*)+0x62
V  [libjvm.so+0x13e2f40]  VMThread::loop()+0x7c4
V  [libjvm.so+0x13e2132]  VMThread::run()+0xee
V  [libjvm.so+0x131d707]  Thread::call_run()+0x195
V  [libjvm.so+0x1072434]  thread_native_entry(Thread*)+0x1e4

Register to memory mapping:

RAX=0x00007f93a0f7e000 points into unknown readable memory: 58 00 00 00 00 00 00 00
RBX=0x00007f9375bef470 is pointing into the stack for thread: 0x00007f93985e4800
RCX=0x2bad4b0bbaadbabe is an unknown value
RDX=0x0 is NULL
RSP=0x00007f93771f3a00 points into unknown readable memory: 00 00 00 00 00 00 00 00
RBP=0x00007f93771f3a40 points into unknown readable memory: 10 3b 1f 77 93 7f 00 00
RSI=0x0 is NULL
RDI=0x00007f93771f3990 points into unknown readable memory: 60 3e 1f 77 93 7f 00 00
R8 =0x0 is NULL
R9 =0x0000000000000001 is an unknown value
R10=
[error occurred during error reporting (printing register info), id 0xb, SIGSEGV (0xb) at pc=0x00007f939e52d182]

Registers:
RAX=0x00007f93a0f7e000, RBX=0x00007f9375bef470, RCX=0x2bad4b0bbaadbabe, RDX=0x0000000000000000
RSP=0x00007f93771f3a00, RBP=0x00007f93771f3a40, RSI=0x0000000000000000, RDI=0x00007f93771f3990
R8 =0x0000000000000000, R9 =0x0000000000000001, R10=0x00000000fffffffa, R11=0x00007f939f629f21
R12=0x00007f9389026d94, R13=0x0000000000000000, R14=0x00007f939824d000, R15=0x00007f93a0f67a10
RIP=0x00007f939e6fa746, EFLAGS=0x0000000000010202, CSGSFS=0x002b000000000033, ERR=0x0000000000000006
  TRAPNO=0x000000000000000e

Top of Stack: (sp=0x00007f93771f3a00)
0x00007f93771f3a00:   0000000000000000 00000001771f3ac0
0x00007f93771f3a10:   00000000b47911b8 00007f9375bef488
0x00007f93771f3a20:   00007f93771f3c10 00007f93771f3c80
0x00007f93771f3a30:   00007f93771f3bc0 0000000200000000 

Instructions: (pc=0x00007f939e6fa746)
0x00007f939e6fa646:   89 e5 48 83 ec 40 48 89 7d e8 48 89 75 e0 48 89
0x00007f939e6fa656:   55 d8 48 89 4d d0 44 89 45 cc 4c 89 4d c0 8b 05
0x00007f939e6fa666:   c6 9f 99 01 83 f8 1d 0f 8e 17 01 00 00 bf 01 00
0x00007f939e6fa676:   00 00 e8 7c 84 fe ff 83 f0 01 84 c0 75 11 48 8d
0x00007f939e6fa686:   3d 5d 1d d0 00 b8 00 00 00 00 e8 86 84 fe ff 48
0x00007f939e6fa696:   8b 45 e8 48 8b 40 18 48 89 c7 e8 85 3e fe ff 84
0x00007f939e6fa6a6:   c0 74 36 48 8d 05 d0 cc 90 01 48 8b 00 c6 00 58
0x00007f939e6fa6b6:   48 8d 0d 08 c0 cf 00 48 8d 15 0c 0f d0 00 be 48
0x00007f939e6fa6c6:   08 00 00 48 8d 3d 70 cd cf 00 b8 00 00 00 00 e8
0x00007f939e6fa6d6:   18 3c 02 00 e8 8d d4 79 00 48 8b 45 e8 c6 80 18
0x00007f939e6fa6e6:   01 00 00 00 48 8b 45 e8 8b 40 30 2b 45 cc 89 45
0x00007f939e6fa6f6:   f8 48 8b 45 e8 4c 8b 48 18 48 8b 45 e8 48 8b 40
0x00007f939e6fa706:   08 4c 8b 45 d0 48 8b 4d d8 48 8b 55 e0 48 8b 75
0x00007f939e6fa716:   e8 48 83 ec 08 ff 75 10 ff 75 c0 8b 7d f8 57 48
0x00007f939e6fa726:   89 c7 e8 6e 60 00 00 48 83 c4 20 89 45 fc 8b 45
0x00007f939e6fa736:   fc 3b 45 cc 74 42 48 8d 05 3d cc 90 01 48 8b 00
0x00007f939e6fa746:   c6 00 58 8b 55 cc 8b 45 fc 41 89 d1 41 89 c0 48
0x00007f939e6fa756:   8d 0d a2 1c d0 00 48 8d 15 b5 1c d0 00 be 4d 08
0x00007f939e6fa766:   00 00 48 8d 3d d1 cc cf 00 b8 00 00 00 00 e8 79
0x00007f939e6fa776:   3b 02 00 e8 ee d3 79 00 48 8b 45 e8 8b 55 f8 89
0x00007f939e6fa786:   50 30 eb 01 90 c9 c3 90 55 48 89 e5 48 89 7d f8
0x00007f939e6fa796:   48 8b 45 f8 8b 40 28 5d c3 90 55 48 89 e5 48 89
0x00007f939e6fa7a6:   7d f8 48 8b 45 f8 8b 40 24 5d c3 90 55 48 89 e5
0x00007f939e6fa7b6:   48 89 7d f8 48 8b 45 f8 8b 40 20 5d c3 55 48 89
0x00007f939e6fa7c6:   e5 53 48 81 ec 88 00 00 00 48 89 bd 78 ff ff ff
0x00007f939e6fa7d6:   48 89 b5 70 ff ff ff c7 45 84 00 00 00 00 83 45
0x00007f939e6fa7e6:   84 01 48 8b 85 78 ff ff ff 48 89 c7 e8 c7 9a 14
0x00007f939e6fa7f6:   00 48 89 c3 48 8b 85 78 ff ff ff 48 89 c7 e8 d5
0x00007f939e6fa806:   9a 14 00 48 29 c3 48 89 d8 48 c1 f8 03 48 89 c3
0x00007f939e6fa816:   e8 58 c0 a4 ff 48 63 c8 48 89 d8 48 99 48 f7 f9
0x00007f939e6fa826:   89 45 88 8b 45 88 01 45 84 48 8d 45 90 48 89 c7
0x00007f939e6fa836:   e8 87 99 78 00 48 8d 55 90 48 8b 85 78 ff ff ff 


Stack slot to memory mapping:
stack at sp + 0 slots: 0x0 is NULL
stack at sp + 1 slots: 0x00000001771f3ac0 is an unknown value
stack at sp + 2 slots: 0x00000000b47911b8 is pointing into object: [I 
{0x00000000b47911a8} - klass: {type array int}
 - length: 102
 -   0: 0xffffffee -18
 -   1: 0xffffffff -1
 -   2: 0x7723a598 1998824856
 -   3: 0x7f93 32659
 -   4: 0xa 10
 -   5: 0x0 0
 -   6: 0x77333b60 1999846240
 -   7: 0x7f93 32659
 -   8: 0x0 0
 -   9: 0x0 0
 -  10: 0xffffffff -1
 -  11: 0xffffffff -1
 -  12: 0x7723a5a0 1998824864
 -  13: 0x7f93 32659
 -  14: 0x0 0
 -  15: 0x0 0
 -  16: 0xc 12
 -  17: 0x0 0
 -  18: 0x1e 30
 -  19: 0x0 0
 -  20: 0x890177b0 -1996392528
 -  21: 0x7f93 32659
 -  22: 0xffffffff -1
 -  23: 0xffffffff -1
 -  24: 0x8901e4f8 -1996364552
 -  25: 0x7f93 32659
 -  26: 0x2bc 700
 -  27: 0x0 0
 -  28: 0x0 0
 -  29: 0x0 0
 -  30: 0xffffffee -18
 -  31: 0xffffffff -1
 -  32: 0x777ac2b3 2004533939
 -  33: 0x7f93 32659
 -  34: 0x4 4
 -  35: 0x0 0
 -  36: 0x777ac538 2004534584
 -  37: 0x7f93 32659
 -  38: 0x0 0
 -  39: 0x0 0
 -  40: 0xffffffff -1
 -  41: 0xffffffff -1
 -  42: 0x777ac320 2004534048
 -  43: 0x7f93 32659
 -  44: 0xffffffea -22
 -  45: 0xffffffff -1
 -  46: 0x6 6
 -  47: 0x0 0
 -  48: 0x18 24
 -  49: 0x0 0
 -  50: 0x890177b0 -1996392528
 -  51: 0x7f93 32659
 -  52: 0x0 0
 -  53: 0x0 0
 -  54: 0xffffffee -18
 -  55: 0xffffffff -1
 -  56: 0x777acba0 2004536224
 -  57: 0x7f93 32659
 -  58: 0x4 4
 -  59: 0x0 0
 -  60: 0x777acc40 2004536384
 -  61: 0x7f93 32659
 -  62: 0x0 0
 -  63: 0x0 0
 -  64: 0xffffffff -1
 -  65: 0xffffffff -1
 -  66: 0x777acbb8 2004536248
 -  67: 0x7f93 32659
 -  68: 0xffffffee -18
 -  69: 0xffffffff -1
 -  70: 0x6 6
 -  71: 0x0 0
 -  72: 0x18 24
 -  73: 0x0 0
 -  74: 0x890178b1 -1996392271
 -  75: 0x7f93 32659
 -  76: 0xffffffff -1
 -  77: 0xffffffff -1
 -  78: 0xffffffee -18
 -  79: 0xffffffff -1
 -  80: 0x77272d94 1999056276
 -  81: 0x7f93 32659
 -  82: 0x4 4
 -  83: 0x0 0
 -  84: 0x779c9ce8 2006752488
 -  85: 0x7f93 32659
 -  86: 0x0 0
 -  87: 0x0 0
 -  88: 0xffffffff -1
 -  89: 0xffffffff -1
 -  90: 0x77272db8 1999056312
 -  91: 0x7f93 32659
 -  92: 0xffffffec -20
 -  93: 0xffffffff -1
 -  94: 0x0 0
 -  95: 0x0 0
 -  96: 0x0 0
 -  97: 0x0 0
 -  98: 0x890177b0 -1996392528
 -  99: 0x7f93 32659
 - 100: 0xffffffff -1
 - 101: 0xffffffff -1
stack at sp + 3 slots: 0x00007f9375bef488 is pointing into the stack for thread: 0x00007f93985e4800
stack at sp + 4 slots: 0x00007f93771f3c10 points into unknown readable memory: 70 f4 be 75 93 7f 00 00
stack at sp + 5 slots: 0x00007f93771f3c80 points into unknown readable memory: 00 48 5e 98 93 7f 00 00
stack at sp + 6 slots: 0x00007f93771f3bc0 points into unknown readable memory: 1e 00 00 00 00 00 00 00
stack at sp + 7 slots: 0x0000000200000000 is an unknown value

VM_Operation (0x00007f93752e6330): HandshakeOneThread, mode: safepoint, requested by thread 0x00007f939861b000


---------------  P R O C E S S  ---------------

uid  : 1000 euid : 1000 gid  : 1000 egid : 1000

umask: 0022 (----w--w-)

Threads class SMR info:
_java_thread_list=0x00007f935c19cad0, length=14, elements={
0x00007f9398270800, 0x00007f9398276800, 0x00007f93982bb000, 0x00007f93982bd800,
0x00007f93982c0000, 0x00007f93982cb000, 0x00007f939830d000, 0x00007f939852e800,
0x00007f9358001000, 0x00007f93985ac800, 0x00007f93985e4800, 0x00007f939861b000,
0x00007f9398021800, 0x00007f935c19b000
}
_java_thread_list_alloc_cnt=21, _java_thread_list_free_cnt=19, _java_thread_list_max=14, _nested_thread_list_max=1
_tlh_cnt=94, _tlh_times=23, avg_tlh_time=0,24, _tlh_time_max=17
_deleted_thread_cnt=3, _deleted_thread_times=0, avg_deleted_thread_time=0,00, _deleted_thread_time_max=0
_delete_lock_wait_cnt=0, _delete_lock_wait_max=0
_to_delete_list_cnt=0, _to_delete_list_max=1

Java Threads: ( => current thread )
  0x00007f9398270800 JavaThread "Reference Handler" daemon [_thread_blocked, id=25141, stack(0x00007f9376ff5000,0x00007f93770f6000)]
  0x00007f9398276800 JavaThread "Finalizer" daemon [_thread_blocked, id=25142, stack(0x00007f9376ef4000,0x00007f9376ff5000)]
  0x00007f93982bb000 JavaThread "Signal Dispatcher" daemon [_thread_blocked, id=25147, stack(0x00007f9376424000,0x00007f9376525000)]
  0x00007f93982bd800 JavaThread "C2 CompilerThread0" daemon [_thread_blocked, id=25148, stack(0x00007f9376323000,0x00007f9376424000)]
  0x00007f93982c0000 JavaThread "C1 CompilerThread0" daemon [_thread_in_native, id=25149, stack(0x00007f9376222000,0x00007f9376323000)]
  0x00007f93982cb000 JavaThread "Sweeper thread" daemon [_thread_blocked, id=25150, stack(0x00007f9376121000,0x00007f9376222000)]
  0x00007f939830d000 JavaThread "Common-Cleaner" daemon [_thread_blocked, id=25152, stack(0x00007f9375bf1000,0x00007f9375cf2000)]
  0x00007f939852e800 JavaThread "Service Thread" daemon [_thread_blocked, id=25158, stack(0x00007f93759ef000,0x00007f9375af0000)]
  0x00007f9358001000 JavaThread "Attach Listener" daemon [_thread_blocked, id=25160, stack(0x00007f93757ec000,0x00007f93758ed000)]
  0x00007f93985ac800 JavaThread "Monitor Ctrl-Break" daemon [_thread_in_native, id=25161, stack(0x00007f93756eb000,0x00007f93757ec000)]
  0x00007f93985e4800 JavaThread "Thread-0" [_thread_blocked, id=25162, stack(0x00007f9375af0000,0x00007f9375bf1000)]
  0x00007f939861b000 JavaThread "Thread-1" [_thread_blocked, id=25163, stack(0x00007f93751e7000,0x00007f93752e8000)]
  0x00007f9398021800 JavaThread "DestroyJavaVM" [_thread_blocked, id=25131, stack(0x00007f93a0e68000,0x00007f93a0f69000)]
  0x00007f935c19b000 JavaThread "C2 CompilerThread1" daemon [_thread_blocked, id=25164, stack(0x00007f93750e6000,0x00007f93751e7000)]

Other Threads:
=>0x00007f939824d000 VMThread "VM Thread" [stack: 0x00007f93770f8000,0x00007f93771f8000] [id=25138], _nested_threads_hazard_ptr_cnt=1
  0x00007f9398531800 WatcherThread [stack: 0x00007f93758ef000,0x00007f93759ef000] [id=25159]
  0x00007f939806d800 GCTaskThread "GC Thread#0" [stack: 0x00007f939c079000,0x00007f939c179000] [id=25132]
  0x00007f9398077800 ConcurrentGCThread "G1 Main Marker" [stack: 0x00007f9386200000,0x00007f9386300000] [id=25133]
  0x00007f9398079800 ConcurrentGCThread "G1 Conc#0" [stack: 0x00007f93860fe000,0x00007f93861fe000] [id=25134]
  0x00007f93980d9000 ConcurrentGCThread "G1 Refine#0" [stack: 0x00007f9377afc000,0x00007f9377bfc000] [id=25135]
  0x00007f93980db000 ConcurrentGCThread "G1 Young RemSet Sampling" [stack: 0x00007f93779fa000,0x00007f9377afa000] [id=25136]

Threads with active compile tasks:
C1 CompilerThread0  
[error occurred during error reporting (printing all threads), id 0xe0000000, Internal Error (/home/dmitry/Downloads/LOOM/loom/src/hotspot/share/runtime/timer.cpp:112)]

VM state:not at safepoint (normal execution)

VM Mutex/Monitor currently owned by a thread:  ([mutex/lock_event])
[0x00007f939801b530] Threads_lock - owner thread: 0x00007f939824d000

Heap address: 0x00000000b0000000, size: 1280 MB, Compressed Oops mode: 32-bit
Narrow klass base: 0x0000000000000000, Narrow klass shift: 3
Compressed class space size: 1073741824 Address: 0x0000000100000000

Heap:
 garbage-first heap   total 81920K, used 10240K [0x00000000b0000000, 0x0000000100000000)
  region size 1024K, 11 young (11264K), 0 survivors (0K)
 Metaspace       used 9103K, capacity 9272K, committed 9472K, reserved 1058816K
  class space    used 828K, capacity 909K, committed 1024K, reserved 1048576K
Heap Regions: E=young(eden), S=young(survivor), O=old, HS=humongous(starts), HC=humongous(continues), CS=collection set, F=free, A=archive, TAMS=top-at-mark-start (previous, next)
|   0|0x00000000b0000000, 0x00000000b0000000, 0x00000000b0100000|  0%| F|  |TAMS 0x00000000b0000000, 0x00000000b0000000| Untracked 
|   1|0x00000000b0100000, 0x00000000b0100000, 0x00000000b0200000|  0%| F|  |TAMS 0x00000000b0100000, 0x00000000b0100000| Untracked 
|   2|0x00000000b0200000, 0x00000000b0200000, 0x00000000b0300000|  0%| F|  |TAMS 0x00000000b0200000, 0x00000000b0200000| Untracked 
|   3|0x00000000b0300000, 0x00000000b0300000, 0x00000000b0400000|  0%| F|  |TAMS 0x00000000b0300000, 0x00000000b0300000| Untracked 
|   4|0x00000000b0400000, 0x00000000b0400000, 0x00000000b0500000|  0%| F|  |TAMS 0x00000000b0400000, 0x00000000b0400000| Untracked 
|   5|0x00000000b0500000, 0x00000000b0500000, 0x00000000b0600000|  0%| F|  |TAMS 0x00000000b0500000, 0x00000000b0500000| Untracked 
|   6|0x00000000b0600000, 0x00000000b0600000, 0x00000000b0700000|  0%| F|  |TAMS 0x00000000b0600000, 0x00000000b0600000| Untracked 
|   7|0x00000000b0700000, 0x00000000b0700000, 0x00000000b0800000|  0%| F|  |TAMS 0x00000000b0700000, 0x00000000b0700000| Untracked 
|   8|0x00000000b0800000, 0x00000000b0800000, 0x00000000b0900000|  0%| F|  |TAMS 0x00000000b0800000, 0x00000000b0800000| Untracked 
|   9|0x00000000b0900000, 0x00000000b0900000, 0x00000000b0a00000|  0%| F|  |TAMS 0x00000000b0900000, 0x00000000b0900000| Untracked 
|  10|0x00000000b0a00000, 0x00000000b0a00000, 0x00000000b0b00000|  0%| F|  |TAMS 0x00000000b0a00000, 0x00000000b0a00000| Untracked 
|  11|0x00000000b0b00000, 0x00000000b0b00000, 0x00000000b0c00000|  0%| F|  |TAMS 0x00000000b0b00000, 0x00000000b0b00000| Untracked 
|  12|0x00000000b0c00000, 0x00000000b0c00000, 0x00000000b0d00000|  0%| F|  |TAMS 0x00000000b0c00000, 0x00000000b0c00000| Untracked 
|  13|0x00000000b0d00000, 0x00000000b0d00000, 0x00000000b0e00000|  0%| F|  |TAMS 0x00000000b0d00000, 0x00000000b0d00000| Untracked 
|  14|0x00000000b0e00000, 0x00000000b0e00000, 0x00000000b0f00000|  0%| F|  |TAMS 0x00000000b0e00000, 0x00000000b0e00000| Untracked 
|  15|0x00000000b0f00000, 0x00000000b0f00000, 0x00000000b1000000|  0%| F|  |TAMS 0x00000000b0f00000, 0x00000000b0f00000| Untracked 
|  16|0x00000000b1000000, 0x00000000b1000000, 0x00000000b1100000|  0%| F|  |TAMS 0x00000000b1000000, 0x00000000b1000000| Untracked 
|  17|0x00000000b1100000, 0x00000000b1100000, 0x00000000b1200000|  0%| F|  |TAMS 0x00000000b1100000, 0x00000000b1100000| Untracked 
|  18|0x00000000b1200000, 0x00000000b1200000, 0x00000000b1300000|  0%| F|  |TAMS 0x00000000b1200000, 0x00000000b1200000| Untracked 
|  19|0x00000000b1300000, 0x00000000b1300000, 0x00000000b1400000|  0%| F|  |TAMS 0x00000000b1300000, 0x00000000b1300000| Untracked 
|  20|0x00000000b1400000, 0x00000000b1400000, 0x00000000b1500000|  0%| F|  |TAMS 0x00000000b1400000, 0x00000000b1400000| Untracked 
|  21|0x00000000b1500000, 0x00000000b1500000, 0x00000000b1600000|  0%| F|  |TAMS 0x00000000b1500000, 0x00000000b1500000| Untracked 
|  22|0x00000000b1600000, 0x00000000b1600000, 0x00000000b1700000|  0%| F|  |TAMS 0x00000000b1600000, 0x00000000b1600000| Untracked 
|  23|0x00000000b1700000, 0x00000000b1700000, 0x00000000b1800000|  0%| F|  |TAMS 0x00000000b1700000, 0x00000000b1700000| Untracked 
|  24|0x00000000b1800000, 0x00000000b1800000, 0x00000000b1900000|  0%| F|  |TAMS 0x00000000b1800000, 0x00000000b1800000| Untracked 
|  25|0x00000000b1900000, 0x00000000b1900000, 0x00000000b1a00000|  0%| F|  |TAMS 0x00000000b1900000, 0x00000000b1900000| Untracked 
|  26|0x00000000b1a00000, 0x00000000b1a00000, 0x00000000b1b00000|  0%| F|  |TAMS 0x00000000b1a00000, 0x00000000b1a00000| Untracked 
|  27|0x00000000b1b00000, 0x00000000b1b00000, 0x00000000b1c00000|  0%| F|  |TAMS 0x00000000b1b00000, 0x00000000b1b00000| Untracked 
|  28|0x00000000b1c00000, 0x00000000b1c00000, 0x00000000b1d00000|  0%| F|  |TAMS 0x00000000b1c00000, 0x00000000b1c00000| Untracked 
|  29|0x00000000b1d00000, 0x00000000b1d00000, 0x00000000b1e00000|  0%| F|  |TAMS 0x00000000b1d00000, 0x00000000b1d00000| Untracked 
|  30|0x00000000b1e00000, 0x00000000b1e00000, 0x00000000b1f00000|  0%| F|  |TAMS 0x00000000b1e00000, 0x00000000b1e00000| Untracked 
|  31|0x00000000b1f00000, 0x00000000b1f00000, 0x00000000b2000000|  0%| F|  |TAMS 0x00000000b1f00000, 0x00000000b1f00000| Untracked 
|  32|0x00000000b2000000, 0x00000000b2000000, 0x00000000b2100000|  0%| F|  |TAMS 0x00000000b2000000, 0x00000000b2000000| Untracked 
|  33|0x00000000b2100000, 0x00000000b2100000, 0x00000000b2200000|  0%| F|  |TAMS 0x00000000b2100000, 0x00000000b2100000| Untracked 
|  34|0x00000000b2200000, 0x00000000b2200000, 0x00000000b2300000|  0%| F|  |TAMS 0x00000000b2200000, 0x00000000b2200000| Untracked 
|  35|0x00000000b2300000, 0x00000000b2300000, 0x00000000b2400000|  0%| F|  |TAMS 0x00000000b2300000, 0x00000000b2300000| Untracked 
|  36|0x00000000b2400000, 0x00000000b2400000, 0x00000000b2500000|  0%| F|  |TAMS 0x00000000b2400000, 0x00000000b2400000| Untracked 
|  37|0x00000000b2500000, 0x00000000b2500000, 0x00000000b2600000|  0%| F|  |TAMS 0x00000000b2500000, 0x00000000b2500000| Untracked 
|  38|0x00000000b2600000, 0x00000000b2600000, 0x00000000b2700000|  0%| F|  |TAMS 0x00000000b2600000, 0x00000000b2600000| Untracked 
|  39|0x00000000b2700000, 0x00000000b2700000, 0x00000000b2800000|  0%| F|  |TAMS 0x00000000b2700000, 0x00000000b2700000| Untracked 
|  40|0x00000000b2800000, 0x00000000b2800000, 0x00000000b2900000|  0%| F|  |TAMS 0x00000000b2800000, 0x00000000b2800000| Untracked 
|  41|0x00000000b2900000, 0x00000000b2900000, 0x00000000b2a00000|  0%| F|  |TAMS 0x00000000b2900000, 0x00000000b2900000| Untracked 
|  42|0x00000000b2a00000, 0x00000000b2a00000, 0x00000000b2b00000|  0%| F|  |TAMS 0x00000000b2a00000, 0x00000000b2a00000| Untracked 
|  43|0x00000000b2b00000, 0x00000000b2b00000, 0x00000000b2c00000|  0%| F|  |TAMS 0x00000000b2b00000, 0x00000000b2b00000| Untracked 
|  44|0x00000000b2c00000, 0x00000000b2c00000, 0x00000000b2d00000|  0%| F|  |TAMS 0x00000000b2c00000, 0x00000000b2c00000| Untracked 
|  45|0x00000000b2d00000, 0x00000000b2d00000, 0x00000000b2e00000|  0%| F|  |TAMS 0x00000000b2d00000, 0x00000000b2d00000| Untracked 
|  46|0x00000000b2e00000, 0x00000000b2e00000, 0x00000000b2f00000|  0%| F|  |TAMS 0x00000000b2e00000, 0x00000000b2e00000| Untracked 
|  47|0x00000000b2f00000, 0x00000000b2f00000, 0x00000000b3000000|  0%| F|  |TAMS 0x00000000b2f00000, 0x00000000b2f00000| Untracked 
|  48|0x00000000b3000000, 0x00000000b3000000, 0x00000000b3100000|  0%| F|  |TAMS 0x00000000b3000000, 0x00000000b3000000| Untracked 
|  49|0x00000000b3100000, 0x00000000b3100000, 0x00000000b3200000|  0%| F|  |TAMS 0x00000000b3100000, 0x00000000b3100000| Untracked 
|  50|0x00000000b3200000, 0x00000000b3200000, 0x00000000b3300000|  0%| F|  |TAMS 0x00000000b3200000, 0x00000000b3200000| Untracked 
|  51|0x00000000b3300000, 0x00000000b3300000, 0x00000000b3400000|  0%| F|  |TAMS 0x00000000b3300000, 0x00000000b3300000| Untracked 
|  52|0x00000000b3400000, 0x00000000b3400000, 0x00000000b3500000|  0%| F|  |TAMS 0x00000000b3400000, 0x00000000b3400000| Untracked 
|  53|0x00000000b3500000, 0x00000000b3500000, 0x00000000b3600000|  0%| F|  |TAMS 0x00000000b3500000, 0x00000000b3500000| Untracked 
|  54|0x00000000b3600000, 0x00000000b3600000, 0x00000000b3700000|  0%| F|  |TAMS 0x00000000b3600000, 0x00000000b3600000| Untracked 
|  55|0x00000000b3700000, 0x00000000b3700000, 0x00000000b3800000|  0%| F|  |TAMS 0x00000000b3700000, 0x00000000b3700000| Untracked 
|  56|0x00000000b3800000, 0x00000000b3800000, 0x00000000b3900000|  0%| F|  |TAMS 0x00000000b3800000, 0x00000000b3800000| Untracked 
|  57|0x00000000b3900000, 0x00000000b3900000, 0x00000000b3a00000|  0%| F|  |TAMS 0x00000000b3900000, 0x00000000b3900000| Untracked 
|  58|0x00000000b3a00000, 0x00000000b3a00000, 0x00000000b3b00000|  0%| F|  |TAMS 0x00000000b3a00000, 0x00000000b3a00000| Untracked 
|  59|0x00000000b3b00000, 0x00000000b3b00000, 0x00000000b3c00000|  0%| F|  |TAMS 0x00000000b3b00000, 0x00000000b3b00000| Untracked 
|  60|0x00000000b3c00000, 0x00000000b3c00000, 0x00000000b3d00000|  0%| F|  |TAMS 0x00000000b3c00000, 0x00000000b3c00000| Untracked 
|  61|0x00000000b3d00000, 0x00000000b3d00000, 0x00000000b3e00000|  0%| F|  |TAMS 0x00000000b3d00000, 0x00000000b3d00000| Untracked 
|  62|0x00000000b3e00000, 0x00000000b3e00000, 0x00000000b3f00000|  0%| F|  |TAMS 0x00000000b3e00000, 0x00000000b3e00000| Untracked 
|  63|0x00000000b3f00000, 0x00000000b3f00000, 0x00000000b4000000|  0%| F|  |TAMS 0x00000000b3f00000, 0x00000000b3f00000| Untracked 
|  64|0x00000000b4000000, 0x00000000b4000000, 0x00000000b4100000|  0%| F|  |TAMS 0x00000000b4000000, 0x00000000b4000000| Untracked 
|  65|0x00000000b4100000, 0x00000000b4100000, 0x00000000b4200000|  0%| F|  |TAMS 0x00000000b4100000, 0x00000000b4100000| Untracked 
|  66|0x00000000b4200000, 0x00000000b4200000, 0x00000000b4300000|  0%| F|  |TAMS 0x00000000b4200000, 0x00000000b4200000| Untracked 
|  67|0x00000000b4300000, 0x00000000b4300000, 0x00000000b4400000|  0%| F|  |TAMS 0x00000000b4300000, 0x00000000b4300000| Untracked 
|  68|0x00000000b4400000, 0x00000000b4400000, 0x00000000b4500000|  0%| F|  |TAMS 0x00000000b4400000, 0x00000000b4400000| Untracked 
|  69|0x00000000b4500000, 0x00000000b4500800, 0x00000000b4600000|  0%| E|  |TAMS 0x00000000b4500000, 0x00000000b4500000| Complete 
|  70|0x00000000b4600000, 0x00000000b4700000, 0x00000000b4700000|100%| E|CS|TAMS 0x00000000b4600000, 0x00000000b4600000| Complete 
|  71|0x00000000b4700000, 0x00000000b4800000, 0x00000000b4800000|100%| E|CS|TAMS 0x00000000b4700000, 0x00000000b4700000| Complete 
|  72|0x00000000b4800000, 0x00000000b4900000, 0x00000000b4900000|100%| E|CS|TAMS 0x00000000b4800000, 0x00000000b4800000| Complete 
|  73|0x00000000b4900000, 0x00000000b4a00000, 0x00000000b4a00000|100%| E|CS|TAMS 0x00000000b4900000, 0x00000000b4900000| Complete 
|  74|0x00000000b4a00000, 0x00000000b4b00000, 0x00000000b4b00000|100%| E|CS|TAMS 0x00000000b4a00000, 0x00000000b4a00000| Complete 
|  75|0x00000000b4b00000, 0x00000000b4c00000, 0x00000000b4c00000|100%| E|CS|TAMS 0x00000000b4b00000, 0x00000000b4b00000| Complete 
|  76|0x00000000b4c00000, 0x00000000b4d00000, 0x00000000b4d00000|100%| E|CS|TAMS 0x00000000b4c00000, 0x00000000b4c00000| Complete 
|  77|0x00000000b4d00000, 0x00000000b4e00000, 0x00000000b4e00000|100%| E|CS|TAMS 0x00000000b4d00000, 0x00000000b4d00000| Complete 
|  78|0x00000000b4e00000, 0x00000000b4f00000, 0x00000000b4f00000|100%| E|CS|TAMS 0x00000000b4e00000, 0x00000000b4e00000| Complete 
|  79|0x00000000b4f00000, 0x00000000b5000000, 0x00000000b5000000|100%| E|CS|TAMS 0x00000000b4f00000, 0x00000000b4f00000| Complete 

Card table byte_map: [0x00007f9388d80000,0x00007f9389000000] _byte_map_base: 0x00007f9388800000

Marking Bits (Prev, Next): (CMBitMap*) 0x00007f939806ef20, (CMBitMap*) 0x00007f939806ef60
 Prev Bits: [0x00007f9387700000, 0x00007f9388b00000)
 Next Bits: [0x00007f9386300000, 0x00007f9387700000)

Polling page: 0x00007f93a0f7c000

Metaspace:

Usage:
  Non-class:      8,17 MB capacity,     8,08 MB ( 99%) used,    71,05 KB ( <1%) free+waste,    17,00 KB ( <1%) overhead. 
      Class:    909,00 KB capacity,   828,86 KB ( 91%) used,    70,95 KB (  8%) free+waste,     9,19 KB (  1%) overhead. 
       Both:      9,05 MB capacity,     8,89 MB ( 98%) used,   142,00 KB (  2%) free+waste,    26,19 KB ( <1%) overhead. 

Virtual space:
  Non-class space:       10,00 MB reserved,       8,25 MB ( 82%) committed 
      Class space:        1,00 GB reserved,       1,00 MB ( <1%) committed 
             Both:        1,01 GB reserved,       9,25 MB ( <1%) committed 

Chunk freelists:
   Non-Class:  53,00 KB
       Class:  0 bytes
        Both:  53,00 KB

MaxMetaspaceSize: unlimited
CompressedClassSpaceSize: 1,00 GB

CodeHeap 'non-profiled nmethods': size=120032Kb used=235Kb max_used=235Kb free=119796Kb
 bounds [0x00007f9390ac8000, 0x00007f9390d38000, 0x00007f9398000000]
CodeHeap 'profiled nmethods': size=120032Kb used=528Kb max_used=528Kb free=119503Kb
 bounds [0x00007f9389590000, 0x00007f9389800000, 0x00007f9390ac8000]
CodeHeap 'non-nmethods': size=5696Kb used=2067Kb max_used=2080Kb free=3628Kb
 bounds [0x00007f9389000000, 0x00007f9389270000, 0x00007f9389590000]
 total_blobs=1417 nmethods=310 adapters=861
 compilation: enabled
              stopped_count=0, restarted_count=0
 full_count=0

Compilation events (10 events):
Event: 7,404 Thread 0x00007f93982bd800  557       4       java.lang.StringBuilder::append (8 bytes)
Event: 7,424 Thread 0x00007f93982c0000 nmethod 551 0x00007f9389613d90 code [0x00007f9389613f40, 0x00007f9389614178]
Event: 7,424 Thread 0x00007f93982c0000  559       3       jdk.internal.org.objectweb.asm.Frame::execute (2305 bytes)
Event: 7,660 Thread 0x00007f93982bd800 nmethod 557 0x00007f9390affa10 code [0x00007f9390affc00, 0x00007f9390b00428]
Event: 7,660 Thread 0x00007f93982bd800  575       4       java.util.AbstractCollection::<init> (5 bytes)
Event: 7,663 Thread 0x00007f93982bd800 nmethod 575 0x00007f9390b00c90 code [0x00007f9390b00e20, 0x00007f9390b00e78]
Event: 7,663 Thread 0x00007f93982bd800  563       4       java.lang.String::replace (42 bytes)
Event: 7,671 Thread 0x00007f935c19b000  579       4       java.lang.invoke.MethodType::parameterType (7 bytes)
Event: 7,679 Thread 0x00007f935c19b000 nmethod 579 0x00007f9390b00f10 code [0x00007f9390b010c0, 0x00007f9390b011f8]
Event: 7,679 Thread 0x00007f935c19b000  583 %     4       java.lang.StringLatin1::lastIndexOf @ 18 (40 bytes)

GC Heap History (0 events):
No events

Deoptimization events (2 events):
Event: 5,267 Thread 0x00007f9398021800 Uncommon trap: reason=unstable_if action=reinterpret pc=0x00007f9390adfe64 method=java.util.HashMap.putVal(ILjava/lang/Object;Ljava/lang/Object;ZZ)Ljava/lang/Object; @ 236 c2
Event: 6,690 Thread 0x00007f9398021800 Uncommon trap: reason=unstable_if action=reinterpret pc=0x00007f9390aed994 method=java.util.HashMap.putVal(ILjava/lang/Object;Ljava/lang/Object;ZZ)Ljava/lang/Object; @ 193 c2

Classes unloaded (0 events):
No events

Classes redefined (0 events):
No events

Internal exceptions (10 events):
Event: 7,023 Thread 0x00007f9398021800 Exception <a 'java/lang/NoSuchMethodError'{0x00000000b4778ff8}: 'java.lang.Object java.lang.invoke.Invokers$Holder.invokeExact_MT(java.lang.Object, java.lang.Object, java.lang.Object, java.lang.Object, java.lang.Object, java.lang.Object, java.lang.Object)'> (0x00000000b4778ff8) 
thrown [/home/dmitry/Downloads/LOOM/loom/src/hotspot/share/interpreter/linkResolver.cpp, line 768]
for thread 0x00007f9398021800
Event: 7,070 Thread 0x00007f9398021800 Exception <a 'java/lang/NoSuchMethodError'{0x00000000b477cc20}: 'long java.lang.invoke.DirectMethodHandle$Holder.invokeStatic(java.lang.Object)'> (0x00000000b477cc20) 
thrown [/home/dmitry/Downloads/LOOM/loom/src/hotspot/share/interpreter/linkResolver.cpp, line 768]
for thread 0x00007f9398021800
Event: 7,087 Thread 0x00007f9398021800 Exception <a 'java/lang/NoSuchMethodError'{0x00000000b4782460}: 'long java.lang.invoke.Invokers$Holder.invoke_MT(java.lang.Object, java.lang.Object)'> (0x00000000b4782460) 
thrown [/home/dmitry/Downloads/LOOM/loom/src/hotspot/share/interpreter/linkResolver.cpp, line 768]
for thread 0x00007f9398021800
Event: 7,097 Thread 0x00007f9398021800 Exception <a 'java/lang/NoSuchMethodError'{0x00000000b4788660}: 'java.lang.Object java.lang.invoke.DirectMethodHandle$Holder.invokeStatic(java.lang.Object, long)'> (0x00000000b4788660) 
thrown [/home/dmitry/Downloads/LOOM/loom/src/hotspot/share/interpreter/linkResolver.cpp, line 768]
for thread 0x00007f9398021800
Event: 7,310 Thread 0x00007f9398021800 Exception <a 'java/lang/NoSuchMethodError'{0x00000000b4623ad8}: 'java.lang.Object java.lang.invoke.DirectMethodHandle$Holder.invokeStatic(java.lang.Object, java.lang.Object, java.lang.Object, java.lang.Object, java.lang.Object)'> (0x00000000b4623ad8) 
thrown [/home/dmitry/Downloads/LOOM/loom/src/hotspot/share/interpreter/linkResolver.cpp, line 768]
for thread 0x00007f9398021800
Event: 7,416 Thread 0x00007f9398021800 Exception <a 'java/lang/NoSuchMethodError'{0x00000000b4664de8}: 'java.lang.Object java.lang.invoke.DirectMethodHandle$Holder.invokeSpecial(java.lang.Object, java.lang.Object, long)'> (0x00000000b4664de8) 
thrown [/home/dmitry/Downloads/LOOM/loom/src/hotspot/share/interpreter/linkResolver.cpp, line 768]
for thread 0x00007f9398021800
Event: 7,426 Thread 0x00007f9398021800 Exception <a 'java/lang/NoSuchMethodError'{0x00000000b466ba10}: 'long java.lang.invoke.DirectMethodHandle$Holder.invokeStatic(java.lang.Object, long, long)'> (0x00000000b466ba10) 
thrown [/home/dmitry/Downloads/LOOM/loom/src/hotspot/share/interpreter/linkResolver.cpp, line 768]
for thread 0x00007f9398021800
Event: 7,453 Thread 0x00007f9398021800 Exception <a 'java/lang/NoSuchMethodError'{0x00000000b467e170}: 'java.lang.Object java.lang.invoke.DirectMethodHandle$Holder.invokeStatic(java.lang.Object, java.lang.Object, java.lang.Object, java.lang.Object, java.lang.Object, java.lang.Object, java.lang.Object, java.lang.Object)'> (0x00000000b467e170) 
thrown [/home/dmitry/Downloads/LOOM/loom/src/hotspot/share/interpreter/linkResolver.cpp, line 768]
for thread 0x00007f9398021800
Event: 7,487 Thread 0x00007f9398021800 Exception <a 'java/lang/NoSuchMethodError'{0x00000000b46993b0}: 'java.lang.Object java.lang.invoke.DirectMethodHandle$Holder.invokeStatic(java.lang.Object, java.lang.Object, java.lang.Object, java.lang.Object, java.lang.Object, java.lang.Object, java.lang.Object, java.lang.Object, java.lang.Object)'> (0x00000000b46993b0) 
thrown [/home/dmitry/Downloads/LOOM/loom/src/hotspot/share/interpreter/linkResolver.cpp, line 768]
for thread 0x00007f9398021800
Event: 7,531 Thread 0x00007f9398021800 Exception <a 'java/lang/NoSuchMethodError'{0x00000000b46b8f50}: 'long java.lang.invoke.DirectMethodHandle$Holder.getLong(java.lang.Object, java.lang.Object)'> (0x00000000b46b8f50) 
thrown [/home/dmitry/Downloads/LOOM/loom/src/hotspot/share/interpreter/linkResolver.cpp, line 768]
for thread 0x00007f9398021800

Events (10 events):
Event: 7,585 loading class jdk/internal/util/ArraysSupport
Event: 7,587 loading class jdk/internal/util/ArraysSupport done
Event: 7,591 loading class java/util/IdentityHashMap$KeyIterator
Event: 7,591 loading class java/util/IdentityHashMap$IdentityHashMapIterator
Event: 7,592 loading class java/util/IdentityHashMap$IdentityHashMapIterator done
Event: 7,594 loading class java/util/IdentityHashMap$KeyIterator done
Event: 7,598 Thread 0x00007f9398021800 Thread exited: 0x00007f9398021800
Event: 7,598 Thread 0x00007f9398021800 Thread added: 0x00007f9398021800
Event: 7,660 Thread 0x00007f935c19b000 Thread added: 0x00007f935c19b000
Event: 7,695 Executing VM operation: HandshakeOneThread


Dynamic libraries:
b0000000-b5000000 rw-p 00000000 00:00 0 
b5000000-100000000 ---p 00000000 00:00 0 
100000000-100100000 rw-p 00000000 00:00 0 
100100000-140000000 ---p 00000000 00:00 0 
5650cbfc6000-5650cbfc8000 r-xp 00000000 08:01 2250923                    /home/dmitry/Downloads/LOOM/loom/build/linux-x86_64-server-slowdebug/jdk/bin/java
5650cc1c7000-5650cc1c8000 r--p 00001000 08:01 2250923                    /home/dmitry/Downloads/LOOM/loom/build/linux-x86_64-server-slowdebug/jdk/bin/java
5650cc1c8000-5650cc1c9000 rw-p 00002000 08:01 2250923                    /home/dmitry/Downloads/LOOM/loom/build/linux-x86_64-server-slowdebug/jdk/bin/java
5650cc88a000-5650cc8ab000 rw-p 00000000 00:00 0                          [heap]
7f9330000000-7f9330021000 rw-p 00000000 00:00 0 
7f9330021000-7f9334000000 ---p 00000000 00:00 0 
7f9334000000-7f9334021000 rw-p 00000000 00:00 0 
7f9334021000-7f9338000000 ---p 00000000 00:00 0 
7f9338000000-7f93380c3000 rw-p 00000000 00:00 0 
7f93380c3000-7f933c000000 ---p 00000000 00:00 0 
7f933c000000-7f933c03e000 rw-p 00000000 00:00 0 
7f933c03e000-7f9340000000 ---p 00000000 00:00 0 
7f9340000000-7f9340021000 rw-p 00000000 00:00 0 
7f9340021000-7f9344000000 ---p 00000000 00:00 0 
7f9344000000-7f9344021000 rw-p 00000000 00:00 0 
7f9344021000-7f9348000000 ---p 00000000 00:00 0 
7f9348000000-7f9348021000 rw-p 00000000 00:00 0 
7f9348021000-7f934c000000 ---p 00000000 00:00 0 
7f934c000000-7f934c1d4000 rw-p 00000000 00:00 0 
7f934c1d4000-7f9350000000 ---p 00000000 00:00 0 
7f9350000000-7f93502fd000 rw-p 00000000 00:00 0 
7f93502fd000-7f9354000000 ---p 00000000 00:00 0 
7f9354000000-7f9354021000 rw-p 00000000 00:00 0 
7f9354021000-7f9358000000 ---p 00000000 00:00 0 
7f9358000000-7f9358021000 rw-p 00000000 00:00 0 
7f9358021000-7f935c000000 ---p 00000000 00:00 0 
7f935c000000-7f935c308000 rw-p 00000000 00:00 0 
7f935c308000-7f9360000000 ---p 00000000 00:00 0 
7f9360000000-7f9360021000 rw-p 00000000 00:00 0 
7f9360021000-7f9364000000 ---p 00000000 00:00 0 
7f9364000000-7f9364021000 rw-p 00000000 00:00 0 
7f9364021000-7f9368000000 ---p 00000000 00:00 0 
7f9368000000-7f9368021000 rw-p 00000000 00:00 0 
7f9368021000-7f936c000000 ---p 00000000 00:00 0 
7f936c000000-7f936c021000 rw-p 00000000 00:00 0 
7f936c021000-7f9370000000 ---p 00000000 00:00 0 
7f9370000000-7f9370021000 rw-p 00000000 00:00 0 
7f9370021000-7f9374000000 ---p 00000000 00:00 0 
7f93741b0000-7f93750e6000 rw-p 00000000 00:00 0 
7f93750e6000-7f93750ea000 ---p 00000000 00:00 0 
7f93750ea000-7f93751e7000 rw-p 00000000 00:00 0 
7f93751e7000-7f93751eb000 ---p 00000000 00:00 0 
7f93751eb000-7f9375328000 rw-p 00000000 00:00 0 
7f9375328000-7f93754e8000 ---p 00000000 00:00 0 
7f93754e8000-7f93754ea000 r-xp 00000000 08:01 1990368                    /home/dmitry/Downloads/LOOM/loom/build/linux-x86_64-server-slowdebug/jdk/lib/libextnet.so
7f93754ea000-7f93756e9000 ---p 00002000 08:01 1990368                    /home/dmitry/Downloads/LOOM/loom/build/linux-x86_64-server-slowdebug/jdk/lib/libextnet.so
7f93756e9000-7f93756ea000 r--p 00001000 08:01 1990368                    /home/dmitry/Downloads/LOOM/loom/build/linux-x86_64-server-slowdebug/jdk/lib/libextnet.so
7f93756ea000-7f93756eb000 rw-p 00002000 08:01 1990368                    /home/dmitry/Downloads/LOOM/loom/build/linux-x86_64-server-slowdebug/jdk/lib/libextnet.so
7f93756eb000-7f93756ef000 ---p 00000000 00:00 0 
7f93756ef000-7f93757ec000 rw-p 00000000 00:00 0 
7f93757ec000-7f93757f0000 ---p 00000000 00:00 0 
7f93757f0000-7f93758ed000 rw-p 00000000 00:00 0 
7f93758ed000-7f93758ee000 ---p 00000000 00:00 0 
7f93758ee000-7f93759ef000 rw-p 00000000 00:00 0 
7f93759ef000-7f93759f3000 ---p 00000000 00:00 0 
7f93759f3000-7f9375af0000 rw-p 00000000 00:00 0 
7f9375af0000-7f9375af4000 ---p 00000000 00:00 0 
7f9375af4000-7f9375bf1000 rw-p 00000000 00:00 0 
7f9375bf1000-7f9375bf5000 ---p 00000000 00:00 0 
7f9375bf5000-7f9375cf2000 rw-p 00000000 00:00 0 
7f9375cf2000-7f9375d0d000 r-xp 00000000 08:01 1990332                    /home/dmitry/Downloads/LOOM/loom/build/linux-x86_64-server-slowdebug/jdk/lib/libnet.so
7f9375d0d000-7f9375f0c000 ---p 0001b000 08:01 1990332                    /home/dmitry/Downloads/LOOM/loom/build/linux-x86_64-server-slowdebug/jdk/lib/libnet.so
7f9375f0c000-7f9375f0d000 r--p 0001a000 08:01 1990332                    /home/dmitry/Downloads/LOOM/loom/build/linux-x86_64-server-slowdebug/jdk/lib/libnet.so
7f9375f0d000-7f9375f0e000 rw-p 0001b000 08:01 1990332                    /home/dmitry/Downloads/LOOM/loom/build/linux-x86_64-server-slowdebug/jdk/lib/libnet.so
7f9375f0e000-7f9375f20000 r-xp 00000000 08:01 1990336                    /home/dmitry/Downloads/LOOM/loom/build/linux-x86_64-server-slowdebug/jdk/lib/libnio.so
7f9375f20000-7f937611f000 ---p 00012000 08:01 1990336                    /home/dmitry/Downloads/LOOM/loom/build/linux-x86_64-server-slowdebug/jdk/lib/libnio.so
7f937611f000-7f9376120000 r--p 00011000 08:01 1990336                    /home/dmitry/Downloads/LOOM/loom/build/linux-x86_64-server-slowdebug/jdk/lib/libnio.so
7f9376120000-7f9376121000 rw-p 00012000 08:01 1990336                    /home/dmitry/Downloads/LOOM/loom/build/linux-x86_64-server-slowdebug/jdk/lib/libnio.so
7f9376121000-7f9376125000 ---p 00000000 00:00 0 
7f9376125000-7f9376222000 rw-p 00000000 00:00 0 
7f9376222000-7f9376226000 ---p 00000000 00:00 0 
7f9376226000-7f9376323000 rw-p 00000000 00:00 0 
7f9376323000-7f9376327000 ---p 00000000 00:00 0 
7f9376327000-7f9376424000 rw-p 00000000 00:00 0 
7f9376424000-7f9376428000 ---p 00000000 00:00 0 
7f9376428000-7f9376525000 rw-p 00000000 00:00 0 
7f9376525000-7f9376ef4000 r--p 00000000 08:01 10230401                   /usr/lib/locale/locale-archive
7f9376ef4000-7f9376ef8000 ---p 00000000 00:00 0 
7f9376ef8000-7f9376ff5000 rw-p 00000000 00:00 0 
7f9376ff5000-7f9376ff9000 ---p 00000000 00:00 0 
7f9376ff9000-7f93770f6000 rw-p 00000000 00:00 0 
7f93770f6000-7f93770f7000 ---p 00000000 00:00 0 
7f93770f7000-7f93779f8000 rw-p 00000000 00:00 0 
7f93779f8000-7f93779f9000 ---p 00000000 00:00 0 
7f93779f9000-7f9377afa000 rw-p 00000000 00:00 0 
7f9377afa000-7f9377afb000 ---p 00000000 00:00 0 
7f9377afb000-7f9378000000 rw-p 00000000 00:00 0 
7f9378000000-7f9378021000 rw-p 00000000 00:00 0 
7f9378021000-7f937c000000 ---p 00000000 00:00 0 
7f937c000000-7f937c021000 rw-p 00000000 00:00 0 
7f937c021000-7f9380000000 ---p 00000000 00:00 0 
7f9380000000-7f9380021000 rw-p 00000000 00:00 0 
7f9380021000-7f9384000000 ---p 00000000 00:00 0 
7f938404a000-7f93860fc000 rw-p 00000000 00:00 0 
7f93860fc000-7f93860fd000 ---p 00000000 00:00 0 
7f93860fd000-7f93861fe000 rw-p 00000000 00:00 0 
7f93861fe000-7f93861ff000 ---p 00000000 00:00 0 
7f93861ff000-7f9386440000 rw-p 00000000 00:00 0 
7f9386440000-7f9387700000 ---p 00000000 00:00 0 
7f9387700000-7f9387840000 rw-p 00000000 00:00 0 
7f9387840000-7f9388b00000 ---p 00000000 00:00 0 
7f9388b00000-7f9388b28000 rw-p 00000000 00:00 0 
7f9388b28000-7f9388d80000 ---p 00000000 00:00 0 
7f9388d80000-7f9388da8000 rw-p 00000000 00:00 0 
7f9388da8000-7f9389000000 ---p 00000000 00:00 0 
7f9389000000-7f9389270000 rwxp 00000000 00:00 0 
7f9389270000-7f9389590000 ---p 00000000 00:00 0 
7f9389590000-7f9389800000 rwxp 00000000 00:00 0 
7f9389800000-7f9390ac8000 ---p 00000000 00:00 0 
7f9390ac8000-7f9390d38000 rwxp 00000000 00:00 0 
7f9390d38000-7f9398000000 ---p 00000000 00:00 0 
7f9398000000-7f9398634000 rw-p 00000000 00:00 0 
7f9398634000-7f939c000000 ---p 00000000 00:00 0 
7f939c01c000-7f939c077000 rw-p 00000000 00:00 0 
7f939c077000-7f939c078000 ---p 00000000 00:00 0 
7f939c078000-7f939c1a1000 rw-p 00000000 00:00 0 
7f939c1a1000-7f939c3f9000 ---p 00000000 00:00 0 
7f939c3f9000-7f939c802000 rw-p 00000000 00:00 0 
7f939c802000-7f939c8e8000 ---p 00000000 00:00 0 
7f939c8e8000-7f939c8ed000 rw-p 00000000 00:00 0 
7f939c8ed000-7f939c9d3000 ---p 00000000 00:00 0 
7f939c9d3000-7f939c9f3000 r-xp 00000000 08:01 1990329                    /home/dmitry/Downloads/LOOM/loom/build/linux-x86_64-server-slowdebug/jdk/lib/libjimage.so
7f939c9f3000-7f939cbf2000 ---p 00020000 08:01 1990329                    /home/dmitry/Downloads/LOOM/loom/build/linux-x86_64-server-slowdebug/jdk/lib/libjimage.so
7f939cbf2000-7f939cbf4000 r--p 0001f000 08:01 1990329                    /home/dmitry/Downloads/LOOM/loom/build/linux-x86_64-server-slowdebug/jdk/lib/libjimage.so
7f939cbf4000-7f939cbf5000 rw-p 00021000 08:01 1990329                    /home/dmitry/Downloads/LOOM/loom/build/linux-x86_64-server-slowdebug/jdk/lib/libjimage.so
7f939cbf5000-7f939cbfe000 r-xp 00000000 08:01 1990326                    /home/dmitry/Downloads/LOOM/loom/build/linux-x86_64-server-slowdebug/jdk/lib/libzip.so
7f939cbfe000-7f939cdfd000 ---p 00009000 08:01 1990326                    /home/dmitry/Downloads/LOOM/loom/build/linux-x86_64-server-slowdebug/jdk/lib/libzip.so
7f939cdfd000-7f939cdfe000 r--p 00008000 08:01 1990326                    /home/dmitry/Downloads/LOOM/loom/build/linux-x86_64-server-slowdebug/jdk/lib/libzip.so
7f939cdfe000-7f939cdff000 rw-p 00009000 08:01 1990326                    /home/dmitry/Downloads/LOOM/loom/build/linux-x86_64-server-slowdebug/jdk/lib/libzip.so
7f939cdff000-7f939ce0a000 r-xp 00000000 08:01 1184572                    /lib/x86_64-linux-gnu/libnss_files-2.27.so
7f939ce0a000-7f939d009000 ---p 0000b000 08:01 1184572                    /lib/x86_64-linux-gnu/libnss_files-2.27.so
7f939d009000-7f939d00a000 r--p 0000a000 08:01 1184572                    /lib/x86_64-linux-gnu/libnss_files-2.27.so
7f939d00a000-7f939d00b000 rw-p 0000b000 08:01 1184572                    /lib/x86_64-linux-gnu/libnss_files-2.27.so
7f939d00b000-7f939d011000 rw-p 00000000 00:00 0 
7f939d011000-7f939d028000 r-xp 00000000 08:01 1184566                    /lib/x86_64-linux-gnu/libnsl-2.27.so
7f939d028000-7f939d227000 ---p 00017000 08:01 1184566                    /lib/x86_64-linux-gnu/libnsl-2.27.so
7f939d227000-7f939d228000 r--p 00016000 08:01 1184566                    /lib/x86_64-linux-gnu/libnsl-2.27.so
7f939d228000-7f939d229000 rw-p 00017000 08:01 1184566                    /lib/x86_64-linux-gnu/libnsl-2.27.so
7f939d229000-7f939d22b000 rw-p 00000000 00:00 0 
7f939d22b000-7f939d236000 r-xp 00000000 08:01 1184583                    /lib/x86_64-linux-gnu/libnss_nis-2.27.so
7f939d236000-7f939d435000 ---p 0000b000 08:01 1184583                    /lib/x86_64-linux-gnu/libnss_nis-2.27.so
7f939d435000-7f939d436000 r--p 0000a000 08:01 1184583                    /lib/x86_64-linux-gnu/libnss_nis-2.27.so
7f939d436000-7f939d437000 rw-p 0000b000 08:01 1184583                    /lib/x86_64-linux-gnu/libnss_nis-2.27.so
7f939d437000-7f939d43f000 r-xp 00000000 08:01 1184568                    /lib/x86_64-linux-gnu/libnss_compat-2.27.so
7f939d43f000-7f939d63f000 ---p 00008000 08:01 1184568                    /lib/x86_64-linux-gnu/libnss_compat-2.27.so
7f939d63f000-7f939d640000 r--p 00008000 08:01 1184568                    /lib/x86_64-linux-gnu/libnss_compat-2.27.so
7f939d640000-7f939d641000 rw-p 00009000 08:01 1184568                    /lib/x86_64-linux-gnu/libnss_compat-2.27.so
7f939d641000-7f939d671000 r-xp 00000000 08:01 1990320                    /home/dmitry/Downloads/LOOM/loom/build/linux-x86_64-server-slowdebug/jdk/lib/libjava.so
7f939d671000-7f939d870000 ---p 00030000 08:01 1990320                    /home/dmitry/Downloads/LOOM/loom/build/linux-x86_64-server-slowdebug/jdk/lib/libjava.so
7f939d870000-7f939d871000 r--p 0002f000 08:01 1990320                    /home/dmitry/Downloads/LOOM/loom/build/linux-x86_64-server-slowdebug/jdk/lib/libjava.so
7f939d871000-7f939d873000 rw-p 00030000 08:01 1990320                    /home/dmitry/Downloads/LOOM/loom/build/linux-x86_64-server-slowdebug/jdk/lib/libjava.so
7f939d873000-7f939d885000 r-xp 00000000 08:01 1990310                    /home/dmitry/Downloads/LOOM/loom/build/linux-x86_64-server-slowdebug/jdk/lib/libverify.so
7f939d885000-7f939da85000 ---p 00012000 08:01 1990310                    /home/dmitry/Downloads/LOOM/loom/build/linux-x86_64-server-slowdebug/jdk/lib/libverify.so
7f939da85000-7f939da87000 r--p 00012000 08:01 1990310                    /home/dmitry/Downloads/LOOM/loom/build/linux-x86_64-server-slowdebug/jdk/lib/libverify.so
7f939da87000-7f939da88000 rw-p 00014000 08:01 1990310                    /home/dmitry/Downloads/LOOM/loom/build/linux-x86_64-server-slowdebug/jdk/lib/libverify.so
7f939da88000-7f939dc25000 r-xp 00000000 08:01 1184545                    /lib/x86_64-linux-gnu/libm-2.27.so
7f939dc25000-7f939de24000 ---p 0019d000 08:01 1184545                    /lib/x86_64-linux-gnu/libm-2.27.so
7f939de24000-7f939de25000 r--p 0019c000 08:01 1184545                    /lib/x86_64-linux-gnu/libm-2.27.so
7f939de25000-7f939de26000 rw-p 0019d000 08:01 1184545                    /lib/x86_64-linux-gnu/libm-2.27.so
7f939de26000-7f939fd07000 r-xp 00000000 08:01 2135096                    /home/dmitry/Downloads/LOOM/loom/build/linux-x86_64-server-slowdebug/jdk/lib/server/libjvm.so
7f939fd07000-7f939ff07000 ---p 01ee1000 08:01 2135096                    /home/dmitry/Downloads/LOOM/loom/build/linux-x86_64-server-slowdebug/jdk/lib/server/libjvm.so
7f939ff07000-7f93a0002000 r--p 01ee1000 08:01 2135096                    /home/dmitry/Downloads/LOOM/loom/build/linux-x86_64-server-slowdebug/jdk/lib/server/libjvm.so
7f93a0002000-7f93a0042000 rw-p 01fdc000 08:01 2135096                    /home/dmitry/Downloads/LOOM/loom/build/linux-x86_64-server-slowdebug/jdk/lib/server/libjvm.so
7f93a0042000-7f93a0115000 rw-p 00000000 00:00 0 
7f93a0115000-7f93a012f000 r-xp 00000000 08:01 1184615                    /lib/x86_64-linux-gnu/libpthread-2.27.so
7f93a012f000-7f93a032e000 ---p 0001a000 08:01 1184615                    /lib/x86_64-linux-gnu/libpthread-2.27.so
7f93a032e000-7f93a032f000 r--p 00019000 08:01 1184615                    /lib/x86_64-linux-gnu/libpthread-2.27.so
7f93a032f000-7f93a0330000 rw-p 0001a000 08:01 1184615                    /lib/x86_64-linux-gnu/libpthread-2.27.so
7f93a0330000-7f93a0334000 rw-p 00000000 00:00 0 
7f93a0334000-7f93a0337000 r-xp 00000000 08:01 1184505                    /lib/x86_64-linux-gnu/libdl-2.27.so
7f93a0337000-7f93a0536000 ---p 00003000 08:01 1184505                    /lib/x86_64-linux-gnu/libdl-2.27.so
7f93a0536000-7f93a0537000 r--p 00002000 08:01 1184505                    /lib/x86_64-linux-gnu/libdl-2.27.so
7f93a0537000-7f93a0538000 rw-p 00003000 08:01 1184505                    /lib/x86_64-linux-gnu/libdl-2.27.so
7f93a0538000-7f93a0554000 r-xp 00000000 08:01 1184654                    /lib/x86_64-linux-gnu/libz.so.1.2.11
7f93a0554000-7f93a0753000 ---p 0001c000 08:01 1184654                    /lib/x86_64-linux-gnu/libz.so.1.2.11
7f93a0753000-7f93a0754000 r--p 0001b000 08:01 1184654                    /lib/x86_64-linux-gnu/libz.so.1.2.11
7f93a0754000-7f93a0755000 rw-p 0001c000 08:01 1184654                    /lib/x86_64-linux-gnu/libz.so.1.2.11
7f93a0755000-7f93a093c000 r-xp 00000000 08:01 1184482                    /lib/x86_64-linux-gnu/libc-2.27.so
7f93a093c000-7f93a0b3c000 ---p 001e7000 08:01 1184482                    /lib/x86_64-linux-gnu/libc-2.27.so
7f93a0b3c000-7f93a0b40000 r--p 001e7000 08:01 1184482                    /lib/x86_64-linux-gnu/libc-2.27.so
7f93a0b40000-7f93a0b42000 rw-p 001eb000 08:01 1184482                    /lib/x86_64-linux-gnu/libc-2.27.so
7f93a0b42000-7f93a0b46000 rw-p 00000000 00:00 0 
7f93a0b46000-7f93a0b59000 r-xp 00000000 08:01 1990312                    /home/dmitry/Downloads/LOOM/loom/build/linux-x86_64-server-slowdebug/jdk/lib/libjli.so
7f93a0b59000-7f93a0d58000 ---p 00013000 08:01 1990312                    /home/dmitry/Downloads/LOOM/loom/build/linux-x86_64-server-slowdebug/jdk/lib/libjli.so
7f93a0d58000-7f93a0d59000 r--p 00012000 08:01 1990312                    /home/dmitry/Downloads/LOOM/loom/build/linux-x86_64-server-slowdebug/jdk/lib/libjli.so
7f93a0d59000-7f93a0d5a000 rw-p 00013000 08:01 1990312                    /home/dmitry/Downloads/LOOM/loom/build/linux-x86_64-server-slowdebug/jdk/lib/libjli.so
7f93a0d5a000-7f93a0d81000 r-xp 00000000 08:01 1184454                    /lib/x86_64-linux-gnu/ld-2.27.so
7f93a0dae000-7f93a0e61000 rw-p 00000000 00:00 0 
7f93a0e61000-7f93a0e68000 ---p 00000000 00:00 0 
7f93a0e68000-7f93a0e6c000 ---p 00000000 00:00 0 
7f93a0e6c000-7f93a0f6b000 rw-p 00000000 00:00 0 
7f93a0f74000-7f93a0f7c000 rw-s 00000000 08:01 524318                     /tmp/hsperfdata_dmitry/25129
7f93a0f7c000-7f93a0f7d000 ---p 00000000 00:00 0 
7f93a0f7d000-7f93a0f7e000 r--p 00000000 00:00 0 
7f93a0f7e000-7f93a0f7f000 rwxp 00000000 00:00 0 
7f93a0f7f000-7f93a0f81000 rw-p 00000000 00:00 0 
7f93a0f81000-7f93a0f82000 r--p 00027000 08:01 1184454                    /lib/x86_64-linux-gnu/ld-2.27.so
7f93a0f82000-7f93a0f83000 rw-p 00028000 08:01 1184454                    /lib/x86_64-linux-gnu/ld-2.27.so
7f93a0f83000-7f93a0f84000 rw-p 00000000 00:00 0 
7fffa2dac000-7fffa2dcf000 rw-p 00000000 00:00 0                          [stack]
7fffa2df7000-7fffa2dfa000 r--p 00000000 00:00 0                          [vvar]
7fffa2dfa000-7fffa2dfc000 r-xp 00000000 00:00 0                          [vdso]
ffffffffff600000-ffffffffff601000 r-xp 00000000 00:00 0                  [vsyscall]


VM Arguments:
jvm_args: -Didea.launcher.port=20967 -Didea.launcher.bin.path=/home/dmitry/Downloads/idea-IC-183.5912.21/bin -Dfile.encoding=UTF-8 
java_command: com.intellij.rt.execution.application.AppMainV2 Main
java_class_path (initial): /home/dmitry/Downloads/LOOM/loom/build/linux-x86_64-server-slowdebug/jdk/modules/java.base:/home/dmitry/Downloads/LOOM/loom/build/linux-x86_64-server-slowdebug/jdk/modules/java.compiler:/home/dmitry/Downloads/LOOM/loom/build/linux-x86_64-server-slowdebug/jdk/modules/java.datatransfer:/home/dmitry/Downloads/LOOM/loom/build/linux-x86_64-server-slowdebug/jdk/modules/java.desktop:/home/dmitry/Downloads/LOOM/loom/build/linux-x86_64-server-slowdebug/jdk/modules/java.instrument:/home/dmitry/Downloads/LOOM/loom/build/linux-x86_64-server-slowdebug/jdk/modules/java.logging:/home/dmitry/Downloads/LOOM/loom/build/linux-x86_64-server-slowdebug/jdk/modules/java.management:/home/dmitry/Downloads/LOOM/loom/build/linux-x86_64-server-slowdebug/jdk/modules/java.management.rmi:/home/dmitry/Downloads/LOOM/loom/build/linux-x86_64-server-slowdebug/jdk/modules/java.naming:/home/dmitry/Downloads/LOOM/loom/build/linux-x86_64-server-slowdebug/jdk/modules/java.net.http:/home/dmitry/Downloads/LOOM/loom/build/linux-x86_64-server-slowdebug/jdk/modules/java.prefs:/home/dmitry/Downloads/LOOM/loom/build/linux-x86_64-server-slowdebug/jdk/modules/java.rmi:/home/dmitry/Downloads/LOOM/loom/build/linux-x86_64-server-slowdebug/jdk/modules/java.scripting:/home/dmitry/Downloads/LOOM/loom/build/linux-x86_64-server-slowdebug/jdk/modules/java.se:/home/dmitry/Downloads/LOOM/loom/build/linux-x86_64-server-slowdebug/jdk/modules/java.security.jgss:/home/dmitry/Downloads/LOOM/loom/build/linux-x86_64-server-slowdebug/jdk/modules/java.security.sasl:/home/dmitry/Downloads/LOOM/loom/build/linux-x86_64-server-slowdebug/jdk/modules/java.smartcardio:/home/dmitry/Downloads/LOOM/loom/build/linux-x86_64-server-slowdebug/jdk/modules/java.sql:/home/dmitry/Downloads/LOOM/loom/build/linux-x86_64-server-slowdebug/jdk/modules/java.sql.rowset:/home/dmitry/Downloads/LOOM/loom/build/linux-x86_64-server-slowdebug/jdk/modules/java.transaction.xa:/home/dmitry/Downloads/LOOM/loom/build/linux-x86_64-server-slo
Launcher Type: SUN_STANDARD

[Global flags]
     intx CICompilerCount                          = 3                                         {product} {ergonomic}     Number of compiler threads to run
     uint ConcGCThreads                            = 1                                         {product} {ergonomic}     Number of threads concurrent gc will use
     uint G1ConcRefinementThreads                  = 4                                         {product} {ergonomic}     The number of parallel rem set update threads. Will be set ergonomically by default.
   size_t G1HeapRegionSize                         = 1048576                                   {product} {ergonomic}     Size of the G1 regions.
    uintx GCDrainStackTargetSize                   = 64                                        {product} {ergonomic}     Number of entries we will try to leave on the stack during parallel gc
   size_t InitialHeapSize                          = 83886080                                  {product} {ergonomic}     Initial heap size (in bytes); zero means use ergonomics
   size_t MarkStackSize                            = 4194304                                   {product} {ergonomic}     Size of marking stack
   size_t MaxHeapSize                              = 1342177280                                {product} {ergonomic}     Maximum heap size (in bytes)
   size_t MaxNewSize                               = 805306368                                 {product} {ergonomic}     Maximum new generation size (in bytes), max_uintx means set ergonomically
   size_t MinHeapDeltaBytes                        = 1048576                                   {product} {ergonomic}     The minimum change in heap space due to GC (in bytes)
    uintx NonNMethodCodeHeapSize                   = 5830732                                {pd product} {ergonomic}     Size of code heap with non-nmethods (in bytes)
    uintx NonProfiledCodeHeapSize                  = 122913754                              {pd product} {ergonomic}     Size of code heap with non-profiled methods (in bytes)
    uintx ProfiledCodeHeapSize                     = 122913754                              {pd product} {ergonomic}     Size of code heap with profiled methods (in bytes)
    uintx ReservedCodeCacheSize                    = 251658240                              {pd product} {ergonomic}     Reserved code cache size (in bytes) - maximum code cache size
     bool SegmentedCodeCache                       = true                                      {product} {ergonomic}     Use a segmented code cache
     bool UseCompressedClassPointers               = true                                 {lp64_product} {ergonomic}     Use 32-bit class pointers in 64-bit VM. lp64_product means flag is always constant in 32 bit VM
     bool UseCompressedOops                        = true                                 {lp64_product} {ergonomic}     Use 32-bit object references in 64-bit VM. lp64_product means flag is always constant in 32 bit VM
     bool UseG1GC                                  = true                                      {product} {ergonomic}     Use the Garbage-First garbage collector

Logging:
Log output configuration:
 #0: stdout all=warning uptime,level,tags
 #1: stderr all=off uptime,level,tags

Environment Variables:
JAVA_HOME=/home/dmitry/usr/local/java/jdk1.8.0
PATH=/bin:/home/dmitry/Downloads/LOOM/loom/build/linux-x86_64-server-slowdebug/jdk/bin:/usr/local/sbin:/usr/local/bin:/usr/sbin:/usr/bin:/sbin:/bin:/usr/games:/usr/local/games:/snap/bin
USERNAME=dmitry
SHELL=/bin/bash
DISPLAY=:0

Signal Handlers:
SIGSEGV: [libjvm.so+0x13a978f], sa_mask[0]=11111111011111111101111111111110, sa_flags=SA_RESTART|SA_SIGINFO
SIGBUS: [libjvm.so+0x13a978f], sa_mask[0]=11111111011111111101111111111110, sa_flags=SA_RESTART|SA_SIGINFO
SIGFPE: [libjvm.so+0x13a978f], sa_mask[0]=11111111011111111101111111111110, sa_flags=SA_RESTART|SA_SIGINFO
SIGPIPE: [libjvm.so+0x107aecc], sa_mask[0]=11111111011111111101111111111110, sa_flags=SA_RESTART|SA_SIGINFO
SIGXFSZ: [libjvm.so+0x107aecc], sa_mask[0]=11111111011111111101111111111110, sa_flags=SA_RESTART|SA_SIGINFO
SIGILL: [libjvm.so+0x13a978f], sa_mask[0]=11111111011111111101111111111110, sa_flags=SA_RESTART|SA_SIGINFO
SIGUSR2: [libjvm.so+0x107a6e7], sa_mask[0]=00100000000000000000000000000000, sa_flags=SA_RESTART|SA_SIGINFO
SIGHUP: [libjvm.so+0x1076502], sa_mask[0]=11111111011111111101111111111110, sa_flags=SA_RESTART|SA_SIGINFO
SIGINT: [libjvm.so+0x1076502], sa_mask[0]=11111111011111111101111111111110, sa_flags=SA_RESTART|SA_SIGINFO
SIGTERM: [libjvm.so+0x1076502], sa_mask[0]=11111111011111111101111111111110, sa_flags=SA_RESTART|SA_SIGINFO
SIGQUIT: [libjvm.so+0x1076502], sa_mask[0]=11111111011111111101111111111110, sa_flags=SA_RESTART|SA_SIGINFO


---------------  S Y S T E M  ---------------

OS:DISTRIB_ID=Ubuntu
DISTRIB_RELEASE=18.04
DISTRIB_CODENAME=bionic
DISTRIB_DESCRIPTION="Ubuntu 18.04.2 LTS"
uname:Linux dmitry-VirtualBox 4.18.0-21-generic #22~18.04.1-Ubuntu SMP Thu May 16 15:07:19 UTC 2019 x86_64
libc:glibc 2.27 NPTL 2.27 
rlimit: STACK 8192k, CORE 0k, NPROC 20272, NOFILE 4096, AS infinity, DATA infinity, FSIZE infinity
load average:3,31 2,78 3,43

/proc/meminfo:
MemTotal:        5234988 kB
MemFree:          627768 kB
MemAvailable:    2409628 kB
Buffers:          160828 kB
Cached:          1736844 kB
SwapCached:            0 kB
Active:          2687908 kB
Inactive:        1546228 kB
Active(anon):    1855564 kB
Inactive(anon):   529520 kB
Active(file):     832344 kB
Inactive(file):  1016708 kB
Unevictable:          32 kB
Mlocked:              32 kB
SwapTotal:       2097148 kB
SwapFree:        2096368 kB
Dirty:               156 kB
Writeback:             0 kB
AnonPages:       2336592 kB
Mapped:           233616 kB
Shmem:             48620 kB
Slab:             265720 kB
SReclaimable:     224200 kB
SUnreclaim:        41520 kB
KernelStack:        9680 kB
PageTables:        34988 kB
NFS_Unstable:          0 kB
Bounce:                0 kB
WritebackTmp:          0 kB
CommitLimit:     4714640 kB
Committed_AS:    5573700 kB
VmallocTotal:   34359738367 kB
VmallocUsed:           0 kB
VmallocChunk:          0 kB
HardwareCorrupted:     0 kB
AnonHugePages:         0 kB
ShmemHugePages:        0 kB
ShmemPmdMapped:        0 kB
CmaTotal:              0 kB
CmaFree:               0 kB
HugePages_Total:       0
HugePages_Free:        0
HugePages_Rsvd:        0
HugePages_Surp:        0
Hugepagesize:       2048 kB
Hugetlb:               0 kB
DirectMap4k:      143296 kB
DirectMap2M:     5267456 kB


/proc/sys/kernel/threads-max (system-wide limit on the number of threads):
40544


/proc/sys/vm/max_map_count (maximum number of memory map areas a process may have):
65530


/proc/sys/kernel/pid_max (system-wide limit on number of process identifiers):
32768



container (cgroup) information:
container_type: cgroupv1
cpu_cpuset_cpus: 0-3
cpu_memory_nodes: 0
active_processor_count: 4
cpu_quota: no quota
cpu_period: 100000
cpu_shares: no shares
memory_limit_in_bytes: unlimited
memory_and_swap_limit_in_bytes: not supported
memory_soft_limit_in_bytes: unlimited
memory_usage_in_bytes: 4336058368
memory_max_usage_in_bytes: unlimited

KVM virtualization detected
Steal ticks since vm start: 0
Steal ticks percentage since vm start:  0,000

CPU:total 4 (initial active 4) (4 cores per cpu, 1 threads per core) family 6 model 60 stepping 3, cmov, cx8, fxsr, mmx, sse, sse2, sse3, ssse3, sse4.1, sse4.2, popcnt, avx, avx2, aes, clmul, lzcnt, tsc, tscinvbit
CPU Model and flags from /proc/cpuinfo:
model name	: Intel(R) Core(TM) i7-4700HQ CPU @ 2.40GHz
flags		: fpu vme de pse tsc msr pae mce cx8 apic sep mtrr pge mca cmov pat pse36 clflush mmx fxsr sse sse2 ht syscall nx rdtscp lm constant_tsc rep_good nopl xtopology nonstop_tsc cpuid tsc_known_freq pni pclmulqdq ssse3 cx16 pcid sse4_1 sse4_2 x2apic movbe popcnt aes xsave avx rdrand hypervisor lahf_lm abm invpcid_single pti fsgsbase avx2 invpcid flush_l1d

Memory: 4k page, physical 5234988k(627768k free), swap 2097148k(2096368k free)

vm_info: OpenJDK 64-Bit Server VM (slowdebug 13-internal+0-adhoc.dmitry.loom) for linux-amd64 JRE (13-internal+0-adhoc.dmitry.loom), built on Jun 12 2019 21:17:22 by "dmitry" with gcc 7.4.0

END.
