#
# A fatal error has been detected by the Java Runtime Environment:
#
#  SIGSEGV (0xb) at pc=0x00007f641b5045ff, pid=26762, tid=26798
#
# JRE version: OpenJDK Runtime Environment (13.0) (slowdebug build 13-internal+0-adhoc.dmitry.loom)
# Java VM: OpenJDK 64-Bit Server VM (slowdebug 13-internal+0-adhoc.dmitry.loom, mixed mode, tiered, compressed oops, g1 gc, linux-amd64)
# Problematic frame:
# V  [libjvm.so+0x11625ff]  SafepointSynchronize::handle_polling_page_exception(JavaThread*)+0x17
#
# Core dump will be written. Default location: Core dumps may be processed with "/usr/share/apport/apport %p %s %c %d %P" (or dumping to /home/dmitry/Downloads/LoadDetector/core.26762)
#
# If you would like to submit a bug report, please visit:
#   http://bugreport.java.com/bugreport/crash.jsp
#

---------------  S U M M A R Y ------------

Command Line: -Didea.launcher.port=26809 -Didea.launcher.bin.path=/home/dmitry/Downloads/idea-IC-183.5912.21/bin -Dfile.encoding=UTF-8 com.intellij.rt.execution.application.AppMainV2 Main

Host: dmitry-VirtualBox, Intel(R) Core(TM) i7-4700HQ CPU @ 2.40GHz, 4 cores, 4G, Ubuntu 18.04.2 LTS
Time: Thu Jun 13 09:25:07 2019 MSK elapsed time: 23 seconds (0d 0h 0m 23s)

---------------  T H R E A D  ---------------

Current thread (0x00007f6414625000):  JavaThread "Thread-1" [_thread_in_Java, id=26798, stack(0x00007f63f1673000,0x00007f63f1774000)]

Stack: [0x00007f63f1673000,0x00007f63f1774000],  sp=0x00007f63f1771ad0,  free space=1018k
Native frames: (J=compiled Java code, A=aot compiled Java code, j=interpreted, Vv=VM code, C=native code)
V  [libjvm.so+0x11625ff]  SafepointSynchronize::handle_polling_page_exception(JavaThread*)+0x17
v  ~SafepointBlob


siginfo: si_signo: 11 (SIGSEGV), si_code: 128 (SI_KERNEL), si_addr: 0x0000000000000000

Register to memory mapping:

RAX=0xbababababababb0a is an unknown value
RBX=0xbabababababababa is an unknown value
RCX=0x0000000030000001 is an unknown value
RDX=0x0000000000000008 is an unknown value
RSP=0x00007f63f1771ad0 is pointing into the stack for thread: 0x00007f6414625000
RBP=0x00007f63f1771af0 is pointing into the stack for thread: 0x00007f6414625000
RSI=0x00007f63f1a73480 points into unknown readable memory: a0 34 a7 f1 63 7f 00 00
RDI=0x00007f64145ed800 points into unknown readable memory: ba ba ba ba ba ba ba ba
R8 =0x0000000030475c67 is an unknown value
R9 =0x00007f63f1a70f10 points into unknown readable memory: 00 00 00 00 00 00 00 00
R10=0x00007f641d4f8008 is an unknown value
R11=0x000000002faf0800 is an unknown value
R12=0x0 is NULL
R13=0x00007f640cafd9e4 is at entry_point+164 in (nmethod*)0x00007f640cafd790
R14=0x00007f63f1a734f8 points into unknown readable memory: 2f 35 a7 f1 63 7f 00 00
R15=0x00007f64145ed800 points into unknown readable memory: ba ba ba ba ba ba ba ba


Registers:
RAX=0xbababababababb0a, RBX=0xbabababababababa, RCX=0x0000000030000001, RDX=0x0000000000000008
RSP=0x00007f63f1771ad0, RBP=0x00007f63f1771af0, RSI=0x00007f63f1a73480, RDI=0x00007f64145ed800
R8 =0x0000000030475c67, R9 =0x00007f63f1a70f10, R10=0x00007f641d4f8008, R11=0x000000002faf0800
R12=0x0000000000000000, R13=0x00007f640cafd9e4, R14=0x00007f63f1a734f8, R15=0x00007f64145ed800
RIP=0x00007f641b5045ff, EFLAGS=0x0000000000010286, CSGSFS=0x002b000000000033, ERR=0x0000000000000000
  TRAPNO=0x000000000000000d

Top of Stack: (sp=0x00007f63f1771ad0)
0x00007f63f1771ad0:   00007f63f1771b00 00007f64145ed800
0x00007f63f1771ae0:   00007f63f1a73500 00007f63f1771b00
0x00007f63f1771af0:   00007f63f1772610 00007f640505da4c
0x00007f63f1771b00:   000000000000037f 0000000000000000 

Instructions: (pc=0x00007f641b5045ff)
0x00007f641b5044ff:   ee 07 01 48 8b 00 c6 00 58 8b 45 f4 89 c1 48 8d
0x00007f641b50450f:   15 fc f8 7a 00 be 3f 03 00 00 48 8d 3d 40 ee 7a
0x00007f641b50451f:   00 b8 00 00 00 00 e8 33 60 79 ff e8 3d f6 f0 ff
0x00007f641b50452f:   48 8b 45 e8 48 89 c7 e8 df 1a 00 00 48 89 c7 e8
0x00007f641b50453f:   d3 05 00 00 48 85 c0 0f 95 c0 84 c0 74 36 48 8d
0x00007f641b50454f:   05 2c ee 07 01 48 8b 00 c6 00 58 48 8d 0d d7 f8
0x00007f641b50455f:   7a 00 48 8d 15 08 f9 7a 00 be 42 03 00 00 48 8d
0x00007f641b50456f:   3d ec ed 7a 00 b8 00 00 00 00 e8 74 5d 79 ff e8
0x00007f641b50457f:   e9 f5 f0 ff 83 7d f4 0b 74 1d 83 7d f4 07 74 17
0x00007f641b50458f:   48 8b 45 e8 48 89 c7 e8 89 e8 57 ff 84 c0 74 07
0x00007f641b50459f:   b8 01 00 00 00 eb 05 b8 00 00 00 00 84 c0 74 36
0x00007f641b5045af:   48 8b 45 e8 48 89 c7 e8 93 1a 00 00 83 f0 01 84
0x00007f641b5045bf:   c0 74 0d 83 7d f4 05 74 07 b8 01 00 00 00 eb 05
0x00007f641b5045cf:   b8 00 00 00 00 0f b6 d0 48 8b 45 e8 89 d6 48 89
0x00007f641b5045df:   c7 e8 ad 03 1c 00 c9 c3 90 55 48 89 e5 48 83 ec
0x00007f641b5045ef:   20 48 89 7d e8 48 8b 45 e8 48 8b 00 48 83 c0 50
0x00007f641b5045ff:   48 8b 00 48 8b 55 e8 48 89 d7 ff d0 83 f0 01 84
0x00007f641b50460f:   c0 74 36 48 8d 05 67 ed 07 01 48 8b 00 c6 00 58
0x00007f641b50461f:   48 8d 0d ca f8 7a 00 48 8d 15 83 f7 7a 00 be 64
0x00007f641b50462f:   03 00 00 48 8d 3d 27 ed 7a 00 b8 00 00 00 00 e8
0x00007f641b50463f:   af 5c 79 ff e8 24 f5 f0 ff 48 8b 45 e8 48 89 c7
0x00007f641b50464f:   e8 f6 89 45 ff 83 f8 08 0f 95 c0 84 c0 74 36 48
0x00007f641b50465f:   8d 05 1b ed 07 01 48 8b 00 c6 00 58 48 8d 0d a9
0x00007f641b50466f:   f8 7a 00 48 8d 15 47 ec 7a 00 be 65 03 00 00 48
0x00007f641b50467f:   8d 3d db ec 7a 00 b8 00 00 00 00 e8 63 5c 79 ff
0x00007f641b50468f:   e8 d8 f4 f0 ff 48 8d 05 de fc 07 01 0f b6 00 83
0x00007f641b50469f:   f0 01 84 c0 74 42 e8 2c e3 97 ff 83 f0 01 84 c0
0x00007f641b5046af:   74 36 48 8d 05 c8 ec 07 01 48 8b 00 c6 00 58 48
0x00007f641b5046bf:   8d 0d 73 f8 7a 00 48 8d 15 a4 f8 7a 00 be 67 03
0x00007f641b5046cf:   00 00 48 8d 3d 88 ec 7a 00 b8 00 00 00 00 e8 10
0x00007f641b5046df:   5c 79 ff e8 85 f4 f0 ff bf 03 00 00 00 e8 69 37
0x00007f641b5046ef:   00 00 84 c0 74 11 be 08 00 00 00 48 8d 3d 87 57 


Stack slot to memory mapping:
stack at sp + 0 slots: 0x00007f63f1771b00 is pointing into the stack for thread: 0x00007f6414625000
stack at sp + 1 slots: 0x00007f64145ed800 points into unknown readable memory: ba ba ba ba ba ba ba ba
stack at sp + 2 slots: 0x00007f63f1a73500 points into unknown readable memory: 30 35 a7 f1 63 7f 00 00
stack at sp + 3 slots: 0x00007f63f1771b00 is pointing into the stack for thread: 0x00007f6414625000
stack at sp + 4 slots: 0x00007f63f1772610 is pointing into the stack for thread: 0x00007f6414625000
stack at sp + 5 slots: 0x00007f640505da4c is at code_begin+140 in 
[CodeBlob (0x00007f640505d910)]
Framesize: 356
SafepointBlob
stack at sp + 6 slots: 0x000000000000037f is an unknown value
stack at sp + 7 slots: 0x0 is NULL


---------------  P R O C E S S  ---------------

uid  : 1000 euid : 1000 gid  : 1000 egid : 1000

umask: 0022 (----w--w-)

Threads class SMR info:
_java_thread_list=0x00007f63b0001040, length=12, elements={
0x00007f6414270800, 0x00007f6414276800, 0x00007f64142bb000, 0x00007f64142bd800,
0x00007f64142c0000, 0x00007f64142cb000, 0x00007f6414325000, 0x00007f6414517000,
0x00007f63dc001000, 0x00007f64145ae000, 0x00007f6414625000, 0x00007f6414021800
}
_java_thread_list_alloc_cnt=17, _java_thread_list_free_cnt=15, _java_thread_list_max=13, _nested_thread_list_max=0
_tlh_cnt=111, _tlh_times=36, avg_tlh_time=0,32, _tlh_time_max=13
_deleted_thread_cnt=2, _deleted_thread_times=0, avg_deleted_thread_time=0,00, _deleted_thread_time_max=0
_delete_lock_wait_cnt=0, _delete_lock_wait_max=0
_to_delete_list_cnt=0, _to_delete_list_max=1

Java Threads: ( => current thread )
  0x00007f6414270800 JavaThread "Reference Handler" daemon [_thread_blocked, id=26778, stack(0x00007f63f34fb000,0x00007f63f35fc000)]
  0x00007f6414276800 JavaThread "Finalizer" daemon [_thread_blocked, id=26779, stack(0x00007f63f33fa000,0x00007f63f34fb000)]
  0x00007f64142bb000 JavaThread "Signal Dispatcher" daemon [_thread_blocked, id=26784, stack(0x00007f63f292a000,0x00007f63f2a2b000)]
  0x00007f64142bd800 JavaThread "C2 CompilerThread0" daemon [_thread_blocked, id=26785, stack(0x00007f63f2829000,0x00007f63f292a000)]
  0x00007f64142c0000 JavaThread "C1 CompilerThread0" daemon [_thread_blocked, id=26786, stack(0x00007f63f2728000,0x00007f63f2829000)]
  0x00007f64142cb000 JavaThread "Sweeper thread" daemon [_thread_blocked, id=26787, stack(0x00007f63f2627000,0x00007f63f2728000)]
  0x00007f6414325000 JavaThread "Common-Cleaner" daemon [_thread_blocked, id=26789, stack(0x00007f63f20f7000,0x00007f63f21f8000)]
  0x00007f6414517000 JavaThread "Service Thread" daemon [_thread_blocked, id=26792, stack(0x00007f63f1ff6000,0x00007f63f20f7000)]
  0x00007f63dc001000 JavaThread "Attach Listener" daemon [_thread_blocked, id=26793, stack(0x00007f63f1ef5000,0x00007f63f1ff6000)]
  0x00007f64145ae000 JavaThread "Monitor Ctrl-Break" daemon [_thread_in_native, id=26796, stack(0x00007f63f1c78000,0x00007f63f1d79000)]
=>0x00007f6414625000 JavaThread "Thread-1" [_thread_in_Java, id=26798, stack(0x00007f63f1673000,0x00007f63f1774000)]
  0x00007f6414021800 JavaThread "DestroyJavaVM" [_thread_blocked, id=26766, stack(0x00007f641d3e4000,0x00007f641d4e5000)]

Other Threads:
  0x00007f641424d000 VMThread "VM Thread" [stack: 0x00007f63f35fe000,0x00007f63f36fe000] [id=26775]
  0x00007f641452a000 WatcherThread [stack: 0x00007f63f1d7b000,0x00007f63f1e7b000] [id=26794]
  0x00007f641406d800 GCTaskThread "GC Thread#0" [stack: 0x00007f64180f5000,0x00007f64181f5000] [id=26769]
  0x00007f6414077800 ConcurrentGCThread "G1 Main Marker" [stack: 0x00007f6402700000,0x00007f6402800000] [id=26770]
  0x00007f6414079800 ConcurrentGCThread "G1 Conc#0" [stack: 0x00007f64025fe000,0x00007f64026fe000] [id=26771]
  0x00007f64140d9000 ConcurrentGCThread "G1 Refine#0" [stack: 0x00007f64000f8000,0x00007f64001f8000] [id=26772]
  0x00007f64140db000 ConcurrentGCThread "G1 Young RemSet Sampling" [stack: 0x00007f63f3f00000,0x00007f63f4000000] [id=26773]

Threads with active compile tasks:

VM state:not at safepoint (normal execution)

VM Mutex/Monitor currently owned by a thread: None

Heap address: 0x00000000b0000000, size: 1280 MB, Compressed Oops mode: 32-bit
Narrow klass base: 0x0000000000000000, Narrow klass shift: 3
Compressed class space size: 1073741824 Address: 0x0000000100000000

Heap:
 garbage-first heap   total 81920K, used 10240K [0x00000000b0000000, 0x0000000100000000)
  region size 1024K, 11 young (11264K), 0 survivors (0K)
 Metaspace       used 9109K, capacity 9355K, committed 9728K, reserved 1058816K
  class space    used 840K, capacity 926K, committed 1024K, reserved 1048576K
Heap Regions: E=young(eden), S=young(survivor), O=old, HS=humongous(starts), HC=humongous(continues), CS=collection set, F=free, A=archive, TAMS=top-at-mark-start (previous, next)
|   0|0x00000000b0000000, 0x00000000b0000000, 0x00000000b0100000|  0%| F|  |TAMS 0x00000000b0000000, 0x00000000b0000000| Untracked 
|   1|0x00000000b0100000, 0x00000000b0100000, 0x00000000b0200000|  0%| F|  |TAMS 0x00000000b0100000, 0x00000000b0100000| Untracked 
|   2|0x00000000b0200000, 0x00000000b0200000, 0x00000000b0300000|  0%| F|  |TAMS 0x00000000b0200000, 0x00000000b0200000| Untracked 
|   3|0x00000000b0300000, 0x00000000b0300000, 0x00000000b0400000|  0%| F|  |TAMS 0x00000000b0300000, 0x00000000b0300000| Untracked 
|   4|0x00000000b0400000, 0x00000000b0400000, 0x00000000b0500000|  0%| F|  |TAMS 0x00000000b0400000, 0x00000000b0400000| Untracked 
|   5|0x00000000b0500000, 0x00000000b0500000, 0x00000000b0600000|  0%| F|  |TAMS 0x00000000b0500000, 0x00000000b0500000| Untracked 
|   6|0x00000000b0600000, 0x00000000b0600000, 0x00000000b0700000|  0%| F|  |TAMS 0x00000000b0600000, 0x00000000b0600000| Untracked 
|   7|0x00000000b0700000, 0x00000000b0700000, 0x00000000b0800000|  0%| F|  |TAMS 0x00000000b0700000, 0x00000000b0700000| Untracked 
|   8|0x00000000b0800000, 0x00000000b0800000, 0x00000000b0900000|  0%| F|  |TAMS 0x00000000b0800000, 0x00000000b0800000| Untracked 
|   9|0x00000000b0900000, 0x00000000b0900000, 0x00000000b0a00000|  0%| F|  |TAMS 0x00000000b0900000, 0x00000000b0900000| Untracked 
|  10|0x00000000b0a00000, 0x00000000b0a00000, 0x00000000b0b00000|  0%| F|  |TAMS 0x00000000b0a00000, 0x00000000b0a00000| Untracked 
|  11|0x00000000b0b00000, 0x00000000b0b00000, 0x00000000b0c00000|  0%| F|  |TAMS 0x00000000b0b00000, 0x00000000b0b00000| Untracked 
|  12|0x00000000b0c00000, 0x00000000b0c00000, 0x00000000b0d00000|  0%| F|  |TAMS 0x00000000b0c00000, 0x00000000b0c00000| Untracked 
|  13|0x00000000b0d00000, 0x00000000b0d00000, 0x00000000b0e00000|  0%| F|  |TAMS 0x00000000b0d00000, 0x00000000b0d00000| Untracked 
|  14|0x00000000b0e00000, 0x00000000b0e00000, 0x00000000b0f00000|  0%| F|  |TAMS 0x00000000b0e00000, 0x00000000b0e00000| Untracked 
|  15|0x00000000b0f00000, 0x00000000b0f00000, 0x00000000b1000000|  0%| F|  |TAMS 0x00000000b0f00000, 0x00000000b0f00000| Untracked 
|  16|0x00000000b1000000, 0x00000000b1000000, 0x00000000b1100000|  0%| F|  |TAMS 0x00000000b1000000, 0x00000000b1000000| Untracked 
|  17|0x00000000b1100000, 0x00000000b1100000, 0x00000000b1200000|  0%| F|  |TAMS 0x00000000b1100000, 0x00000000b1100000| Untracked 
|  18|0x00000000b1200000, 0x00000000b1200000, 0x00000000b1300000|  0%| F|  |TAMS 0x00000000b1200000, 0x00000000b1200000| Untracked 
|  19|0x00000000b1300000, 0x00000000b1300000, 0x00000000b1400000|  0%| F|  |TAMS 0x00000000b1300000, 0x00000000b1300000| Untracked 
|  20|0x00000000b1400000, 0x00000000b1400000, 0x00000000b1500000|  0%| F|  |TAMS 0x00000000b1400000, 0x00000000b1400000| Untracked 
|  21|0x00000000b1500000, 0x00000000b1500000, 0x00000000b1600000|  0%| F|  |TAMS 0x00000000b1500000, 0x00000000b1500000| Untracked 
|  22|0x00000000b1600000, 0x00000000b1600000, 0x00000000b1700000|  0%| F|  |TAMS 0x00000000b1600000, 0x00000000b1600000| Untracked 
|  23|0x00000000b1700000, 0x00000000b1700000, 0x00000000b1800000|  0%| F|  |TAMS 0x00000000b1700000, 0x00000000b1700000| Untracked 
|  24|0x00000000b1800000, 0x00000000b1800000, 0x00000000b1900000|  0%| F|  |TAMS 0x00000000b1800000, 0x00000000b1800000| Untracked 
|  25|0x00000000b1900000, 0x00000000b1900000, 0x00000000b1a00000|  0%| F|  |TAMS 0x00000000b1900000, 0x00000000b1900000| Untracked 
|  26|0x00000000b1a00000, 0x00000000b1a00000, 0x00000000b1b00000|  0%| F|  |TAMS 0x00000000b1a00000, 0x00000000b1a00000| Untracked 
|  27|0x00000000b1b00000, 0x00000000b1b00000, 0x00000000b1c00000|  0%| F|  |TAMS 0x00000000b1b00000, 0x00000000b1b00000| Untracked 
|  28|0x00000000b1c00000, 0x00000000b1c00000, 0x00000000b1d00000|  0%| F|  |TAMS 0x00000000b1c00000, 0x00000000b1c00000| Untracked 
|  29|0x00000000b1d00000, 0x00000000b1d00000, 0x00000000b1e00000|  0%| F|  |TAMS 0x00000000b1d00000, 0x00000000b1d00000| Untracked 
|  30|0x00000000b1e00000, 0x00000000b1e00000, 0x00000000b1f00000|  0%| F|  |TAMS 0x00000000b1e00000, 0x00000000b1e00000| Untracked 
|  31|0x00000000b1f00000, 0x00000000b1f00000, 0x00000000b2000000|  0%| F|  |TAMS 0x00000000b1f00000, 0x00000000b1f00000| Untracked 
|  32|0x00000000b2000000, 0x00000000b2000000, 0x00000000b2100000|  0%| F|  |TAMS 0x00000000b2000000, 0x00000000b2000000| Untracked 
|  33|0x00000000b2100000, 0x00000000b2100000, 0x00000000b2200000|  0%| F|  |TAMS 0x00000000b2100000, 0x00000000b2100000| Untracked 
|  34|0x00000000b2200000, 0x00000000b2200000, 0x00000000b2300000|  0%| F|  |TAMS 0x00000000b2200000, 0x00000000b2200000| Untracked 
|  35|0x00000000b2300000, 0x00000000b2300000, 0x00000000b2400000|  0%| F|  |TAMS 0x00000000b2300000, 0x00000000b2300000| Untracked 
|  36|0x00000000b2400000, 0x00000000b2400000, 0x00000000b2500000|  0%| F|  |TAMS 0x00000000b2400000, 0x00000000b2400000| Untracked 
|  37|0x00000000b2500000, 0x00000000b2500000, 0x00000000b2600000|  0%| F|  |TAMS 0x00000000b2500000, 0x00000000b2500000| Untracked 
|  38|0x00000000b2600000, 0x00000000b2600000, 0x00000000b2700000|  0%| F|  |TAMS 0x00000000b2600000, 0x00000000b2600000| Untracked 
|  39|0x00000000b2700000, 0x00000000b2700000, 0x00000000b2800000|  0%| F|  |TAMS 0x00000000b2700000, 0x00000000b2700000| Untracked 
|  40|0x00000000b2800000, 0x00000000b2800000, 0x00000000b2900000|  0%| F|  |TAMS 0x00000000b2800000, 0x00000000b2800000| Untracked 
|  41|0x00000000b2900000, 0x00000000b2900000, 0x00000000b2a00000|  0%| F|  |TAMS 0x00000000b2900000, 0x00000000b2900000| Untracked 
|  42|0x00000000b2a00000, 0x00000000b2a00000, 0x00000000b2b00000|  0%| F|  |TAMS 0x00000000b2a00000, 0x00000000b2a00000| Untracked 
|  43|0x00000000b2b00000, 0x00000000b2b00000, 0x00000000b2c00000|  0%| F|  |TAMS 0x00000000b2b00000, 0x00000000b2b00000| Untracked 
|  44|0x00000000b2c00000, 0x00000000b2c00000, 0x00000000b2d00000|  0%| F|  |TAMS 0x00000000b2c00000, 0x00000000b2c00000| Untracked 
|  45|0x00000000b2d00000, 0x00000000b2d00000, 0x00000000b2e00000|  0%| F|  |TAMS 0x00000000b2d00000, 0x00000000b2d00000| Untracked 
|  46|0x00000000b2e00000, 0x00000000b2e00000, 0x00000000b2f00000|  0%| F|  |TAMS 0x00000000b2e00000, 0x00000000b2e00000| Untracked 
|  47|0x00000000b2f00000, 0x00000000b2f00000, 0x00000000b3000000|  0%| F|  |TAMS 0x00000000b2f00000, 0x00000000b2f00000| Untracked 
|  48|0x00000000b3000000, 0x00000000b3000000, 0x00000000b3100000|  0%| F|  |TAMS 0x00000000b3000000, 0x00000000b3000000| Untracked 
|  49|0x00000000b3100000, 0x00000000b3100000, 0x00000000b3200000|  0%| F|  |TAMS 0x00000000b3100000, 0x00000000b3100000| Untracked 
|  50|0x00000000b3200000, 0x00000000b3200000, 0x00000000b3300000|  0%| F|  |TAMS 0x00000000b3200000, 0x00000000b3200000| Untracked 
|  51|0x00000000b3300000, 0x00000000b3300000, 0x00000000b3400000|  0%| F|  |TAMS 0x00000000b3300000, 0x00000000b3300000| Untracked 
|  52|0x00000000b3400000, 0x00000000b3400000, 0x00000000b3500000|  0%| F|  |TAMS 0x00000000b3400000, 0x00000000b3400000| Untracked 
|  53|0x00000000b3500000, 0x00000000b3500000, 0x00000000b3600000|  0%| F|  |TAMS 0x00000000b3500000, 0x00000000b3500000| Untracked 
|  54|0x00000000b3600000, 0x00000000b3600000, 0x00000000b3700000|  0%| F|  |TAMS 0x00000000b3600000, 0x00000000b3600000| Untracked 
|  55|0x00000000b3700000, 0x00000000b3700000, 0x00000000b3800000|  0%| F|  |TAMS 0x00000000b3700000, 0x00000000b3700000| Untracked 
|  56|0x00000000b3800000, 0x00000000b3800000, 0x00000000b3900000|  0%| F|  |TAMS 0x00000000b3800000, 0x00000000b3800000| Untracked 
|  57|0x00000000b3900000, 0x00000000b3900000, 0x00000000b3a00000|  0%| F|  |TAMS 0x00000000b3900000, 0x00000000b3900000| Untracked 
|  58|0x00000000b3a00000, 0x00000000b3a00000, 0x00000000b3b00000|  0%| F|  |TAMS 0x00000000b3a00000, 0x00000000b3a00000| Untracked 
|  59|0x00000000b3b00000, 0x00000000b3b00000, 0x00000000b3c00000|  0%| F|  |TAMS 0x00000000b3b00000, 0x00000000b3b00000| Untracked 
|  60|0x00000000b3c00000, 0x00000000b3c00000, 0x00000000b3d00000|  0%| F|  |TAMS 0x00000000b3c00000, 0x00000000b3c00000| Untracked 
|  61|0x00000000b3d00000, 0x00000000b3d00000, 0x00000000b3e00000|  0%| F|  |TAMS 0x00000000b3d00000, 0x00000000b3d00000| Untracked 
|  62|0x00000000b3e00000, 0x00000000b3e00000, 0x00000000b3f00000|  0%| F|  |TAMS 0x00000000b3e00000, 0x00000000b3e00000| Untracked 
|  63|0x00000000b3f00000, 0x00000000b3f00000, 0x00000000b4000000|  0%| F|  |TAMS 0x00000000b3f00000, 0x00000000b3f00000| Untracked 
|  64|0x00000000b4000000, 0x00000000b4000000, 0x00000000b4100000|  0%| F|  |TAMS 0x00000000b4000000, 0x00000000b4000000| Untracked 
|  65|0x00000000b4100000, 0x00000000b4100000, 0x00000000b4200000|  0%| F|  |TAMS 0x00000000b4100000, 0x00000000b4100000| Untracked 
|  66|0x00000000b4200000, 0x00000000b4200000, 0x00000000b4300000|  0%| F|  |TAMS 0x00000000b4200000, 0x00000000b4200000| Untracked 
|  67|0x00000000b4300000, 0x00000000b4300000, 0x00000000b4400000|  0%| F|  |TAMS 0x00000000b4300000, 0x00000000b4300000| Untracked 
|  68|0x00000000b4400000, 0x00000000b4400000, 0x00000000b4500000|  0%| F|  |TAMS 0x00000000b4400000, 0x00000000b4400000| Untracked 
|  69|0x00000000b4500000, 0x00000000b45482f8, 0x00000000b4600000| 28%| E|  |TAMS 0x00000000b4500000, 0x00000000b4500000| Complete 
|  70|0x00000000b4600000, 0x00000000b4700000, 0x00000000b4700000|100%| E|CS|TAMS 0x00000000b4600000, 0x00000000b4600000| Complete 
|  71|0x00000000b4700000, 0x00000000b4800000, 0x00000000b4800000|100%| E|CS|TAMS 0x00000000b4700000, 0x00000000b4700000| Complete 
|  72|0x00000000b4800000, 0x00000000b4900000, 0x00000000b4900000|100%| E|CS|TAMS 0x00000000b4800000, 0x00000000b4800000| Complete 
|  73|0x00000000b4900000, 0x00000000b4a00000, 0x00000000b4a00000|100%| E|CS|TAMS 0x00000000b4900000, 0x00000000b4900000| Complete 
|  74|0x00000000b4a00000, 0x00000000b4b00000, 0x00000000b4b00000|100%| E|CS|TAMS 0x00000000b4a00000, 0x00000000b4a00000| Complete 
|  75|0x00000000b4b00000, 0x00000000b4c00000, 0x00000000b4c00000|100%| E|CS|TAMS 0x00000000b4b00000, 0x00000000b4b00000| Complete 
|  76|0x00000000b4c00000, 0x00000000b4d00000, 0x00000000b4d00000|100%| E|CS|TAMS 0x00000000b4c00000, 0x00000000b4c00000| Complete 
|  77|0x00000000b4d00000, 0x00000000b4e00000, 0x00000000b4e00000|100%| E|CS|TAMS 0x00000000b4d00000, 0x00000000b4d00000| Complete 
|  78|0x00000000b4e00000, 0x00000000b4f00000, 0x00000000b4f00000|100%| E|CS|TAMS 0x00000000b4e00000, 0x00000000b4e00000| Complete 
|  79|0x00000000b4f00000, 0x00000000b5000000, 0x00000000b5000000|100%| E|CS|TAMS 0x00000000b4f00000, 0x00000000b4f00000| Complete 

Card table byte_map: [0x00007f6418475000,0x00007f64186f5000] _byte_map_base: 0x00007f6417ef5000

Marking Bits (Prev, Next): (CMBitMap*) 0x00007f641406ef20, (CMBitMap*) 0x00007f641406ef60
 Prev Bits: [0x00007f6403c00000, 0x00007f6405000000)
 Next Bits: [0x00007f6402800000, 0x00007f6403c00000)

Polling page: 0x00007f641d4f8000

Metaspace:

Usage:
  Non-class:      8,23 MB capacity,     8,08 MB ( 98%) used,   142,12 KB (  2%) free+waste,    17,56 KB ( <1%) overhead. 
      Class:    926,00 KB capacity,   840,49 KB ( 91%) used,    75,26 KB (  8%) free+waste,    10,25 KB (  1%) overhead. 
       Both:      9,14 MB capacity,     8,90 MB ( 97%) used,   217,38 KB (  2%) free+waste,    27,81 KB ( <1%) overhead. 

Virtual space:
  Non-class space:       10,00 MB reserved,       8,50 MB ( 85%) committed 
      Class space:        1,00 GB reserved,       1,00 MB ( <1%) committed 
             Both:        1,01 GB reserved,       9,50 MB ( <1%) committed 

Chunk freelists:
   Non-Class:  67,00 KB
       Class:  0 bytes
        Both:  67,00 KB

MaxMetaspaceSize: unlimited
CompressedClassSpaceSize: 1,00 GB

CodeHeap 'non-profiled nmethods': size=120032Kb used=231Kb max_used=231Kb free=119800Kb
 bounds [0x00007f640cac8000, 0x00007f640cd38000, 0x00007f6414000000]
CodeHeap 'profiled nmethods': size=120032Kb used=651Kb max_used=651Kb free=119380Kb
 bounds [0x00007f6405590000, 0x00007f6405800000, 0x00007f640cac8000]
CodeHeap 'non-nmethods': size=5696Kb used=2074Kb max_used=2086Kb free=3621Kb
 bounds [0x00007f6405000000, 0x00007f6405270000, 0x00007f6405590000]
 total_blobs=1417 nmethods=329 adapters=868
 compilation: enabled
              stopped_count=0, restarted_count=0
 full_count=0

Compilation events (10 events):
Event: 12,855 Thread 0x00007f64142c0000  621       3       java.util.Arrays::copyOf (10 bytes)
Event: 12,860 Thread 0x00007f64142c0000 nmethod 621 0x00007f6405620190 code [0x00007f6405620360, 0x00007f6405620590]
Event: 12,861 Thread 0x00007f64142c0000  622       3       java.lang.invoke.MemberName::initResolved (53 bytes)
Event: 12,866 Thread 0x00007f64142c0000 nmethod 622 0x00007f6405620690 code [0x00007f6405620880, 0x00007f6405620bb8]
Event: 12,866 Thread 0x00007f64142c0000  624       3       sun.invoke.util.VerifyAccess::isTypeVisible (118 bytes)
Event: 12,924 Thread 0x00007f64142bd800  664       4       jdk.internal.org.objectweb.asm.ByteVector::putShort (52 bytes)
Event: 12,955 Thread 0x00007f64142bd800 nmethod 664 0x00007f640cb01710 code [0x00007f640cb018a0, 0x00007f640cb019d8]
Event: 13,066 Thread 0x00007f64142c0000 nmethod 624 0x00007f6405620c90 code [0x00007f64056212a0, 0x00007f6405623de0]
Event: 13,066 Thread 0x00007f64142c0000  638       3       jdk.internal.org.objectweb.asm.Frame::execute (2305 bytes)
Event: 14,509 Thread 0x00007f64142c0000 nmethod 638 0x00007f6405625210 code [0x00007f64056263c0, 0x00007f640562e680]

GC Heap History (0 events):
No events

Deoptimization events (3 events):
Event: 5,083 Thread 0x00007f6414021800 Uncommon trap: reason=unstable_if action=reinterpret pc=0x00007f640cada4e4 method=java.util.HashMap.putVal(ILjava/lang/Object;Ljava/lang/Object;ZZ)Ljava/lang/Object; @ 236 c2
Event: 7,478 Thread 0x00007f64145ed800 Uncommon trap: reason=unreached action=reinterpret pc=0x00007f640caf5fc0 method=Main$1.run()V @ 21 c2
Event: 8,597 Thread 0x00007f64145ed800 Uncommon trap: reason=unstable_if action=reinterpret pc=0x00007f640cafcb4c method=Main$1.run()V @ 21 c2

Classes unloaded (0 events):
No events

Classes redefined (0 events):
No events

Internal exceptions (10 events):
Event: 7,021 Thread 0x00007f6414021800 Exception <a 'java/lang/NoSuchMethodError'{0x00000000b47d24c0}: 'java.lang.Object java.lang.invoke.DirectMethodHandle$Holder.invokeStatic(java.lang.Object, long)'> (0x00000000b47d24c0) 
thrown [/home/dmitry/Downloads/LOOM/loom/src/hotspot/share/interpreter/linkResolver.cpp, line 768]
for thread 0x00007f6414021800
Event: 7,247 Thread 0x00007f6414021800 Exception <a 'java/lang/NoSuchMethodError'{0x00000000b4626df8}: 'java.lang.Object java.lang.invoke.DirectMethodHandle$Holder.invokeStatic(java.lang.Object, java.lang.Object, java.lang.Object, java.lang.Object, java.lang.Object)'> (0x00000000b4626df8) 
thrown [/home/dmitry/Downloads/LOOM/loom/src/hotspot/share/interpreter/linkResolver.cpp, line 768]
for thread 0x00007f6414021800
Event: 7,460 Thread 0x00007f6414021800 Exception <a 'java/lang/NoSuchMethodError'{0x00000000b4668130}: 'java.lang.Object java.lang.invoke.DirectMethodHandle$Holder.invokeSpecial(java.lang.Object, java.lang.Object, long)'> (0x00000000b4668130) 
thrown [/home/dmitry/Downloads/LOOM/loom/src/hotspot/share/interpreter/linkResolver.cpp, line 768]
for thread 0x00007f6414021800
Event: 7,481 Thread 0x00007f6414021800 Exception <a 'java/lang/NoSuchMethodError'{0x00000000b466ed58}: 'long java.lang.invoke.DirectMethodHandle$Holder.invokeStatic(java.lang.Object, long, long)'> (0x00000000b466ed58) 
thrown [/home/dmitry/Downloads/LOOM/loom/src/hotspot/share/interpreter/linkResolver.cpp, line 768]
for thread 0x00007f6414021800
Event: 7,510 Thread 0x00007f6414021800 Exception <a 'java/lang/NoSuchMethodError'{0x00000000b46815b8}: 'java.lang.Object java.lang.invoke.DirectMethodHandle$Holder.invokeStatic(java.lang.Object, java.lang.Object, java.lang.Object, java.lang.Object, java.lang.Object, java.lang.Object, java.lang.Object, java.lang.Object)'> (0x00000000b46815b8) 
thrown [/home/dmitry/Downloads/LOOM/loom/src/hotspot/share/interpreter/linkResolver.cpp, line 768]
for thread 0x00007f6414021800
Event: 7,563 Thread 0x00007f6414021800 Exception <a 'java/lang/NoSuchMethodError'{0x00000000b469c7e8}: 'java.lang.Object java.lang.invoke.DirectMethodHandle$Holder.invokeStatic(java.lang.Object, java.lang.Object, java.lang.Object, java.lang.Object, java.lang.Object, java.lang.Object, java.lang.Object, java.lang.Object, java.lang.Object)'> (0x00000000b469c7e8) 
thrown [/home/dmitry/Downloads/LOOM/loom/src/hotspot/share/interpreter/linkResolver.cpp, line 768]
for thread 0x00007f6414021800
Event: 7,661 Thread 0x00007f6414021800 Exception <a 'java/lang/NoSuchMethodError'{0x00000000b46bc388}: 'long java.lang.invoke.DirectMethodHandle$Holder.getLong(java.lang.Object, java.lang.Object)'> (0x00000000b46bc388) 
thrown [/home/dmitry/Downloads/LOOM/loom/src/hotspot/share/interpreter/linkResolver.cpp, line 768]
for thread 0x00007f6414021800
Event: 7,826 Thread 0x00007f6414021800 Exception <a 'java/lang/NoSuchMethodError'{0x00000000b46e3e10}: 'void java.lang.invoke.DirectMethodHandle$Holder.invokeStatic(java.lang.Object, java.lang.Object)'> (0x00000000b46e3e10) 
thrown [/home/dmitry/Downloads/LOOM/loom/src/hotspot/share/interpreter/linkResolver.cpp, line 768]
for thread 0x00007f6414021800
Event: 12,930 Thread 0x00007f6414625000 Exception <a 'java/lang/NoSuchMethodError'{0x00000000b4533f38}: 'java.lang.Object java.lang.invoke.DirectMethodHandle$Holder.invokeStatic(java.lang.Object, java.lang.Object, java.lang.Object, java.lang.Object, java.lang.Object, java.lang.Object, java.lang.Object, long)'> (0x00000000b4533f38) 
thrown [/home/dmitry/Downloads/LOOM/loom/src/hotspot/share/interpreter/linkResolver.cpp, line 768]
for thread 0x00007f6414625000
Event: 12,945 Thread 0x00007f6414625000 Exception <a 'java/lang/NoSuchMethodError'{0x00000000b453e650}: 'java.lang.Object java.lang.invoke.Invokers$Holder.linkToTargetMethod(int, java.lang.Object)'> (0x00000000b453e650) 
thrown [/home/dmitry/Downloads/LOOM/loom/src/hotspot/share/interpreter/linkResolver.cpp, line 768]
for thread 0x00007f6414625000

Events (10 events):
Event: 8,650 Thread 0x00007f64145ed800 DEOPT UNPACKING pc=0x00007f640505e4bc sp=0x00007f63f1a72980 mode 0
Event: 12,845 Executing VM operation: HandshakeOneThread
Event: 12,852 Executing VM operation: HandshakeOneThread done
Event: 12,853 Executing VM operation: RevokeBias
Event: 12,856 Executing VM operation: RevokeBias done
Event: 12,856 Executing VM operation: RevokeBias
Event: 12,857 Executing VM operation: RevokeBias done
Event: 12,857 Thread 0x00007f64145ed800 Thread exited: 0x00007f64145ed800
Event: 12,917 loading class java/lang/invoke/BoundMethodHandle$Species_LLLLJ
Event: 12,917 loading class java/lang/invoke/BoundMethodHandle$Species_LLLLJ done


Dynamic libraries:
b0000000-b5000000 rw-p 00000000 00:00 0 
b5000000-100000000 ---p 00000000 00:00 0 
100000000-100100000 rw-p 00000000 00:00 0 
100100000-140000000 ---p 00000000 00:00 0 
55bf34a0c000-55bf34a0e000 r-xp 00000000 08:01 2249140                    /home/dmitry/Downloads/LOOM/loom/build/linux-x86_64-server-slowdebug/jdk/bin/java
55bf34c0d000-55bf34c0e000 r--p 00001000 08:01 2249140                    /home/dmitry/Downloads/LOOM/loom/build/linux-x86_64-server-slowdebug/jdk/bin/java
55bf34c0e000-55bf34c0f000 rw-p 00002000 08:01 2249140                    /home/dmitry/Downloads/LOOM/loom/build/linux-x86_64-server-slowdebug/jdk/bin/java
55bf36450000-55bf36471000 rw-p 00000000 00:00 0                          [heap]
7f63b0000000-7f63b0021000 rw-p 00000000 00:00 0 
7f63b0021000-7f63b4000000 ---p 00000000 00:00 0 
7f63b4000000-7f63b406f000 rw-p 00000000 00:00 0 
7f63b406f000-7f63b8000000 ---p 00000000 00:00 0 
7f63b8000000-7f63b8021000 rw-p 00000000 00:00 0 
7f63b8021000-7f63bc000000 ---p 00000000 00:00 0 
7f63bc000000-7f63bc03e000 rw-p 00000000 00:00 0 
7f63bc03e000-7f63c0000000 ---p 00000000 00:00 0 
7f63c0000000-7f63c0021000 rw-p 00000000 00:00 0 
7f63c0021000-7f63c4000000 ---p 00000000 00:00 0 
7f63c4000000-7f63c40a4000 rw-p 00000000 00:00 0 
7f63c40a4000-7f63c8000000 ---p 00000000 00:00 0 
7f63c8000000-7f63c8021000 rw-p 00000000 00:00 0 
7f63c8021000-7f63cc000000 ---p 00000000 00:00 0 
7f63cc000000-7f63cc021000 rw-p 00000000 00:00 0 
7f63cc021000-7f63d0000000 ---p 00000000 00:00 0 
7f63d0000000-7f63d0544000 rw-p 00000000 00:00 0 
7f63d0544000-7f63d4000000 ---p 00000000 00:00 0 
7f63d4000000-7f63d45df000 rw-p 00000000 00:00 0 
7f63d45df000-7f63d8000000 ---p 00000000 00:00 0 
7f63d8000000-7f63d8021000 rw-p 00000000 00:00 0 
7f63d8021000-7f63dc000000 ---p 00000000 00:00 0 
7f63dc000000-7f63dc021000 rw-p 00000000 00:00 0 
7f63dc021000-7f63e0000000 ---p 00000000 00:00 0 
7f63e0000000-7f63e0021000 rw-p 00000000 00:00 0 
7f63e0021000-7f63e4000000 ---p 00000000 00:00 0 
7f63e4000000-7f63e4021000 rw-p 00000000 00:00 0 
7f63e4021000-7f63e8000000 ---p 00000000 00:00 0 
7f63e8000000-7f63e8021000 rw-p 00000000 00:00 0 
7f63e8021000-7f63ec000000 ---p 00000000 00:00 0 
7f63ec000000-7f63ec021000 rw-p 00000000 00:00 0 
7f63ec021000-7f63f0000000 ---p 00000000 00:00 0 
7f63f073d000-7f63f1673000 rw-p 00000000 00:00 0 
7f63f1673000-7f63f1677000 ---p 00000000 00:00 0 
7f63f1677000-7f63f17f4000 rw-p 00000000 00:00 0 
7f63f17f4000-7f63f1978000 ---p 00000000 00:00 0 
7f63f1978000-7f63f1a75000 rw-p 00000000 00:00 0 
7f63f1a75000-7f63f1a77000 r-xp 00000000 08:01 1989531                    /home/dmitry/Downloads/LOOM/loom/build/linux-x86_64-server-slowdebug/jdk/lib/libextnet.so
7f63f1a77000-7f63f1c76000 ---p 00002000 08:01 1989531                    /home/dmitry/Downloads/LOOM/loom/build/linux-x86_64-server-slowdebug/jdk/lib/libextnet.so
7f63f1c76000-7f63f1c77000 r--p 00001000 08:01 1989531                    /home/dmitry/Downloads/LOOM/loom/build/linux-x86_64-server-slowdebug/jdk/lib/libextnet.so
7f63f1c77000-7f63f1c78000 rw-p 00002000 08:01 1989531                    /home/dmitry/Downloads/LOOM/loom/build/linux-x86_64-server-slowdebug/jdk/lib/libextnet.so
7f63f1c78000-7f63f1c7c000 ---p 00000000 00:00 0 
7f63f1c7c000-7f63f1d79000 rw-p 00000000 00:00 0 
7f63f1d79000-7f63f1d7a000 ---p 00000000 00:00 0 
7f63f1d7a000-7f63f1e7b000 rw-p 00000000 00:00 0 
7f63f1ef5000-7f63f1ef9000 ---p 00000000 00:00 0 
7f63f1ef9000-7f63f1ff6000 rw-p 00000000 00:00 0 
7f63f1ff6000-7f63f1ffa000 ---p 00000000 00:00 0 
7f63f1ffa000-7f63f20f7000 rw-p 00000000 00:00 0 
7f63f20f7000-7f63f20fb000 ---p 00000000 00:00 0 
7f63f20fb000-7f63f21f8000 rw-p 00000000 00:00 0 
7f63f21f8000-7f63f2213000 r-xp 00000000 08:01 1989495                    /home/dmitry/Downloads/LOOM/loom/build/linux-x86_64-server-slowdebug/jdk/lib/libnet.so
7f63f2213000-7f63f2412000 ---p 0001b000 08:01 1989495                    /home/dmitry/Downloads/LOOM/loom/build/linux-x86_64-server-slowdebug/jdk/lib/libnet.so
7f63f2412000-7f63f2413000 r--p 0001a000 08:01 1989495                    /home/dmitry/Downloads/LOOM/loom/build/linux-x86_64-server-slowdebug/jdk/lib/libnet.so
7f63f2413000-7f63f2414000 rw-p 0001b000 08:01 1989495                    /home/dmitry/Downloads/LOOM/loom/build/linux-x86_64-server-slowdebug/jdk/lib/libnet.so
7f63f2414000-7f63f2426000 r-xp 00000000 08:01 1989499                    /home/dmitry/Downloads/LOOM/loom/build/linux-x86_64-server-slowdebug/jdk/lib/libnio.so
7f63f2426000-7f63f2625000 ---p 00012000 08:01 1989499                    /home/dmitry/Downloads/LOOM/loom/build/linux-x86_64-server-slowdebug/jdk/lib/libnio.so
7f63f2625000-7f63f2626000 r--p 00011000 08:01 1989499                    /home/dmitry/Downloads/LOOM/loom/build/linux-x86_64-server-slowdebug/jdk/lib/libnio.so
7f63f2626000-7f63f2627000 rw-p 00012000 08:01 1989499                    /home/dmitry/Downloads/LOOM/loom/build/linux-x86_64-server-slowdebug/jdk/lib/libnio.so
7f63f2627000-7f63f262b000 ---p 00000000 00:00 0 
7f63f262b000-7f63f2728000 rw-p 00000000 00:00 0 
7f63f2728000-7f63f272c000 ---p 00000000 00:00 0 
7f63f272c000-7f63f2829000 rw-p 00000000 00:00 0 
7f63f2829000-7f63f282d000 ---p 00000000 00:00 0 
7f63f282d000-7f63f292a000 rw-p 00000000 00:00 0 
7f63f292a000-7f63f292e000 ---p 00000000 00:00 0 
7f63f292e000-7f63f2a2b000 rw-p 00000000 00:00 0 
7f63f2a2b000-7f63f33fa000 r--p 00000000 08:01 10230401                   /usr/lib/locale/locale-archive
7f63f33fa000-7f63f33fe000 ---p 00000000 00:00 0 
7f63f33fe000-7f63f34fb000 rw-p 00000000 00:00 0 
7f63f34fb000-7f63f34ff000 ---p 00000000 00:00 0 
7f63f34ff000-7f63f35fc000 rw-p 00000000 00:00 0 
7f63f35fc000-7f63f35fd000 ---p 00000000 00:00 0 
7f63f35fd000-7f63f3efe000 rw-p 00000000 00:00 0 
7f63f3efe000-7f63f3eff000 ---p 00000000 00:00 0 
7f63f3eff000-7f63f4000000 rw-p 00000000 00:00 0 
7f63f4000000-7f63f4021000 rw-p 00000000 00:00 0 
7f63f4021000-7f63f8000000 ---p 00000000 00:00 0 
7f63f8000000-7f63f8021000 rw-p 00000000 00:00 0 
7f63f8021000-7f63fc000000 ---p 00000000 00:00 0 
7f63fc000000-7f63fc021000 rw-p 00000000 00:00 0 
7f63fc021000-7f6400000000 ---p 00000000 00:00 0 
7f64000c5000-7f64000f6000 rw-p 00000000 00:00 0 
7f64000f6000-7f64000f7000 ---p 00000000 00:00 0 
7f64000f7000-7f64025fc000 rw-p 00000000 00:00 0 
7f64025fc000-7f64025fd000 ---p 00000000 00:00 0 
7f64025fd000-7f64026fe000 rw-p 00000000 00:00 0 
7f64026fe000-7f64026ff000 ---p 00000000 00:00 0 
7f64026ff000-7f6402940000 rw-p 00000000 00:00 0 
7f6402940000-7f6403c00000 ---p 00000000 00:00 0 
7f6403c00000-7f6403d40000 rw-p 00000000 00:00 0 
7f6403d40000-7f6405000000 ---p 00000000 00:00 0 
7f6405000000-7f6405270000 rwxp 00000000 00:00 0 
7f6405270000-7f6405590000 ---p 00000000 00:00 0 
7f6405590000-7f6405800000 rwxp 00000000 00:00 0 
7f6405800000-7f640cac8000 ---p 00000000 00:00 0 
7f640cac8000-7f640cd38000 rwxp 00000000 00:00 0 
7f640cd38000-7f6414000000 ---p 00000000 00:00 0 
7f6414000000-7f641463e000 rw-p 00000000 00:00 0 
7f641463e000-7f6418000000 ---p 00000000 00:00 0 
7f6418017000-7f64180f3000 rw-p 00000000 00:00 0 
7f64180f3000-7f64180f4000 ---p 00000000 00:00 0 
7f64180f4000-7f641821d000 rw-p 00000000 00:00 0 
7f641821d000-7f6418475000 ---p 00000000 00:00 0 
7f6418475000-7f641849d000 rw-p 00000000 00:00 0 
7f641849d000-7f64186f5000 ---p 00000000 00:00 0 
7f64186f5000-7f641871d000 rw-p 00000000 00:00 0 
7f641871d000-7f6418975000 ---p 00000000 00:00 0 
7f6418975000-7f6418d7e000 rw-p 00000000 00:00 0 
7f6418d7e000-7f6418e64000 ---p 00000000 00:00 0 
7f6418e64000-7f6418e69000 rw-p 00000000 00:00 0 
7f6418e69000-7f6418f4f000 ---p 00000000 00:00 0 
7f6418f4f000-7f6418f6f000 r-xp 00000000 08:01 1989492                    /home/dmitry/Downloads/LOOM/loom/build/linux-x86_64-server-slowdebug/jdk/lib/libjimage.so
7f6418f6f000-7f641916e000 ---p 00020000 08:01 1989492                    /home/dmitry/Downloads/LOOM/loom/build/linux-x86_64-server-slowdebug/jdk/lib/libjimage.so
7f641916e000-7f6419170000 r--p 0001f000 08:01 1989492                    /home/dmitry/Downloads/LOOM/loom/build/linux-x86_64-server-slowdebug/jdk/lib/libjimage.so
7f6419170000-7f6419171000 rw-p 00021000 08:01 1989492                    /home/dmitry/Downloads/LOOM/loom/build/linux-x86_64-server-slowdebug/jdk/lib/libjimage.so
7f6419171000-7f641917a000 r-xp 00000000 08:01 1989488                    /home/dmitry/Downloads/LOOM/loom/build/linux-x86_64-server-slowdebug/jdk/lib/libzip.so
7f641917a000-7f6419379000 ---p 00009000 08:01 1989488                    /home/dmitry/Downloads/LOOM/loom/build/linux-x86_64-server-slowdebug/jdk/lib/libzip.so
7f6419379000-7f641937a000 r--p 00008000 08:01 1989488                    /home/dmitry/Downloads/LOOM/loom/build/linux-x86_64-server-slowdebug/jdk/lib/libzip.so
7f641937a000-7f641937b000 rw-p 00009000 08:01 1989488                    /home/dmitry/Downloads/LOOM/loom/build/linux-x86_64-server-slowdebug/jdk/lib/libzip.so
7f641937b000-7f6419386000 r-xp 00000000 08:01 1184572                    /lib/x86_64-linux-gnu/libnss_files-2.27.so
7f6419386000-7f6419585000 ---p 0000b000 08:01 1184572                    /lib/x86_64-linux-gnu/libnss_files-2.27.so
7f6419585000-7f6419586000 r--p 0000a000 08:01 1184572                    /lib/x86_64-linux-gnu/libnss_files-2.27.so
7f6419586000-7f6419587000 rw-p 0000b000 08:01 1184572                    /lib/x86_64-linux-gnu/libnss_files-2.27.so
7f6419587000-7f641958d000 rw-p 00000000 00:00 0 
7f641958d000-7f64195a4000 r-xp 00000000 08:01 1184566                    /lib/x86_64-linux-gnu/libnsl-2.27.so
7f64195a4000-7f64197a3000 ---p 00017000 08:01 1184566                    /lib/x86_64-linux-gnu/libnsl-2.27.so
7f64197a3000-7f64197a4000 r--p 00016000 08:01 1184566                    /lib/x86_64-linux-gnu/libnsl-2.27.so
7f64197a4000-7f64197a5000 rw-p 00017000 08:01 1184566                    /lib/x86_64-linux-gnu/libnsl-2.27.so
7f64197a5000-7f64197a7000 rw-p 00000000 00:00 0 
7f64197a7000-7f64197b2000 r-xp 00000000 08:01 1184583                    /lib/x86_64-linux-gnu/libnss_nis-2.27.so
7f64197b2000-7f64199b1000 ---p 0000b000 08:01 1184583                    /lib/x86_64-linux-gnu/libnss_nis-2.27.so
7f64199b1000-7f64199b2000 r--p 0000a000 08:01 1184583                    /lib/x86_64-linux-gnu/libnss_nis-2.27.so
7f64199b2000-7f64199b3000 rw-p 0000b000 08:01 1184583                    /lib/x86_64-linux-gnu/libnss_nis-2.27.so
7f64199b3000-7f64199bb000 r-xp 00000000 08:01 1184568                    /lib/x86_64-linux-gnu/libnss_compat-2.27.so
7f64199bb000-7f6419bbb000 ---p 00008000 08:01 1184568                    /lib/x86_64-linux-gnu/libnss_compat-2.27.so
7f6419bbb000-7f6419bbc000 r--p 00008000 08:01 1184568                    /lib/x86_64-linux-gnu/libnss_compat-2.27.so
7f6419bbc000-7f6419bbd000 rw-p 00009000 08:01 1184568                    /lib/x86_64-linux-gnu/libnss_compat-2.27.so
7f6419bbd000-7f6419bed000 r-xp 00000000 08:01 1989483                    /home/dmitry/Downloads/LOOM/loom/build/linux-x86_64-server-slowdebug/jdk/lib/libjava.so
7f6419bed000-7f6419dec000 ---p 00030000 08:01 1989483                    /home/dmitry/Downloads/LOOM/loom/build/linux-x86_64-server-slowdebug/jdk/lib/libjava.so
7f6419dec000-7f6419ded000 r--p 0002f000 08:01 1989483                    /home/dmitry/Downloads/LOOM/loom/build/linux-x86_64-server-slowdebug/jdk/lib/libjava.so
7f6419ded000-7f6419def000 rw-p 00030000 08:01 1989483                    /home/dmitry/Downloads/LOOM/loom/build/linux-x86_64-server-slowdebug/jdk/lib/libjava.so
7f6419def000-7f6419e01000 r-xp 00000000 08:01 1989472                    /home/dmitry/Downloads/LOOM/loom/build/linux-x86_64-server-slowdebug/jdk/lib/libverify.so
7f6419e01000-7f641a001000 ---p 00012000 08:01 1989472                    /home/dmitry/Downloads/LOOM/loom/build/linux-x86_64-server-slowdebug/jdk/lib/libverify.so
7f641a001000-7f641a003000 r--p 00012000 08:01 1989472                    /home/dmitry/Downloads/LOOM/loom/build/linux-x86_64-server-slowdebug/jdk/lib/libverify.so
7f641a003000-7f641a004000 rw-p 00014000 08:01 1989472                    /home/dmitry/Downloads/LOOM/loom/build/linux-x86_64-server-slowdebug/jdk/lib/libverify.so
7f641a004000-7f641a1a1000 r-xp 00000000 08:01 1184545                    /lib/x86_64-linux-gnu/libm-2.27.so
7f641a1a1000-7f641a3a0000 ---p 0019d000 08:01 1184545                    /lib/x86_64-linux-gnu/libm-2.27.so
7f641a3a0000-7f641a3a1000 r--p 0019c000 08:01 1184545                    /lib/x86_64-linux-gnu/libm-2.27.so
7f641a3a1000-7f641a3a2000 rw-p 0019d000 08:01 1184545                    /lib/x86_64-linux-gnu/libm-2.27.so
7f641a3a2000-7f641c283000 r-xp 00000000 08:01 2135513                    /home/dmitry/Downloads/LOOM/loom/build/linux-x86_64-server-slowdebug/jdk/lib/server/libjvm.so
7f641c283000-7f641c483000 ---p 01ee1000 08:01 2135513                    /home/dmitry/Downloads/LOOM/loom/build/linux-x86_64-server-slowdebug/jdk/lib/server/libjvm.so
7f641c483000-7f641c57e000 r--p 01ee1000 08:01 2135513                    /home/dmitry/Downloads/LOOM/loom/build/linux-x86_64-server-slowdebug/jdk/lib/server/libjvm.so
7f641c57e000-7f641c5be000 rw-p 01fdc000 08:01 2135513                    /home/dmitry/Downloads/LOOM/loom/build/linux-x86_64-server-slowdebug/jdk/lib/server/libjvm.so
7f641c5be000-7f641c691000 rw-p 00000000 00:00 0 
7f641c691000-7f641c6ab000 r-xp 00000000 08:01 1184615                    /lib/x86_64-linux-gnu/libpthread-2.27.so
7f641c6ab000-7f641c8aa000 ---p 0001a000 08:01 1184615                    /lib/x86_64-linux-gnu/libpthread-2.27.so
7f641c8aa000-7f641c8ab000 r--p 00019000 08:01 1184615                    /lib/x86_64-linux-gnu/libpthread-2.27.so
7f641c8ab000-7f641c8ac000 rw-p 0001a000 08:01 1184615                    /lib/x86_64-linux-gnu/libpthread-2.27.so
7f641c8ac000-7f641c8b0000 rw-p 00000000 00:00 0 
7f641c8b0000-7f641c8b3000 r-xp 00000000 08:01 1184505                    /lib/x86_64-linux-gnu/libdl-2.27.so
7f641c8b3000-7f641cab2000 ---p 00003000 08:01 1184505                    /lib/x86_64-linux-gnu/libdl-2.27.so
7f641cab2000-7f641cab3000 r--p 00002000 08:01 1184505                    /lib/x86_64-linux-gnu/libdl-2.27.so
7f641cab3000-7f641cab4000 rw-p 00003000 08:01 1184505                    /lib/x86_64-linux-gnu/libdl-2.27.so
7f641cab4000-7f641cad0000 r-xp 00000000 08:01 1184654                    /lib/x86_64-linux-gnu/libz.so.1.2.11
7f641cad0000-7f641cccf000 ---p 0001c000 08:01 1184654                    /lib/x86_64-linux-gnu/libz.so.1.2.11
7f641cccf000-7f641ccd0000 r--p 0001b000 08:01 1184654                    /lib/x86_64-linux-gnu/libz.so.1.2.11
7f641ccd0000-7f641ccd1000 rw-p 0001c000 08:01 1184654                    /lib/x86_64-linux-gnu/libz.so.1.2.11
7f641ccd1000-7f641ceb8000 r-xp 00000000 08:01 1184482                    /lib/x86_64-linux-gnu/libc-2.27.so
7f641ceb8000-7f641d0b8000 ---p 001e7000 08:01 1184482                    /lib/x86_64-linux-gnu/libc-2.27.so
7f641d0b8000-7f641d0bc000 r--p 001e7000 08:01 1184482                    /lib/x86_64-linux-gnu/libc-2.27.so
7f641d0bc000-7f641d0be000 rw-p 001eb000 08:01 1184482                    /lib/x86_64-linux-gnu/libc-2.27.so
7f641d0be000-7f641d0c2000 rw-p 00000000 00:00 0 
7f641d0c2000-7f641d0d5000 r-xp 00000000 08:01 1989476                    /home/dmitry/Downloads/LOOM/loom/build/linux-x86_64-server-slowdebug/jdk/lib/libjli.so
7f641d0d5000-7f641d2d4000 ---p 00013000 08:01 1989476                    /home/dmitry/Downloads/LOOM/loom/build/linux-x86_64-server-slowdebug/jdk/lib/libjli.so
7f641d2d4000-7f641d2d5000 r--p 00012000 08:01 1989476                    /home/dmitry/Downloads/LOOM/loom/build/linux-x86_64-server-slowdebug/jdk/lib/libjli.so
7f641d2d5000-7f641d2d6000 rw-p 00013000 08:01 1989476                    /home/dmitry/Downloads/LOOM/loom/build/linux-x86_64-server-slowdebug/jdk/lib/libjli.so
7f641d2d6000-7f641d2fd000 r-xp 00000000 08:01 1184454                    /lib/x86_64-linux-gnu/ld-2.27.so
7f641d32a000-7f641d3dd000 rw-p 00000000 00:00 0 
7f641d3dd000-7f641d3e4000 ---p 00000000 00:00 0 
7f641d3e4000-7f641d3e8000 ---p 00000000 00:00 0 
7f641d3e8000-7f641d4e7000 rw-p 00000000 00:00 0 
7f641d4f0000-7f641d4f8000 rw-s 00000000 08:01 525055                     /tmp/hsperfdata_dmitry/26762
7f641d4f8000-7f641d4f9000 ---p 00000000 00:00 0 
7f641d4f9000-7f641d4fa000 r--p 00000000 00:00 0 
7f641d4fa000-7f641d4fb000 ---p 00000000 00:00 0 
7f641d4fb000-7f641d4fd000 rw-p 00000000 00:00 0 
7f641d4fd000-7f641d4fe000 r--p 00027000 08:01 1184454                    /lib/x86_64-linux-gnu/ld-2.27.so
7f641d4fe000-7f641d4ff000 rw-p 00028000 08:01 1184454                    /lib/x86_64-linux-gnu/ld-2.27.so
7f641d4ff000-7f641d500000 rw-p 00000000 00:00 0 
7ffc196ee000-7ffc19711000 rw-p 00000000 00:00 0                          [stack]
7ffc19711000-7ffc19714000 r--p 00000000 00:00 0                          [vvar]
7ffc19714000-7ffc19716000 r-xp 00000000 00:00 0                          [vdso]
ffffffffff600000-ffffffffff601000 r-xp 00000000 00:00 0                  [vsyscall]


VM Arguments:
jvm_args: -Didea.launcher.port=26809 -Didea.launcher.bin.path=/home/dmitry/Downloads/idea-IC-183.5912.21/bin -Dfile.encoding=UTF-8 
java_command: com.intellij.rt.execution.application.AppMainV2 Main
java_class_path (initial): /home/dmitry/Downloads/LOOM/loom/build/linux-x86_64-server-slowdebug/jdk/modules/java.base:/home/dmitry/Downloads/LOOM/loom/build/linux-x86_64-server-slowdebug/jdk/modules/java.compiler:/home/dmitry/Downloads/LOOM/loom/build/linux-x86_64-server-slowdebug/jdk/modules/java.datatransfer:/home/dmitry/Downloads/LOOM/loom/build/linux-x86_64-server-slowdebug/jdk/modules/java.desktop:/home/dmitry/Downloads/LOOM/loom/build/linux-x86_64-server-slowdebug/jdk/modules/java.instrument:/home/dmitry/Downloads/LOOM/loom/build/linux-x86_64-server-slowdebug/jdk/modules/java.logging:/home/dmitry/Downloads/LOOM/loom/build/linux-x86_64-server-slowdebug/jdk/modules/java.management:/home/dmitry/Downloads/LOOM/loom/build/linux-x86_64-server-slowdebug/jdk/modules/java.management.rmi:/home/dmitry/Downloads/LOOM/loom/build/linux-x86_64-server-slowdebug/jdk/modules/java.naming:/home/dmitry/Downloads/LOOM/loom/build/linux-x86_64-server-slowdebug/jdk/modules/java.net.http:/home/dmitry/Downloads/LOOM/loom/build/linux-x86_64-server-slowdebug/jdk/modules/java.prefs:/home/dmitry/Downloads/LOOM/loom/build/linux-x86_64-server-slowdebug/jdk/modules/java.rmi:/home/dmitry/Downloads/LOOM/loom/build/linux-x86_64-server-slowdebug/jdk/modules/java.scripting:/home/dmitry/Downloads/LOOM/loom/build/linux-x86_64-server-slowdebug/jdk/modules/java.se:/home/dmitry/Downloads/LOOM/loom/build/linux-x86_64-server-slowdebug/jdk/modules/java.security.jgss:/home/dmitry/Downloads/LOOM/loom/build/linux-x86_64-server-slowdebug/jdk/modules/java.security.sasl:/home/dmitry/Downloads/LOOM/loom/build/linux-x86_64-server-slowdebug/jdk/modules/java.smartcardio:/home/dmitry/Downloads/LOOM/loom/build/linux-x86_64-server-slowdebug/jdk/modules/java.sql:/home/dmitry/Downloads/LOOM/loom/build/linux-x86_64-server-slowdebug/jdk/modules/java.sql.rowset:/home/dmitry/Downloads/LOOM/loom/build/linux-x86_64-server-slowdebug/jdk/modules/java.transaction.xa:/home/dmitry/Downloads/LOOM/loom/build/linux-x86_64-server-slo
Launcher Type: SUN_STANDARD

[Global flags]
     intx CICompilerCount                          = 3                                         {product} {ergonomic}     Number of compiler threads to run
     uint ConcGCThreads                            = 1                                         {product} {ergonomic}     Number of threads concurrent gc will use
     uint G1ConcRefinementThreads                  = 4                                         {product} {ergonomic}     The number of parallel rem set update threads. Will be set ergonomically by default.
   size_t G1HeapRegionSize                         = 1048576                                   {product} {ergonomic}     Size of the G1 regions.
    uintx GCDrainStackTargetSize                   = 64                                        {product} {ergonomic}     Number of entries we will try to leave on the stack during parallel gc
   size_t InitialHeapSize                          = 83886080                                  {product} {ergonomic}     Initial heap size (in bytes); zero means use ergonomics
   size_t MarkStackSize                            = 4194304                                   {product} {ergonomic}     Size of marking stack
   size_t MaxHeapSize                              = 1342177280                                {product} {ergonomic}     Maximum heap size (in bytes)
   size_t MaxNewSize                               = 805306368                                 {product} {ergonomic}     Maximum new generation size (in bytes), max_uintx means set ergonomically
   size_t MinHeapDeltaBytes                        = 1048576                                   {product} {ergonomic}     The minimum change in heap space due to GC (in bytes)
    uintx NonNMethodCodeHeapSize                   = 5830732                                {pd product} {ergonomic}     Size of code heap with non-nmethods (in bytes)
    uintx NonProfiledCodeHeapSize                  = 122913754                              {pd product} {ergonomic}     Size of code heap with non-profiled methods (in bytes)
    uintx ProfiledCodeHeapSize                     = 122913754                              {pd product} {ergonomic}     Size of code heap with profiled methods (in bytes)
    uintx ReservedCodeCacheSize                    = 251658240                              {pd product} {ergonomic}     Reserved code cache size (in bytes) - maximum code cache size
     bool SegmentedCodeCache                       = true                                      {product} {ergonomic}     Use a segmented code cache
     bool UseCompressedClassPointers               = true                                 {lp64_product} {ergonomic}     Use 32-bit class pointers in 64-bit VM. lp64_product means flag is always constant in 32 bit VM
     bool UseCompressedOops                        = true                                 {lp64_product} {ergonomic}     Use 32-bit object references in 64-bit VM. lp64_product means flag is always constant in 32 bit VM
     bool UseG1GC                                  = true                                      {product} {ergonomic}     Use the Garbage-First garbage collector

Logging:
Log output configuration:
 #0: stdout all=warning uptime,level,tags
 #1: stderr all=off uptime,level,tags

Environment Variables:
JAVA_HOME=/home/dmitry/usr/local/java/jdk1.8.0
PATH=/bin:/home/dmitry/Downloads/LOOM/loom/build/linux-x86_64-server-slowdebug/jdk/bin:/usr/local/sbin:/usr/local/bin:/usr/sbin:/usr/bin:/sbin:/bin:/usr/games:/usr/local/games:/snap/bin
USERNAME=dmitry
SHELL=/bin/bash
DISPLAY=:0

Signal Handlers:
SIGSEGV: [libjvm.so+0x13a978f], sa_mask[0]=11111111011111111101111111111110, sa_flags=SA_RESTART|SA_SIGINFO
SIGBUS: [libjvm.so+0x13a978f], sa_mask[0]=11111111011111111101111111111110, sa_flags=SA_RESTART|SA_SIGINFO
SIGFPE: [libjvm.so+0x13a978f], sa_mask[0]=11111111011111111101111111111110, sa_flags=SA_RESTART|SA_SIGINFO
SIGPIPE: [libjvm.so+0x107aecc], sa_mask[0]=11111111011111111101111111111110, sa_flags=SA_RESTART|SA_SIGINFO
SIGXFSZ: [libjvm.so+0x107aecc], sa_mask[0]=11111111011111111101111111111110, sa_flags=SA_RESTART|SA_SIGINFO
SIGILL: [libjvm.so+0x13a978f], sa_mask[0]=11111111011111111101111111111110, sa_flags=SA_RESTART|SA_SIGINFO
SIGUSR2: [libjvm.so+0x107a6e7], sa_mask[0]=00100000000000000000000000000000, sa_flags=SA_RESTART|SA_SIGINFO
SIGHUP: [libjvm.so+0x1076502], sa_mask[0]=11111111011111111101111111111110, sa_flags=SA_RESTART|SA_SIGINFO
SIGINT: [libjvm.so+0x1076502], sa_mask[0]=11111111011111111101111111111110, sa_flags=SA_RESTART|SA_SIGINFO
SIGTERM: [libjvm.so+0x1076502], sa_mask[0]=11111111011111111101111111111110, sa_flags=SA_RESTART|SA_SIGINFO
SIGQUIT: [libjvm.so+0x1076502], sa_mask[0]=11111111011111111101111111111110, sa_flags=SA_RESTART|SA_SIGINFO


---------------  S Y S T E M  ---------------

OS:DISTRIB_ID=Ubuntu
DISTRIB_RELEASE=18.04
DISTRIB_CODENAME=bionic
DISTRIB_DESCRIPTION="Ubuntu 18.04.2 LTS"
uname:Linux dmitry-VirtualBox 4.18.0-21-generic #22~18.04.1-Ubuntu SMP Thu May 16 15:07:19 UTC 2019 x86_64
libc:glibc 2.27 NPTL 2.27 
rlimit: STACK 8192k, CORE 0k, NPROC 20272, NOFILE 4096, AS infinity, DATA infinity, FSIZE infinity
load average:3,25 2,38 1,95

/proc/meminfo:
MemTotal:        5234988 kB
MemFree:          278900 kB
MemAvailable:    2329256 kB
Buffers:          164552 kB
Cached:          1996136 kB
SwapCached:            0 kB
Active:          2899264 kB
Inactive:        1661108 kB
Active(anon):    1883436 kB
Inactive(anon):   570240 kB
Active(file):    1015828 kB
Inactive(file):  1090868 kB
Unevictable:          32 kB
Mlocked:              32 kB
SwapTotal:       2097148 kB
SwapFree:        2096624 kB
Dirty:               232 kB
Writeback:             0 kB
AnonPages:       2399836 kB
Mapped:           251148 kB
Shmem:             53992 kB
Slab:             277632 kB
SReclaimable:     234896 kB
SUnreclaim:        42736 kB
KernelStack:        9968 kB
PageTables:        35496 kB
NFS_Unstable:          0 kB
Bounce:                0 kB
WritebackTmp:          0 kB
CommitLimit:     4714640 kB
Committed_AS:    5634252 kB
VmallocTotal:   34359738367 kB
VmallocUsed:           0 kB
VmallocChunk:          0 kB
HardwareCorrupted:     0 kB
AnonHugePages:         0 kB
ShmemHugePages:        0 kB
ShmemPmdMapped:        0 kB
CmaTotal:              0 kB
CmaFree:               0 kB
HugePages_Total:       0
HugePages_Free:        0
HugePages_Rsvd:        0
HugePages_Surp:        0
Hugepagesize:       2048 kB
Hugetlb:               0 kB
DirectMap4k:      153536 kB
DirectMap2M:     5257216 kB


/proc/sys/kernel/threads-max (system-wide limit on the number of threads):
40544


/proc/sys/vm/max_map_count (maximum number of memory map areas a process may have):
65530


/proc/sys/kernel/pid_max (system-wide limit on number of process identifiers):
32768



container (cgroup) information:
container_type: cgroupv1
cpu_cpuset_cpus: 0-3
cpu_memory_nodes: 0
active_processor_count: 4
cpu_quota: no quota
cpu_period: 100000
cpu_shares: no shares
memory_limit_in_bytes: unlimited
memory_and_swap_limit_in_bytes: not supported
memory_soft_limit_in_bytes: unlimited
memory_usage_in_bytes: 4669841408
memory_max_usage_in_bytes: 2060288

KVM virtualization detected
Steal ticks since vm start: 0
Steal ticks percentage since vm start:  0,000

CPU:total 4 (initial active 4) (4 cores per cpu, 1 threads per core) family 6 model 60 stepping 3, cmov, cx8, fxsr, mmx, sse, sse2, sse3, ssse3, sse4.1, sse4.2, popcnt, avx, avx2, aes, clmul, lzcnt, tsc, tscinvbit
CPU Model and flags from /proc/cpuinfo:
model name	: Intel(R) Core(TM) i7-4700HQ CPU @ 2.40GHz
flags		: fpu vme de pse tsc msr pae mce cx8 apic sep mtrr pge mca cmov pat pse36 clflush mmx fxsr sse sse2 ht syscall nx rdtscp lm constant_tsc rep_good nopl xtopology nonstop_tsc cpuid tsc_known_freq pni pclmulqdq ssse3 cx16 pcid sse4_1 sse4_2 x2apic movbe popcnt aes xsave avx rdrand hypervisor lahf_lm abm invpcid_single pti fsgsbase avx2 invpcid flush_l1d

Memory: 4k page, physical 5234988k(278900k free), swap 2097148k(2096624k free)

vm_info: OpenJDK 64-Bit Server VM (slowdebug 13-internal+0-adhoc.dmitry.loom) for linux-amd64 JRE (13-internal+0-adhoc.dmitry.loom), built on Jun 13 2019 08:40:47 by "dmitry" with gcc 7.4.0

END.
