#
# A fatal error has been detected by the Java Runtime Environment:
#
#  SIGSEGV (0xb) at pc=0x00007fcf1d7beeca, pid=982, tid=1018
#
# JRE version: OpenJDK Runtime Environment (13.0) (build 13-internal+0-adhoc.dmitry.loom)
# Java VM: OpenJDK 64-Bit Server VM (13-internal+0-adhoc.dmitry.loom, mixed mode, tiered, compressed oops, g1 gc, linux-amd64)
# Problematic frame:
# V  [libjvm.so+0x683eca]  ContMirror::read()+0x1a
#
# Core dump will be written. Default location: Core dumps may be processed with "/usr/share/apport/apport %p %s %c %d %P" (or dumping to /home/dmitry/Downloads/LoadDetector/core.982)
#
# If you would like to submit a bug report, please visit:
#   http://bugreport.java.com/bugreport/crash.jsp
#

---------------  S U M M A R Y ------------

Command Line: -Didea.launcher.port=31639 -Didea.launcher.bin.path=/home/dmitry/Downloads/idea-IC-183.5912.21/bin -Dfile.encoding=UTF-8 com.intellij.rt.execution.application.AppMainV2 Main

Host: Intel(R) Core(TM) i7-4700HQ CPU @ 2.40GHz, 4 cores, 4G, Ubuntu 18.04.2 LTS
Time: Wed May 15 17:16:23 2019 MSK elapsed time: 2 seconds (0d 0h 0m 2s)

---------------  T H R E A D  ---------------

Current thread (0x00007fcf182bd800):  JavaThread "Thread-1" [_thread_in_vm, id=1018, stack(0x00007fcef49fe000,0x00007fcef4aff000)]

Stack: [0x00007fcef49fe000,0x00007fcef4aff000],  sp=0x00007fcef4afb1c0,  free space=1012k
Native frames: (J=compiled Java code, A=aot compiled Java code, j=interpreted, Vv=VM code, C=native code)
V  [libjvm.so+0x683eca]  ContMirror::read()+0x1a
V  [libjvm.so+0x688b27]  Continuation::freeze0(JavaThread*, FrameInfo*, bool) [clone .part.304]+0x507
V  [libjvm.so+0x689277]  Continuation::freeze(JavaThread*, FrameInfo*)+0x127
v  ~RuntimeStub::cont_doYield
C  0x00007fcef4afd890

Java frames: (J=compiled Java code, j=interpreted, Vv=VM code)
v  ~RuntimeStub::cont_doYield
j  java.lang.Continuation.yield0(Ljava/lang/ContinuationScope;Ljava/lang/Continuation;)Z+60 java.base
j  java.lang.Continuation.pause(Ljava/lang/ContinuationScope;)Z+3 java.base
j  Main.lambda$main$1(Ljava/lang/Continuation;Ljava/lang/Thread;)V+24
j  Main$$Lambda$38.run()V+8
j  java.lang.Thread.run()V+11 java.base
v  ~StubRoutines::call_stub

siginfo: si_signo: 11 (SIGSEGV), si_code: 1 (SEGV_MAPERR), si_addr: 0x0000000000000020

Register to memory mapping:

RAX=0x0000000000000020 is an unknown value
RBX=0x00007fcef4afc560 is pointing into the stack for thread: 0x00007fcf182bd800
RCX=0x00007fcf08beec98 is pointing into interpreter code (not bytecode specific)
RDX=0x00007fcf1e7b9b58: <offset 0x000000000167eb58> in /home/dmitry/Downloads/LOOM/loom/build/linux-x86_64-server-release/jdk/lib/server/libjvm.so at 0x00007fcf1d13b000
RSP=0x00007fcef4afb1c0 is pointing into the stack for thread: 0x00007fcf182bd800
RBP=0x00007fcef4afb1d0 is pointing into the stack for thread: 0x00007fcf182bd800
RSI=0x00007fcef4afd840 is pointing into the stack for thread: 0x00007fcf182bd800
RDI=0x0 is NULL
R8 =0x00007fcf08bdb000 points into unknown readable memory: 04 00 00 00 00 00 00 00
R9 =0x000000000000000b is an unknown value
R10=0x0000000000000800 is an unknown value
R11=0x0000000000000400 is an unknown value
R12=0x00007fced00dcaf0 points into unknown readable memory: 00 00 00 00 00 00 00 00
R13=0x00007fcef4afc560 is pointing into the stack for thread: 0x00007fcf182bd800
R14=0x00007fcf182b3300 points into unknown readable memory: 02 00 00 00 cf 7f 00 00
R15=0x00007fcef4afd818 is pointing into the stack for thread: 0x00007fcf182bd800


Registers:
RAX=0x0000000000000020, RBX=0x00007fcef4afc560, RCX=0x00007fcf08beec98, RDX=0x00007fcf1e7b9b58
RSP=0x00007fcef4afb1c0, RBP=0x00007fcef4afb1d0, RSI=0x00007fcef4afd840, RDI=0x0000000000000000
R8 =0x00007fcf08bdb000, R9 =0x000000000000000b, R10=0x0000000000000800, R11=0x0000000000000400
R12=0x00007fced00dcaf0, R13=0x00007fcef4afc560, R14=0x00007fcf182b3300, R15=0x00007fcef4afd818
RIP=0x00007fcf1d7beeca, EFLAGS=0x0000000000010206, CSGSFS=0x002b000000000033, ERR=0x0000000000000004
  TRAPNO=0x000000000000000e

Top of Stack: (sp=0x00007fcef4afb1c0)
0x00007fcef4afb1c0:   00007fcf08bf19b0 00007fcf182bd800
0x00007fcef4afb1d0:   00007fcef4afd7d0 00007fcf1d7c3b27
0x00007fcef4afb1e0:   00007fcf182bd800 00007fcef4afb2e0
0x00007fcef4afb1f0:   0000000000000000 00007fcf1e7b7220 

Instructions: (pc=0x00007fcf1d7beeca)
0x00007fcf1d7bedca:   08 48 63 00 89 0c 02 48 8d 05 fc e4 fd 00 48 8b
0x00007fcf1d7bedda:   4b 30 48 8b 53 08 48 63 00 48 89 0c 02 48 8d 05
0x00007fcf1d7bedea:   de e4 fd 00 48 8b 53 08 48 8b 4b 38 48 63 00 48
0x00007fcf1d7bedfa:   89 0c 02 48 8d 05 c4 e4 fd 00 8b 4b 60 48 8b 53
0x00007fcf1d7bee0a:   08 48 63 00 89 0c 02 48 8d 05 c8 e4 fd 00 48 8b
0x00007fcf1d7bee1a:   53 08 48 8b 4b 10 48 63 00 48 89 0c 02 48 8d 05
0x00007fcf1d7bee2a:   ae e4 fd 00 48 8b 4b 18 48 8b 53 08 48 63 00 48
0x00007fcf1d7bee3a:   89 0c 02 48 8d 05 94 e4 fd 00 48 63 00 48 8b 53
0x00007fcf1d7bee4a:   08 48 8b 4b 20 48 89 0c 02 48 8d 05 9e e4 fd 00
0x00007fcf1d7bee5a:   48 8b 53 08 48 8b 4b 58 48 63 00 89 0c 02 48 8d
0x00007fcf1d7bee6a:   05 51 e4 fd 00 0f b6 4b 70 48 8b 53 08 48 63 00
0x00007fcf1d7bee7a:   88 0c 02 48 8d 05 70 e4 fd 00 0f b7 4b 74 48 8b
0x00007fcf1d7bee8a:   53 08 48 63 00 66 89 0c 02 48 8d 05 56 e4 fd 00
0x00007fcf1d7bee9a:   0f b7 4b 72 48 8b 53 08 48 63 00 66 89 0c 02 48
0x00007fcf1d7beeaa:   83 c4 08 5b 5d c3 55 48 89 e5 53 48 89 fb 48 83
0x00007fcf1d7beeba:   ec 08 48 8d 05 1d e4 fd 00 48 8b 7f 08 48 63 00
0x00007fcf1d7beeca:   48 8b 04 38 48 89 43 10 48 8d 05 03 e4 fd 00 48
0x00007fcf1d7beeda:   63 00 48 8b 04 38 48 89 43 18 48 8d 05 ed e3 fd
0x00007fcf1d7beeea:   00 48 63 00 48 8b 04 38 48 89 43 20 48 8d 05 d3
0x00007fcf1d7beefa:   e3 fd 00 48 63 00 8b 04 38 89 43 28 48 8d 05 c7
0x00007fcf1d7bef0a:   e3 fd 00 48 63 00 48 8b 04 38 48 89 43 30 48 8d
0x00007fcf1d7bef1a:   05 ad e3 fd 00 48 63 00 48 8b 04 38 48 89 43 38
0x00007fcf1d7bef2a:   48 8d 05 cb e3 fd 00 48 63 30 ff 15 06 41 f7 00
0x00007fcf1d7bef3a:   48 85 c0 48 89 43 40 0f 84 b9 01 00 00 48 8d 15
0x00007fcf1d7bef4a:   8e c8 fd 00 80 3a 01 48 19 c9 83 e1 04 80 3a 01
0x00007fcf1d7bef5a:   8b 4c 08 0c 48 19 d2 89 4b 48 83 e2 08 48 8d 44
0x00007fcf1d7bef6a:   10 10 48 89 43 50 48 8d 05 81 e3 fd 00 48 8b 7b
0x00007fcf1d7bef7a:   08 48 63 00 48 63 04 07 48 89 43 58 48 8d 05 5f
0x00007fcf1d7bef8a:   e3 fd 00 48 63 30 ff 15 aa 40 f7 00 48 8d 15 2b
0x00007fcf1d7bef9a:   e3 fd 00 48 89 43 68 48 8b 43 08 48 83 3d 83 ad
0x00007fcf1d7befaa:   fb 00 00 48 63 12 8b 14 02 89 53 60 48 8d 15 03
0x00007fcf1d7befba:   e3 fd 00 48 63 12 0f b6 14 02 88 53 70 48 8d 15 


Stack slot to memory mapping:
stack at sp + 0 slots: 0x00007fcf08bf19b0 is at code_begin+1584 in an Interpreter codelet
invoke return entry points  [0x00007fcf08bf1380, 0x00007fcf08bf2540]  4544 bytes
stack at sp + 1 slots: 0x00007fcf182bd800 is a thread
stack at sp + 2 slots: 0x00007fcef4afd7d0 is pointing into the stack for thread: 0x00007fcf182bd800
stack at sp + 3 slots: 0x00007fcf1d7c3b27: <offset 0x0000000000688b27> in /home/dmitry/Downloads/LOOM/loom/build/linux-x86_64-server-release/jdk/lib/server/libjvm.so at 0x00007fcf1d13b000
stack at sp + 4 slots: 0x00007fcf182bd800 is a thread
stack at sp + 5 slots: 0x00007fcef4afb2e0 is pointing into the stack for thread: 0x00007fcf182bd800
stack at sp + 6 slots: 0x0 is NULL
stack at sp + 7 slots: 0x00007fcf1e7b7220: <offset 0x000000000167c220> in /home/dmitry/Downloads/LOOM/loom/build/linux-x86_64-server-release/jdk/lib/server/libjvm.so at 0x00007fcf1d13b000


---------------  P R O C E S S  ---------------

Threads class SMR info:
_java_thread_list=0x00007fcecc0abf50, length=13, elements={
0x00007fcf1813b000, 0x00007fcf1813e000, 0x00007fcf18160000, 0x00007fcf18165000,
0x00007fcf18167000, 0x00007fcf18169000, 0x00007fcf18199800, 0x00007fcf182b3800,
0x00007fcf182ce800, 0x00007fcf182bd800, 0x00007fcf182da000, 0x00007fcf18016800,
0x00007fced8001000
}

Java Threads: ( => current thread )
  0x00007fcf1813b000 JavaThread "Reference Handler" daemon [_thread_blocked, id=999, stack(0x00007fcf0437f000,0x00007fcf04480000)]
  0x00007fcf1813e000 JavaThread "Finalizer" daemon [_thread_blocked, id=1000, stack(0x00007fcf0427e000,0x00007fcf0437f000)]
  0x00007fcf18160000 JavaThread "Signal Dispatcher" daemon [_thread_blocked, id=1005, stack(0x00007fcf0417d000,0x00007fcf0427e000)]
  0x00007fcf18165000 JavaThread "C2 CompilerThread0" daemon [_thread_blocked, id=1006, stack(0x00007fcf0407c000,0x00007fcf0417d000)]
  0x00007fcf18167000 JavaThread "C1 CompilerThread0" daemon [_thread_blocked, id=1007, stack(0x00007fcef5530000,0x00007fcef5631000)]
  0x00007fcf18169000 JavaThread "Sweeper thread" daemon [_thread_blocked, id=1008, stack(0x00007fcef542f000,0x00007fcef5530000)]
  0x00007fcf18199800 JavaThread "Common-Cleaner" daemon [_thread_blocked, id=1010, stack(0x00007fcef4f04000,0x00007fcef5005000)]
  0x00007fcf182b3800 JavaThread "Service Thread" daemon [_thread_blocked, id=1015, stack(0x00007fcef4d02000,0x00007fcef4e03000)]
  0x00007fcf182ce800 JavaThread "Monitor Ctrl-Break" daemon [_thread_in_native, id=1017, stack(0x00007fcef4aff000,0x00007fcef4c00000)]
=>0x00007fcf182bd800 JavaThread "Thread-1" [_thread_in_vm, id=1018, stack(0x00007fcef49fe000,0x00007fcef4aff000)]
  0x00007fcf182da000 JavaThread "Thread-0" [_thread_blocked, id=1019, stack(0x00007fcef48fd000,0x00007fcef49fe000)]
  0x00007fcf18016800 JavaThread "DestroyJavaVM" [_thread_blocked, id=984, stack(0x00007fcf1f53f000,0x00007fcf1f640000)]
  0x00007fced8001000 JavaThread "Attach Listener" daemon [_thread_blocked, id=1020, stack(0x00007fcef45f9000,0x00007fcef46fa000)]

Other Threads:
  0x00007fcf1812e800 VMThread "VM Thread" [stack: 0x00007fcf04482000,0x00007fcf04582000] [id=998] _threads_hazard_ptr=0x00007fcecc0abf50
  0x00007fcf182b7800 WatcherThread [stack: 0x00007fcef4c02000,0x00007fcef4d02000] [id=1016]
  0x00007fcf1805a800 GCTaskThread "GC Thread#0" [stack: 0x00007fcf0566c000,0x00007fcf0576c000] [id=990]
  0x00007fcf18064000 ConcurrentGCThread "G1 Main Marker" [stack: 0x00007fcf0556a000,0x00007fcf0566a000] [id=991]
  0x00007fcf18066000 ConcurrentGCThread "G1 Conc#0" [stack: 0x00007fcf05468000,0x00007fcf05568000] [id=992]
  0x00007fcf180ba000 ConcurrentGCThread "G1 Refine#0" [stack: 0x00007fcf04f62000,0x00007fcf05062000] [id=993]
  0x00007fcf180bc000 ConcurrentGCThread "G1 Young RemSet Sampling" [stack: 0x00007fcf04e60000,0x00007fcf04f60000] [id=994]

Threads with active compile tasks:

VM state:synchronizing (normal execution)

VM Mutex/Monitor currently owned by a thread:  ([mutex/lock_event])
[0x00007fcf18011ce0] Threads_lock - owner thread: 0x00007fcf1812e800

Heap address: 0x00000000b0000000, size: 1280 MB, Compressed Oops mode: 32-bit
Narrow klass base: 0x0000000000000000, Narrow klass shift: 3
Compressed class space size: 1073741824 Address: 0x0000000100000000

Heap:
 garbage-first heap   total 81920K, used 8192K [0x00000000b0000000, 0x0000000100000000)
  region size 1024K, 9 young (9216K), 0 survivors (0K)
 Metaspace       used 8241K, capacity 8387K, committed 8576K, reserved 1056768K
  class space    used 732K, capacity 794K, committed 896K, reserved 1048576K
Heap Regions: E=young(eden), S=young(survivor), O=old, HS=humongous(starts), HC=humongous(continues), CS=collection set, F=free, A=archive, TAMS=top-at-mark-start (previous, next)
|   0|0x00000000b0000000, 0x00000000b0000000, 0x00000000b0100000|  0%| F|  |TAMS 0x00000000b0000000, 0x00000000b0000000| Untracked 
|   1|0x00000000b0100000, 0x00000000b0100000, 0x00000000b0200000|  0%| F|  |TAMS 0x00000000b0100000, 0x00000000b0100000| Untracked 
|   2|0x00000000b0200000, 0x00000000b0200000, 0x00000000b0300000|  0%| F|  |TAMS 0x00000000b0200000, 0x00000000b0200000| Untracked 
|   3|0x00000000b0300000, 0x00000000b0300000, 0x00000000b0400000|  0%| F|  |TAMS 0x00000000b0300000, 0x00000000b0300000| Untracked 
|   4|0x00000000b0400000, 0x00000000b0400000, 0x00000000b0500000|  0%| F|  |TAMS 0x00000000b0400000, 0x00000000b0400000| Untracked 
|   5|0x00000000b0500000, 0x00000000b0500000, 0x00000000b0600000|  0%| F|  |TAMS 0x00000000b0500000, 0x00000000b0500000| Untracked 
|   6|0x00000000b0600000, 0x00000000b0600000, 0x00000000b0700000|  0%| F|  |TAMS 0x00000000b0600000, 0x00000000b0600000| Untracked 
|   7|0x00000000b0700000, 0x00000000b0700000, 0x00000000b0800000|  0%| F|  |TAMS 0x00000000b0700000, 0x00000000b0700000| Untracked 
|   8|0x00000000b0800000, 0x00000000b0800000, 0x00000000b0900000|  0%| F|  |TAMS 0x00000000b0800000, 0x00000000b0800000| Untracked 
|   9|0x00000000b0900000, 0x00000000b0900000, 0x00000000b0a00000|  0%| F|  |TAMS 0x00000000b0900000, 0x00000000b0900000| Untracked 
|  10|0x00000000b0a00000, 0x00000000b0a00000, 0x00000000b0b00000|  0%| F|  |TAMS 0x00000000b0a00000, 0x00000000b0a00000| Untracked 
|  11|0x00000000b0b00000, 0x00000000b0b00000, 0x00000000b0c00000|  0%| F|  |TAMS 0x00000000b0b00000, 0x00000000b0b00000| Untracked 
|  12|0x00000000b0c00000, 0x00000000b0c00000, 0x00000000b0d00000|  0%| F|  |TAMS 0x00000000b0c00000, 0x00000000b0c00000| Untracked 
|  13|0x00000000b0d00000, 0x00000000b0d00000, 0x00000000b0e00000|  0%| F|  |TAMS 0x00000000b0d00000, 0x00000000b0d00000| Untracked 
|  14|0x00000000b0e00000, 0x00000000b0e00000, 0x00000000b0f00000|  0%| F|  |TAMS 0x00000000b0e00000, 0x00000000b0e00000| Untracked 
|  15|0x00000000b0f00000, 0x00000000b0f00000, 0x00000000b1000000|  0%| F|  |TAMS 0x00000000b0f00000, 0x00000000b0f00000| Untracked 
|  16|0x00000000b1000000, 0x00000000b1000000, 0x00000000b1100000|  0%| F|  |TAMS 0x00000000b1000000, 0x00000000b1000000| Untracked 
|  17|0x00000000b1100000, 0x00000000b1100000, 0x00000000b1200000|  0%| F|  |TAMS 0x00000000b1100000, 0x00000000b1100000| Untracked 
|  18|0x00000000b1200000, 0x00000000b1200000, 0x00000000b1300000|  0%| F|  |TAMS 0x00000000b1200000, 0x00000000b1200000| Untracked 
|  19|0x00000000b1300000, 0x00000000b1300000, 0x00000000b1400000|  0%| F|  |TAMS 0x00000000b1300000, 0x00000000b1300000| Untracked 
|  20|0x00000000b1400000, 0x00000000b1400000, 0x00000000b1500000|  0%| F|  |TAMS 0x00000000b1400000, 0x00000000b1400000| Untracked 
|  21|0x00000000b1500000, 0x00000000b1500000, 0x00000000b1600000|  0%| F|  |TAMS 0x00000000b1500000, 0x00000000b1500000| Untracked 
|  22|0x00000000b1600000, 0x00000000b1600000, 0x00000000b1700000|  0%| F|  |TAMS 0x00000000b1600000, 0x00000000b1600000| Untracked 
|  23|0x00000000b1700000, 0x00000000b1700000, 0x00000000b1800000|  0%| F|  |TAMS 0x00000000b1700000, 0x00000000b1700000| Untracked 
|  24|0x00000000b1800000, 0x00000000b1800000, 0x00000000b1900000|  0%| F|  |TAMS 0x00000000b1800000, 0x00000000b1800000| Untracked 
|  25|0x00000000b1900000, 0x00000000b1900000, 0x00000000b1a00000|  0%| F|  |TAMS 0x00000000b1900000, 0x00000000b1900000| Untracked 
|  26|0x00000000b1a00000, 0x00000000b1a00000, 0x00000000b1b00000|  0%| F|  |TAMS 0x00000000b1a00000, 0x00000000b1a00000| Untracked 
|  27|0x00000000b1b00000, 0x00000000b1b00000, 0x00000000b1c00000|  0%| F|  |TAMS 0x00000000b1b00000, 0x00000000b1b00000| Untracked 
|  28|0x00000000b1c00000, 0x00000000b1c00000, 0x00000000b1d00000|  0%| F|  |TAMS 0x00000000b1c00000, 0x00000000b1c00000| Untracked 
|  29|0x00000000b1d00000, 0x00000000b1d00000, 0x00000000b1e00000|  0%| F|  |TAMS 0x00000000b1d00000, 0x00000000b1d00000| Untracked 
|  30|0x00000000b1e00000, 0x00000000b1e00000, 0x00000000b1f00000|  0%| F|  |TAMS 0x00000000b1e00000, 0x00000000b1e00000| Untracked 
|  31|0x00000000b1f00000, 0x00000000b1f00000, 0x00000000b2000000|  0%| F|  |TAMS 0x00000000b1f00000, 0x00000000b1f00000| Untracked 
|  32|0x00000000b2000000, 0x00000000b2000000, 0x00000000b2100000|  0%| F|  |TAMS 0x00000000b2000000, 0x00000000b2000000| Untracked 
|  33|0x00000000b2100000, 0x00000000b2100000, 0x00000000b2200000|  0%| F|  |TAMS 0x00000000b2100000, 0x00000000b2100000| Untracked 
|  34|0x00000000b2200000, 0x00000000b2200000, 0x00000000b2300000|  0%| F|  |TAMS 0x00000000b2200000, 0x00000000b2200000| Untracked 
|  35|0x00000000b2300000, 0x00000000b2300000, 0x00000000b2400000|  0%| F|  |TAMS 0x00000000b2300000, 0x00000000b2300000| Untracked 
|  36|0x00000000b2400000, 0x00000000b2400000, 0x00000000b2500000|  0%| F|  |TAMS 0x00000000b2400000, 0x00000000b2400000| Untracked 
|  37|0x00000000b2500000, 0x00000000b2500000, 0x00000000b2600000|  0%| F|  |TAMS 0x00000000b2500000, 0x00000000b2500000| Untracked 
|  38|0x00000000b2600000, 0x00000000b2600000, 0x00000000b2700000|  0%| F|  |TAMS 0x00000000b2600000, 0x00000000b2600000| Untracked 
|  39|0x00000000b2700000, 0x00000000b2700000, 0x00000000b2800000|  0%| F|  |TAMS 0x00000000b2700000, 0x00000000b2700000| Untracked 
|  40|0x00000000b2800000, 0x00000000b2800000, 0x00000000b2900000|  0%| F|  |TAMS 0x00000000b2800000, 0x00000000b2800000| Untracked 
|  41|0x00000000b2900000, 0x00000000b2900000, 0x00000000b2a00000|  0%| F|  |TAMS 0x00000000b2900000, 0x00000000b2900000| Untracked 
|  42|0x00000000b2a00000, 0x00000000b2a00000, 0x00000000b2b00000|  0%| F|  |TAMS 0x00000000b2a00000, 0x00000000b2a00000| Untracked 
|  43|0x00000000b2b00000, 0x00000000b2b00000, 0x00000000b2c00000|  0%| F|  |TAMS 0x00000000b2b00000, 0x00000000b2b00000| Untracked 
|  44|0x00000000b2c00000, 0x00000000b2c00000, 0x00000000b2d00000|  0%| F|  |TAMS 0x00000000b2c00000, 0x00000000b2c00000| Untracked 
|  45|0x00000000b2d00000, 0x00000000b2d00000, 0x00000000b2e00000|  0%| F|  |TAMS 0x00000000b2d00000, 0x00000000b2d00000| Untracked 
|  46|0x00000000b2e00000, 0x00000000b2e00000, 0x00000000b2f00000|  0%| F|  |TAMS 0x00000000b2e00000, 0x00000000b2e00000| Untracked 
|  47|0x00000000b2f00000, 0x00000000b2f00000, 0x00000000b3000000|  0%| F|  |TAMS 0x00000000b2f00000, 0x00000000b2f00000| Untracked 
|  48|0x00000000b3000000, 0x00000000b3000000, 0x00000000b3100000|  0%| F|  |TAMS 0x00000000b3000000, 0x00000000b3000000| Untracked 
|  49|0x00000000b3100000, 0x00000000b3100000, 0x00000000b3200000|  0%| F|  |TAMS 0x00000000b3100000, 0x00000000b3100000| Untracked 
|  50|0x00000000b3200000, 0x00000000b3200000, 0x00000000b3300000|  0%| F|  |TAMS 0x00000000b3200000, 0x00000000b3200000| Untracked 
|  51|0x00000000b3300000, 0x00000000b3300000, 0x00000000b3400000|  0%| F|  |TAMS 0x00000000b3300000, 0x00000000b3300000| Untracked 
|  52|0x00000000b3400000, 0x00000000b3400000, 0x00000000b3500000|  0%| F|  |TAMS 0x00000000b3400000, 0x00000000b3400000| Untracked 
|  53|0x00000000b3500000, 0x00000000b3500000, 0x00000000b3600000|  0%| F|  |TAMS 0x00000000b3500000, 0x00000000b3500000| Untracked 
|  54|0x00000000b3600000, 0x00000000b3600000, 0x00000000b3700000|  0%| F|  |TAMS 0x00000000b3600000, 0x00000000b3600000| Untracked 
|  55|0x00000000b3700000, 0x00000000b3700000, 0x00000000b3800000|  0%| F|  |TAMS 0x00000000b3700000, 0x00000000b3700000| Untracked 
|  56|0x00000000b3800000, 0x00000000b3800000, 0x00000000b3900000|  0%| F|  |TAMS 0x00000000b3800000, 0x00000000b3800000| Untracked 
|  57|0x00000000b3900000, 0x00000000b3900000, 0x00000000b3a00000|  0%| F|  |TAMS 0x00000000b3900000, 0x00000000b3900000| Untracked 
|  58|0x00000000b3a00000, 0x00000000b3a00000, 0x00000000b3b00000|  0%| F|  |TAMS 0x00000000b3a00000, 0x00000000b3a00000| Untracked 
|  59|0x00000000b3b00000, 0x00000000b3b00000, 0x00000000b3c00000|  0%| F|  |TAMS 0x00000000b3b00000, 0x00000000b3b00000| Untracked 
|  60|0x00000000b3c00000, 0x00000000b3c00000, 0x00000000b3d00000|  0%| F|  |TAMS 0x00000000b3c00000, 0x00000000b3c00000| Untracked 
|  61|0x00000000b3d00000, 0x00000000b3d00000, 0x00000000b3e00000|  0%| F|  |TAMS 0x00000000b3d00000, 0x00000000b3d00000| Untracked 
|  62|0x00000000b3e00000, 0x00000000b3e00000, 0x00000000b3f00000|  0%| F|  |TAMS 0x00000000b3e00000, 0x00000000b3e00000| Untracked 
|  63|0x00000000b3f00000, 0x00000000b3f00000, 0x00000000b4000000|  0%| F|  |TAMS 0x00000000b3f00000, 0x00000000b3f00000| Untracked 
|  64|0x00000000b4000000, 0x00000000b4000000, 0x00000000b4100000|  0%| F|  |TAMS 0x00000000b4000000, 0x00000000b4000000| Untracked 
|  65|0x00000000b4100000, 0x00000000b4100000, 0x00000000b4200000|  0%| F|  |TAMS 0x00000000b4100000, 0x00000000b4100000| Untracked 
|  66|0x00000000b4200000, 0x00000000b4200000, 0x00000000b4300000|  0%| F|  |TAMS 0x00000000b4200000, 0x00000000b4200000| Untracked 
|  67|0x00000000b4300000, 0x00000000b4300000, 0x00000000b4400000|  0%| F|  |TAMS 0x00000000b4300000, 0x00000000b4300000| Untracked 
|  68|0x00000000b4400000, 0x00000000b4400000, 0x00000000b4500000|  0%| F|  |TAMS 0x00000000b4400000, 0x00000000b4400000| Untracked 
|  69|0x00000000b4500000, 0x00000000b4500000, 0x00000000b4600000|  0%| F|  |TAMS 0x00000000b4500000, 0x00000000b4500000| Untracked 
|  70|0x00000000b4600000, 0x00000000b4600000, 0x00000000b4700000|  0%| F|  |TAMS 0x00000000b4600000, 0x00000000b4600000| Untracked 
|  71|0x00000000b4700000, 0x00000000b47d9e70, 0x00000000b4800000| 85%| E|  |TAMS 0x00000000b4700000, 0x00000000b4700000| Complete 
|  72|0x00000000b4800000, 0x00000000b4900000, 0x00000000b4900000|100%| E|CS|TAMS 0x00000000b4800000, 0x00000000b4800000| Complete 
|  73|0x00000000b4900000, 0x00000000b4a00000, 0x00000000b4a00000|100%| E|CS|TAMS 0x00000000b4900000, 0x00000000b4900000| Complete 
|  74|0x00000000b4a00000, 0x00000000b4b00000, 0x00000000b4b00000|100%| E|CS|TAMS 0x00000000b4a00000, 0x00000000b4a00000| Complete 
|  75|0x00000000b4b00000, 0x00000000b4c00000, 0x00000000b4c00000|100%| E|CS|TAMS 0x00000000b4b00000, 0x00000000b4b00000| Complete 
|  76|0x00000000b4c00000, 0x00000000b4d00000, 0x00000000b4d00000|100%| E|CS|TAMS 0x00000000b4c00000, 0x00000000b4c00000| Complete 
|  77|0x00000000b4d00000, 0x00000000b4e00000, 0x00000000b4e00000|100%| E|CS|TAMS 0x00000000b4d00000, 0x00000000b4d00000| Complete 
|  78|0x00000000b4e00000, 0x00000000b4f00000, 0x00000000b4f00000|100%| E|CS|TAMS 0x00000000b4e00000, 0x00000000b4e00000| Complete 
|  79|0x00000000b4f00000, 0x00000000b5000000, 0x00000000b5000000|100%| E|CS|TAMS 0x00000000b4f00000, 0x00000000b4f00000| Complete 

Card table byte_map: [0x00007fcf081ec000,0x00007fcf0846c000] _byte_map_base: 0x00007fcf07c6c000

Marking Bits (Prev, Next): (CMBitMap*) 0x00007fcf1805b9d8, (CMBitMap*) 0x00007fcf1805ba18
 Prev Bits: [0x00007fcf06b6c000, 0x00007fcf07f6c000)
 Next Bits: [0x00007fcf0576c000, 0x00007fcf06b6c000)

Polling page: 0x00007fcf1f653000

Metaspace:

Usage:
  Non-class:      7,42 MB capacity,     7,33 MB ( 99%) used,    71,88 KB ( <1%) free+waste,    12,19 KB ( <1%) overhead. 
      Class:    794,00 KB capacity,   732,96 KB ( 92%) used,    55,10 KB (  7%) free+waste,     5,94 KB ( <1%) overhead. 
       Both:      8,19 MB capacity,     8,05 MB ( 98%) used,   126,98 KB (  2%) free+waste,    18,12 KB ( <1%) overhead. 

Virtual space:
  Non-class space:        8,00 MB reserved,       7,50 MB ( 94%) committed 
      Class space:        1,00 GB reserved,     896,00 KB ( <1%) committed 
             Both:        1,01 GB reserved,       8,38 MB ( <1%) committed 

Chunk freelists:
   Non-Class:  31,00 KB
       Class:  6,00 KB
        Both:  37,00 KB

MaxMetaspaceSize: unlimited
CompressedClassSpaceSize: 1,00 GB

CodeHeap 'non-profiled nmethods': size=120032Kb used=219Kb max_used=219Kb free=119812Kb
 bounds [0x00007fcf106a3000, 0x00007fcf10913000, 0x00007fcf17bdb000]
CodeHeap 'profiled nmethods': size=120032Kb used=958Kb max_used=958Kb free=119073Kb
 bounds [0x00007fcf0916b000, 0x00007fcf093db000, 0x00007fcf106a3000]
CodeHeap 'non-nmethods': size=5696Kb used=1117Kb max_used=1138Kb free=4578Kb
 bounds [0x00007fcf08bdb000, 0x00007fcf08e4b000, 0x00007fcf0916b000]
 total_blobs=1128 nmethods=603 adapters=257
 compilation: enabled
              stopped_count=0, restarted_count=0
 full_count=0

Compilation events (10 events):
Event: 1,312 Thread 0x00007fcf18167000 nmethod 595 0x00007fcf09259910 code [0x00007fcf09259b00, 0x00007fcf09259e98]
Event: 1,312 Thread 0x00007fcf18167000  597       3       jdk.internal.ref.CleanerImpl::getCleanerImpl (13 bytes)
Event: 1,312 Thread 0x00007fcf18167000 nmethod 597 0x00007fcf0925a010 code [0x00007fcf0925a1c0, 0x00007fcf0925a4c8]
Event: 1,312 Thread 0x00007fcf18167000  598       3       java.lang.ref.Cleaner$1::apply (9 bytes)
Event: 1,313 Thread 0x00007fcf18167000 nmethod 598 0x00007fcf0925a590 code [0x00007fcf0925a740, 0x00007fcf0925a9f0]
Event: 1,313 Thread 0x00007fcf18167000  596       1       sun.util.locale.BaseLocale::getLanguage (5 bytes)
Event: 1,313 Thread 0x00007fcf18167000 nmethod 596 0x00007fcf106d6390 code [0x00007fcf106d6520, 0x00007fcf106d6630]
Event: 1,313 Thread 0x00007fcf18167000  599       1       java.lang.invoke.MethodTypeForm::basicType (5 bytes)
Event: 1,313 Thread 0x00007fcf18167000 nmethod 599 0x00007fcf106d6690 code [0x00007fcf106d6820, 0x00007fcf106d6930]
Event: 1,333 Thread 0x00007fcf18165000 nmethod 580 0x00007fcf106d6990 code [0x00007fcf106d6c00, 0x00007fcf106d9020]

GC Heap History (0 events):
No events

Deoptimization events (4 events):
Event: 0,812 Thread 0x00007fcf18016800 Uncommon trap: reason=unstable_if action=reinterpret pc=0x00007fcf106b60b0 method=java.io.DataInputStream.readUTF(Ljava/io/DataInput;)Ljava/lang/String; @ 31 c2
Event: 0,920 Thread 0x00007fcf18016800 Uncommon trap: reason=unstable_if action=reinterpret pc=0x00007fcf106bab1c method=java.util.HashMap.putVal(ILjava/lang/Object;Ljava/lang/Object;ZZ)Ljava/lang/Object; @ 236 c2
Event: 1,036 Thread 0x00007fcf182ce800 Uncommon trap: reason=unstable_if action=reinterpret pc=0x00007fcf106c1c1c method=java.net.URI.match(CJJ)Z @ 19 c2
Event: 1,297 Thread 0x00007fced8001000 Uncommon trap: reason=unstable_if action=reinterpret pc=0x00007fcf106d5294 method=java.lang.StringLatin1.indexOf([BI[BII)I @ 91 c2

Classes unloaded (0 events):
No events

Classes redefined (0 events):
No events

Internal exceptions (10 events):
Event: 0,526 Thread 0x00007fcf18016800 Exception <a 'java/lang/NoSuchMethodError'{0x00000000b4c0fbd0}: 'java.lang.Object java.lang.invoke.DirectMethodHandle$Holder.invokeInterface(java.lang.Object, java.lang.Object)'> (0x00000000b4c0fbd0) 
thrown [/home/dmitry/Downloads/LOOM/loom/src/hotspot/share/interpreter/linkResolver.cpp, line 768]
for thread 0x00007fcf18016800
Event: 0,543 Thread 0x00007fcf18016800 Exception <a 'java/lang/NoSuchMethodError'{0x00000000b4c16798}: 'int java.lang.invoke.DirectMethodHandle$Holder.invokeStatic(java.lang.Object, java.lang.Object)'> (0x00000000b4c16798) 
thrown [/home/dmitry/Downloads/LOOM/loom/src/hotspot/share/interpreter/linkResolver.cpp, line 768]
for thread 0x00007fcf18016800
Event: 0,563 Thread 0x00007fcf18016800 Exception <a 'java/lang/NoSuchMethodError'{0x00000000b4c20dd8}: 'java.lang.Object java.lang.invoke.DirectMethodHandle$Holder.invokeVirtual(java.lang.Object, java.lang.Object)'> (0x00000000b4c20dd8) 
thrown [/home/dmitry/Downloads/LOOM/loom/src/hotspot/share/interpreter/linkResolver.cpp, line 768]
for thread 0x00007fcf18016800
Event: 0,571 Thread 0x00007fcf18016800 Exception <a 'java/lang/NoSuchMethodError'{0x00000000b4c289a0}: 'int java.lang.invoke.DirectMethodHandle$Holder.invokeSpecial(java.lang.Object, java.lang.Object)'> (0x00000000b4c289a0) 
thrown [/home/dmitry/Downloads/LOOM/loom/src/hotspot/share/interpreter/linkResolver.cpp, line 768]
for thread 0x00007fcf18016800
Event: 0,833 Thread 0x00007fcf18016800 Exception <a 'java/lang/NoSuchMethodError'{0x00000000b4ab9910}: 'void java.lang.invoke.DirectMethodHandle$Holder.invokeStatic(java.lang.Object, java.lang.Object, java.lang.Object)'> (0x00000000b4ab9910) 
thrown [/home/dmitry/Downloads/LOOM/loom/src/hotspot/share/interpreter/linkResolver.cpp, line 768]
for thread 0x00007fcf18016800
Event: 0,846 Thread 0x00007fcf18016800 Exception <a 'java/lang/NoSuchMethodError'{0x00000000b4ae4fc8}: 'java.lang.Object java.lang.invoke.Invokers$Holder.linkToTargetMethod(java.lang.Object, java.lang.Object, java.lang.Object, java.lang.Object)'> (0x00000000b4ae4fc8) 
thrown [/home/dmitry/Downloads/LOOM/loom/src/hotspot/share/interpreter/linkResolver.cpp, line 768]
for thread 0x00007fcf18016800
Event: 1,003 Thread 0x00007fcf18016800 Exception <a 'java/lang/NoSuchMethodError'{0x00000000b4818c00}: 'void java.lang.invoke.DirectMethodHandle$Holder.invokeStatic(java.lang.Object)'> (0x00000000b4818c00) 
thrown [/home/dmitry/Downloads/LOOM/loom/src/hotspot/share/interpreter/linkResolver.cpp, line 768]
for thread 0x00007fcf18016800
Event: 1,004 Thread 0x00007fcf18016800 Exception <a 'java/lang/NoSuchMethodError'{0x00000000b481d348}: 'void java.lang.invoke.DirectMethodHandle$Holder.invokeSpecial(java.lang.Object, java.lang.Object)'> (0x00000000b481d348) 
thrown [/home/dmitry/Downloads/LOOM/loom/src/hotspot/share/interpreter/linkResolver.cpp, line 768]
for thread 0x00007fcf18016800
Event: 1,027 Thread 0x00007fcf182ce800 Exception <a 'java/lang/NoSuchMethodError'{0x00000000b49dc570}: 'java.lang.Object java.lang.invoke.DirectMethodHandle$Holder.invokeStatic(java.lang.Object)'> (0x00000000b49dc570) 
thrown [/home/dmitry/Downloads/LOOM/loom/src/hotspot/share/interpreter/linkResolver.cpp, line 768]
for thread 0x00007fcf182ce800
Event: 1,027 Thread 0x00007fcf182ce800 Exception <a 'java/lang/NoSuchMethodError'{0x00000000b49df388}: 'java.lang.Object java.lang.invoke.DirectMethodHandle$Holder.invokeStaticInit(java.lang.Object)'> (0x00000000b49df388) 
thrown [/home/dmitry/Downloads/LOOM/loom/src/hotspot/share/interpreter/linkResolver.cpp, line 768]
for thread 0x00007fcf182ce800

Events (10 events):
Event: 1,299 loading class sun/util/resources/Bundles$CacheKeyReference done
Event: 1,299 loading class sun/util/resources/Bundles$BundleReference done
Event: 1,299 loading class sun/util/resources/cldr/TimeZoneNames_en
Event: 1,301 loading class sun/util/resources/cldr/TimeZoneNames_en done
Event: 1,302 loading class sun/util/resources/cldr/TimeZoneNames_en_US
Event: 1,302 loading class sun/util/resources/cldr/TimeZoneNames_en_US done
Event: 1,307 loading class java/util/LinkedHashMap$LinkedKeySet
Event: 1,307 loading class java/util/LinkedHashMap$LinkedKeySet done
Event: 1,308 loading class sun/util/locale/provider/LocaleResources$ResourceReference
Event: 1,308 loading class sun/util/locale/provider/LocaleResources$ResourceReference done


Dynamic libraries:
b0000000-b5000000 rw-p 00000000 00:00 0 
b5000000-100000000 ---p 00000000 00:00 0 
100000000-1000e0000 rw-p 00000000 00:00 0 
1000e0000-140000000 ---p 00000000 00:00 0 
5653f42da000-5653f42db000 r-xp 00000000 08:01 2894392                    /home/dmitry/Downloads/LOOM/loom/build/linux-x86_64-server-release/jdk/bin/java
5653f44db000-5653f44dc000 r--p 00001000 08:01 2894392                    /home/dmitry/Downloads/LOOM/loom/build/linux-x86_64-server-release/jdk/bin/java
5653f44dc000-5653f44dd000 rw-p 00002000 08:01 2894392                    /home/dmitry/Downloads/LOOM/loom/build/linux-x86_64-server-release/jdk/bin/java
5653f5e01000-5653f5e22000 rw-p 00000000 00:00 0                          [heap]
7fceb0000000-7fceb0021000 rw-p 00000000 00:00 0 
7fceb0021000-7fceb4000000 ---p 00000000 00:00 0 
7fceb4000000-7fceb4048000 rw-p 00000000 00:00 0 
7fceb4048000-7fceb8000000 ---p 00000000 00:00 0 
7fceb8000000-7fceb8021000 rw-p 00000000 00:00 0 
7fceb8021000-7fcebc000000 ---p 00000000 00:00 0 
7fcebc000000-7fcebc021000 rw-p 00000000 00:00 0 
7fcebc021000-7fcec0000000 ---p 00000000 00:00 0 
7fcec0000000-7fcec0021000 rw-p 00000000 00:00 0 
7fcec0021000-7fcec4000000 ---p 00000000 00:00 0 
7fcec4000000-7fcec4021000 rw-p 00000000 00:00 0 
7fcec4021000-7fcec8000000 ---p 00000000 00:00 0 
7fcec8000000-7fcec8021000 rw-p 00000000 00:00 0 
7fcec8021000-7fcecc000000 ---p 00000000 00:00 0 
7fcecc000000-7fcecc17f000 rw-p 00000000 00:00 0 
7fcecc17f000-7fced0000000 ---p 00000000 00:00 0 
7fced0000000-7fced010e000 rw-p 00000000 00:00 0 
7fced010e000-7fced4000000 ---p 00000000 00:00 0 
7fced4000000-7fced4021000 rw-p 00000000 00:00 0 
7fced4021000-7fced8000000 ---p 00000000 00:00 0 
7fced8000000-7fced8021000 rw-p 00000000 00:00 0 
7fced8021000-7fcedc000000 ---p 00000000 00:00 0 
7fcedc000000-7fcedc2de000 rw-p 00000000 00:00 0 
7fcedc2de000-7fcee0000000 ---p 00000000 00:00 0 
7fcee0000000-7fcee0021000 rw-p 00000000 00:00 0 
7fcee0021000-7fcee4000000 ---p 00000000 00:00 0 
7fcee4000000-7fcee4021000 rw-p 00000000 00:00 0 
7fcee4021000-7fcee8000000 ---p 00000000 00:00 0 
7fcee8000000-7fcee8021000 rw-p 00000000 00:00 0 
7fcee8021000-7fceec000000 ---p 00000000 00:00 0 
7fceec000000-7fceec021000 rw-p 00000000 00:00 0 
7fceec021000-7fcef0000000 ---p 00000000 00:00 0 
7fcef0000000-7fcef0021000 rw-p 00000000 00:00 0 
7fcef0021000-7fcef4000000 ---p 00000000 00:00 0 
7fcef41fe000-7fcef45f9000 rw-p 00000000 00:00 0 
7fcef45f9000-7fcef45fd000 ---p 00000000 00:00 0 
7fcef45fd000-7fcef46fa000 rw-p 00000000 00:00 0 
7fcef46fa000-7fcef46fc000 r-xp 00000000 08:01 3284606                    /home/dmitry/Downloads/LOOM/loom/build/linux-x86_64-server-release/jdk/lib/libextnet.so
7fcef46fc000-7fcef48fb000 ---p 00002000 08:01 3284606                    /home/dmitry/Downloads/LOOM/loom/build/linux-x86_64-server-release/jdk/lib/libextnet.so
7fcef48fb000-7fcef48fc000 r--p 00001000 08:01 3284606                    /home/dmitry/Downloads/LOOM/loom/build/linux-x86_64-server-release/jdk/lib/libextnet.so
7fcef48fc000-7fcef48fd000 rw-p 00002000 08:01 3284606                    /home/dmitry/Downloads/LOOM/loom/build/linux-x86_64-server-release/jdk/lib/libextnet.so
7fcef48fd000-7fcef4901000 ---p 00000000 00:00 0 
7fcef4901000-7fcef49fe000 rw-p 00000000 00:00 0 
7fcef49fe000-7fcef4a02000 ---p 00000000 00:00 0 
7fcef4a02000-7fcef4aff000 rw-p 00000000 00:00 0 
7fcef4aff000-7fcef4b03000 ---p 00000000 00:00 0 
7fcef4b03000-7fcef4c00000 rw-p 00000000 00:00 0 
7fcef4c00000-7fcef4c01000 ---p 00000000 00:00 0 
7fcef4c01000-7fcef4d02000 rw-p 00000000 00:00 0 
7fcef4d02000-7fcef4d06000 ---p 00000000 00:00 0 
7fcef4d06000-7fcef4e03000 rw-p 00000000 00:00 0 
7fcef4e03000-7fcef4e07000 ---p 00000000 00:00 0 
7fcef4e07000-7fcef4f04000 rw-p 00000000 00:00 0 
7fcef4f04000-7fcef4f08000 ---p 00000000 00:00 0 
7fcef4f08000-7fcef5005000 rw-p 00000000 00:00 0 
7fcef5005000-7fcef501b000 r-xp 00000000 08:01 3284545                    /home/dmitry/Downloads/LOOM/loom/build/linux-x86_64-server-release/jdk/lib/libnet.so
7fcef501b000-7fcef521b000 ---p 00016000 08:01 3284545                    /home/dmitry/Downloads/LOOM/loom/build/linux-x86_64-server-release/jdk/lib/libnet.so
7fcef521b000-7fcef521c000 r--p 00016000 08:01 3284545                    /home/dmitry/Downloads/LOOM/loom/build/linux-x86_64-server-release/jdk/lib/libnet.so
7fcef521c000-7fcef521d000 rw-p 00017000 08:01 3284545                    /home/dmitry/Downloads/LOOM/loom/build/linux-x86_64-server-release/jdk/lib/libnet.so
7fcef521d000-7fcef522e000 r-xp 00000000 08:01 3284549                    /home/dmitry/Downloads/LOOM/loom/build/linux-x86_64-server-release/jdk/lib/libnio.so
7fcef522e000-7fcef542d000 ---p 00011000 08:01 3284549                    /home/dmitry/Downloads/LOOM/loom/build/linux-x86_64-server-release/jdk/lib/libnio.so
7fcef542d000-7fcef542e000 r--p 00010000 08:01 3284549                    /home/dmitry/Downloads/LOOM/loom/build/linux-x86_64-server-release/jdk/lib/libnio.so
7fcef542e000-7fcef542f000 rw-p 00011000 08:01 3284549                    /home/dmitry/Downloads/LOOM/loom/build/linux-x86_64-server-release/jdk/lib/libnio.so
7fcef542f000-7fcef5433000 ---p 00000000 00:00 0 
7fcef5433000-7fcef5530000 rw-p 00000000 00:00 0 
7fcef5530000-7fcef5534000 ---p 00000000 00:00 0 
7fcef5534000-7fcef5631000 rw-p 00000000 00:00 0 
7fcef5631000-7fcef6000000 r--p 00000000 08:01 10230401                   /usr/lib/locale/locale-archive
7fcef6000000-7fcef8000000 rw-p 00000000 00:00 0 
7fcef8000000-7fcef8021000 rw-p 00000000 00:00 0 
7fcef8021000-7fcefc000000 ---p 00000000 00:00 0 
7fcefc000000-7fcefc021000 rw-p 00000000 00:00 0 
7fcefc021000-7fcf00000000 ---p 00000000 00:00 0 
7fcf00000000-7fcf00021000 rw-p 00000000 00:00 0 
7fcf00021000-7fcf04000000 ---p 00000000 00:00 0 
7fcf0407c000-7fcf04080000 ---p 00000000 00:00 0 
7fcf04080000-7fcf0417d000 rw-p 00000000 00:00 0 
7fcf0417d000-7fcf04181000 ---p 00000000 00:00 0 
7fcf04181000-7fcf0427e000 rw-p 00000000 00:00 0 
7fcf0427e000-7fcf04282000 ---p 00000000 00:00 0 
7fcf04282000-7fcf0437f000 rw-p 00000000 00:00 0 
7fcf0437f000-7fcf04383000 ---p 00000000 00:00 0 
7fcf04383000-7fcf04480000 rw-p 00000000 00:00 0 
7fcf04480000-7fcf04481000 ---p 00000000 00:00 0 
7fcf04481000-7fcf04dde000 rw-p 00000000 00:00 0 
7fcf04dde000-7fcf04e5e000 ---p 00000000 00:00 0 
7fcf04e5e000-7fcf04e5f000 ---p 00000000 00:00 0 
7fcf04e5f000-7fcf04f60000 rw-p 00000000 00:00 0 
7fcf04f60000-7fcf04f61000 ---p 00000000 00:00 0 
7fcf04f61000-7fcf05466000 rw-p 00000000 00:00 0 
7fcf05466000-7fcf05467000 ---p 00000000 00:00 0 
7fcf05467000-7fcf05568000 rw-p 00000000 00:00 0 
7fcf05568000-7fcf05569000 ---p 00000000 00:00 0 
7fcf05569000-7fcf0566a000 rw-p 00000000 00:00 0 
7fcf0566a000-7fcf0566b000 ---p 00000000 00:00 0 
7fcf0566b000-7fcf058ac000 rw-p 00000000 00:00 0 
7fcf058ac000-7fcf06b6c000 ---p 00000000 00:00 0 
7fcf06b6c000-7fcf06cac000 rw-p 00000000 00:00 0 
7fcf06cac000-7fcf07f6c000 ---p 00000000 00:00 0 
7fcf07f6c000-7fcf07f94000 rw-p 00000000 00:00 0 
7fcf07f94000-7fcf081ec000 ---p 00000000 00:00 0 
7fcf081ec000-7fcf08214000 rw-p 00000000 00:00 0 
7fcf08214000-7fcf0846c000 ---p 00000000 00:00 0 
7fcf0846c000-7fcf08494000 rw-p 00000000 00:00 0 
7fcf08494000-7fcf086ec000 ---p 00000000 00:00 0 
7fcf086ec000-7fcf08af5000 rw-p 00000000 00:00 0 
7fcf08af5000-7fcf08bdb000 ---p 00000000 00:00 0 
7fcf08bdb000-7fcf08e4b000 rwxp 00000000 00:00 0 
7fcf08e4b000-7fcf0916b000 ---p 00000000 00:00 0 
7fcf0916b000-7fcf093db000 rwxp 00000000 00:00 0 
7fcf093db000-7fcf106a3000 ---p 00000000 00:00 0 
7fcf106a3000-7fcf10913000 rwxp 00000000 00:00 0 
7fcf10913000-7fcf17bdb000 ---p 00000000 00:00 0 
7fcf17bdb000-7fcf17bf6000 r-xp 00000000 08:01 3284547                    /home/dmitry/Downloads/LOOM/loom/build/linux-x86_64-server-release/jdk/lib/libjimage.so
7fcf17bf6000-7fcf17df5000 ---p 0001b000 08:01 3284547                    /home/dmitry/Downloads/LOOM/loom/build/linux-x86_64-server-release/jdk/lib/libjimage.so
7fcf17df5000-7fcf17df7000 r--p 0001a000 08:01 3284547                    /home/dmitry/Downloads/LOOM/loom/build/linux-x86_64-server-release/jdk/lib/libjimage.so
7fcf17df7000-7fcf17df8000 rw-p 0001c000 08:01 3284547                    /home/dmitry/Downloads/LOOM/loom/build/linux-x86_64-server-release/jdk/lib/libjimage.so
7fcf17df8000-7fcf17dff000 r-xp 00000000 08:01 3284543                    /home/dmitry/Downloads/LOOM/loom/build/linux-x86_64-server-release/jdk/lib/libzip.so
7fcf17dff000-7fcf17ffe000 ---p 00007000 08:01 3284543                    /home/dmitry/Downloads/LOOM/loom/build/linux-x86_64-server-release/jdk/lib/libzip.so
7fcf17ffe000-7fcf17fff000 r--p 00006000 08:01 3284543                    /home/dmitry/Downloads/LOOM/loom/build/linux-x86_64-server-release/jdk/lib/libzip.so
7fcf17fff000-7fcf18000000 rw-p 00007000 08:01 3284543                    /home/dmitry/Downloads/LOOM/loom/build/linux-x86_64-server-release/jdk/lib/libzip.so
7fcf18000000-7fcf182de000 rw-p 00000000 00:00 0 
7fcf182de000-7fcf1c000000 ---p 00000000 00:00 0 
7fcf1c005000-7fcf1c03b000 rw-p 00000000 00:00 0 
7fcf1c03b000-7fcf1c121000 ---p 00000000 00:00 0 
7fcf1c121000-7fcf1c12c000 r-xp 00000000 08:01 1184572                    /lib/x86_64-linux-gnu/libnss_files-2.27.so
7fcf1c12c000-7fcf1c32b000 ---p 0000b000 08:01 1184572                    /lib/x86_64-linux-gnu/libnss_files-2.27.so
7fcf1c32b000-7fcf1c32c000 r--p 0000a000 08:01 1184572                    /lib/x86_64-linux-gnu/libnss_files-2.27.so
7fcf1c32c000-7fcf1c32d000 rw-p 0000b000 08:01 1184572                    /lib/x86_64-linux-gnu/libnss_files-2.27.so
7fcf1c32d000-7fcf1c333000 rw-p 00000000 00:00 0 
7fcf1c333000-7fcf1c34a000 r-xp 00000000 08:01 1184566                    /lib/x86_64-linux-gnu/libnsl-2.27.so
7fcf1c34a000-7fcf1c549000 ---p 00017000 08:01 1184566                    /lib/x86_64-linux-gnu/libnsl-2.27.so
7fcf1c549000-7fcf1c54a000 r--p 00016000 08:01 1184566                    /lib/x86_64-linux-gnu/libnsl-2.27.so
7fcf1c54a000-7fcf1c54b000 rw-p 00017000 08:01 1184566                    /lib/x86_64-linux-gnu/libnsl-2.27.so
7fcf1c54b000-7fcf1c54d000 rw-p 00000000 00:00 0 
7fcf1c54d000-7fcf1c558000 r-xp 00000000 08:01 1184583                    /lib/x86_64-linux-gnu/libnss_nis-2.27.so
7fcf1c558000-7fcf1c757000 ---p 0000b000 08:01 1184583                    /lib/x86_64-linux-gnu/libnss_nis-2.27.so
7fcf1c757000-7fcf1c758000 r--p 0000a000 08:01 1184583                    /lib/x86_64-linux-gnu/libnss_nis-2.27.so
7fcf1c758000-7fcf1c759000 rw-p 0000b000 08:01 1184583                    /lib/x86_64-linux-gnu/libnss_nis-2.27.so
7fcf1c759000-7fcf1c761000 r-xp 00000000 08:01 1184568                    /lib/x86_64-linux-gnu/libnss_compat-2.27.so
7fcf1c761000-7fcf1c961000 ---p 00008000 08:01 1184568                    /lib/x86_64-linux-gnu/libnss_compat-2.27.so
7fcf1c961000-7fcf1c962000 r--p 00008000 08:01 1184568                    /lib/x86_64-linux-gnu/libnss_compat-2.27.so
7fcf1c962000-7fcf1c963000 rw-p 00009000 08:01 1184568                    /lib/x86_64-linux-gnu/libnss_compat-2.27.so
7fcf1c963000-7fcf1c98c000 r-xp 00000000 08:01 3284541                    /home/dmitry/Downloads/LOOM/loom/build/linux-x86_64-server-release/jdk/lib/libjava.so
7fcf1c98c000-7fcf1cb8b000 ---p 00029000 08:01 3284541                    /home/dmitry/Downloads/LOOM/loom/build/linux-x86_64-server-release/jdk/lib/libjava.so
7fcf1cb8b000-7fcf1cb8c000 r--p 00028000 08:01 3284541                    /home/dmitry/Downloads/LOOM/loom/build/linux-x86_64-server-release/jdk/lib/libjava.so
7fcf1cb8c000-7fcf1cb8e000 rw-p 00029000 08:01 3284541                    /home/dmitry/Downloads/LOOM/loom/build/linux-x86_64-server-release/jdk/lib/libjava.so
7fcf1cb8e000-7fcf1cb9b000 r-xp 00000000 08:01 3284534                    /home/dmitry/Downloads/LOOM/loom/build/linux-x86_64-server-release/jdk/lib/libverify.so
7fcf1cb9b000-7fcf1cd9a000 ---p 0000d000 08:01 3284534                    /home/dmitry/Downloads/LOOM/loom/build/linux-x86_64-server-release/jdk/lib/libverify.so
7fcf1cd9a000-7fcf1cd9c000 r--p 0000c000 08:01 3284534                    /home/dmitry/Downloads/LOOM/loom/build/linux-x86_64-server-release/jdk/lib/libverify.so
7fcf1cd9c000-7fcf1cd9d000 rw-p 0000e000 08:01 3284534                    /home/dmitry/Downloads/LOOM/loom/build/linux-x86_64-server-release/jdk/lib/libverify.so
7fcf1cd9d000-7fcf1cf3a000 r-xp 00000000 08:01 1184545                    /lib/x86_64-linux-gnu/libm-2.27.so
7fcf1cf3a000-7fcf1d139000 ---p 0019d000 08:01 1184545                    /lib/x86_64-linux-gnu/libm-2.27.so
7fcf1d139000-7fcf1d13a000 r--p 0019c000 08:01 1184545                    /lib/x86_64-linux-gnu/libm-2.27.so
7fcf1d13a000-7fcf1d13b000 rw-p 0019d000 08:01 1184545                    /lib/x86_64-linux-gnu/libm-2.27.so
7fcf1d13b000-7fcf1e467000 r-xp 00000000 08:01 3284532                    /home/dmitry/Downloads/LOOM/loom/build/linux-x86_64-server-release/jdk/lib/server/libjvm.so
7fcf1e467000-7fcf1e666000 ---p 0132c000 08:01 3284532                    /home/dmitry/Downloads/LOOM/loom/build/linux-x86_64-server-release/jdk/lib/server/libjvm.so
7fcf1e666000-7fcf1e72e000 r--p 0132b000 08:01 3284532                    /home/dmitry/Downloads/LOOM/loom/build/linux-x86_64-server-release/jdk/lib/server/libjvm.so
7fcf1e72e000-7fcf1e769000 rw-p 013f3000 08:01 3284532                    /home/dmitry/Downloads/LOOM/loom/build/linux-x86_64-server-release/jdk/lib/server/libjvm.so
7fcf1e769000-7fcf1e7ef000 rw-p 00000000 00:00 0 
7fcf1e7ef000-7fcf1e809000 r-xp 00000000 08:01 1184615                    /lib/x86_64-linux-gnu/libpthread-2.27.so
7fcf1e809000-7fcf1ea08000 ---p 0001a000 08:01 1184615                    /lib/x86_64-linux-gnu/libpthread-2.27.so
7fcf1ea08000-7fcf1ea09000 r--p 00019000 08:01 1184615                    /lib/x86_64-linux-gnu/libpthread-2.27.so
7fcf1ea09000-7fcf1ea0a000 rw-p 0001a000 08:01 1184615                    /lib/x86_64-linux-gnu/libpthread-2.27.so
7fcf1ea0a000-7fcf1ea0e000 rw-p 00000000 00:00 0 
7fcf1ea0e000-7fcf1ea11000 r-xp 00000000 08:01 1184505                    /lib/x86_64-linux-gnu/libdl-2.27.so
7fcf1ea11000-7fcf1ec10000 ---p 00003000 08:01 1184505                    /lib/x86_64-linux-gnu/libdl-2.27.so
7fcf1ec10000-7fcf1ec11000 r--p 00002000 08:01 1184505                    /lib/x86_64-linux-gnu/libdl-2.27.so
7fcf1ec11000-7fcf1ec12000 rw-p 00003000 08:01 1184505                    /lib/x86_64-linux-gnu/libdl-2.27.so
7fcf1ec12000-7fcf1ec2e000 r-xp 00000000 08:01 1184654                    /lib/x86_64-linux-gnu/libz.so.1.2.11
7fcf1ec2e000-7fcf1ee2d000 ---p 0001c000 08:01 1184654                    /lib/x86_64-linux-gnu/libz.so.1.2.11
7fcf1ee2d000-7fcf1ee2e000 r--p 0001b000 08:01 1184654                    /lib/x86_64-linux-gnu/libz.so.1.2.11
7fcf1ee2e000-7fcf1ee2f000 rw-p 0001c000 08:01 1184654                    /lib/x86_64-linux-gnu/libz.so.1.2.11
7fcf1ee2f000-7fcf1f016000 r-xp 00000000 08:01 1184482                    /lib/x86_64-linux-gnu/libc-2.27.so
7fcf1f016000-7fcf1f216000 ---p 001e7000 08:01 1184482                    /lib/x86_64-linux-gnu/libc-2.27.so
7fcf1f216000-7fcf1f21a000 r--p 001e7000 08:01 1184482                    /lib/x86_64-linux-gnu/libc-2.27.so
7fcf1f21a000-7fcf1f21c000 rw-p 001eb000 08:01 1184482                    /lib/x86_64-linux-gnu/libc-2.27.so
7fcf1f21c000-7fcf1f220000 rw-p 00000000 00:00 0 
7fcf1f220000-7fcf1f230000 r-xp 00000000 08:01 3284535                    /home/dmitry/Downloads/LOOM/loom/build/linux-x86_64-server-release/jdk/lib/libjli.so
7fcf1f230000-7fcf1f42f000 ---p 00010000 08:01 3284535                    /home/dmitry/Downloads/LOOM/loom/build/linux-x86_64-server-release/jdk/lib/libjli.so
7fcf1f42f000-7fcf1f430000 r--p 0000f000 08:01 3284535                    /home/dmitry/Downloads/LOOM/loom/build/linux-x86_64-server-release/jdk/lib/libjli.so
7fcf1f430000-7fcf1f431000 rw-p 00010000 08:01 3284535                    /home/dmitry/Downloads/LOOM/loom/build/linux-x86_64-server-release/jdk/lib/libjli.so
7fcf1f431000-7fcf1f458000 r-xp 00000000 08:01 1184454                    /lib/x86_64-linux-gnu/ld-2.27.so
7fcf1f485000-7fcf1f538000 rw-p 00000000 00:00 0 
7fcf1f538000-7fcf1f53f000 ---p 00000000 00:00 0 
7fcf1f53f000-7fcf1f543000 ---p 00000000 00:00 0 
7fcf1f543000-7fcf1f642000 rw-p 00000000 00:00 0 
7fcf1f64b000-7fcf1f653000 rw-s 00000000 08:01 524312                     /tmp/hsperfdata_dmitry/982
7fcf1f653000-7fcf1f654000 ---p 00000000 00:00 0 
7fcf1f654000-7fcf1f655000 r--p 00000000 00:00 0 
7fcf1f655000-7fcf1f656000 ---p 00000000 00:00 0 
7fcf1f656000-7fcf1f658000 rw-p 00000000 00:00 0 
7fcf1f658000-7fcf1f659000 r--p 00027000 08:01 1184454                    /lib/x86_64-linux-gnu/ld-2.27.so
7fcf1f659000-7fcf1f65a000 rw-p 00028000 08:01 1184454                    /lib/x86_64-linux-gnu/ld-2.27.so
7fcf1f65a000-7fcf1f65b000 rw-p 00000000 00:00 0 
7ffe113b8000-7ffe113db000 rw-p 00000000 00:00 0                          [stack]
7ffe113f0000-7ffe113f3000 r--p 00000000 00:00 0                          [vvar]
7ffe113f3000-7ffe113f5000 r-xp 00000000 00:00 0                          [vdso]
ffffffffff600000-ffffffffff601000 r-xp 00000000 00:00 0                  [vsyscall]


VM Arguments:
jvm_args: -Didea.launcher.port=31639 -Didea.launcher.bin.path=/home/dmitry/Downloads/idea-IC-183.5912.21/bin -Dfile.encoding=UTF-8 
java_command: com.intellij.rt.execution.application.AppMainV2 Main
java_class_path (initial): /home/dmitry/Downloads/LOOM/loom/build/linux-x86_64-server-release/jdk/modules/java.base:/home/dmitry/Downloads/LOOM/loom/build/linux-x86_64-server-release/jdk/modules/java.compiler:/home/dmitry/Downloads/LOOM/loom/build/linux-x86_64-server-release/jdk/modules/java.datatransfer:/home/dmitry/Downloads/LOOM/loom/build/linux-x86_64-server-release/jdk/modules/java.desktop:/home/dmitry/Downloads/LOOM/loom/build/linux-x86_64-server-release/jdk/modules/java.instrument:/home/dmitry/Downloads/LOOM/loom/build/linux-x86_64-server-release/jdk/modules/java.logging:/home/dmitry/Downloads/LOOM/loom/build/linux-x86_64-server-release/jdk/modules/java.management:/home/dmitry/Downloads/LOOM/loom/build/linux-x86_64-server-release/jdk/modules/java.management.rmi:/home/dmitry/Downloads/LOOM/loom/build/linux-x86_64-server-release/jdk/modules/java.naming:/home/dmitry/Downloads/LOOM/loom/build/linux-x86_64-server-release/jdk/modules/java.net.http:/home/dmitry/Downloads/LOOM/loom/build/linux-x86_64-server-release/jdk/modules/java.prefs:/home/dmitry/Downloads/LOOM/loom/build/linux-x86_64-server-release/jdk/modules/java.rmi:/home/dmitry/Downloads/LOOM/loom/build/linux-x86_64-server-release/jdk/modules/java.scripting:/home/dmitry/Downloads/LOOM/loom/build/linux-x86_64-server-release/jdk/modules/java.se:/home/dmitry/Downloads/LOOM/loom/build/linux-x86_64-server-release/jdk/modules/java.security.jgss:/home/dmitry/Downloads/LOOM/loom/build/linux-x86_64-server-release/jdk/modules/java.security.sasl:/home/dmitry/Downloads/LOOM/loom/build/linux-x86_64-server-release/jdk/modules/java.smartcardio:/home/dmitry/Downloads/LOOM/loom/build/linux-x86_64-server-release/jdk/modules/java.sql:/home/dmitry/Downloads/LOOM/loom/build/linux-x86_64-server-release/jdk/modules/java.sql.rowset:/home/dmitry/Downloads/LOOM/loom/build/linux-x86_64-server-release/jdk/modules/java.transaction.xa:/home/dmitry/Downloads/LOOM/loom/build/linux-x86_64-server-release/jdk/modules/java.xml:/home/dmitry/D
Launcher Type: SUN_STANDARD

[Global flags]
     intx CICompilerCount                          = 3                                         {product} {ergonomic}
     uint ConcGCThreads                            = 1                                         {product} {ergonomic}
     uint G1ConcRefinementThreads                  = 4                                         {product} {ergonomic}
   size_t G1HeapRegionSize                         = 1048576                                   {product} {ergonomic}
    uintx GCDrainStackTargetSize                   = 64                                        {product} {ergonomic}
   size_t InitialHeapSize                          = 83886080                                  {product} {ergonomic}
   size_t MarkStackSize                            = 4194304                                   {product} {ergonomic}
   size_t MaxHeapSize                              = 1342177280                                {product} {ergonomic}
   size_t MaxNewSize                               = 805306368                                 {product} {ergonomic}
   size_t MinHeapDeltaBytes                        = 1048576                                   {product} {ergonomic}
    uintx NonNMethodCodeHeapSize                   = 5830732                                {pd product} {ergonomic}
    uintx NonProfiledCodeHeapSize                  = 122913754                              {pd product} {ergonomic}
    uintx ProfiledCodeHeapSize                     = 122913754                              {pd product} {ergonomic}
    uintx ReservedCodeCacheSize                    = 251658240                              {pd product} {ergonomic}
     bool SegmentedCodeCache                       = true                                      {product} {ergonomic}
     bool UseCompressedClassPointers               = true                                 {lp64_product} {ergonomic}
     bool UseCompressedOops                        = true                                 {lp64_product} {ergonomic}
     bool UseG1GC                                  = true                                      {product} {ergonomic}

Logging:
Log output configuration:
 #0: stdout all=warning uptime,level,tags
 #1: stderr all=off uptime,level,tags

Environment Variables:
JAVA_HOME=/home/dmitry/usr/local/java/jdk1.8.0
PATH=/bin:/bin:/usr/local/sbin:/usr/local/bin:/usr/sbin:/usr/bin:/sbin:/bin:/usr/games:/usr/local/games:/snap/bin
USERNAME=dmitry
SHELL=/bin/bash
DISPLAY=:0

Signal Handlers:
SIGSEGV: [libjvm.so+0xfe38e0], sa_mask[0]=11111111011111111101111111111110, sa_flags=SA_RESTART|SA_SIGINFO
SIGBUS: [libjvm.so+0xfe38e0], sa_mask[0]=11111111011111111101111111111110, sa_flags=SA_RESTART|SA_SIGINFO
SIGFPE: [libjvm.so+0xfe38e0], sa_mask[0]=11111111011111111101111111111110, sa_flags=SA_RESTART|SA_SIGINFO
SIGPIPE: [libjvm.so+0xc81160], sa_mask[0]=11111111011111111101111111111110, sa_flags=SA_RESTART|SA_SIGINFO
SIGXFSZ: [libjvm.so+0xc81160], sa_mask[0]=11111111011111111101111111111110, sa_flags=SA_RESTART|SA_SIGINFO
SIGILL: [libjvm.so+0xfe38e0], sa_mask[0]=11111111011111111101111111111110, sa_flags=SA_RESTART|SA_SIGINFO
SIGUSR2: [libjvm.so+0xc81000], sa_mask[0]=00100000000000000000000000000000, sa_flags=SA_RESTART|SA_SIGINFO
SIGHUP: [libjvm.so+0xc81600], sa_mask[0]=11111111011111111101111111111110, sa_flags=SA_RESTART|SA_SIGINFO
SIGINT: [libjvm.so+0xc81600], sa_mask[0]=11111111011111111101111111111110, sa_flags=SA_RESTART|SA_SIGINFO
SIGTERM: [libjvm.so+0xc81600], sa_mask[0]=11111111011111111101111111111110, sa_flags=SA_RESTART|SA_SIGINFO
SIGQUIT: [libjvm.so+0xc81600], sa_mask[0]=11111111011111111101111111111110, sa_flags=SA_RESTART|SA_SIGINFO


---------------  S Y S T E M  ---------------

OS:DISTRIB_ID=Ubuntu
DISTRIB_RELEASE=18.04
DISTRIB_CODENAME=bionic
DISTRIB_DESCRIPTION="Ubuntu 18.04.2 LTS"
uname:Linux 4.18.0-18-generic #19~18.04.1-Ubuntu SMP Fri Apr 5 10:22:13 UTC 2019 x86_64
libc:glibc 2.27 NPTL 2.27 
rlimit: STACK 8192k, CORE 0k, NPROC 20276, NOFILE 4096, AS infinity, DATA infinity, FSIZE infinity
load average:0,84 1,01 2,39

/proc/meminfo:
MemTotal:        5234984 kB
MemFree:          506068 kB
MemAvailable:    3180648 kB
Buffers:           54876 kB
Cached:          2813352 kB
SwapCached:        10624 kB
Active:          2144500 kB
Inactive:        2294296 kB
Active(anon):     931312 kB
Inactive(anon):   696956 kB
Active(file):    1213188 kB
Inactive(file):  1597340 kB
Unevictable:          32 kB
Mlocked:              32 kB
SwapTotal:       2097148 kB
SwapFree:        1619708 kB
Dirty:              6936 kB
Writeback:             0 kB
AnonPages:       1566140 kB
Mapped:           161712 kB
Shmem:             57692 kB
Slab:             183800 kB
SReclaimable:     142352 kB
SUnreclaim:        41448 kB
KernelStack:        9456 kB
PageTables:        35560 kB
NFS_Unstable:          0 kB
Bounce:                0 kB
WritebackTmp:          0 kB
CommitLimit:     4714640 kB
Committed_AS:    5287524 kB
VmallocTotal:   34359738367 kB
VmallocUsed:           0 kB
VmallocChunk:          0 kB
HardwareCorrupted:     0 kB
AnonHugePages:         0 kB
ShmemHugePages:        0 kB
ShmemPmdMapped:        0 kB
CmaTotal:              0 kB
CmaFree:               0 kB
HugePages_Total:       0
HugePages_Free:        0
HugePages_Rsvd:        0
HugePages_Surp:        0
Hugepagesize:       2048 kB
Hugetlb:               0 kB
DirectMap4k:      131008 kB
DirectMap2M:     5279744 kB


/proc/sys/kernel/threads-max (system-wide limit on the number of threads):
40552


/proc/sys/vm/max_map_count (maximum number of memory map areas a process may have):
65530


/proc/sys/kernel/pid_max (system-wide limit on number of process identifiers):
32768



container (cgroup) information:
container_type: cgroupv1
cpu_cpuset_cpus: 0-3
cpu_memory_nodes: 0
active_processor_count: 4
cpu_quota: no quota
cpu_period: 100000
cpu_shares: no shares
memory_limit_in_bytes: unlimited
memory_and_swap_limit_in_bytes: not supported
memory_soft_limit_in_bytes: unlimited
memory_usage_in_bytes: 4541468672
memory_max_usage_in_bytes: 9842688

KVM virtualization detected
Steal ticks since vm start: 0
Steal ticks percentage since vm start:  0,000

CPU:total 4 (initial active 4) (4 cores per cpu, 1 threads per core) family 6 model 60 stepping 3, cmov, cx8, fxsr, mmx, sse, sse2, sse3, ssse3, sse4.1, sse4.2, popcnt, avx, avx2, aes, clmul, lzcnt, tsc, tscinvbit
CPU Model and flags from /proc/cpuinfo:
model name	: Intel(R) Core(TM) i7-4700HQ CPU @ 2.40GHz
flags		: fpu vme de pse tsc msr pae mce cx8 apic sep mtrr pge mca cmov pat pse36 clflush mmx fxsr sse sse2 ht syscall nx rdtscp lm constant_tsc rep_good nopl xtopology nonstop_tsc cpuid tsc_known_freq pni pclmulqdq ssse3 cx16 pcid sse4_1 sse4_2 x2apic movbe popcnt aes xsave avx rdrand hypervisor lahf_lm abm invpcid_single pti fsgsbase avx2 invpcid flush_l1d

Memory: 4k page, physical 5234984k(506068k free), swap 2097148k(1619708k free)

vm_info: OpenJDK 64-Bit Server VM (13-internal+0-adhoc.dmitry.loom) for linux-amd64 JRE (13-internal+0-adhoc.dmitry.loom), built on May 15 2019 16:57:30 by "dmitry" with gcc 7.4.0

END.
