#
# A fatal error has been detected by the Java Runtime Environment:
#
#  SIGSEGV (0xb) at pc=0x00007fcea2e00eca, pid=2903, tid=2941
#
# JRE version: OpenJDK Runtime Environment (13.0) (build 13-internal+0-adhoc.dmitry.loom)
# Java VM: OpenJDK 64-Bit Server VM (13-internal+0-adhoc.dmitry.loom, mixed mode, tiered, compressed oops, g1 gc, linux-amd64)
# Problematic frame:
# V  [libjvm.so+0x683eca]  ContMirror::read()+0x1a
#
# Core dump will be written. Default location: Core dumps may be processed with "/usr/share/apport/apport %p %s %c %d %P" (or dumping to /home/dmitry/Downloads/LoadDetector/core.2903)
#
# If you would like to submit a bug report, please visit:
#   http://bugreport.java.com/bugreport/crash.jsp
#

---------------  S U M M A R Y ------------

Command Line: -agentlib:jdwp=transport=dt_socket,address=127.0.0.1:31787,suspend=y,server=n -Dfile.encoding=UTF-8 Main

Host: Intel(R) Core(TM) i7-4700HQ CPU @ 2.40GHz, 4 cores, 4G, Ubuntu 18.04.2 LTS
Time: Wed May 15 15:14:44 2019 MSK elapsed time: 74 seconds (0d 0h 1m 14s)

---------------  T H R E A D  ---------------

Current thread (0x00007fce9c2b0800):  JavaThread "Thread-1" [_thread_in_vm, id=2941, stack(0x00007fce719f2000,0x00007fce71af3000)]

Stack: [0x00007fce719f2000,0x00007fce71af3000],  sp=0x00007fce71aef1c0,  free space=1012k
Native frames: (J=compiled Java code, A=aot compiled Java code, j=interpreted, Vv=VM code, C=native code)
V  [libjvm.so+0x683eca]  ContMirror::read()+0x1a
V  [libjvm.so+0x688b27]  Continuation::freeze0(JavaThread*, FrameInfo*, bool) [clone .part.304]+0x507
V  [libjvm.so+0x689277]  Continuation::freeze(JavaThread*, FrameInfo*)+0x127
v  ~RuntimeStub::cont_doYield
C  0x00007fce71af1890

Java frames: (J=compiled Java code, j=interpreted, Vv=VM code)
v  ~RuntimeStub::cont_doYield
j  java.lang.Continuation.yield0(Ljava/lang/ContinuationScope;Ljava/lang/Continuation;)Z+60 java.base
j  java.lang.Continuation.pause(Ljava/lang/ContinuationScope;)Z+3 java.base
j  Main.lambda$main$1(Ljava/lang/Continuation;Ljava/lang/Thread;)V+24
j  Main$$Lambda$42.run()V+8
j  java.lang.Thread.run()V+11 java.base
v  ~StubRoutines::call_stub

siginfo: si_signo: 11 (SIGSEGV), si_code: 1 (SEGV_MAPERR), si_addr: 0x0000000000000020

Register to memory mapping:

RAX=0x0000000000000020 is an unknown value
RBX=0x00007fce71af0560 is pointing into the stack for thread: 0x00007fce9c2b0800
RCX=0x00007fce8d013c98 is pointing into interpreter code (not bytecode specific)
RDX=0x00007fcea3dfbb58: <offset 0x000000000167eb58> in /home/dmitry/Downloads/LOOM/loom/build/linux-x86_64-server-release/jdk/lib/server/libjvm.so at 0x00007fcea277d000
RSP=0x00007fce71aef1c0 is pointing into the stack for thread: 0x00007fce9c2b0800
RBP=0x00007fce71aef1d0 is pointing into the stack for thread: 0x00007fce9c2b0800
RSI=0x00007fce71af1840 is pointing into the stack for thread: 0x00007fce9c2b0800
RDI=0x0 is NULL
R8 =0x00007fce8d000000 points into unknown readable memory: 04 00 00 00 00 00 00 00
R9 =0x000000000000000b is an unknown value
R10=0x0000000000000800 is an unknown value
R11=0x0000000000000400 is an unknown value
R12=0x00007fce54000ce0 points into unknown readable memory: 00 00 00 00 00 00 00 00
R13=0x00007fce71af0560 is pointing into the stack for thread: 0x00007fce9c2b0800
R14=0x00007fce9c2ab110 points into unknown readable memory: 02 00 00 00 00 00 00 00
R15=0x00007fce71af1818 is pointing into the stack for thread: 0x00007fce9c2b0800


Registers:
RAX=0x0000000000000020, RBX=0x00007fce71af0560, RCX=0x00007fce8d013c98, RDX=0x00007fcea3dfbb58
RSP=0x00007fce71aef1c0, RBP=0x00007fce71aef1d0, RSI=0x00007fce71af1840, RDI=0x0000000000000000
R8 =0x00007fce8d000000, R9 =0x000000000000000b, R10=0x0000000000000800, R11=0x0000000000000400
R12=0x00007fce54000ce0, R13=0x00007fce71af0560, R14=0x00007fce9c2ab110, R15=0x00007fce71af1818
RIP=0x00007fcea2e00eca, EFLAGS=0x0000000000010206, CSGSFS=0x002b000000000033, ERR=0x0000000000000004
  TRAPNO=0x000000000000000e

Top of Stack: (sp=0x00007fce71aef1c0)
0x00007fce71aef1c0:   00007fce8d0194c0 00007fce9c2b0800
0x00007fce71aef1d0:   00007fce71af17d0 00007fcea2e05b27
0x00007fce71aef1e0:   00007fce9c2b0800 00007fce71aef2e0
0x00007fce71aef1f0:   0000000000000000 00007fcea3df9220 

Instructions: (pc=0x00007fcea2e00eca)
0x00007fcea2e00dca:   08 48 63 00 89 0c 02 48 8d 05 fc e4 fd 00 48 8b
0x00007fcea2e00dda:   4b 30 48 8b 53 08 48 63 00 48 89 0c 02 48 8d 05
0x00007fcea2e00dea:   de e4 fd 00 48 8b 53 08 48 8b 4b 38 48 63 00 48
0x00007fcea2e00dfa:   89 0c 02 48 8d 05 c4 e4 fd 00 8b 4b 60 48 8b 53
0x00007fcea2e00e0a:   08 48 63 00 89 0c 02 48 8d 05 c8 e4 fd 00 48 8b
0x00007fcea2e00e1a:   53 08 48 8b 4b 10 48 63 00 48 89 0c 02 48 8d 05
0x00007fcea2e00e2a:   ae e4 fd 00 48 8b 4b 18 48 8b 53 08 48 63 00 48
0x00007fcea2e00e3a:   89 0c 02 48 8d 05 94 e4 fd 00 48 63 00 48 8b 53
0x00007fcea2e00e4a:   08 48 8b 4b 20 48 89 0c 02 48 8d 05 9e e4 fd 00
0x00007fcea2e00e5a:   48 8b 53 08 48 8b 4b 58 48 63 00 89 0c 02 48 8d
0x00007fcea2e00e6a:   05 51 e4 fd 00 0f b6 4b 70 48 8b 53 08 48 63 00
0x00007fcea2e00e7a:   88 0c 02 48 8d 05 70 e4 fd 00 0f b7 4b 74 48 8b
0x00007fcea2e00e8a:   53 08 48 63 00 66 89 0c 02 48 8d 05 56 e4 fd 00
0x00007fcea2e00e9a:   0f b7 4b 72 48 8b 53 08 48 63 00 66 89 0c 02 48
0x00007fcea2e00eaa:   83 c4 08 5b 5d c3 55 48 89 e5 53 48 89 fb 48 83
0x00007fcea2e00eba:   ec 08 48 8d 05 1d e4 fd 00 48 8b 7f 08 48 63 00
0x00007fcea2e00eca:   48 8b 04 38 48 89 43 10 48 8d 05 03 e4 fd 00 48
0x00007fcea2e00eda:   63 00 48 8b 04 38 48 89 43 18 48 8d 05 ed e3 fd
0x00007fcea2e00eea:   00 48 63 00 48 8b 04 38 48 89 43 20 48 8d 05 d3
0x00007fcea2e00efa:   e3 fd 00 48 63 00 8b 04 38 89 43 28 48 8d 05 c7
0x00007fcea2e00f0a:   e3 fd 00 48 63 00 48 8b 04 38 48 89 43 30 48 8d
0x00007fcea2e00f1a:   05 ad e3 fd 00 48 63 00 48 8b 04 38 48 89 43 38
0x00007fcea2e00f2a:   48 8d 05 cb e3 fd 00 48 63 30 ff 15 06 41 f7 00
0x00007fcea2e00f3a:   48 85 c0 48 89 43 40 0f 84 b9 01 00 00 48 8d 15
0x00007fcea2e00f4a:   8e c8 fd 00 80 3a 01 48 19 c9 83 e1 04 80 3a 01
0x00007fcea2e00f5a:   8b 4c 08 0c 48 19 d2 89 4b 48 83 e2 08 48 8d 44
0x00007fcea2e00f6a:   10 10 48 89 43 50 48 8d 05 81 e3 fd 00 48 8b 7b
0x00007fcea2e00f7a:   08 48 63 00 48 63 04 07 48 89 43 58 48 8d 05 5f
0x00007fcea2e00f8a:   e3 fd 00 48 63 30 ff 15 aa 40 f7 00 48 8d 15 2b
0x00007fcea2e00f9a:   e3 fd 00 48 89 43 68 48 8b 43 08 48 83 3d 83 ad
0x00007fcea2e00faa:   fb 00 00 48 63 12 8b 14 02 89 53 60 48 8d 15 03
0x00007fcea2e00fba:   e3 fd 00 48 63 12 0f b6 14 02 88 53 70 48 8d 15 


Stack slot to memory mapping:
stack at sp + 0 slots: 0x00007fce8d0194c0 is at code_begin+3872 in an Interpreter codelet
invoke return entry points  [0x00007fce8d0185a0, 0x00007fce8d01adc0]  10272 bytes
stack at sp + 1 slots: 0x00007fce9c2b0800 is a thread
stack at sp + 2 slots: 0x00007fce71af17d0 is pointing into the stack for thread: 0x00007fce9c2b0800
stack at sp + 3 slots: 0x00007fcea2e05b27: <offset 0x0000000000688b27> in /home/dmitry/Downloads/LOOM/loom/build/linux-x86_64-server-release/jdk/lib/server/libjvm.so at 0x00007fcea277d000
stack at sp + 4 slots: 0x00007fce9c2b0800 is a thread
stack at sp + 5 slots: 0x00007fce71aef2e0 is pointing into the stack for thread: 0x00007fce9c2b0800
stack at sp + 6 slots: 0x0 is NULL
stack at sp + 7 slots: 0x00007fcea3df9220: <offset 0x000000000167c220> in /home/dmitry/Downloads/LOOM/loom/build/linux-x86_64-server-release/jdk/lib/server/libjvm.so at 0x00007fcea277d000


---------------  P R O C E S S  ---------------

Threads class SMR info:
_java_thread_list=0x00007fce50000b20, length=14, elements={
0x00007fce9c13b800, 0x00007fce9c13f000, 0x00007fce9c161000, 0x00007fce9c165800,
0x00007fce9c167800, 0x00007fce9c169800, 0x00007fce9c182000, 0x00007fce9c298000,
0x00007fce9c29b000, 0x00007fce44001800, 0x00007fce9c29d800, 0x00007fce9c2b0800,
0x00007fce9c2b2000, 0x00007fce9c017800
}

Java Threads: ( => current thread )
  0x00007fce9c13b800 JavaThread "Reference Handler" daemon [_thread_blocked, id=2922, stack(0x00007fce736ff000,0x00007fce73800000)]
  0x00007fce9c13f000 JavaThread "Finalizer" daemon [_thread_blocked, id=2923, stack(0x00007fce735fe000,0x00007fce736ff000)]
  0x00007fce9c161000 JavaThread "Signal Dispatcher" daemon [_thread_blocked, id=2924, stack(0x00007fce72b2e000,0x00007fce72c2f000)]
  0x00007fce9c165800 JavaThread "C2 CompilerThread0" daemon [_thread_blocked, id=2925, stack(0x00007fce72a2d000,0x00007fce72b2e000)]
  0x00007fce9c167800 JavaThread "C1 CompilerThread0" daemon [_thread_blocked, id=2926, stack(0x00007fce7292c000,0x00007fce72a2d000)]
  0x00007fce9c169800 JavaThread "Sweeper thread" daemon [_thread_blocked, id=2928, stack(0x00007fce7282b000,0x00007fce7292c000)]
  0x00007fce9c182000 JavaThread "Common-Cleaner" daemon [_thread_blocked, id=2929, stack(0x00007fce72300000,0x00007fce72401000)]
  0x00007fce9c298000 JavaThread "JDWP Transport Listener: dt_socket" daemon [_thread_blocked, id=2934, stack(0x00007fce71ef8000,0x00007fce71ff9000)]
  0x00007fce9c29b000 JavaThread "JDWP Event Helper Thread" daemon [_thread_blocked, id=2937, stack(0x00007fce71df7000,0x00007fce71ef8000)]
  0x00007fce44001800 JavaThread "JDWP Command Reader" daemon [_thread_in_native, id=2938, stack(0x00007fce71cf6000,0x00007fce71df7000)]
  0x00007fce9c29d800 JavaThread "Service Thread" daemon [_thread_blocked, id=2939, stack(0x00007fce71bf5000,0x00007fce71cf6000)]
=>0x00007fce9c2b0800 JavaThread "Thread-1" [_thread_in_vm, id=2941, stack(0x00007fce719f2000,0x00007fce71af3000)]
  0x00007fce9c2b2000 JavaThread "Thread-0" [_thread_blocked, id=2942, stack(0x00007fce718f1000,0x00007fce719f2000)]
  0x00007fce9c017800 JavaThread "DestroyJavaVM" [_thread_blocked, id=2904, stack(0x00007fcea4b81000,0x00007fcea4c82000)]

Other Threads:
  0x00007fce9c12f800 VMThread "VM Thread" [stack: 0x00007fce88077000,0x00007fce88177000] [id=2920] _threads_hazard_ptr=0x00007fce50000b20
  0x00007fce9c29f800 WatcherThread [stack: 0x00007fce71af5000,0x00007fce71bf5000] [id=2940]
  0x00007fce9c05b000 GCTaskThread "GC Thread#0" [stack: 0x00007fcea02a3000,0x00007fcea03a3000] [id=2909]
  0x00007fce9c065000 ConcurrentGCThread "G1 Main Marker" [stack: 0x00007fcea01a1000,0x00007fcea02a1000] [id=2910]
  0x00007fce9c066800 ConcurrentGCThread "G1 Conc#0" [stack: 0x00007fcea009f000,0x00007fcea019f000] [id=2911]
  0x00007fce9c0bb000 ConcurrentGCThread "G1 Refine#0" [stack: 0x00007fce882fc000,0x00007fce883fc000] [id=2913]
  0x00007fce9c0bc800 ConcurrentGCThread "G1 Young RemSet Sampling" [stack: 0x00007fce881fa000,0x00007fce882fa000] [id=2914]

Threads with active compile tasks:

VM state:synchronizing (normal execution)

VM Mutex/Monitor currently owned by a thread:  ([mutex/lock_event])
[0x00007fce9c0128c0] Threads_lock - owner thread: 0x00007fce9c12f800

Heap address: 0x00000000b0000000, size: 1280 MB, Compressed Oops mode: 32-bit
Narrow klass base: 0x0000000000000000, Narrow klass shift: 3
Compressed class space size: 1073741824 Address: 0x0000000100000000

Heap:
 garbage-first heap   total 81920K, used 7168K [0x00000000b0000000, 0x0000000100000000)
  region size 1024K, 8 young (8192K), 0 survivors (0K)
 Metaspace       used 7056K, capacity 7212K, committed 7424K, reserved 1056768K
  class space    used 610K, capacity 663K, committed 768K, reserved 1048576K
Heap Regions: E=young(eden), S=young(survivor), O=old, HS=humongous(starts), HC=humongous(continues), CS=collection set, F=free, A=archive, TAMS=top-at-mark-start (previous, next)
|   0|0x00000000b0000000, 0x00000000b0000000, 0x00000000b0100000|  0%| F|  |TAMS 0x00000000b0000000, 0x00000000b0000000| Untracked 
|   1|0x00000000b0100000, 0x00000000b0100000, 0x00000000b0200000|  0%| F|  |TAMS 0x00000000b0100000, 0x00000000b0100000| Untracked 
|   2|0x00000000b0200000, 0x00000000b0200000, 0x00000000b0300000|  0%| F|  |TAMS 0x00000000b0200000, 0x00000000b0200000| Untracked 
|   3|0x00000000b0300000, 0x00000000b0300000, 0x00000000b0400000|  0%| F|  |TAMS 0x00000000b0300000, 0x00000000b0300000| Untracked 
|   4|0x00000000b0400000, 0x00000000b0400000, 0x00000000b0500000|  0%| F|  |TAMS 0x00000000b0400000, 0x00000000b0400000| Untracked 
|   5|0x00000000b0500000, 0x00000000b0500000, 0x00000000b0600000|  0%| F|  |TAMS 0x00000000b0500000, 0x00000000b0500000| Untracked 
|   6|0x00000000b0600000, 0x00000000b0600000, 0x00000000b0700000|  0%| F|  |TAMS 0x00000000b0600000, 0x00000000b0600000| Untracked 
|   7|0x00000000b0700000, 0x00000000b0700000, 0x00000000b0800000|  0%| F|  |TAMS 0x00000000b0700000, 0x00000000b0700000| Untracked 
|   8|0x00000000b0800000, 0x00000000b0800000, 0x00000000b0900000|  0%| F|  |TAMS 0x00000000b0800000, 0x00000000b0800000| Untracked 
|   9|0x00000000b0900000, 0x00000000b0900000, 0x00000000b0a00000|  0%| F|  |TAMS 0x00000000b0900000, 0x00000000b0900000| Untracked 
|  10|0x00000000b0a00000, 0x00000000b0a00000, 0x00000000b0b00000|  0%| F|  |TAMS 0x00000000b0a00000, 0x00000000b0a00000| Untracked 
|  11|0x00000000b0b00000, 0x00000000b0b00000, 0x00000000b0c00000|  0%| F|  |TAMS 0x00000000b0b00000, 0x00000000b0b00000| Untracked 
|  12|0x00000000b0c00000, 0x00000000b0c00000, 0x00000000b0d00000|  0%| F|  |TAMS 0x00000000b0c00000, 0x00000000b0c00000| Untracked 
|  13|0x00000000b0d00000, 0x00000000b0d00000, 0x00000000b0e00000|  0%| F|  |TAMS 0x00000000b0d00000, 0x00000000b0d00000| Untracked 
|  14|0x00000000b0e00000, 0x00000000b0e00000, 0x00000000b0f00000|  0%| F|  |TAMS 0x00000000b0e00000, 0x00000000b0e00000| Untracked 
|  15|0x00000000b0f00000, 0x00000000b0f00000, 0x00000000b1000000|  0%| F|  |TAMS 0x00000000b0f00000, 0x00000000b0f00000| Untracked 
|  16|0x00000000b1000000, 0x00000000b1000000, 0x00000000b1100000|  0%| F|  |TAMS 0x00000000b1000000, 0x00000000b1000000| Untracked 
|  17|0x00000000b1100000, 0x00000000b1100000, 0x00000000b1200000|  0%| F|  |TAMS 0x00000000b1100000, 0x00000000b1100000| Untracked 
|  18|0x00000000b1200000, 0x00000000b1200000, 0x00000000b1300000|  0%| F|  |TAMS 0x00000000b1200000, 0x00000000b1200000| Untracked 
|  19|0x00000000b1300000, 0x00000000b1300000, 0x00000000b1400000|  0%| F|  |TAMS 0x00000000b1300000, 0x00000000b1300000| Untracked 
|  20|0x00000000b1400000, 0x00000000b1400000, 0x00000000b1500000|  0%| F|  |TAMS 0x00000000b1400000, 0x00000000b1400000| Untracked 
|  21|0x00000000b1500000, 0x00000000b1500000, 0x00000000b1600000|  0%| F|  |TAMS 0x00000000b1500000, 0x00000000b1500000| Untracked 
|  22|0x00000000b1600000, 0x00000000b1600000, 0x00000000b1700000|  0%| F|  |TAMS 0x00000000b1600000, 0x00000000b1600000| Untracked 
|  23|0x00000000b1700000, 0x00000000b1700000, 0x00000000b1800000|  0%| F|  |TAMS 0x00000000b1700000, 0x00000000b1700000| Untracked 
|  24|0x00000000b1800000, 0x00000000b1800000, 0x00000000b1900000|  0%| F|  |TAMS 0x00000000b1800000, 0x00000000b1800000| Untracked 
|  25|0x00000000b1900000, 0x00000000b1900000, 0x00000000b1a00000|  0%| F|  |TAMS 0x00000000b1900000, 0x00000000b1900000| Untracked 
|  26|0x00000000b1a00000, 0x00000000b1a00000, 0x00000000b1b00000|  0%| F|  |TAMS 0x00000000b1a00000, 0x00000000b1a00000| Untracked 
|  27|0x00000000b1b00000, 0x00000000b1b00000, 0x00000000b1c00000|  0%| F|  |TAMS 0x00000000b1b00000, 0x00000000b1b00000| Untracked 
|  28|0x00000000b1c00000, 0x00000000b1c00000, 0x00000000b1d00000|  0%| F|  |TAMS 0x00000000b1c00000, 0x00000000b1c00000| Untracked 
|  29|0x00000000b1d00000, 0x00000000b1d00000, 0x00000000b1e00000|  0%| F|  |TAMS 0x00000000b1d00000, 0x00000000b1d00000| Untracked 
|  30|0x00000000b1e00000, 0x00000000b1e00000, 0x00000000b1f00000|  0%| F|  |TAMS 0x00000000b1e00000, 0x00000000b1e00000| Untracked 
|  31|0x00000000b1f00000, 0x00000000b1f00000, 0x00000000b2000000|  0%| F|  |TAMS 0x00000000b1f00000, 0x00000000b1f00000| Untracked 
|  32|0x00000000b2000000, 0x00000000b2000000, 0x00000000b2100000|  0%| F|  |TAMS 0x00000000b2000000, 0x00000000b2000000| Untracked 
|  33|0x00000000b2100000, 0x00000000b2100000, 0x00000000b2200000|  0%| F|  |TAMS 0x00000000b2100000, 0x00000000b2100000| Untracked 
|  34|0x00000000b2200000, 0x00000000b2200000, 0x00000000b2300000|  0%| F|  |TAMS 0x00000000b2200000, 0x00000000b2200000| Untracked 
|  35|0x00000000b2300000, 0x00000000b2300000, 0x00000000b2400000|  0%| F|  |TAMS 0x00000000b2300000, 0x00000000b2300000| Untracked 
|  36|0x00000000b2400000, 0x00000000b2400000, 0x00000000b2500000|  0%| F|  |TAMS 0x00000000b2400000, 0x00000000b2400000| Untracked 
|  37|0x00000000b2500000, 0x00000000b2500000, 0x00000000b2600000|  0%| F|  |TAMS 0x00000000b2500000, 0x00000000b2500000| Untracked 
|  38|0x00000000b2600000, 0x00000000b2600000, 0x00000000b2700000|  0%| F|  |TAMS 0x00000000b2600000, 0x00000000b2600000| Untracked 
|  39|0x00000000b2700000, 0x00000000b2700000, 0x00000000b2800000|  0%| F|  |TAMS 0x00000000b2700000, 0x00000000b2700000| Untracked 
|  40|0x00000000b2800000, 0x00000000b2800000, 0x00000000b2900000|  0%| F|  |TAMS 0x00000000b2800000, 0x00000000b2800000| Untracked 
|  41|0x00000000b2900000, 0x00000000b2900000, 0x00000000b2a00000|  0%| F|  |TAMS 0x00000000b2900000, 0x00000000b2900000| Untracked 
|  42|0x00000000b2a00000, 0x00000000b2a00000, 0x00000000b2b00000|  0%| F|  |TAMS 0x00000000b2a00000, 0x00000000b2a00000| Untracked 
|  43|0x00000000b2b00000, 0x00000000b2b00000, 0x00000000b2c00000|  0%| F|  |TAMS 0x00000000b2b00000, 0x00000000b2b00000| Untracked 
|  44|0x00000000b2c00000, 0x00000000b2c00000, 0x00000000b2d00000|  0%| F|  |TAMS 0x00000000b2c00000, 0x00000000b2c00000| Untracked 
|  45|0x00000000b2d00000, 0x00000000b2d00000, 0x00000000b2e00000|  0%| F|  |TAMS 0x00000000b2d00000, 0x00000000b2d00000| Untracked 
|  46|0x00000000b2e00000, 0x00000000b2e00000, 0x00000000b2f00000|  0%| F|  |TAMS 0x00000000b2e00000, 0x00000000b2e00000| Untracked 
|  47|0x00000000b2f00000, 0x00000000b2f00000, 0x00000000b3000000|  0%| F|  |TAMS 0x00000000b2f00000, 0x00000000b2f00000| Untracked 
|  48|0x00000000b3000000, 0x00000000b3000000, 0x00000000b3100000|  0%| F|  |TAMS 0x00000000b3000000, 0x00000000b3000000| Untracked 
|  49|0x00000000b3100000, 0x00000000b3100000, 0x00000000b3200000|  0%| F|  |TAMS 0x00000000b3100000, 0x00000000b3100000| Untracked 
|  50|0x00000000b3200000, 0x00000000b3200000, 0x00000000b3300000|  0%| F|  |TAMS 0x00000000b3200000, 0x00000000b3200000| Untracked 
|  51|0x00000000b3300000, 0x00000000b3300000, 0x00000000b3400000|  0%| F|  |TAMS 0x00000000b3300000, 0x00000000b3300000| Untracked 
|  52|0x00000000b3400000, 0x00000000b3400000, 0x00000000b3500000|  0%| F|  |TAMS 0x00000000b3400000, 0x00000000b3400000| Untracked 
|  53|0x00000000b3500000, 0x00000000b3500000, 0x00000000b3600000|  0%| F|  |TAMS 0x00000000b3500000, 0x00000000b3500000| Untracked 
|  54|0x00000000b3600000, 0x00000000b3600000, 0x00000000b3700000|  0%| F|  |TAMS 0x00000000b3600000, 0x00000000b3600000| Untracked 
|  55|0x00000000b3700000, 0x00000000b3700000, 0x00000000b3800000|  0%| F|  |TAMS 0x00000000b3700000, 0x00000000b3700000| Untracked 
|  56|0x00000000b3800000, 0x00000000b3800000, 0x00000000b3900000|  0%| F|  |TAMS 0x00000000b3800000, 0x00000000b3800000| Untracked 
|  57|0x00000000b3900000, 0x00000000b3900000, 0x00000000b3a00000|  0%| F|  |TAMS 0x00000000b3900000, 0x00000000b3900000| Untracked 
|  58|0x00000000b3a00000, 0x00000000b3a00000, 0x00000000b3b00000|  0%| F|  |TAMS 0x00000000b3a00000, 0x00000000b3a00000| Untracked 
|  59|0x00000000b3b00000, 0x00000000b3b00000, 0x00000000b3c00000|  0%| F|  |TAMS 0x00000000b3b00000, 0x00000000b3b00000| Untracked 
|  60|0x00000000b3c00000, 0x00000000b3c00000, 0x00000000b3d00000|  0%| F|  |TAMS 0x00000000b3c00000, 0x00000000b3c00000| Untracked 
|  61|0x00000000b3d00000, 0x00000000b3d00000, 0x00000000b3e00000|  0%| F|  |TAMS 0x00000000b3d00000, 0x00000000b3d00000| Untracked 
|  62|0x00000000b3e00000, 0x00000000b3e00000, 0x00000000b3f00000|  0%| F|  |TAMS 0x00000000b3e00000, 0x00000000b3e00000| Untracked 
|  63|0x00000000b3f00000, 0x00000000b3f00000, 0x00000000b4000000|  0%| F|  |TAMS 0x00000000b3f00000, 0x00000000b3f00000| Untracked 
|  64|0x00000000b4000000, 0x00000000b4000000, 0x00000000b4100000|  0%| F|  |TAMS 0x00000000b4000000, 0x00000000b4000000| Untracked 
|  65|0x00000000b4100000, 0x00000000b4100000, 0x00000000b4200000|  0%| F|  |TAMS 0x00000000b4100000, 0x00000000b4100000| Untracked 
|  66|0x00000000b4200000, 0x00000000b4200000, 0x00000000b4300000|  0%| F|  |TAMS 0x00000000b4200000, 0x00000000b4200000| Untracked 
|  67|0x00000000b4300000, 0x00000000b4300000, 0x00000000b4400000|  0%| F|  |TAMS 0x00000000b4300000, 0x00000000b4300000| Untracked 
|  68|0x00000000b4400000, 0x00000000b4400000, 0x00000000b4500000|  0%| F|  |TAMS 0x00000000b4400000, 0x00000000b4400000| Untracked 
|  69|0x00000000b4500000, 0x00000000b4500000, 0x00000000b4600000|  0%| F|  |TAMS 0x00000000b4500000, 0x00000000b4500000| Untracked 
|  70|0x00000000b4600000, 0x00000000b4600000, 0x00000000b4700000|  0%| F|  |TAMS 0x00000000b4600000, 0x00000000b4600000| Untracked 
|  71|0x00000000b4700000, 0x00000000b4700000, 0x00000000b4800000|  0%| F|  |TAMS 0x00000000b4700000, 0x00000000b4700000| Untracked 
|  72|0x00000000b4800000, 0x00000000b4900000, 0x00000000b4900000|100%| E|  |TAMS 0x00000000b4800000, 0x00000000b4800000| Complete 
|  73|0x00000000b4900000, 0x00000000b4a00000, 0x00000000b4a00000|100%| E|CS|TAMS 0x00000000b4900000, 0x00000000b4900000| Complete 
|  74|0x00000000b4a00000, 0x00000000b4b00000, 0x00000000b4b00000|100%| E|CS|TAMS 0x00000000b4a00000, 0x00000000b4a00000| Complete 
|  75|0x00000000b4b00000, 0x00000000b4c00000, 0x00000000b4c00000|100%| E|CS|TAMS 0x00000000b4b00000, 0x00000000b4b00000| Complete 
|  76|0x00000000b4c00000, 0x00000000b4d00000, 0x00000000b4d00000|100%| E|CS|TAMS 0x00000000b4c00000, 0x00000000b4c00000| Complete 
|  77|0x00000000b4d00000, 0x00000000b4e00000, 0x00000000b4e00000|100%| E|CS|TAMS 0x00000000b4d00000, 0x00000000b4d00000| Complete 
|  78|0x00000000b4e00000, 0x00000000b4f00000, 0x00000000b4f00000|100%| E|CS|TAMS 0x00000000b4e00000, 0x00000000b4e00000| Complete 
|  79|0x00000000b4f00000, 0x00000000b5000000, 0x00000000b5000000|100%| E|CS|TAMS 0x00000000b4f00000, 0x00000000b4f00000| Complete 

Card table byte_map: [0x00007fcea0623000,0x00007fcea08a3000] _byte_map_base: 0x00007fcea00a3000

Marking Bits (Prev, Next): (CMBitMap*) 0x00007fce9c05c518, (CMBitMap*) 0x00007fce9c05c558
 Prev Bits: [0x00007fce8bc00000, 0x00007fce8d000000)
 Next Bits: [0x00007fce8a800000, 0x00007fce8bc00000)

Polling page: 0x00007fcea4c95000

Metaspace:

Usage:
  Non-class:      6,40 MB capacity,     6,30 MB ( 98%) used,    92,02 KB (  1%) free+waste,    10,69 KB ( <1%) overhead. 
      Class:    663,00 KB capacity,   610,20 KB ( 92%) used,    47,23 KB (  7%) free+waste,     5,56 KB ( <1%) overhead. 
       Both:      7,04 MB capacity,     6,89 MB ( 98%) used,   139,26 KB (  2%) free+waste,    16,25 KB ( <1%) overhead. 

Virtual space:
  Non-class space:        8,00 MB reserved,       6,50 MB ( 81%) committed 
      Class space:        1,00 GB reserved,     768,00 KB ( <1%) committed 
             Both:        1,01 GB reserved,       7,25 MB ( <1%) committed 

Chunk freelists:
   Non-Class:  43,00 KB
       Class:  9,00 KB
        Both:  52,00 KB

MaxMetaspaceSize: unlimited
CompressedClassSpaceSize: 1,00 GB

CodeHeap 'non-profiled nmethods': size=120032Kb used=205Kb max_used=205Kb free=119826Kb
 bounds [0x00007fce94ac8000, 0x00007fce94d38000, 0x00007fce9c000000]
CodeHeap 'profiled nmethods': size=120032Kb used=751Kb max_used=751Kb free=119280Kb
 bounds [0x00007fce8d590000, 0x00007fce8d800000, 0x00007fce94ac8000]
CodeHeap 'non-nmethods': size=5696Kb used=1183Kb max_used=1203Kb free=4513Kb
 bounds [0x00007fce8d000000, 0x00007fce8d270000, 0x00007fce8d590000]
 total_blobs=1026 nmethods=540 adapters=248
 compilation: enabled
              stopped_count=0, restarted_count=0
 full_count=0

Compilation events (10 events):
Event: 1,175 Thread 0x00007fce9c167800  539       3       java.lang.invoke.LambdaForm$MH/0x0000000100065c40::invoke (8 bytes)
Event: 1,176 Thread 0x00007fce9c167800 nmethod 539 0x00007fce8d64a490 code [0x00007fce8d64a640, 0x00007fce8d64a8b0]
Event: 1,176 Thread 0x00007fce9c167800  541       3       jdk.internal.org.objectweb.asm.ByteVector::put122 (93 bytes)
Event: 1,176 Thread 0x00007fce9c167800 nmethod 541 0x00007fce8d64a990 code [0x00007fce8d64ab40, 0x00007fce8d64ae48]
Event: 1,176 Thread 0x00007fce9c167800  536       3       java.lang.ref.SoftReference::get (29 bytes)
Event: 1,177 Thread 0x00007fce9c167800 nmethod 536 0x00007fce8d64b010 code [0x00007fce8d64b1c0, 0x00007fce8d64b3f0]
Event: 1,184 Thread 0x00007fce9c167800  542       3       java.nio.charset.CoderResult::isUnderflow (13 bytes)
Event: 1,184 Thread 0x00007fce9c167800 nmethod 542 0x00007fce8d64b490 code [0x00007fce8d64b640, 0x00007fce8d64b7f0]
Event: 43,649 Thread 0x00007fce9c167800  543       3       java.nio.ByteBuffer::arrayOffset (35 bytes)
Event: 43,650 Thread 0x00007fce9c167800 nmethod 543 0x00007fce8d64b890 code [0x00007fce8d64ba60, 0x00007fce8d64bd58]

GC Heap History (0 events):
No events

Deoptimization events (1 events):
Event: 1,007 Thread 0x00007fce9c017800 Uncommon trap: reason=unstable_if action=reinterpret pc=0x00007fce94adb7ec method=java.util.HashMap.putVal(ILjava/lang/Object;Ljava/lang/Object;ZZ)Ljava/lang/Object; @ 236 c2

Classes unloaded (0 events):
No events

Classes redefined (0 events):
No events

Internal exceptions (10 events):
Event: 0,702 Thread 0x00007fce9c017800 Exception <a 'java/lang/NoSuchMethodError'{0x00000000b4c0fbd0}: 'java.lang.Object java.lang.invoke.DirectMethodHandle$Holder.invokeInterface(java.lang.Object, java.lang.Object)'> (0x00000000b4c0fbd0) 
thrown [/home/dmitry/Downloads/LOOM/loom/src/hotspot/share/interpreter/linkResolver.cpp, line 768]
for thread 0x00007fce9c017800
Event: 0,707 Thread 0x00007fce9c017800 Exception <a 'java/lang/NoSuchMethodError'{0x00000000b4c16798}: 'int java.lang.invoke.DirectMethodHandle$Holder.invokeStatic(java.lang.Object, java.lang.Object)'> (0x00000000b4c16798) 
thrown [/home/dmitry/Downloads/LOOM/loom/src/hotspot/share/interpreter/linkResolver.cpp, line 768]
for thread 0x00007fce9c017800
Event: 0,714 Thread 0x00007fce9c017800 Exception <a 'java/lang/NoSuchMethodError'{0x00000000b4c20dd8}: 'java.lang.Object java.lang.invoke.DirectMethodHandle$Holder.invokeVirtual(java.lang.Object, java.lang.Object)'> (0x00000000b4c20dd8) 
thrown [/home/dmitry/Downloads/LOOM/loom/src/hotspot/share/interpreter/linkResolver.cpp, line 768]
for thread 0x00007fce9c017800
Event: 0,719 Thread 0x00007fce9c017800 Exception <a 'java/lang/NoSuchMethodError'{0x00000000b4c289a0}: 'int java.lang.invoke.DirectMethodHandle$Holder.invokeSpecial(java.lang.Object, java.lang.Object)'> (0x00000000b4c289a0) 
thrown [/home/dmitry/Downloads/LOOM/loom/src/hotspot/share/interpreter/linkResolver.cpp, line 768]
for thread 0x00007fce9c017800
Event: 0,928 Thread 0x00007fce9c017800 Exception <a 'java/lang/NoSuchMethodError'{0x00000000b4ab9a60}: 'void java.lang.invoke.DirectMethodHandle$Holder.invokeStatic(java.lang.Object, java.lang.Object, java.lang.Object)'> (0x00000000b4ab9a60) 
thrown [/home/dmitry/Downloads/LOOM/loom/src/hotspot/share/interpreter/linkResolver.cpp, line 768]
for thread 0x00007fce9c017800
Event: 0,949 Thread 0x00007fce9c017800 Exception <a 'java/lang/NoSuchMethodError'{0x00000000b4ae5010}: 'java.lang.Object java.lang.invoke.Invokers$Holder.linkToTargetMethod(java.lang.Object, java.lang.Object, java.lang.Object, java.lang.Object)'> (0x00000000b4ae5010) 
thrown [/home/dmitry/Downloads/LOOM/loom/src/hotspot/share/interpreter/linkResolver.cpp, line 768]
for thread 0x00007fce9c017800
Event: 1,016 Thread 0x00007fce9c017800 Exception <a 'java/lang/NoSuchMethodError'{0x00000000b4960c48}: 'java.lang.Object java.lang.invoke.DirectMethodHandle$Holder.invokeStaticInit(java.lang.Object, java.lang.Object)'> (0x00000000b4960c48) 
thrown [/home/dmitry/Downloads/LOOM/loom/src/hotspot/share/interpreter/linkResolver.cpp, line 768]
for thread 0x00007fce9c017800
Event: 1,019 Thread 0x00007fce9c017800 Exception <a 'java/lang/NoSuchMethodError'{0x00000000b4968978}: 'void java.lang.invoke.DirectMethodHandle$Holder.invokeStaticInit(java.lang.Object, java.lang.Object, java.lang.Object)'> (0x00000000b4968978) 
thrown [/home/dmitry/Downloads/LOOM/loom/src/hotspot/share/interpreter/linkResolver.cpp, line 768]
for thread 0x00007fce9c017800
Event: 1,173 Thread 0x00007fce9c017800 Exception <a 'java/lang/NoSuchMethodError'{0x00000000b48029f0}: 'void java.lang.invoke.DirectMethodHandle$Holder.invokeStatic(java.lang.Object)'> (0x00000000b48029f0) 
thrown [/home/dmitry/Downloads/LOOM/loom/src/hotspot/share/interpreter/linkResolver.cpp, line 768]
for thread 0x00007fce9c017800
Event: 1,174 Thread 0x00007fce9c017800 Exception <a 'java/lang/NoSuchMethodError'{0x00000000b4807138}: 'void java.lang.invoke.DirectMethodHandle$Holder.invokeSpecial(java.lang.Object, java.lang.Object)'> (0x00000000b4807138) 
thrown [/home/dmitry/Downloads/LOOM/loom/src/hotspot/share/interpreter/linkResolver.cpp, line 768]
for thread 0x00007fce9c017800

Events (10 events):
Event: 74,154 Executing VM operation: ChangeBreakpoints
Event: 74,155 Executing VM operation: ChangeBreakpoints done
Event: 74,160 Executing VM operation: ChangeBreakpoints
Event: 74,160 Executing VM operation: ChangeBreakpoints done
Event: 74,166 Executing VM operation: ChangeBreakpoints
Event: 74,166 Executing VM operation: ChangeBreakpoints done
Event: 74,167 Executing VM operation: ChangeBreakpoints
Event: 74,167 Executing VM operation: ChangeBreakpoints done
Event: 74,170 Executing VM operation: ChangeBreakpoints
Event: 74,170 Executing VM operation: ChangeBreakpoints done


Dynamic libraries:
b0000000-b5000000 rw-p 00000000 00:00 0 
b5000000-100000000 ---p 00000000 00:00 0 
100000000-1000c0000 rw-p 00000000 00:00 0 
1000c0000-140000000 ---p 00000000 00:00 0 
55f6c9dfd000-55f6c9dfe000 r-xp 00000000 08:01 3809121                    /home/dmitry/Downloads/LOOM/loom/build/linux-x86_64-server-release/jdk/bin/java
55f6c9ffe000-55f6c9fff000 r--p 00001000 08:01 3809121                    /home/dmitry/Downloads/LOOM/loom/build/linux-x86_64-server-release/jdk/bin/java
55f6c9fff000-55f6ca000000 rw-p 00002000 08:01 3809121                    /home/dmitry/Downloads/LOOM/loom/build/linux-x86_64-server-release/jdk/bin/java
55f6cb19f000-55f6cb1c0000 rw-p 00000000 00:00 0                          [heap]
7fce2c000000-7fce2c021000 rw-p 00000000 00:00 0 
7fce2c021000-7fce30000000 ---p 00000000 00:00 0 
7fce34000000-7fce34021000 rw-p 00000000 00:00 0 
7fce34021000-7fce38000000 ---p 00000000 00:00 0 
7fce38000000-7fce38021000 rw-p 00000000 00:00 0 
7fce38021000-7fce3c000000 ---p 00000000 00:00 0 
7fce3c000000-7fce3c021000 rw-p 00000000 00:00 0 
7fce3c021000-7fce40000000 ---p 00000000 00:00 0 
7fce40000000-7fce40021000 rw-p 00000000 00:00 0 
7fce40021000-7fce44000000 ---p 00000000 00:00 0 
7fce44000000-7fce44044000 rw-p 00000000 00:00 0 
7fce44044000-7fce48000000 ---p 00000000 00:00 0 
7fce48000000-7fce48021000 rw-p 00000000 00:00 0 
7fce48021000-7fce4c000000 ---p 00000000 00:00 0 
7fce4c000000-7fce4c021000 rw-p 00000000 00:00 0 
7fce4c021000-7fce50000000 ---p 00000000 00:00 0 
7fce50000000-7fce50282000 rw-p 00000000 00:00 0 
7fce50282000-7fce54000000 ---p 00000000 00:00 0 
7fce54000000-7fce54247000 rw-p 00000000 00:00 0 
7fce54247000-7fce58000000 ---p 00000000 00:00 0 
7fce58000000-7fce58021000 rw-p 00000000 00:00 0 
7fce58021000-7fce5c000000 ---p 00000000 00:00 0 
7fce5c000000-7fce5c021000 rw-p 00000000 00:00 0 
7fce5c021000-7fce60000000 ---p 00000000 00:00 0 
7fce60000000-7fce60350000 rw-p 00000000 00:00 0 
7fce60350000-7fce64000000 ---p 00000000 00:00 0 
7fce64000000-7fce64021000 rw-p 00000000 00:00 0 
7fce64021000-7fce68000000 ---p 00000000 00:00 0 
7fce68000000-7fce68021000 rw-p 00000000 00:00 0 
7fce68021000-7fce6c000000 ---p 00000000 00:00 0 
7fce6c000000-7fce6c021000 rw-p 00000000 00:00 0 
7fce6c021000-7fce70000000 ---p 00000000 00:00 0 
7fce714f6000-7fce718f1000 rw-p 00000000 00:00 0 
7fce718f1000-7fce718f5000 ---p 00000000 00:00 0 
7fce718f5000-7fce719f2000 rw-p 00000000 00:00 0 
7fce719f2000-7fce719f6000 ---p 00000000 00:00 0 
7fce719f6000-7fce71af3000 rw-p 00000000 00:00 0 
7fce71af3000-7fce71af4000 ---p 00000000 00:00 0 
7fce71af4000-7fce71bf5000 rw-p 00000000 00:00 0 
7fce71bf5000-7fce71bf9000 ---p 00000000 00:00 0 
7fce71bf9000-7fce71cf6000 rw-p 00000000 00:00 0 
7fce71cf6000-7fce71cfa000 ---p 00000000 00:00 0 
7fce71cfa000-7fce71df7000 rw-p 00000000 00:00 0 
7fce71df7000-7fce71dfb000 ---p 00000000 00:00 0 
7fce71dfb000-7fce71ef8000 rw-p 00000000 00:00 0 
7fce71ef8000-7fce71efc000 ---p 00000000 00:00 0 
7fce71efc000-7fce71ff9000 rw-p 00000000 00:00 0 
7fce71ff9000-7fce71ffe000 r-xp 00000000 08:01 3284816                    /home/dmitry/Downloads/LOOM/loom/build/linux-x86_64-server-release/jdk/lib/libdt_socket.so
7fce71ffe000-7fce721fd000 ---p 00005000 08:01 3284816                    /home/dmitry/Downloads/LOOM/loom/build/linux-x86_64-server-release/jdk/lib/libdt_socket.so
7fce721fd000-7fce721fe000 r--p 00004000 08:01 3284816                    /home/dmitry/Downloads/LOOM/loom/build/linux-x86_64-server-release/jdk/lib/libdt_socket.so
7fce721fe000-7fce721ff000 rw-p 00005000 08:01 3284816                    /home/dmitry/Downloads/LOOM/loom/build/linux-x86_64-server-release/jdk/lib/libdt_socket.so
7fce721ff000-7fce72203000 ---p 00000000 00:00 0 
7fce72203000-7fce72300000 rw-p 00000000 00:00 0 
7fce72300000-7fce72304000 ---p 00000000 00:00 0 
7fce72304000-7fce72401000 rw-p 00000000 00:00 0 
7fce72401000-7fce72417000 r-xp 00000000 08:01 3284773                    /home/dmitry/Downloads/LOOM/loom/build/linux-x86_64-server-release/jdk/lib/libnet.so
7fce72417000-7fce72617000 ---p 00016000 08:01 3284773                    /home/dmitry/Downloads/LOOM/loom/build/linux-x86_64-server-release/jdk/lib/libnet.so
7fce72617000-7fce72618000 r--p 00016000 08:01 3284773                    /home/dmitry/Downloads/LOOM/loom/build/linux-x86_64-server-release/jdk/lib/libnet.so
7fce72618000-7fce72619000 rw-p 00017000 08:01 3284773                    /home/dmitry/Downloads/LOOM/loom/build/linux-x86_64-server-release/jdk/lib/libnet.so
7fce72619000-7fce7262a000 r-xp 00000000 08:01 3284778                    /home/dmitry/Downloads/LOOM/loom/build/linux-x86_64-server-release/jdk/lib/libnio.so
7fce7262a000-7fce72829000 ---p 00011000 08:01 3284778                    /home/dmitry/Downloads/LOOM/loom/build/linux-x86_64-server-release/jdk/lib/libnio.so
7fce72829000-7fce7282a000 r--p 00010000 08:01 3284778                    /home/dmitry/Downloads/LOOM/loom/build/linux-x86_64-server-release/jdk/lib/libnio.so
7fce7282a000-7fce7282b000 rw-p 00011000 08:01 3284778                    /home/dmitry/Downloads/LOOM/loom/build/linux-x86_64-server-release/jdk/lib/libnio.so
7fce7282b000-7fce7282f000 ---p 00000000 00:00 0 
7fce7282f000-7fce7292c000 rw-p 00000000 00:00 0 
7fce7292c000-7fce72930000 ---p 00000000 00:00 0 
7fce72930000-7fce72a2d000 rw-p 00000000 00:00 0 
7fce72a2d000-7fce72a31000 ---p 00000000 00:00 0 
7fce72a31000-7fce72b2e000 rw-p 00000000 00:00 0 
7fce72b2e000-7fce72b32000 ---p 00000000 00:00 0 
7fce72b32000-7fce72c2f000 rw-p 00000000 00:00 0 
7fce72c2f000-7fce735fe000 r--p 00000000 08:01 10230401                   /usr/lib/locale/locale-archive
7fce735fe000-7fce73602000 ---p 00000000 00:00 0 
7fce73602000-7fce736ff000 rw-p 00000000 00:00 0 
7fce736ff000-7fce73703000 ---p 00000000 00:00 0 
7fce73703000-7fce73e80000 rw-p 00000000 00:00 0 
7fce73e80000-7fce74000000 ---p 00000000 00:00 0 
7fce74000000-7fce74021000 rw-p 00000000 00:00 0 
7fce74021000-7fce78000000 ---p 00000000 00:00 0 
7fce78000000-7fce78021000 rw-p 00000000 00:00 0 
7fce78021000-7fce7c000000 ---p 00000000 00:00 0 
7fce7c000000-7fce7c021000 rw-p 00000000 00:00 0 
7fce7c021000-7fce80000000 ---p 00000000 00:00 0 
7fce80000000-7fce80021000 rw-p 00000000 00:00 0 
7fce80021000-7fce84000000 ---p 00000000 00:00 0 
7fce84000000-7fce84021000 rw-p 00000000 00:00 0 
7fce84021000-7fce88000000 ---p 00000000 00:00 0 
7fce88075000-7fce88076000 ---p 00000000 00:00 0 
7fce88076000-7fce881f8000 rw-p 00000000 00:00 0 
7fce881f8000-7fce881f9000 ---p 00000000 00:00 0 
7fce881f9000-7fce882fa000 rw-p 00000000 00:00 0 
7fce882fa000-7fce882fb000 ---p 00000000 00:00 0 
7fce882fb000-7fce8a940000 rw-p 00000000 00:00 0 
7fce8a940000-7fce8bc00000 ---p 00000000 00:00 0 
7fce8bc00000-7fce8bd40000 rw-p 00000000 00:00 0 
7fce8bd40000-7fce8d000000 ---p 00000000 00:00 0 
7fce8d000000-7fce8d270000 rwxp 00000000 00:00 0 
7fce8d270000-7fce8d590000 ---p 00000000 00:00 0 
7fce8d590000-7fce8d800000 rwxp 00000000 00:00 0 
7fce8d800000-7fce94ac8000 ---p 00000000 00:00 0 
7fce94ac8000-7fce94d38000 rwxp 00000000 00:00 0 
7fce94d38000-7fce9c000000 ---p 00000000 00:00 0 
7fce9c000000-7fce9c2b6000 rw-p 00000000 00:00 0 
7fce9c2b6000-7fcea0000000 ---p 00000000 00:00 0 
7fcea0011000-7fcea009d000 rw-p 00000000 00:00 0 
7fcea009d000-7fcea009e000 ---p 00000000 00:00 0 
7fcea009e000-7fcea019f000 rw-p 00000000 00:00 0 
7fcea019f000-7fcea01a0000 ---p 00000000 00:00 0 
7fcea01a0000-7fcea02a1000 rw-p 00000000 00:00 0 
7fcea02a1000-7fcea02a2000 ---p 00000000 00:00 0 
7fcea02a2000-7fcea03cb000 rw-p 00000000 00:00 0 
7fcea03cb000-7fcea0623000 ---p 00000000 00:00 0 
7fcea0623000-7fcea064b000 rw-p 00000000 00:00 0 
7fcea064b000-7fcea08a3000 ---p 00000000 00:00 0 
7fcea08a3000-7fcea08cb000 rw-p 00000000 00:00 0 
7fcea08cb000-7fcea0b23000 ---p 00000000 00:00 0 
7fcea0b23000-7fcea0f2c000 rw-p 00000000 00:00 0 
7fcea0f2c000-7fcea1012000 ---p 00000000 00:00 0 
7fcea1012000-7fcea1017000 rw-p 00000000 00:00 0 
7fcea1017000-7fcea10fd000 ---p 00000000 00:00 0 
7fcea10fd000-7fcea1118000 r-xp 00000000 08:01 3284776                    /home/dmitry/Downloads/LOOM/loom/build/linux-x86_64-server-release/jdk/lib/libjimage.so
7fcea1118000-7fcea1317000 ---p 0001b000 08:01 3284776                    /home/dmitry/Downloads/LOOM/loom/build/linux-x86_64-server-release/jdk/lib/libjimage.so
7fcea1317000-7fcea1319000 r--p 0001a000 08:01 3284776                    /home/dmitry/Downloads/LOOM/loom/build/linux-x86_64-server-release/jdk/lib/libjimage.so
7fcea1319000-7fcea131a000 rw-p 0001c000 08:01 3284776                    /home/dmitry/Downloads/LOOM/loom/build/linux-x86_64-server-release/jdk/lib/libjimage.so
7fcea131a000-7fcea1321000 r-xp 00000000 08:01 3284771                    /home/dmitry/Downloads/LOOM/loom/build/linux-x86_64-server-release/jdk/lib/libzip.so
7fcea1321000-7fcea1520000 ---p 00007000 08:01 3284771                    /home/dmitry/Downloads/LOOM/loom/build/linux-x86_64-server-release/jdk/lib/libzip.so
7fcea1520000-7fcea1521000 r--p 00006000 08:01 3284771                    /home/dmitry/Downloads/LOOM/loom/build/linux-x86_64-server-release/jdk/lib/libzip.so
7fcea1521000-7fcea1522000 rw-p 00007000 08:01 3284771                    /home/dmitry/Downloads/LOOM/loom/build/linux-x86_64-server-release/jdk/lib/libzip.so
7fcea1522000-7fcea152d000 r-xp 00000000 08:01 1184572                    /lib/x86_64-linux-gnu/libnss_files-2.27.so
7fcea152d000-7fcea172c000 ---p 0000b000 08:01 1184572                    /lib/x86_64-linux-gnu/libnss_files-2.27.so
7fcea172c000-7fcea172d000 r--p 0000a000 08:01 1184572                    /lib/x86_64-linux-gnu/libnss_files-2.27.so
7fcea172d000-7fcea172e000 rw-p 0000b000 08:01 1184572                    /lib/x86_64-linux-gnu/libnss_files-2.27.so
7fcea172e000-7fcea1734000 rw-p 00000000 00:00 0 
7fcea1734000-7fcea174b000 r-xp 00000000 08:01 1184566                    /lib/x86_64-linux-gnu/libnsl-2.27.so
7fcea174b000-7fcea194a000 ---p 00017000 08:01 1184566                    /lib/x86_64-linux-gnu/libnsl-2.27.so
7fcea194a000-7fcea194b000 r--p 00016000 08:01 1184566                    /lib/x86_64-linux-gnu/libnsl-2.27.so
7fcea194b000-7fcea194c000 rw-p 00017000 08:01 1184566                    /lib/x86_64-linux-gnu/libnsl-2.27.so
7fcea194c000-7fcea194e000 rw-p 00000000 00:00 0 
7fcea194e000-7fcea1959000 r-xp 00000000 08:01 1184583                    /lib/x86_64-linux-gnu/libnss_nis-2.27.so
7fcea1959000-7fcea1b58000 ---p 0000b000 08:01 1184583                    /lib/x86_64-linux-gnu/libnss_nis-2.27.so
7fcea1b58000-7fcea1b59000 r--p 0000a000 08:01 1184583                    /lib/x86_64-linux-gnu/libnss_nis-2.27.so
7fcea1b59000-7fcea1b5a000 rw-p 0000b000 08:01 1184583                    /lib/x86_64-linux-gnu/libnss_nis-2.27.so
7fcea1b5a000-7fcea1b62000 r-xp 00000000 08:01 1184568                    /lib/x86_64-linux-gnu/libnss_compat-2.27.so
7fcea1b62000-7fcea1d62000 ---p 00008000 08:01 1184568                    /lib/x86_64-linux-gnu/libnss_compat-2.27.so
7fcea1d62000-7fcea1d63000 r--p 00008000 08:01 1184568                    /lib/x86_64-linux-gnu/libnss_compat-2.27.so
7fcea1d63000-7fcea1d64000 rw-p 00009000 08:01 1184568                    /lib/x86_64-linux-gnu/libnss_compat-2.27.so
7fcea1d64000-7fcea1da3000 r-xp 00000000 08:01 3284817                    /home/dmitry/Downloads/LOOM/loom/build/linux-x86_64-server-release/jdk/lib/libjdwp.so
7fcea1da3000-7fcea1fa2000 ---p 0003f000 08:01 3284817                    /home/dmitry/Downloads/LOOM/loom/build/linux-x86_64-server-release/jdk/lib/libjdwp.so
7fcea1fa2000-7fcea1fa3000 r--p 0003e000 08:01 3284817                    /home/dmitry/Downloads/LOOM/loom/build/linux-x86_64-server-release/jdk/lib/libjdwp.so
7fcea1fa3000-7fcea1fa4000 rw-p 0003f000 08:01 3284817                    /home/dmitry/Downloads/LOOM/loom/build/linux-x86_64-server-release/jdk/lib/libjdwp.so
7fcea1fa4000-7fcea1fa5000 rw-p 00000000 00:00 0 
7fcea1fa5000-7fcea1fce000 r-xp 00000000 08:01 3284770                    /home/dmitry/Downloads/LOOM/loom/build/linux-x86_64-server-release/jdk/lib/libjava.so
7fcea1fce000-7fcea21cd000 ---p 00029000 08:01 3284770                    /home/dmitry/Downloads/LOOM/loom/build/linux-x86_64-server-release/jdk/lib/libjava.so
7fcea21cd000-7fcea21ce000 r--p 00028000 08:01 3284770                    /home/dmitry/Downloads/LOOM/loom/build/linux-x86_64-server-release/jdk/lib/libjava.so
7fcea21ce000-7fcea21d0000 rw-p 00029000 08:01 3284770                    /home/dmitry/Downloads/LOOM/loom/build/linux-x86_64-server-release/jdk/lib/libjava.so
7fcea21d0000-7fcea21dd000 r-xp 00000000 08:01 3284763                    /home/dmitry/Downloads/LOOM/loom/build/linux-x86_64-server-release/jdk/lib/libverify.so
7fcea21dd000-7fcea23dc000 ---p 0000d000 08:01 3284763                    /home/dmitry/Downloads/LOOM/loom/build/linux-x86_64-server-release/jdk/lib/libverify.so
7fcea23dc000-7fcea23de000 r--p 0000c000 08:01 3284763                    /home/dmitry/Downloads/LOOM/loom/build/linux-x86_64-server-release/jdk/lib/libverify.so
7fcea23de000-7fcea23df000 rw-p 0000e000 08:01 3284763                    /home/dmitry/Downloads/LOOM/loom/build/linux-x86_64-server-release/jdk/lib/libverify.so
7fcea23df000-7fcea257c000 r-xp 00000000 08:01 1184545                    /lib/x86_64-linux-gnu/libm-2.27.so
7fcea257c000-7fcea277b000 ---p 0019d000 08:01 1184545                    /lib/x86_64-linux-gnu/libm-2.27.so
7fcea277b000-7fcea277c000 r--p 0019c000 08:01 1184545                    /lib/x86_64-linux-gnu/libm-2.27.so
7fcea277c000-7fcea277d000 rw-p 0019d000 08:01 1184545                    /lib/x86_64-linux-gnu/libm-2.27.so
7fcea277d000-7fcea3aa9000 r-xp 00000000 08:01 3284761                    /home/dmitry/Downloads/LOOM/loom/build/linux-x86_64-server-release/jdk/lib/server/libjvm.so
7fcea3aa9000-7fcea3ca8000 ---p 0132c000 08:01 3284761                    /home/dmitry/Downloads/LOOM/loom/build/linux-x86_64-server-release/jdk/lib/server/libjvm.so
7fcea3ca8000-7fcea3d70000 r--p 0132b000 08:01 3284761                    /home/dmitry/Downloads/LOOM/loom/build/linux-x86_64-server-release/jdk/lib/server/libjvm.so
7fcea3d70000-7fcea3dab000 rw-p 013f3000 08:01 3284761                    /home/dmitry/Downloads/LOOM/loom/build/linux-x86_64-server-release/jdk/lib/server/libjvm.so
7fcea3dab000-7fcea3e31000 rw-p 00000000 00:00 0 
7fcea3e31000-7fcea3e4b000 r-xp 00000000 08:01 1184615                    /lib/x86_64-linux-gnu/libpthread-2.27.so
7fcea3e4b000-7fcea404a000 ---p 0001a000 08:01 1184615                    /lib/x86_64-linux-gnu/libpthread-2.27.so
7fcea404a000-7fcea404b000 r--p 00019000 08:01 1184615                    /lib/x86_64-linux-gnu/libpthread-2.27.so
7fcea404b000-7fcea404c000 rw-p 0001a000 08:01 1184615                    /lib/x86_64-linux-gnu/libpthread-2.27.so
7fcea404c000-7fcea4050000 rw-p 00000000 00:00 0 
7fcea4050000-7fcea4053000 r-xp 00000000 08:01 1184505                    /lib/x86_64-linux-gnu/libdl-2.27.so
7fcea4053000-7fcea4252000 ---p 00003000 08:01 1184505                    /lib/x86_64-linux-gnu/libdl-2.27.so
7fcea4252000-7fcea4253000 r--p 00002000 08:01 1184505                    /lib/x86_64-linux-gnu/libdl-2.27.so
7fcea4253000-7fcea4254000 rw-p 00003000 08:01 1184505                    /lib/x86_64-linux-gnu/libdl-2.27.so
7fcea4254000-7fcea4270000 r-xp 00000000 08:01 1184654                    /lib/x86_64-linux-gnu/libz.so.1.2.11
7fcea4270000-7fcea446f000 ---p 0001c000 08:01 1184654                    /lib/x86_64-linux-gnu/libz.so.1.2.11
7fcea446f000-7fcea4470000 r--p 0001b000 08:01 1184654                    /lib/x86_64-linux-gnu/libz.so.1.2.11
7fcea4470000-7fcea4471000 rw-p 0001c000 08:01 1184654                    /lib/x86_64-linux-gnu/libz.so.1.2.11
7fcea4471000-7fcea4658000 r-xp 00000000 08:01 1184482                    /lib/x86_64-linux-gnu/libc-2.27.so
7fcea4658000-7fcea4858000 ---p 001e7000 08:01 1184482                    /lib/x86_64-linux-gnu/libc-2.27.so
7fcea4858000-7fcea485c000 r--p 001e7000 08:01 1184482                    /lib/x86_64-linux-gnu/libc-2.27.so
7fcea485c000-7fcea485e000 rw-p 001eb000 08:01 1184482                    /lib/x86_64-linux-gnu/libc-2.27.so
7fcea485e000-7fcea4862000 rw-p 00000000 00:00 0 
7fcea4862000-7fcea4872000 r-xp 00000000 08:01 3284765                    /home/dmitry/Downloads/LOOM/loom/build/linux-x86_64-server-release/jdk/lib/libjli.so
7fcea4872000-7fcea4a71000 ---p 00010000 08:01 3284765                    /home/dmitry/Downloads/LOOM/loom/build/linux-x86_64-server-release/jdk/lib/libjli.so
7fcea4a71000-7fcea4a72000 r--p 0000f000 08:01 3284765                    /home/dmitry/Downloads/LOOM/loom/build/linux-x86_64-server-release/jdk/lib/libjli.so
7fcea4a72000-7fcea4a73000 rw-p 00010000 08:01 3284765                    /home/dmitry/Downloads/LOOM/loom/build/linux-x86_64-server-release/jdk/lib/libjli.so
7fcea4a73000-7fcea4a9a000 r-xp 00000000 08:01 1184454                    /lib/x86_64-linux-gnu/ld-2.27.so
7fcea4ac7000-7fcea4b7a000 rw-p 00000000 00:00 0 
7fcea4b7a000-7fcea4b81000 ---p 00000000 00:00 0 
7fcea4b81000-7fcea4b85000 ---p 00000000 00:00 0 
7fcea4b85000-7fcea4c84000 rw-p 00000000 00:00 0 
7fcea4c86000-7fcea4c8d000 r--s 00000000 08:01 10488549                   /usr/lib/x86_64-linux-gnu/gconv/gconv-modules.cache
7fcea4c8d000-7fcea4c95000 rw-s 00000000 08:01 524312                     /tmp/hsperfdata_dmitry/2903
7fcea4c95000-7fcea4c96000 ---p 00000000 00:00 0 
7fcea4c96000-7fcea4c97000 r--p 00000000 00:00 0 
7fcea4c97000-7fcea4c98000 ---p 00000000 00:00 0 
7fcea4c98000-7fcea4c9a000 rw-p 00000000 00:00 0 
7fcea4c9a000-7fcea4c9b000 r--p 00027000 08:01 1184454                    /lib/x86_64-linux-gnu/ld-2.27.so
7fcea4c9b000-7fcea4c9c000 rw-p 00028000 08:01 1184454                    /lib/x86_64-linux-gnu/ld-2.27.so
7fcea4c9c000-7fcea4c9d000 rw-p 00000000 00:00 0 
7ffc23ad4000-7ffc23af7000 rw-p 00000000 00:00 0                          [stack]
7ffc23b9d000-7ffc23ba0000 r--p 00000000 00:00 0                          [vvar]
7ffc23ba0000-7ffc23ba2000 r-xp 00000000 00:00 0                          [vdso]
ffffffffff600000-ffffffffff601000 r-xp 00000000 00:00 0                  [vsyscall]


VM Arguments:
jvm_args: -agentlib:jdwp=transport=dt_socket,address=127.0.0.1:31787,suspend=y,server=n -Dfile.encoding=UTF-8 
java_command: Main
java_class_path (initial): /home/dmitry/Downloads/LOOM/loom/build/linux-x86_64-server-release/jdk/modules/java.base:/home/dmitry/Downloads/LOOM/loom/build/linux-x86_64-server-release/jdk/modules/java.compiler:/home/dmitry/Downloads/LOOM/loom/build/linux-x86_64-server-release/jdk/modules/java.datatransfer:/home/dmitry/Downloads/LOOM/loom/build/linux-x86_64-server-release/jdk/modules/java.desktop:/home/dmitry/Downloads/LOOM/loom/build/linux-x86_64-server-release/jdk/modules/java.instrument:/home/dmitry/Downloads/LOOM/loom/build/linux-x86_64-server-release/jdk/modules/java.logging:/home/dmitry/Downloads/LOOM/loom/build/linux-x86_64-server-release/jdk/modules/java.management:/home/dmitry/Downloads/LOOM/loom/build/linux-x86_64-server-release/jdk/modules/java.management.rmi:/home/dmitry/Downloads/LOOM/loom/build/linux-x86_64-server-release/jdk/modules/java.naming:/home/dmitry/Downloads/LOOM/loom/build/linux-x86_64-server-release/jdk/modules/java.net.http:/home/dmitry/Downloads/LOOM/loom/build/linux-x86_64-server-release/jdk/modules/java.prefs:/home/dmitry/Downloads/LOOM/loom/build/linux-x86_64-server-release/jdk/modules/java.rmi:/home/dmitry/Downloads/LOOM/loom/build/linux-x86_64-server-release/jdk/modules/java.scripting:/home/dmitry/Downloads/LOOM/loom/build/linux-x86_64-server-release/jdk/modules/java.se:/home/dmitry/Downloads/LOOM/loom/build/linux-x86_64-server-release/jdk/modules/java.security.jgss:/home/dmitry/Downloads/LOOM/loom/build/linux-x86_64-server-release/jdk/modules/java.security.sasl:/home/dmitry/Downloads/LOOM/loom/build/linux-x86_64-server-release/jdk/modules/java.smartcardio:/home/dmitry/Downloads/LOOM/loom/build/linux-x86_64-server-release/jdk/modules/java.sql:/home/dmitry/Downloads/LOOM/loom/build/linux-x86_64-server-release/jdk/modules/java.sql.rowset:/home/dmitry/Downloads/LOOM/loom/build/linux-x86_64-server-release/jdk/modules/java.transaction.xa:/home/dmitry/Downloads/LOOM/loom/build/linux-x86_64-server-release/jdk/modules/java.xml:/home/dmitry/D
Launcher Type: SUN_STANDARD

[Global flags]
     intx CICompilerCount                          = 3                                         {product} {ergonomic}
     uint ConcGCThreads                            = 1                                         {product} {ergonomic}
     uint G1ConcRefinementThreads                  = 4                                         {product} {ergonomic}
   size_t G1HeapRegionSize                         = 1048576                                   {product} {ergonomic}
    uintx GCDrainStackTargetSize                   = 64                                        {product} {ergonomic}
   size_t InitialHeapSize                          = 83886080                                  {product} {ergonomic}
   size_t MarkStackSize                            = 4194304                                   {product} {ergonomic}
   size_t MaxHeapSize                              = 1342177280                                {product} {ergonomic}
   size_t MaxNewSize                               = 805306368                                 {product} {ergonomic}
   size_t MinHeapDeltaBytes                        = 1048576                                   {product} {ergonomic}
    uintx NonNMethodCodeHeapSize                   = 5830732                                {pd product} {ergonomic}
    uintx NonProfiledCodeHeapSize                  = 122913754                              {pd product} {ergonomic}
    uintx ProfiledCodeHeapSize                     = 122913754                              {pd product} {ergonomic}
    uintx ReservedCodeCacheSize                    = 251658240                              {pd product} {ergonomic}
     bool SegmentedCodeCache                       = true                                      {product} {ergonomic}
     bool UseCompressedClassPointers               = true                                 {lp64_product} {ergonomic}
     bool UseCompressedOops                        = true                                 {lp64_product} {ergonomic}
     bool UseG1GC                                  = true                                      {product} {ergonomic}

Logging:
Log output configuration:
 #0: stdout all=warning uptime,level,tags
 #1: stderr all=off uptime,level,tags

Environment Variables:
JAVA_HOME=/home/dmitry/usr/local/java/jdk1.8.0
PATH=/bin:/bin:/usr/local/sbin:/usr/local/bin:/usr/sbin:/usr/bin:/sbin:/bin:/usr/games:/usr/local/games:/snap/bin
USERNAME=dmitry
SHELL=/bin/bash
DISPLAY=:0

Signal Handlers:
SIGSEGV: [libjvm.so+0xfe38e0], sa_mask[0]=11111111011111111101111111111110, sa_flags=SA_RESTART|SA_SIGINFO
SIGBUS: [libjvm.so+0xfe38e0], sa_mask[0]=11111111011111111101111111111110, sa_flags=SA_RESTART|SA_SIGINFO
SIGFPE: [libjvm.so+0xfe38e0], sa_mask[0]=11111111011111111101111111111110, sa_flags=SA_RESTART|SA_SIGINFO
SIGPIPE: [libjvm.so+0xc81160], sa_mask[0]=11111111011111111101111111111110, sa_flags=SA_RESTART|SA_SIGINFO
SIGXFSZ: [libjvm.so+0xc81160], sa_mask[0]=11111111011111111101111111111110, sa_flags=SA_RESTART|SA_SIGINFO
SIGILL: [libjvm.so+0xfe38e0], sa_mask[0]=11111111011111111101111111111110, sa_flags=SA_RESTART|SA_SIGINFO
SIGUSR2: [libjvm.so+0xc81000], sa_mask[0]=00100000000000000000000000000000, sa_flags=SA_RESTART|SA_SIGINFO
SIGHUP: [libjvm.so+0xc81600], sa_mask[0]=11111111011111111101111111111110, sa_flags=SA_RESTART|SA_SIGINFO
SIGINT: [libjvm.so+0xc81600], sa_mask[0]=11111111011111111101111111111110, sa_flags=SA_RESTART|SA_SIGINFO
SIGTERM: [libjvm.so+0xc81600], sa_mask[0]=11111111011111111101111111111110, sa_flags=SA_RESTART|SA_SIGINFO
SIGQUIT: [libjvm.so+0xc81600], sa_mask[0]=11111111011111111101111111111110, sa_flags=SA_RESTART|SA_SIGINFO


---------------  S Y S T E M  ---------------

OS:DISTRIB_ID=Ubuntu
DISTRIB_RELEASE=18.04
DISTRIB_CODENAME=bionic
DISTRIB_DESCRIPTION="Ubuntu 18.04.2 LTS"
uname:Linux 4.18.0-18-generic #19~18.04.1-Ubuntu SMP Fri Apr 5 10:22:13 UTC 2019 x86_64
libc:glibc 2.27 NPTL 2.27 
rlimit: STACK 8192k, CORE 0k, NPROC 20276, NOFILE 4096, AS infinity, DATA infinity, FSIZE infinity
load average:0,47 1,43 1,13

/proc/meminfo:
MemTotal:        5234984 kB
MemFree:         1629708 kB
MemAvailable:    3015456 kB
Buffers:           97036 kB
Cached:          1476532 kB
SwapCached:            0 kB
Active:          2276012 kB
Inactive:        1064620 kB
Active(anon):    1767980 kB
Inactive(anon):    41060 kB
Active(file):     508032 kB
Inactive(file):  1023560 kB
Unevictable:          32 kB
Mlocked:              32 kB
SwapTotal:       2097148 kB
SwapFree:        2097148 kB
Dirty:                40 kB
Writeback:             0 kB
AnonPages:       1767196 kB
Mapped:           301544 kB
Shmem:             41980 kB
Slab:             160352 kB
SReclaimable:     121496 kB
SUnreclaim:        38856 kB
KernelStack:        9392 kB
PageTables:        33580 kB
NFS_Unstable:          0 kB
Bounce:                0 kB
WritebackTmp:          0 kB
CommitLimit:     4714640 kB
Committed_AS:    4911672 kB
VmallocTotal:   34359738367 kB
VmallocUsed:           0 kB
VmallocChunk:          0 kB
HardwareCorrupted:     0 kB
AnonHugePages:         0 kB
ShmemHugePages:        0 kB
ShmemPmdMapped:        0 kB
CmaTotal:              0 kB
CmaFree:               0 kB
HugePages_Total:       0
HugePages_Free:        0
HugePages_Rsvd:        0
HugePages_Surp:        0
Hugepagesize:       2048 kB
Hugetlb:               0 kB
DirectMap4k:      124864 kB
DirectMap2M:     5285888 kB


/proc/sys/kernel/threads-max (system-wide limit on the number of threads):
40552


/proc/sys/vm/max_map_count (maximum number of memory map areas a process may have):
65530


/proc/sys/kernel/pid_max (system-wide limit on number of process identifiers):
32768



container (cgroup) information:
container_type: cgroupv1
cpu_cpuset_cpus: 0-3
cpu_memory_nodes: 0
active_processor_count: 4
cpu_quota: no quota
cpu_period: 100000
cpu_shares: no shares
memory_limit_in_bytes: unlimited
memory_and_swap_limit_in_bytes: not supported
memory_soft_limit_in_bytes: unlimited
memory_usage_in_bytes: 3420516352
memory_max_usage_in_bytes: unlimited

KVM virtualization detected
Steal ticks since vm start: 0
Steal ticks percentage since vm start:  0,000

CPU:total 4 (initial active 4) (4 cores per cpu, 1 threads per core) family 6 model 60 stepping 3, cmov, cx8, fxsr, mmx, sse, sse2, sse3, ssse3, sse4.1, sse4.2, popcnt, avx, avx2, aes, clmul, lzcnt, tsc, tscinvbit
CPU Model and flags from /proc/cpuinfo:
model name	: Intel(R) Core(TM) i7-4700HQ CPU @ 2.40GHz
flags		: fpu vme de pse tsc msr pae mce cx8 apic sep mtrr pge mca cmov pat pse36 clflush mmx fxsr sse sse2 ht syscall nx rdtscp lm constant_tsc rep_good nopl xtopology nonstop_tsc cpuid tsc_known_freq pni pclmulqdq ssse3 cx16 pcid sse4_1 sse4_2 x2apic movbe popcnt aes xsave avx rdrand hypervisor lahf_lm abm invpcid_single pti fsgsbase avx2 invpcid flush_l1d

Memory: 4k page, physical 5234984k(1629708k free), swap 2097148k(2097148k free)

vm_info: OpenJDK 64-Bit Server VM (13-internal+0-adhoc.dmitry.loom) for linux-amd64 JRE (13-internal+0-adhoc.dmitry.loom), built on May 15 2019 03:47:32 by "dmitry" with gcc 7.4.0

END.
