#
# A fatal error has been detected by the Java Runtime Environment:
#
#  Internal Error (/home/dmitry/Downloads/LOOM/loom/src/hotspot/share/runtime/continuation.cpp:2643), pid=5196, tid=5229
#  assert(cont != __null && oopDesc::is_oop_or_null(cont)) failed: Invalid cont: 0x0000000000000000
#
# JRE version: OpenJDK Runtime Environment (13.0) (slowdebug build 13-internal+0-adhoc.dmitry.loom)
# Java VM: OpenJDK 64-Bit Server VM (slowdebug 13-internal+0-adhoc.dmitry.loom, mixed mode, tiered, compressed oops, g1 gc, linux-amd64)
# Problematic frame:
# V  [libjvm.so+0x8b0299]  Continuation::freeze0(JavaThread*, FrameInfo*, bool)+0x37d
#
# Core dump will be written. Default location: Core dumps may be processed with "/usr/share/apport/apport %p %s %c %d %P" (or dumping to /home/dmitry/Downloads/LoadDetector/core.5196)
#
# If you would like to submit a bug report, please visit:
#   http://bugreport.java.com/bugreport/crash.jsp
#

---------------  S U M M A R Y ------------

Command Line: -agentlib:jdwp=transport=dt_socket,address=127.0.0.1:2771,suspend=y,server=n -Dfile.encoding=UTF-8 Main

Host: dmitry-VirtualBox, Intel(R) Core(TM) i7-4700HQ CPU @ 2.40GHz, 4 cores, 4G, Ubuntu 18.04.2 LTS
Time: Sat Jun  8 17:59:10 2019 MSK elapsed time: 99 seconds (0d 0h 1m 39s)

---------------  T H R E A D  ---------------

Current thread (0x00007fef10652800):  JavaThread "Thread-1" [_thread_in_vm, id=5229, stack(0x00007feebf9f9000,0x00007feebfafa000)]

Stack: [0x00007feebf9f9000,0x00007feebfafa000],  sp=0x00007feebfaf5c90,  free space=1011k
Native frames: (J=compiled Java code, A=aot compiled Java code, j=interpreted, Vv=VM code, C=native code)
V  [libjvm.so+0x8b0299]  Continuation::freeze0(JavaThread*, FrameInfo*, bool)+0x37d
V  [libjvm.so+0x8b0b4f]  Continuation::freeze(JavaThread*, FrameInfo*)+0x133
v  ~RuntimeStub::cont_doYield

[error occurred during error reporting (printing native stack), id 0xe0000000, Internal Error (/home/dmitry/Downloads/LOOM/loom/src/hotspot/cpu/x86/frame_x86.inline.hpp:108)]

Java frames: (J=compiled Java code, j=interpreted, Vv=VM code)
v  ~RuntimeStub::cont_doYield
j  java.lang.Continuation.yield0(Ljava/lang/ContinuationScope;Ljava/lang/Continuation;)Z+60 java.base
j  java.lang.Continuation.myYield(Ljava/lang/Thread;Ljava/lang/ContinuationScope;)Z+71 java.base
j  Main.lambda$main$1(Ljava/lang/Thread;Ljava/lang/ContinuationScope;)V+21
j  Main$$Lambda$47.run()V+8
j  java.lang.Thread.run()V+11 java.base
v  ~StubRoutines::call_stub
Register to memory mapping:

RAX=0x00007fef179c9000 points into unknown readable memory: 58 00 00 00 00 00 00 00
RBX={method} {0x00007feeed889038} 'doYield' '(I)I' in 'java/lang/Continuation'
RCX=0x000000000000004c is an unknown value
RDX=0x000000000008c076 is an unknown value
RSP=0x00007feebfaf5c90 is pointing into the stack for thread: 0x00007fef10652800
RBP=0x00007feebfaf8290 is pointing into the stack for thread: 0x00007fef10652800
RSI=0x0 is NULL
RDI=0x000000000008c076 is an unknown value
R8 =0x0 is NULL
R9 =0x000000010000a8c8 is a pointer to class: 
java.lang.Continuation {0x000000010000a8c8}
 - instance size:     14
 - klass size:        117
 - access:            public synchronized 
 - state:             fully_initialized
 - name:              'java/lang/Continuation'
 - super:             'java/lang/Object'
 - sub:               
 - arrays:            NULL
 - methods:           Array<T>(0x00007feeed8830c0)
 - method ordering:   Array<T>(0x00007feeed88a5e8)
 - default_methods:   Array<T>(0x0000000000000000)
 - local interfaces:  Array<T>(0x00007feeed882ef8)
 - trans. interfaces: Array<T>(0x00007feeed882ef8)
 - constants:         constant pool [912]/operands[21] {0x00007feeed8810c0} for 'java/lang/Continuation' cache=0x00007feeededb258
 - class loader data:  loader data: 0x00007fef100e60b0 of 'bootstrap'
 - unsafe anonymous host class:        NULL
 - source file:       'Continuation.java'
 - class annotations:       Array<T>(0x0000000000000000)
 - class type annotations:  Array<T>(0x0000000000000000)
 - field annotations:       Array<T>(0x0000000000000000)
 - field type annotations:  Array<T>(0x0000000000000000)
 - inner classes:     Array<T>(0x00007feeed88a590)
 - nest members:     Array<T>(0x00007feeed88a5d0)
 - java mirror:       a 'java/lang/Class'{0x00000000b4f028e0} = 'java/lang/Continuation'
 - vtable length      54  (start addr: 0x000000010000aaa8)
 - itable length      2 (start addr: 0x000000010000ac58)
 - ---- static fields (5 words):
 - private static final 'serialVersionUID' 'J' @128 
 - private static final 'unsafe' 'Ljdk/internal/misc/Unsafe;' @112 
 - private static final 'TRACE' 'Z' @140 
 - private static final 'DEBUG' 'Z' @141 
 - private static final 'FLAG_LAST_FRAME_INTERPRETED' 'B' @142 
 - private static final 'FLAG_SAFEPOINT_YIELD' 'B' @143 
 - private static final 'WATERMARK_THRESHOLD' 'I' @136 
 - private static final 'MOUNTED' 'Ljava/lang/invoke/VarHandle;' @116 
 - private static strict 'liveNmethods' 'Ljava/util/Map;' @120 
 - static final synthetic '$assertionsDisabled' 'Z' @144 
 - ---- non-static fields (25 words):
 - private 'sp' 'I' @12 
 - private 'fp' 'J' @16 
 - private 'pc' 'J' @24 
 - private 'entrySP' 'J' @32 
 - private 'entryFP' 'J' @40 
 - private 'entryPC' 'J' @48 
 - private 'refSP' 'I' @56 
 - private 'maxSize' 'I' @60 
 - private 'stackWatermark' 'I' @64 
 - private 'refStackWatermark' 'I' @68 
 - private 'cs' 'S' @72 
 - private 'numFrames' 'S' @74 
 - private 'numInterpretedFrames' 'S' @76 
 - private 'flags' 'B' @78 
 - private 'done' 'Z' @79 
 - private volatile 'mounted' 'Z' @80 
 - private 'reset' 'Z' @81 
 - private 'sizeCounter' 'B' @82 
 - private 'target' 'Ljava/lang/Runnable;' @84 
 - private final 'scope' 'Ljava/lang/ContinuationScope;' @88 
 - private 'parent' 'Ljava/lang/Continuation;' @92 
 - private 'child' 'Ljava/lang/Continuation;' @96 
 - private 'stack' '[I' @100 
 - private 'refStack' '[Ljava/lang/Object;' @104 
 - private 'yieldInfo' 'Ljava/lang/Object;' @108 
 - non-static oop maps: 84-108 
R10=0x00007fef00152b76 is at code_begin+22 in 
[CodeBlob (0x00007fef00152a90)]
Framesize: 5
Runtime Stub (0x00007fef00152a90): cont_doYield
R11=0x0000000000000001 is an unknown value
R12=0x0 is NULL
R13=0x00007feebfaf8348 is pointing into the stack for thread: 0x00007fef10652800
R14=0x00007feebfaf83c8 is pointing into the stack for thread: 0x00007fef10652800
R15=0x00007fef10652800 is a thread


Registers:
RAX=0x00007fef179c9000, RBX=0x00007feeed889038, RCX=0x000000000000004c, RDX=0x000000000008c076
RSP=0x00007feebfaf5c90, RBP=0x00007feebfaf8290, RSI=0x0000000000000000, RDI=0x000000000008c076
R8 =0x0000000000000000, R9 =0x000000010000a8c8, R10=0x00007fef00152b76, R11=0x0000000000000001
R12=0x0000000000000000, R13=0x00007feebfaf8348, R14=0x00007feebfaf83c8, R15=0x00007fef10652800
RIP=0x00007fef1511c299, EFLAGS=0x0000000000010202, CSGSFS=0x002b000000000033, ERR=0x0000000000000006
  TRAPNO=0x000000000000000e

Top of Stack: (sp=0x00007feebfaf5c90)
0x00007feebfaf5c90:   abababababababab abababababababab
0x00007feebfaf5ca0:   abababababababab abababababababab
0x00007feebfaf5cb0:   abababababababab abababababababab
0x00007feebfaf5cc0:   abababababababab abababababababab 

Instructions: (pc=0x00007fef1511c299)
0x00007fef1511c199:   48 8b 95 78 da ff ff 48 8d 85 90 da ff ff 48 89
0x00007fef1511c1a9:   d6 48 89 c7 e8 6e 9b d0 ff 48 8b 95 78 da ff ff
0x00007fef1511c1b9:   48 8d 85 10 db ff ff 48 89 d6 48 89 c7 e8 85 71
0x00007fef1511c1c9:   8a 00 48 8b 85 58 da ff ff 48 89 c7 e8 f2 f5 c9
0x00007fef1511c1d9:   ff 84 c0 74 66 48 8b 85 50 da ff ff 48 c7 40 08
0x00007fef1511c1e9:   00 00 00 00 48 8b 85 50 da ff ff 48 c7 40 10 00
0x00007fef1511c1f9:   00 00 00 48 8b 85 50 da ff ff 48 c7 00 00 00 00
0x00007fef1511c209:   00 bf 01 00 00 00 e8 1b d4 00 00 83 f0 01 84 c0
0x00007fef1511c219:   75 11 48 8d 3d bd 65 d2 00 b8 00 00 00 00 e8 25
0x00007fef1511c229:   d4 00 00 48 8b 85 58 da ff ff c6 80 9c 04 00 00
0x00007fef1511c239:   00 bb 04 00 00 00 e9 af 07 00 00 48 8b 85 58 da
0x00007fef1511c249:   ff ff 48 89 c7 e8 cc b6 ff ff 48 89 85 80 da ff
0x00007fef1511c259:   ff 48 83 bd 80 da ff ff 00 74 1b 48 8b 85 80 da
0x00007fef1511c269:   ff ff be 00 00 00 00 48 89 c7 e8 ac ad 79 00 83
0x00007fef1511c279:   f0 01 84 c0 74 07 b8 01 00 00 00 eb 05 b8 00 00
0x00007fef1511c289:   00 00 84 c0 74 48 48 8d 05 ea 60 93 01 48 8b 00
0x00007fef1511c299:   c6 00 58 48 8b 85 80 da ff ff 48 89 c7 e8 9b 0e
0x00007fef1511c2a9:   a7 ff 49 89 c0 48 8d 0d 45 65 d2 00 48 8d 15 5c
0x00007fef1511c2b9:   65 d2 00 be 53 0a 00 00 48 8d 3d 98 53 d2 00 b8
0x00007fef1511c2c9:   00 00 00 00 e8 56 8b 04 00 e8 95 5a 7c 00 48 8b
0x00007fef1511c2d9:   b5 58 da ff ff 48 8d 85 50 db ff ff 41 b8 00 00
0x00007fef1511c2e9:   00 00 b9 00 00 00 00 ba 00 00 00 00 48 89 c7 e8
0x00007fef1511c2f9:   e3 67 16 00 48 8d 85 50 db ff ff be 00 00 00 00
0x00007fef1511c309:   48 89 c7 e8 c3 8c 00 00 48 8d 85 d0 da ff ff 48
0x00007fef1511c319:   8b 95 58 da ff ff 48 89 d6 48 89 c7 e8 bc 7b cb
0x00007fef1511c329:   ff 48 8d 85 d0 da ff ff 48 89 c7 e8 90 e7 ff ff
0x00007fef1511c339:   48 89 c2 48 8d 85 50 db ff ff 48 89 d6 48 89 c7
0x00007fef1511c349:   e8 96 ef 16 00 0f b6 85 4c da ff ff 83 f0 01 84
0x00007fef1511c359:   c0 0f 84 5f 01 00 00 48 8b 85 50 da ff ff 48 8b
0x00007fef1511c369:   00 48 89 c7 e8 6f 9a 00 00 48 89 85 70 da ff ff
0x00007fef1511c379:   e8 91 91 00 00 48 89 c3 48 8d 85 d0 da ff ff 48
0x00007fef1511c389:   89 c7 e8 8e 0e a7 ff 48 89 c6 48 89 df e8 73 b4 


Stack slot to memory mapping:
stack at sp + 0 slots: 0xabababababababab is an unknown value
stack at sp + 1 slots: 0xabababababababab is an unknown value
stack at sp + 2 slots: 0xabababababababab is an unknown value
stack at sp + 3 slots: 0xabababababababab is an unknown value
stack at sp + 4 slots: 0xabababababababab is an unknown value
stack at sp + 5 slots: 0xabababababababab is an unknown value
stack at sp + 6 slots: 0xabababababababab is an unknown value
stack at sp + 7 slots: 0xabababababababab is an unknown value


---------------  P R O C E S S  ---------------

uid  : 1000 euid : 1000 gid  : 1000 egid : 1000

umask: 0022 (----w--w-)

Threads class SMR info:
_java_thread_list=0x00007feeac001b10, length=13, elements={
0x00007fef1027f800, 0x00007fef10285800, 0x00007fef102c9800, 0x00007fef102cc000,
0x00007fef102ce800, 0x00007fef102da000, 0x00007fef1032b800, 0x00007fef105f4000,
0x00007fef105f8000, 0x00007feec4001800, 0x00007fef105fc800, 0x00007fef10652800,
0x00007fef10022800
}
_java_thread_list_alloc_cnt=18, _java_thread_list_free_cnt=16, _java_thread_list_max=14, _nested_thread_list_max=1
_tlh_cnt=3332, _tlh_times=96, avg_tlh_time=0,03, _tlh_time_max=13
_deleted_thread_cnt=2, _deleted_thread_times=0, avg_deleted_thread_time=0,00, _deleted_thread_time_max=0
_delete_lock_wait_cnt=0, _delete_lock_wait_max=0
_to_delete_list_cnt=0, _to_delete_list_max=2

Java Threads: ( => current thread )
  0x00007fef1027f800 JavaThread "Reference Handler" daemon [_thread_blocked, id=5207, stack(0x00007feefc053000,0x00007feefc154000)]
  0x00007fef10285800 JavaThread "Finalizer" daemon [_thread_blocked, id=5208, stack(0x00007feeed6ff000,0x00007feeed800000)]
  0x00007fef102c9800 JavaThread "Signal Dispatcher" daemon [_thread_blocked, id=5213, stack(0x00007feeecc2f000,0x00007feeecd30000)]
  0x00007fef102cc000 JavaThread "C2 CompilerThread0" daemon [_thread_blocked, id=5214, stack(0x00007feeecb2e000,0x00007feeecc2f000)]
  0x00007fef102ce800 JavaThread "C1 CompilerThread0" daemon [_thread_blocked, id=5215, stack(0x00007feeeca2d000,0x00007feeecb2e000)]
  0x00007fef102da000 JavaThread "Sweeper thread" daemon [_thread_blocked, id=5216, stack(0x00007feeec92c000,0x00007feeeca2d000)]
  0x00007fef1032b800 JavaThread "Common-Cleaner" daemon [_thread_blocked, id=5218, stack(0x00007feeec3fc000,0x00007feeec4fd000)]
  0x00007fef105f4000 JavaThread "JDWP Transport Listener: dt_socket" daemon [_thread_blocked, id=5222, stack(0x00007feeec0f4000,0x00007feeec1f5000)]
  0x00007fef105f8000 JavaThread "JDWP Event Helper Thread" daemon [_thread_blocked, id=5223, stack(0x00007feebfeff000,0x00007feec0000000)]
  0x00007feec4001800 JavaThread "JDWP Command Reader" daemon [_thread_in_native, id=5224, stack(0x00007feebfdfe000,0x00007feebfeff000)]
  0x00007fef105fc800 JavaThread "Service Thread" daemon [_thread_blocked, id=5226, stack(0x00007feebfcfd000,0x00007feebfdfe000)]
=>0x00007fef10652800 JavaThread "Thread-1" [_thread_in_vm, id=5229, stack(0x00007feebf9f9000,0x00007feebfafa000)]
  0x00007fef10022800 JavaThread "DestroyJavaVM" [_thread_blocked, id=5197, stack(0x00007fef178b3000,0x00007fef179b4000)]

Other Threads:
  0x00007fef1025c000 VMThread "VM Thread" [stack: 0x00007feefc156000,0x00007feefc256000] [id=5204]
  0x00007fef105ff000 WatcherThread [stack: 0x00007feebfbfd000,0x00007feebfcfd000] [id=5227]
  0x00007fef1006e800 GCTaskThread "GC Thread#0" [stack: 0x00007feefcae5000,0x00007feefcbe5000] [id=5198]
  0x00007fef10078800 ConcurrentGCThread "G1 Main Marker" [stack: 0x00007feefc9e3000,0x00007feefcae3000] [id=5199]
  0x00007fef1007a800 ConcurrentGCThread "G1 Conc#0" [stack: 0x00007feefc8e1000,0x00007feefc9e1000] [id=5200]
  0x00007fef100da000 ConcurrentGCThread "G1 Refine#0" [stack: 0x00007feefc3db000,0x00007feefc4db000] [id=5201]
  0x00007fef100dc000 ConcurrentGCThread "G1 Young RemSet Sampling" [stack: 0x00007feefc2d9000,0x00007feefc3d9000] [id=5202]

Threads with active compile tasks:

VM state:not at safepoint (normal execution)

VM Mutex/Monitor currently owned by a thread: None

Heap address: 0x00000000b0000000, size: 1280 MB, Compressed Oops mode: 32-bit
Narrow klass base: 0x0000000000000000, Narrow klass shift: 3
Compressed class space size: 1073741824 Address: 0x0000000100000000

Heap:
 garbage-first heap   total 81920K, used 8192K [0x00000000b0000000, 0x0000000100000000)
  region size 1024K, 9 young (9216K), 0 survivors (0K)
 Metaspace       used 7975K, capacity 8157K, committed 8320K, reserved 1056768K
  class space    used 710K, capacity 777K, committed 896K, reserved 1048576K
Heap Regions: E=young(eden), S=young(survivor), O=old, HS=humongous(starts), HC=humongous(continues), CS=collection set, F=free, A=archive, TAMS=top-at-mark-start (previous, next)
|   0|0x00000000b0000000, 0x00000000b0000000, 0x00000000b0100000|  0%| F|  |TAMS 0x00000000b0000000, 0x00000000b0000000| Untracked 
|   1|0x00000000b0100000, 0x00000000b0100000, 0x00000000b0200000|  0%| F|  |TAMS 0x00000000b0100000, 0x00000000b0100000| Untracked 
|   2|0x00000000b0200000, 0x00000000b0200000, 0x00000000b0300000|  0%| F|  |TAMS 0x00000000b0200000, 0x00000000b0200000| Untracked 
|   3|0x00000000b0300000, 0x00000000b0300000, 0x00000000b0400000|  0%| F|  |TAMS 0x00000000b0300000, 0x00000000b0300000| Untracked 
|   4|0x00000000b0400000, 0x00000000b0400000, 0x00000000b0500000|  0%| F|  |TAMS 0x00000000b0400000, 0x00000000b0400000| Untracked 
|   5|0x00000000b0500000, 0x00000000b0500000, 0x00000000b0600000|  0%| F|  |TAMS 0x00000000b0500000, 0x00000000b0500000| Untracked 
|   6|0x00000000b0600000, 0x00000000b0600000, 0x00000000b0700000|  0%| F|  |TAMS 0x00000000b0600000, 0x00000000b0600000| Untracked 
|   7|0x00000000b0700000, 0x00000000b0700000, 0x00000000b0800000|  0%| F|  |TAMS 0x00000000b0700000, 0x00000000b0700000| Untracked 
|   8|0x00000000b0800000, 0x00000000b0800000, 0x00000000b0900000|  0%| F|  |TAMS 0x00000000b0800000, 0x00000000b0800000| Untracked 
|   9|0x00000000b0900000, 0x00000000b0900000, 0x00000000b0a00000|  0%| F|  |TAMS 0x00000000b0900000, 0x00000000b0900000| Untracked 
|  10|0x00000000b0a00000, 0x00000000b0a00000, 0x00000000b0b00000|  0%| F|  |TAMS 0x00000000b0a00000, 0x00000000b0a00000| Untracked 
|  11|0x00000000b0b00000, 0x00000000b0b00000, 0x00000000b0c00000|  0%| F|  |TAMS 0x00000000b0b00000, 0x00000000b0b00000| Untracked 
|  12|0x00000000b0c00000, 0x00000000b0c00000, 0x00000000b0d00000|  0%| F|  |TAMS 0x00000000b0c00000, 0x00000000b0c00000| Untracked 
|  13|0x00000000b0d00000, 0x00000000b0d00000, 0x00000000b0e00000|  0%| F|  |TAMS 0x00000000b0d00000, 0x00000000b0d00000| Untracked 
|  14|0x00000000b0e00000, 0x00000000b0e00000, 0x00000000b0f00000|  0%| F|  |TAMS 0x00000000b0e00000, 0x00000000b0e00000| Untracked 
|  15|0x00000000b0f00000, 0x00000000b0f00000, 0x00000000b1000000|  0%| F|  |TAMS 0x00000000b0f00000, 0x00000000b0f00000| Untracked 
|  16|0x00000000b1000000, 0x00000000b1000000, 0x00000000b1100000|  0%| F|  |TAMS 0x00000000b1000000, 0x00000000b1000000| Untracked 
|  17|0x00000000b1100000, 0x00000000b1100000, 0x00000000b1200000|  0%| F|  |TAMS 0x00000000b1100000, 0x00000000b1100000| Untracked 
|  18|0x00000000b1200000, 0x00000000b1200000, 0x00000000b1300000|  0%| F|  |TAMS 0x00000000b1200000, 0x00000000b1200000| Untracked 
|  19|0x00000000b1300000, 0x00000000b1300000, 0x00000000b1400000|  0%| F|  |TAMS 0x00000000b1300000, 0x00000000b1300000| Untracked 
|  20|0x00000000b1400000, 0x00000000b1400000, 0x00000000b1500000|  0%| F|  |TAMS 0x00000000b1400000, 0x00000000b1400000| Untracked 
|  21|0x00000000b1500000, 0x00000000b1500000, 0x00000000b1600000|  0%| F|  |TAMS 0x00000000b1500000, 0x00000000b1500000| Untracked 
|  22|0x00000000b1600000, 0x00000000b1600000, 0x00000000b1700000|  0%| F|  |TAMS 0x00000000b1600000, 0x00000000b1600000| Untracked 
|  23|0x00000000b1700000, 0x00000000b1700000, 0x00000000b1800000|  0%| F|  |TAMS 0x00000000b1700000, 0x00000000b1700000| Untracked 
|  24|0x00000000b1800000, 0x00000000b1800000, 0x00000000b1900000|  0%| F|  |TAMS 0x00000000b1800000, 0x00000000b1800000| Untracked 
|  25|0x00000000b1900000, 0x00000000b1900000, 0x00000000b1a00000|  0%| F|  |TAMS 0x00000000b1900000, 0x00000000b1900000| Untracked 
|  26|0x00000000b1a00000, 0x00000000b1a00000, 0x00000000b1b00000|  0%| F|  |TAMS 0x00000000b1a00000, 0x00000000b1a00000| Untracked 
|  27|0x00000000b1b00000, 0x00000000b1b00000, 0x00000000b1c00000|  0%| F|  |TAMS 0x00000000b1b00000, 0x00000000b1b00000| Untracked 
|  28|0x00000000b1c00000, 0x00000000b1c00000, 0x00000000b1d00000|  0%| F|  |TAMS 0x00000000b1c00000, 0x00000000b1c00000| Untracked 
|  29|0x00000000b1d00000, 0x00000000b1d00000, 0x00000000b1e00000|  0%| F|  |TAMS 0x00000000b1d00000, 0x00000000b1d00000| Untracked 
|  30|0x00000000b1e00000, 0x00000000b1e00000, 0x00000000b1f00000|  0%| F|  |TAMS 0x00000000b1e00000, 0x00000000b1e00000| Untracked 
|  31|0x00000000b1f00000, 0x00000000b1f00000, 0x00000000b2000000|  0%| F|  |TAMS 0x00000000b1f00000, 0x00000000b1f00000| Untracked 
|  32|0x00000000b2000000, 0x00000000b2000000, 0x00000000b2100000|  0%| F|  |TAMS 0x00000000b2000000, 0x00000000b2000000| Untracked 
|  33|0x00000000b2100000, 0x00000000b2100000, 0x00000000b2200000|  0%| F|  |TAMS 0x00000000b2100000, 0x00000000b2100000| Untracked 
|  34|0x00000000b2200000, 0x00000000b2200000, 0x00000000b2300000|  0%| F|  |TAMS 0x00000000b2200000, 0x00000000b2200000| Untracked 
|  35|0x00000000b2300000, 0x00000000b2300000, 0x00000000b2400000|  0%| F|  |TAMS 0x00000000b2300000, 0x00000000b2300000| Untracked 
|  36|0x00000000b2400000, 0x00000000b2400000, 0x00000000b2500000|  0%| F|  |TAMS 0x00000000b2400000, 0x00000000b2400000| Untracked 
|  37|0x00000000b2500000, 0x00000000b2500000, 0x00000000b2600000|  0%| F|  |TAMS 0x00000000b2500000, 0x00000000b2500000| Untracked 
|  38|0x00000000b2600000, 0x00000000b2600000, 0x00000000b2700000|  0%| F|  |TAMS 0x00000000b2600000, 0x00000000b2600000| Untracked 
|  39|0x00000000b2700000, 0x00000000b2700000, 0x00000000b2800000|  0%| F|  |TAMS 0x00000000b2700000, 0x00000000b2700000| Untracked 
|  40|0x00000000b2800000, 0x00000000b2800000, 0x00000000b2900000|  0%| F|  |TAMS 0x00000000b2800000, 0x00000000b2800000| Untracked 
|  41|0x00000000b2900000, 0x00000000b2900000, 0x00000000b2a00000|  0%| F|  |TAMS 0x00000000b2900000, 0x00000000b2900000| Untracked 
|  42|0x00000000b2a00000, 0x00000000b2a00000, 0x00000000b2b00000|  0%| F|  |TAMS 0x00000000b2a00000, 0x00000000b2a00000| Untracked 
|  43|0x00000000b2b00000, 0x00000000b2b00000, 0x00000000b2c00000|  0%| F|  |TAMS 0x00000000b2b00000, 0x00000000b2b00000| Untracked 
|  44|0x00000000b2c00000, 0x00000000b2c00000, 0x00000000b2d00000|  0%| F|  |TAMS 0x00000000b2c00000, 0x00000000b2c00000| Untracked 
|  45|0x00000000b2d00000, 0x00000000b2d00000, 0x00000000b2e00000|  0%| F|  |TAMS 0x00000000b2d00000, 0x00000000b2d00000| Untracked 
|  46|0x00000000b2e00000, 0x00000000b2e00000, 0x00000000b2f00000|  0%| F|  |TAMS 0x00000000b2e00000, 0x00000000b2e00000| Untracked 
|  47|0x00000000b2f00000, 0x00000000b2f00000, 0x00000000b3000000|  0%| F|  |TAMS 0x00000000b2f00000, 0x00000000b2f00000| Untracked 
|  48|0x00000000b3000000, 0x00000000b3000000, 0x00000000b3100000|  0%| F|  |TAMS 0x00000000b3000000, 0x00000000b3000000| Untracked 
|  49|0x00000000b3100000, 0x00000000b3100000, 0x00000000b3200000|  0%| F|  |TAMS 0x00000000b3100000, 0x00000000b3100000| Untracked 
|  50|0x00000000b3200000, 0x00000000b3200000, 0x00000000b3300000|  0%| F|  |TAMS 0x00000000b3200000, 0x00000000b3200000| Untracked 
|  51|0x00000000b3300000, 0x00000000b3300000, 0x00000000b3400000|  0%| F|  |TAMS 0x00000000b3300000, 0x00000000b3300000| Untracked 
|  52|0x00000000b3400000, 0x00000000b3400000, 0x00000000b3500000|  0%| F|  |TAMS 0x00000000b3400000, 0x00000000b3400000| Untracked 
|  53|0x00000000b3500000, 0x00000000b3500000, 0x00000000b3600000|  0%| F|  |TAMS 0x00000000b3500000, 0x00000000b3500000| Untracked 
|  54|0x00000000b3600000, 0x00000000b3600000, 0x00000000b3700000|  0%| F|  |TAMS 0x00000000b3600000, 0x00000000b3600000| Untracked 
|  55|0x00000000b3700000, 0x00000000b3700000, 0x00000000b3800000|  0%| F|  |TAMS 0x00000000b3700000, 0x00000000b3700000| Untracked 
|  56|0x00000000b3800000, 0x00000000b3800000, 0x00000000b3900000|  0%| F|  |TAMS 0x00000000b3800000, 0x00000000b3800000| Untracked 
|  57|0x00000000b3900000, 0x00000000b3900000, 0x00000000b3a00000|  0%| F|  |TAMS 0x00000000b3900000, 0x00000000b3900000| Untracked 
|  58|0x00000000b3a00000, 0x00000000b3a00000, 0x00000000b3b00000|  0%| F|  |TAMS 0x00000000b3a00000, 0x00000000b3a00000| Untracked 
|  59|0x00000000b3b00000, 0x00000000b3b00000, 0x00000000b3c00000|  0%| F|  |TAMS 0x00000000b3b00000, 0x00000000b3b00000| Untracked 
|  60|0x00000000b3c00000, 0x00000000b3c00000, 0x00000000b3d00000|  0%| F|  |TAMS 0x00000000b3c00000, 0x00000000b3c00000| Untracked 
|  61|0x00000000b3d00000, 0x00000000b3d00000, 0x00000000b3e00000|  0%| F|  |TAMS 0x00000000b3d00000, 0x00000000b3d00000| Untracked 
|  62|0x00000000b3e00000, 0x00000000b3e00000, 0x00000000b3f00000|  0%| F|  |TAMS 0x00000000b3e00000, 0x00000000b3e00000| Untracked 
|  63|0x00000000b3f00000, 0x00000000b3f00000, 0x00000000b4000000|  0%| F|  |TAMS 0x00000000b3f00000, 0x00000000b3f00000| Untracked 
|  64|0x00000000b4000000, 0x00000000b4000000, 0x00000000b4100000|  0%| F|  |TAMS 0x00000000b4000000, 0x00000000b4000000| Untracked 
|  65|0x00000000b4100000, 0x00000000b4100000, 0x00000000b4200000|  0%| F|  |TAMS 0x00000000b4100000, 0x00000000b4100000| Untracked 
|  66|0x00000000b4200000, 0x00000000b4200000, 0x00000000b4300000|  0%| F|  |TAMS 0x00000000b4200000, 0x00000000b4200000| Untracked 
|  67|0x00000000b4300000, 0x00000000b4300000, 0x00000000b4400000|  0%| F|  |TAMS 0x00000000b4300000, 0x00000000b4300000| Untracked 
|  68|0x00000000b4400000, 0x00000000b4400000, 0x00000000b4500000|  0%| F|  |TAMS 0x00000000b4400000, 0x00000000b4400000| Untracked 
|  69|0x00000000b4500000, 0x00000000b4500000, 0x00000000b4600000|  0%| F|  |TAMS 0x00000000b4500000, 0x00000000b4500000| Untracked 
|  70|0x00000000b4600000, 0x00000000b4600000, 0x00000000b4700000|  0%| F|  |TAMS 0x00000000b4600000, 0x00000000b4600000| Untracked 
|  71|0x00000000b4700000, 0x00000000b4800000, 0x00000000b4800000|100%| E|  |TAMS 0x00000000b4700000, 0x00000000b4700000| Complete 
|  72|0x00000000b4800000, 0x00000000b4900000, 0x00000000b4900000|100%| E|CS|TAMS 0x00000000b4800000, 0x00000000b4800000| Complete 
|  73|0x00000000b4900000, 0x00000000b4a00000, 0x00000000b4a00000|100%| E|CS|TAMS 0x00000000b4900000, 0x00000000b4900000| Complete 
|  74|0x00000000b4a00000, 0x00000000b4b00000, 0x00000000b4b00000|100%| E|CS|TAMS 0x00000000b4a00000, 0x00000000b4a00000| Complete 
|  75|0x00000000b4b00000, 0x00000000b4c00000, 0x00000000b4c00000|100%| E|CS|TAMS 0x00000000b4b00000, 0x00000000b4b00000| Complete 
|  76|0x00000000b4c00000, 0x00000000b4d00000, 0x00000000b4d00000|100%| E|CS|TAMS 0x00000000b4c00000, 0x00000000b4c00000| Complete 
|  77|0x00000000b4d00000, 0x00000000b4e00000, 0x00000000b4e00000|100%| E|CS|TAMS 0x00000000b4d00000, 0x00000000b4d00000| Complete 
|  78|0x00000000b4e00000, 0x00000000b4f00000, 0x00000000b4f00000|100%| E|CS|TAMS 0x00000000b4e00000, 0x00000000b4e00000| Complete 
|  79|0x00000000b4f00000, 0x00000000b5000000, 0x00000000b5000000|100%| E|CS|TAMS 0x00000000b4f00000, 0x00000000b4f00000| Complete 

Card table byte_map: [0x00007feeff665000,0x00007feeff8e5000] _byte_map_base: 0x00007feeff0e5000

Marking Bits (Prev, Next): (CMBitMap*) 0x00007fef1006fd60, (CMBitMap*) 0x00007fef1006fda0
 Prev Bits: [0x00007feefdfe5000, 0x00007feeff3e5000)
 Next Bits: [0x00007feefcbe5000, 0x00007feefdfe5000)

Polling page: 0x00007fef179c7000

Metaspace:

Usage:
  Non-class:      7,21 MB capacity,     7,09 MB ( 98%) used,    99,84 KB (  1%) free+waste,    15,19 KB ( <1%) overhead. 
      Class:    777,00 KB capacity,   710,13 KB ( 91%) used,    58,05 KB (  7%) free+waste,     8,81 KB (  1%) overhead. 
       Both:      7,97 MB capacity,     7,79 MB ( 98%) used,   157,89 KB (  2%) free+waste,    24,00 KB ( <1%) overhead. 

Virtual space:
  Non-class space:        8,00 MB reserved,       7,25 MB ( 91%) committed 
      Class space:        1,00 GB reserved,     896,00 KB ( <1%) committed 
             Both:        1,01 GB reserved,       8,12 MB ( <1%) committed 

Chunk freelists:
   Non-Class:  44,00 KB
       Class:  0 bytes
        Both:  44,00 KB

MaxMetaspaceSize: unlimited
CompressedClassSpaceSize: 1,00 GB

CodeHeap 'non-profiled nmethods': size=120032Kb used=191Kb max_used=191Kb free=119840Kb
 bounds [0x00007fef07c07000, 0x00007fef07e77000, 0x00007fef0f13f000]
CodeHeap 'profiled nmethods': size=120032Kb used=645Kb max_used=645Kb free=119386Kb
 bounds [0x00007fef006cf000, 0x00007fef0093f000, 0x00007fef07c07000]
CodeHeap 'non-nmethods': size=5696Kb used=2280Kb max_used=2292Kb free=3415Kb
 bounds [0x00007fef0013f000, 0x00007fef003af000, 0x00007fef006cf000]
 total_blobs=1367 nmethods=326 adapters=851
 compilation: enabled
              stopped_count=0, restarted_count=0
 full_count=0

Compilation events (10 events):
Event: 8,925 Thread 0x00007fef102ce800  507       3       java.util.ArrayList$Itr::hasNext (20 bytes)
Event: 8,931 Thread 0x00007fef102ce800 nmethod 507 0x00007fef0076c390 code [0x00007fef0076c560, 0x00007fef0076c858]
Event: 8,931 Thread 0x00007fef102ce800  542       3       java.lang.invoke.LambdaForm$BasicType::basicType (19 bytes)
Event: 8,940 Thread 0x00007fef102ce800 nmethod 542 0x00007fef0076c990 code [0x00007fef0076cb80, 0x00007fef0076cf60]
Event: 8,940 Thread 0x00007fef102ce800  506       3       java.util.ArrayList::add (23 bytes)
Event: 8,956 Thread 0x00007fef102ce800 nmethod 506 0x00007fef0076d190 code [0x00007fef0076d480, 0x00007fef0076e040]
Event: 8,956 Thread 0x00007fef102ce800  556       3       java.nio.Buffer::position (55 bytes)
Event: 8,966 Thread 0x00007fef102ce800 nmethod 556 0x00007fef0076e410 code [0x00007fef0076e600, 0x00007fef0076e990]
Event: 8,966 Thread 0x00007fef102ce800  548       3       jdk.internal.org.objectweb.asm.MethodWriter::visitVarInsn (302 bytes)
Event: 9,025 Thread 0x00007fef102ce800 nmethod 548 0x00007fef0076ec10 code [0x00007fef0076ef60, 0x00007fef0076ff50]

GC Heap History (0 events):
No events

Deoptimization events (1 events):
Event: 4,546 Thread 0x00007fef10022800 Uncommon trap: reason=unstable_if action=reinterpret pc=0x00007fef07c154e8 method=java.io.DataInputStream.readUTF(Ljava/io/DataInput;)Ljava/lang/String; @ 31 c2

Classes unloaded (0 events):
No events

Classes redefined (0 events):
No events

Internal exceptions (10 events):
Event: 6,715 Thread 0x00007fef10022800 Exception <a 'java/lang/NoSuchMethodError'{0x00000000b4830ba0}: 'java.lang.Object java.lang.invoke.Invokers$Holder.invokeExact_MT(java.lang.Object, java.lang.Object, java.lang.Object, java.lang.Object, java.lang.Object, java.lang.Object, java.lang.Object)'> (0x00000000b4830ba0) 
thrown [/home/dmitry/Downloads/LOOM/loom/src/hotspot/share/interpreter/linkResolver.cpp, line 768]
for thread 0x00007fef10022800
Event: 6,766 Thread 0x00007fef10022800 Exception <a 'java/lang/NoSuchMethodError'{0x00000000b48347c8}: 'long java.lang.invoke.DirectMethodHandle$Holder.invokeStatic(java.lang.Object)'> (0x00000000b48347c8) 
thrown [/home/dmitry/Downloads/LOOM/loom/src/hotspot/share/interpreter/linkResolver.cpp, line 768]
for thread 0x00007fef10022800
Event: 6,776 Thread 0x00007fef10022800 Exception <a 'java/lang/NoSuchMethodError'{0x00000000b483a008}: 'long java.lang.invoke.Invokers$Holder.invoke_MT(java.lang.Object, java.lang.Object)'> (0x00000000b483a008) 
thrown [/home/dmitry/Downloads/LOOM/loom/src/hotspot/share/interpreter/linkResolver.cpp, line 768]
for thread 0x00007fef10022800
Event: 6,790 Thread 0x00007fef10022800 Exception <a 'java/lang/NoSuchMethodError'{0x00000000b4840208}: 'java.lang.Object java.lang.invoke.DirectMethodHandle$Holder.invokeStatic(java.lang.Object, long)'> (0x00000000b4840208) 
thrown [/home/dmitry/Downloads/LOOM/loom/src/hotspot/share/interpreter/linkResolver.cpp, line 768]
for thread 0x00007fef10022800
Event: 6,963 Thread 0x00007fef10022800 Exception <a 'java/lang/NoSuchMethodError'{0x00000000b48b4178}: 'java.lang.Object java.lang.invoke.DirectMethodHandle$Holder.invokeStatic(java.lang.Object, java.lang.Object, java.lang.Object, java.lang.Object, java.lang.Object)'> (0x00000000b48b4178) 
thrown [/home/dmitry/Downloads/LOOM/loom/src/hotspot/share/interpreter/linkResolver.cpp, line 768]
for thread 0x00007fef10022800
Event: 7,104 Thread 0x00007fef10022800 Exception <a 'java/lang/NoSuchMethodError'{0x00000000b48f55c8}: 'java.lang.Object java.lang.invoke.DirectMethodHandle$Holder.invokeSpecial(java.lang.Object, java.lang.Object, long)'> (0x00000000b48f55c8) 
thrown [/home/dmitry/Downloads/LOOM/loom/src/hotspot/share/interpreter/linkResolver.cpp, line 768]
for thread 0x00007fef10022800
Event: 7,117 Thread 0x00007fef10022800 Exception <a 'java/lang/NoSuchMethodError'{0x00000000b48fbd70}: 'long java.lang.invoke.DirectMethodHandle$Holder.invokeStatic(java.lang.Object, long, long)'> (0x00000000b48fbd70) 
thrown [/home/dmitry/Downloads/LOOM/loom/src/hotspot/share/interpreter/linkResolver.cpp, line 768]
for thread 0x00007fef10022800
Event: 7,148 Thread 0x00007fef10022800 Exception <a 'java/lang/NoSuchMethodError'{0x00000000b470e678}: 'java.lang.Object java.lang.invoke.DirectMethodHandle$Holder.invokeStatic(java.lang.Object, java.lang.Object, java.lang.Object, java.lang.Object, java.lang.Object, java.lang.Object, java.lang.Object, java.lang.Object)'> (0x00000000b470e678) 
thrown [/home/dmitry/Downloads/LOOM/loom/src/hotspot/share/interpreter/linkResolver.cpp, line 768]
for thread 0x00007fef10022800
Event: 7,223 Thread 0x00007fef10022800 Exception <a 'java/lang/NoSuchMethodError'{0x00000000b4729780}: 'java.lang.Object java.lang.invoke.DirectMethodHandle$Holder.invokeStatic(java.lang.Object, java.lang.Object, java.lang.Object, java.lang.Object, java.lang.Object, java.lang.Object, java.lang.Object, java.lang.Object, java.lang.Object)'> (0x00000000b4729780) 
thrown [/home/dmitry/Downloads/LOOM/loom/src/hotspot/share/interpreter/linkResolver.cpp, line 768]
for thread 0x00007fef10022800
Event: 7,319 Thread 0x00007fef10022800 Exception <a 'java/lang/NoSuchMethodError'{0x00000000b47493f0}: 'long java.lang.invoke.DirectMethodHandle$Holder.getLong(java.lang.Object, java.lang.Object)'> (0x00000000b47493f0) 
thrown [/home/dmitry/Downloads/LOOM/loom/src/hotspot/share/interpreter/linkResolver.cpp, line 768]
for thread 0x00007fef10022800

Events (10 events):
Event: 99,434 Executing VM operation: ChangeBreakpoints
Event: 99,435 Executing VM operation: ChangeBreakpoints done
Event: 99,436 Executing VM operation: ChangeBreakpoints
Event: 99,437 Executing VM operation: ChangeBreakpoints done
Event: 99,439 Executing VM operation: ChangeBreakpoints
Event: 99,440 Executing VM operation: ChangeBreakpoints done
Event: 99,450 Executing VM operation: ChangeBreakpoints
Event: 99,451 Executing VM operation: ChangeBreakpoints done
Event: 99,452 Executing VM operation: ChangeBreakpoints
Event: 99,453 Executing VM operation: ChangeBreakpoints done


Dynamic libraries:
b0000000-b5000000 rw-p 00000000 00:00 0 
b5000000-100000000 ---p 00000000 00:00 0 
100000000-1000e0000 rw-p 00000000 00:00 0 
1000e0000-140000000 ---p 00000000 00:00 0 
55e260f45000-55e260f47000 r-xp 00000000 08:01 2123588                    /home/dmitry/Downloads/LOOM/loom/build/linux-x86_64-server-slowdebug/jdk/bin/java
55e261146000-55e261147000 r--p 00001000 08:01 2123588                    /home/dmitry/Downloads/LOOM/loom/build/linux-x86_64-server-slowdebug/jdk/bin/java
55e261147000-55e261148000 rw-p 00002000 08:01 2123588                    /home/dmitry/Downloads/LOOM/loom/build/linux-x86_64-server-slowdebug/jdk/bin/java
55e2617a7000-55e2617c8000 rw-p 00000000 00:00 0                          [heap]
7feea0000000-7feea0021000 rw-p 00000000 00:00 0 
7feea0021000-7feea4000000 ---p 00000000 00:00 0 
7feea8000000-7feea8021000 rw-p 00000000 00:00 0 
7feea8021000-7feeac000000 ---p 00000000 00:00 0 
7feeac000000-7feeac021000 rw-p 00000000 00:00 0 
7feeac021000-7feeb0000000 ---p 00000000 00:00 0 
7feeb0000000-7feeb0021000 rw-p 00000000 00:00 0 
7feeb0021000-7feeb4000000 ---p 00000000 00:00 0 
7feeb4000000-7feeb4021000 rw-p 00000000 00:00 0 
7feeb4021000-7feeb8000000 ---p 00000000 00:00 0 
7feeb8000000-7feeb8021000 rw-p 00000000 00:00 0 
7feeb8021000-7feebc000000 ---p 00000000 00:00 0 
7feebeac1000-7feebf9f9000 rw-p 00000000 00:00 0 
7feebf9f9000-7feebf9fd000 ---p 00000000 00:00 0 
7feebf9fd000-7feebfafa000 rw-p 00000000 00:00 0 
7feebfafa000-7feebfafe000 ---p 00000000 00:00 0 
7feebfafe000-7feebfbfb000 rw-p 00000000 00:00 0 
7feebfbfb000-7feebfbfc000 ---p 00000000 00:00 0 
7feebfbfc000-7feebfcfd000 rw-p 00000000 00:00 0 
7feebfcfd000-7feebfd01000 ---p 00000000 00:00 0 
7feebfd01000-7feebfdfe000 rw-p 00000000 00:00 0 
7feebfdfe000-7feebfe02000 ---p 00000000 00:00 0 
7feebfe02000-7feebfeff000 rw-p 00000000 00:00 0 
7feebfeff000-7feebff03000 ---p 00000000 00:00 0 
7feebff03000-7feec0000000 rw-p 00000000 00:00 0 
7feec0000000-7feec0021000 rw-p 00000000 00:00 0 
7feec0021000-7feec4000000 ---p 00000000 00:00 0 
7feec4000000-7feec4065000 rw-p 00000000 00:00 0 
7feec4065000-7feec8000000 ---p 00000000 00:00 0 
7feec8000000-7feec8420000 rw-p 00000000 00:00 0 
7feec8420000-7feecc000000 ---p 00000000 00:00 0 
7feecc000000-7feecc021000 rw-p 00000000 00:00 0 
7feecc021000-7feed0000000 ---p 00000000 00:00 0 
7feed0000000-7feed0021000 rw-p 00000000 00:00 0 
7feed0021000-7feed4000000 ---p 00000000 00:00 0 
7feed4000000-7feed43cc000 rw-p 00000000 00:00 0 
7feed43cc000-7feed8000000 ---p 00000000 00:00 0 
7feed8000000-7feed8021000 rw-p 00000000 00:00 0 
7feed8021000-7feedc000000 ---p 00000000 00:00 0 
7feedc000000-7feedc021000 rw-p 00000000 00:00 0 
7feedc021000-7feee0000000 ---p 00000000 00:00 0 
7feee0000000-7feee0021000 rw-p 00000000 00:00 0 
7feee0021000-7feee4000000 ---p 00000000 00:00 0 
7feee4000000-7feee4021000 rw-p 00000000 00:00 0 
7feee4021000-7feee8000000 ---p 00000000 00:00 0 
7feee8000000-7feee8021000 rw-p 00000000 00:00 0 
7feee8021000-7feeec000000 ---p 00000000 00:00 0 
7feeec0f4000-7feeec0f8000 ---p 00000000 00:00 0 
7feeec0f8000-7feeec1f5000 rw-p 00000000 00:00 0 
7feeec1f5000-7feeec1fb000 r-xp 00000000 08:01 2242836                    /home/dmitry/Downloads/LOOM/loom/build/linux-x86_64-server-slowdebug/jdk/lib/libdt_socket.so
7feeec1fb000-7feeec3fa000 ---p 00006000 08:01 2242836                    /home/dmitry/Downloads/LOOM/loom/build/linux-x86_64-server-slowdebug/jdk/lib/libdt_socket.so
7feeec3fa000-7feeec3fb000 r--p 00005000 08:01 2242836                    /home/dmitry/Downloads/LOOM/loom/build/linux-x86_64-server-slowdebug/jdk/lib/libdt_socket.so
7feeec3fb000-7feeec3fc000 rw-p 00006000 08:01 2242836                    /home/dmitry/Downloads/LOOM/loom/build/linux-x86_64-server-slowdebug/jdk/lib/libdt_socket.so
7feeec3fc000-7feeec400000 ---p 00000000 00:00 0 
7feeec400000-7feeec4fd000 rw-p 00000000 00:00 0 
7feeec4fd000-7feeec518000 r-xp 00000000 08:01 2242341                    /home/dmitry/Downloads/LOOM/loom/build/linux-x86_64-server-slowdebug/jdk/lib/libnet.so
7feeec518000-7feeec717000 ---p 0001b000 08:01 2242341                    /home/dmitry/Downloads/LOOM/loom/build/linux-x86_64-server-slowdebug/jdk/lib/libnet.so
7feeec717000-7feeec718000 r--p 0001a000 08:01 2242341                    /home/dmitry/Downloads/LOOM/loom/build/linux-x86_64-server-slowdebug/jdk/lib/libnet.so
7feeec718000-7feeec719000 rw-p 0001b000 08:01 2242341                    /home/dmitry/Downloads/LOOM/loom/build/linux-x86_64-server-slowdebug/jdk/lib/libnet.so
7feeec719000-7feeec72b000 r-xp 00000000 08:01 2242344                    /home/dmitry/Downloads/LOOM/loom/build/linux-x86_64-server-slowdebug/jdk/lib/libnio.so
7feeec72b000-7feeec92a000 ---p 00012000 08:01 2242344                    /home/dmitry/Downloads/LOOM/loom/build/linux-x86_64-server-slowdebug/jdk/lib/libnio.so
7feeec92a000-7feeec92b000 r--p 00011000 08:01 2242344                    /home/dmitry/Downloads/LOOM/loom/build/linux-x86_64-server-slowdebug/jdk/lib/libnio.so
7feeec92b000-7feeec92c000 rw-p 00012000 08:01 2242344                    /home/dmitry/Downloads/LOOM/loom/build/linux-x86_64-server-slowdebug/jdk/lib/libnio.so
7feeec92c000-7feeec930000 ---p 00000000 00:00 0 
7feeec930000-7feeeca2d000 rw-p 00000000 00:00 0 
7feeeca2d000-7feeeca31000 ---p 00000000 00:00 0 
7feeeca31000-7feeecb2e000 rw-p 00000000 00:00 0 
7feeecb2e000-7feeecb32000 ---p 00000000 00:00 0 
7feeecb32000-7feeecc2f000 rw-p 00000000 00:00 0 
7feeecc2f000-7feeecc33000 ---p 00000000 00:00 0 
7feeecc33000-7feeecd30000 rw-p 00000000 00:00 0 
7feeecd30000-7feeed6ff000 r--p 00000000 08:01 10230401                   /usr/lib/locale/locale-archive
7feeed6ff000-7feeed703000 ---p 00000000 00:00 0 
7feeed703000-7feeedf40000 rw-p 00000000 00:00 0 
7feeedf40000-7feeee000000 ---p 00000000 00:00 0 
7feeee000000-7feef0000000 rw-p 00000000 00:00 0 
7feef0000000-7feef0021000 rw-p 00000000 00:00 0 
7feef0021000-7feef4000000 ---p 00000000 00:00 0 
7feef4000000-7feef4021000 rw-p 00000000 00:00 0 
7feef4021000-7feef8000000 ---p 00000000 00:00 0 
7feef8000000-7feef8021000 rw-p 00000000 00:00 0 
7feef8021000-7feefc000000 ---p 00000000 00:00 0 
7feefc022000-7feefc053000 rw-p 00000000 00:00 0 
7feefc053000-7feefc057000 ---p 00000000 00:00 0 
7feefc057000-7feefc154000 rw-p 00000000 00:00 0 
7feefc154000-7feefc155000 ---p 00000000 00:00 0 
7feefc155000-7feefc2d7000 rw-p 00000000 00:00 0 
7feefc2d7000-7feefc2d8000 ---p 00000000 00:00 0 
7feefc2d8000-7feefc3d9000 rw-p 00000000 00:00 0 
7feefc3d9000-7feefc3da000 ---p 00000000 00:00 0 
7feefc3da000-7feefc8df000 rw-p 00000000 00:00 0 
7feefc8df000-7feefc8e0000 ---p 00000000 00:00 0 
7feefc8e0000-7feefc9e1000 rw-p 00000000 00:00 0 
7feefc9e1000-7feefc9e2000 ---p 00000000 00:00 0 
7feefc9e2000-7feefcae3000 rw-p 00000000 00:00 0 
7feefcae3000-7feefcae4000 ---p 00000000 00:00 0 
7feefcae4000-7feefcd25000 rw-p 00000000 00:00 0 
7feefcd25000-7feefdfe5000 ---p 00000000 00:00 0 
7feefdfe5000-7feefe125000 rw-p 00000000 00:00 0 
7feefe125000-7feeff3e5000 ---p 00000000 00:00 0 
7feeff3e5000-7feeff40d000 rw-p 00000000 00:00 0 
7feeff40d000-7feeff665000 ---p 00000000 00:00 0 
7feeff665000-7feeff68d000 rw-p 00000000 00:00 0 
7feeff68d000-7feeff8e5000 ---p 00000000 00:00 0 
7feeff8e5000-7feeff90d000 rw-p 00000000 00:00 0 
7feeff90d000-7feeffb65000 ---p 00000000 00:00 0 
7feeffb65000-7feefff6e000 rw-p 00000000 00:00 0 
7feefff6e000-7fef00054000 ---p 00000000 00:00 0 
7fef00054000-7fef00059000 rw-p 00000000 00:00 0 
7fef00059000-7fef0013f000 ---p 00000000 00:00 0 
7fef0013f000-7fef003af000 rwxp 00000000 00:00 0 
7fef003af000-7fef006cf000 ---p 00000000 00:00 0 
7fef006cf000-7fef0093f000 rwxp 00000000 00:00 0 
7fef0093f000-7fef07c07000 ---p 00000000 00:00 0 
7fef07c07000-7fef07e77000 rwxp 00000000 00:00 0 
7fef07e77000-7fef0f13f000 ---p 00000000 00:00 0 
7fef0f13f000-7fef0f15f000 r-xp 00000000 08:01 2242340                    /home/dmitry/Downloads/LOOM/loom/build/linux-x86_64-server-slowdebug/jdk/lib/libjimage.so
7fef0f15f000-7fef0f35e000 ---p 00020000 08:01 2242340                    /home/dmitry/Downloads/LOOM/loom/build/linux-x86_64-server-slowdebug/jdk/lib/libjimage.so
7fef0f35e000-7fef0f360000 r--p 0001f000 08:01 2242340                    /home/dmitry/Downloads/LOOM/loom/build/linux-x86_64-server-slowdebug/jdk/lib/libjimage.so
7fef0f360000-7fef0f361000 rw-p 00021000 08:01 2242340                    /home/dmitry/Downloads/LOOM/loom/build/linux-x86_64-server-slowdebug/jdk/lib/libjimage.so
7fef0f361000-7fef0f36a000 r-xp 00000000 08:01 2242338                    /home/dmitry/Downloads/LOOM/loom/build/linux-x86_64-server-slowdebug/jdk/lib/libzip.so
7fef0f36a000-7fef0f569000 ---p 00009000 08:01 2242338                    /home/dmitry/Downloads/LOOM/loom/build/linux-x86_64-server-slowdebug/jdk/lib/libzip.so
7fef0f569000-7fef0f56a000 r--p 00008000 08:01 2242338                    /home/dmitry/Downloads/LOOM/loom/build/linux-x86_64-server-slowdebug/jdk/lib/libzip.so
7fef0f56a000-7fef0f56b000 rw-p 00009000 08:01 2242338                    /home/dmitry/Downloads/LOOM/loom/build/linux-x86_64-server-slowdebug/jdk/lib/libzip.so
7fef0f56b000-7fef0f576000 r-xp 00000000 08:01 1184572                    /lib/x86_64-linux-gnu/libnss_files-2.27.so
7fef0f576000-7fef0f775000 ---p 0000b000 08:01 1184572                    /lib/x86_64-linux-gnu/libnss_files-2.27.so
7fef0f775000-7fef0f776000 r--p 0000a000 08:01 1184572                    /lib/x86_64-linux-gnu/libnss_files-2.27.so
7fef0f776000-7fef0f777000 rw-p 0000b000 08:01 1184572                    /lib/x86_64-linux-gnu/libnss_files-2.27.so
7fef0f777000-7fef0f77d000 rw-p 00000000 00:00 0 
7fef0f77d000-7fef0f794000 r-xp 00000000 08:01 1184566                    /lib/x86_64-linux-gnu/libnsl-2.27.so
7fef0f794000-7fef0f993000 ---p 00017000 08:01 1184566                    /lib/x86_64-linux-gnu/libnsl-2.27.so
7fef0f993000-7fef0f994000 r--p 00016000 08:01 1184566                    /lib/x86_64-linux-gnu/libnsl-2.27.so
7fef0f994000-7fef0f995000 rw-p 00017000 08:01 1184566                    /lib/x86_64-linux-gnu/libnsl-2.27.so
7fef0f995000-7fef0f997000 rw-p 00000000 00:00 0 
7fef0f997000-7fef0f9a2000 r-xp 00000000 08:01 1184583                    /lib/x86_64-linux-gnu/libnss_nis-2.27.so
7fef0f9a2000-7fef0fba1000 ---p 0000b000 08:01 1184583                    /lib/x86_64-linux-gnu/libnss_nis-2.27.so
7fef0fba1000-7fef0fba2000 r--p 0000a000 08:01 1184583                    /lib/x86_64-linux-gnu/libnss_nis-2.27.so
7fef0fba2000-7fef0fba3000 rw-p 0000b000 08:01 1184583                    /lib/x86_64-linux-gnu/libnss_nis-2.27.so
7fef0fba3000-7fef0fbab000 r-xp 00000000 08:01 1184568                    /lib/x86_64-linux-gnu/libnss_compat-2.27.so
7fef0fbab000-7fef0fdab000 ---p 00008000 08:01 1184568                    /lib/x86_64-linux-gnu/libnss_compat-2.27.so
7fef0fdab000-7fef0fdac000 r--p 00008000 08:01 1184568                    /lib/x86_64-linux-gnu/libnss_compat-2.27.so
7fef0fdac000-7fef0fdad000 rw-p 00009000 08:01 1184568                    /lib/x86_64-linux-gnu/libnss_compat-2.27.so
7fef0fdad000-7fef0fdfe000 r-xp 00000000 08:01 2242840                    /home/dmitry/Downloads/LOOM/loom/build/linux-x86_64-server-slowdebug/jdk/lib/libjdwp.so
7fef0fdfe000-7fef0fffd000 ---p 00051000 08:01 2242840                    /home/dmitry/Downloads/LOOM/loom/build/linux-x86_64-server-slowdebug/jdk/lib/libjdwp.so
7fef0fffd000-7fef0fffe000 r--p 00050000 08:01 2242840                    /home/dmitry/Downloads/LOOM/loom/build/linux-x86_64-server-slowdebug/jdk/lib/libjdwp.so
7fef0fffe000-7fef0ffff000 rw-p 00051000 08:01 2242840                    /home/dmitry/Downloads/LOOM/loom/build/linux-x86_64-server-slowdebug/jdk/lib/libjdwp.so
7fef0ffff000-7fef10000000 rw-p 00000000 00:00 0 
7fef10000000-7fef1066c000 rw-p 00000000 00:00 0 
7fef1066c000-7fef14000000 ---p 00000000 00:00 0 
7fef1402c000-7fef14087000 rw-p 00000000 00:00 0 
7fef14087000-7fef140b7000 r-xp 00000000 08:01 2242336                    /home/dmitry/Downloads/LOOM/loom/build/linux-x86_64-server-slowdebug/jdk/lib/libjava.so
7fef140b7000-7fef142b6000 ---p 00030000 08:01 2242336                    /home/dmitry/Downloads/LOOM/loom/build/linux-x86_64-server-slowdebug/jdk/lib/libjava.so
7fef142b6000-7fef142b7000 r--p 0002f000 08:01 2242336                    /home/dmitry/Downloads/LOOM/loom/build/linux-x86_64-server-slowdebug/jdk/lib/libjava.so
7fef142b7000-7fef142b9000 rw-p 00030000 08:01 2242336                    /home/dmitry/Downloads/LOOM/loom/build/linux-x86_64-server-slowdebug/jdk/lib/libjava.so
7fef142b9000-7fef142cb000 r-xp 00000000 08:01 2242328                    /home/dmitry/Downloads/LOOM/loom/build/linux-x86_64-server-slowdebug/jdk/lib/libverify.so
7fef142cb000-7fef144cb000 ---p 00012000 08:01 2242328                    /home/dmitry/Downloads/LOOM/loom/build/linux-x86_64-server-slowdebug/jdk/lib/libverify.so
7fef144cb000-7fef144cd000 r--p 00012000 08:01 2242328                    /home/dmitry/Downloads/LOOM/loom/build/linux-x86_64-server-slowdebug/jdk/lib/libverify.so
7fef144cd000-7fef144ce000 rw-p 00014000 08:01 2242328                    /home/dmitry/Downloads/LOOM/loom/build/linux-x86_64-server-slowdebug/jdk/lib/libverify.so
7fef144ce000-7fef1466b000 r-xp 00000000 08:01 1184545                    /lib/x86_64-linux-gnu/libm-2.27.so
7fef1466b000-7fef1486a000 ---p 0019d000 08:01 1184545                    /lib/x86_64-linux-gnu/libm-2.27.so
7fef1486a000-7fef1486b000 r--p 0019c000 08:01 1184545                    /lib/x86_64-linux-gnu/libm-2.27.so
7fef1486b000-7fef1486c000 rw-p 0019d000 08:01 1184545                    /lib/x86_64-linux-gnu/libm-2.27.so
7fef1486c000-7fef16752000 r-xp 00000000 08:01 2242326                    /home/dmitry/Downloads/LOOM/loom/build/linux-x86_64-server-slowdebug/jdk/lib/server/libjvm.so
7fef16752000-7fef16952000 ---p 01ee6000 08:01 2242326                    /home/dmitry/Downloads/LOOM/loom/build/linux-x86_64-server-slowdebug/jdk/lib/server/libjvm.so
7fef16952000-7fef16a4d000 r--p 01ee6000 08:01 2242326                    /home/dmitry/Downloads/LOOM/loom/build/linux-x86_64-server-slowdebug/jdk/lib/server/libjvm.so
7fef16a4d000-7fef16a8d000 rw-p 01fe1000 08:01 2242326                    /home/dmitry/Downloads/LOOM/loom/build/linux-x86_64-server-slowdebug/jdk/lib/server/libjvm.so
7fef16a8d000-7fef16b60000 rw-p 00000000 00:00 0 
7fef16b60000-7fef16b7a000 r-xp 00000000 08:01 1184615                    /lib/x86_64-linux-gnu/libpthread-2.27.so
7fef16b7a000-7fef16d79000 ---p 0001a000 08:01 1184615                    /lib/x86_64-linux-gnu/libpthread-2.27.so
7fef16d79000-7fef16d7a000 r--p 00019000 08:01 1184615                    /lib/x86_64-linux-gnu/libpthread-2.27.so
7fef16d7a000-7fef16d7b000 rw-p 0001a000 08:01 1184615                    /lib/x86_64-linux-gnu/libpthread-2.27.so
7fef16d7b000-7fef16d7f000 rw-p 00000000 00:00 0 
7fef16d7f000-7fef16d82000 r-xp 00000000 08:01 1184505                    /lib/x86_64-linux-gnu/libdl-2.27.so
7fef16d82000-7fef16f81000 ---p 00003000 08:01 1184505                    /lib/x86_64-linux-gnu/libdl-2.27.so
7fef16f81000-7fef16f82000 r--p 00002000 08:01 1184505                    /lib/x86_64-linux-gnu/libdl-2.27.so
7fef16f82000-7fef16f83000 rw-p 00003000 08:01 1184505                    /lib/x86_64-linux-gnu/libdl-2.27.so
7fef16f83000-7fef16f9f000 r-xp 00000000 08:01 1184654                    /lib/x86_64-linux-gnu/libz.so.1.2.11
7fef16f9f000-7fef1719e000 ---p 0001c000 08:01 1184654                    /lib/x86_64-linux-gnu/libz.so.1.2.11
7fef1719e000-7fef1719f000 r--p 0001b000 08:01 1184654                    /lib/x86_64-linux-gnu/libz.so.1.2.11
7fef1719f000-7fef171a0000 rw-p 0001c000 08:01 1184654                    /lib/x86_64-linux-gnu/libz.so.1.2.11
7fef171a0000-7fef17387000 r-xp 00000000 08:01 1184482                    /lib/x86_64-linux-gnu/libc-2.27.so
7fef17387000-7fef17587000 ---p 001e7000 08:01 1184482                    /lib/x86_64-linux-gnu/libc-2.27.so
7fef17587000-7fef1758b000 r--p 001e7000 08:01 1184482                    /lib/x86_64-linux-gnu/libc-2.27.so
7fef1758b000-7fef1758d000 rw-p 001eb000 08:01 1184482                    /lib/x86_64-linux-gnu/libc-2.27.so
7fef1758d000-7fef17591000 rw-p 00000000 00:00 0 
7fef17591000-7fef175a4000 r-xp 00000000 08:01 2242330                    /home/dmitry/Downloads/LOOM/loom/build/linux-x86_64-server-slowdebug/jdk/lib/libjli.so
7fef175a4000-7fef177a3000 ---p 00013000 08:01 2242330                    /home/dmitry/Downloads/LOOM/loom/build/linux-x86_64-server-slowdebug/jdk/lib/libjli.so
7fef177a3000-7fef177a4000 r--p 00012000 08:01 2242330                    /home/dmitry/Downloads/LOOM/loom/build/linux-x86_64-server-slowdebug/jdk/lib/libjli.so
7fef177a4000-7fef177a5000 rw-p 00013000 08:01 2242330                    /home/dmitry/Downloads/LOOM/loom/build/linux-x86_64-server-slowdebug/jdk/lib/libjli.so
7fef177a5000-7fef177cc000 r-xp 00000000 08:01 1184454                    /lib/x86_64-linux-gnu/ld-2.27.so
7fef177f9000-7fef178ac000 rw-p 00000000 00:00 0 
7fef178ac000-7fef178b3000 ---p 00000000 00:00 0 
7fef178b3000-7fef178b7000 ---p 00000000 00:00 0 
7fef178b7000-7fef179b6000 rw-p 00000000 00:00 0 
7fef179b8000-7fef179bf000 r--s 00000000 08:01 10488549                   /usr/lib/x86_64-linux-gnu/gconv/gconv-modules.cache
7fef179bf000-7fef179c7000 rw-s 00000000 08:01 524322                     /tmp/hsperfdata_dmitry/5196
7fef179c7000-7fef179c8000 ---p 00000000 00:00 0 
7fef179c8000-7fef179c9000 r--p 00000000 00:00 0 
7fef179c9000-7fef179ca000 rwxp 00000000 00:00 0 
7fef179ca000-7fef179cc000 rw-p 00000000 00:00 0 
7fef179cc000-7fef179cd000 r--p 00027000 08:01 1184454                    /lib/x86_64-linux-gnu/ld-2.27.so
7fef179cd000-7fef179ce000 rw-p 00028000 08:01 1184454                    /lib/x86_64-linux-gnu/ld-2.27.so
7fef179ce000-7fef179cf000 rw-p 00000000 00:00 0 
7fffd94fc000-7fffd951f000 rw-p 00000000 00:00 0                          [stack]
7fffd95b8000-7fffd95bb000 r--p 00000000 00:00 0                          [vvar]
7fffd95bb000-7fffd95bd000 r-xp 00000000 00:00 0                          [vdso]
ffffffffff600000-ffffffffff601000 r-xp 00000000 00:00 0                  [vsyscall]


VM Arguments:
jvm_args: -agentlib:jdwp=transport=dt_socket,address=127.0.0.1:2771,suspend=y,server=n -Dfile.encoding=UTF-8 
java_command: Main
java_class_path (initial): /home/dmitry/Downloads/LOOM/loom/build/linux-x86_64-server-slowdebug/jdk/modules/java.base:/home/dmitry/Downloads/LOOM/loom/build/linux-x86_64-server-slowdebug/jdk/modules/java.compiler:/home/dmitry/Downloads/LOOM/loom/build/linux-x86_64-server-slowdebug/jdk/modules/java.datatransfer:/home/dmitry/Downloads/LOOM/loom/build/linux-x86_64-server-slowdebug/jdk/modules/java.desktop:/home/dmitry/Downloads/LOOM/loom/build/linux-x86_64-server-slowdebug/jdk/modules/java.instrument:/home/dmitry/Downloads/LOOM/loom/build/linux-x86_64-server-slowdebug/jdk/modules/java.logging:/home/dmitry/Downloads/LOOM/loom/build/linux-x86_64-server-slowdebug/jdk/modules/java.management:/home/dmitry/Downloads/LOOM/loom/build/linux-x86_64-server-slowdebug/jdk/modules/java.management.rmi:/home/dmitry/Downloads/LOOM/loom/build/linux-x86_64-server-slowdebug/jdk/modules/java.naming:/home/dmitry/Downloads/LOOM/loom/build/linux-x86_64-server-slowdebug/jdk/modules/java.net.http:/home/dmitry/Downloads/LOOM/loom/build/linux-x86_64-server-slowdebug/jdk/modules/java.prefs:/home/dmitry/Downloads/LOOM/loom/build/linux-x86_64-server-slowdebug/jdk/modules/java.rmi:/home/dmitry/Downloads/LOOM/loom/build/linux-x86_64-server-slowdebug/jdk/modules/java.scripting:/home/dmitry/Downloads/LOOM/loom/build/linux-x86_64-server-slowdebug/jdk/modules/java.se:/home/dmitry/Downloads/LOOM/loom/build/linux-x86_64-server-slowdebug/jdk/modules/java.security.jgss:/home/dmitry/Downloads/LOOM/loom/build/linux-x86_64-server-slowdebug/jdk/modules/java.security.sasl:/home/dmitry/Downloads/LOOM/loom/build/linux-x86_64-server-slowdebug/jdk/modules/java.smartcardio:/home/dmitry/Downloads/LOOM/loom/build/linux-x86_64-server-slowdebug/jdk/modules/java.sql:/home/dmitry/Downloads/LOOM/loom/build/linux-x86_64-server-slowdebug/jdk/modules/java.sql.rowset:/home/dmitry/Downloads/LOOM/loom/build/linux-x86_64-server-slowdebug/jdk/modules/java.transaction.xa:/home/dmitry/Downloads/LOOM/loom/build/linux-x86_64-server-slo
Launcher Type: SUN_STANDARD

[Global flags]
     intx CICompilerCount                          = 3                                         {product} {ergonomic}     Number of compiler threads to run
     uint ConcGCThreads                            = 1                                         {product} {ergonomic}     Number of threads concurrent gc will use
     uint G1ConcRefinementThreads                  = 4                                         {product} {ergonomic}     The number of parallel rem set update threads. Will be set ergonomically by default.
   size_t G1HeapRegionSize                         = 1048576                                   {product} {ergonomic}     Size of the G1 regions.
    uintx GCDrainStackTargetSize                   = 64                                        {product} {ergonomic}     Number of entries we will try to leave on the stack during parallel gc
   size_t InitialHeapSize                          = 83886080                                  {product} {ergonomic}     Initial heap size (in bytes); zero means use ergonomics
   size_t MarkStackSize                            = 4194304                                   {product} {ergonomic}     Size of marking stack
   size_t MaxHeapSize                              = 1342177280                                {product} {ergonomic}     Maximum heap size (in bytes)
   size_t MaxNewSize                               = 805306368                                 {product} {ergonomic}     Maximum new generation size (in bytes), max_uintx means set ergonomically
   size_t MinHeapDeltaBytes                        = 1048576                                   {product} {ergonomic}     The minimum change in heap space due to GC (in bytes)
    uintx NonNMethodCodeHeapSize                   = 5830732                                {pd product} {ergonomic}     Size of code heap with non-nmethods (in bytes)
    uintx NonProfiledCodeHeapSize                  = 122913754                              {pd product} {ergonomic}     Size of code heap with non-profiled methods (in bytes)
    uintx ProfiledCodeHeapSize                     = 122913754                              {pd product} {ergonomic}     Size of code heap with profiled methods (in bytes)
    uintx ReservedCodeCacheSize                    = 251658240                              {pd product} {ergonomic}     Reserved code cache size (in bytes) - maximum code cache size
     bool SegmentedCodeCache                       = true                                      {product} {ergonomic}     Use a segmented code cache
     bool UseCompressedClassPointers               = true                                 {lp64_product} {ergonomic}     Use 32-bit class pointers in 64-bit VM. lp64_product means flag is always constant in 32 bit VM
     bool UseCompressedOops                        = true                                 {lp64_product} {ergonomic}     Use 32-bit object references in 64-bit VM. lp64_product means flag is always constant in 32 bit VM
     bool UseG1GC                                  = true                                      {product} {ergonomic}     Use the Garbage-First garbage collector

Logging:
Log output configuration:
 #0: stdout all=warning uptime,level,tags
 #1: stderr all=off uptime,level,tags

Environment Variables:
JAVA_HOME=/home/dmitry/usr/local/java/jdk1.8.0
PATH=/bin:/home/dmitry/Downloads/LOOM/loom/build/linux-x86_64-server-slowdebug/jdk/bin:/usr/local/sbin:/usr/local/bin:/usr/sbin:/usr/bin:/sbin:/bin:/usr/games:/usr/local/games:/snap/bin
USERNAME=dmitry
SHELL=/bin/bash
DISPLAY=:0

Signal Handlers:
SIGSEGV: [libjvm.so+0x13ad9a9], sa_mask[0]=11111111011111111101111111111110, sa_flags=SA_RESTART|SA_SIGINFO
SIGBUS: [libjvm.so+0x13ad9a9], sa_mask[0]=11111111011111111101111111111110, sa_flags=SA_RESTART|SA_SIGINFO
SIGFPE: [libjvm.so+0x13ad9a9], sa_mask[0]=11111111011111111101111111111110, sa_flags=SA_RESTART|SA_SIGINFO
SIGPIPE: [libjvm.so+0x107f0cc], sa_mask[0]=11111111011111111101111111111110, sa_flags=SA_RESTART|SA_SIGINFO
SIGXFSZ: [libjvm.so+0x107f0cc], sa_mask[0]=11111111011111111101111111111110, sa_flags=SA_RESTART|SA_SIGINFO
SIGILL: [libjvm.so+0x13ad9a9], sa_mask[0]=11111111011111111101111111111110, sa_flags=SA_RESTART|SA_SIGINFO
SIGUSR2: [libjvm.so+0x107e8e7], sa_mask[0]=00100000000000000000000000000000, sa_flags=SA_RESTART|SA_SIGINFO
SIGHUP: [libjvm.so+0x107a702], sa_mask[0]=11111111011111111101111111111110, sa_flags=SA_RESTART|SA_SIGINFO
SIGINT: [libjvm.so+0x107a702], sa_mask[0]=11111111011111111101111111111110, sa_flags=SA_RESTART|SA_SIGINFO
SIGTERM: [libjvm.so+0x107a702], sa_mask[0]=11111111011111111101111111111110, sa_flags=SA_RESTART|SA_SIGINFO
SIGQUIT: [libjvm.so+0x107a702], sa_mask[0]=11111111011111111101111111111110, sa_flags=SA_RESTART|SA_SIGINFO


---------------  S Y S T E M  ---------------

OS:DISTRIB_ID=Ubuntu
DISTRIB_RELEASE=18.04
DISTRIB_CODENAME=bionic
DISTRIB_DESCRIPTION="Ubuntu 18.04.2 LTS"
uname:Linux dmitry-VirtualBox 4.18.0-20-generic #21~18.04.1-Ubuntu SMP Wed May 8 08:43:37 UTC 2019 x86_64
libc:glibc 2.27 NPTL 2.27 
rlimit: STACK 8192k, CORE 0k, NPROC 20272, NOFILE 4096, AS infinity, DATA infinity, FSIZE infinity
load average:1,23 1,55 1,55

/proc/meminfo:
MemTotal:        5234996 kB
MemFree:          154696 kB
MemAvailable:    1485832 kB
Buffers:          428776 kB
Cached:          1293840 kB
SwapCached:           16 kB
Active:          3683504 kB
Inactive:         990776 kB
Active(anon):    2743704 kB
Inactive(anon):   554208 kB
Active(file):     939800 kB
Inactive(file):   436568 kB
Unevictable:          32 kB
Mlocked:              32 kB
SwapTotal:       2097148 kB
SwapFree:        2096368 kB
Dirty:                44 kB
Writeback:             0 kB
AnonPages:       2951720 kB
Mapped:           689268 kB
Shmem:            346240 kB
Slab:             289244 kB
SReclaimable:     245500 kB
SUnreclaim:        43744 kB
KernelStack:       12080 kB
PageTables:        41368 kB
NFS_Unstable:          0 kB
Bounce:                0 kB
WritebackTmp:          0 kB
CommitLimit:     4714644 kB
Committed_AS:    6696576 kB
VmallocTotal:   34359738367 kB
VmallocUsed:           0 kB
VmallocChunk:          0 kB
HardwareCorrupted:     0 kB
AnonHugePages:         0 kB
ShmemHugePages:        0 kB
ShmemPmdMapped:        0 kB
CmaTotal:              0 kB
CmaFree:               0 kB
HugePages_Total:       0
HugePages_Free:        0
HugePages_Rsvd:        0
HugePages_Surp:        0
Hugepagesize:       2048 kB
Hugetlb:               0 kB
DirectMap4k:      143296 kB
DirectMap2M:     5267456 kB


/proc/sys/kernel/threads-max (system-wide limit on the number of threads):
40545


/proc/sys/vm/max_map_count (maximum number of memory map areas a process may have):
65530


/proc/sys/kernel/pid_max (system-wide limit on number of process identifiers):
32768



container (cgroup) information:
container_type: cgroupv1
cpu_cpuset_cpus: 0-3
cpu_memory_nodes: 0
active_processor_count: 4
cpu_quota: no quota
cpu_period: 100000
cpu_shares: no shares
memory_limit_in_bytes: unlimited
memory_and_swap_limit_in_bytes: not supported
memory_soft_limit_in_bytes: unlimited
memory_usage_in_bytes: 4786237440
memory_max_usage_in_bytes: unlimited

KVM virtualization detected
Steal ticks since vm start: 0
Steal ticks percentage since vm start:  0,000

CPU:total 4 (initial active 4) (4 cores per cpu, 1 threads per core) family 6 model 60 stepping 3, cmov, cx8, fxsr, mmx, sse, sse2, sse3, ssse3, sse4.1, sse4.2, popcnt, avx, avx2, aes, clmul, lzcnt, tsc, tscinvbit
CPU Model and flags from /proc/cpuinfo:
model name	: Intel(R) Core(TM) i7-4700HQ CPU @ 2.40GHz
flags		: fpu vme de pse tsc msr pae mce cx8 apic sep mtrr pge mca cmov pat pse36 clflush mmx fxsr sse sse2 ht syscall nx rdtscp lm constant_tsc rep_good nopl xtopology nonstop_tsc cpuid tsc_known_freq pni pclmulqdq ssse3 cx16 pcid sse4_1 sse4_2 x2apic movbe popcnt aes xsave avx rdrand hypervisor lahf_lm abm invpcid_single pti fsgsbase avx2 invpcid flush_l1d

Memory: 4k page, physical 5234996k(154696k free), swap 2097148k(2096368k free)

vm_info: OpenJDK 64-Bit Server VM (slowdebug 13-internal+0-adhoc.dmitry.loom) for linux-amd64 JRE (13-internal+0-adhoc.dmitry.loom), built on Jun  6 2019 22:40:10 by "dmitry" with gcc 7.4.0

END.
