#
# A fatal error has been detected by the Java Runtime Environment:
#
#  SIGSEGV (0xb) at pc=0x00007f95f11e8f7a, pid=27542, tid=27581
#
# JRE version: OpenJDK Runtime Environment (13.0) (build 13-internal+0-adhoc.dmitry.loom)
# Java VM: OpenJDK 64-Bit Server VM (13-internal+0-adhoc.dmitry.loom, mixed mode, tiered, compressed oops, g1 gc, linux-amd64)
# Problematic frame:
# V  [libjvm.so+0x683f7a]  ContMirror::read()+0x1a
#
# Core dump will be written. Default location: Core dumps may be processed with "/usr/share/apport/apport %p %s %c %d %P" (or dumping to /home/dmitry/Downloads/LoadDetector/core.27542)
#
# If you would like to submit a bug report, please visit:
#   http://bugreport.java.com/bugreport/crash.jsp
#

---------------  S U M M A R Y ------------

Command Line: -agentlib:jdwp=transport=dt_socket,address=127.0.0.1:18389,suspend=y,server=n -Dfile.encoding=UTF-8 NewMain

Host: Intel(R) Core(TM) i7-4700HQ CPU @ 2.40GHz, 4 cores, 4G, Ubuntu 18.04.2 LTS
Time: Sun May 26 12:20:48 2019 MSK elapsed time: 13 seconds (0d 0h 0m 13s)

---------------  T H R E A D  ---------------

Current thread (0x00007f95ec32a800):  JavaThread "Timer-0" daemon [_thread_in_vm, id=27581, stack(0x00007f95939f2000,0x00007f9593af3000)]

Stack: [0x00007f95939f2000,0x00007f9593af3000],  sp=0x00007f9593aef110,  free space=1012k
Native frames: (J=compiled Java code, A=aot compiled Java code, j=interpreted, Vv=VM code, C=native code)
V  [libjvm.so+0x683f7a]  ContMirror::read()+0x1a
V  [libjvm.so+0x688cec]  Continuation::freeze0(JavaThread*, FrameInfo*, bool) [clone .part.305]+0x52c
V  [libjvm.so+0x689437]  Continuation::freeze(JavaThread*, FrameInfo*)+0x127
v  ~RuntimeStub::cont_doYield
C  0x00007f9593af17a8
j  java.lang.Continuation.myPause(Ljava/lang/ContinuationScope;)Z+3 java.base
j  balancer.Balancer$1.run()V+48
j  java.util.TimerThread.mainLoop()V+221 java.base
j  java.util.TimerThread.run()V+1 java.base
v  ~StubRoutines::call_stub
V  [libjvm.so+0x8bd249]  JavaCalls::call_helper(JavaValue*, methodHandle const&, JavaCallArguments*, Thread*)+0x3c9
V  [libjvm.so+0x8bb265]  JavaCalls::call_virtual(JavaValue*, Handle, Klass*, Symbol*, Symbol*, Thread*)+0x1e5
V  [libjvm.so+0x9660dc]  thread_entry(JavaThread*, Thread*)+0x6c
V  [libjvm.so+0xf73b92]  JavaThread::run()+0x232
V  [libjvm.so+0xf7190d]  Thread::call_run()+0x10d
V  [libjvm.so+0xc8bc77]  thread_native_entry(Thread*)+0xe7

Java frames: (J=compiled Java code, j=interpreted, Vv=VM code)
v  ~RuntimeStub::cont_doYield
j  java.lang.Continuation.yield0(Ljava/lang/ContinuationScope;Ljava/lang/Continuation;)Z+60 java.base
j  java.lang.Continuation.myPause(Ljava/lang/ContinuationScope;)Z+3 java.base
j  balancer.Balancer$1.run()V+48
j  java.util.TimerThread.mainLoop()V+221 java.base
j  java.util.TimerThread.run()V+1 java.base
v  ~StubRoutines::call_stub

siginfo: si_signo: 11 (SIGSEGV), si_code: 1 (SEGV_MAPERR), si_addr: 0x0000000000000020

Register to memory mapping:

RAX=0x0000000000000020 is an unknown value
RBX=0x00007f9593af04c0 is pointing into the stack for thread: 0x00007f95ec32a800
RCX=0x00007f95dc3acc98 is pointing into interpreter code (not bytecode specific)
RDX=0x0 is NULL
RSP=0x00007f9593aef110 is pointing into the stack for thread: 0x00007f95ec32a800
RBP=0x00007f9593aef120 is pointing into the stack for thread: 0x00007f95ec32a800
RSI=0x00007f95db9ce7c6 points into unknown readable memory: 20 20
RDI=0x0 is NULL
R8 =0x00007f95dc399000 points into unknown readable memory: 04 00 00 00 00 00 00 00
R9 =0x000000000000000b is an unknown value
R10=0x0000000000000800 is an unknown value
R11=0x0000000000000400 is an unknown value
R12=0x00007f95ec246fa0 points into unknown readable memory: 00 00 00 00 00 00 00 00
R13=0x00007f9593af04c0 is pointing into the stack for thread: 0x00007f95ec32a800
R14=0x00007f9593af1780 is pointing into the stack for thread: 0x00007f95ec32a800
R15=0x00007f95ec3294e0 points into unknown readable memory: 02 00 00 00 00 00 00 00


Registers:
RAX=0x0000000000000020, RBX=0x00007f9593af04c0, RCX=0x00007f95dc3acc98, RDX=0x0000000000000000
RSP=0x00007f9593aef110, RBP=0x00007f9593aef120, RSI=0x00007f95db9ce7c6, RDI=0x0000000000000000
R8 =0x00007f95dc399000, R9 =0x000000000000000b, R10=0x0000000000000800, R11=0x0000000000000400
R12=0x00007f95ec246fa0, R13=0x00007f9593af04c0, R14=0x00007f9593af1780, R15=0x00007f95ec3294e0
RIP=0x00007f95f11e8f7a, EFLAGS=0x0000000000010202, CSGSFS=0x002b000000000033, ERR=0x0000000000000004
  TRAPNO=0x000000000000000e

Top of Stack: (sp=0x00007f9593aef110)
0x00007f9593aef110:   00007f95ec32a800 00007f95ec32a800
0x00007f9593aef120:   00007f9593af1730 00007f95f11edcec
0x00007f9593aef130:   00007f95ec32a800 0000000000000000
0x00007f9593aef140:   0000000000000000 00007f9593aef240 

Instructions: (pc=0x00007f95f11e8f7a)
0x00007f95f11e8e7a:   08 48 63 00 89 0c 02 48 8d 05 4c e4 fd 00 48 8b
0x00007f95f11e8e8a:   4b 30 48 8b 53 08 48 63 00 48 89 0c 02 48 8d 05
0x00007f95f11e8e9a:   2e e4 fd 00 48 8b 53 08 48 8b 4b 38 48 63 00 48
0x00007f95f11e8eaa:   89 0c 02 48 8d 05 14 e4 fd 00 8b 4b 60 48 8b 53
0x00007f95f11e8eba:   08 48 63 00 89 0c 02 48 8d 05 18 e4 fd 00 48 8b
0x00007f95f11e8eca:   53 08 48 8b 4b 10 48 63 00 48 89 0c 02 48 8d 05
0x00007f95f11e8eda:   fe e3 fd 00 48 8b 4b 18 48 8b 53 08 48 63 00 48
0x00007f95f11e8eea:   89 0c 02 48 8d 05 e4 e3 fd 00 48 63 00 48 8b 53
0x00007f95f11e8efa:   08 48 8b 4b 20 48 89 0c 02 48 8d 05 ee e3 fd 00
0x00007f95f11e8f0a:   48 8b 53 08 48 8b 4b 58 48 63 00 89 0c 02 48 8d
0x00007f95f11e8f1a:   05 a1 e3 fd 00 0f b6 4b 70 48 8b 53 08 48 63 00
0x00007f95f11e8f2a:   88 0c 02 48 8d 05 c0 e3 fd 00 0f b7 4b 74 48 8b
0x00007f95f11e8f3a:   53 08 48 63 00 66 89 0c 02 48 8d 05 a6 e3 fd 00
0x00007f95f11e8f4a:   0f b7 4b 72 48 8b 53 08 48 63 00 66 89 0c 02 48
0x00007f95f11e8f5a:   83 c4 08 5b 5d c3 55 48 89 e5 53 48 89 fb 48 83
0x00007f95f11e8f6a:   ec 08 48 8d 05 6d e3 fd 00 48 8b 7f 08 48 63 00
0x00007f95f11e8f7a:   48 8b 04 38 48 89 43 10 48 8d 05 53 e3 fd 00 48
0x00007f95f11e8f8a:   63 00 48 8b 04 38 48 89 43 18 48 8d 05 3d e3 fd
0x00007f95f11e8f9a:   00 48 63 00 48 8b 04 38 48 89 43 20 48 8d 05 23
0x00007f95f11e8faa:   e3 fd 00 48 63 00 8b 04 38 89 43 28 48 8d 05 17
0x00007f95f11e8fba:   e3 fd 00 48 63 00 48 8b 04 38 48 89 43 30 48 8d
0x00007f95f11e8fca:   05 fd e2 fd 00 48 63 00 48 8b 04 38 48 89 43 38
0x00007f95f11e8fda:   48 8d 05 1b e3 fd 00 48 63 30 ff 15 56 40 f7 00
0x00007f95f11e8fea:   48 85 c0 48 89 43 40 0f 84 b9 01 00 00 48 8d 15
0x00007f95f11e8ffa:   de c7 fd 00 80 3a 01 48 19 c9 83 e1 04 80 3a 01
0x00007f95f11e900a:   8b 4c 08 0c 48 19 d2 89 4b 48 83 e2 08 48 8d 44
0x00007f95f11e901a:   10 10 48 89 43 50 48 8d 05 d1 e2 fd 00 48 8b 7b
0x00007f95f11e902a:   08 48 63 00 48 63 04 07 48 89 43 58 48 8d 05 af
0x00007f95f11e903a:   e2 fd 00 48 63 30 ff 15 fa 3f f7 00 48 8d 15 7b
0x00007f95f11e904a:   e2 fd 00 48 89 43 68 48 8b 43 08 48 83 3d d3 ac
0x00007f95f11e905a:   fb 00 00 48 63 12 8b 14 02 89 53 60 48 8d 15 53
0x00007f95f11e906a:   e2 fd 00 48 63 12 0f b6 14 02 88 53 70 48 8d 15 


Stack slot to memory mapping:
stack at sp + 0 slots: 0x00007f95ec32a800 is a thread
stack at sp + 1 slots: 0x00007f95ec32a800 is a thread
stack at sp + 2 slots: 0x00007f9593af1730 is pointing into the stack for thread: 0x00007f95ec32a800
stack at sp + 3 slots: 0x00007f95f11edcec: <offset 0x0000000000688cec> in /home/dmitry/Downloads/LOOM/loom/build/linux-x86_64-server-release/jdk/lib/server/libjvm.so at 0x00007f95f0b65000
stack at sp + 4 slots: 0x00007f95ec32a800 is a thread
stack at sp + 5 slots: 0x0 is NULL
stack at sp + 6 slots: 0x0 is NULL
stack at sp + 7 slots: 0x00007f9593aef240 is pointing into the stack for thread: 0x00007f95ec32a800


---------------  P R O C E S S  ---------------

Threads class SMR info:
_java_thread_list=0x00007f95ec3355c0, length=16, elements={
0x00007f95ec017800, 0x00007f95ec13c000, 0x00007f95ec13f000, 0x00007f95ec161000,
0x00007f95ec166000, 0x00007f95ec168000, 0x00007f95ec169800, 0x00007f95ec1a2800,
0x00007f95ec2f7800, 0x00007f95ec2fa800, 0x00007f95a0001800, 0x00007f95ec2fc800,
0x00007f95ec32a800, 0x00007f95ec284000, 0x00007f95ec34f800, 0x00007f95ec334000
}

Java Threads: ( => current thread )
  0x00007f95ec017800 JavaThread "main" [_thread_blocked, id=27544, stack(0x00007f95f2f69000,0x00007f95f306a000)]
  0x00007f95ec13c000 JavaThread "Reference Handler" daemon [_thread_blocked, id=27558, stack(0x00007f95d8398000,0x00007f95d8499000)]
  0x00007f95ec13f000 JavaThread "Finalizer" daemon [_thread_blocked, id=27559, stack(0x00007f95d8297000,0x00007f95d8398000)]
  0x00007f95ec161000 JavaThread "Signal Dispatcher" daemon [_thread_blocked, id=27560, stack(0x00007f95d8196000,0x00007f95d8297000)]
  0x00007f95ec166000 JavaThread "C2 CompilerThread0" daemon [_thread_blocked, id=27563, stack(0x00007f95d8095000,0x00007f95d8196000)]
  0x00007f95ec168000 JavaThread "C1 CompilerThread0" daemon [_thread_blocked, id=27564, stack(0x00007f95c8d30000,0x00007f95c8e31000)]
  0x00007f95ec169800 JavaThread "Sweeper thread" daemon [_thread_blocked, id=27565, stack(0x00007f95c8c2f000,0x00007f95c8d30000)]
  0x00007f95ec1a2800 JavaThread "Common-Cleaner" daemon [_thread_blocked, id=27570, stack(0x00007f95c8704000,0x00007f95c8805000)]
  0x00007f95ec2f7800 JavaThread "JDWP Transport Listener: dt_socket" daemon [_thread_blocked, id=27574, stack(0x00007f95c83fd000,0x00007f95c84fe000)]
  0x00007f95ec2fa800 JavaThread "JDWP Event Helper Thread" daemon [_thread_blocked, id=27576, stack(0x00007f95c82fc000,0x00007f95c83fd000)]
  0x00007f95a0001800 JavaThread "JDWP Command Reader" daemon [_thread_in_native, id=27578, stack(0x00007f95c81fb000,0x00007f95c82fc000)]
  0x00007f95ec2fc800 JavaThread "Service Thread" daemon [_thread_blocked, id=27579, stack(0x00007f95c80fa000,0x00007f95c81fb000)]
=>0x00007f95ec32a800 JavaThread "Timer-0" daemon [_thread_in_vm, id=27581, stack(0x00007f95939f2000,0x00007f9593af3000)]
  0x00007f95ec284000 JavaThread "pool-1-thread-1" [_thread_blocked, id=27582, stack(0x00007f95938f1000,0x00007f95939f2000)]
  0x00007f95ec34f800 JavaThread "pool-1-thread-2" [_thread_blocked, id=27583, stack(0x00007f95937f0000,0x00007f95938f1000)]
  0x00007f95ec334000 JavaThread "pool-1-thread-3" [_thread_in_Java, id=27595, stack(0x00007f95936ef000,0x00007f95937f0000)]

Other Threads:
  0x00007f95ec12f800 VMThread "VM Thread" [stack: 0x00007f95d849b000,0x00007f95d859b000] [id=27556]
  0x00007f95ec2ff000 WatcherThread [stack: 0x00007f9593f00000,0x00007f9594000000] [id=27580]
  0x00007f95ec05b000 GCTaskThread "GC Thread#0" [stack: 0x00007f95d8e2a000,0x00007f95d8f2a000] [id=27546]
  0x00007f95ec065000 ConcurrentGCThread "G1 Main Marker" [stack: 0x00007f95d8d28000,0x00007f95d8e28000] [id=27547]
  0x00007f95ec066800 ConcurrentGCThread "G1 Conc#0" [stack: 0x00007f95d8c26000,0x00007f95d8d26000] [id=27548]
  0x00007f95ec0bb000 ConcurrentGCThread "G1 Refine#0" [stack: 0x00007f95d8720000,0x00007f95d8820000] [id=27549]
  0x00007f95ec0bc800 ConcurrentGCThread "G1 Young RemSet Sampling" [stack: 0x00007f95d861e000,0x00007f95d871e000] [id=27552]

Threads with active compile tasks:

VM state:not at safepoint (normal execution)

VM Mutex/Monitor currently owned by a thread: None

Heap address: 0x00000000b0000000, size: 1280 MB, Compressed Oops mode: 32-bit
Narrow klass base: 0x0000000000000000, Narrow klass shift: 3
Compressed class space size: 1073741824 Address: 0x0000000100000000

Heap:
 garbage-first heap   total 81920K, used 9216K [0x00000000b0000000, 0x0000000100000000)
  region size 1024K, 10 young (10240K), 0 survivors (0K)
 Metaspace       used 7745K, capacity 7962K, committed 8320K, reserved 1056768K
  class space    used 689K, capacity 786K, committed 896K, reserved 1048576K
Heap Regions: E=young(eden), S=young(survivor), O=old, HS=humongous(starts), HC=humongous(continues), CS=collection set, F=free, A=archive, TAMS=top-at-mark-start (previous, next)
|   0|0x00000000b0000000, 0x00000000b0000000, 0x00000000b0100000|  0%| F|  |TAMS 0x00000000b0000000, 0x00000000b0000000| Untracked 
|   1|0x00000000b0100000, 0x00000000b0100000, 0x00000000b0200000|  0%| F|  |TAMS 0x00000000b0100000, 0x00000000b0100000| Untracked 
|   2|0x00000000b0200000, 0x00000000b0200000, 0x00000000b0300000|  0%| F|  |TAMS 0x00000000b0200000, 0x00000000b0200000| Untracked 
|   3|0x00000000b0300000, 0x00000000b0300000, 0x00000000b0400000|  0%| F|  |TAMS 0x00000000b0300000, 0x00000000b0300000| Untracked 
|   4|0x00000000b0400000, 0x00000000b0400000, 0x00000000b0500000|  0%| F|  |TAMS 0x00000000b0400000, 0x00000000b0400000| Untracked 
|   5|0x00000000b0500000, 0x00000000b0500000, 0x00000000b0600000|  0%| F|  |TAMS 0x00000000b0500000, 0x00000000b0500000| Untracked 
|   6|0x00000000b0600000, 0x00000000b0600000, 0x00000000b0700000|  0%| F|  |TAMS 0x00000000b0600000, 0x00000000b0600000| Untracked 
|   7|0x00000000b0700000, 0x00000000b0700000, 0x00000000b0800000|  0%| F|  |TAMS 0x00000000b0700000, 0x00000000b0700000| Untracked 
|   8|0x00000000b0800000, 0x00000000b0800000, 0x00000000b0900000|  0%| F|  |TAMS 0x00000000b0800000, 0x00000000b0800000| Untracked 
|   9|0x00000000b0900000, 0x00000000b0900000, 0x00000000b0a00000|  0%| F|  |TAMS 0x00000000b0900000, 0x00000000b0900000| Untracked 
|  10|0x00000000b0a00000, 0x00000000b0a00000, 0x00000000b0b00000|  0%| F|  |TAMS 0x00000000b0a00000, 0x00000000b0a00000| Untracked 
|  11|0x00000000b0b00000, 0x00000000b0b00000, 0x00000000b0c00000|  0%| F|  |TAMS 0x00000000b0b00000, 0x00000000b0b00000| Untracked 
|  12|0x00000000b0c00000, 0x00000000b0c00000, 0x00000000b0d00000|  0%| F|  |TAMS 0x00000000b0c00000, 0x00000000b0c00000| Untracked 
|  13|0x00000000b0d00000, 0x00000000b0d00000, 0x00000000b0e00000|  0%| F|  |TAMS 0x00000000b0d00000, 0x00000000b0d00000| Untracked 
|  14|0x00000000b0e00000, 0x00000000b0e00000, 0x00000000b0f00000|  0%| F|  |TAMS 0x00000000b0e00000, 0x00000000b0e00000| Untracked 
|  15|0x00000000b0f00000, 0x00000000b0f00000, 0x00000000b1000000|  0%| F|  |TAMS 0x00000000b0f00000, 0x00000000b0f00000| Untracked 
|  16|0x00000000b1000000, 0x00000000b1000000, 0x00000000b1100000|  0%| F|  |TAMS 0x00000000b1000000, 0x00000000b1000000| Untracked 
|  17|0x00000000b1100000, 0x00000000b1100000, 0x00000000b1200000|  0%| F|  |TAMS 0x00000000b1100000, 0x00000000b1100000| Untracked 
|  18|0x00000000b1200000, 0x00000000b1200000, 0x00000000b1300000|  0%| F|  |TAMS 0x00000000b1200000, 0x00000000b1200000| Untracked 
|  19|0x00000000b1300000, 0x00000000b1300000, 0x00000000b1400000|  0%| F|  |TAMS 0x00000000b1300000, 0x00000000b1300000| Untracked 
|  20|0x00000000b1400000, 0x00000000b1400000, 0x00000000b1500000|  0%| F|  |TAMS 0x00000000b1400000, 0x00000000b1400000| Untracked 
|  21|0x00000000b1500000, 0x00000000b1500000, 0x00000000b1600000|  0%| F|  |TAMS 0x00000000b1500000, 0x00000000b1500000| Untracked 
|  22|0x00000000b1600000, 0x00000000b1600000, 0x00000000b1700000|  0%| F|  |TAMS 0x00000000b1600000, 0x00000000b1600000| Untracked 
|  23|0x00000000b1700000, 0x00000000b1700000, 0x00000000b1800000|  0%| F|  |TAMS 0x00000000b1700000, 0x00000000b1700000| Untracked 
|  24|0x00000000b1800000, 0x00000000b1800000, 0x00000000b1900000|  0%| F|  |TAMS 0x00000000b1800000, 0x00000000b1800000| Untracked 
|  25|0x00000000b1900000, 0x00000000b1900000, 0x00000000b1a00000|  0%| F|  |TAMS 0x00000000b1900000, 0x00000000b1900000| Untracked 
|  26|0x00000000b1a00000, 0x00000000b1a00000, 0x00000000b1b00000|  0%| F|  |TAMS 0x00000000b1a00000, 0x00000000b1a00000| Untracked 
|  27|0x00000000b1b00000, 0x00000000b1b00000, 0x00000000b1c00000|  0%| F|  |TAMS 0x00000000b1b00000, 0x00000000b1b00000| Untracked 
|  28|0x00000000b1c00000, 0x00000000b1c00000, 0x00000000b1d00000|  0%| F|  |TAMS 0x00000000b1c00000, 0x00000000b1c00000| Untracked 
|  29|0x00000000b1d00000, 0x00000000b1d00000, 0x00000000b1e00000|  0%| F|  |TAMS 0x00000000b1d00000, 0x00000000b1d00000| Untracked 
|  30|0x00000000b1e00000, 0x00000000b1e00000, 0x00000000b1f00000|  0%| F|  |TAMS 0x00000000b1e00000, 0x00000000b1e00000| Untracked 
|  31|0x00000000b1f00000, 0x00000000b1f00000, 0x00000000b2000000|  0%| F|  |TAMS 0x00000000b1f00000, 0x00000000b1f00000| Untracked 
|  32|0x00000000b2000000, 0x00000000b2000000, 0x00000000b2100000|  0%| F|  |TAMS 0x00000000b2000000, 0x00000000b2000000| Untracked 
|  33|0x00000000b2100000, 0x00000000b2100000, 0x00000000b2200000|  0%| F|  |TAMS 0x00000000b2100000, 0x00000000b2100000| Untracked 
|  34|0x00000000b2200000, 0x00000000b2200000, 0x00000000b2300000|  0%| F|  |TAMS 0x00000000b2200000, 0x00000000b2200000| Untracked 
|  35|0x00000000b2300000, 0x00000000b2300000, 0x00000000b2400000|  0%| F|  |TAMS 0x00000000b2300000, 0x00000000b2300000| Untracked 
|  36|0x00000000b2400000, 0x00000000b2400000, 0x00000000b2500000|  0%| F|  |TAMS 0x00000000b2400000, 0x00000000b2400000| Untracked 
|  37|0x00000000b2500000, 0x00000000b2500000, 0x00000000b2600000|  0%| F|  |TAMS 0x00000000b2500000, 0x00000000b2500000| Untracked 
|  38|0x00000000b2600000, 0x00000000b2600000, 0x00000000b2700000|  0%| F|  |TAMS 0x00000000b2600000, 0x00000000b2600000| Untracked 
|  39|0x00000000b2700000, 0x00000000b2700000, 0x00000000b2800000|  0%| F|  |TAMS 0x00000000b2700000, 0x00000000b2700000| Untracked 
|  40|0x00000000b2800000, 0x00000000b2800000, 0x00000000b2900000|  0%| F|  |TAMS 0x00000000b2800000, 0x00000000b2800000| Untracked 
|  41|0x00000000b2900000, 0x00000000b2900000, 0x00000000b2a00000|  0%| F|  |TAMS 0x00000000b2900000, 0x00000000b2900000| Untracked 
|  42|0x00000000b2a00000, 0x00000000b2a00000, 0x00000000b2b00000|  0%| F|  |TAMS 0x00000000b2a00000, 0x00000000b2a00000| Untracked 
|  43|0x00000000b2b00000, 0x00000000b2b00000, 0x00000000b2c00000|  0%| F|  |TAMS 0x00000000b2b00000, 0x00000000b2b00000| Untracked 
|  44|0x00000000b2c00000, 0x00000000b2c00000, 0x00000000b2d00000|  0%| F|  |TAMS 0x00000000b2c00000, 0x00000000b2c00000| Untracked 
|  45|0x00000000b2d00000, 0x00000000b2d00000, 0x00000000b2e00000|  0%| F|  |TAMS 0x00000000b2d00000, 0x00000000b2d00000| Untracked 
|  46|0x00000000b2e00000, 0x00000000b2e00000, 0x00000000b2f00000|  0%| F|  |TAMS 0x00000000b2e00000, 0x00000000b2e00000| Untracked 
|  47|0x00000000b2f00000, 0x00000000b2f00000, 0x00000000b3000000|  0%| F|  |TAMS 0x00000000b2f00000, 0x00000000b2f00000| Untracked 
|  48|0x00000000b3000000, 0x00000000b3000000, 0x00000000b3100000|  0%| F|  |TAMS 0x00000000b3000000, 0x00000000b3000000| Untracked 
|  49|0x00000000b3100000, 0x00000000b3100000, 0x00000000b3200000|  0%| F|  |TAMS 0x00000000b3100000, 0x00000000b3100000| Untracked 
|  50|0x00000000b3200000, 0x00000000b3200000, 0x00000000b3300000|  0%| F|  |TAMS 0x00000000b3200000, 0x00000000b3200000| Untracked 
|  51|0x00000000b3300000, 0x00000000b3300000, 0x00000000b3400000|  0%| F|  |TAMS 0x00000000b3300000, 0x00000000b3300000| Untracked 
|  52|0x00000000b3400000, 0x00000000b3400000, 0x00000000b3500000|  0%| F|  |TAMS 0x00000000b3400000, 0x00000000b3400000| Untracked 
|  53|0x00000000b3500000, 0x00000000b3500000, 0x00000000b3600000|  0%| F|  |TAMS 0x00000000b3500000, 0x00000000b3500000| Untracked 
|  54|0x00000000b3600000, 0x00000000b3600000, 0x00000000b3700000|  0%| F|  |TAMS 0x00000000b3600000, 0x00000000b3600000| Untracked 
|  55|0x00000000b3700000, 0x00000000b3700000, 0x00000000b3800000|  0%| F|  |TAMS 0x00000000b3700000, 0x00000000b3700000| Untracked 
|  56|0x00000000b3800000, 0x00000000b3800000, 0x00000000b3900000|  0%| F|  |TAMS 0x00000000b3800000, 0x00000000b3800000| Untracked 
|  57|0x00000000b3900000, 0x00000000b3900000, 0x00000000b3a00000|  0%| F|  |TAMS 0x00000000b3900000, 0x00000000b3900000| Untracked 
|  58|0x00000000b3a00000, 0x00000000b3a00000, 0x00000000b3b00000|  0%| F|  |TAMS 0x00000000b3a00000, 0x00000000b3a00000| Untracked 
|  59|0x00000000b3b00000, 0x00000000b3b00000, 0x00000000b3c00000|  0%| F|  |TAMS 0x00000000b3b00000, 0x00000000b3b00000| Untracked 
|  60|0x00000000b3c00000, 0x00000000b3c00000, 0x00000000b3d00000|  0%| F|  |TAMS 0x00000000b3c00000, 0x00000000b3c00000| Untracked 
|  61|0x00000000b3d00000, 0x00000000b3d00000, 0x00000000b3e00000|  0%| F|  |TAMS 0x00000000b3d00000, 0x00000000b3d00000| Untracked 
|  62|0x00000000b3e00000, 0x00000000b3e00000, 0x00000000b3f00000|  0%| F|  |TAMS 0x00000000b3e00000, 0x00000000b3e00000| Untracked 
|  63|0x00000000b3f00000, 0x00000000b3f00000, 0x00000000b4000000|  0%| F|  |TAMS 0x00000000b3f00000, 0x00000000b3f00000| Untracked 
|  64|0x00000000b4000000, 0x00000000b4000000, 0x00000000b4100000|  0%| F|  |TAMS 0x00000000b4000000, 0x00000000b4000000| Untracked 
|  65|0x00000000b4100000, 0x00000000b4100000, 0x00000000b4200000|  0%| F|  |TAMS 0x00000000b4100000, 0x00000000b4100000| Untracked 
|  66|0x00000000b4200000, 0x00000000b4200000, 0x00000000b4300000|  0%| F|  |TAMS 0x00000000b4200000, 0x00000000b4200000| Untracked 
|  67|0x00000000b4300000, 0x00000000b4300000, 0x00000000b4400000|  0%| F|  |TAMS 0x00000000b4300000, 0x00000000b4300000| Untracked 
|  68|0x00000000b4400000, 0x00000000b4400000, 0x00000000b4500000|  0%| F|  |TAMS 0x00000000b4400000, 0x00000000b4400000| Untracked 
|  69|0x00000000b4500000, 0x00000000b4500000, 0x00000000b4600000|  0%| F|  |TAMS 0x00000000b4500000, 0x00000000b4500000| Untracked 
|  70|0x00000000b4600000, 0x00000000b4700000, 0x00000000b4700000|100%| E|  |TAMS 0x00000000b4600000, 0x00000000b4600000| Complete 
|  71|0x00000000b4700000, 0x00000000b4800000, 0x00000000b4800000|100%| E|CS|TAMS 0x00000000b4700000, 0x00000000b4700000| Complete 
|  72|0x00000000b4800000, 0x00000000b4900000, 0x00000000b4900000|100%| E|CS|TAMS 0x00000000b4800000, 0x00000000b4800000| Complete 
|  73|0x00000000b4900000, 0x00000000b4a00000, 0x00000000b4a00000|100%| E|CS|TAMS 0x00000000b4900000, 0x00000000b4900000| Complete 
|  74|0x00000000b4a00000, 0x00000000b4b00000, 0x00000000b4b00000|100%| E|CS|TAMS 0x00000000b4a00000, 0x00000000b4a00000| Complete 
|  75|0x00000000b4b00000, 0x00000000b4c00000, 0x00000000b4c00000|100%| E|CS|TAMS 0x00000000b4b00000, 0x00000000b4b00000| Complete 
|  76|0x00000000b4c00000, 0x00000000b4d00000, 0x00000000b4d00000|100%| E|CS|TAMS 0x00000000b4c00000, 0x00000000b4c00000| Complete 
|  77|0x00000000b4d00000, 0x00000000b4e00000, 0x00000000b4e00000|100%| E|CS|TAMS 0x00000000b4d00000, 0x00000000b4d00000| Complete 
|  78|0x00000000b4e00000, 0x00000000b4f00000, 0x00000000b4f00000|100%| E|CS|TAMS 0x00000000b4e00000, 0x00000000b4e00000| Complete 
|  79|0x00000000b4f00000, 0x00000000b5000000, 0x00000000b5000000|100%| E|CS|TAMS 0x00000000b4f00000, 0x00000000b4f00000| Complete 

Card table byte_map: [0x00007f95db9aa000,0x00007f95dbc2a000] _byte_map_base: 0x00007f95db42a000

Marking Bits (Prev, Next): (CMBitMap*) 0x00007f95ec05c698, (CMBitMap*) 0x00007f95ec05c6d8
 Prev Bits: [0x00007f95da32a000, 0x00007f95db72a000)
 Next Bits: [0x00007f95d8f2a000, 0x00007f95da32a000)

Polling page: 0x00007f95f307d000

Metaspace:

Usage:
  Non-class:      7,01 MB capacity,     6,89 MB ( 98%) used,   105,99 KB (  1%) free+waste,    13,88 KB ( <1%) overhead. 
      Class:    786,00 KB capacity,   689,52 KB ( 88%) used,    89,23 KB ( 11%) free+waste,     7,25 KB ( <1%) overhead. 
       Both:      7,78 MB capacity,     7,56 MB ( 97%) used,   195,23 KB (  2%) free+waste,    21,12 KB ( <1%) overhead. 

Virtual space:
  Non-class space:        8,00 MB reserved,       7,25 MB ( 91%) committed 
      Class space:        1,00 GB reserved,     896,00 KB ( <1%) committed 
             Both:        1,01 GB reserved,       8,12 MB ( <1%) committed 

Chunk freelists:
   Non-Class:  56,00 KB
       Class:  14,00 KB
        Both:  70,00 KB

MaxMetaspaceSize: unlimited
CompressedClassSpaceSize: 1,00 GB

CodeHeap 'non-profiled nmethods': size=120032Kb used=206Kb max_used=206Kb free=119826Kb
 bounds [0x00007f95e3e61000, 0x00007f95e40d1000, 0x00007f95eb399000]
CodeHeap 'profiled nmethods': size=120032Kb used=1050Kb max_used=1050Kb free=118981Kb
 bounds [0x00007f95dc929000, 0x00007f95dcb99000, 0x00007f95e3e61000]
CodeHeap 'non-nmethods': size=5696Kb used=1189Kb max_used=1203Kb free=4506Kb
 bounds [0x00007f95dc399000, 0x00007f95dc609000, 0x00007f95dc929000]
 total_blobs=1079 nmethods=597 adapters=256
 compilation: enabled
              stopped_count=0, restarted_count=0
 full_count=0

Compilation events (10 events):
Event: 1,627 Thread 0x00007f95ec168000 nmethod 600 0x00007f95dca29810 code [0x00007f95dca29c20, 0x00007f95dca2bc98]
Event: 1,627 Thread 0x00007f95ec168000  598       3       java.lang.ref.WeakReference::<init> (7 bytes)
Event: 1,628 Thread 0x00007f95ec168000 nmethod 598 0x00007f95dca2c690 code [0x00007f95dca2c840, 0x00007f95dca2cb70]
Event: 1,633 Thread 0x00007f95ec166000 nmethod 595 0x00007f95e3e93990 code [0x00007f95e3e93b40, 0x00007f95e3e94128]
Event: 8,454 Thread 0x00007f95ec168000  601       3       java.lang.invoke.MethodTypeForm::canonicalizeAll (66 bytes)
Event: 8,455 Thread 0x00007f95ec168000 nmethod 601 0x00007f95dca2cc90 code [0x00007f95dca2ce80, 0x00007f95dca2d518]
Event: 8,455 Thread 0x00007f95ec168000  602       3       java.lang.invoke.MethodType$ConcurrentWeakInternSet$WeakEntry::<init> (15 bytes)
Event: 8,456 Thread 0x00007f95ec168000 nmethod 602 0x00007f95dca2d710 code [0x00007f95dca2d8e0, 0x00007f95dca2dd68]
Event: 8,456 Thread 0x00007f95ec168000  604       3       java.lang.invoke.MethodType::erase (8 bytes)
Event: 8,457 Thread 0x00007f95ec168000 nmethod 604 0x00007f95dca2df10 code [0x00007f95dca2e0c0, 0x00007f95dca2e230]

GC Heap History (0 events):
No events

Deoptimization events (2 events):
Event: 0,762 Thread 0x00007f95ec017800 Uncommon trap: reason=unstable_if action=reinterpret pc=0x00007f95e3e6cfb4 method=java.io.DataInputStream.readUTF(Ljava/io/DataInput;)Ljava/lang/String; @ 31 c2
Event: 1,115 Thread 0x00007f95ec017800 Uncommon trap: reason=unstable_if action=reinterpret pc=0x00007f95e3e78ba0 method=java.util.HashMap.putVal(ILjava/lang/Object;Ljava/lang/Object;ZZ)Ljava/lang/Object; @ 236 c2

Classes unloaded (0 events):
No events

Classes redefined (0 events):
No events

Internal exceptions (10 events):
Event: 0,873 Thread 0x00007f95ec017800 Exception <a 'java/lang/NoSuchMethodError'{0x00000000b4c215d0}: 'java.lang.Object java.lang.invoke.DirectMethodHandle$Holder.invokeVirtual(java.lang.Object, java.lang.Object)'> (0x00000000b4c215d0) 
thrown [/home/dmitry/Downloads/LOOM/loom/src/hotspot/share/interpreter/linkResolver.cpp, line 768]
for thread 0x00007f95ec017800
Event: 0,878 Thread 0x00007f95ec017800 Exception <a 'java/lang/NoSuchMethodError'{0x00000000b4c29198}: 'int java.lang.invoke.DirectMethodHandle$Holder.invokeSpecial(java.lang.Object, java.lang.Object)'> (0x00000000b4c29198) 
thrown [/home/dmitry/Downloads/LOOM/loom/src/hotspot/share/interpreter/linkResolver.cpp, line 768]
for thread 0x00007f95ec017800
Event: 1,051 Thread 0x00007f95ec017800 Exception <a 'java/lang/NoSuchMethodError'{0x00000000b4ab9b98}: 'void java.lang.invoke.DirectMethodHandle$Holder.invokeStatic(java.lang.Object, java.lang.Object, java.lang.Object)'> (0x00000000b4ab9b98) 
thrown [/home/dmitry/Downloads/LOOM/loom/src/hotspot/share/interpreter/linkResolver.cpp, line 768]
for thread 0x00007f95ec017800
Event: 1,063 Thread 0x00007f95ec017800 Exception <a 'java/lang/NoSuchMethodError'{0x00000000b4ae5140}: 'java.lang.Object java.lang.invoke.Invokers$Holder.linkToTargetMethod(java.lang.Object, java.lang.Object, java.lang.Object, java.lang.Object)'> (0x00000000b4ae5140) 
thrown [/home/dmitry/Downloads/LOOM/loom/src/hotspot/share/interpreter/linkResolver.cpp, line 768]
for thread 0x00007f95ec017800
Event: 1,122 Thread 0x00007f95ec017800 Exception <a 'java/lang/NoSuchMethodError'{0x00000000b4960b80}: 'java.lang.Object java.lang.invoke.DirectMethodHandle$Holder.invokeStaticInit(java.lang.Object, java.lang.Object)'> (0x00000000b4960b80) 
thrown [/home/dmitry/Downloads/LOOM/loom/src/hotspot/share/interpreter/linkResolver.cpp, line 768]
for thread 0x00007f95ec017800
Event: 1,124 Thread 0x00007f95ec017800 Exception <a 'java/lang/NoSuchMethodError'{0x00000000b49688b0}: 'void java.lang.invoke.DirectMethodHandle$Holder.invokeStaticInit(java.lang.Object, java.lang.Object, java.lang.Object)'> (0x00000000b49688b0) 
thrown [/home/dmitry/Downloads/LOOM/loom/src/hotspot/share/interpreter/linkResolver.cpp, line 768]
for thread 0x00007f95ec017800
Event: 1,352 Thread 0x00007f95ec017800 Exception <a 'java/lang/NoSuchMethodError'{0x00000000b48b2990}: 'java.lang.Object java.lang.invoke.DirectMethodHandle$Holder.invokeStatic(java.lang.Object)'> (0x00000000b48b2990) 
thrown [/home/dmitry/Downloads/LOOM/loom/src/hotspot/share/interpreter/linkResolver.cpp, line 768]
for thread 0x00007f95ec017800
Event: 1,353 Thread 0x00007f95ec017800 Exception <a 'java/lang/NoSuchMethodError'{0x00000000b48b5390}: 'java.lang.Object java.lang.invoke.DirectMethodHandle$Holder.invokeStaticInit(java.lang.Object)'> (0x00000000b48b5390) 
thrown [/home/dmitry/Downloads/LOOM/loom/src/hotspot/share/interpreter/linkResolver.cpp, line 768]
for thread 0x00007f95ec017800
Event: 1,403 Thread 0x00007f95ec017800 Exception <a 'java/lang/NoSuchMethodError'{0x00000000b48cbfb0}: 'java.lang.Object java.lang.invoke.DirectMethodHandle$Holder.invokeStaticInit(java.lang.Object, java.lang.Object, java.lang.Object)'> (0x00000000b48cbfb0) 
thrown [/home/dmitry/Downloads/LOOM/loom/src/hotspot/share/interpreter/linkResolver.cpp, line 768]
for thread 0x00007f95ec017800
Event: 1,414 Thread 0x00007f95ec017800 Exception <a 'java/lang/NoSuchMethodError'{0x00000000b48eb760}: 'int java.lang.invoke.DirectMethodHandle$Holder.invokeSpecial(java.lang.Object, java.lang.Object, java.lang.Object)'> (0x00000000b48eb760) 
thrown [/home/dmitry/Downloads/LOOM/loom/src/hotspot/share/interpreter/linkResolver.cpp, line 768]
for thread 0x00007f95ec017800

Events (10 events):
Event: 9,501 Executing VM operation: get/set locals
Event: 9,501 Executing VM operation: get/set locals done
Event: 9,573 Executing VM operation: get/set locals
Event: 9,573 Executing VM operation: get/set locals done
Event: 9,598 Executing VM operation: GetFrameCount
Event: 9,598 Executing VM operation: GetFrameCount done
Event: 9,598 Executing VM operation: GetFrameCount
Event: 9,598 Executing VM operation: GetFrameCount done
Event: 9,598 Executing VM operation: GetStackTrace
Event: 9,598 Executing VM operation: GetStackTrace done


Dynamic libraries:
b0000000-b5000000 rw-p 00000000 00:00 0 
b5000000-100000000 ---p 00000000 00:00 0 
100000000-1000e0000 rw-p 00000000 00:00 0 
1000e0000-140000000 ---p 00000000 00:00 0 
56268c5ac000-56268c5ad000 r-xp 00000000 08:01 2499595                    /home/dmitry/Downloads/LOOM/loom/build/linux-x86_64-server-release/jdk/bin/java
56268c7ad000-56268c7ae000 r--p 00001000 08:01 2499595                    /home/dmitry/Downloads/LOOM/loom/build/linux-x86_64-server-release/jdk/bin/java
56268c7ae000-56268c7af000 rw-p 00002000 08:01 2499595                    /home/dmitry/Downloads/LOOM/loom/build/linux-x86_64-server-release/jdk/bin/java
56268d909000-56268d92a000 rw-p 00000000 00:00 0                          [heap]
7f9578000000-7f9578021000 rw-p 00000000 00:00 0 
7f9578021000-7f957c000000 ---p 00000000 00:00 0 
7f957c000000-7f957c021000 rw-p 00000000 00:00 0 
7f957c021000-7f9580000000 ---p 00000000 00:00 0 
7f9580000000-7f9580021000 rw-p 00000000 00:00 0 
7f9580021000-7f9584000000 ---p 00000000 00:00 0 
7f9584000000-7f9584021000 rw-p 00000000 00:00 0 
7f9584021000-7f9588000000 ---p 00000000 00:00 0 
7f9588000000-7f9588021000 rw-p 00000000 00:00 0 
7f9588021000-7f958c000000 ---p 00000000 00:00 0 
7f958c000000-7f958c021000 rw-p 00000000 00:00 0 
7f958c021000-7f9590000000 ---p 00000000 00:00 0 
7f95932f4000-7f95936ef000 rw-p 00000000 00:00 0 
7f95936ef000-7f95936f3000 ---p 00000000 00:00 0 
7f95936f3000-7f95937f0000 rw-p 00000000 00:00 0 
7f95937f0000-7f95937f4000 ---p 00000000 00:00 0 
7f95937f4000-7f95938f1000 rw-p 00000000 00:00 0 
7f95938f1000-7f95938f5000 ---p 00000000 00:00 0 
7f95938f5000-7f95939f2000 rw-p 00000000 00:00 0 
7f95939f2000-7f95939f6000 ---p 00000000 00:00 0 
7f95939f6000-7f9593af3000 rw-p 00000000 00:00 0 
7f9593af3000-7f9593af8000 r-xp 00000000 08:01 2636673                    /home/dmitry/Downloads/LOOM/loom/build/linux-x86_64-server-release/jdk/lib/libmanagement_ext.so
7f9593af8000-7f9593cf7000 ---p 00005000 08:01 2636673                    /home/dmitry/Downloads/LOOM/loom/build/linux-x86_64-server-release/jdk/lib/libmanagement_ext.so
7f9593cf7000-7f9593cf8000 r--p 00004000 08:01 2636673                    /home/dmitry/Downloads/LOOM/loom/build/linux-x86_64-server-release/jdk/lib/libmanagement_ext.so
7f9593cf8000-7f9593cf9000 rw-p 00005000 08:01 2636673                    /home/dmitry/Downloads/LOOM/loom/build/linux-x86_64-server-release/jdk/lib/libmanagement_ext.so
7f9593cf9000-7f9593cfd000 r-xp 00000000 08:01 2636274                    /home/dmitry/Downloads/LOOM/loom/build/linux-x86_64-server-release/jdk/lib/libmanagement.so
7f9593cfd000-7f9593efc000 ---p 00004000 08:01 2636274                    /home/dmitry/Downloads/LOOM/loom/build/linux-x86_64-server-release/jdk/lib/libmanagement.so
7f9593efc000-7f9593efd000 r--p 00003000 08:01 2636274                    /home/dmitry/Downloads/LOOM/loom/build/linux-x86_64-server-release/jdk/lib/libmanagement.so
7f9593efd000-7f9593efe000 rw-p 00004000 08:01 2636274                    /home/dmitry/Downloads/LOOM/loom/build/linux-x86_64-server-release/jdk/lib/libmanagement.so
7f9593efe000-7f9593eff000 ---p 00000000 00:00 0 
7f9593eff000-7f9594000000 rw-p 00000000 00:00 0 
7f9594000000-7f9594021000 rw-p 00000000 00:00 0 
7f9594021000-7f9598000000 ---p 00000000 00:00 0 
7f9598000000-7f9598021000 rw-p 00000000 00:00 0 
7f9598021000-7f959c000000 ---p 00000000 00:00 0 
7f959c000000-7f959c021000 rw-p 00000000 00:00 0 
7f959c021000-7f95a0000000 ---p 00000000 00:00 0 
7f95a0000000-7f95a0044000 rw-p 00000000 00:00 0 
7f95a0044000-7f95a4000000 ---p 00000000 00:00 0 
7f95a4000000-7f95a4393000 rw-p 00000000 00:00 0 
7f95a4393000-7f95a8000000 ---p 00000000 00:00 0 
7f95a8000000-7f95a8021000 rw-p 00000000 00:00 0 
7f95a8021000-7f95ac000000 ---p 00000000 00:00 0 
7f95ac000000-7f95ac021000 rw-p 00000000 00:00 0 
7f95ac021000-7f95b0000000 ---p 00000000 00:00 0 
7f95b0000000-7f95b03d7000 rw-p 00000000 00:00 0 
7f95b03d7000-7f95b4000000 ---p 00000000 00:00 0 
7f95b4000000-7f95b4021000 rw-p 00000000 00:00 0 
7f95b4021000-7f95b8000000 ---p 00000000 00:00 0 
7f95b8000000-7f95b8021000 rw-p 00000000 00:00 0 
7f95b8021000-7f95bc000000 ---p 00000000 00:00 0 
7f95bc000000-7f95bc021000 rw-p 00000000 00:00 0 
7f95bc021000-7f95c0000000 ---p 00000000 00:00 0 
7f95c0000000-7f95c0021000 rw-p 00000000 00:00 0 
7f95c0021000-7f95c4000000 ---p 00000000 00:00 0 
7f95c4000000-7f95c4021000 rw-p 00000000 00:00 0 
7f95c4021000-7f95c8000000 ---p 00000000 00:00 0 
7f95c80fa000-7f95c80fe000 ---p 00000000 00:00 0 
7f95c80fe000-7f95c81fb000 rw-p 00000000 00:00 0 
7f95c81fb000-7f95c81ff000 ---p 00000000 00:00 0 
7f95c81ff000-7f95c82fc000 rw-p 00000000 00:00 0 
7f95c82fc000-7f95c8300000 ---p 00000000 00:00 0 
7f95c8300000-7f95c83fd000 rw-p 00000000 00:00 0 
7f95c83fd000-7f95c8401000 ---p 00000000 00:00 0 
7f95c8401000-7f95c84fe000 rw-p 00000000 00:00 0 
7f95c84fe000-7f95c8503000 r-xp 00000000 08:01 2636683                    /home/dmitry/Downloads/LOOM/loom/build/linux-x86_64-server-release/jdk/lib/libdt_socket.so
7f95c8503000-7f95c8702000 ---p 00005000 08:01 2636683                    /home/dmitry/Downloads/LOOM/loom/build/linux-x86_64-server-release/jdk/lib/libdt_socket.so
7f95c8702000-7f95c8703000 r--p 00004000 08:01 2636683                    /home/dmitry/Downloads/LOOM/loom/build/linux-x86_64-server-release/jdk/lib/libdt_socket.so
7f95c8703000-7f95c8704000 rw-p 00005000 08:01 2636683                    /home/dmitry/Downloads/LOOM/loom/build/linux-x86_64-server-release/jdk/lib/libdt_socket.so
7f95c8704000-7f95c8708000 ---p 00000000 00:00 0 
7f95c8708000-7f95c8805000 rw-p 00000000 00:00 0 
7f95c8805000-7f95c881b000 r-xp 00000000 08:01 2636270                    /home/dmitry/Downloads/LOOM/loom/build/linux-x86_64-server-release/jdk/lib/libnet.so
7f95c881b000-7f95c8a1b000 ---p 00016000 08:01 2636270                    /home/dmitry/Downloads/LOOM/loom/build/linux-x86_64-server-release/jdk/lib/libnet.so
7f95c8a1b000-7f95c8a1c000 r--p 00016000 08:01 2636270                    /home/dmitry/Downloads/LOOM/loom/build/linux-x86_64-server-release/jdk/lib/libnet.so
7f95c8a1c000-7f95c8a1d000 rw-p 00017000 08:01 2636270                    /home/dmitry/Downloads/LOOM/loom/build/linux-x86_64-server-release/jdk/lib/libnet.so
7f95c8a1d000-7f95c8a2e000 r-xp 00000000 08:01 2636272                    /home/dmitry/Downloads/LOOM/loom/build/linux-x86_64-server-release/jdk/lib/libnio.so
7f95c8a2e000-7f95c8c2d000 ---p 00011000 08:01 2636272                    /home/dmitry/Downloads/LOOM/loom/build/linux-x86_64-server-release/jdk/lib/libnio.so
7f95c8c2d000-7f95c8c2e000 r--p 00010000 08:01 2636272                    /home/dmitry/Downloads/LOOM/loom/build/linux-x86_64-server-release/jdk/lib/libnio.so
7f95c8c2e000-7f95c8c2f000 rw-p 00011000 08:01 2636272                    /home/dmitry/Downloads/LOOM/loom/build/linux-x86_64-server-release/jdk/lib/libnio.so
7f95c8c2f000-7f95c8c33000 ---p 00000000 00:00 0 
7f95c8c33000-7f95c8d30000 rw-p 00000000 00:00 0 
7f95c8d30000-7f95c8d34000 ---p 00000000 00:00 0 
7f95c8d34000-7f95c8e31000 rw-p 00000000 00:00 0 
7f95c8e31000-7f95c9800000 r--p 00000000 08:01 10230401                   /usr/lib/locale/locale-archive
7f95c9800000-7f95c9f40000 rw-p 00000000 00:00 0 
7f95c9f40000-7f95ca000000 ---p 00000000 00:00 0 
7f95ca000000-7f95cc000000 rw-p 00000000 00:00 0 
7f95cc000000-7f95cc021000 rw-p 00000000 00:00 0 
7f95cc021000-7f95d0000000 ---p 00000000 00:00 0 
7f95d0000000-7f95d0021000 rw-p 00000000 00:00 0 
7f95d0021000-7f95d4000000 ---p 00000000 00:00 0 
7f95d4000000-7f95d4021000 rw-p 00000000 00:00 0 
7f95d4021000-7f95d8000000 ---p 00000000 00:00 0 
7f95d8064000-7f95d8095000 rw-p 00000000 00:00 0 
7f95d8095000-7f95d8099000 ---p 00000000 00:00 0 
7f95d8099000-7f95d8196000 rw-p 00000000 00:00 0 
7f95d8196000-7f95d819a000 ---p 00000000 00:00 0 
7f95d819a000-7f95d8297000 rw-p 00000000 00:00 0 
7f95d8297000-7f95d829b000 ---p 00000000 00:00 0 
7f95d829b000-7f95d8398000 rw-p 00000000 00:00 0 
7f95d8398000-7f95d839c000 ---p 00000000 00:00 0 
7f95d839c000-7f95d8499000 rw-p 00000000 00:00 0 
7f95d8499000-7f95d849a000 ---p 00000000 00:00 0 
7f95d849a000-7f95d861c000 rw-p 00000000 00:00 0 
7f95d861c000-7f95d861d000 ---p 00000000 00:00 0 
7f95d861d000-7f95d871e000 rw-p 00000000 00:00 0 
7f95d871e000-7f95d871f000 ---p 00000000 00:00 0 
7f95d871f000-7f95d8c24000 rw-p 00000000 00:00 0 
7f95d8c24000-7f95d8c25000 ---p 00000000 00:00 0 
7f95d8c25000-7f95d8d26000 rw-p 00000000 00:00 0 
7f95d8d26000-7f95d8d27000 ---p 00000000 00:00 0 
7f95d8d27000-7f95d8e28000 rw-p 00000000 00:00 0 
7f95d8e28000-7f95d8e29000 ---p 00000000 00:00 0 
7f95d8e29000-7f95d906a000 rw-p 00000000 00:00 0 
7f95d906a000-7f95da32a000 ---p 00000000 00:00 0 
7f95da32a000-7f95da46a000 rw-p 00000000 00:00 0 
7f95da46a000-7f95db72a000 ---p 00000000 00:00 0 
7f95db72a000-7f95db752000 rw-p 00000000 00:00 0 
7f95db752000-7f95db9aa000 ---p 00000000 00:00 0 
7f95db9aa000-7f95db9d2000 rw-p 00000000 00:00 0 
7f95db9d2000-7f95dbc2a000 ---p 00000000 00:00 0 
7f95dbc2a000-7f95dbc52000 rw-p 00000000 00:00 0 
7f95dbc52000-7f95dbeaa000 ---p 00000000 00:00 0 
7f95dbeaa000-7f95dc2b3000 rw-p 00000000 00:00 0 
7f95dc2b3000-7f95dc399000 ---p 00000000 00:00 0 
7f95dc399000-7f95dc609000 rwxp 00000000 00:00 0 
7f95dc609000-7f95dc929000 ---p 00000000 00:00 0 
7f95dc929000-7f95dcb99000 rwxp 00000000 00:00 0 
7f95dcb99000-7f95e3e61000 ---p 00000000 00:00 0 
7f95e3e61000-7f95e40d1000 rwxp 00000000 00:00 0 
7f95e40d1000-7f95eb399000 ---p 00000000 00:00 0 
7f95eb399000-7f95eb3b4000 r-xp 00000000 08:01 2636268                    /home/dmitry/Downloads/LOOM/loom/build/linux-x86_64-server-release/jdk/lib/libjimage.so
7f95eb3b4000-7f95eb5b3000 ---p 0001b000 08:01 2636268                    /home/dmitry/Downloads/LOOM/loom/build/linux-x86_64-server-release/jdk/lib/libjimage.so
7f95eb5b3000-7f95eb5b5000 r--p 0001a000 08:01 2636268                    /home/dmitry/Downloads/LOOM/loom/build/linux-x86_64-server-release/jdk/lib/libjimage.so
7f95eb5b5000-7f95eb5b6000 rw-p 0001c000 08:01 2636268                    /home/dmitry/Downloads/LOOM/loom/build/linux-x86_64-server-release/jdk/lib/libjimage.so
7f95eb5b6000-7f95eb5bd000 r-xp 00000000 08:01 2636265                    /home/dmitry/Downloads/LOOM/loom/build/linux-x86_64-server-release/jdk/lib/libzip.so
7f95eb5bd000-7f95eb7bc000 ---p 00007000 08:01 2636265                    /home/dmitry/Downloads/LOOM/loom/build/linux-x86_64-server-release/jdk/lib/libzip.so
7f95eb7bc000-7f95eb7bd000 r--p 00006000 08:01 2636265                    /home/dmitry/Downloads/LOOM/loom/build/linux-x86_64-server-release/jdk/lib/libzip.so
7f95eb7bd000-7f95eb7be000 rw-p 00007000 08:01 2636265                    /home/dmitry/Downloads/LOOM/loom/build/linux-x86_64-server-release/jdk/lib/libzip.so
7f95eb7be000-7f95eb7c9000 r-xp 00000000 08:01 1184572                    /lib/x86_64-linux-gnu/libnss_files-2.27.so
7f95eb7c9000-7f95eb9c8000 ---p 0000b000 08:01 1184572                    /lib/x86_64-linux-gnu/libnss_files-2.27.so
7f95eb9c8000-7f95eb9c9000 r--p 0000a000 08:01 1184572                    /lib/x86_64-linux-gnu/libnss_files-2.27.so
7f95eb9c9000-7f95eb9ca000 rw-p 0000b000 08:01 1184572                    /lib/x86_64-linux-gnu/libnss_files-2.27.so
7f95eb9ca000-7f95eb9d0000 rw-p 00000000 00:00 0 
7f95eb9d0000-7f95eb9e7000 r-xp 00000000 08:01 1184566                    /lib/x86_64-linux-gnu/libnsl-2.27.so
7f95eb9e7000-7f95ebbe6000 ---p 00017000 08:01 1184566                    /lib/x86_64-linux-gnu/libnsl-2.27.so
7f95ebbe6000-7f95ebbe7000 r--p 00016000 08:01 1184566                    /lib/x86_64-linux-gnu/libnsl-2.27.so
7f95ebbe7000-7f95ebbe8000 rw-p 00017000 08:01 1184566                    /lib/x86_64-linux-gnu/libnsl-2.27.so
7f95ebbe8000-7f95ebbea000 rw-p 00000000 00:00 0 
7f95ebbea000-7f95ebbf5000 r-xp 00000000 08:01 1184583                    /lib/x86_64-linux-gnu/libnss_nis-2.27.so
7f95ebbf5000-7f95ebdf4000 ---p 0000b000 08:01 1184583                    /lib/x86_64-linux-gnu/libnss_nis-2.27.so
7f95ebdf4000-7f95ebdf5000 r--p 0000a000 08:01 1184583                    /lib/x86_64-linux-gnu/libnss_nis-2.27.so
7f95ebdf5000-7f95ebdf6000 rw-p 0000b000 08:01 1184583                    /lib/x86_64-linux-gnu/libnss_nis-2.27.so
7f95ebdf6000-7f95ebdfe000 r-xp 00000000 08:01 1184568                    /lib/x86_64-linux-gnu/libnss_compat-2.27.so
7f95ebdfe000-7f95ebffe000 ---p 00008000 08:01 1184568                    /lib/x86_64-linux-gnu/libnss_compat-2.27.so
7f95ebffe000-7f95ebfff000 r--p 00008000 08:01 1184568                    /lib/x86_64-linux-gnu/libnss_compat-2.27.so
7f95ebfff000-7f95ec000000 rw-p 00009000 08:01 1184568                    /lib/x86_64-linux-gnu/libnss_compat-2.27.so
7f95ec000000-7f95ec36c000 rw-p 00000000 00:00 0 
7f95ec36c000-7f95f0000000 ---p 00000000 00:00 0 
7f95f0006000-7f95f0066000 rw-p 00000000 00:00 0 
7f95f0066000-7f95f014c000 ---p 00000000 00:00 0 
7f95f014c000-7f95f018b000 r-xp 00000000 08:01 2636685                    /home/dmitry/Downloads/LOOM/loom/build/linux-x86_64-server-release/jdk/lib/libjdwp.so
7f95f018b000-7f95f038a000 ---p 0003f000 08:01 2636685                    /home/dmitry/Downloads/LOOM/loom/build/linux-x86_64-server-release/jdk/lib/libjdwp.so
7f95f038a000-7f95f038b000 r--p 0003e000 08:01 2636685                    /home/dmitry/Downloads/LOOM/loom/build/linux-x86_64-server-release/jdk/lib/libjdwp.so
7f95f038b000-7f95f038c000 rw-p 0003f000 08:01 2636685                    /home/dmitry/Downloads/LOOM/loom/build/linux-x86_64-server-release/jdk/lib/libjdwp.so
7f95f038c000-7f95f038d000 rw-p 00000000 00:00 0 
7f95f038d000-7f95f03b6000 r-xp 00000000 08:01 2636264                    /home/dmitry/Downloads/LOOM/loom/build/linux-x86_64-server-release/jdk/lib/libjava.so
7f95f03b6000-7f95f05b5000 ---p 00029000 08:01 2636264                    /home/dmitry/Downloads/LOOM/loom/build/linux-x86_64-server-release/jdk/lib/libjava.so
7f95f05b5000-7f95f05b6000 r--p 00028000 08:01 2636264                    /home/dmitry/Downloads/LOOM/loom/build/linux-x86_64-server-release/jdk/lib/libjava.so
7f95f05b6000-7f95f05b8000 rw-p 00029000 08:01 2636264                    /home/dmitry/Downloads/LOOM/loom/build/linux-x86_64-server-release/jdk/lib/libjava.so
7f95f05b8000-7f95f05c5000 r-xp 00000000 08:01 2636257                    /home/dmitry/Downloads/LOOM/loom/build/linux-x86_64-server-release/jdk/lib/libverify.so
7f95f05c5000-7f95f07c4000 ---p 0000d000 08:01 2636257                    /home/dmitry/Downloads/LOOM/loom/build/linux-x86_64-server-release/jdk/lib/libverify.so
7f95f07c4000-7f95f07c6000 r--p 0000c000 08:01 2636257                    /home/dmitry/Downloads/LOOM/loom/build/linux-x86_64-server-release/jdk/lib/libverify.so
7f95f07c6000-7f95f07c7000 rw-p 0000e000 08:01 2636257                    /home/dmitry/Downloads/LOOM/loom/build/linux-x86_64-server-release/jdk/lib/libverify.so
7f95f07c7000-7f95f0964000 r-xp 00000000 08:01 1184545                    /lib/x86_64-linux-gnu/libm-2.27.so
7f95f0964000-7f95f0b63000 ---p 0019d000 08:01 1184545                    /lib/x86_64-linux-gnu/libm-2.27.so
7f95f0b63000-7f95f0b64000 r--p 0019c000 08:01 1184545                    /lib/x86_64-linux-gnu/libm-2.27.so
7f95f0b64000-7f95f0b65000 rw-p 0019d000 08:01 1184545                    /lib/x86_64-linux-gnu/libm-2.27.so
7f95f0b65000-7f95f1e91000 r-xp 00000000 08:01 2636255                    /home/dmitry/Downloads/LOOM/loom/build/linux-x86_64-server-release/jdk/lib/server/libjvm.so
7f95f1e91000-7f95f2090000 ---p 0132c000 08:01 2636255                    /home/dmitry/Downloads/LOOM/loom/build/linux-x86_64-server-release/jdk/lib/server/libjvm.so
7f95f2090000-7f95f2158000 r--p 0132b000 08:01 2636255                    /home/dmitry/Downloads/LOOM/loom/build/linux-x86_64-server-release/jdk/lib/server/libjvm.so
7f95f2158000-7f95f2193000 rw-p 013f3000 08:01 2636255                    /home/dmitry/Downloads/LOOM/loom/build/linux-x86_64-server-release/jdk/lib/server/libjvm.so
7f95f2193000-7f95f2219000 rw-p 00000000 00:00 0 
7f95f2219000-7f95f2233000 r-xp 00000000 08:01 1184615                    /lib/x86_64-linux-gnu/libpthread-2.27.so
7f95f2233000-7f95f2432000 ---p 0001a000 08:01 1184615                    /lib/x86_64-linux-gnu/libpthread-2.27.so
7f95f2432000-7f95f2433000 r--p 00019000 08:01 1184615                    /lib/x86_64-linux-gnu/libpthread-2.27.so
7f95f2433000-7f95f2434000 rw-p 0001a000 08:01 1184615                    /lib/x86_64-linux-gnu/libpthread-2.27.so
7f95f2434000-7f95f2438000 rw-p 00000000 00:00 0 
7f95f2438000-7f95f243b000 r-xp 00000000 08:01 1184505                    /lib/x86_64-linux-gnu/libdl-2.27.so
7f95f243b000-7f95f263a000 ---p 00003000 08:01 1184505                    /lib/x86_64-linux-gnu/libdl-2.27.so
7f95f263a000-7f95f263b000 r--p 00002000 08:01 1184505                    /lib/x86_64-linux-gnu/libdl-2.27.so
7f95f263b000-7f95f263c000 rw-p 00003000 08:01 1184505                    /lib/x86_64-linux-gnu/libdl-2.27.so
7f95f263c000-7f95f2658000 r-xp 00000000 08:01 1184654                    /lib/x86_64-linux-gnu/libz.so.1.2.11
7f95f2658000-7f95f2857000 ---p 0001c000 08:01 1184654                    /lib/x86_64-linux-gnu/libz.so.1.2.11
7f95f2857000-7f95f2858000 r--p 0001b000 08:01 1184654                    /lib/x86_64-linux-gnu/libz.so.1.2.11
7f95f2858000-7f95f2859000 rw-p 0001c000 08:01 1184654                    /lib/x86_64-linux-gnu/libz.so.1.2.11
7f95f2859000-7f95f2a40000 r-xp 00000000 08:01 1184482                    /lib/x86_64-linux-gnu/libc-2.27.so
7f95f2a40000-7f95f2c40000 ---p 001e7000 08:01 1184482                    /lib/x86_64-linux-gnu/libc-2.27.so
7f95f2c40000-7f95f2c44000 r--p 001e7000 08:01 1184482                    /lib/x86_64-linux-gnu/libc-2.27.so
7f95f2c44000-7f95f2c46000 rw-p 001eb000 08:01 1184482                    /lib/x86_64-linux-gnu/libc-2.27.so
7f95f2c46000-7f95f2c4a000 rw-p 00000000 00:00 0 
7f95f2c4a000-7f95f2c5a000 r-xp 00000000 08:01 2636258                    /home/dmitry/Downloads/LOOM/loom/build/linux-x86_64-server-release/jdk/lib/libjli.so
7f95f2c5a000-7f95f2e59000 ---p 00010000 08:01 2636258                    /home/dmitry/Downloads/LOOM/loom/build/linux-x86_64-server-release/jdk/lib/libjli.so
7f95f2e59000-7f95f2e5a000 r--p 0000f000 08:01 2636258                    /home/dmitry/Downloads/LOOM/loom/build/linux-x86_64-server-release/jdk/lib/libjli.so
7f95f2e5a000-7f95f2e5b000 rw-p 00010000 08:01 2636258                    /home/dmitry/Downloads/LOOM/loom/build/linux-x86_64-server-release/jdk/lib/libjli.so
7f95f2e5b000-7f95f2e82000 r-xp 00000000 08:01 1184454                    /lib/x86_64-linux-gnu/ld-2.27.so
7f95f2eaf000-7f95f2f62000 rw-p 00000000 00:00 0 
7f95f2f62000-7f95f2f69000 ---p 00000000 00:00 0 
7f95f2f69000-7f95f2f6d000 ---p 00000000 00:00 0 
7f95f2f6d000-7f95f306c000 rw-p 00000000 00:00 0 
7f95f306e000-7f95f3075000 r--s 00000000 08:01 10488549                   /usr/lib/x86_64-linux-gnu/gconv/gconv-modules.cache
7f95f3075000-7f95f307d000 rw-s 00000000 08:01 524315                     /tmp/hsperfdata_dmitry/27542
7f95f307d000-7f95f307e000 ---p 00000000 00:00 0 
7f95f307e000-7f95f307f000 r--p 00000000 00:00 0 
7f95f307f000-7f95f3080000 ---p 00000000 00:00 0 
7f95f3080000-7f95f3082000 rw-p 00000000 00:00 0 
7f95f3082000-7f95f3083000 r--p 00027000 08:01 1184454                    /lib/x86_64-linux-gnu/ld-2.27.so
7f95f3083000-7f95f3084000 rw-p 00028000 08:01 1184454                    /lib/x86_64-linux-gnu/ld-2.27.so
7f95f3084000-7f95f3085000 rw-p 00000000 00:00 0 
7ffed7c54000-7ffed7c77000 rw-p 00000000 00:00 0                          [stack]
7ffed7d0d000-7ffed7d10000 r--p 00000000 00:00 0                          [vvar]
7ffed7d10000-7ffed7d12000 r-xp 00000000 00:00 0                          [vdso]
ffffffffff600000-ffffffffff601000 r-xp 00000000 00:00 0                  [vsyscall]


VM Arguments:
jvm_args: -agentlib:jdwp=transport=dt_socket,address=127.0.0.1:18389,suspend=y,server=n -Dfile.encoding=UTF-8 
java_command: NewMain
java_class_path (initial): /home/dmitry/Downloads/LOOM/loom/build/linux-x86_64-server-release/jdk/modules/java.base:/home/dmitry/Downloads/LOOM/loom/build/linux-x86_64-server-release/jdk/modules/java.compiler:/home/dmitry/Downloads/LOOM/loom/build/linux-x86_64-server-release/jdk/modules/java.datatransfer:/home/dmitry/Downloads/LOOM/loom/build/linux-x86_64-server-release/jdk/modules/java.desktop:/home/dmitry/Downloads/LOOM/loom/build/linux-x86_64-server-release/jdk/modules/java.instrument:/home/dmitry/Downloads/LOOM/loom/build/linux-x86_64-server-release/jdk/modules/java.logging:/home/dmitry/Downloads/LOOM/loom/build/linux-x86_64-server-release/jdk/modules/java.management:/home/dmitry/Downloads/LOOM/loom/build/linux-x86_64-server-release/jdk/modules/java.management.rmi:/home/dmitry/Downloads/LOOM/loom/build/linux-x86_64-server-release/jdk/modules/java.naming:/home/dmitry/Downloads/LOOM/loom/build/linux-x86_64-server-release/jdk/modules/java.net.http:/home/dmitry/Downloads/LOOM/loom/build/linux-x86_64-server-release/jdk/modules/java.prefs:/home/dmitry/Downloads/LOOM/loom/build/linux-x86_64-server-release/jdk/modules/java.rmi:/home/dmitry/Downloads/LOOM/loom/build/linux-x86_64-server-release/jdk/modules/java.scripting:/home/dmitry/Downloads/LOOM/loom/build/linux-x86_64-server-release/jdk/modules/java.se:/home/dmitry/Downloads/LOOM/loom/build/linux-x86_64-server-release/jdk/modules/java.security.jgss:/home/dmitry/Downloads/LOOM/loom/build/linux-x86_64-server-release/jdk/modules/java.security.sasl:/home/dmitry/Downloads/LOOM/loom/build/linux-x86_64-server-release/jdk/modules/java.smartcardio:/home/dmitry/Downloads/LOOM/loom/build/linux-x86_64-server-release/jdk/modules/java.sql:/home/dmitry/Downloads/LOOM/loom/build/linux-x86_64-server-release/jdk/modules/java.sql.rowset:/home/dmitry/Downloads/LOOM/loom/build/linux-x86_64-server-release/jdk/modules/java.transaction.xa:/home/dmitry/Downloads/LOOM/loom/build/linux-x86_64-server-release/jdk/modules/java.xml:/home/dmitry/D
Launcher Type: SUN_STANDARD

[Global flags]
     intx CICompilerCount                          = 3                                         {product} {ergonomic}
     uint ConcGCThreads                            = 1                                         {product} {ergonomic}
     uint G1ConcRefinementThreads                  = 4                                         {product} {ergonomic}
   size_t G1HeapRegionSize                         = 1048576                                   {product} {ergonomic}
    uintx GCDrainStackTargetSize                   = 64                                        {product} {ergonomic}
   size_t InitialHeapSize                          = 83886080                                  {product} {ergonomic}
   size_t MarkStackSize                            = 4194304                                   {product} {ergonomic}
   size_t MaxHeapSize                              = 1342177280                                {product} {ergonomic}
   size_t MaxNewSize                               = 805306368                                 {product} {ergonomic}
   size_t MinHeapDeltaBytes                        = 1048576                                   {product} {ergonomic}
    uintx NonNMethodCodeHeapSize                   = 5830732                                {pd product} {ergonomic}
    uintx NonProfiledCodeHeapSize                  = 122913754                              {pd product} {ergonomic}
    uintx ProfiledCodeHeapSize                     = 122913754                              {pd product} {ergonomic}
    uintx ReservedCodeCacheSize                    = 251658240                              {pd product} {ergonomic}
     bool SegmentedCodeCache                       = true                                      {product} {ergonomic}
     bool UseCompressedClassPointers               = true                                 {lp64_product} {ergonomic}
     bool UseCompressedOops                        = true                                 {lp64_product} {ergonomic}
     bool UseG1GC                                  = true                                      {product} {ergonomic}

Logging:
Log output configuration:
 #0: stdout all=warning uptime,level,tags
 #1: stderr all=off uptime,level,tags

Environment Variables:
JAVA_HOME=/home/dmitry/usr/local/java/jdk1.8.0
PATH=/bin:/home/dmitry/Downloads/LOOM/loom/build/linux-x86_64-server-slowdebug/jdk/bin:/usr/local/sbin:/usr/local/bin:/usr/sbin:/usr/bin:/sbin:/bin:/usr/games:/usr/local/games:/snap/bin
USERNAME=dmitry
SHELL=/bin/bash
DISPLAY=:0

Signal Handlers:
SIGSEGV: [libjvm.so+0xfe3c20], sa_mask[0]=11111111011111111101111111111110, sa_flags=SA_RESTART|SA_SIGINFO
SIGBUS: [libjvm.so+0xfe3c20], sa_mask[0]=11111111011111111101111111111110, sa_flags=SA_RESTART|SA_SIGINFO
SIGFPE: [libjvm.so+0xfe3c20], sa_mask[0]=11111111011111111101111111111110, sa_flags=SA_RESTART|SA_SIGINFO
SIGPIPE: [libjvm.so+0xc814a0], sa_mask[0]=11111111011111111101111111111110, sa_flags=SA_RESTART|SA_SIGINFO
SIGXFSZ: [libjvm.so+0xc814a0], sa_mask[0]=11111111011111111101111111111110, sa_flags=SA_RESTART|SA_SIGINFO
SIGILL: [libjvm.so+0xfe3c20], sa_mask[0]=11111111011111111101111111111110, sa_flags=SA_RESTART|SA_SIGINFO
SIGUSR2: [libjvm.so+0xc81340], sa_mask[0]=00100000000000000000000000000000, sa_flags=SA_RESTART|SA_SIGINFO
SIGHUP: [libjvm.so+0xc81940], sa_mask[0]=11111111011111111101111111111110, sa_flags=SA_RESTART|SA_SIGINFO
SIGINT: [libjvm.so+0xc81940], sa_mask[0]=11111111011111111101111111111110, sa_flags=SA_RESTART|SA_SIGINFO
SIGTERM: [libjvm.so+0xc81940], sa_mask[0]=11111111011111111101111111111110, sa_flags=SA_RESTART|SA_SIGINFO
SIGQUIT: [libjvm.so+0xc81940], sa_mask[0]=11111111011111111101111111111110, sa_flags=SA_RESTART|SA_SIGINFO


---------------  S Y S T E M  ---------------

OS:DISTRIB_ID=Ubuntu
DISTRIB_RELEASE=18.04
DISTRIB_CODENAME=bionic
DISTRIB_DESCRIPTION="Ubuntu 18.04.2 LTS"
uname:Linux 4.18.0-20-generic #21~18.04.1-Ubuntu SMP Wed May 8 08:43:37 UTC 2019 x86_64
libc:glibc 2.27 NPTL 2.27 
rlimit: STACK 8192k, CORE 0k, NPROC 20273, NOFILE 4096, AS infinity, DATA infinity, FSIZE infinity
load average:2,45 1,00 0,62

/proc/meminfo:
MemTotal:        5234980 kB
MemFree:          128556 kB
MemAvailable:    2239660 kB
Buffers:          168776 kB
Cached:          2144804 kB
SwapCached:         1428 kB
Active:          2992632 kB
Inactive:        1734668 kB
Active(anon):    1780804 kB
Inactive(anon):   766128 kB
Active(file):    1211828 kB
Inactive(file):   968540 kB
Unevictable:          32 kB
Mlocked:              32 kB
SwapTotal:       2097148 kB
SwapFree:        2039792 kB
Dirty:                52 kB
Writeback:             0 kB
AnonPages:       2413216 kB
Mapped:           546576 kB
Shmem:            133212 kB
Slab:             266184 kB
SReclaimable:     221916 kB
SUnreclaim:        44268 kB
KernelStack:       10656 kB
PageTables:        39236 kB
NFS_Unstable:          0 kB
Bounce:                0 kB
WritebackTmp:          0 kB
CommitLimit:     4714636 kB
Committed_AS:    5867272 kB
VmallocTotal:   34359738367 kB
VmallocUsed:           0 kB
VmallocChunk:          0 kB
HardwareCorrupted:     0 kB
AnonHugePages:         0 kB
ShmemHugePages:        0 kB
ShmemPmdMapped:        0 kB
CmaTotal:              0 kB
CmaFree:               0 kB
HugePages_Total:       0
HugePages_Free:        0
HugePages_Rsvd:        0
HugePages_Surp:        0
Hugepagesize:       2048 kB
Hugetlb:               0 kB
DirectMap4k:      167872 kB
DirectMap2M:     5242880 kB


/proc/sys/kernel/threads-max (system-wide limit on the number of threads):
40547


/proc/sys/vm/max_map_count (maximum number of memory map areas a process may have):
65530


/proc/sys/kernel/pid_max (system-wide limit on number of process identifiers):
32768



container (cgroup) information:
container_type: cgroupv1
cpu_cpuset_cpus: 0-3
cpu_memory_nodes: 0
active_processor_count: 4
cpu_quota: no quota
cpu_period: 100000
cpu_shares: no shares
memory_limit_in_bytes: unlimited
memory_and_swap_limit_in_bytes: not supported
memory_soft_limit_in_bytes: unlimited
memory_usage_in_bytes: 4840439808
memory_max_usage_in_bytes: 4018176

KVM virtualization detected
Steal ticks since vm start: 0
Steal ticks percentage since vm start:  0,000

CPU:total 4 (initial active 4) (4 cores per cpu, 1 threads per core) family 6 model 60 stepping 3, cmov, cx8, fxsr, mmx, sse, sse2, sse3, ssse3, sse4.1, sse4.2, popcnt, avx, avx2, aes, clmul, lzcnt, tsc, tscinvbit
CPU Model and flags from /proc/cpuinfo:
model name	: Intel(R) Core(TM) i7-4700HQ CPU @ 2.40GHz
flags		: fpu vme de pse tsc msr pae mce cx8 apic sep mtrr pge mca cmov pat pse36 clflush mmx fxsr sse sse2 ht syscall nx rdtscp lm constant_tsc rep_good nopl xtopology nonstop_tsc cpuid tsc_known_freq pni pclmulqdq ssse3 cx16 pcid sse4_1 sse4_2 x2apic movbe popcnt aes xsave avx rdrand hypervisor lahf_lm abm invpcid_single pti fsgsbase avx2 invpcid flush_l1d

Memory: 4k page, physical 5234980k(128556k free), swap 2097148k(2039792k free)

vm_info: OpenJDK 64-Bit Server VM (13-internal+0-adhoc.dmitry.loom) for linux-amd64 JRE (13-internal+0-adhoc.dmitry.loom), built on May 26 2019 00:34:28 by "dmitry" with gcc 7.4.0

END.
