#
# A fatal error has been detected by the Java Runtime Environment:
#
#  SIGSEGV (0xb) at pc=0x00007fbbe774db6a, pid=21132, tid=21165
#
# JRE version: OpenJDK Runtime Environment (13.0) (build 13-internal+0-adhoc.dmitry.loom)
# Java VM: OpenJDK 64-Bit Server VM (13-internal+0-adhoc.dmitry.loom, mixed mode, tiered, compressed oops, g1 gc, linux-amd64)
# Problematic frame:
# V  [libjvm.so+0x683b6a]  ContMirror::read()+0x1a
#
# Core dump will be written. Default location: Core dumps may be processed with "/usr/share/apport/apport %p %s %c %d %P" (or dumping to /home/dmitry/Downloads/LoadDetector/core.21132)
#
# If you would like to submit a bug report, please visit:
#   http://bugreport.java.com/bugreport/crash.jsp
#

---------------  S U M M A R Y ------------

Command Line: -Didea.launcher.port=10297 -Didea.launcher.bin.path=/home/dmitry/Downloads/idea-IC-183.5912.21/bin -Dfile.encoding=UTF-8 com.intellij.rt.execution.application.AppMainV2 Main

Host: Intel(R) Core(TM) i7-4700HQ CPU @ 2.40GHz, 4 cores, 4G, Ubuntu 18.04.2 LTS
Time: Sat May 18 19:25:16 2019 MSK elapsed time: 1 seconds (0d 0h 0m 1s)

---------------  T H R E A D  ---------------

Current thread (0x00007fbbe026d000):  JavaThread "Thread-1" [_thread_in_vm, id=21165, stack(0x00007fbbaeaff000,0x00007fbbaec00000)]

Stack: [0x00007fbbaeaff000,0x00007fbbaec00000],  sp=0x00007fbbaebfc1a0,  free space=1012k
Native frames: (J=compiled Java code, A=aot compiled Java code, j=interpreted, Vv=VM code, C=native code)
V  [libjvm.so+0x683b6a]  ContMirror::read()+0x1a
V  [libjvm.so+0x689275]  Continuation::freeze0(JavaThread*, FrameInfo*, bool) [clone .part.305]+0x565
V  [libjvm.so+0x6899b7]  Continuation::freeze(JavaThread*, FrameInfo*)+0x127
v  ~RuntimeStub::cont_doYield
C  0x00007fbbaebfe870

Java frames: (J=compiled Java code, j=interpreted, Vv=VM code)
v  ~RuntimeStub::cont_doYield
j  java.lang.Continuation.yield0(Ljava/lang/ContinuationScope;Ljava/lang/Continuation;)Z+60 java.base
j  java.lang.Continuation.yield(Ljava/lang/Thread;Ljava/lang/ContinuationScope;)Z+71 java.base
j  Main.lambda$main$1(Ljava/lang/Thread;Ljava/lang/ContinuationScope;Ljava/lang/Continuation;)V+21
j  Main$$Lambda$38.run()V+12
j  java.lang.Thread.run()V+11 java.base
v  ~StubRoutines::call_stub

siginfo: si_signo: 11 (SIGSEGV), si_code: 1 (SEGV_MAPERR), si_addr: 0x0000000000000020

Register to memory mapping:

RAX=0x0000000000000020 is an unknown value
RBX=0x00007fbbaebfd540 is pointing into the stack for thread: 0x00007fbbe026d000
RCX=0x0000000000000007 is an unknown value
RDX=0x0 is NULL
RSP=0x00007fbbaebfc1a0 is pointing into the stack for thread: 0x00007fbbe026d000
RBP=0x00007fbbaebfc1b0 is pointing into the stack for thread: 0x00007fbbe026d000
RSI=0x00007fbbd10169b0 is at code_begin+1584 in an Interpreter codelet
invoke return entry points  [0x00007fbbd1016380, 0x00007fbbd1017540]  4544 bytes
RDI=0x0 is NULL
R8 =0x00007fbbd1000000 points into unknown readable memory: 04 00 00 00 00 00 00 00
R9 =0x000000000000000b is an unknown value
R10=0x0000000000000800 is an unknown value
R11=0x0000000000000400 is an unknown value
R12=0x00007fbbe026d6e0 points into unknown readable memory: 00 00 00 00 00 00 00 00
R13=0x00007fbbaebfd540 is pointing into the stack for thread: 0x00007fbbe026d000
R14=0x00007fbbaebfe7f8 is pointing into the stack for thread: 0x00007fbbe026d000
R15=0x00007fbbe02959c0 points into unknown readable memory: 02 00 00 00 bb 7f 00 00


Registers:
RAX=0x0000000000000020, RBX=0x00007fbbaebfd540, RCX=0x0000000000000007, RDX=0x0000000000000000
RSP=0x00007fbbaebfc1a0, RBP=0x00007fbbaebfc1b0, RSI=0x00007fbbd10169b0, RDI=0x0000000000000000
R8 =0x00007fbbd1000000, R9 =0x000000000000000b, R10=0x0000000000000800, R11=0x0000000000000400
R12=0x00007fbbe026d6e0, R13=0x00007fbbaebfd540, R14=0x00007fbbaebfe7f8, R15=0x00007fbbe02959c0
RIP=0x00007fbbe774db6a, EFLAGS=0x0000000000010206, CSGSFS=0x002b000000000033, ERR=0x0000000000000004
  TRAPNO=0x000000000000000e

Top of Stack: (sp=0x00007fbbaebfc1a0)
0x00007fbbaebfc1a0:   00007fbbe026d000 00007fbbe026d000
0x00007fbbaebfc1b0:   00007fbbaebfe7b0 00007fbbe7753275
0x00007fbbaebfc1c0:   00007fbbe026d000 00007fbbaebfc2c0
0x00007fbbaebfc1d0:   0000000000000000 00007fbbe87431c0 

Instructions: (pc=0x00007fbbe774db6a)
0x00007fbbe774da6a:   08 48 63 00 89 0c 02 48 8d 05 1c b8 fd 00 48 8b
0x00007fbbe774da7a:   4b 30 48 8b 53 08 48 63 00 48 89 0c 02 48 8d 05
0x00007fbbe774da8a:   fe b7 fd 00 48 8b 53 08 48 8b 4b 38 48 63 00 48
0x00007fbbe774da9a:   89 0c 02 48 8d 05 e4 b7 fd 00 8b 4b 60 48 8b 53
0x00007fbbe774daaa:   08 48 63 00 89 0c 02 48 8d 05 e8 b7 fd 00 48 8b
0x00007fbbe774daba:   53 08 48 8b 4b 10 48 63 00 48 89 0c 02 48 8d 05
0x00007fbbe774daca:   ce b7 fd 00 48 8b 4b 18 48 8b 53 08 48 63 00 48
0x00007fbbe774dada:   89 0c 02 48 8d 05 b4 b7 fd 00 48 63 00 48 8b 53
0x00007fbbe774daea:   08 48 8b 4b 20 48 89 0c 02 48 8d 05 be b7 fd 00
0x00007fbbe774dafa:   48 8b 53 08 48 8b 4b 58 48 63 00 89 0c 02 48 8d
0x00007fbbe774db0a:   05 71 b7 fd 00 0f b6 4b 70 48 8b 53 08 48 63 00
0x00007fbbe774db1a:   88 0c 02 48 8d 05 90 b7 fd 00 0f b7 4b 74 48 8b
0x00007fbbe774db2a:   53 08 48 63 00 66 89 0c 02 48 8d 05 76 b7 fd 00
0x00007fbbe774db3a:   0f b7 4b 72 48 8b 53 08 48 63 00 66 89 0c 02 48
0x00007fbbe774db4a:   83 c4 08 5b 5d c3 55 48 89 e5 53 48 89 fb 48 83
0x00007fbbe774db5a:   ec 08 48 8d 05 3d b7 fd 00 48 8b 7f 08 48 63 00
0x00007fbbe774db6a:   48 8b 04 38 48 89 43 10 48 8d 05 23 b7 fd 00 48
0x00007fbbe774db7a:   63 00 48 8b 04 38 48 89 43 18 48 8d 05 0d b7 fd
0x00007fbbe774db8a:   00 48 63 00 48 8b 04 38 48 89 43 20 48 8d 05 f3
0x00007fbbe774db9a:   b6 fd 00 48 63 00 8b 04 38 89 43 28 48 8d 05 e7
0x00007fbbe774dbaa:   b6 fd 00 48 63 00 48 8b 04 38 48 89 43 30 48 8d
0x00007fbbe774dbba:   05 cd b6 fd 00 48 63 00 48 8b 04 38 48 89 43 38
0x00007fbbe774dbca:   48 8d 05 eb b6 fd 00 48 63 30 ff 15 66 14 f7 00
0x00007fbbe774dbda:   48 85 c0 48 89 43 40 0f 84 b9 01 00 00 48 8d 15
0x00007fbbe774dbea:   ae 9b fd 00 80 3a 01 48 19 c9 83 e1 04 80 3a 01
0x00007fbbe774dbfa:   8b 4c 08 0c 48 19 d2 89 4b 48 83 e2 08 48 8d 44
0x00007fbbe774dc0a:   10 10 48 89 43 50 48 8d 05 a1 b6 fd 00 48 8b 7b
0x00007fbbe774dc1a:   08 48 63 00 48 63 04 07 48 89 43 58 48 8d 05 7f
0x00007fbbe774dc2a:   b6 fd 00 48 63 30 ff 15 0a 14 f7 00 48 8d 15 4b
0x00007fbbe774dc3a:   b6 fd 00 48 89 43 68 48 8b 43 08 48 83 3d a3 80
0x00007fbbe774dc4a:   fb 00 00 48 63 12 8b 14 02 89 53 60 48 8d 15 23
0x00007fbbe774dc5a:   b6 fd 00 48 63 12 0f b6 14 02 88 53 70 48 8d 15 


Stack slot to memory mapping:
stack at sp + 0 slots: 0x00007fbbe026d000 is a thread
stack at sp + 1 slots: 0x00007fbbe026d000 is a thread
stack at sp + 2 slots: 0x00007fbbaebfe7b0 is pointing into the stack for thread: 0x00007fbbe026d000
stack at sp + 3 slots: 0x00007fbbe7753275: <offset 0x0000000000689275> in /home/dmitry/Downloads/LOOM/loom/build/linux-x86_64-server-release/jdk/lib/server/libjvm.so at 0x00007fbbe70ca000
stack at sp + 4 slots: 0x00007fbbe026d000 is a thread
stack at sp + 5 slots: 0x00007fbbaebfc2c0 is pointing into the stack for thread: 0x00007fbbe026d000
stack at sp + 6 slots: 0x0 is NULL
stack at sp + 7 slots: 0x00007fbbe87431c0: <offset 0x00000000016791c0> in /home/dmitry/Downloads/LOOM/loom/build/linux-x86_64-server-release/jdk/lib/server/libjvm.so at 0x00007fbbe70ca000


---------------  P R O C E S S  ---------------

Threads class SMR info:
_java_thread_list=0x00007fbba4001f40, length=13, elements={
0x00007fbbe0138800, 0x00007fbbe013b800, 0x00007fbbe015d800, 0x00007fbbe0162800,
0x00007fbbe0164800, 0x00007fbbe0166000, 0x00007fbbe0187000, 0x00007fbbe0270800,
0x00007fbbe028b800, 0x00007fbbe026d000, 0x00007fbb7c001800, 0x00007fbbe0016800,
0x00007fbba4001000
}

Java Threads: ( => current thread )
  0x00007fbbe0138800 JavaThread "Reference Handler" daemon [_thread_blocked, id=21153, stack(0x00007fbbe4344000,0x00007fbbe4445000)]
  0x00007fbbe013b800 JavaThread "Finalizer" daemon [_thread_blocked, id=21154, stack(0x00007fbbe4243000,0x00007fbbe4344000)]
  0x00007fbbe015d800 JavaThread "Signal Dispatcher" daemon [_thread_blocked, id=21156, stack(0x00007fbbe4142000,0x00007fbbe4243000)]
  0x00007fbbe0162800 JavaThread "C2 CompilerThread0" daemon [_thread_blocked, id=21157, stack(0x00007fbbe4041000,0x00007fbbe4142000)]
  0x00007fbbe0164800 JavaThread "C1 CompilerThread0" daemon [_thread_blocked, id=21158, stack(0x00007fbbaf530000,0x00007fbbaf631000)]
  0x00007fbbe0166000 JavaThread "Sweeper thread" daemon [_thread_blocked, id=21159, stack(0x00007fbbaf42f000,0x00007fbbaf530000)]
  0x00007fbbe0187000 JavaThread "Common-Cleaner" daemon [_thread_blocked, id=21161, stack(0x00007fbbaef04000,0x00007fbbaf005000)]
  0x00007fbbe0270800 JavaThread "Service Thread" daemon [_thread_blocked, id=21162, stack(0x00007fbbaee03000,0x00007fbbaef04000)]
  0x00007fbbe028b800 JavaThread "Monitor Ctrl-Break" daemon [_thread_in_native, id=21164, stack(0x00007fbbaec00000,0x00007fbbaed01000)]
=>0x00007fbbe026d000 JavaThread "Thread-1" [_thread_in_vm, id=21165, stack(0x00007fbbaeaff000,0x00007fbbaec00000)]
  0x00007fbb7c001800 JavaThread "Timer-0" [_thread_blocked, id=21167, stack(0x00007fbbae8fd000,0x00007fbbae9fe000)]
  0x00007fbbe0016800 JavaThread "DestroyJavaVM" [_thread_blocked, id=21135, stack(0x00007fbbe94cb000,0x00007fbbe95cc000)]
  0x00007fbba4001000 JavaThread "Attach Listener" daemon [_thread_blocked, id=21170, stack(0x00007fbbae9fe000,0x00007fbbaeaff000)]

Other Threads:
  0x00007fbbe012c800 VMThread "VM Thread" [stack: 0x00007fbbe4447000,0x00007fbbe4547000] [id=21149]
  0x00007fbbe0272800 WatcherThread [stack: 0x00007fbbaed03000,0x00007fbbaee03000] [id=21163]
  0x00007fbbe005a800 GCTaskThread "GC Thread#0" [stack: 0x00007fbbe4e31000,0x00007fbbe4f31000] [id=21141]
  0x00007fbbe0064000 ConcurrentGCThread "G1 Main Marker" [stack: 0x00007fbbe4d2f000,0x00007fbbe4e2f000] [id=21142]
  0x00007fbbe0066000 ConcurrentGCThread "G1 Conc#0" [stack: 0x00007fbbe4c2d000,0x00007fbbe4d2d000] [id=21143]
  0x00007fbbe00ba000 ConcurrentGCThread "G1 Refine#0" [stack: 0x00007fbbe4727000,0x00007fbbe4827000] [id=21144]
  0x00007fbbe00bc000 ConcurrentGCThread "G1 Young RemSet Sampling" [stack: 0x00007fbbe4625000,0x00007fbbe4725000] [id=21145]

Threads with active compile tasks:

VM state:not at safepoint (normal execution)

VM Mutex/Monitor currently owned by a thread: None

Heap address: 0x00000000b0000000, size: 1280 MB, Compressed Oops mode: 32-bit
Narrow klass base: 0x0000000000000000, Narrow klass shift: 3
Compressed class space size: 1073741824 Address: 0x0000000100000000

Heap:
 garbage-first heap   total 81920K, used 8192K [0x00000000b0000000, 0x0000000100000000)
  region size 1024K, 9 young (9216K), 0 survivors (0K)
 Metaspace       used 8151K, capacity 8268K, committed 8576K, reserved 1056768K
  class space    used 734K, capacity 797K, committed 896K, reserved 1048576K
Heap Regions: E=young(eden), S=young(survivor), O=old, HS=humongous(starts), HC=humongous(continues), CS=collection set, F=free, A=archive, TAMS=top-at-mark-start (previous, next)
|   0|0x00000000b0000000, 0x00000000b0000000, 0x00000000b0100000|  0%| F|  |TAMS 0x00000000b0000000, 0x00000000b0000000| Untracked 
|   1|0x00000000b0100000, 0x00000000b0100000, 0x00000000b0200000|  0%| F|  |TAMS 0x00000000b0100000, 0x00000000b0100000| Untracked 
|   2|0x00000000b0200000, 0x00000000b0200000, 0x00000000b0300000|  0%| F|  |TAMS 0x00000000b0200000, 0x00000000b0200000| Untracked 
|   3|0x00000000b0300000, 0x00000000b0300000, 0x00000000b0400000|  0%| F|  |TAMS 0x00000000b0300000, 0x00000000b0300000| Untracked 
|   4|0x00000000b0400000, 0x00000000b0400000, 0x00000000b0500000|  0%| F|  |TAMS 0x00000000b0400000, 0x00000000b0400000| Untracked 
|   5|0x00000000b0500000, 0x00000000b0500000, 0x00000000b0600000|  0%| F|  |TAMS 0x00000000b0500000, 0x00000000b0500000| Untracked 
|   6|0x00000000b0600000, 0x00000000b0600000, 0x00000000b0700000|  0%| F|  |TAMS 0x00000000b0600000, 0x00000000b0600000| Untracked 
|   7|0x00000000b0700000, 0x00000000b0700000, 0x00000000b0800000|  0%| F|  |TAMS 0x00000000b0700000, 0x00000000b0700000| Untracked 
|   8|0x00000000b0800000, 0x00000000b0800000, 0x00000000b0900000|  0%| F|  |TAMS 0x00000000b0800000, 0x00000000b0800000| Untracked 
|   9|0x00000000b0900000, 0x00000000b0900000, 0x00000000b0a00000|  0%| F|  |TAMS 0x00000000b0900000, 0x00000000b0900000| Untracked 
|  10|0x00000000b0a00000, 0x00000000b0a00000, 0x00000000b0b00000|  0%| F|  |TAMS 0x00000000b0a00000, 0x00000000b0a00000| Untracked 
|  11|0x00000000b0b00000, 0x00000000b0b00000, 0x00000000b0c00000|  0%| F|  |TAMS 0x00000000b0b00000, 0x00000000b0b00000| Untracked 
|  12|0x00000000b0c00000, 0x00000000b0c00000, 0x00000000b0d00000|  0%| F|  |TAMS 0x00000000b0c00000, 0x00000000b0c00000| Untracked 
|  13|0x00000000b0d00000, 0x00000000b0d00000, 0x00000000b0e00000|  0%| F|  |TAMS 0x00000000b0d00000, 0x00000000b0d00000| Untracked 
|  14|0x00000000b0e00000, 0x00000000b0e00000, 0x00000000b0f00000|  0%| F|  |TAMS 0x00000000b0e00000, 0x00000000b0e00000| Untracked 
|  15|0x00000000b0f00000, 0x00000000b0f00000, 0x00000000b1000000|  0%| F|  |TAMS 0x00000000b0f00000, 0x00000000b0f00000| Untracked 
|  16|0x00000000b1000000, 0x00000000b1000000, 0x00000000b1100000|  0%| F|  |TAMS 0x00000000b1000000, 0x00000000b1000000| Untracked 
|  17|0x00000000b1100000, 0x00000000b1100000, 0x00000000b1200000|  0%| F|  |TAMS 0x00000000b1100000, 0x00000000b1100000| Untracked 
|  18|0x00000000b1200000, 0x00000000b1200000, 0x00000000b1300000|  0%| F|  |TAMS 0x00000000b1200000, 0x00000000b1200000| Untracked 
|  19|0x00000000b1300000, 0x00000000b1300000, 0x00000000b1400000|  0%| F|  |TAMS 0x00000000b1300000, 0x00000000b1300000| Untracked 
|  20|0x00000000b1400000, 0x00000000b1400000, 0x00000000b1500000|  0%| F|  |TAMS 0x00000000b1400000, 0x00000000b1400000| Untracked 
|  21|0x00000000b1500000, 0x00000000b1500000, 0x00000000b1600000|  0%| F|  |TAMS 0x00000000b1500000, 0x00000000b1500000| Untracked 
|  22|0x00000000b1600000, 0x00000000b1600000, 0x00000000b1700000|  0%| F|  |TAMS 0x00000000b1600000, 0x00000000b1600000| Untracked 
|  23|0x00000000b1700000, 0x00000000b1700000, 0x00000000b1800000|  0%| F|  |TAMS 0x00000000b1700000, 0x00000000b1700000| Untracked 
|  24|0x00000000b1800000, 0x00000000b1800000, 0x00000000b1900000|  0%| F|  |TAMS 0x00000000b1800000, 0x00000000b1800000| Untracked 
|  25|0x00000000b1900000, 0x00000000b1900000, 0x00000000b1a00000|  0%| F|  |TAMS 0x00000000b1900000, 0x00000000b1900000| Untracked 
|  26|0x00000000b1a00000, 0x00000000b1a00000, 0x00000000b1b00000|  0%| F|  |TAMS 0x00000000b1a00000, 0x00000000b1a00000| Untracked 
|  27|0x00000000b1b00000, 0x00000000b1b00000, 0x00000000b1c00000|  0%| F|  |TAMS 0x00000000b1b00000, 0x00000000b1b00000| Untracked 
|  28|0x00000000b1c00000, 0x00000000b1c00000, 0x00000000b1d00000|  0%| F|  |TAMS 0x00000000b1c00000, 0x00000000b1c00000| Untracked 
|  29|0x00000000b1d00000, 0x00000000b1d00000, 0x00000000b1e00000|  0%| F|  |TAMS 0x00000000b1d00000, 0x00000000b1d00000| Untracked 
|  30|0x00000000b1e00000, 0x00000000b1e00000, 0x00000000b1f00000|  0%| F|  |TAMS 0x00000000b1e00000, 0x00000000b1e00000| Untracked 
|  31|0x00000000b1f00000, 0x00000000b1f00000, 0x00000000b2000000|  0%| F|  |TAMS 0x00000000b1f00000, 0x00000000b1f00000| Untracked 
|  32|0x00000000b2000000, 0x00000000b2000000, 0x00000000b2100000|  0%| F|  |TAMS 0x00000000b2000000, 0x00000000b2000000| Untracked 
|  33|0x00000000b2100000, 0x00000000b2100000, 0x00000000b2200000|  0%| F|  |TAMS 0x00000000b2100000, 0x00000000b2100000| Untracked 
|  34|0x00000000b2200000, 0x00000000b2200000, 0x00000000b2300000|  0%| F|  |TAMS 0x00000000b2200000, 0x00000000b2200000| Untracked 
|  35|0x00000000b2300000, 0x00000000b2300000, 0x00000000b2400000|  0%| F|  |TAMS 0x00000000b2300000, 0x00000000b2300000| Untracked 
|  36|0x00000000b2400000, 0x00000000b2400000, 0x00000000b2500000|  0%| F|  |TAMS 0x00000000b2400000, 0x00000000b2400000| Untracked 
|  37|0x00000000b2500000, 0x00000000b2500000, 0x00000000b2600000|  0%| F|  |TAMS 0x00000000b2500000, 0x00000000b2500000| Untracked 
|  38|0x00000000b2600000, 0x00000000b2600000, 0x00000000b2700000|  0%| F|  |TAMS 0x00000000b2600000, 0x00000000b2600000| Untracked 
|  39|0x00000000b2700000, 0x00000000b2700000, 0x00000000b2800000|  0%| F|  |TAMS 0x00000000b2700000, 0x00000000b2700000| Untracked 
|  40|0x00000000b2800000, 0x00000000b2800000, 0x00000000b2900000|  0%| F|  |TAMS 0x00000000b2800000, 0x00000000b2800000| Untracked 
|  41|0x00000000b2900000, 0x00000000b2900000, 0x00000000b2a00000|  0%| F|  |TAMS 0x00000000b2900000, 0x00000000b2900000| Untracked 
|  42|0x00000000b2a00000, 0x00000000b2a00000, 0x00000000b2b00000|  0%| F|  |TAMS 0x00000000b2a00000, 0x00000000b2a00000| Untracked 
|  43|0x00000000b2b00000, 0x00000000b2b00000, 0x00000000b2c00000|  0%| F|  |TAMS 0x00000000b2b00000, 0x00000000b2b00000| Untracked 
|  44|0x00000000b2c00000, 0x00000000b2c00000, 0x00000000b2d00000|  0%| F|  |TAMS 0x00000000b2c00000, 0x00000000b2c00000| Untracked 
|  45|0x00000000b2d00000, 0x00000000b2d00000, 0x00000000b2e00000|  0%| F|  |TAMS 0x00000000b2d00000, 0x00000000b2d00000| Untracked 
|  46|0x00000000b2e00000, 0x00000000b2e00000, 0x00000000b2f00000|  0%| F|  |TAMS 0x00000000b2e00000, 0x00000000b2e00000| Untracked 
|  47|0x00000000b2f00000, 0x00000000b2f00000, 0x00000000b3000000|  0%| F|  |TAMS 0x00000000b2f00000, 0x00000000b2f00000| Untracked 
|  48|0x00000000b3000000, 0x00000000b3000000, 0x00000000b3100000|  0%| F|  |TAMS 0x00000000b3000000, 0x00000000b3000000| Untracked 
|  49|0x00000000b3100000, 0x00000000b3100000, 0x00000000b3200000|  0%| F|  |TAMS 0x00000000b3100000, 0x00000000b3100000| Untracked 
|  50|0x00000000b3200000, 0x00000000b3200000, 0x00000000b3300000|  0%| F|  |TAMS 0x00000000b3200000, 0x00000000b3200000| Untracked 
|  51|0x00000000b3300000, 0x00000000b3300000, 0x00000000b3400000|  0%| F|  |TAMS 0x00000000b3300000, 0x00000000b3300000| Untracked 
|  52|0x00000000b3400000, 0x00000000b3400000, 0x00000000b3500000|  0%| F|  |TAMS 0x00000000b3400000, 0x00000000b3400000| Untracked 
|  53|0x00000000b3500000, 0x00000000b3500000, 0x00000000b3600000|  0%| F|  |TAMS 0x00000000b3500000, 0x00000000b3500000| Untracked 
|  54|0x00000000b3600000, 0x00000000b3600000, 0x00000000b3700000|  0%| F|  |TAMS 0x00000000b3600000, 0x00000000b3600000| Untracked 
|  55|0x00000000b3700000, 0x00000000b3700000, 0x00000000b3800000|  0%| F|  |TAMS 0x00000000b3700000, 0x00000000b3700000| Untracked 
|  56|0x00000000b3800000, 0x00000000b3800000, 0x00000000b3900000|  0%| F|  |TAMS 0x00000000b3800000, 0x00000000b3800000| Untracked 
|  57|0x00000000b3900000, 0x00000000b3900000, 0x00000000b3a00000|  0%| F|  |TAMS 0x00000000b3900000, 0x00000000b3900000| Untracked 
|  58|0x00000000b3a00000, 0x00000000b3a00000, 0x00000000b3b00000|  0%| F|  |TAMS 0x00000000b3a00000, 0x00000000b3a00000| Untracked 
|  59|0x00000000b3b00000, 0x00000000b3b00000, 0x00000000b3c00000|  0%| F|  |TAMS 0x00000000b3b00000, 0x00000000b3b00000| Untracked 
|  60|0x00000000b3c00000, 0x00000000b3c00000, 0x00000000b3d00000|  0%| F|  |TAMS 0x00000000b3c00000, 0x00000000b3c00000| Untracked 
|  61|0x00000000b3d00000, 0x00000000b3d00000, 0x00000000b3e00000|  0%| F|  |TAMS 0x00000000b3d00000, 0x00000000b3d00000| Untracked 
|  62|0x00000000b3e00000, 0x00000000b3e00000, 0x00000000b3f00000|  0%| F|  |TAMS 0x00000000b3e00000, 0x00000000b3e00000| Untracked 
|  63|0x00000000b3f00000, 0x00000000b3f00000, 0x00000000b4000000|  0%| F|  |TAMS 0x00000000b3f00000, 0x00000000b3f00000| Untracked 
|  64|0x00000000b4000000, 0x00000000b4000000, 0x00000000b4100000|  0%| F|  |TAMS 0x00000000b4000000, 0x00000000b4000000| Untracked 
|  65|0x00000000b4100000, 0x00000000b4100000, 0x00000000b4200000|  0%| F|  |TAMS 0x00000000b4100000, 0x00000000b4100000| Untracked 
|  66|0x00000000b4200000, 0x00000000b4200000, 0x00000000b4300000|  0%| F|  |TAMS 0x00000000b4200000, 0x00000000b4200000| Untracked 
|  67|0x00000000b4300000, 0x00000000b4300000, 0x00000000b4400000|  0%| F|  |TAMS 0x00000000b4300000, 0x00000000b4300000| Untracked 
|  68|0x00000000b4400000, 0x00000000b4400000, 0x00000000b4500000|  0%| F|  |TAMS 0x00000000b4400000, 0x00000000b4400000| Untracked 
|  69|0x00000000b4500000, 0x00000000b4500000, 0x00000000b4600000|  0%| F|  |TAMS 0x00000000b4500000, 0x00000000b4500000| Untracked 
|  70|0x00000000b4600000, 0x00000000b4600000, 0x00000000b4700000|  0%| F|  |TAMS 0x00000000b4600000, 0x00000000b4600000| Untracked 
|  71|0x00000000b4700000, 0x00000000b47d79c0, 0x00000000b4800000| 84%| E|  |TAMS 0x00000000b4700000, 0x00000000b4700000| Complete 
|  72|0x00000000b4800000, 0x00000000b4900000, 0x00000000b4900000|100%| E|CS|TAMS 0x00000000b4800000, 0x00000000b4800000| Complete 
|  73|0x00000000b4900000, 0x00000000b4a00000, 0x00000000b4a00000|100%| E|CS|TAMS 0x00000000b4900000, 0x00000000b4900000| Complete 
|  74|0x00000000b4a00000, 0x00000000b4b00000, 0x00000000b4b00000|100%| E|CS|TAMS 0x00000000b4a00000, 0x00000000b4a00000| Complete 
|  75|0x00000000b4b00000, 0x00000000b4c00000, 0x00000000b4c00000|100%| E|CS|TAMS 0x00000000b4b00000, 0x00000000b4b00000| Complete 
|  76|0x00000000b4c00000, 0x00000000b4d00000, 0x00000000b4d00000|100%| E|CS|TAMS 0x00000000b4c00000, 0x00000000b4c00000| Complete 
|  77|0x00000000b4d00000, 0x00000000b4e00000, 0x00000000b4e00000|100%| E|CS|TAMS 0x00000000b4d00000, 0x00000000b4d00000| Complete 
|  78|0x00000000b4e00000, 0x00000000b4f00000, 0x00000000b4f00000|100%| E|CS|TAMS 0x00000000b4e00000, 0x00000000b4e00000| Complete 
|  79|0x00000000b4f00000, 0x00000000b5000000, 0x00000000b5000000|100%| E|CS|TAMS 0x00000000b4f00000, 0x00000000b4f00000| Complete 

Card table byte_map: [0x00007fbbe51b1000,0x00007fbbe5431000] _byte_map_base: 0x00007fbbe4c31000

Marking Bits (Prev, Next): (CMBitMap*) 0x00007fbbe005b9d8, (CMBitMap*) 0x00007fbbe005ba18
 Prev Bits: [0x00007fbbcfc00000, 0x00007fbbd1000000)
 Next Bits: [0x00007fbbce800000, 0x00007fbbcfc00000)

Polling page: 0x00007fbbe95df000

Metaspace:

Usage:
  Non-class:      7,30 MB capacity,     7,24 MB (>99%) used,    41,18 KB ( <1%) free+waste,    12,25 KB ( <1%) overhead. 
      Class:    797,00 KB capacity,   734,26 KB ( 92%) used,    56,68 KB (  7%) free+waste,     6,06 KB ( <1%) overhead. 
       Both:      8,07 MB capacity,     7,96 MB ( 99%) used,    97,86 KB (  1%) free+waste,    18,31 KB ( <1%) overhead. 

Virtual space:
  Non-class space:        8,00 MB reserved,       7,50 MB ( 94%) committed 
      Class space:        1,00 GB reserved,     896,00 KB ( <1%) committed 
             Both:        1,01 GB reserved,       8,38 MB ( <1%) committed 

Chunk freelists:
   Non-Class:  17,00 KB
       Class:  3,00 KB
        Both:  20,00 KB

MaxMetaspaceSize: unlimited
CompressedClassSpaceSize: 1,00 GB

CodeHeap 'non-profiled nmethods': size=120032Kb used=175Kb max_used=175Kb free=119856Kb
 bounds [0x00007fbbd8ac8000, 0x00007fbbd8d38000, 0x00007fbbe0000000]
CodeHeap 'profiled nmethods': size=120032Kb used=874Kb max_used=874Kb free=119158Kb
 bounds [0x00007fbbd1590000, 0x00007fbbd1800000, 0x00007fbbd8ac8000]
CodeHeap 'non-nmethods': size=5696Kb used=1117Kb max_used=1129Kb free=4578Kb
 bounds [0x00007fbbd1000000, 0x00007fbbd1270000, 0x00007fbbd1590000]
 total_blobs=1051 nmethods=562 adapters=255
 compilation: enabled
              stopped_count=0, restarted_count=0
 full_count=0

Compilation events (10 events):
Event: 1,340 Thread 0x00007fbbe0164800  558       1       java.util.LinkedHashMap::removeEldestEntry (2 bytes)
Event: 1,340 Thread 0x00007fbbe0164800 nmethod 558 0x00007fbbd8af3610 code [0x00007fbbd8af37a0, 0x00007fbbd8af38b0]
Event: 1,340 Thread 0x00007fbbe0164800  559       3       java.util.LinkedHashMap::newNode (23 bytes)
Event: 1,341 Thread 0x00007fbbe0164800 nmethod 559 0x00007fbbd1668f90 code [0x00007fbbd1669180, 0x00007fbbd16697b0]
Event: 1,341 Thread 0x00007fbbe0164800  560       3       java.util.LinkedHashMap::afterNodeInsertion (40 bytes)
Event: 1,341 Thread 0x00007fbbe0164800 nmethod 560 0x00007fbbd1669990 code [0x00007fbbd1669b40, 0x00007fbbd1669d90]
Event: 1,343 Thread 0x00007fbbe0164800  561       3       jdk.internal.misc.Unsafe::putReferenceRelease (9 bytes)
Event: 1,344 Thread 0x00007fbbe0164800 nmethod 561 0x00007fbbd1669e90 code [0x00007fbbd166a040, 0x00007fbbd166a1f0]
Event: 1,344 Thread 0x00007fbbe0164800  563       3       java.util.concurrent.ConcurrentHashMap::setTabAt (20 bytes)
Event: 1,344 Thread 0x00007fbbe0164800 nmethod 563 0x00007fbbd166a290 code [0x00007fbbd166a440, 0x00007fbbd166a710]

GC Heap History (0 events):
No events

Deoptimization events (3 events):
Event: 0,651 Thread 0x00007fbbe0016800 Uncommon trap: reason=unstable_if action=reinterpret pc=0x00007fbbd8ae3680 method=java.util.HashMap.putVal(ILjava/lang/Object;Ljava/lang/Object;ZZ)Ljava/lang/Object; @ 236 c2
Event: 1,277 Thread 0x00007fbba4001000 Uncommon trap: reason=class_check action=maybe_recompile pc=0x00007fbbd8addaac method=java.io.BufferedInputStream.read([BII)I @ 101 c2
Event: 1,331 Thread 0x00007fbba4001000 Uncommon trap: reason=unstable_if action=reinterpret pc=0x00007fbbd8aefa94 method=java.lang.StringLatin1.indexOf([BI[BII)I @ 91 c2

Classes unloaded (0 events):
No events

Classes redefined (0 events):
No events

Internal exceptions (10 events):
Event: 0,436 Thread 0x00007fbbe0016800 Exception <a 'java/lang/NoSuchMethodError'{0x00000000b4c0fb48}: 'java.lang.Object java.lang.invoke.DirectMethodHandle$Holder.invokeInterface(java.lang.Object, java.lang.Object)'> (0x00000000b4c0fb48) 
thrown [/home/dmitry/Downloads/LOOM/loom/src/hotspot/share/interpreter/linkResolver.cpp, line 768]
for thread 0x00007fbbe0016800
Event: 0,441 Thread 0x00007fbbe0016800 Exception <a 'java/lang/NoSuchMethodError'{0x00000000b4c16710}: 'int java.lang.invoke.DirectMethodHandle$Holder.invokeStatic(java.lang.Object, java.lang.Object)'> (0x00000000b4c16710) 
thrown [/home/dmitry/Downloads/LOOM/loom/src/hotspot/share/interpreter/linkResolver.cpp, line 768]
for thread 0x00007fbbe0016800
Event: 0,451 Thread 0x00007fbbe0016800 Exception <a 'java/lang/NoSuchMethodError'{0x00000000b4c20d50}: 'java.lang.Object java.lang.invoke.DirectMethodHandle$Holder.invokeVirtual(java.lang.Object, java.lang.Object)'> (0x00000000b4c20d50) 
thrown [/home/dmitry/Downloads/LOOM/loom/src/hotspot/share/interpreter/linkResolver.cpp, line 768]
for thread 0x00007fbbe0016800
Event: 0,454 Thread 0x00007fbbe0016800 Exception <a 'java/lang/NoSuchMethodError'{0x00000000b4c28918}: 'int java.lang.invoke.DirectMethodHandle$Holder.invokeSpecial(java.lang.Object, java.lang.Object)'> (0x00000000b4c28918) 
thrown [/home/dmitry/Downloads/LOOM/loom/src/hotspot/share/interpreter/linkResolver.cpp, line 768]
for thread 0x00007fbbe0016800
Event: 0,585 Thread 0x00007fbbe0016800 Exception <a 'java/lang/NoSuchMethodError'{0x00000000b4ab95e8}: 'void java.lang.invoke.DirectMethodHandle$Holder.invokeStatic(java.lang.Object, java.lang.Object, java.lang.Object)'> (0x00000000b4ab95e8) 
thrown [/home/dmitry/Downloads/LOOM/loom/src/hotspot/share/interpreter/linkResolver.cpp, line 768]
for thread 0x00007fbbe0016800
Event: 0,597 Thread 0x00007fbbe0016800 Exception <a 'java/lang/NoSuchMethodError'{0x00000000b4ae4ba0}: 'java.lang.Object java.lang.invoke.Invokers$Holder.linkToTargetMethod(java.lang.Object, java.lang.Object, java.lang.Object, java.lang.Object)'> (0x00000000b4ae4ba0) 
thrown [/home/dmitry/Downloads/LOOM/loom/src/hotspot/share/interpreter/linkResolver.cpp, line 768]
for thread 0x00007fbbe0016800
Event: 0,730 Thread 0x00007fbbe0016800 Exception <a 'java/lang/NoSuchMethodError'{0x00000000b483a198}: 'void java.lang.invoke.DirectMethodHandle$Holder.invokeStatic(java.lang.Object)'> (0x00000000b483a198) 
thrown [/home/dmitry/Downloads/LOOM/loom/src/hotspot/share/interpreter/linkResolver.cpp, line 768]
for thread 0x00007fbbe0016800
Event: 0,731 Thread 0x00007fbbe0016800 Exception <a 'java/lang/NoSuchMethodError'{0x00000000b483e8d8}: 'void java.lang.invoke.DirectMethodHandle$Holder.invokeSpecial(java.lang.Object, java.lang.Object)'> (0x00000000b483e8d8) 
thrown [/home/dmitry/Downloads/LOOM/loom/src/hotspot/share/interpreter/linkResolver.cpp, line 768]
for thread 0x00007fbbe0016800
Event: 0,782 Thread 0x00007fbbe028b800 Exception <a 'java/lang/NoSuchMethodError'{0x00000000b49dc758}: 'java.lang.Object java.lang.invoke.DirectMethodHandle$Holder.invokeStatic(java.lang.Object)'> (0x00000000b49dc758) 
thrown [/home/dmitry/Downloads/LOOM/loom/src/hotspot/share/interpreter/linkResolver.cpp, line 768]
for thread 0x00007fbbe028b800
Event: 0,783 Thread 0x00007fbbe028b800 Exception <a 'java/lang/NoSuchMethodError'{0x00000000b49df570}: 'java.lang.Object java.lang.invoke.DirectMethodHandle$Holder.invokeStaticInit(java.lang.Object)'> (0x00000000b49df570) 
thrown [/home/dmitry/Downloads/LOOM/loom/src/hotspot/share/interpreter/linkResolver.cpp, line 768]
for thread 0x00007fbbe028b800

Events (10 events):
Event: 1,333 loading class sun/util/resources/Bundles$CacheKeyReference done
Event: 1,333 loading class sun/util/resources/Bundles$BundleReference done
Event: 1,333 loading class sun/util/resources/cldr/TimeZoneNames_en
Event: 1,334 loading class sun/util/resources/cldr/TimeZoneNames_en done
Event: 1,335 loading class sun/util/resources/cldr/TimeZoneNames_en_US
Event: 1,335 loading class sun/util/resources/cldr/TimeZoneNames_en_US done
Event: 1,342 loading class java/util/LinkedHashMap$LinkedKeySet
Event: 1,342 loading class java/util/LinkedHashMap$LinkedKeySet done
Event: 1,342 loading class sun/util/locale/provider/LocaleResources$ResourceReference
Event: 1,342 loading class sun/util/locale/provider/LocaleResources$ResourceReference done


Dynamic libraries:
b0000000-b5000000 rw-p 00000000 00:00 0 
b5000000-100000000 ---p 00000000 00:00 0 
100000000-1000e0000 rw-p 00000000 00:00 0 
1000e0000-140000000 ---p 00000000 00:00 0 
55721ade6000-55721ade7000 r-xp 00000000 08:01 2499517                    /home/dmitry/Downloads/LOOM/loom/build/linux-x86_64-server-release/jdk/bin/java
55721afe7000-55721afe8000 r--p 00001000 08:01 2499517                    /home/dmitry/Downloads/LOOM/loom/build/linux-x86_64-server-release/jdk/bin/java
55721afe8000-55721afe9000 rw-p 00002000 08:01 2499517                    /home/dmitry/Downloads/LOOM/loom/build/linux-x86_64-server-release/jdk/bin/java
55721c42a000-55721c44b000 rw-p 00000000 00:00 0                          [heap]
7fbb7c000000-7fbb7c04b000 rw-p 00000000 00:00 0 
7fbb7c04b000-7fbb80000000 ---p 00000000 00:00 0 
7fbb80000000-7fbb80021000 rw-p 00000000 00:00 0 
7fbb80021000-7fbb84000000 ---p 00000000 00:00 0 
7fbb84000000-7fbb84083000 rw-p 00000000 00:00 0 
7fbb84083000-7fbb88000000 ---p 00000000 00:00 0 
7fbb88000000-7fbb88021000 rw-p 00000000 00:00 0 
7fbb88021000-7fbb8c000000 ---p 00000000 00:00 0 
7fbb8c000000-7fbb8c021000 rw-p 00000000 00:00 0 
7fbb8c021000-7fbb90000000 ---p 00000000 00:00 0 
7fbb90000000-7fbb90021000 rw-p 00000000 00:00 0 
7fbb90021000-7fbb94000000 ---p 00000000 00:00 0 
7fbb94000000-7fbb94021000 rw-p 00000000 00:00 0 
7fbb94021000-7fbb98000000 ---p 00000000 00:00 0 
7fbb98000000-7fbb98021000 rw-p 00000000 00:00 0 
7fbb98021000-7fbb9c000000 ---p 00000000 00:00 0 
7fbb9c000000-7fbb9c450000 rw-p 00000000 00:00 0 
7fbb9c450000-7fbba0000000 ---p 00000000 00:00 0 
7fbba0000000-7fbba02b3000 rw-p 00000000 00:00 0 
7fbba02b3000-7fbba4000000 ---p 00000000 00:00 0 
7fbba4000000-7fbba4021000 rw-p 00000000 00:00 0 
7fbba4021000-7fbba8000000 ---p 00000000 00:00 0 
7fbba8000000-7fbba8021000 rw-p 00000000 00:00 0 
7fbba8021000-7fbbac000000 ---p 00000000 00:00 0 
7fbbae2ff000-7fbbae6fa000 rw-p 00000000 00:00 0 
7fbbae6fa000-7fbbae6fc000 r-xp 00000000 08:01 2636884                    /home/dmitry/Downloads/LOOM/loom/build/linux-x86_64-server-release/jdk/lib/libextnet.so
7fbbae6fc000-7fbbae8fb000 ---p 00002000 08:01 2636884                    /home/dmitry/Downloads/LOOM/loom/build/linux-x86_64-server-release/jdk/lib/libextnet.so
7fbbae8fb000-7fbbae8fc000 r--p 00001000 08:01 2636884                    /home/dmitry/Downloads/LOOM/loom/build/linux-x86_64-server-release/jdk/lib/libextnet.so
7fbbae8fc000-7fbbae8fd000 rw-p 00002000 08:01 2636884                    /home/dmitry/Downloads/LOOM/loom/build/linux-x86_64-server-release/jdk/lib/libextnet.so
7fbbae8fd000-7fbbae901000 ---p 00000000 00:00 0 
7fbbae901000-7fbbae9fe000 rw-p 00000000 00:00 0 
7fbbae9fe000-7fbbaea02000 ---p 00000000 00:00 0 
7fbbaea02000-7fbbaeaff000 rw-p 00000000 00:00 0 
7fbbaeaff000-7fbbaeb03000 ---p 00000000 00:00 0 
7fbbaeb03000-7fbbaec00000 rw-p 00000000 00:00 0 
7fbbaec00000-7fbbaec04000 ---p 00000000 00:00 0 
7fbbaec04000-7fbbaed01000 rw-p 00000000 00:00 0 
7fbbaed01000-7fbbaed02000 ---p 00000000 00:00 0 
7fbbaed02000-7fbbaee03000 rw-p 00000000 00:00 0 
7fbbaee03000-7fbbaee07000 ---p 00000000 00:00 0 
7fbbaee07000-7fbbaef04000 rw-p 00000000 00:00 0 
7fbbaef04000-7fbbaef08000 ---p 00000000 00:00 0 
7fbbaef08000-7fbbaf005000 rw-p 00000000 00:00 0 
7fbbaf005000-7fbbaf01b000 r-xp 00000000 08:01 2636829                    /home/dmitry/Downloads/LOOM/loom/build/linux-x86_64-server-release/jdk/lib/libnet.so
7fbbaf01b000-7fbbaf21b000 ---p 00016000 08:01 2636829                    /home/dmitry/Downloads/LOOM/loom/build/linux-x86_64-server-release/jdk/lib/libnet.so
7fbbaf21b000-7fbbaf21c000 r--p 00016000 08:01 2636829                    /home/dmitry/Downloads/LOOM/loom/build/linux-x86_64-server-release/jdk/lib/libnet.so
7fbbaf21c000-7fbbaf21d000 rw-p 00017000 08:01 2636829                    /home/dmitry/Downloads/LOOM/loom/build/linux-x86_64-server-release/jdk/lib/libnet.so
7fbbaf21d000-7fbbaf22e000 r-xp 00000000 08:01 2636831                    /home/dmitry/Downloads/LOOM/loom/build/linux-x86_64-server-release/jdk/lib/libnio.so
7fbbaf22e000-7fbbaf42d000 ---p 00011000 08:01 2636831                    /home/dmitry/Downloads/LOOM/loom/build/linux-x86_64-server-release/jdk/lib/libnio.so
7fbbaf42d000-7fbbaf42e000 r--p 00010000 08:01 2636831                    /home/dmitry/Downloads/LOOM/loom/build/linux-x86_64-server-release/jdk/lib/libnio.so
7fbbaf42e000-7fbbaf42f000 rw-p 00011000 08:01 2636831                    /home/dmitry/Downloads/LOOM/loom/build/linux-x86_64-server-release/jdk/lib/libnio.so
7fbbaf42f000-7fbbaf433000 ---p 00000000 00:00 0 
7fbbaf433000-7fbbaf530000 rw-p 00000000 00:00 0 
7fbbaf530000-7fbbaf534000 ---p 00000000 00:00 0 
7fbbaf534000-7fbbaf631000 rw-p 00000000 00:00 0 
7fbbaf631000-7fbbb0000000 r--p 00000000 08:01 10230401                   /usr/lib/locale/locale-archive
7fbbb0000000-7fbbb0021000 rw-p 00000000 00:00 0 
7fbbb0021000-7fbbb4000000 ---p 00000000 00:00 0 
7fbbb4000000-7fbbb4021000 rw-p 00000000 00:00 0 
7fbbb4021000-7fbbb8000000 ---p 00000000 00:00 0 
7fbbb8000000-7fbbb8021000 rw-p 00000000 00:00 0 
7fbbb8021000-7fbbbc000000 ---p 00000000 00:00 0 
7fbbbc000000-7fbbbc021000 rw-p 00000000 00:00 0 
7fbbbc021000-7fbbc0000000 ---p 00000000 00:00 0 
7fbbc0000000-7fbbc0021000 rw-p 00000000 00:00 0 
7fbbc0021000-7fbbc4000000 ---p 00000000 00:00 0 
7fbbc4000000-7fbbc4021000 rw-p 00000000 00:00 0 
7fbbc4021000-7fbbc8000000 ---p 00000000 00:00 0 
7fbbc8000000-7fbbc8021000 rw-p 00000000 00:00 0 
7fbbc8021000-7fbbcc000000 ---p 00000000 00:00 0 
7fbbcc000000-7fbbcc780000 rw-p 00000000 00:00 0 
7fbbcc780000-7fbbcc800000 ---p 00000000 00:00 0 
7fbbcc800000-7fbbce940000 rw-p 00000000 00:00 0 
7fbbce940000-7fbbcfc00000 ---p 00000000 00:00 0 
7fbbcfc00000-7fbbcfd40000 rw-p 00000000 00:00 0 
7fbbcfd40000-7fbbd1000000 ---p 00000000 00:00 0 
7fbbd1000000-7fbbd1270000 rwxp 00000000 00:00 0 
7fbbd1270000-7fbbd1590000 ---p 00000000 00:00 0 
7fbbd1590000-7fbbd1800000 rwxp 00000000 00:00 0 
7fbbd1800000-7fbbd8ac8000 ---p 00000000 00:00 0 
7fbbd8ac8000-7fbbd8d38000 rwxp 00000000 00:00 0 
7fbbd8d38000-7fbbe0000000 ---p 00000000 00:00 0 
7fbbe0000000-7fbbe029b000 rw-p 00000000 00:00 0 
7fbbe029b000-7fbbe4000000 ---p 00000000 00:00 0 
7fbbe4010000-7fbbe4041000 rw-p 00000000 00:00 0 
7fbbe4041000-7fbbe4045000 ---p 00000000 00:00 0 
7fbbe4045000-7fbbe4142000 rw-p 00000000 00:00 0 
7fbbe4142000-7fbbe4146000 ---p 00000000 00:00 0 
7fbbe4146000-7fbbe4243000 rw-p 00000000 00:00 0 
7fbbe4243000-7fbbe4247000 ---p 00000000 00:00 0 
7fbbe4247000-7fbbe4344000 rw-p 00000000 00:00 0 
7fbbe4344000-7fbbe4348000 ---p 00000000 00:00 0 
7fbbe4348000-7fbbe4445000 rw-p 00000000 00:00 0 
7fbbe4445000-7fbbe4446000 ---p 00000000 00:00 0 
7fbbe4446000-7fbbe4623000 rw-p 00000000 00:00 0 
7fbbe4623000-7fbbe4624000 ---p 00000000 00:00 0 
7fbbe4624000-7fbbe4725000 rw-p 00000000 00:00 0 
7fbbe4725000-7fbbe4726000 ---p 00000000 00:00 0 
7fbbe4726000-7fbbe4c2b000 rw-p 00000000 00:00 0 
7fbbe4c2b000-7fbbe4c2c000 ---p 00000000 00:00 0 
7fbbe4c2c000-7fbbe4d2d000 rw-p 00000000 00:00 0 
7fbbe4d2d000-7fbbe4d2e000 ---p 00000000 00:00 0 
7fbbe4d2e000-7fbbe4e2f000 rw-p 00000000 00:00 0 
7fbbe4e2f000-7fbbe4e30000 ---p 00000000 00:00 0 
7fbbe4e30000-7fbbe4f59000 rw-p 00000000 00:00 0 
7fbbe4f59000-7fbbe51b1000 ---p 00000000 00:00 0 
7fbbe51b1000-7fbbe51d9000 rw-p 00000000 00:00 0 
7fbbe51d9000-7fbbe5431000 ---p 00000000 00:00 0 
7fbbe5431000-7fbbe5459000 rw-p 00000000 00:00 0 
7fbbe5459000-7fbbe56b1000 ---p 00000000 00:00 0 
7fbbe56b1000-7fbbe5aba000 rw-p 00000000 00:00 0 
7fbbe5aba000-7fbbe5ba0000 ---p 00000000 00:00 0 
7fbbe5ba0000-7fbbe5ba5000 rw-p 00000000 00:00 0 
7fbbe5ba5000-7fbbe5c8b000 ---p 00000000 00:00 0 
7fbbe5c8b000-7fbbe5ca6000 r-xp 00000000 08:01 2636824                    /home/dmitry/Downloads/LOOM/loom/build/linux-x86_64-server-release/jdk/lib/libjimage.so
7fbbe5ca6000-7fbbe5ea5000 ---p 0001b000 08:01 2636824                    /home/dmitry/Downloads/LOOM/loom/build/linux-x86_64-server-release/jdk/lib/libjimage.so
7fbbe5ea5000-7fbbe5ea7000 r--p 0001a000 08:01 2636824                    /home/dmitry/Downloads/LOOM/loom/build/linux-x86_64-server-release/jdk/lib/libjimage.so
7fbbe5ea7000-7fbbe5ea8000 rw-p 0001c000 08:01 2636824                    /home/dmitry/Downloads/LOOM/loom/build/linux-x86_64-server-release/jdk/lib/libjimage.so
7fbbe5ea8000-7fbbe5eaf000 r-xp 00000000 08:01 2636825                    /home/dmitry/Downloads/LOOM/loom/build/linux-x86_64-server-release/jdk/lib/libzip.so
7fbbe5eaf000-7fbbe60ae000 ---p 00007000 08:01 2636825                    /home/dmitry/Downloads/LOOM/loom/build/linux-x86_64-server-release/jdk/lib/libzip.so
7fbbe60ae000-7fbbe60af000 r--p 00006000 08:01 2636825                    /home/dmitry/Downloads/LOOM/loom/build/linux-x86_64-server-release/jdk/lib/libzip.so
7fbbe60af000-7fbbe60b0000 rw-p 00007000 08:01 2636825                    /home/dmitry/Downloads/LOOM/loom/build/linux-x86_64-server-release/jdk/lib/libzip.so
7fbbe60b0000-7fbbe60bb000 r-xp 00000000 08:01 1184572                    /lib/x86_64-linux-gnu/libnss_files-2.27.so
7fbbe60bb000-7fbbe62ba000 ---p 0000b000 08:01 1184572                    /lib/x86_64-linux-gnu/libnss_files-2.27.so
7fbbe62ba000-7fbbe62bb000 r--p 0000a000 08:01 1184572                    /lib/x86_64-linux-gnu/libnss_files-2.27.so
7fbbe62bb000-7fbbe62bc000 rw-p 0000b000 08:01 1184572                    /lib/x86_64-linux-gnu/libnss_files-2.27.so
7fbbe62bc000-7fbbe62c2000 rw-p 00000000 00:00 0 
7fbbe62c2000-7fbbe62d9000 r-xp 00000000 08:01 1184566                    /lib/x86_64-linux-gnu/libnsl-2.27.so
7fbbe62d9000-7fbbe64d8000 ---p 00017000 08:01 1184566                    /lib/x86_64-linux-gnu/libnsl-2.27.so
7fbbe64d8000-7fbbe64d9000 r--p 00016000 08:01 1184566                    /lib/x86_64-linux-gnu/libnsl-2.27.so
7fbbe64d9000-7fbbe64da000 rw-p 00017000 08:01 1184566                    /lib/x86_64-linux-gnu/libnsl-2.27.so
7fbbe64da000-7fbbe64dc000 rw-p 00000000 00:00 0 
7fbbe64dc000-7fbbe64e7000 r-xp 00000000 08:01 1184583                    /lib/x86_64-linux-gnu/libnss_nis-2.27.so
7fbbe64e7000-7fbbe66e6000 ---p 0000b000 08:01 1184583                    /lib/x86_64-linux-gnu/libnss_nis-2.27.so
7fbbe66e6000-7fbbe66e7000 r--p 0000a000 08:01 1184583                    /lib/x86_64-linux-gnu/libnss_nis-2.27.so
7fbbe66e7000-7fbbe66e8000 rw-p 0000b000 08:01 1184583                    /lib/x86_64-linux-gnu/libnss_nis-2.27.so
7fbbe66e8000-7fbbe66f0000 r-xp 00000000 08:01 1184568                    /lib/x86_64-linux-gnu/libnss_compat-2.27.so
7fbbe66f0000-7fbbe68f0000 ---p 00008000 08:01 1184568                    /lib/x86_64-linux-gnu/libnss_compat-2.27.so
7fbbe68f0000-7fbbe68f1000 r--p 00008000 08:01 1184568                    /lib/x86_64-linux-gnu/libnss_compat-2.27.so
7fbbe68f1000-7fbbe68f2000 rw-p 00009000 08:01 1184568                    /lib/x86_64-linux-gnu/libnss_compat-2.27.so
7fbbe68f2000-7fbbe691a000 r-xp 00000000 08:01 2636823                    /home/dmitry/Downloads/LOOM/loom/build/linux-x86_64-server-release/jdk/lib/libjava.so
7fbbe691a000-7fbbe6b1a000 ---p 00028000 08:01 2636823                    /home/dmitry/Downloads/LOOM/loom/build/linux-x86_64-server-release/jdk/lib/libjava.so
7fbbe6b1a000-7fbbe6b1b000 r--p 00028000 08:01 2636823                    /home/dmitry/Downloads/LOOM/loom/build/linux-x86_64-server-release/jdk/lib/libjava.so
7fbbe6b1b000-7fbbe6b1d000 rw-p 00029000 08:01 2636823                    /home/dmitry/Downloads/LOOM/loom/build/linux-x86_64-server-release/jdk/lib/libjava.so
7fbbe6b1d000-7fbbe6b2a000 r-xp 00000000 08:01 2636817                    /home/dmitry/Downloads/LOOM/loom/build/linux-x86_64-server-release/jdk/lib/libverify.so
7fbbe6b2a000-7fbbe6d29000 ---p 0000d000 08:01 2636817                    /home/dmitry/Downloads/LOOM/loom/build/linux-x86_64-server-release/jdk/lib/libverify.so
7fbbe6d29000-7fbbe6d2b000 r--p 0000c000 08:01 2636817                    /home/dmitry/Downloads/LOOM/loom/build/linux-x86_64-server-release/jdk/lib/libverify.so
7fbbe6d2b000-7fbbe6d2c000 rw-p 0000e000 08:01 2636817                    /home/dmitry/Downloads/LOOM/loom/build/linux-x86_64-server-release/jdk/lib/libverify.so
7fbbe6d2c000-7fbbe6ec9000 r-xp 00000000 08:01 1184545                    /lib/x86_64-linux-gnu/libm-2.27.so
7fbbe6ec9000-7fbbe70c8000 ---p 0019d000 08:01 1184545                    /lib/x86_64-linux-gnu/libm-2.27.so
7fbbe70c8000-7fbbe70c9000 r--p 0019c000 08:01 1184545                    /lib/x86_64-linux-gnu/libm-2.27.so
7fbbe70c9000-7fbbe70ca000 rw-p 0019d000 08:01 1184545                    /lib/x86_64-linux-gnu/libm-2.27.so
7fbbe70ca000-7fbbe83f3000 r-xp 00000000 08:01 3420264                    /home/dmitry/Downloads/LOOM/loom/build/linux-x86_64-server-release/jdk/lib/server/libjvm.so
7fbbe83f3000-7fbbe85f3000 ---p 01329000 08:01 3420264                    /home/dmitry/Downloads/LOOM/loom/build/linux-x86_64-server-release/jdk/lib/server/libjvm.so
7fbbe85f3000-7fbbe86ba000 r--p 01329000 08:01 3420264                    /home/dmitry/Downloads/LOOM/loom/build/linux-x86_64-server-release/jdk/lib/server/libjvm.so
7fbbe86ba000-7fbbe86f5000 rw-p 013f0000 08:01 3420264                    /home/dmitry/Downloads/LOOM/loom/build/linux-x86_64-server-release/jdk/lib/server/libjvm.so
7fbbe86f5000-7fbbe877b000 rw-p 00000000 00:00 0 
7fbbe877b000-7fbbe8795000 r-xp 00000000 08:01 1184615                    /lib/x86_64-linux-gnu/libpthread-2.27.so
7fbbe8795000-7fbbe8994000 ---p 0001a000 08:01 1184615                    /lib/x86_64-linux-gnu/libpthread-2.27.so
7fbbe8994000-7fbbe8995000 r--p 00019000 08:01 1184615                    /lib/x86_64-linux-gnu/libpthread-2.27.so
7fbbe8995000-7fbbe8996000 rw-p 0001a000 08:01 1184615                    /lib/x86_64-linux-gnu/libpthread-2.27.so
7fbbe8996000-7fbbe899a000 rw-p 00000000 00:00 0 
7fbbe899a000-7fbbe899d000 r-xp 00000000 08:01 1184505                    /lib/x86_64-linux-gnu/libdl-2.27.so
7fbbe899d000-7fbbe8b9c000 ---p 00003000 08:01 1184505                    /lib/x86_64-linux-gnu/libdl-2.27.so
7fbbe8b9c000-7fbbe8b9d000 r--p 00002000 08:01 1184505                    /lib/x86_64-linux-gnu/libdl-2.27.so
7fbbe8b9d000-7fbbe8b9e000 rw-p 00003000 08:01 1184505                    /lib/x86_64-linux-gnu/libdl-2.27.so
7fbbe8b9e000-7fbbe8bba000 r-xp 00000000 08:01 1184654                    /lib/x86_64-linux-gnu/libz.so.1.2.11
7fbbe8bba000-7fbbe8db9000 ---p 0001c000 08:01 1184654                    /lib/x86_64-linux-gnu/libz.so.1.2.11
7fbbe8db9000-7fbbe8dba000 r--p 0001b000 08:01 1184654                    /lib/x86_64-linux-gnu/libz.so.1.2.11
7fbbe8dba000-7fbbe8dbb000 rw-p 0001c000 08:01 1184654                    /lib/x86_64-linux-gnu/libz.so.1.2.11
7fbbe8dbb000-7fbbe8fa2000 r-xp 00000000 08:01 1184482                    /lib/x86_64-linux-gnu/libc-2.27.so
7fbbe8fa2000-7fbbe91a2000 ---p 001e7000 08:01 1184482                    /lib/x86_64-linux-gnu/libc-2.27.so
7fbbe91a2000-7fbbe91a6000 r--p 001e7000 08:01 1184482                    /lib/x86_64-linux-gnu/libc-2.27.so
7fbbe91a6000-7fbbe91a8000 rw-p 001eb000 08:01 1184482                    /lib/x86_64-linux-gnu/libc-2.27.so
7fbbe91a8000-7fbbe91ac000 rw-p 00000000 00:00 0 
7fbbe91ac000-7fbbe91bc000 r-xp 00000000 08:01 2636819                    /home/dmitry/Downloads/LOOM/loom/build/linux-x86_64-server-release/jdk/lib/libjli.so
7fbbe91bc000-7fbbe93bb000 ---p 00010000 08:01 2636819                    /home/dmitry/Downloads/LOOM/loom/build/linux-x86_64-server-release/jdk/lib/libjli.so
7fbbe93bb000-7fbbe93bc000 r--p 0000f000 08:01 2636819                    /home/dmitry/Downloads/LOOM/loom/build/linux-x86_64-server-release/jdk/lib/libjli.so
7fbbe93bc000-7fbbe93bd000 rw-p 00010000 08:01 2636819                    /home/dmitry/Downloads/LOOM/loom/build/linux-x86_64-server-release/jdk/lib/libjli.so
7fbbe93bd000-7fbbe93e4000 r-xp 00000000 08:01 1184454                    /lib/x86_64-linux-gnu/ld-2.27.so
7fbbe9411000-7fbbe94c4000 rw-p 00000000 00:00 0 
7fbbe94c4000-7fbbe94cb000 ---p 00000000 00:00 0 
7fbbe94cb000-7fbbe94cf000 ---p 00000000 00:00 0 
7fbbe94cf000-7fbbe95ce000 rw-p 00000000 00:00 0 
7fbbe95d7000-7fbbe95df000 rw-s 00000000 08:01 524334                     /tmp/hsperfdata_dmitry/21132
7fbbe95df000-7fbbe95e0000 ---p 00000000 00:00 0 
7fbbe95e0000-7fbbe95e1000 r--p 00000000 00:00 0 
7fbbe95e1000-7fbbe95e2000 ---p 00000000 00:00 0 
7fbbe95e2000-7fbbe95e4000 rw-p 00000000 00:00 0 
7fbbe95e4000-7fbbe95e5000 r--p 00027000 08:01 1184454                    /lib/x86_64-linux-gnu/ld-2.27.so
7fbbe95e5000-7fbbe95e6000 rw-p 00028000 08:01 1184454                    /lib/x86_64-linux-gnu/ld-2.27.so
7fbbe95e6000-7fbbe95e7000 rw-p 00000000 00:00 0 
7ffcf9bab000-7ffcf9bce000 rw-p 00000000 00:00 0                          [stack]
7ffcf9be5000-7ffcf9be8000 r--p 00000000 00:00 0                          [vvar]
7ffcf9be8000-7ffcf9bea000 r-xp 00000000 00:00 0                          [vdso]
ffffffffff600000-ffffffffff601000 r-xp 00000000 00:00 0                  [vsyscall]


VM Arguments:
jvm_args: -Didea.launcher.port=10297 -Didea.launcher.bin.path=/home/dmitry/Downloads/idea-IC-183.5912.21/bin -Dfile.encoding=UTF-8 
java_command: com.intellij.rt.execution.application.AppMainV2 Main
java_class_path (initial): /home/dmitry/Downloads/LOOM/loom/build/linux-x86_64-server-release/jdk/modules/java.base:/home/dmitry/Downloads/LOOM/loom/build/linux-x86_64-server-release/jdk/modules/java.compiler:/home/dmitry/Downloads/LOOM/loom/build/linux-x86_64-server-release/jdk/modules/java.datatransfer:/home/dmitry/Downloads/LOOM/loom/build/linux-x86_64-server-release/jdk/modules/java.desktop:/home/dmitry/Downloads/LOOM/loom/build/linux-x86_64-server-release/jdk/modules/java.instrument:/home/dmitry/Downloads/LOOM/loom/build/linux-x86_64-server-release/jdk/modules/java.logging:/home/dmitry/Downloads/LOOM/loom/build/linux-x86_64-server-release/jdk/modules/java.management:/home/dmitry/Downloads/LOOM/loom/build/linux-x86_64-server-release/jdk/modules/java.management.rmi:/home/dmitry/Downloads/LOOM/loom/build/linux-x86_64-server-release/jdk/modules/java.naming:/home/dmitry/Downloads/LOOM/loom/build/linux-x86_64-server-release/jdk/modules/java.net.http:/home/dmitry/Downloads/LOOM/loom/build/linux-x86_64-server-release/jdk/modules/java.prefs:/home/dmitry/Downloads/LOOM/loom/build/linux-x86_64-server-release/jdk/modules/java.rmi:/home/dmitry/Downloads/LOOM/loom/build/linux-x86_64-server-release/jdk/modules/java.scripting:/home/dmitry/Downloads/LOOM/loom/build/linux-x86_64-server-release/jdk/modules/java.se:/home/dmitry/Downloads/LOOM/loom/build/linux-x86_64-server-release/jdk/modules/java.security.jgss:/home/dmitry/Downloads/LOOM/loom/build/linux-x86_64-server-release/jdk/modules/java.security.sasl:/home/dmitry/Downloads/LOOM/loom/build/linux-x86_64-server-release/jdk/modules/java.smartcardio:/home/dmitry/Downloads/LOOM/loom/build/linux-x86_64-server-release/jdk/modules/java.sql:/home/dmitry/Downloads/LOOM/loom/build/linux-x86_64-server-release/jdk/modules/java.sql.rowset:/home/dmitry/Downloads/LOOM/loom/build/linux-x86_64-server-release/jdk/modules/java.transaction.xa:/home/dmitry/Downloads/LOOM/loom/build/linux-x86_64-server-release/jdk/modules/java.xml:/home/dmitry/D
Launcher Type: SUN_STANDARD

[Global flags]
     intx CICompilerCount                          = 3                                         {product} {ergonomic}
     uint ConcGCThreads                            = 1                                         {product} {ergonomic}
     uint G1ConcRefinementThreads                  = 4                                         {product} {ergonomic}
   size_t G1HeapRegionSize                         = 1048576                                   {product} {ergonomic}
    uintx GCDrainStackTargetSize                   = 64                                        {product} {ergonomic}
   size_t InitialHeapSize                          = 83886080                                  {product} {ergonomic}
   size_t MarkStackSize                            = 4194304                                   {product} {ergonomic}
   size_t MaxHeapSize                              = 1342177280                                {product} {ergonomic}
   size_t MaxNewSize                               = 805306368                                 {product} {ergonomic}
   size_t MinHeapDeltaBytes                        = 1048576                                   {product} {ergonomic}
    uintx NonNMethodCodeHeapSize                   = 5830732                                {pd product} {ergonomic}
    uintx NonProfiledCodeHeapSize                  = 122913754                              {pd product} {ergonomic}
    uintx ProfiledCodeHeapSize                     = 122913754                              {pd product} {ergonomic}
    uintx ReservedCodeCacheSize                    = 251658240                              {pd product} {ergonomic}
     bool SegmentedCodeCache                       = true                                      {product} {ergonomic}
     bool UseCompressedClassPointers               = true                                 {lp64_product} {ergonomic}
     bool UseCompressedOops                        = true                                 {lp64_product} {ergonomic}
     bool UseG1GC                                  = true                                      {product} {ergonomic}

Logging:
Log output configuration:
 #0: stdout all=warning uptime,level,tags
 #1: stderr all=off uptime,level,tags

Environment Variables:
JAVA_HOME=/home/dmitry/usr/local/java/jdk1.8.0
PATH=/bin:/bin:/usr/local/sbin:/usr/local/bin:/usr/sbin:/usr/bin:/sbin:/bin:/usr/games:/usr/local/games:/snap/bin
USERNAME=dmitry
SHELL=/bin/bash
DISPLAY=:0

Signal Handlers:
SIGSEGV: [libjvm.so+0xfe1b80], sa_mask[0]=11111111011111111101111111111110, sa_flags=SA_RESTART|SA_SIGINFO
SIGBUS: [libjvm.so+0xfe1b80], sa_mask[0]=11111111011111111101111111111110, sa_flags=SA_RESTART|SA_SIGINFO
SIGFPE: [libjvm.so+0xfe1b80], sa_mask[0]=11111111011111111101111111111110, sa_flags=SA_RESTART|SA_SIGINFO
SIGPIPE: [libjvm.so+0xc7f400], sa_mask[0]=11111111011111111101111111111110, sa_flags=SA_RESTART|SA_SIGINFO
SIGXFSZ: [libjvm.so+0xc7f400], sa_mask[0]=11111111011111111101111111111110, sa_flags=SA_RESTART|SA_SIGINFO
SIGILL: [libjvm.so+0xfe1b80], sa_mask[0]=11111111011111111101111111111110, sa_flags=SA_RESTART|SA_SIGINFO
SIGUSR2: [libjvm.so+0xc7f2a0], sa_mask[0]=00100000000000000000000000000000, sa_flags=SA_RESTART|SA_SIGINFO
SIGHUP: [libjvm.so+0xc7f8a0], sa_mask[0]=11111111011111111101111111111110, sa_flags=SA_RESTART|SA_SIGINFO
SIGINT: [libjvm.so+0xc7f8a0], sa_mask[0]=11111111011111111101111111111110, sa_flags=SA_RESTART|SA_SIGINFO
SIGTERM: [libjvm.so+0xc7f8a0], sa_mask[0]=11111111011111111101111111111110, sa_flags=SA_RESTART|SA_SIGINFO
SIGQUIT: [libjvm.so+0xc7f8a0], sa_mask[0]=11111111011111111101111111111110, sa_flags=SA_RESTART|SA_SIGINFO


---------------  S Y S T E M  ---------------

OS:DISTRIB_ID=Ubuntu
DISTRIB_RELEASE=18.04
DISTRIB_CODENAME=bionic
DISTRIB_DESCRIPTION="Ubuntu 18.04.2 LTS"
uname:Linux 4.18.0-20-generic #21~18.04.1-Ubuntu SMP Wed May 8 08:43:37 UTC 2019 x86_64
libc:glibc 2.27 NPTL 2.27 
rlimit: STACK 8192k, CORE 0k, NPROC 20273, NOFILE 4096, AS infinity, DATA infinity, FSIZE infinity
load average:1,10 1,14 1,54

/proc/meminfo:
MemTotal:        5234996 kB
MemFree:          220184 kB
MemAvailable:    1761240 kB
Buffers:           83016 kB
Cached:          1738952 kB
SwapCached:        78872 kB
Active:          3149992 kB
Inactive:        1581496 kB
Active(anon):    2313176 kB
Inactive(anon):   730924 kB
Active(file):     836816 kB
Inactive(file):   850572 kB
Unevictable:          32 kB
Mlocked:              32 kB
SwapTotal:       2097148 kB
SwapFree:        1280764 kB
Dirty:             18264 kB
Writeback:             0 kB
AnonPages:       2879240 kB
Mapped:           357380 kB
Shmem:            134576 kB
Slab:             166608 kB
SReclaimable:     121444 kB
SUnreclaim:        45164 kB
KernelStack:       11536 kB
PageTables:        41560 kB
NFS_Unstable:          0 kB
Bounce:                0 kB
WritebackTmp:          0 kB
CommitLimit:     4714644 kB
Committed_AS:    6984584 kB
VmallocTotal:   34359738367 kB
VmallocUsed:           0 kB
VmallocChunk:          0 kB
HardwareCorrupted:     0 kB
AnonHugePages:         0 kB
ShmemHugePages:        0 kB
ShmemPmdMapped:        0 kB
CmaTotal:              0 kB
CmaFree:               0 kB
HugePages_Total:       0
HugePages_Free:        0
HugePages_Rsvd:        0
HugePages_Surp:        0
Hugepagesize:       2048 kB
Hugetlb:               0 kB
DirectMap4k:      167872 kB
DirectMap2M:     5242880 kB


/proc/sys/kernel/threads-max (system-wide limit on the number of threads):
40547


/proc/sys/vm/max_map_count (maximum number of memory map areas a process may have):
65530


/proc/sys/kernel/pid_max (system-wide limit on number of process identifiers):
32768



container (cgroup) information:
container_type: cgroupv1
cpu_cpuset_cpus: 0-3
cpu_memory_nodes: 0
active_processor_count: 4
cpu_quota: no quota
cpu_period: 100000
cpu_shares: no shares
memory_limit_in_bytes: unlimited
memory_and_swap_limit_in_bytes: not supported
memory_soft_limit_in_bytes: unlimited
memory_usage_in_bytes: 4836880384
memory_max_usage_in_bytes: 25071616

KVM virtualization detected
Steal ticks since vm start: 0
Steal ticks percentage since vm start:  0,000

CPU:total 4 (initial active 4) (4 cores per cpu, 1 threads per core) family 6 model 60 stepping 3, cmov, cx8, fxsr, mmx, sse, sse2, sse3, ssse3, sse4.1, sse4.2, popcnt, avx, avx2, aes, clmul, lzcnt, tsc, tscinvbit
CPU Model and flags from /proc/cpuinfo:
model name	: Intel(R) Core(TM) i7-4700HQ CPU @ 2.40GHz
flags		: fpu vme de pse tsc msr pae mce cx8 apic sep mtrr pge mca cmov pat pse36 clflush mmx fxsr sse sse2 ht syscall nx rdtscp lm constant_tsc rep_good nopl xtopology nonstop_tsc cpuid tsc_known_freq pni pclmulqdq ssse3 cx16 pcid sse4_1 sse4_2 x2apic movbe popcnt aes xsave avx rdrand hypervisor lahf_lm abm invpcid_single pti fsgsbase avx2 invpcid flush_l1d

Memory: 4k page, physical 5234996k(220184k free), swap 2097148k(1280764k free)

vm_info: OpenJDK 64-Bit Server VM (13-internal+0-adhoc.dmitry.loom) for linux-amd64 JRE (13-internal+0-adhoc.dmitry.loom), built on May 18 2019 18:34:23 by "dmitry" with gcc 7.4.0

END.
