#
# A fatal error has been detected by the Java Runtime Environment:
#
#  SIGSEGV (0xb) at pc=0x00007f0389627eca, pid=3057, tid=3095
#
# JRE version: OpenJDK Runtime Environment (13.0) (build 13-internal+0-adhoc.dmitry.loom)
# Java VM: OpenJDK 64-Bit Server VM (13-internal+0-adhoc.dmitry.loom, mixed mode, tiered, compressed oops, g1 gc, linux-amd64)
# Problematic frame:
# V  [libjvm.so+0x683eca]  ContMirror::read()+0x1a
#
# Core dump will be written. Default location: Core dumps may be processed with "/usr/share/apport/apport %p %s %c %d %P" (or dumping to /home/dmitry/Downloads/LoadDetector/core.3057)
#
# If you would like to submit a bug report, please visit:
#   http://bugreport.java.com/bugreport/crash.jsp
#

---------------  S U M M A R Y ------------

Command Line: -agentlib:jdwp=transport=dt_socket,address=127.0.0.1:27525,suspend=y,server=n -Dfile.encoding=UTF-8 Main

Host: Intel(R) Core(TM) i7-4700HQ CPU @ 2.40GHz, 4 cores, 4G, Ubuntu 18.04.2 LTS
Time: Wed May 15 15:18:02 2019 MSK elapsed time: 9 seconds (0d 0h 0m 9s)

---------------  T H R E A D  ---------------

Current thread (0x00007f03842d7000):  JavaThread "Thread-1" [_thread_in_vm, id=3095, stack(0x00007f03601f2000,0x00007f03602f3000)]

Stack: [0x00007f03601f2000,0x00007f03602f3000],  sp=0x00007f03602ef1c0,  free space=1012k
Native frames: (J=compiled Java code, A=aot compiled Java code, j=interpreted, Vv=VM code, C=native code)
V  [libjvm.so+0x683eca]  ContMirror::read()+0x1a
V  [libjvm.so+0x688b27]  Continuation::freeze0(JavaThread*, FrameInfo*, bool) [clone .part.304]+0x507
V  [libjvm.so+0x689277]  Continuation::freeze(JavaThread*, FrameInfo*)+0x127
v  ~RuntimeStub::cont_doYield
C  0x00007f03602f1890

Java frames: (J=compiled Java code, j=interpreted, Vv=VM code)
v  ~RuntimeStub::cont_doYield
j  java.lang.Continuation.yield0(Ljava/lang/ContinuationScope;Ljava/lang/Continuation;)Z+60 java.base
j  java.lang.Continuation.pause(Ljava/lang/ContinuationScope;)Z+3 java.base
j  Main.lambda$main$1(Ljava/lang/Continuation;Ljava/lang/Thread;)V+24
j  Main$$Lambda$42.run()V+8
j  java.lang.Thread.run()V+11 java.base
v  ~StubRoutines::call_stub

siginfo: si_signo: 11 (SIGSEGV), si_code: 1 (SEGV_MAPERR), si_addr: 0x0000000000000020

Register to memory mapping:

RAX=0x0000000000000020 is an unknown value
RBX=0x00007f03602f0560 is pointing into the stack for thread: 0x00007f03842d7000
RCX=0x00007f03747c2c98 is pointing into interpreter code (not bytecode specific)
RDX=0x00007f038a622b58: <offset 0x000000000167eb58> in /home/dmitry/Downloads/LOOM/loom/build/linux-x86_64-server-release/jdk/lib/server/libjvm.so at 0x00007f0388fa4000
RSP=0x00007f03602ef1c0 is pointing into the stack for thread: 0x00007f03842d7000
RBP=0x00007f03602ef1d0 is pointing into the stack for thread: 0x00007f03842d7000
RSI=0x00007f03602f1840 is pointing into the stack for thread: 0x00007f03842d7000
RDI=0x0 is NULL
R8 =0x00007f03747af000 points into unknown readable memory: 04 00 00 00 00 00 00 00
R9 =0x000000000000000b is an unknown value
R10=0x0000000000000800 is an unknown value
R11=0x0000000000000400 is an unknown value
R12=0x00007f033808b620 points into unknown readable memory: 00 00 00 00 00 00 00 00
R13=0x00007f03602f0560 is pointing into the stack for thread: 0x00007f03842d7000
R14=0x00007f03842d1c30 points into unknown readable memory: 02 00 00 00 00 00 00 00
R15=0x00007f03602f1818 is pointing into the stack for thread: 0x00007f03842d7000


Registers:
RAX=0x0000000000000020, RBX=0x00007f03602f0560, RCX=0x00007f03747c2c98, RDX=0x00007f038a622b58
RSP=0x00007f03602ef1c0, RBP=0x00007f03602ef1d0, RSI=0x00007f03602f1840, RDI=0x0000000000000000
R8 =0x00007f03747af000, R9 =0x000000000000000b, R10=0x0000000000000800, R11=0x0000000000000400
R12=0x00007f033808b620, R13=0x00007f03602f0560, R14=0x00007f03842d1c30, R15=0x00007f03602f1818
RIP=0x00007f0389627eca, EFLAGS=0x0000000000010206, CSGSFS=0x002b000000000033, ERR=0x0000000000000004
  TRAPNO=0x000000000000000e

Top of Stack: (sp=0x00007f03602ef1c0)
0x00007f03602ef1c0:   00007f03747c84c0 00007f03842d7000
0x00007f03602ef1d0:   00007f03602f17d0 00007f038962cb27
0x00007f03602ef1e0:   00007f03842d7000 00007f03602ef2e0
0x00007f03602ef1f0:   0000000000000000 00007f038a620220 

Instructions: (pc=0x00007f0389627eca)
0x00007f0389627dca:   08 48 63 00 89 0c 02 48 8d 05 fc e4 fd 00 48 8b
0x00007f0389627dda:   4b 30 48 8b 53 08 48 63 00 48 89 0c 02 48 8d 05
0x00007f0389627dea:   de e4 fd 00 48 8b 53 08 48 8b 4b 38 48 63 00 48
0x00007f0389627dfa:   89 0c 02 48 8d 05 c4 e4 fd 00 8b 4b 60 48 8b 53
0x00007f0389627e0a:   08 48 63 00 89 0c 02 48 8d 05 c8 e4 fd 00 48 8b
0x00007f0389627e1a:   53 08 48 8b 4b 10 48 63 00 48 89 0c 02 48 8d 05
0x00007f0389627e2a:   ae e4 fd 00 48 8b 4b 18 48 8b 53 08 48 63 00 48
0x00007f0389627e3a:   89 0c 02 48 8d 05 94 e4 fd 00 48 63 00 48 8b 53
0x00007f0389627e4a:   08 48 8b 4b 20 48 89 0c 02 48 8d 05 9e e4 fd 00
0x00007f0389627e5a:   48 8b 53 08 48 8b 4b 58 48 63 00 89 0c 02 48 8d
0x00007f0389627e6a:   05 51 e4 fd 00 0f b6 4b 70 48 8b 53 08 48 63 00
0x00007f0389627e7a:   88 0c 02 48 8d 05 70 e4 fd 00 0f b7 4b 74 48 8b
0x00007f0389627e8a:   53 08 48 63 00 66 89 0c 02 48 8d 05 56 e4 fd 00
0x00007f0389627e9a:   0f b7 4b 72 48 8b 53 08 48 63 00 66 89 0c 02 48
0x00007f0389627eaa:   83 c4 08 5b 5d c3 55 48 89 e5 53 48 89 fb 48 83
0x00007f0389627eba:   ec 08 48 8d 05 1d e4 fd 00 48 8b 7f 08 48 63 00
0x00007f0389627eca:   48 8b 04 38 48 89 43 10 48 8d 05 03 e4 fd 00 48
0x00007f0389627eda:   63 00 48 8b 04 38 48 89 43 18 48 8d 05 ed e3 fd
0x00007f0389627eea:   00 48 63 00 48 8b 04 38 48 89 43 20 48 8d 05 d3
0x00007f0389627efa:   e3 fd 00 48 63 00 8b 04 38 89 43 28 48 8d 05 c7
0x00007f0389627f0a:   e3 fd 00 48 63 00 48 8b 04 38 48 89 43 30 48 8d
0x00007f0389627f1a:   05 ad e3 fd 00 48 63 00 48 8b 04 38 48 89 43 38
0x00007f0389627f2a:   48 8d 05 cb e3 fd 00 48 63 30 ff 15 06 41 f7 00
0x00007f0389627f3a:   48 85 c0 48 89 43 40 0f 84 b9 01 00 00 48 8d 15
0x00007f0389627f4a:   8e c8 fd 00 80 3a 01 48 19 c9 83 e1 04 80 3a 01
0x00007f0389627f5a:   8b 4c 08 0c 48 19 d2 89 4b 48 83 e2 08 48 8d 44
0x00007f0389627f6a:   10 10 48 89 43 50 48 8d 05 81 e3 fd 00 48 8b 7b
0x00007f0389627f7a:   08 48 63 00 48 63 04 07 48 89 43 58 48 8d 05 5f
0x00007f0389627f8a:   e3 fd 00 48 63 30 ff 15 aa 40 f7 00 48 8d 15 2b
0x00007f0389627f9a:   e3 fd 00 48 89 43 68 48 8b 43 08 48 83 3d 83 ad
0x00007f0389627faa:   fb 00 00 48 63 12 8b 14 02 89 53 60 48 8d 15 03
0x00007f0389627fba:   e3 fd 00 48 63 12 0f b6 14 02 88 53 70 48 8d 15 


Stack slot to memory mapping:
stack at sp + 0 slots: 0x00007f03747c84c0 is at code_begin+3872 in an Interpreter codelet
invoke return entry points  [0x00007f03747c75a0, 0x00007f03747c9dc0]  10272 bytes
stack at sp + 1 slots: 0x00007f03842d7000 is a thread
stack at sp + 2 slots: 0x00007f03602f17d0 is pointing into the stack for thread: 0x00007f03842d7000
stack at sp + 3 slots: 0x00007f038962cb27: <offset 0x0000000000688b27> in /home/dmitry/Downloads/LOOM/loom/build/linux-x86_64-server-release/jdk/lib/server/libjvm.so at 0x00007f0388fa4000
stack at sp + 4 slots: 0x00007f03842d7000 is a thread
stack at sp + 5 slots: 0x00007f03602ef2e0 is pointing into the stack for thread: 0x00007f03842d7000
stack at sp + 6 slots: 0x0 is NULL
stack at sp + 7 slots: 0x00007f038a620220: <offset 0x000000000167c220> in /home/dmitry/Downloads/LOOM/loom/build/linux-x86_64-server-release/jdk/lib/server/libjvm.so at 0x00007f0388fa4000


---------------  P R O C E S S  ---------------

Threads class SMR info:
_java_thread_list=0x00007f03380699d0, length=14, elements={
0x00007f038413b800, 0x00007f038413f000, 0x00007f0384161000, 0x00007f0384165800,
0x00007f0384167800, 0x00007f0384169800, 0x00007f0384182000, 0x00007f03842bf000,
0x00007f03842c2000, 0x00007f032c001800, 0x00007f03842c4800, 0x00007f03842d7000,
0x00007f03842d8800, 0x00007f0384017800
}

Java Threads: ( => current thread )
  0x00007f038413b800 JavaThread "Reference Handler" daemon [_thread_blocked, id=3069, stack(0x00007f0361eff000,0x00007f0362000000)]
  0x00007f038413f000 JavaThread "Finalizer" daemon [_thread_blocked, id=3070, stack(0x00007f0361dfe000,0x00007f0361eff000)]
  0x00007f0384161000 JavaThread "Signal Dispatcher" daemon [_thread_blocked, id=3073, stack(0x00007f036132e000,0x00007f036142f000)]
  0x00007f0384165800 JavaThread "C2 CompilerThread0" daemon [_thread_blocked, id=3074, stack(0x00007f036122d000,0x00007f036132e000)]
  0x00007f0384167800 JavaThread "C1 CompilerThread0" daemon [_thread_blocked, id=3075, stack(0x00007f036112c000,0x00007f036122d000)]
  0x00007f0384169800 JavaThread "Sweeper thread" daemon [_thread_blocked, id=3077, stack(0x00007f036102b000,0x00007f036112c000)]
  0x00007f0384182000 JavaThread "Common-Cleaner" daemon [_thread_blocked, id=3081, stack(0x00007f0360b00000,0x00007f0360c01000)]
  0x00007f03842bf000 JavaThread "JDWP Transport Listener: dt_socket" daemon [_thread_blocked, id=3088, stack(0x00007f03606f8000,0x00007f03607f9000)]
  0x00007f03842c2000 JavaThread "JDWP Event Helper Thread" daemon [_thread_blocked, id=3090, stack(0x00007f03605f7000,0x00007f03606f8000)]
  0x00007f032c001800 JavaThread "JDWP Command Reader" daemon [_thread_in_native, id=3092, stack(0x00007f03604f6000,0x00007f03605f7000)]
  0x00007f03842c4800 JavaThread "Service Thread" daemon [_thread_blocked, id=3093, stack(0x00007f03603f5000,0x00007f03604f6000)]
=>0x00007f03842d7000 JavaThread "Thread-1" [_thread_in_vm, id=3095, stack(0x00007f03601f2000,0x00007f03602f3000)]
  0x00007f03842d8800 JavaThread "Thread-0" [_thread_blocked, id=3096, stack(0x00007f03600f1000,0x00007f03601f2000)] _threads_hazard_ptr=0x00007f03380699d0
  0x00007f0384017800 JavaThread "DestroyJavaVM" [_thread_blocked, id=3059, stack(0x00007f038b3a8000,0x00007f038b4a9000)]

Other Threads:
  0x00007f038412f800 VMThread "VM Thread" [stack: 0x00007f03700b1000,0x00007f03701b1000] [id=3068] _threads_hazard_ptr=0x00007f03380699d0
  0x00007f03842c6800 WatcherThread [stack: 0x00007f03602f5000,0x00007f03603f5000] [id=3094]
  0x00007f038405b000 GCTaskThread "GC Thread#0" [stack: 0x00007f0371240000,0x00007f0371340000] [id=3062]
  0x00007f0384065000 ConcurrentGCThread "G1 Main Marker" [stack: 0x00007f037113e000,0x00007f037123e000] [id=3063]
  0x00007f0384066800 ConcurrentGCThread "G1 Conc#0" [stack: 0x00007f037103c000,0x00007f037113c000] [id=3064]
  0x00007f03840bb000 ConcurrentGCThread "G1 Refine#0" [stack: 0x00007f0370b36000,0x00007f0370c36000] [id=3065]
  0x00007f03840bc800 ConcurrentGCThread "G1 Young RemSet Sampling" [stack: 0x00007f0370a34000,0x00007f0370b34000] [id=3066]

Threads with active compile tasks:

VM state:synchronizing (normal execution)

VM Mutex/Monitor currently owned by a thread:  ([mutex/lock_event])
[0x00007f03840128c0] Threads_lock - owner thread: 0x00007f038412f800
[0x00007f0384013a00] JvmtiThreadState_lock - owner thread: 0x00007f03842d8800

Heap address: 0x00000000b0000000, size: 1280 MB, Compressed Oops mode: 32-bit
Narrow klass base: 0x0000000000000000, Narrow klass shift: 3
Compressed class space size: 1073741824 Address: 0x0000000100000000

Heap:
 garbage-first heap   total 81920K, used 7168K [0x00000000b0000000, 0x0000000100000000)
  region size 1024K, 8 young (8192K), 0 survivors (0K)
 Metaspace       used 7053K, capacity 7204K, committed 7424K, reserved 1056768K
  class space    used 610K, capacity 663K, committed 768K, reserved 1048576K
Heap Regions: E=young(eden), S=young(survivor), O=old, HS=humongous(starts), HC=humongous(continues), CS=collection set, F=free, A=archive, TAMS=top-at-mark-start (previous, next)
|   0|0x00000000b0000000, 0x00000000b0000000, 0x00000000b0100000|  0%| F|  |TAMS 0x00000000b0000000, 0x00000000b0000000| Untracked 
|   1|0x00000000b0100000, 0x00000000b0100000, 0x00000000b0200000|  0%| F|  |TAMS 0x00000000b0100000, 0x00000000b0100000| Untracked 
|   2|0x00000000b0200000, 0x00000000b0200000, 0x00000000b0300000|  0%| F|  |TAMS 0x00000000b0200000, 0x00000000b0200000| Untracked 
|   3|0x00000000b0300000, 0x00000000b0300000, 0x00000000b0400000|  0%| F|  |TAMS 0x00000000b0300000, 0x00000000b0300000| Untracked 
|   4|0x00000000b0400000, 0x00000000b0400000, 0x00000000b0500000|  0%| F|  |TAMS 0x00000000b0400000, 0x00000000b0400000| Untracked 
|   5|0x00000000b0500000, 0x00000000b0500000, 0x00000000b0600000|  0%| F|  |TAMS 0x00000000b0500000, 0x00000000b0500000| Untracked 
|   6|0x00000000b0600000, 0x00000000b0600000, 0x00000000b0700000|  0%| F|  |TAMS 0x00000000b0600000, 0x00000000b0600000| Untracked 
|   7|0x00000000b0700000, 0x00000000b0700000, 0x00000000b0800000|  0%| F|  |TAMS 0x00000000b0700000, 0x00000000b0700000| Untracked 
|   8|0x00000000b0800000, 0x00000000b0800000, 0x00000000b0900000|  0%| F|  |TAMS 0x00000000b0800000, 0x00000000b0800000| Untracked 
|   9|0x00000000b0900000, 0x00000000b0900000, 0x00000000b0a00000|  0%| F|  |TAMS 0x00000000b0900000, 0x00000000b0900000| Untracked 
|  10|0x00000000b0a00000, 0x00000000b0a00000, 0x00000000b0b00000|  0%| F|  |TAMS 0x00000000b0a00000, 0x00000000b0a00000| Untracked 
|  11|0x00000000b0b00000, 0x00000000b0b00000, 0x00000000b0c00000|  0%| F|  |TAMS 0x00000000b0b00000, 0x00000000b0b00000| Untracked 
|  12|0x00000000b0c00000, 0x00000000b0c00000, 0x00000000b0d00000|  0%| F|  |TAMS 0x00000000b0c00000, 0x00000000b0c00000| Untracked 
|  13|0x00000000b0d00000, 0x00000000b0d00000, 0x00000000b0e00000|  0%| F|  |TAMS 0x00000000b0d00000, 0x00000000b0d00000| Untracked 
|  14|0x00000000b0e00000, 0x00000000b0e00000, 0x00000000b0f00000|  0%| F|  |TAMS 0x00000000b0e00000, 0x00000000b0e00000| Untracked 
|  15|0x00000000b0f00000, 0x00000000b0f00000, 0x00000000b1000000|  0%| F|  |TAMS 0x00000000b0f00000, 0x00000000b0f00000| Untracked 
|  16|0x00000000b1000000, 0x00000000b1000000, 0x00000000b1100000|  0%| F|  |TAMS 0x00000000b1000000, 0x00000000b1000000| Untracked 
|  17|0x00000000b1100000, 0x00000000b1100000, 0x00000000b1200000|  0%| F|  |TAMS 0x00000000b1100000, 0x00000000b1100000| Untracked 
|  18|0x00000000b1200000, 0x00000000b1200000, 0x00000000b1300000|  0%| F|  |TAMS 0x00000000b1200000, 0x00000000b1200000| Untracked 
|  19|0x00000000b1300000, 0x00000000b1300000, 0x00000000b1400000|  0%| F|  |TAMS 0x00000000b1300000, 0x00000000b1300000| Untracked 
|  20|0x00000000b1400000, 0x00000000b1400000, 0x00000000b1500000|  0%| F|  |TAMS 0x00000000b1400000, 0x00000000b1400000| Untracked 
|  21|0x00000000b1500000, 0x00000000b1500000, 0x00000000b1600000|  0%| F|  |TAMS 0x00000000b1500000, 0x00000000b1500000| Untracked 
|  22|0x00000000b1600000, 0x00000000b1600000, 0x00000000b1700000|  0%| F|  |TAMS 0x00000000b1600000, 0x00000000b1600000| Untracked 
|  23|0x00000000b1700000, 0x00000000b1700000, 0x00000000b1800000|  0%| F|  |TAMS 0x00000000b1700000, 0x00000000b1700000| Untracked 
|  24|0x00000000b1800000, 0x00000000b1800000, 0x00000000b1900000|  0%| F|  |TAMS 0x00000000b1800000, 0x00000000b1800000| Untracked 
|  25|0x00000000b1900000, 0x00000000b1900000, 0x00000000b1a00000|  0%| F|  |TAMS 0x00000000b1900000, 0x00000000b1900000| Untracked 
|  26|0x00000000b1a00000, 0x00000000b1a00000, 0x00000000b1b00000|  0%| F|  |TAMS 0x00000000b1a00000, 0x00000000b1a00000| Untracked 
|  27|0x00000000b1b00000, 0x00000000b1b00000, 0x00000000b1c00000|  0%| F|  |TAMS 0x00000000b1b00000, 0x00000000b1b00000| Untracked 
|  28|0x00000000b1c00000, 0x00000000b1c00000, 0x00000000b1d00000|  0%| F|  |TAMS 0x00000000b1c00000, 0x00000000b1c00000| Untracked 
|  29|0x00000000b1d00000, 0x00000000b1d00000, 0x00000000b1e00000|  0%| F|  |TAMS 0x00000000b1d00000, 0x00000000b1d00000| Untracked 
|  30|0x00000000b1e00000, 0x00000000b1e00000, 0x00000000b1f00000|  0%| F|  |TAMS 0x00000000b1e00000, 0x00000000b1e00000| Untracked 
|  31|0x00000000b1f00000, 0x00000000b1f00000, 0x00000000b2000000|  0%| F|  |TAMS 0x00000000b1f00000, 0x00000000b1f00000| Untracked 
|  32|0x00000000b2000000, 0x00000000b2000000, 0x00000000b2100000|  0%| F|  |TAMS 0x00000000b2000000, 0x00000000b2000000| Untracked 
|  33|0x00000000b2100000, 0x00000000b2100000, 0x00000000b2200000|  0%| F|  |TAMS 0x00000000b2100000, 0x00000000b2100000| Untracked 
|  34|0x00000000b2200000, 0x00000000b2200000, 0x00000000b2300000|  0%| F|  |TAMS 0x00000000b2200000, 0x00000000b2200000| Untracked 
|  35|0x00000000b2300000, 0x00000000b2300000, 0x00000000b2400000|  0%| F|  |TAMS 0x00000000b2300000, 0x00000000b2300000| Untracked 
|  36|0x00000000b2400000, 0x00000000b2400000, 0x00000000b2500000|  0%| F|  |TAMS 0x00000000b2400000, 0x00000000b2400000| Untracked 
|  37|0x00000000b2500000, 0x00000000b2500000, 0x00000000b2600000|  0%| F|  |TAMS 0x00000000b2500000, 0x00000000b2500000| Untracked 
|  38|0x00000000b2600000, 0x00000000b2600000, 0x00000000b2700000|  0%| F|  |TAMS 0x00000000b2600000, 0x00000000b2600000| Untracked 
|  39|0x00000000b2700000, 0x00000000b2700000, 0x00000000b2800000|  0%| F|  |TAMS 0x00000000b2700000, 0x00000000b2700000| Untracked 
|  40|0x00000000b2800000, 0x00000000b2800000, 0x00000000b2900000|  0%| F|  |TAMS 0x00000000b2800000, 0x00000000b2800000| Untracked 
|  41|0x00000000b2900000, 0x00000000b2900000, 0x00000000b2a00000|  0%| F|  |TAMS 0x00000000b2900000, 0x00000000b2900000| Untracked 
|  42|0x00000000b2a00000, 0x00000000b2a00000, 0x00000000b2b00000|  0%| F|  |TAMS 0x00000000b2a00000, 0x00000000b2a00000| Untracked 
|  43|0x00000000b2b00000, 0x00000000b2b00000, 0x00000000b2c00000|  0%| F|  |TAMS 0x00000000b2b00000, 0x00000000b2b00000| Untracked 
|  44|0x00000000b2c00000, 0x00000000b2c00000, 0x00000000b2d00000|  0%| F|  |TAMS 0x00000000b2c00000, 0x00000000b2c00000| Untracked 
|  45|0x00000000b2d00000, 0x00000000b2d00000, 0x00000000b2e00000|  0%| F|  |TAMS 0x00000000b2d00000, 0x00000000b2d00000| Untracked 
|  46|0x00000000b2e00000, 0x00000000b2e00000, 0x00000000b2f00000|  0%| F|  |TAMS 0x00000000b2e00000, 0x00000000b2e00000| Untracked 
|  47|0x00000000b2f00000, 0x00000000b2f00000, 0x00000000b3000000|  0%| F|  |TAMS 0x00000000b2f00000, 0x00000000b2f00000| Untracked 
|  48|0x00000000b3000000, 0x00000000b3000000, 0x00000000b3100000|  0%| F|  |TAMS 0x00000000b3000000, 0x00000000b3000000| Untracked 
|  49|0x00000000b3100000, 0x00000000b3100000, 0x00000000b3200000|  0%| F|  |TAMS 0x00000000b3100000, 0x00000000b3100000| Untracked 
|  50|0x00000000b3200000, 0x00000000b3200000, 0x00000000b3300000|  0%| F|  |TAMS 0x00000000b3200000, 0x00000000b3200000| Untracked 
|  51|0x00000000b3300000, 0x00000000b3300000, 0x00000000b3400000|  0%| F|  |TAMS 0x00000000b3300000, 0x00000000b3300000| Untracked 
|  52|0x00000000b3400000, 0x00000000b3400000, 0x00000000b3500000|  0%| F|  |TAMS 0x00000000b3400000, 0x00000000b3400000| Untracked 
|  53|0x00000000b3500000, 0x00000000b3500000, 0x00000000b3600000|  0%| F|  |TAMS 0x00000000b3500000, 0x00000000b3500000| Untracked 
|  54|0x00000000b3600000, 0x00000000b3600000, 0x00000000b3700000|  0%| F|  |TAMS 0x00000000b3600000, 0x00000000b3600000| Untracked 
|  55|0x00000000b3700000, 0x00000000b3700000, 0x00000000b3800000|  0%| F|  |TAMS 0x00000000b3700000, 0x00000000b3700000| Untracked 
|  56|0x00000000b3800000, 0x00000000b3800000, 0x00000000b3900000|  0%| F|  |TAMS 0x00000000b3800000, 0x00000000b3800000| Untracked 
|  57|0x00000000b3900000, 0x00000000b3900000, 0x00000000b3a00000|  0%| F|  |TAMS 0x00000000b3900000, 0x00000000b3900000| Untracked 
|  58|0x00000000b3a00000, 0x00000000b3a00000, 0x00000000b3b00000|  0%| F|  |TAMS 0x00000000b3a00000, 0x00000000b3a00000| Untracked 
|  59|0x00000000b3b00000, 0x00000000b3b00000, 0x00000000b3c00000|  0%| F|  |TAMS 0x00000000b3b00000, 0x00000000b3b00000| Untracked 
|  60|0x00000000b3c00000, 0x00000000b3c00000, 0x00000000b3d00000|  0%| F|  |TAMS 0x00000000b3c00000, 0x00000000b3c00000| Untracked 
|  61|0x00000000b3d00000, 0x00000000b3d00000, 0x00000000b3e00000|  0%| F|  |TAMS 0x00000000b3d00000, 0x00000000b3d00000| Untracked 
|  62|0x00000000b3e00000, 0x00000000b3e00000, 0x00000000b3f00000|  0%| F|  |TAMS 0x00000000b3e00000, 0x00000000b3e00000| Untracked 
|  63|0x00000000b3f00000, 0x00000000b3f00000, 0x00000000b4000000|  0%| F|  |TAMS 0x00000000b3f00000, 0x00000000b3f00000| Untracked 
|  64|0x00000000b4000000, 0x00000000b4000000, 0x00000000b4100000|  0%| F|  |TAMS 0x00000000b4000000, 0x00000000b4000000| Untracked 
|  65|0x00000000b4100000, 0x00000000b4100000, 0x00000000b4200000|  0%| F|  |TAMS 0x00000000b4100000, 0x00000000b4100000| Untracked 
|  66|0x00000000b4200000, 0x00000000b4200000, 0x00000000b4300000|  0%| F|  |TAMS 0x00000000b4200000, 0x00000000b4200000| Untracked 
|  67|0x00000000b4300000, 0x00000000b4300000, 0x00000000b4400000|  0%| F|  |TAMS 0x00000000b4300000, 0x00000000b4300000| Untracked 
|  68|0x00000000b4400000, 0x00000000b4400000, 0x00000000b4500000|  0%| F|  |TAMS 0x00000000b4400000, 0x00000000b4400000| Untracked 
|  69|0x00000000b4500000, 0x00000000b4500000, 0x00000000b4600000|  0%| F|  |TAMS 0x00000000b4500000, 0x00000000b4500000| Untracked 
|  70|0x00000000b4600000, 0x00000000b4600000, 0x00000000b4700000|  0%| F|  |TAMS 0x00000000b4600000, 0x00000000b4600000| Untracked 
|  71|0x00000000b4700000, 0x00000000b4700000, 0x00000000b4800000|  0%| F|  |TAMS 0x00000000b4700000, 0x00000000b4700000| Untracked 
|  72|0x00000000b4800000, 0x00000000b48d7a50, 0x00000000b4900000| 84%| E|  |TAMS 0x00000000b4800000, 0x00000000b4800000| Complete 
|  73|0x00000000b4900000, 0x00000000b4a00000, 0x00000000b4a00000|100%| E|CS|TAMS 0x00000000b4900000, 0x00000000b4900000| Complete 
|  74|0x00000000b4a00000, 0x00000000b4b00000, 0x00000000b4b00000|100%| E|CS|TAMS 0x00000000b4a00000, 0x00000000b4a00000| Complete 
|  75|0x00000000b4b00000, 0x00000000b4c00000, 0x00000000b4c00000|100%| E|CS|TAMS 0x00000000b4b00000, 0x00000000b4b00000| Complete 
|  76|0x00000000b4c00000, 0x00000000b4d00000, 0x00000000b4d00000|100%| E|CS|TAMS 0x00000000b4c00000, 0x00000000b4c00000| Complete 
|  77|0x00000000b4d00000, 0x00000000b4e00000, 0x00000000b4e00000|100%| E|CS|TAMS 0x00000000b4d00000, 0x00000000b4d00000| Complete 
|  78|0x00000000b4e00000, 0x00000000b4f00000, 0x00000000b4f00000|100%| E|CS|TAMS 0x00000000b4e00000, 0x00000000b4e00000| Complete 
|  79|0x00000000b4f00000, 0x00000000b5000000, 0x00000000b5000000|100%| E|CS|TAMS 0x00000000b4f00000, 0x00000000b4f00000| Complete 

Card table byte_map: [0x00007f0373dc0000,0x00007f0374040000] _byte_map_base: 0x00007f0373840000

Marking Bits (Prev, Next): (CMBitMap*) 0x00007f038405c518, (CMBitMap*) 0x00007f038405c558
 Prev Bits: [0x00007f0372740000, 0x00007f0373b40000)
 Next Bits: [0x00007f0371340000, 0x00007f0372740000)

Polling page: 0x00007f038b4bc000

Metaspace:

Usage:
  Non-class:      6,39 MB capacity,     6,29 MB ( 99%) used,    87,09 KB (  1%) free+waste,    10,56 KB ( <1%) overhead. 
      Class:    663,00 KB capacity,   610,21 KB ( 92%) used,    47,23 KB (  7%) free+waste,     5,56 KB ( <1%) overhead. 
       Both:      7,04 MB capacity,     6,89 MB ( 98%) used,   134,31 KB (  2%) free+waste,    16,12 KB ( <1%) overhead. 

Virtual space:
  Non-class space:        8,00 MB reserved,       6,50 MB ( 81%) committed 
      Class space:        1,00 GB reserved,     768,00 KB ( <1%) committed 
             Both:        1,01 GB reserved,       7,25 MB ( <1%) committed 

Chunk freelists:
   Non-Class:  43,00 KB
       Class:  9,00 KB
        Both:  52,00 KB

MaxMetaspaceSize: unlimited
CompressedClassSpaceSize: 1,00 GB

CodeHeap 'non-profiled nmethods': size=120032Kb used=203Kb max_used=203Kb free=119828Kb
 bounds [0x00007f037c277000, 0x00007f037c4e7000, 0x00007f03837af000]
CodeHeap 'profiled nmethods': size=120032Kb used=764Kb max_used=764Kb free=119267Kb
 bounds [0x00007f0374d3f000, 0x00007f0374faf000, 0x00007f037c277000]
CodeHeap 'non-nmethods': size=5696Kb used=1182Kb max_used=1212Kb free=4513Kb
 bounds [0x00007f03747af000, 0x00007f0374a1f000, 0x00007f0374d3f000]
 total_blobs=1014 nmethods=532 adapters=248
 compilation: enabled
              stopped_count=0, restarted_count=0
 full_count=0

Compilation events (10 events):
Event: 1,241 Thread 0x00007f0384167800  532       3       jdk.internal.reflect.ReflectionFactory::langReflectAccess (15 bytes)
Event: 1,241 Thread 0x00007f0384167800 nmethod 532 0x00007f0374dfc890 code [0x00007f0374dfca40, 0x00007f0374dfcc50]
Event: 1,278 Thread 0x00007f0384167800  534       3       java.lang.ref.SoftReference::get (29 bytes)
Event: 1,278 Thread 0x00007f0384167800 nmethod 534 0x00007f0374dfcd10 code [0x00007f0374dfcec0, 0x00007f0374dfd0f0]
Event: 1,278 Thread 0x00007f0384167800  535       3       java.lang.invoke.MemberName::isConstructor (8 bytes)
Event: 1,278 Thread 0x00007f0384167800 nmethod 535 0x00007f0374dfd190 code [0x00007f0374dfd340, 0x00007f0374dfd5d0]
Event: 1,279 Thread 0x00007f0384167800  536       3       java.lang.invoke.MethodType::toMethodDescriptorString (28 bytes)
Event: 1,279 Thread 0x00007f0384167800 nmethod 536 0x00007f0374dfd690 code [0x00007f0374dfd840, 0x00007f0374dfda88]
Event: 1,279 Thread 0x00007f0384167800  537       3       java.lang.ref.Reference::<init> (25 bytes)
Event: 1,280 Thread 0x00007f0384167800 nmethod 537 0x00007f0374dfdb10 code [0x00007f0374dfdcc0, 0x00007f0374dfdf90]

GC Heap History (0 events):
No events

Deoptimization events (1 events):
Event: 1,088 Thread 0x00007f0384017800 Uncommon trap: reason=unstable_if action=reinterpret pc=0x00007f037c28c21c method=java.util.HashMap.putVal(ILjava/lang/Object;Ljava/lang/Object;ZZ)Ljava/lang/Object; @ 236 c2

Classes unloaded (0 events):
No events

Classes redefined (0 events):
No events

Internal exceptions (10 events):
Event: 0,728 Thread 0x00007f0384017800 Exception <a 'java/lang/NoSuchMethodError'{0x00000000b4c10010}: 'java.lang.Object java.lang.invoke.DirectMethodHandle$Holder.invokeInterface(java.lang.Object, java.lang.Object)'> (0x00000000b4c10010) 
thrown [/home/dmitry/Downloads/LOOM/loom/src/hotspot/share/interpreter/linkResolver.cpp, line 768]
for thread 0x00007f0384017800
Event: 0,734 Thread 0x00007f0384017800 Exception <a 'java/lang/NoSuchMethodError'{0x00000000b4c16bd8}: 'int java.lang.invoke.DirectMethodHandle$Holder.invokeStatic(java.lang.Object, java.lang.Object)'> (0x00000000b4c16bd8) 
thrown [/home/dmitry/Downloads/LOOM/loom/src/hotspot/share/interpreter/linkResolver.cpp, line 768]
for thread 0x00007f0384017800
Event: 0,737 Thread 0x00007f0384017800 Exception <a 'java/lang/NoSuchMethodError'{0x00000000b4c21218}: 'java.lang.Object java.lang.invoke.DirectMethodHandle$Holder.invokeVirtual(java.lang.Object, java.lang.Object)'> (0x00000000b4c21218) 
thrown [/home/dmitry/Downloads/LOOM/loom/src/hotspot/share/interpreter/linkResolver.cpp, line 768]
for thread 0x00007f0384017800
Event: 0,758 Thread 0x00007f0384017800 Exception <a 'java/lang/NoSuchMethodError'{0x00000000b4c28de0}: 'int java.lang.invoke.DirectMethodHandle$Holder.invokeSpecial(java.lang.Object, java.lang.Object)'> (0x00000000b4c28de0) 
thrown [/home/dmitry/Downloads/LOOM/loom/src/hotspot/share/interpreter/linkResolver.cpp, line 768]
for thread 0x00007f0384017800
Event: 1,008 Thread 0x00007f0384017800 Exception <a 'java/lang/NoSuchMethodError'{0x00000000b4ab9a50}: 'void java.lang.invoke.DirectMethodHandle$Holder.invokeStatic(java.lang.Object, java.lang.Object, java.lang.Object)'> (0x00000000b4ab9a50) 
thrown [/home/dmitry/Downloads/LOOM/loom/src/hotspot/share/interpreter/linkResolver.cpp, line 768]
for thread 0x00007f0384017800
Event: 1,035 Thread 0x00007f0384017800 Exception <a 'java/lang/NoSuchMethodError'{0x00000000b4ae5008}: 'java.lang.Object java.lang.invoke.Invokers$Holder.linkToTargetMethod(java.lang.Object, java.lang.Object, java.lang.Object, java.lang.Object)'> (0x00000000b4ae5008) 
thrown [/home/dmitry/Downloads/LOOM/loom/src/hotspot/share/interpreter/linkResolver.cpp, line 768]
for thread 0x00007f0384017800
Event: 1,096 Thread 0x00007f0384017800 Exception <a 'java/lang/NoSuchMethodError'{0x00000000b4960ca8}: 'java.lang.Object java.lang.invoke.DirectMethodHandle$Holder.invokeStaticInit(java.lang.Object, java.lang.Object)'> (0x00000000b4960ca8) 
thrown [/home/dmitry/Downloads/LOOM/loom/src/hotspot/share/interpreter/linkResolver.cpp, line 768]
for thread 0x00007f0384017800
Event: 1,099 Thread 0x00007f0384017800 Exception <a 'java/lang/NoSuchMethodError'{0x00000000b49689d8}: 'void java.lang.invoke.DirectMethodHandle$Holder.invokeStaticInit(java.lang.Object, java.lang.Object, java.lang.Object)'> (0x00000000b49689d8) 
thrown [/home/dmitry/Downloads/LOOM/loom/src/hotspot/share/interpreter/linkResolver.cpp, line 768]
for thread 0x00007f0384017800
Event: 1,277 Thread 0x00007f0384017800 Exception <a 'java/lang/NoSuchMethodError'{0x00000000b4802be0}: 'void java.lang.invoke.DirectMethodHandle$Holder.invokeStatic(java.lang.Object, java.lang.Object)'> (0x00000000b4802be0) 
thrown [/home/dmitry/Downloads/LOOM/loom/src/hotspot/share/interpreter/linkResolver.cpp, line 768]
for thread 0x00007f0384017800
Event: 1,278 Thread 0x00007f0384017800 Exception <a 'java/lang/NoSuchMethodError'{0x00000000b4807b50}: 'void java.lang.invoke.DirectMethodHandle$Holder.invokeSpecial(java.lang.Object, java.lang.Object)'> (0x00000000b4807b50) 
thrown [/home/dmitry/Downloads/LOOM/loom/src/hotspot/share/interpreter/linkResolver.cpp, line 768]
for thread 0x00007f0384017800

Events (10 events):
Event: 9,401 Executing VM operation: GetFrameCount
Event: 9,401 Executing VM operation: GetFrameCount done
Event: 9,401 Executing VM operation: SetFramePop
Event: 9,401 Executing VM operation: SetFramePop done
Event: 9,401 Executing VM operation: GetFrameLocation
Event: 9,401 Executing VM operation: GetFrameLocation done
Event: 9,401 Executing VM operation: GetCurrentLocation
Event: 9,402 Executing VM operation: GetCurrentLocation done
Event: 9,402 Executing VM operation: ChangeSingleStep
Event: 9,402 Executing VM operation: ChangeSingleStep done


Dynamic libraries:
b0000000-b5000000 rw-p 00000000 00:00 0 
b5000000-100000000 ---p 00000000 00:00 0 
100000000-1000c0000 rw-p 00000000 00:00 0 
1000c0000-140000000 ---p 00000000 00:00 0 
5633cb4b2000-5633cb4b3000 r-xp 00000000 08:01 3809121                    /home/dmitry/Downloads/LOOM/loom/build/linux-x86_64-server-release/jdk/bin/java
5633cb6b3000-5633cb6b4000 r--p 00001000 08:01 3809121                    /home/dmitry/Downloads/LOOM/loom/build/linux-x86_64-server-release/jdk/bin/java
5633cb6b4000-5633cb6b5000 rw-p 00002000 08:01 3809121                    /home/dmitry/Downloads/LOOM/loom/build/linux-x86_64-server-release/jdk/bin/java
5633cd094000-5633cd0b5000 rw-p 00000000 00:00 0                          [heap]
7f0314000000-7f0314021000 rw-p 00000000 00:00 0 
7f0314021000-7f0318000000 ---p 00000000 00:00 0 
7f031bc05000-7f031c000000 rw-p 00000000 00:00 0 
7f031c000000-7f031c021000 rw-p 00000000 00:00 0 
7f031c021000-7f0320000000 ---p 00000000 00:00 0 
7f0320000000-7f0320021000 rw-p 00000000 00:00 0 
7f0320021000-7f0324000000 ---p 00000000 00:00 0 
7f0324000000-7f0324021000 rw-p 00000000 00:00 0 
7f0324021000-7f0328000000 ---p 00000000 00:00 0 
7f0328000000-7f0328021000 rw-p 00000000 00:00 0 
7f0328021000-7f032c000000 ---p 00000000 00:00 0 
7f032c000000-7f032c044000 rw-p 00000000 00:00 0 
7f032c044000-7f0330000000 ---p 00000000 00:00 0 
7f0330000000-7f0330021000 rw-p 00000000 00:00 0 
7f0330021000-7f0334000000 ---p 00000000 00:00 0 
7f0334000000-7f0334021000 rw-p 00000000 00:00 0 
7f0334021000-7f0338000000 ---p 00000000 00:00 0 
7f0338000000-7f0338243000 rw-p 00000000 00:00 0 
7f0338243000-7f033c000000 ---p 00000000 00:00 0 
7f033c000000-7f033c251000 rw-p 00000000 00:00 0 
7f033c251000-7f0340000000 ---p 00000000 00:00 0 
7f0340000000-7f0340021000 rw-p 00000000 00:00 0 
7f0340021000-7f0344000000 ---p 00000000 00:00 0 
7f0344000000-7f0344021000 rw-p 00000000 00:00 0 
7f0344021000-7f0348000000 ---p 00000000 00:00 0 
7f0348000000-7f03482fb000 rw-p 00000000 00:00 0 
7f03482fb000-7f034c000000 ---p 00000000 00:00 0 
7f034c000000-7f034c021000 rw-p 00000000 00:00 0 
7f034c021000-7f0350000000 ---p 00000000 00:00 0 
7f0350000000-7f0350021000 rw-p 00000000 00:00 0 
7f0350021000-7f0354000000 ---p 00000000 00:00 0 
7f0354000000-7f0354021000 rw-p 00000000 00:00 0 
7f0354021000-7f0358000000 ---p 00000000 00:00 0 
7f0358000000-7f0358021000 rw-p 00000000 00:00 0 
7f0358021000-7f035c000000 ---p 00000000 00:00 0 
7f035c000000-7f035c021000 rw-p 00000000 00:00 0 
7f035c021000-7f0360000000 ---p 00000000 00:00 0 
7f03600f1000-7f03600f5000 ---p 00000000 00:00 0 
7f03600f5000-7f03601f2000 rw-p 00000000 00:00 0 
7f03601f2000-7f03601f6000 ---p 00000000 00:00 0 
7f03601f6000-7f03602f3000 rw-p 00000000 00:00 0 
7f03602f3000-7f03602f4000 ---p 00000000 00:00 0 
7f03602f4000-7f03603f5000 rw-p 00000000 00:00 0 
7f03603f5000-7f03603f9000 ---p 00000000 00:00 0 
7f03603f9000-7f03604f6000 rw-p 00000000 00:00 0 
7f03604f6000-7f03604fa000 ---p 00000000 00:00 0 
7f03604fa000-7f03605f7000 rw-p 00000000 00:00 0 
7f03605f7000-7f03605fb000 ---p 00000000 00:00 0 
7f03605fb000-7f03606f8000 rw-p 00000000 00:00 0 
7f03606f8000-7f03606fc000 ---p 00000000 00:00 0 
7f03606fc000-7f03607f9000 rw-p 00000000 00:00 0 
7f03607f9000-7f03607fe000 r-xp 00000000 08:01 3284816                    /home/dmitry/Downloads/LOOM/loom/build/linux-x86_64-server-release/jdk/lib/libdt_socket.so
7f03607fe000-7f03609fd000 ---p 00005000 08:01 3284816                    /home/dmitry/Downloads/LOOM/loom/build/linux-x86_64-server-release/jdk/lib/libdt_socket.so
7f03609fd000-7f03609fe000 r--p 00004000 08:01 3284816                    /home/dmitry/Downloads/LOOM/loom/build/linux-x86_64-server-release/jdk/lib/libdt_socket.so
7f03609fe000-7f03609ff000 rw-p 00005000 08:01 3284816                    /home/dmitry/Downloads/LOOM/loom/build/linux-x86_64-server-release/jdk/lib/libdt_socket.so
7f03609ff000-7f0360a03000 ---p 00000000 00:00 0 
7f0360a03000-7f0360b00000 rw-p 00000000 00:00 0 
7f0360b00000-7f0360b04000 ---p 00000000 00:00 0 
7f0360b04000-7f0360c01000 rw-p 00000000 00:00 0 
7f0360c01000-7f0360c17000 r-xp 00000000 08:01 3284773                    /home/dmitry/Downloads/LOOM/loom/build/linux-x86_64-server-release/jdk/lib/libnet.so
7f0360c17000-7f0360e17000 ---p 00016000 08:01 3284773                    /home/dmitry/Downloads/LOOM/loom/build/linux-x86_64-server-release/jdk/lib/libnet.so
7f0360e17000-7f0360e18000 r--p 00016000 08:01 3284773                    /home/dmitry/Downloads/LOOM/loom/build/linux-x86_64-server-release/jdk/lib/libnet.so
7f0360e18000-7f0360e19000 rw-p 00017000 08:01 3284773                    /home/dmitry/Downloads/LOOM/loom/build/linux-x86_64-server-release/jdk/lib/libnet.so
7f0360e19000-7f0360e2a000 r-xp 00000000 08:01 3284778                    /home/dmitry/Downloads/LOOM/loom/build/linux-x86_64-server-release/jdk/lib/libnio.so
7f0360e2a000-7f0361029000 ---p 00011000 08:01 3284778                    /home/dmitry/Downloads/LOOM/loom/build/linux-x86_64-server-release/jdk/lib/libnio.so
7f0361029000-7f036102a000 r--p 00010000 08:01 3284778                    /home/dmitry/Downloads/LOOM/loom/build/linux-x86_64-server-release/jdk/lib/libnio.so
7f036102a000-7f036102b000 rw-p 00011000 08:01 3284778                    /home/dmitry/Downloads/LOOM/loom/build/linux-x86_64-server-release/jdk/lib/libnio.so
7f036102b000-7f036102f000 ---p 00000000 00:00 0 
7f036102f000-7f036112c000 rw-p 00000000 00:00 0 
7f036112c000-7f0361130000 ---p 00000000 00:00 0 
7f0361130000-7f036122d000 rw-p 00000000 00:00 0 
7f036122d000-7f0361231000 ---p 00000000 00:00 0 
7f0361231000-7f036132e000 rw-p 00000000 00:00 0 
7f036132e000-7f0361332000 ---p 00000000 00:00 0 
7f0361332000-7f036142f000 rw-p 00000000 00:00 0 
7f036142f000-7f0361dfe000 r--p 00000000 08:01 10230401                   /usr/lib/locale/locale-archive
7f0361dfe000-7f0361e02000 ---p 00000000 00:00 0 
7f0361e02000-7f0361eff000 rw-p 00000000 00:00 0 
7f0361eff000-7f0361f03000 ---p 00000000 00:00 0 
7f0361f03000-7f0364000000 rw-p 00000000 00:00 0 
7f0364000000-7f0364021000 rw-p 00000000 00:00 0 
7f0364021000-7f0368000000 ---p 00000000 00:00 0 
7f0368000000-7f0368021000 rw-p 00000000 00:00 0 
7f0368021000-7f036c000000 ---p 00000000 00:00 0 
7f036c000000-7f036c021000 rw-p 00000000 00:00 0 
7f036c021000-7f0370000000 ---p 00000000 00:00 0 
7f037007e000-7f03700af000 rw-p 00000000 00:00 0 
7f03700af000-7f03700b0000 ---p 00000000 00:00 0 
7f03700b0000-7f03708b2000 rw-p 00000000 00:00 0 
7f03708b2000-7f0370a32000 ---p 00000000 00:00 0 
7f0370a32000-7f0370a33000 ---p 00000000 00:00 0 
7f0370a33000-7f0370b34000 rw-p 00000000 00:00 0 
7f0370b34000-7f0370b35000 ---p 00000000 00:00 0 
7f0370b35000-7f037103a000 rw-p 00000000 00:00 0 
7f037103a000-7f037103b000 ---p 00000000 00:00 0 
7f037103b000-7f037113c000 rw-p 00000000 00:00 0 
7f037113c000-7f037113d000 ---p 00000000 00:00 0 
7f037113d000-7f037123e000 rw-p 00000000 00:00 0 
7f037123e000-7f037123f000 ---p 00000000 00:00 0 
7f037123f000-7f0371480000 rw-p 00000000 00:00 0 
7f0371480000-7f0372740000 ---p 00000000 00:00 0 
7f0372740000-7f0372880000 rw-p 00000000 00:00 0 
7f0372880000-7f0373b40000 ---p 00000000 00:00 0 
7f0373b40000-7f0373b68000 rw-p 00000000 00:00 0 
7f0373b68000-7f0373dc0000 ---p 00000000 00:00 0 
7f0373dc0000-7f0373de8000 rw-p 00000000 00:00 0 
7f0373de8000-7f0374040000 ---p 00000000 00:00 0 
7f0374040000-7f0374068000 rw-p 00000000 00:00 0 
7f0374068000-7f03742c0000 ---p 00000000 00:00 0 
7f03742c0000-7f03746c9000 rw-p 00000000 00:00 0 
7f03746c9000-7f03747af000 ---p 00000000 00:00 0 
7f03747af000-7f0374a1f000 rwxp 00000000 00:00 0 
7f0374a1f000-7f0374d3f000 ---p 00000000 00:00 0 
7f0374d3f000-7f0374faf000 rwxp 00000000 00:00 0 
7f0374faf000-7f037c277000 ---p 00000000 00:00 0 
7f037c277000-7f037c4e7000 rwxp 00000000 00:00 0 
7f037c4e7000-7f03837af000 ---p 00000000 00:00 0 
7f03837af000-7f03837ca000 r-xp 00000000 08:01 3284776                    /home/dmitry/Downloads/LOOM/loom/build/linux-x86_64-server-release/jdk/lib/libjimage.so
7f03837ca000-7f03839c9000 ---p 0001b000 08:01 3284776                    /home/dmitry/Downloads/LOOM/loom/build/linux-x86_64-server-release/jdk/lib/libjimage.so
7f03839c9000-7f03839cb000 r--p 0001a000 08:01 3284776                    /home/dmitry/Downloads/LOOM/loom/build/linux-x86_64-server-release/jdk/lib/libjimage.so
7f03839cb000-7f03839cc000 rw-p 0001c000 08:01 3284776                    /home/dmitry/Downloads/LOOM/loom/build/linux-x86_64-server-release/jdk/lib/libjimage.so
7f03839cc000-7f03839d3000 r-xp 00000000 08:01 3284771                    /home/dmitry/Downloads/LOOM/loom/build/linux-x86_64-server-release/jdk/lib/libzip.so
7f03839d3000-7f0383bd2000 ---p 00007000 08:01 3284771                    /home/dmitry/Downloads/LOOM/loom/build/linux-x86_64-server-release/jdk/lib/libzip.so
7f0383bd2000-7f0383bd3000 r--p 00006000 08:01 3284771                    /home/dmitry/Downloads/LOOM/loom/build/linux-x86_64-server-release/jdk/lib/libzip.so
7f0383bd3000-7f0383bd4000 rw-p 00007000 08:01 3284771                    /home/dmitry/Downloads/LOOM/loom/build/linux-x86_64-server-release/jdk/lib/libzip.so
7f0383bd4000-7f0383bdf000 r-xp 00000000 08:01 1184572                    /lib/x86_64-linux-gnu/libnss_files-2.27.so
7f0383bdf000-7f0383dde000 ---p 0000b000 08:01 1184572                    /lib/x86_64-linux-gnu/libnss_files-2.27.so
7f0383dde000-7f0383ddf000 r--p 0000a000 08:01 1184572                    /lib/x86_64-linux-gnu/libnss_files-2.27.so
7f0383ddf000-7f0383de0000 rw-p 0000b000 08:01 1184572                    /lib/x86_64-linux-gnu/libnss_files-2.27.so
7f0383de0000-7f0383de6000 rw-p 00000000 00:00 0 
7f0383de6000-7f0383dfd000 r-xp 00000000 08:01 1184566                    /lib/x86_64-linux-gnu/libnsl-2.27.so
7f0383dfd000-7f0383ffc000 ---p 00017000 08:01 1184566                    /lib/x86_64-linux-gnu/libnsl-2.27.so
7f0383ffc000-7f0383ffd000 r--p 00016000 08:01 1184566                    /lib/x86_64-linux-gnu/libnsl-2.27.so
7f0383ffd000-7f0383ffe000 rw-p 00017000 08:01 1184566                    /lib/x86_64-linux-gnu/libnsl-2.27.so
7f0383ffe000-7f0384000000 rw-p 00000000 00:00 0 
7f0384000000-7f03842dd000 rw-p 00000000 00:00 0 
7f03842dd000-7f0388000000 ---p 00000000 00:00 0 
7f038802f000-7f038808f000 rw-p 00000000 00:00 0 
7f038808f000-7f0388175000 ---p 00000000 00:00 0 
7f0388175000-7f0388180000 r-xp 00000000 08:01 1184583                    /lib/x86_64-linux-gnu/libnss_nis-2.27.so
7f0388180000-7f038837f000 ---p 0000b000 08:01 1184583                    /lib/x86_64-linux-gnu/libnss_nis-2.27.so
7f038837f000-7f0388380000 r--p 0000a000 08:01 1184583                    /lib/x86_64-linux-gnu/libnss_nis-2.27.so
7f0388380000-7f0388381000 rw-p 0000b000 08:01 1184583                    /lib/x86_64-linux-gnu/libnss_nis-2.27.so
7f0388381000-7f0388389000 r-xp 00000000 08:01 1184568                    /lib/x86_64-linux-gnu/libnss_compat-2.27.so
7f0388389000-7f0388589000 ---p 00008000 08:01 1184568                    /lib/x86_64-linux-gnu/libnss_compat-2.27.so
7f0388589000-7f038858a000 r--p 00008000 08:01 1184568                    /lib/x86_64-linux-gnu/libnss_compat-2.27.so
7f038858a000-7f038858b000 rw-p 00009000 08:01 1184568                    /lib/x86_64-linux-gnu/libnss_compat-2.27.so
7f038858b000-7f03885ca000 r-xp 00000000 08:01 3284817                    /home/dmitry/Downloads/LOOM/loom/build/linux-x86_64-server-release/jdk/lib/libjdwp.so
7f03885ca000-7f03887c9000 ---p 0003f000 08:01 3284817                    /home/dmitry/Downloads/LOOM/loom/build/linux-x86_64-server-release/jdk/lib/libjdwp.so
7f03887c9000-7f03887ca000 r--p 0003e000 08:01 3284817                    /home/dmitry/Downloads/LOOM/loom/build/linux-x86_64-server-release/jdk/lib/libjdwp.so
7f03887ca000-7f03887cb000 rw-p 0003f000 08:01 3284817                    /home/dmitry/Downloads/LOOM/loom/build/linux-x86_64-server-release/jdk/lib/libjdwp.so
7f03887cb000-7f03887cc000 rw-p 00000000 00:00 0 
7f03887cc000-7f03887f5000 r-xp 00000000 08:01 3284770                    /home/dmitry/Downloads/LOOM/loom/build/linux-x86_64-server-release/jdk/lib/libjava.so
7f03887f5000-7f03889f4000 ---p 00029000 08:01 3284770                    /home/dmitry/Downloads/LOOM/loom/build/linux-x86_64-server-release/jdk/lib/libjava.so
7f03889f4000-7f03889f5000 r--p 00028000 08:01 3284770                    /home/dmitry/Downloads/LOOM/loom/build/linux-x86_64-server-release/jdk/lib/libjava.so
7f03889f5000-7f03889f7000 rw-p 00029000 08:01 3284770                    /home/dmitry/Downloads/LOOM/loom/build/linux-x86_64-server-release/jdk/lib/libjava.so
7f03889f7000-7f0388a04000 r-xp 00000000 08:01 3284763                    /home/dmitry/Downloads/LOOM/loom/build/linux-x86_64-server-release/jdk/lib/libverify.so
7f0388a04000-7f0388c03000 ---p 0000d000 08:01 3284763                    /home/dmitry/Downloads/LOOM/loom/build/linux-x86_64-server-release/jdk/lib/libverify.so
7f0388c03000-7f0388c05000 r--p 0000c000 08:01 3284763                    /home/dmitry/Downloads/LOOM/loom/build/linux-x86_64-server-release/jdk/lib/libverify.so
7f0388c05000-7f0388c06000 rw-p 0000e000 08:01 3284763                    /home/dmitry/Downloads/LOOM/loom/build/linux-x86_64-server-release/jdk/lib/libverify.so
7f0388c06000-7f0388da3000 r-xp 00000000 08:01 1184545                    /lib/x86_64-linux-gnu/libm-2.27.so
7f0388da3000-7f0388fa2000 ---p 0019d000 08:01 1184545                    /lib/x86_64-linux-gnu/libm-2.27.so
7f0388fa2000-7f0388fa3000 r--p 0019c000 08:01 1184545                    /lib/x86_64-linux-gnu/libm-2.27.so
7f0388fa3000-7f0388fa4000 rw-p 0019d000 08:01 1184545                    /lib/x86_64-linux-gnu/libm-2.27.so
7f0388fa4000-7f038a2d0000 r-xp 00000000 08:01 3284761                    /home/dmitry/Downloads/LOOM/loom/build/linux-x86_64-server-release/jdk/lib/server/libjvm.so
7f038a2d0000-7f038a4cf000 ---p 0132c000 08:01 3284761                    /home/dmitry/Downloads/LOOM/loom/build/linux-x86_64-server-release/jdk/lib/server/libjvm.so
7f038a4cf000-7f038a597000 r--p 0132b000 08:01 3284761                    /home/dmitry/Downloads/LOOM/loom/build/linux-x86_64-server-release/jdk/lib/server/libjvm.so
7f038a597000-7f038a5d2000 rw-p 013f3000 08:01 3284761                    /home/dmitry/Downloads/LOOM/loom/build/linux-x86_64-server-release/jdk/lib/server/libjvm.so
7f038a5d2000-7f038a658000 rw-p 00000000 00:00 0 
7f038a658000-7f038a672000 r-xp 00000000 08:01 1184615                    /lib/x86_64-linux-gnu/libpthread-2.27.so
7f038a672000-7f038a871000 ---p 0001a000 08:01 1184615                    /lib/x86_64-linux-gnu/libpthread-2.27.so
7f038a871000-7f038a872000 r--p 00019000 08:01 1184615                    /lib/x86_64-linux-gnu/libpthread-2.27.so
7f038a872000-7f038a873000 rw-p 0001a000 08:01 1184615                    /lib/x86_64-linux-gnu/libpthread-2.27.so
7f038a873000-7f038a877000 rw-p 00000000 00:00 0 
7f038a877000-7f038a87a000 r-xp 00000000 08:01 1184505                    /lib/x86_64-linux-gnu/libdl-2.27.so
7f038a87a000-7f038aa79000 ---p 00003000 08:01 1184505                    /lib/x86_64-linux-gnu/libdl-2.27.so
7f038aa79000-7f038aa7a000 r--p 00002000 08:01 1184505                    /lib/x86_64-linux-gnu/libdl-2.27.so
7f038aa7a000-7f038aa7b000 rw-p 00003000 08:01 1184505                    /lib/x86_64-linux-gnu/libdl-2.27.so
7f038aa7b000-7f038aa97000 r-xp 00000000 08:01 1184654                    /lib/x86_64-linux-gnu/libz.so.1.2.11
7f038aa97000-7f038ac96000 ---p 0001c000 08:01 1184654                    /lib/x86_64-linux-gnu/libz.so.1.2.11
7f038ac96000-7f038ac97000 r--p 0001b000 08:01 1184654                    /lib/x86_64-linux-gnu/libz.so.1.2.11
7f038ac97000-7f038ac98000 rw-p 0001c000 08:01 1184654                    /lib/x86_64-linux-gnu/libz.so.1.2.11
7f038ac98000-7f038ae7f000 r-xp 00000000 08:01 1184482                    /lib/x86_64-linux-gnu/libc-2.27.so
7f038ae7f000-7f038b07f000 ---p 001e7000 08:01 1184482                    /lib/x86_64-linux-gnu/libc-2.27.so
7f038b07f000-7f038b083000 r--p 001e7000 08:01 1184482                    /lib/x86_64-linux-gnu/libc-2.27.so
7f038b083000-7f038b085000 rw-p 001eb000 08:01 1184482                    /lib/x86_64-linux-gnu/libc-2.27.so
7f038b085000-7f038b089000 rw-p 00000000 00:00 0 
7f038b089000-7f038b099000 r-xp 00000000 08:01 3284765                    /home/dmitry/Downloads/LOOM/loom/build/linux-x86_64-server-release/jdk/lib/libjli.so
7f038b099000-7f038b298000 ---p 00010000 08:01 3284765                    /home/dmitry/Downloads/LOOM/loom/build/linux-x86_64-server-release/jdk/lib/libjli.so
7f038b298000-7f038b299000 r--p 0000f000 08:01 3284765                    /home/dmitry/Downloads/LOOM/loom/build/linux-x86_64-server-release/jdk/lib/libjli.so
7f038b299000-7f038b29a000 rw-p 00010000 08:01 3284765                    /home/dmitry/Downloads/LOOM/loom/build/linux-x86_64-server-release/jdk/lib/libjli.so
7f038b29a000-7f038b2c1000 r-xp 00000000 08:01 1184454                    /lib/x86_64-linux-gnu/ld-2.27.so
7f038b2ee000-7f038b3a1000 rw-p 00000000 00:00 0 
7f038b3a1000-7f038b3a8000 ---p 00000000 00:00 0 
7f038b3a8000-7f038b3ac000 ---p 00000000 00:00 0 
7f038b3ac000-7f038b4ab000 rw-p 00000000 00:00 0 
7f038b4ad000-7f038b4b4000 r--s 00000000 08:01 10488549                   /usr/lib/x86_64-linux-gnu/gconv/gconv-modules.cache
7f038b4b4000-7f038b4bc000 rw-s 00000000 08:01 524312                     /tmp/hsperfdata_dmitry/3057
7f038b4bc000-7f038b4bd000 ---p 00000000 00:00 0 
7f038b4bd000-7f038b4be000 r--p 00000000 00:00 0 
7f038b4be000-7f038b4bf000 ---p 00000000 00:00 0 
7f038b4bf000-7f038b4c1000 rw-p 00000000 00:00 0 
7f038b4c1000-7f038b4c2000 r--p 00027000 08:01 1184454                    /lib/x86_64-linux-gnu/ld-2.27.so
7f038b4c2000-7f038b4c3000 rw-p 00028000 08:01 1184454                    /lib/x86_64-linux-gnu/ld-2.27.so
7f038b4c3000-7f038b4c4000 rw-p 00000000 00:00 0 
7ffe56718000-7ffe5673b000 rw-p 00000000 00:00 0                          [stack]
7ffe567b5000-7ffe567b8000 r--p 00000000 00:00 0                          [vvar]
7ffe567b8000-7ffe567ba000 r-xp 00000000 00:00 0                          [vdso]
ffffffffff600000-ffffffffff601000 r-xp 00000000 00:00 0                  [vsyscall]


VM Arguments:
jvm_args: -agentlib:jdwp=transport=dt_socket,address=127.0.0.1:27525,suspend=y,server=n -Dfile.encoding=UTF-8 
java_command: Main
java_class_path (initial): /home/dmitry/Downloads/LOOM/loom/build/linux-x86_64-server-release/jdk/modules/java.base:/home/dmitry/Downloads/LOOM/loom/build/linux-x86_64-server-release/jdk/modules/java.compiler:/home/dmitry/Downloads/LOOM/loom/build/linux-x86_64-server-release/jdk/modules/java.datatransfer:/home/dmitry/Downloads/LOOM/loom/build/linux-x86_64-server-release/jdk/modules/java.desktop:/home/dmitry/Downloads/LOOM/loom/build/linux-x86_64-server-release/jdk/modules/java.instrument:/home/dmitry/Downloads/LOOM/loom/build/linux-x86_64-server-release/jdk/modules/java.logging:/home/dmitry/Downloads/LOOM/loom/build/linux-x86_64-server-release/jdk/modules/java.management:/home/dmitry/Downloads/LOOM/loom/build/linux-x86_64-server-release/jdk/modules/java.management.rmi:/home/dmitry/Downloads/LOOM/loom/build/linux-x86_64-server-release/jdk/modules/java.naming:/home/dmitry/Downloads/LOOM/loom/build/linux-x86_64-server-release/jdk/modules/java.net.http:/home/dmitry/Downloads/LOOM/loom/build/linux-x86_64-server-release/jdk/modules/java.prefs:/home/dmitry/Downloads/LOOM/loom/build/linux-x86_64-server-release/jdk/modules/java.rmi:/home/dmitry/Downloads/LOOM/loom/build/linux-x86_64-server-release/jdk/modules/java.scripting:/home/dmitry/Downloads/LOOM/loom/build/linux-x86_64-server-release/jdk/modules/java.se:/home/dmitry/Downloads/LOOM/loom/build/linux-x86_64-server-release/jdk/modules/java.security.jgss:/home/dmitry/Downloads/LOOM/loom/build/linux-x86_64-server-release/jdk/modules/java.security.sasl:/home/dmitry/Downloads/LOOM/loom/build/linux-x86_64-server-release/jdk/modules/java.smartcardio:/home/dmitry/Downloads/LOOM/loom/build/linux-x86_64-server-release/jdk/modules/java.sql:/home/dmitry/Downloads/LOOM/loom/build/linux-x86_64-server-release/jdk/modules/java.sql.rowset:/home/dmitry/Downloads/LOOM/loom/build/linux-x86_64-server-release/jdk/modules/java.transaction.xa:/home/dmitry/Downloads/LOOM/loom/build/linux-x86_64-server-release/jdk/modules/java.xml:/home/dmitry/D
Launcher Type: SUN_STANDARD

[Global flags]
     intx CICompilerCount                          = 3                                         {product} {ergonomic}
     uint ConcGCThreads                            = 1                                         {product} {ergonomic}
     uint G1ConcRefinementThreads                  = 4                                         {product} {ergonomic}
   size_t G1HeapRegionSize                         = 1048576                                   {product} {ergonomic}
    uintx GCDrainStackTargetSize                   = 64                                        {product} {ergonomic}
   size_t InitialHeapSize                          = 83886080                                  {product} {ergonomic}
   size_t MarkStackSize                            = 4194304                                   {product} {ergonomic}
   size_t MaxHeapSize                              = 1342177280                                {product} {ergonomic}
   size_t MaxNewSize                               = 805306368                                 {product} {ergonomic}
   size_t MinHeapDeltaBytes                        = 1048576                                   {product} {ergonomic}
    uintx NonNMethodCodeHeapSize                   = 5830732                                {pd product} {ergonomic}
    uintx NonProfiledCodeHeapSize                  = 122913754                              {pd product} {ergonomic}
    uintx ProfiledCodeHeapSize                     = 122913754                              {pd product} {ergonomic}
    uintx ReservedCodeCacheSize                    = 251658240                              {pd product} {ergonomic}
     bool SegmentedCodeCache                       = true                                      {product} {ergonomic}
     bool UseCompressedClassPointers               = true                                 {lp64_product} {ergonomic}
     bool UseCompressedOops                        = true                                 {lp64_product} {ergonomic}
     bool UseG1GC                                  = true                                      {product} {ergonomic}

Logging:
Log output configuration:
 #0: stdout all=warning uptime,level,tags
 #1: stderr all=off uptime,level,tags

Environment Variables:
JAVA_HOME=/home/dmitry/usr/local/java/jdk1.8.0
PATH=/bin:/bin:/usr/local/sbin:/usr/local/bin:/usr/sbin:/usr/bin:/sbin:/bin:/usr/games:/usr/local/games:/snap/bin
USERNAME=dmitry
SHELL=/bin/bash
DISPLAY=:0

Signal Handlers:
SIGSEGV: [libjvm.so+0xfe38e0], sa_mask[0]=11111111011111111101111111111110, sa_flags=SA_RESTART|SA_SIGINFO
SIGBUS: [libjvm.so+0xfe38e0], sa_mask[0]=11111111011111111101111111111110, sa_flags=SA_RESTART|SA_SIGINFO
SIGFPE: [libjvm.so+0xfe38e0], sa_mask[0]=11111111011111111101111111111110, sa_flags=SA_RESTART|SA_SIGINFO
SIGPIPE: [libjvm.so+0xc81160], sa_mask[0]=11111111011111111101111111111110, sa_flags=SA_RESTART|SA_SIGINFO
SIGXFSZ: [libjvm.so+0xc81160], sa_mask[0]=11111111011111111101111111111110, sa_flags=SA_RESTART|SA_SIGINFO
SIGILL: [libjvm.so+0xfe38e0], sa_mask[0]=11111111011111111101111111111110, sa_flags=SA_RESTART|SA_SIGINFO
SIGUSR2: [libjvm.so+0xc81000], sa_mask[0]=00100000000000000000000000000000, sa_flags=SA_RESTART|SA_SIGINFO
SIGHUP: [libjvm.so+0xc81600], sa_mask[0]=11111111011111111101111111111110, sa_flags=SA_RESTART|SA_SIGINFO
SIGINT: [libjvm.so+0xc81600], sa_mask[0]=11111111011111111101111111111110, sa_flags=SA_RESTART|SA_SIGINFO
SIGTERM: [libjvm.so+0xc81600], sa_mask[0]=11111111011111111101111111111110, sa_flags=SA_RESTART|SA_SIGINFO
SIGQUIT: [libjvm.so+0xc81600], sa_mask[0]=11111111011111111101111111111110, sa_flags=SA_RESTART|SA_SIGINFO


---------------  S Y S T E M  ---------------

OS:DISTRIB_ID=Ubuntu
DISTRIB_RELEASE=18.04
DISTRIB_CODENAME=bionic
DISTRIB_DESCRIPTION="Ubuntu 18.04.2 LTS"
uname:Linux 4.18.0-18-generic #19~18.04.1-Ubuntu SMP Fri Apr 5 10:22:13 UTC 2019 x86_64
libc:glibc 2.27 NPTL 2.27 
rlimit: STACK 8192k, CORE 0k, NPROC 20276, NOFILE 4096, AS infinity, DATA infinity, FSIZE infinity
load average:0,57 0,96 0,99

/proc/meminfo:
MemTotal:        5234984 kB
MemFree:         1538064 kB
MemAvailable:    2943708 kB
Buffers:          108212 kB
Cached:          1491656 kB
SwapCached:            0 kB
Active:          2347128 kB
Inactive:        1078952 kB
Active(anon):    1827132 kB
Inactive(anon):    49124 kB
Active(file):     519996 kB
Inactive(file):  1029828 kB
Unevictable:          32 kB
Mlocked:              32 kB
SwapTotal:       2097148 kB
SwapFree:        2097148 kB
Dirty:              5144 kB
Writeback:             0 kB
AnonPages:       1826140 kB
Mapped:           314000 kB
Shmem:             50048 kB
Slab:             164408 kB
SReclaimable:     124716 kB
SUnreclaim:        39692 kB
KernelStack:        9648 kB
PageTables:        35016 kB
NFS_Unstable:          0 kB
Bounce:                0 kB
WritebackTmp:          0 kB
CommitLimit:     4714640 kB
Committed_AS:    5079444 kB
VmallocTotal:   34359738367 kB
VmallocUsed:           0 kB
VmallocChunk:          0 kB
HardwareCorrupted:     0 kB
AnonHugePages:         0 kB
ShmemHugePages:        0 kB
ShmemPmdMapped:        0 kB
CmaTotal:              0 kB
CmaFree:               0 kB
HugePages_Total:       0
HugePages_Free:        0
HugePages_Rsvd:        0
HugePages_Surp:        0
Hugepagesize:       2048 kB
Hugetlb:               0 kB
DirectMap4k:      131008 kB
DirectMap2M:     5279744 kB


/proc/sys/kernel/threads-max (system-wide limit on the number of threads):
40552


/proc/sys/vm/max_map_count (maximum number of memory map areas a process may have):
65530


/proc/sys/kernel/pid_max (system-wide limit on number of process identifiers):
32768



container (cgroup) information:
container_type: cgroupv1
cpu_cpuset_cpus: 0-3
cpu_memory_nodes: 0
active_processor_count: 4
cpu_quota: no quota
cpu_period: 100000
cpu_shares: no shares
memory_limit_in_bytes: unlimited
memory_and_swap_limit_in_bytes: not supported
memory_soft_limit_in_bytes: unlimited
memory_usage_in_bytes: 3508203520
memory_max_usage_in_bytes: unlimited

KVM virtualization detected
Steal ticks since vm start: 0
Steal ticks percentage since vm start:  0,000

CPU:total 4 (initial active 4) (4 cores per cpu, 1 threads per core) family 6 model 60 stepping 3, cmov, cx8, fxsr, mmx, sse, sse2, sse3, ssse3, sse4.1, sse4.2, popcnt, avx, avx2, aes, clmul, lzcnt, tsc, tscinvbit
CPU Model and flags from /proc/cpuinfo:
model name	: Intel(R) Core(TM) i7-4700HQ CPU @ 2.40GHz
flags		: fpu vme de pse tsc msr pae mce cx8 apic sep mtrr pge mca cmov pat pse36 clflush mmx fxsr sse sse2 ht syscall nx rdtscp lm constant_tsc rep_good nopl xtopology nonstop_tsc cpuid tsc_known_freq pni pclmulqdq ssse3 cx16 pcid sse4_1 sse4_2 x2apic movbe popcnt aes xsave avx rdrand hypervisor lahf_lm abm invpcid_single pti fsgsbase avx2 invpcid flush_l1d

Memory: 4k page, physical 5234984k(1538064k free), swap 2097148k(2097148k free)

vm_info: OpenJDK 64-Bit Server VM (13-internal+0-adhoc.dmitry.loom) for linux-amd64 JRE (13-internal+0-adhoc.dmitry.loom), built on May 15 2019 03:47:32 by "dmitry" with gcc 7.4.0

END.
