#
# A fatal error has been detected by the Java Runtime Environment:
#
#  SIGSEGV (0xb) at pc=0x0000000000000000, pid=4450, tid=4482
#
# JRE version: OpenJDK Runtime Environment (13.0) (build 13-testing+0-builds.shipilev.net-openjdk-loom-b47-20190308-jdk-139)
# Java VM: OpenJDK 64-Bit Server VM (13-testing+0-builds.shipilev.net-openjdk-loom-b47-20190308-jdk-139, mixed mode, sharing, tiered, compressed oops, g1 gc, linux-amd64)
# Problematic frame:
# 
[error occurred during error reporting (printing problematic frame), id 0xb, SIGSEGV (0xb) at pc=0x00007f405f7410e2]

# Core dump will be written. Default location: Core dumps may be processed with "/usr/share/apport/apport %p %s %c %d %P" (or dumping to /home/dmitry/Downloads/LoadDetector/core.4450)
#
# If you would like to submit a bug report, please visit:
#   http://bugreport.java.com/bugreport/crash.jsp
# The crash happened outside the Java Virtual Machine in native code.
# See problematic frame for where to report the bug.
#

---------------  S U M M A R Y ------------

Command Line: -Didea.launcher.port=13425 -Didea.launcher.bin.path=/home/dmitry/Downloads/idea-IC-183.5912.21/bin -Dfile.encoding=UTF-8 com.intellij.rt.execution.application.AppMainV2 Main

Host: Intel(R) Core(TM) i7-4700HQ CPU @ 2.40GHz, 4 cores, 4G, Ubuntu 18.04.2 LTS
Time: Sun May 12 17:11:46 2019 MSK elapsed time: 1 seconds (0d 0h 0m 1s)

---------------  T H R E A D  ---------------

Current thread (0x00007f4058139000):  JavaThread "Thread-0" [_thread_in_native, id=4482, stack(0x00007f4025df8000,0x00007f4025ef9000)]

Stack: [0x00007f4025df8000,0x00007f4025ef9000]
[error occurred during error reporting (printing stack bounds), id 0xb, SIGSEGV (0xb) at pc=0x00007f405f7410e2]


[error occurred during error reporting (printing native stack), id 0xb, SIGSEGV (0xb) at pc=0x00007f405f7410e2]

Java frames: (J=compiled Java code, j=interpreted, Vv=VM code)
j  java.lang.Thread.sleep0(J)V+0 java.base@13-testing
j  java.lang.Thread.sleep(J)V+132 java.base@13-testing
j  Main.lambda$main$0()V+33
j  Main$$Lambda$1.run()V+0
j  java.lang.Continuation.enter0()V+4 java.base@13-testing
j  java.lang.Continuation.enter()V+56 java.base@13-testing
j  java.lang.Continuation.run()V+113 java.base@13-testing
j  Main.lambda$main$1(Ljava/lang/Continuation;Ljava/lang/Thread;)V+46
j  Main$$Lambda$2.run()V+8
j  java.lang.Thread.run()V+11 java.base@13-testing
v  ~StubRoutines::call_stub

siginfo: si_signo: 11 (SIGSEGV), si_code: 1 (SEGV_MAPERR), si_addr: 0x0000000000000000

Register to memory mapping:

RAX=0x0 is NULL
RBX=0x00007f4040907d41 is at code_begin+897 in an Interpreter codelet
method entry point (kind = native)  [0x00007f40409079c0, 0x00007f4040908400]  2624 bytes
RCX=0x00007f4040907d41 is at code_begin+897 in an Interpreter codelet
method entry point (kind = native)  [0x00007f40409079c0, 0x00007f4040908400]  2624 bytes
RDX=0x00007f404091f300 points into unknown readable memory: 0b 00 00 00 00 00 00 00
RSP=0x00007f4025ef7610 is pointing into the stack for thread: 0x00007f4058139000
RBP=0x00007f4025ef7660 is pointing into the stack for thread: 0x00007f4058139000
RSI=0x000000000000004c is an unknown value
RDI=0x0 is NULL
R8 =0x00000000ffffffff is an unallocated location in the heap
R9 =0x0000000000000002 is an unknown value
R10=0x00007f4040907d41 is at code_begin+897 in an Interpreter codelet
method entry point (kind = native)  [0x00007f40409079c0, 0x00007f4040908400]  2624 bytes
R11=0x00007f4025ef7618 is pointing into the stack for thread: 0x00007f4058139000
R12=0x0 is NULL
R13=0x0 is NULL
R14=0x00007f4025ef7688 is pointing into the stack for thread: 0x00007f4058139000
R15=0x00007f4058139000 is a thread


Registers:
RAX=0x0000000000000000, RBX=0x00007f4040907d41, RCX=0x00007f4040907d41, RDX=0x00007f404091f300
RSP=0x00007f4025ef7610, RBP=0x00007f4025ef7660, RSI=0x000000000000004c, RDI=0x0000000000000000
R8 =0x00000000ffffffff, R9 =0x0000000000000002, R10=0x00007f4040907d41, R11=0x00007f4025ef7618
R12=0x0000000000000000, R13=0x0000000000000000, R14=0x00007f4025ef7688, R15=0x00007f4058139000
RIP=0x0000000000000000, EFLAGS=0x0000000000010202, CSGSFS=0x002b000000000033, ERR=0x0000000000000014
  TRAPNO=0x000000000000000e

Top of Stack: (sp=0x00007f4025ef7610)
0x00007f4025ef7610:   00007f4040907d70 00007f4025ef7618
0x00007f4025ef7620:   0000000000000000 00007f4025ef7688
0x00007f4025ef7630:   000000080012a128 0000000000000000
0x00007f4025ef7640:   0000000000000000 000000080012cbf8 

Instructions: (pc=0x0000000000000000)
0xffffffffffffff00:   



[error occurred during error reporting (inspecting top of stack), id 0xb, SIGSEGV (0xb) at pc=0x00007f405f7410e2]


---------------  P R O C E S S  ---------------

Threads class SMR info:
_java_thread_list=0x00007f4010002880, length=12, elements={
0x00007f40580e7000, 0x00007f40580e9000, 0x00007f40580ef000, 0x00007f40580f1000,
0x00007f40580f3000, 0x00007f40580f5000, 0x00007f4058123800, 0x00007f4058128800,
0x00007f405812f000, 0x00007f4058139000, 0x00007f4010001000, 0x00007f4058014000
}

Java Threads: ( => current thread )
  0x00007f40580e7000 JavaThread "Reference Handler" daemon [_thread_blocked, id=4465, stack(0x00007f40275fd000,0x00007f40276fe000)]
  0x00007f40580e9000 JavaThread "Finalizer" daemon [_thread_blocked, id=4466, stack(0x00007f40274fc000,0x00007f40275fd000)]
  0x00007f40580ef000 JavaThread "Signal Dispatcher" daemon [_thread_blocked, id=4471, stack(0x00007f4026a2c000,0x00007f4026b2d000)]
  0x00007f40580f1000 JavaThread "C2 CompilerThread0" daemon [_thread_blocked, id=4472, stack(0x00007f402692b000,0x00007f4026a2c000)]
  0x00007f40580f3000 JavaThread "C1 CompilerThread0" daemon [_thread_in_native, id=4473, stack(0x00007f402682a000,0x00007f402692b000)]
  0x00007f40580f5000 JavaThread "Sweeper thread" daemon [_thread_blocked, id=4474, stack(0x00007f4026729000,0x00007f402682a000)]
  0x00007f4058123800 JavaThread "Service Thread" daemon [_thread_blocked, id=4478, stack(0x00007f4026628000,0x00007f4026729000)]
  0x00007f4058128800 JavaThread "Common-Cleaner" daemon [_thread_blocked, id=4480, stack(0x00007f4026425000,0x00007f4026526000)]
  0x00007f405812f000 JavaThread "Monitor Ctrl-Break" daemon [_thread_in_native, id=4481, stack(0x00007f4025ef9000,0x00007f4025ffa000)]
=>0x00007f4058139000 JavaThread "Thread-0" [_thread_in_native, id=4482, stack(0x00007f4025df8000,0x00007f4025ef9000)]
  0x00007f4010001000 JavaThread "Attach Listener" daemon [_thread_blocked, id=4485, stack(0x00007f4025af4000,0x00007f4025bf5000)]
  0x00007f4058014000 JavaThread "DestroyJavaVM" [_thread_blocked, id=4451, stack(0x00007f4060e86000,0x00007f4060f87000)]

Other Threads:
  0x00007f40580e4000 VMThread "VM Thread" [stack: 0x00007f4027700000,0x00007f4027800000] [id=4462]
  0x00007f4058126000 WatcherThread [stack: 0x00007f4026528000,0x00007f4026628000] [id=4479]
  0x00007f4058057000 GCTaskThread "GC Thread#0" [stack: 0x00007f405c89b000,0x00007f405c99b000] [id=4453]
  0x00007f4058061000 ConcurrentGCThread "G1 Main Marker" [stack: 0x00007f405c799000,0x00007f405c899000] [id=4455]
  0x00007f4058062800 ConcurrentGCThread "G1 Conc#0" [stack: 0x00007f405c697000,0x00007f405c797000] [id=4456]
  0x00007f40580b6800 ConcurrentGCThread "G1 Refine#0" [stack: 0x00007f405c191000,0x00007f405c291000] [id=4459]
  0x00007f40580b8000 ConcurrentGCThread "G1 Young RemSet Sampling" [stack: 0x00007f405c08f000,0x00007f405c18f000] [id=4460]

Threads with active compile tasks:
C1 CompilerThread0   159       3       jdk.internal.org.objectweb.asm.Frame::execute (2305 bytes)

VM state:not at safepoint (normal execution)

VM Mutex/Monitor currently owned by a thread: None

Heap address: 0x00000000b0000000, size: 1280 MB, Compressed Oops mode: 32-bit
Narrow klass base: 0x0000000800000000, Narrow klass shift: 3
Compressed class space size: 1073741824 Address: 0x0000000800af6000

Heap:
 garbage-first heap   total 83968K, used 1768K [0x00000000b0000000, 0x0000000100000000)
  region size 1024K, 2 young (2048K), 0 survivors (0K)
 Metaspace       used 888K, capacity 4530K, committed 4864K, reserved 1056768K
  class space    used 83K, capacity 398K, committed 512K, reserved 1048576K
Heap Regions: E=young(eden), S=young(survivor), O=old, HS=humongous(starts), HC=humongous(continues), CS=collection set, F=free, A=archive, TAMS=top-at-mark-start (previous, next)
|   0|0x00000000b0000000, 0x00000000b0000000, 0x00000000b0100000|  0%| F|  |TAMS 0x00000000b0000000, 0x00000000b0000000| Untracked 
|   1|0x00000000b0100000, 0x00000000b0100000, 0x00000000b0200000|  0%| F|  |TAMS 0x00000000b0100000, 0x00000000b0100000| Untracked 
|   2|0x00000000b0200000, 0x00000000b0200000, 0x00000000b0300000|  0%| F|  |TAMS 0x00000000b0200000, 0x00000000b0200000| Untracked 
|   3|0x00000000b0300000, 0x00000000b0300000, 0x00000000b0400000|  0%| F|  |TAMS 0x00000000b0300000, 0x00000000b0300000| Untracked 
|   4|0x00000000b0400000, 0x00000000b0400000, 0x00000000b0500000|  0%| F|  |TAMS 0x00000000b0400000, 0x00000000b0400000| Untracked 
|   5|0x00000000b0500000, 0x00000000b0500000, 0x00000000b0600000|  0%| F|  |TAMS 0x00000000b0500000, 0x00000000b0500000| Untracked 
|   6|0x00000000b0600000, 0x00000000b0600000, 0x00000000b0700000|  0%| F|  |TAMS 0x00000000b0600000, 0x00000000b0600000| Untracked 
|   7|0x00000000b0700000, 0x00000000b0700000, 0x00000000b0800000|  0%| F|  |TAMS 0x00000000b0700000, 0x00000000b0700000| Untracked 
|   8|0x00000000b0800000, 0x00000000b0800000, 0x00000000b0900000|  0%| F|  |TAMS 0x00000000b0800000, 0x00000000b0800000| Untracked 
|   9|0x00000000b0900000, 0x00000000b0900000, 0x00000000b0a00000|  0%| F|  |TAMS 0x00000000b0900000, 0x00000000b0900000| Untracked 
|  10|0x00000000b0a00000, 0x00000000b0a00000, 0x00000000b0b00000|  0%| F|  |TAMS 0x00000000b0a00000, 0x00000000b0a00000| Untracked 
|  11|0x00000000b0b00000, 0x00000000b0b00000, 0x00000000b0c00000|  0%| F|  |TAMS 0x00000000b0b00000, 0x00000000b0b00000| Untracked 
|  12|0x00000000b0c00000, 0x00000000b0c00000, 0x00000000b0d00000|  0%| F|  |TAMS 0x00000000b0c00000, 0x00000000b0c00000| Untracked 
|  13|0x00000000b0d00000, 0x00000000b0d00000, 0x00000000b0e00000|  0%| F|  |TAMS 0x00000000b0d00000, 0x00000000b0d00000| Untracked 
|  14|0x00000000b0e00000, 0x00000000b0e00000, 0x00000000b0f00000|  0%| F|  |TAMS 0x00000000b0e00000, 0x00000000b0e00000| Untracked 
|  15|0x00000000b0f00000, 0x00000000b0f00000, 0x00000000b1000000|  0%| F|  |TAMS 0x00000000b0f00000, 0x00000000b0f00000| Untracked 
|  16|0x00000000b1000000, 0x00000000b1000000, 0x00000000b1100000|  0%| F|  |TAMS 0x00000000b1000000, 0x00000000b1000000| Untracked 
|  17|0x00000000b1100000, 0x00000000b1100000, 0x00000000b1200000|  0%| F|  |TAMS 0x00000000b1100000, 0x00000000b1100000| Untracked 
|  18|0x00000000b1200000, 0x00000000b1200000, 0x00000000b1300000|  0%| F|  |TAMS 0x00000000b1200000, 0x00000000b1200000| Untracked 
|  19|0x00000000b1300000, 0x00000000b1300000, 0x00000000b1400000|  0%| F|  |TAMS 0x00000000b1300000, 0x00000000b1300000| Untracked 
|  20|0x00000000b1400000, 0x00000000b1400000, 0x00000000b1500000|  0%| F|  |TAMS 0x00000000b1400000, 0x00000000b1400000| Untracked 
|  21|0x00000000b1500000, 0x00000000b1500000, 0x00000000b1600000|  0%| F|  |TAMS 0x00000000b1500000, 0x00000000b1500000| Untracked 
|  22|0x00000000b1600000, 0x00000000b1600000, 0x00000000b1700000|  0%| F|  |TAMS 0x00000000b1600000, 0x00000000b1600000| Untracked 
|  23|0x00000000b1700000, 0x00000000b1700000, 0x00000000b1800000|  0%| F|  |TAMS 0x00000000b1700000, 0x00000000b1700000| Untracked 
|  24|0x00000000b1800000, 0x00000000b1800000, 0x00000000b1900000|  0%| F|  |TAMS 0x00000000b1800000, 0x00000000b1800000| Untracked 
|  25|0x00000000b1900000, 0x00000000b1900000, 0x00000000b1a00000|  0%| F|  |TAMS 0x00000000b1900000, 0x00000000b1900000| Untracked 
|  26|0x00000000b1a00000, 0x00000000b1a00000, 0x00000000b1b00000|  0%| F|  |TAMS 0x00000000b1a00000, 0x00000000b1a00000| Untracked 
|  27|0x00000000b1b00000, 0x00000000b1b00000, 0x00000000b1c00000|  0%| F|  |TAMS 0x00000000b1b00000, 0x00000000b1b00000| Untracked 
|  28|0x00000000b1c00000, 0x00000000b1c00000, 0x00000000b1d00000|  0%| F|  |TAMS 0x00000000b1c00000, 0x00000000b1c00000| Untracked 
|  29|0x00000000b1d00000, 0x00000000b1d00000, 0x00000000b1e00000|  0%| F|  |TAMS 0x00000000b1d00000, 0x00000000b1d00000| Untracked 
|  30|0x00000000b1e00000, 0x00000000b1e00000, 0x00000000b1f00000|  0%| F|  |TAMS 0x00000000b1e00000, 0x00000000b1e00000| Untracked 
|  31|0x00000000b1f00000, 0x00000000b1f00000, 0x00000000b2000000|  0%| F|  |TAMS 0x00000000b1f00000, 0x00000000b1f00000| Untracked 
|  32|0x00000000b2000000, 0x00000000b2000000, 0x00000000b2100000|  0%| F|  |TAMS 0x00000000b2000000, 0x00000000b2000000| Untracked 
|  33|0x00000000b2100000, 0x00000000b2100000, 0x00000000b2200000|  0%| F|  |TAMS 0x00000000b2100000, 0x00000000b2100000| Untracked 
|  34|0x00000000b2200000, 0x00000000b2200000, 0x00000000b2300000|  0%| F|  |TAMS 0x00000000b2200000, 0x00000000b2200000| Untracked 
|  35|0x00000000b2300000, 0x00000000b2300000, 0x00000000b2400000|  0%| F|  |TAMS 0x00000000b2300000, 0x00000000b2300000| Untracked 
|  36|0x00000000b2400000, 0x00000000b2400000, 0x00000000b2500000|  0%| F|  |TAMS 0x00000000b2400000, 0x00000000b2400000| Untracked 
|  37|0x00000000b2500000, 0x00000000b2500000, 0x00000000b2600000|  0%| F|  |TAMS 0x00000000b2500000, 0x00000000b2500000| Untracked 
|  38|0x00000000b2600000, 0x00000000b2600000, 0x00000000b2700000|  0%| F|  |TAMS 0x00000000b2600000, 0x00000000b2600000| Untracked 
|  39|0x00000000b2700000, 0x00000000b2700000, 0x00000000b2800000|  0%| F|  |TAMS 0x00000000b2700000, 0x00000000b2700000| Untracked 
|  40|0x00000000b2800000, 0x00000000b2800000, 0x00000000b2900000|  0%| F|  |TAMS 0x00000000b2800000, 0x00000000b2800000| Untracked 
|  41|0x00000000b2900000, 0x00000000b2900000, 0x00000000b2a00000|  0%| F|  |TAMS 0x00000000b2900000, 0x00000000b2900000| Untracked 
|  42|0x00000000b2a00000, 0x00000000b2a00000, 0x00000000b2b00000|  0%| F|  |TAMS 0x00000000b2a00000, 0x00000000b2a00000| Untracked 
|  43|0x00000000b2b00000, 0x00000000b2b00000, 0x00000000b2c00000|  0%| F|  |TAMS 0x00000000b2b00000, 0x00000000b2b00000| Untracked 
|  44|0x00000000b2c00000, 0x00000000b2c00000, 0x00000000b2d00000|  0%| F|  |TAMS 0x00000000b2c00000, 0x00000000b2c00000| Untracked 
|  45|0x00000000b2d00000, 0x00000000b2d00000, 0x00000000b2e00000|  0%| F|  |TAMS 0x00000000b2d00000, 0x00000000b2d00000| Untracked 
|  46|0x00000000b2e00000, 0x00000000b2e00000, 0x00000000b2f00000|  0%| F|  |TAMS 0x00000000b2e00000, 0x00000000b2e00000| Untracked 
|  47|0x00000000b2f00000, 0x00000000b2f00000, 0x00000000b3000000|  0%| F|  |TAMS 0x00000000b2f00000, 0x00000000b2f00000| Untracked 
|  48|0x00000000b3000000, 0x00000000b3000000, 0x00000000b3100000|  0%| F|  |TAMS 0x00000000b3000000, 0x00000000b3000000| Untracked 
|  49|0x00000000b3100000, 0x00000000b3100000, 0x00000000b3200000|  0%| F|  |TAMS 0x00000000b3100000, 0x00000000b3100000| Untracked 
|  50|0x00000000b3200000, 0x00000000b3200000, 0x00000000b3300000|  0%| F|  |TAMS 0x00000000b3200000, 0x00000000b3200000| Untracked 
|  51|0x00000000b3300000, 0x00000000b3300000, 0x00000000b3400000|  0%| F|  |TAMS 0x00000000b3300000, 0x00000000b3300000| Untracked 
|  52|0x00000000b3400000, 0x00000000b3400000, 0x00000000b3500000|  0%| F|  |TAMS 0x00000000b3400000, 0x00000000b3400000| Untracked 
|  53|0x00000000b3500000, 0x00000000b3500000, 0x00000000b3600000|  0%| F|  |TAMS 0x00000000b3500000, 0x00000000b3500000| Untracked 
|  54|0x00000000b3600000, 0x00000000b3600000, 0x00000000b3700000|  0%| F|  |TAMS 0x00000000b3600000, 0x00000000b3600000| Untracked 
|  55|0x00000000b3700000, 0x00000000b3700000, 0x00000000b3800000|  0%| F|  |TAMS 0x00000000b3700000, 0x00000000b3700000| Untracked 
|  56|0x00000000b3800000, 0x00000000b3800000, 0x00000000b3900000|  0%| F|  |TAMS 0x00000000b3800000, 0x00000000b3800000| Untracked 
|  57|0x00000000b3900000, 0x00000000b3900000, 0x00000000b3a00000|  0%| F|  |TAMS 0x00000000b3900000, 0x00000000b3900000| Untracked 
|  58|0x00000000b3a00000, 0x00000000b3a00000, 0x00000000b3b00000|  0%| F|  |TAMS 0x00000000b3a00000, 0x00000000b3a00000| Untracked 
|  59|0x00000000b3b00000, 0x00000000b3b00000, 0x00000000b3c00000|  0%| F|  |TAMS 0x00000000b3b00000, 0x00000000b3b00000| Untracked 
|  60|0x00000000b3c00000, 0x00000000b3c00000, 0x00000000b3d00000|  0%| F|  |TAMS 0x00000000b3c00000, 0x00000000b3c00000| Untracked 
|  61|0x00000000b3d00000, 0x00000000b3d00000, 0x00000000b3e00000|  0%| F|  |TAMS 0x00000000b3d00000, 0x00000000b3d00000| Untracked 
|  62|0x00000000b3e00000, 0x00000000b3e00000, 0x00000000b3f00000|  0%| F|  |TAMS 0x00000000b3e00000, 0x00000000b3e00000| Untracked 
|  63|0x00000000b3f00000, 0x00000000b3f00000, 0x00000000b4000000|  0%| F|  |TAMS 0x00000000b3f00000, 0x00000000b3f00000| Untracked 
|  64|0x00000000b4000000, 0x00000000b4000000, 0x00000000b4100000|  0%| F|  |TAMS 0x00000000b4000000, 0x00000000b4000000| Untracked 
|  65|0x00000000b4100000, 0x00000000b4100000, 0x00000000b4200000|  0%| F|  |TAMS 0x00000000b4100000, 0x00000000b4100000| Untracked 
|  66|0x00000000b4200000, 0x00000000b4200000, 0x00000000b4300000|  0%| F|  |TAMS 0x00000000b4200000, 0x00000000b4200000| Untracked 
|  67|0x00000000b4300000, 0x00000000b4300000, 0x00000000b4400000|  0%| F|  |TAMS 0x00000000b4300000, 0x00000000b4300000| Untracked 
|  68|0x00000000b4400000, 0x00000000b4400000, 0x00000000b4500000|  0%| F|  |TAMS 0x00000000b4400000, 0x00000000b4400000| Untracked 
|  69|0x00000000b4500000, 0x00000000b4500000, 0x00000000b4600000|  0%| F|  |TAMS 0x00000000b4500000, 0x00000000b4500000| Untracked 
|  70|0x00000000b4600000, 0x00000000b4600000, 0x00000000b4700000|  0%| F|  |TAMS 0x00000000b4600000, 0x00000000b4600000| Untracked 
|  71|0x00000000b4700000, 0x00000000b4700000, 0x00000000b4800000|  0%| F|  |TAMS 0x00000000b4700000, 0x00000000b4700000| Untracked 
|  72|0x00000000b4800000, 0x00000000b4800000, 0x00000000b4900000|  0%| F|  |TAMS 0x00000000b4800000, 0x00000000b4800000| Untracked 
|  73|0x00000000b4900000, 0x00000000b4900000, 0x00000000b4a00000|  0%| F|  |TAMS 0x00000000b4900000, 0x00000000b4900000| Untracked 
|  74|0x00000000b4a00000, 0x00000000b4a00000, 0x00000000b4b00000|  0%| F|  |TAMS 0x00000000b4a00000, 0x00000000b4a00000| Untracked 
|  75|0x00000000b4b00000, 0x00000000b4b00000, 0x00000000b4c00000|  0%| F|  |TAMS 0x00000000b4b00000, 0x00000000b4b00000| Untracked 
|  76|0x00000000b4c00000, 0x00000000b4c00000, 0x00000000b4d00000|  0%| F|  |TAMS 0x00000000b4c00000, 0x00000000b4c00000| Untracked 
|  77|0x00000000b4d00000, 0x00000000b4d00000, 0x00000000b4e00000|  0%| F|  |TAMS 0x00000000b4d00000, 0x00000000b4d00000| Untracked 
|  78|0x00000000b4e00000, 0x00000000b4e8ff58, 0x00000000b4f00000| 56%| E|  |TAMS 0x00000000b4e00000, 0x00000000b4e00000| Complete 
|  79|0x00000000b4f00000, 0x00000000b5000000, 0x00000000b5000000|100%| E|CS|TAMS 0x00000000b4f00000, 0x00000000b4f00000| Complete 
|1278|0x00000000ffe00000, 0x00000000ffe48000, 0x00000000fff00000| 28%|OA|  |TAMS 0x00000000ffe00000, 0x00000000ffe00000| Untracked 
|1279|0x00000000fff00000, 0x00000000fff72000, 0x0000000100000000| 44%|CA|  |TAMS 0x00000000fff00000, 0x00000000fff00000| Untracked 

Card table byte_map: [0x00007f405cc1b000,0x00007f405ce9b000] _byte_map_base: 0x00007f405c69b000

Marking Bits (Prev, Next): (CMBitMap*) 0x00007f40580586b8, (CMBitMap*) 0x00007f40580586f8
 Prev Bits: [0x00007f403f4eb000, 0x00007f40408eb000)
 Next Bits: [0x00007f403e0eb000, 0x00007f403f4eb000)

Polling page: 0x00007f4060f9c000

Metaspace:

Usage:
  Non-class:      4,04 MB capacity,   804,74 KB ( 19%) used,     3,25 MB ( 80%) free+waste,     1,56 KB ( <1%) overhead. 
      Class:    398,00 KB capacity,    83,70 KB ( 21%) used,   313,43 KB ( 79%) free+waste,   896 bytes ( <1%) overhead. 
       Both:      4,42 MB capacity,   888,44 KB ( 20%) used,     3,55 MB ( 80%) free+waste,     2,44 KB ( <1%) overhead. 

Virtual space:
  Non-class space:        8,00 MB reserved,       4,25 MB ( 53%) committed 
      Class space:        1,00 GB reserved,     512,00 KB ( <1%) committed 
             Both:        1,01 GB reserved,       4,75 MB ( <1%) committed 

Chunk freelists:
   Non-Class:  0 bytes
       Class:  0 bytes
        Both:  0 bytes

CodeHeap 'non-profiled nmethods': size=120032Kb used=53Kb max_used=53Kb free=119978Kb
 bounds [0x00007f40483b3000, 0x00007f4048623000, 0x00007f404f8eb000]
CodeHeap 'profiled nmethods': size=120032Kb used=176Kb max_used=176Kb free=119855Kb
 bounds [0x00007f4040e7b000, 0x00007f40410eb000, 0x00007f40483b3000]
CodeHeap 'non-nmethods': size=5696Kb used=1127Kb max_used=1137Kb free=4568Kb
 bounds [0x00007f40408eb000, 0x00007f4040b5b000, 0x00007f4040e7b000]
 total_blobs=572 nmethods=158 adapters=270
 compilation: enabled
              stopped_count=0, restarted_count=0
 full_count=0

Compilation events (10 events):
Event: 1,231 Thread 0x00007f40580f3000 nmethod 152 0x00007f4040ea6010 code [0x00007f4040ea6220, 0x00007f4040ea6b50]
Event: 1,231 Thread 0x00007f40580f3000  145       1       java.lang.invoke.MethodHandle::type (5 bytes)
Event: 1,231 Thread 0x00007f40580f3000 nmethod 145 0x00007f40483bf890 code [0x00007f40483bfa40, 0x00007f40483bfb70]
Event: 1,231 Thread 0x00007f40580f3000  149       1       sun.invoke.util.Wrapper::basicTypeChar (5 bytes)
Event: 1,231 Thread 0x00007f40580f3000 nmethod 149 0x00007f40483bfe10 code [0x00007f40483bffc0, 0x00007f40483c00f0]
Event: 1,232 Thread 0x00007f40580f3000  157       1       java.lang.invoke.LambdaForm$BasicType::basicTypeClass (5 bytes)
Event: 1,232 Thread 0x00007f40580f3000 nmethod 157 0x00007f40483c0190 code [0x00007f40483c0340, 0x00007f40483c0470]
Event: 1,232 Thread 0x00007f40580f3000  158       3       java.lang.invoke.MemberName::isConstructor (7 bytes)
Event: 1,232 Thread 0x00007f40580f3000 nmethod 158 0x00007f4040ea6e10 code [0x00007f4040ea6fe0, 0x00007f4040ea7290]
Event: 1,232 Thread 0x00007f40580f3000  159       3       jdk.internal.org.objectweb.asm.Frame::execute (2305 bytes)

GC Heap History (0 events):
No events

Deoptimization events (0 events):
No events

Classes unloaded (0 events):
No events

Classes redefined (0 events):
No events

Internal exceptions (0 events):
No events

Events (10 events):
Event: 1,224 Executing VM operation: RevokeBias
Event: 1,224 Executing VM operation: RevokeBias done
Event: 1,226 Executing VM operation: RevokeBias
Event: 1,226 Executing VM operation: RevokeBias done
Event: 1,226 loading class java/lang/invoke/BoundMethodHandle$Species_LLLLLJ
Event: 1,226 loading class java/lang/invoke/BoundMethodHandle$Species_LLLLLJ done
Event: 1,230 loading class java/lang/invoke/BoundMethodHandle$Species_LLLLLJL
Event: 1,230 loading class java/lang/invoke/BoundMethodHandle$Species_LLLLLJL done
Event: 1,231 Executing VM operation: RevokeBias
Event: 1,231 Executing VM operation: RevokeBias done


Dynamic libraries:
b0000000-b5000000 rw-p 00000000 00:00 0 
b5000000-ffe00000 ---p 00000000 00:00 0 
ffe00000-ffe48000 rw-p 00b69000 08:01 1186036                            /home/dmitry/Downloads/jdk/lib/server/classes.jsa
ffe48000-fff00000 rw-p 00000000 00:00 0 
fff00000-fff72000 rw-p 00af7000 08:01 1186036                            /home/dmitry/Downloads/jdk/lib/server/classes.jsa
fff72000-100000000 rw-p 00000000 00:00 0 
800000000-800003000 rwxp 00001000 08:01 1186036                          /home/dmitry/Downloads/jdk/lib/server/classes.jsa
800003000-8003df000 rw-p 00004000 08:01 1186036                          /home/dmitry/Downloads/jdk/lib/server/classes.jsa
8003df000-800af5000 r--p 003e0000 08:01 1186036                          /home/dmitry/Downloads/jdk/lib/server/classes.jsa
800af5000-800af6000 rw-p 00af6000 08:01 1186036                          /home/dmitry/Downloads/jdk/lib/server/classes.jsa
800af6000-800b76000 rw-p 00000000 00:00 0 
800b76000-840af6000 ---p 00000000 00:00 0 
55b3c01c4000-55b3c01c5000 r-xp 00000000 08:01 1057947                    /home/dmitry/Downloads/jdk/bin/java
55b3c03c5000-55b3c03c6000 r--p 00001000 08:01 1057947                    /home/dmitry/Downloads/jdk/bin/java
55b3c03c6000-55b3c03c7000 rw-p 00002000 08:01 1057947                    /home/dmitry/Downloads/jdk/bin/java
55b3c146f000-55b3c1490000 rw-p 00000000 00:00 0                          [heap]
7f3ff0000000-7f3ff0021000 rw-p 00000000 00:00 0 
7f3ff0021000-7f3ff4000000 ---p 00000000 00:00 0 
7f3ff4000000-7f3ff4021000 rw-p 00000000 00:00 0 
7f3ff4021000-7f3ff8000000 ---p 00000000 00:00 0 
7f3ff8000000-7f3ff8021000 rw-p 00000000 00:00 0 
7f3ff8021000-7f3ffc000000 ---p 00000000 00:00 0 
7f3ffc000000-7f3ffc021000 rw-p 00000000 00:00 0 
7f3ffc021000-7f4000000000 ---p 00000000 00:00 0 
7f4000000000-7f4000021000 rw-p 00000000 00:00 0 
7f4000021000-7f4004000000 ---p 00000000 00:00 0 
7f4004000000-7f4004021000 rw-p 00000000 00:00 0 
7f4004021000-7f4008000000 ---p 00000000 00:00 0 
7f4008000000-7f4008179000 rw-p 00000000 00:00 0 
7f4008179000-7f400c000000 ---p 00000000 00:00 0 
7f400c000000-7f400c021000 rw-p 00000000 00:00 0 
7f400c021000-7f4010000000 ---p 00000000 00:00 0 
7f4010000000-7f4010021000 rw-p 00000000 00:00 0 
7f4010021000-7f4014000000 ---p 00000000 00:00 0 
7f4014000000-7f40140c0000 rw-p 00000000 00:00 0 
7f40140c0000-7f4018000000 ---p 00000000 00:00 0 
7f4018000000-7f4018021000 rw-p 00000000 00:00 0 
7f4018021000-7f401c000000 ---p 00000000 00:00 0 
7f401c000000-7f401c021000 rw-p 00000000 00:00 0 
7f401c021000-7f4020000000 ---p 00000000 00:00 0 
7f4020000000-7f4020021000 rw-p 00000000 00:00 0 
7f4020021000-7f4024000000 ---p 00000000 00:00 0 
7f4025af4000-7f4025af8000 ---p 00000000 00:00 0 
7f4025af8000-7f4025bf5000 rw-p 00000000 00:00 0 
7f4025bf5000-7f4025bf7000 r-xp 00000000 08:01 1057911                    /home/dmitry/Downloads/jdk/lib/libextnet.so
7f4025bf7000-7f4025df6000 ---p 00002000 08:01 1057911                    /home/dmitry/Downloads/jdk/lib/libextnet.so
7f4025df6000-7f4025df7000 r--p 00001000 08:01 1057911                    /home/dmitry/Downloads/jdk/lib/libextnet.so
7f4025df7000-7f4025df8000 rw-p 00002000 08:01 1057911                    /home/dmitry/Downloads/jdk/lib/libextnet.so
7f4025df8000-7f4025dfc000 ---p 00000000 00:00 0 
7f4025dfc000-7f4025ef9000 rw-p 00000000 00:00 0 
7f4025ef9000-7f4025efd000 ---p 00000000 00:00 0 
7f4025efd000-7f4025ffa000 rw-p 00000000 00:00 0 
7f4025ffa000-7f4026011000 r-xp 00000000 08:01 1057859                    /home/dmitry/Downloads/jdk/lib/libnet.so
7f4026011000-7f4026210000 ---p 00017000 08:01 1057859                    /home/dmitry/Downloads/jdk/lib/libnet.so
7f4026210000-7f4026211000 r--p 00016000 08:01 1057859                    /home/dmitry/Downloads/jdk/lib/libnet.so
7f4026211000-7f4026212000 rw-p 00017000 08:01 1057859                    /home/dmitry/Downloads/jdk/lib/libnet.so
7f4026212000-7f4026223000 r-xp 00000000 08:01 1057913                    /home/dmitry/Downloads/jdk/lib/libnio.so
7f4026223000-7f4026423000 ---p 00011000 08:01 1057913                    /home/dmitry/Downloads/jdk/lib/libnio.so
7f4026423000-7f4026424000 r--p 00011000 08:01 1057913                    /home/dmitry/Downloads/jdk/lib/libnio.so
7f4026424000-7f4026425000 rw-p 00012000 08:01 1057913                    /home/dmitry/Downloads/jdk/lib/libnio.so
7f4026425000-7f4026429000 ---p 00000000 00:00 0 
7f4026429000-7f4026526000 rw-p 00000000 00:00 0 
7f4026526000-7f4026527000 ---p 00000000 00:00 0 
7f4026527000-7f4026628000 rw-p 00000000 00:00 0 
7f4026628000-7f402662c000 ---p 00000000 00:00 0 
7f402662c000-7f4026729000 rw-p 00000000 00:00 0 
7f4026729000-7f402672d000 ---p 00000000 00:00 0 
7f402672d000-7f402682a000 rw-p 00000000 00:00 0 
7f402682a000-7f402682e000 ---p 00000000 00:00 0 
7f402682e000-7f402692b000 rw-p 00000000 00:00 0 
7f402692b000-7f402692f000 ---p 00000000 00:00 0 
7f402692f000-7f4026a2c000 rw-p 00000000 00:00 0 
7f4026a2c000-7f4026a30000 ---p 00000000 00:00 0 
7f4026a30000-7f4026b2d000 rw-p 00000000 00:00 0 
7f4026b2d000-7f40274fc000 r--p 00000000 08:01 10230401                   /usr/lib/locale/locale-archive
7f40274fc000-7f4027500000 ---p 00000000 00:00 0 
7f4027500000-7f40275fd000 rw-p 00000000 00:00 0 
7f40275fd000-7f4027601000 ---p 00000000 00:00 0 
7f4027601000-7f40276fe000 rw-p 00000000 00:00 0 
7f40276fe000-7f40276ff000 ---p 00000000 00:00 0 
7f40276ff000-7f4027c40000 rw-p 00000000 00:00 0 
7f4027c40000-7f4028000000 ---p 00000000 00:00 0 
7f4028000000-7f4028021000 rw-p 00000000 00:00 0 
7f4028021000-7f402c000000 ---p 00000000 00:00 0 
7f402c000000-7f402c021000 rw-p 00000000 00:00 0 
7f402c021000-7f4030000000 ---p 00000000 00:00 0 
7f4030000000-7f4030021000 rw-p 00000000 00:00 0 
7f4030021000-7f4034000000 ---p 00000000 00:00 0 
7f4034000000-7f4034021000 rw-p 00000000 00:00 0 
7f4034021000-7f4038000000 ---p 00000000 00:00 0 
7f4038000000-7f4038021000 rw-p 00000000 00:00 0 
7f4038021000-7f403c000000 ---p 00000000 00:00 0 
7f403c06a000-7f403e22b000 rw-p 00000000 00:00 0 
7f403e22b000-7f403f4e3000 ---p 00000000 00:00 0 
7f403f4e3000-7f403f62b000 rw-p 00000000 00:00 0 
7f403f62b000-7f40408e3000 ---p 00000000 00:00 0 
7f40408e3000-7f40408eb000 rw-p 00000000 00:00 0 
7f40408eb000-7f4040b5b000 rwxp 00000000 00:00 0 
7f4040b5b000-7f4040e7b000 ---p 00000000 00:00 0 
7f4040e7b000-7f40410eb000 rwxp 00000000 00:00 0 
7f40410eb000-7f40483b3000 ---p 00000000 00:00 0 
7f40483b3000-7f4048623000 rwxp 00000000 00:00 0 
7f4048623000-7f404f8eb000 ---p 00000000 00:00 0 
7f404f8eb000-7f4058000000 r--s 00000000 08:01 1057863                    /home/dmitry/Downloads/jdk/lib/modules
7f4058000000-7f405813d000 rw-p 00000000 00:00 0 
7f405813d000-7f405c000000 ---p 00000000 00:00 0 
7f405c001000-7f405c08d000 rw-p 00000000 00:00 0 
7f405c08d000-7f405c08e000 ---p 00000000 00:00 0 
7f405c08e000-7f405c18f000 rw-p 00000000 00:00 0 
7f405c18f000-7f405c190000 ---p 00000000 00:00 0 
7f405c190000-7f405c695000 rw-p 00000000 00:00 0 
7f405c695000-7f405c696000 ---p 00000000 00:00 0 
7f405c696000-7f405c797000 rw-p 00000000 00:00 0 
7f405c797000-7f405c798000 ---p 00000000 00:00 0 
7f405c798000-7f405c899000 rw-p 00000000 00:00 0 
7f405c899000-7f405c89a000 ---p 00000000 00:00 0 
7f405c89a000-7f405c9c3000 rw-p 00000000 00:00 0 
7f405c9c3000-7f405cc1a000 ---p 00000000 00:00 0 
7f405cc1a000-7f405cc43000 rw-p 00000000 00:00 0 
7f405cc43000-7f405ce9a000 ---p 00000000 00:00 0 
7f405ce9a000-7f405cec3000 rw-p 00000000 00:00 0 
7f405cec3000-7f405d11a000 ---p 00000000 00:00 0 
7f405d11a000-7f405d524000 rw-p 00000000 00:00 0 
7f405d524000-7f405d60a000 ---p 00000000 00:00 0 
7f405d60a000-7f405d60f000 rw-p 00000000 00:00 0 
7f405d60f000-7f405d6f5000 ---p 00000000 00:00 0 
7f405d6f5000-7f405d710000 r-xp 00000000 08:01 1057857                    /home/dmitry/Downloads/jdk/lib/libjimage.so
7f405d710000-7f405d90f000 ---p 0001b000 08:01 1057857                    /home/dmitry/Downloads/jdk/lib/libjimage.so
7f405d90f000-7f405d911000 r--p 0001a000 08:01 1057857                    /home/dmitry/Downloads/jdk/lib/libjimage.so
7f405d911000-7f405d912000 rw-p 0001c000 08:01 1057857                    /home/dmitry/Downloads/jdk/lib/libjimage.so
7f405d912000-7f405d919000 r-xp 00000000 08:01 1057903                    /home/dmitry/Downloads/jdk/lib/libzip.so
7f405d919000-7f405db18000 ---p 00007000 08:01 1057903                    /home/dmitry/Downloads/jdk/lib/libzip.so
7f405db18000-7f405db19000 r--p 00006000 08:01 1057903                    /home/dmitry/Downloads/jdk/lib/libzip.so
7f405db19000-7f405db1a000 rw-p 00007000 08:01 1057903                    /home/dmitry/Downloads/jdk/lib/libzip.so
7f405db1a000-7f405db25000 r-xp 00000000 08:01 1184572                    /lib/x86_64-linux-gnu/libnss_files-2.27.so
7f405db25000-7f405dd24000 ---p 0000b000 08:01 1184572                    /lib/x86_64-linux-gnu/libnss_files-2.27.so
7f405dd24000-7f405dd25000 r--p 0000a000 08:01 1184572                    /lib/x86_64-linux-gnu/libnss_files-2.27.so
7f405dd25000-7f405dd26000 rw-p 0000b000 08:01 1184572                    /lib/x86_64-linux-gnu/libnss_files-2.27.so
7f405dd26000-7f405dd2c000 rw-p 00000000 00:00 0 
7f405dd2c000-7f405dd43000 r-xp 00000000 08:01 1184566                    /lib/x86_64-linux-gnu/libnsl-2.27.so
7f405dd43000-7f405df42000 ---p 00017000 08:01 1184566                    /lib/x86_64-linux-gnu/libnsl-2.27.so
7f405df42000-7f405df43000 r--p 00016000 08:01 1184566                    /lib/x86_64-linux-gnu/libnsl-2.27.so
7f405df43000-7f405df44000 rw-p 00017000 08:01 1184566                    /lib/x86_64-linux-gnu/libnsl-2.27.so
7f405df44000-7f405df46000 rw-p 00000000 00:00 0 
7f405df46000-7f405df51000 r-xp 00000000 08:01 1184583                    /lib/x86_64-linux-gnu/libnss_nis-2.27.so
7f405df51000-7f405e150000 ---p 0000b000 08:01 1184583                    /lib/x86_64-linux-gnu/libnss_nis-2.27.so
7f405e150000-7f405e151000 r--p 0000a000 08:01 1184583                    /lib/x86_64-linux-gnu/libnss_nis-2.27.so
7f405e151000-7f405e152000 rw-p 0000b000 08:01 1184583                    /lib/x86_64-linux-gnu/libnss_nis-2.27.so
7f405e152000-7f405e15a000 r-xp 00000000 08:01 1184568                    /lib/x86_64-linux-gnu/libnss_compat-2.27.so
7f405e15a000-7f405e35a000 ---p 00008000 08:01 1184568                    /lib/x86_64-linux-gnu/libnss_compat-2.27.so
7f405e35a000-7f405e35b000 r--p 00008000 08:01 1184568                    /lib/x86_64-linux-gnu/libnss_compat-2.27.so
7f405e35b000-7f405e35c000 rw-p 00009000 08:01 1184568                    /lib/x86_64-linux-gnu/libnss_compat-2.27.so
7f405e35c000-7f405e385000 r-xp 00000000 08:01 1057860                    /home/dmitry/Downloads/jdk/lib/libjava.so
7f405e385000-7f405e584000 ---p 00029000 08:01 1057860                    /home/dmitry/Downloads/jdk/lib/libjava.so
7f405e584000-7f405e585000 r--p 00028000 08:01 1057860                    /home/dmitry/Downloads/jdk/lib/libjava.so
7f405e585000-7f405e587000 rw-p 00029000 08:01 1057860                    /home/dmitry/Downloads/jdk/lib/libjava.so
7f405e587000-7f405e594000 r-xp 00000000 08:01 1057920                    /home/dmitry/Downloads/jdk/lib/libverify.so
7f405e594000-7f405e793000 ---p 0000d000 08:01 1057920                    /home/dmitry/Downloads/jdk/lib/libverify.so
7f405e793000-7f405e795000 r--p 0000c000 08:01 1057920                    /home/dmitry/Downloads/jdk/lib/libverify.so
7f405e795000-7f405e796000 rw-p 0000e000 08:01 1057920                    /home/dmitry/Downloads/jdk/lib/libverify.so
7f405e796000-7f405e933000 r-xp 00000000 08:01 1184545                    /lib/x86_64-linux-gnu/libm-2.27.so
7f405e933000-7f405eb32000 ---p 0019d000 08:01 1184545                    /lib/x86_64-linux-gnu/libm-2.27.so
7f405eb32000-7f405eb33000 r--p 0019c000 08:01 1184545                    /lib/x86_64-linux-gnu/libm-2.27.so
7f405eb33000-7f405eb34000 rw-p 0019d000 08:01 1184545                    /lib/x86_64-linux-gnu/libm-2.27.so
7f405eb34000-7f405fdb3000 r-xp 00000000 08:01 1186031                    /home/dmitry/Downloads/jdk/lib/server/libjvm.so
7f405fdb3000-7f405ffb2000 ---p 0127f000 08:01 1186031                    /home/dmitry/Downloads/jdk/lib/server/libjvm.so
7f405ffb2000-7f4060079000 r--p 0127e000 08:01 1186031                    /home/dmitry/Downloads/jdk/lib/server/libjvm.so
7f4060079000-7f40600b4000 rw-p 01345000 08:01 1186031                    /home/dmitry/Downloads/jdk/lib/server/libjvm.so
7f40600b4000-7f4060137000 rw-p 00000000 00:00 0 
7f4060137000-7f406031e000 r-xp 00000000 08:01 1184482                    /lib/x86_64-linux-gnu/libc-2.27.so
7f406031e000-7f406051e000 ---p 001e7000 08:01 1184482                    /lib/x86_64-linux-gnu/libc-2.27.so
7f406051e000-7f4060522000 r--p 001e7000 08:01 1184482                    /lib/x86_64-linux-gnu/libc-2.27.so
7f4060522000-7f4060524000 rw-p 001eb000 08:01 1184482                    /lib/x86_64-linux-gnu/libc-2.27.so
7f4060524000-7f4060528000 rw-p 00000000 00:00 0 
7f4060528000-7f406052b000 r-xp 00000000 08:01 1184505                    /lib/x86_64-linux-gnu/libdl-2.27.so
7f406052b000-7f406072a000 ---p 00003000 08:01 1184505                    /lib/x86_64-linux-gnu/libdl-2.27.so
7f406072a000-7f406072b000 r--p 00002000 08:01 1184505                    /lib/x86_64-linux-gnu/libdl-2.27.so
7f406072b000-7f406072c000 rw-p 00003000 08:01 1184505                    /lib/x86_64-linux-gnu/libdl-2.27.so
7f406072c000-7f4060746000 r-xp 00000000 08:01 1184615                    /lib/x86_64-linux-gnu/libpthread-2.27.so
7f4060746000-7f4060945000 ---p 0001a000 08:01 1184615                    /lib/x86_64-linux-gnu/libpthread-2.27.so
7f4060945000-7f4060946000 r--p 00019000 08:01 1184615                    /lib/x86_64-linux-gnu/libpthread-2.27.so
7f4060946000-7f4060947000 rw-p 0001a000 08:01 1184615                    /lib/x86_64-linux-gnu/libpthread-2.27.so
7f4060947000-7f406094b000 rw-p 00000000 00:00 0 
7f406094b000-7f406095a000 r-xp 00000000 08:01 1057861                    /home/dmitry/Downloads/jdk/lib/libjli.so
7f406095a000-7f4060b59000 ---p 0000f000 08:01 1057861                    /home/dmitry/Downloads/jdk/lib/libjli.so
7f4060b59000-7f4060b5a000 r--p 0000e000 08:01 1057861                    /home/dmitry/Downloads/jdk/lib/libjli.so
7f4060b5a000-7f4060b5b000 rw-p 0000f000 08:01 1057861                    /home/dmitry/Downloads/jdk/lib/libjli.so
7f4060b5b000-7f4060b77000 r-xp 00000000 08:01 1184654                    /lib/x86_64-linux-gnu/libz.so.1.2.11
7f4060b77000-7f4060d76000 ---p 0001c000 08:01 1184654                    /lib/x86_64-linux-gnu/libz.so.1.2.11
7f4060d76000-7f4060d77000 r--p 0001b000 08:01 1184654                    /lib/x86_64-linux-gnu/libz.so.1.2.11
7f4060d77000-7f4060d78000 rw-p 0001c000 08:01 1184654                    /lib/x86_64-linux-gnu/libz.so.1.2.11
7f4060d78000-7f4060d9f000 r-xp 00000000 08:01 1184454                    /lib/x86_64-linux-gnu/ld-2.27.so
7f4060dcc000-7f4060e7f000 rw-p 00000000 00:00 0 
7f4060e7f000-7f4060e86000 ---p 00000000 00:00 0 
7f4060e86000-7f4060e8a000 ---p 00000000 00:00 0 
7f4060e8a000-7f4060f8b000 rw-p 00000000 00:00 0 
7f4060f94000-7f4060f9c000 rw-s 00000000 08:01 524312                     /tmp/hsperfdata_dmitry/4450
7f4060f9c000-7f4060f9d000 ---p 00000000 00:00 0 
7f4060f9d000-7f4060f9e000 r--p 00000000 00:00 0 
7f4060f9e000-7f4060f9f000 ---p 00000000 00:00 0 
7f4060f9f000-7f4060fa0000 r--p 00027000 08:01 1184454                    /lib/x86_64-linux-gnu/ld-2.27.so
7f4060fa0000-7f4060fa1000 rw-p 00028000 08:01 1184454                    /lib/x86_64-linux-gnu/ld-2.27.so
7f4060fa1000-7f4060fa2000 rw-p 00000000 00:00 0 
7ffef2a82000-7ffef2aa3000 rw-p 00000000 00:00 0                          [stack]
7ffef2b57000-7ffef2b5a000 r--p 00000000 00:00 0                          [vvar]
7ffef2b5a000-7ffef2b5c000 r-xp 00000000 00:00 0                          [vdso]
ffffffffff600000-ffffffffff601000 r-xp 00000000 00:00 0                  [vsyscall]


VM Arguments:
jvm_args: -Didea.launcher.port=13425 -Didea.launcher.bin.path=/home/dmitry/Downloads/idea-IC-183.5912.21/bin -Dfile.encoding=UTF-8 
java_command: com.intellij.rt.execution.application.AppMainV2 Main
java_class_path (initial): /home/dmitry/Downloads/LoadDetector/target/classes:/home/dmitry/Downloads/idea-IC-183.5912.21/lib/idea_rt.jar
Launcher Type: SUN_STANDARD

[Global flags]
     intx CICompilerCount                          = 3                                         {product} {ergonomic}
     uint ConcGCThreads                            = 1                                         {product} {ergonomic}
     uint G1ConcRefinementThreads                  = 4                                         {product} {ergonomic}
   size_t G1HeapRegionSize                         = 1048576                                   {product} {ergonomic}
    uintx GCDrainStackTargetSize                   = 64                                        {product} {ergonomic}
   size_t InitialHeapSize                          = 83886080                                  {product} {ergonomic}
   size_t MarkStackSize                            = 4194304                                   {product} {ergonomic}
   size_t MaxHeapSize                              = 1342177280                                {product} {ergonomic}
   size_t MaxNewSize                               = 805306368                                 {product} {ergonomic}
   size_t MinHeapDeltaBytes                        = 1048576                                   {product} {ergonomic}
    uintx NonNMethodCodeHeapSize                   = 5830732                                {pd product} {ergonomic}
    uintx NonProfiledCodeHeapSize                  = 122913754                              {pd product} {ergonomic}
    uintx ProfiledCodeHeapSize                     = 122913754                              {pd product} {ergonomic}
    uintx ReservedCodeCacheSize                    = 251658240                              {pd product} {ergonomic}
     bool SegmentedCodeCache                       = true                                      {product} {ergonomic}
     bool UseCompressedClassPointers               = true                                 {lp64_product} {ergonomic}
     bool UseCompressedOops                        = true                                 {lp64_product} {ergonomic}
     bool UseG1GC                                  = true                                      {product} {ergonomic}

Logging:
Log output configuration:
 #0: stdout all=warning uptime,level,tags
 #1: stderr all=off uptime,level,tags

Environment Variables:
JAVA_HOME=/home/dmitry/usr/local/java/jdk1.8.0
PATH=/bin:/bin:/usr/local/sbin:/usr/local/bin:/usr/sbin:/usr/bin:/sbin:/bin:/usr/games:/usr/local/games:/snap/bin
USERNAME=dmitry
SHELL=/bin/bash
DISPLAY=:0

Signal Handlers:
SIGSEGV: [libjvm.so+0xf3a810], sa_mask[0]=11111111011111111101111111111110, sa_flags=SA_RESTART|SA_SIGINFO
SIGBUS: [libjvm.so+0xf3a810], sa_mask[0]=11111111011111111101111111111110, sa_flags=SA_RESTART|SA_SIGINFO
SIGFPE: [libjvm.so+0xf3a810], sa_mask[0]=11111111011111111101111111111110, sa_flags=SA_RESTART|SA_SIGINFO
SIGPIPE: [libjvm.so+0xc01980], sa_mask[0]=11111111011111111101111111111110, sa_flags=SA_RESTART|SA_SIGINFO
SIGXFSZ: [libjvm.so+0xc01980], sa_mask[0]=11111111011111111101111111111110, sa_flags=SA_RESTART|SA_SIGINFO
SIGILL: [libjvm.so+0xf3a810], sa_mask[0]=11111111011111111101111111111110, sa_flags=SA_RESTART|SA_SIGINFO
SIGUSR2: [libjvm.so+0xc01820], sa_mask[0]=00100000000000000000000000000000, sa_flags=SA_RESTART|SA_SIGINFO
SIGHUP: [libjvm.so+0xc01b80], sa_mask[0]=11111111011111111101111111111110, sa_flags=SA_RESTART|SA_SIGINFO
SIGINT: [libjvm.so+0xc01b80], sa_mask[0]=11111111011111111101111111111110, sa_flags=SA_RESTART|SA_SIGINFO
SIGTERM: [libjvm.so+0xc01b80], sa_mask[0]=11111111011111111101111111111110, sa_flags=SA_RESTART|SA_SIGINFO
SIGQUIT: [libjvm.so+0xc01b80], sa_mask[0]=11111111011111111101111111111110, sa_flags=SA_RESTART|SA_SIGINFO


---------------  S Y S T E M  ---------------

OS:DISTRIB_ID=Ubuntu
DISTRIB_RELEASE=18.04
DISTRIB_CODENAME=bionic
DISTRIB_DESCRIPTION="Ubuntu 18.04.2 LTS"
uname:Linux 4.18.0-18-generic #19~18.04.1-Ubuntu SMP Fri Apr 5 10:22:13 UTC 2019 x86_64
libc:glibc 2.27 NPTL 2.27 
rlimit: STACK 8192k, CORE 0k, NPROC 20276, NOFILE 4096, AS infinity, DATA infinity, FSIZE infinity
load average:0,69 0,81 0,79

/proc/meminfo:
MemTotal:        5234984 kB
MemFree:          230268 kB
MemAvailable:    2150208 kB
Buffers:          398412 kB
Cached:          1753624 kB
SwapCached:            0 kB
Active:          3339384 kB
Inactive:        1235196 kB
Active(anon):    2405148 kB
Inactive(anon):   228216 kB
Active(file):     934236 kB
Inactive(file):  1006980 kB
Unevictable:          32 kB
Mlocked:              32 kB
SwapTotal:       2097148 kB
SwapFree:        2097148 kB
Dirty:              2184 kB
Writeback:             0 kB
AnonPages:       2422648 kB
Mapped:           576548 kB
Shmem:            210824 kB
Slab:             313128 kB
SReclaimable:     269600 kB
SUnreclaim:        43528 kB
KernelStack:       12768 kB
PageTables:        41780 kB
NFS_Unstable:          0 kB
Bounce:                0 kB
WritebackTmp:          0 kB
CommitLimit:     4714640 kB
Committed_AS:    6481228 kB
VmallocTotal:   34359738367 kB
VmallocUsed:           0 kB
VmallocChunk:          0 kB
HardwareCorrupted:     0 kB
AnonHugePages:         0 kB
ShmemHugePages:        0 kB
ShmemPmdMapped:        0 kB
CmaTotal:              0 kB
CmaFree:               0 kB
HugePages_Total:       0
HugePages_Free:        0
HugePages_Rsvd:        0
HugePages_Surp:        0
Hugepagesize:       2048 kB
Hugetlb:               0 kB
DirectMap4k:      157632 kB
DirectMap2M:     5253120 kB


/proc/sys/kernel/threads-max (system-wide limit on the number of threads):
40552


/proc/sys/vm/max_map_count (maximum number of memory map areas a process may have):
65530


/proc/sys/kernel/pid_max (system-wide limit on number of process identifiers):
32768



container (cgroup) information:
container_type: cgroupv1
cpu_cpuset_cpus: 0-3
cpu_memory_nodes: 0
active_processor_count: 4
cpu_quota: -1
cpu_period: 100000
cpu_shares: -1
memory_limit_in_bytes: -1
memory_and_swap_limit_in_bytes: -2
memory_soft_limit_in_bytes: -1
memory_usage_in_bytes: 4684451840
memory_max_usage_in_bytes: 0


CPU:total 4 (initial active 4) (4 cores per cpu, 1 threads per core) family 6 model 60 stepping 3, cmov, cx8, fxsr, mmx, sse, sse2, sse3, ssse3, sse4.1, sse4.2, popcnt, avx, avx2, aes, clmul, lzcnt, tsc, tscinvbit
CPU Model and flags from /proc/cpuinfo:
model name	: Intel(R) Core(TM) i7-4700HQ CPU @ 2.40GHz
flags		: fpu vme de pse tsc msr pae mce cx8 apic sep mtrr pge mca cmov pat pse36 clflush mmx fxsr sse sse2 ht syscall nx rdtscp lm constant_tsc rep_good nopl xtopology nonstop_tsc cpuid tsc_known_freq pni pclmulqdq ssse3 cx16 pcid sse4_1 sse4_2 x2apic movbe popcnt aes xsave avx rdrand hypervisor lahf_lm abm invpcid_single pti fsgsbase avx2 invpcid flush_l1d

Memory: 4k page, physical 5234984k(230268k free), swap 2097148k(2097148k free)

vm_info: OpenJDK 64-Bit Server VM (13-testing+0-builds.shipilev.net-openjdk-loom-b47-20190308-jdk-139) for linux-amd64 JRE (13-testing+0-builds.shipilev.net-openjdk-loom-b47-20190308-jdk-139), built on Mar  8 2019 00:39:30 by "buildbot" with gcc 6.3.0 20170516

END.
