#
# A fatal error has been detected by the Java Runtime Environment:
#
#  SIGSEGV (0xb) at pc=0x00007f87604ececa, pid=22291, tid=22331
#
# JRE version: OpenJDK Runtime Environment (13.0) (build 13-internal+0-adhoc.dmitry.loom)
# Java VM: OpenJDK 64-Bit Server VM (13-internal+0-adhoc.dmitry.loom, mixed mode, tiered, compressed oops, g1 gc, linux-amd64)
# Problematic frame:
# V  [libjvm.so+0x683eca]  ContMirror::read()+0x1a
#
# Core dump will be written. Default location: Core dumps may be processed with "/usr/share/apport/apport %p %s %c %d %P" (or dumping to /home/dmitry/Downloads/LoadDetector/core.22291)
#
# If you would like to submit a bug report, please visit:
#   http://bugreport.java.com/bugreport/crash.jsp
#

---------------  S U M M A R Y ------------

Command Line: -Didea.launcher.port=21225 -Didea.launcher.bin.path=/home/dmitry/Downloads/idea-IC-183.5912.21/bin -Dfile.encoding=UTF-8 com.intellij.rt.execution.application.AppMainV2 Main

Host: Intel(R) Core(TM) i7-4700HQ CPU @ 2.40GHz, 4 cores, 4G, Ubuntu 18.04.2 LTS
Time: Wed May 15 18:02:09 2019 MSK elapsed time: 1 seconds (0d 0h 0m 1s)

---------------  T H R E A D  ---------------

Current thread (0x00007f87582b4000):  JavaThread "Thread-1" [_thread_in_vm, id=22331, stack(0x00007f87176d0000,0x00007f87177d1000)]

Stack: [0x00007f87176d0000,0x00007f87177d1000],  sp=0x00007f87177cd1a0,  free space=1012k
Native frames: (J=compiled Java code, A=aot compiled Java code, j=interpreted, Vv=VM code, C=native code)
V  [libjvm.so+0x683eca]  ContMirror::read()+0x1a
V  [libjvm.so+0x688b27]  Continuation::freeze0(JavaThread*, FrameInfo*, bool) [clone .part.304]+0x507
V  [libjvm.so+0x689277]  Continuation::freeze(JavaThread*, FrameInfo*)+0x127
v  ~RuntimeStub::cont_doYield
C  0x00007f87177cf870

Java frames: (J=compiled Java code, j=interpreted, Vv=VM code)
v  ~RuntimeStub::cont_doYield
j  java.lang.Continuation.yield0(Ljava/lang/ContinuationScope;Ljava/lang/Continuation;)Z+60 java.base
j  java.lang.Continuation.yield(Ljava/lang/Thread;Ljava/lang/ContinuationScope;)Z+71 java.base
j  Main.lambda$main$1(Ljava/lang/Thread;Ljava/lang/ContinuationScope;Ljava/lang/Continuation;)V+21
j  Main$$Lambda$38.run()V+12
j  java.lang.Thread.run()V+11 java.base
v  ~StubRoutines::call_stub

siginfo: si_signo: 11 (SIGSEGV), si_code: 1 (SEGV_MAPERR), si_addr: 0x0000000000000020

Register to memory mapping:

RAX=0x0000000000000020 is an unknown value
RBX=0x00007f87177ce540 is pointing into the stack for thread: 0x00007f87582b4000
RCX=0x00007f8749013c98 is pointing into interpreter code (not bytecode specific)
RDX=0x00007f87614e7b58: <offset 0x000000000167eb58> in /home/dmitry/Downloads/LOOM/loom/build/linux-x86_64-server-release/jdk/lib/server/libjvm.so at 0x00007f875fe69000
RSP=0x00007f87177cd1a0 is pointing into the stack for thread: 0x00007f87582b4000
RBP=0x00007f87177cd1b0 is pointing into the stack for thread: 0x00007f87582b4000
RSI=0x00007f87177cf820 is pointing into the stack for thread: 0x00007f87582b4000
RDI=0x0 is NULL
R8 =0x00007f8749000000 points into unknown readable memory: 04 00 00 00 00 00 00 00
R9 =0x000000000000000b is an unknown value
R10=0x0000000000000800 is an unknown value
R11=0x0000000000000400 is an unknown value
R12=0x00007f8704000e40 points into unknown readable memory: 00 00 00 00 00 00 00 00
R13=0x00007f87177ce540 is pointing into the stack for thread: 0x00007f87582b4000
R14=0x00007f87582b3690 points into unknown readable memory: 02 00 00 00 87 7f 00 00
R15=0x00007f87177cf7f8 is pointing into the stack for thread: 0x00007f87582b4000


Registers:
RAX=0x0000000000000020, RBX=0x00007f87177ce540, RCX=0x00007f8749013c98, RDX=0x00007f87614e7b58
RSP=0x00007f87177cd1a0, RBP=0x00007f87177cd1b0, RSI=0x00007f87177cf820, RDI=0x0000000000000000
R8 =0x00007f8749000000, R9 =0x000000000000000b, R10=0x0000000000000800, R11=0x0000000000000400
R12=0x00007f8704000e40, R13=0x00007f87177ce540, R14=0x00007f87582b3690, R15=0x00007f87177cf7f8
RIP=0x00007f87604ececa, EFLAGS=0x0000000000010206, CSGSFS=0x002b000000000033, ERR=0x0000000000000004
  TRAPNO=0x000000000000000e

Top of Stack: (sp=0x00007f87177cd1a0)
0x00007f87177cd1a0:   00007f87490169b0 00007f87582b4000
0x00007f87177cd1b0:   00007f87177cf7b0 00007f87604f1b27
0x00007f87177cd1c0:   00007f87582b4000 00007f87177cd2c0
0x00007f87177cd1d0:   0000000000000000 00007f87614e5220 

Instructions: (pc=0x00007f87604ececa)
0x00007f87604ecdca:   08 48 63 00 89 0c 02 48 8d 05 fc e4 fd 00 48 8b
0x00007f87604ecdda:   4b 30 48 8b 53 08 48 63 00 48 89 0c 02 48 8d 05
0x00007f87604ecdea:   de e4 fd 00 48 8b 53 08 48 8b 4b 38 48 63 00 48
0x00007f87604ecdfa:   89 0c 02 48 8d 05 c4 e4 fd 00 8b 4b 60 48 8b 53
0x00007f87604ece0a:   08 48 63 00 89 0c 02 48 8d 05 c8 e4 fd 00 48 8b
0x00007f87604ece1a:   53 08 48 8b 4b 10 48 63 00 48 89 0c 02 48 8d 05
0x00007f87604ece2a:   ae e4 fd 00 48 8b 4b 18 48 8b 53 08 48 63 00 48
0x00007f87604ece3a:   89 0c 02 48 8d 05 94 e4 fd 00 48 63 00 48 8b 53
0x00007f87604ece4a:   08 48 8b 4b 20 48 89 0c 02 48 8d 05 9e e4 fd 00
0x00007f87604ece5a:   48 8b 53 08 48 8b 4b 58 48 63 00 89 0c 02 48 8d
0x00007f87604ece6a:   05 51 e4 fd 00 0f b6 4b 70 48 8b 53 08 48 63 00
0x00007f87604ece7a:   88 0c 02 48 8d 05 70 e4 fd 00 0f b7 4b 74 48 8b
0x00007f87604ece8a:   53 08 48 63 00 66 89 0c 02 48 8d 05 56 e4 fd 00
0x00007f87604ece9a:   0f b7 4b 72 48 8b 53 08 48 63 00 66 89 0c 02 48
0x00007f87604eceaa:   83 c4 08 5b 5d c3 55 48 89 e5 53 48 89 fb 48 83
0x00007f87604eceba:   ec 08 48 8d 05 1d e4 fd 00 48 8b 7f 08 48 63 00
0x00007f87604ececa:   48 8b 04 38 48 89 43 10 48 8d 05 03 e4 fd 00 48
0x00007f87604eceda:   63 00 48 8b 04 38 48 89 43 18 48 8d 05 ed e3 fd
0x00007f87604eceea:   00 48 63 00 48 8b 04 38 48 89 43 20 48 8d 05 d3
0x00007f87604ecefa:   e3 fd 00 48 63 00 8b 04 38 89 43 28 48 8d 05 c7
0x00007f87604ecf0a:   e3 fd 00 48 63 00 48 8b 04 38 48 89 43 30 48 8d
0x00007f87604ecf1a:   05 ad e3 fd 00 48 63 00 48 8b 04 38 48 89 43 38
0x00007f87604ecf2a:   48 8d 05 cb e3 fd 00 48 63 30 ff 15 06 41 f7 00
0x00007f87604ecf3a:   48 85 c0 48 89 43 40 0f 84 b9 01 00 00 48 8d 15
0x00007f87604ecf4a:   8e c8 fd 00 80 3a 01 48 19 c9 83 e1 04 80 3a 01
0x00007f87604ecf5a:   8b 4c 08 0c 48 19 d2 89 4b 48 83 e2 08 48 8d 44
0x00007f87604ecf6a:   10 10 48 89 43 50 48 8d 05 81 e3 fd 00 48 8b 7b
0x00007f87604ecf7a:   08 48 63 00 48 63 04 07 48 89 43 58 48 8d 05 5f
0x00007f87604ecf8a:   e3 fd 00 48 63 30 ff 15 aa 40 f7 00 48 8d 15 2b
0x00007f87604ecf9a:   e3 fd 00 48 89 43 68 48 8b 43 08 48 83 3d 83 ad
0x00007f87604ecfaa:   fb 00 00 48 63 12 8b 14 02 89 53 60 48 8d 15 03
0x00007f87604ecfba:   e3 fd 00 48 63 12 0f b6 14 02 88 53 70 48 8d 15 


Stack slot to memory mapping:
stack at sp + 0 slots: 0x00007f87490169b0 is at code_begin+1584 in an Interpreter codelet
invoke return entry points  [0x00007f8749016380, 0x00007f8749017540]  4544 bytes
stack at sp + 1 slots: 0x00007f87582b4000 is a thread
stack at sp + 2 slots: 0x00007f87177cf7b0 is pointing into the stack for thread: 0x00007f87582b4000
stack at sp + 3 slots: 0x00007f87604f1b27: <offset 0x0000000000688b27> in /home/dmitry/Downloads/LOOM/loom/build/linux-x86_64-server-release/jdk/lib/server/libjvm.so at 0x00007f875fe69000
stack at sp + 4 slots: 0x00007f87582b4000 is a thread
stack at sp + 5 slots: 0x00007f87177cd2c0 is pointing into the stack for thread: 0x00007f87582b4000
stack at sp + 6 slots: 0x0 is NULL
stack at sp + 7 slots: 0x00007f87614e5220: <offset 0x000000000167c220> in /home/dmitry/Downloads/LOOM/loom/build/linux-x86_64-server-release/jdk/lib/server/libjvm.so at 0x00007f875fe69000


---------------  P R O C E S S  ---------------

Threads class SMR info:
_java_thread_list=0x00007f8704000b20, length=13, elements={
0x00007f875813b000, 0x00007f875813e000, 0x00007f8758160800, 0x00007f8758165000,
0x00007f8758167000, 0x00007f8758169000, 0x00007f8758181000, 0x00007f8758296800,
0x00007f87582ad800, 0x00007f87582b4000, 0x00007f87582b5800, 0x00007f8758016800,
0x00007f8724001000
}

Java Threads: ( => current thread )
  0x00007f875813b000 JavaThread "Reference Handler" daemon [_thread_blocked, id=22312, stack(0x00007f874507a000,0x00007f874517b000)]
  0x00007f875813e000 JavaThread "Finalizer" daemon [_thread_blocked, id=22313, stack(0x00007f8744f79000,0x00007f874507a000)]
  0x00007f8758160800 JavaThread "Signal Dispatcher" daemon [_thread_blocked, id=22318, stack(0x00007f87444a9000,0x00007f87445aa000)]
  0x00007f8758165000 JavaThread "C2 CompilerThread0" daemon [_thread_blocked, id=22319, stack(0x00007f87443a8000,0x00007f87444a9000)]
  0x00007f8758167000 JavaThread "C1 CompilerThread0" daemon [_thread_blocked, id=22320, stack(0x00007f87442a7000,0x00007f87443a8000)]
  0x00007f8758169000 JavaThread "Sweeper thread" daemon [_thread_blocked, id=22321, stack(0x00007f87441a6000,0x00007f87442a7000)]
  0x00007f8758181000 JavaThread "Common-Cleaner" daemon [_thread_blocked, id=22323, stack(0x00007f87440a5000,0x00007f87441a6000)]
  0x00007f8758296800 JavaThread "Service Thread" daemon [_thread_blocked, id=22328, stack(0x00007f87179d4000,0x00007f8717ad5000)]
  0x00007f87582ad800 JavaThread "Monitor Ctrl-Break" daemon [_thread_in_native, id=22330, stack(0x00007f87177d1000,0x00007f87178d2000)]
=>0x00007f87582b4000 JavaThread "Thread-1" [_thread_in_vm, id=22331, stack(0x00007f87176d0000,0x00007f87177d1000)]
  0x00007f87582b5800 JavaThread "Thread-0" [_thread_blocked, id=22332, stack(0x00007f87175cf000,0x00007f87176d0000)]
  0x00007f8758016800 JavaThread "DestroyJavaVM" [_thread_blocked, id=22298, stack(0x00007f876226d000,0x00007f876236e000)]
  0x00007f8724001000 JavaThread "Attach Listener" daemon [_thread_blocked, id=22333, stack(0x00007f87172cb000,0x00007f87173cc000)]

Other Threads:
  0x00007f875812f000 VMThread "VM Thread" [stack: 0x00007f874517d000,0x00007f874527d000] [id=22309] _threads_hazard_ptr=0x00007f8704000b20
  0x00007f875829d800 WatcherThread [stack: 0x00007f87178d4000,0x00007f87179d4000] [id=22329]
  0x00007f875805a800 GCTaskThread "GC Thread#0" [stack: 0x00007f875c7d0000,0x00007f875c8d0000] [id=22301]
  0x00007f8758064000 ConcurrentGCThread "G1 Main Marker" [stack: 0x00007f875c6ce000,0x00007f875c7ce000] [id=22302]
  0x00007f8758066000 ConcurrentGCThread "G1 Conc#0" [stack: 0x00007f875c5cc000,0x00007f875c6cc000] [id=22303]
  0x00007f87580ba000 ConcurrentGCThread "G1 Refine#0" [stack: 0x00007f875c0c6000,0x00007f875c1c6000] [id=22304]
  0x00007f87580bc000 ConcurrentGCThread "G1 Young RemSet Sampling" [stack: 0x00007f8745b00000,0x00007f8745c00000] [id=22305]

Threads with active compile tasks:

VM state:synchronizing (normal execution)

VM Mutex/Monitor currently owned by a thread:  ([mutex/lock_event])
[0x00007f8758011ce0] Threads_lock - owner thread: 0x00007f875812f000

Heap address: 0x00000000b0000000, size: 1280 MB, Compressed Oops mode: 32-bit
Narrow klass base: 0x0000000000000000, Narrow klass shift: 3
Compressed class space size: 1073741824 Address: 0x0000000100000000

Heap:
 garbage-first heap   total 81920K, used 8192K [0x00000000b0000000, 0x0000000100000000)
  region size 1024K, 9 young (9216K), 0 survivors (0K)
 Metaspace       used 8249K, capacity 8387K, committed 8576K, reserved 1056768K
  class space    used 732K, capacity 794K, committed 896K, reserved 1048576K
Heap Regions: E=young(eden), S=young(survivor), O=old, HS=humongous(starts), HC=humongous(continues), CS=collection set, F=free, A=archive, TAMS=top-at-mark-start (previous, next)
|   0|0x00000000b0000000, 0x00000000b0000000, 0x00000000b0100000|  0%| F|  |TAMS 0x00000000b0000000, 0x00000000b0000000| Untracked 
|   1|0x00000000b0100000, 0x00000000b0100000, 0x00000000b0200000|  0%| F|  |TAMS 0x00000000b0100000, 0x00000000b0100000| Untracked 
|   2|0x00000000b0200000, 0x00000000b0200000, 0x00000000b0300000|  0%| F|  |TAMS 0x00000000b0200000, 0x00000000b0200000| Untracked 
|   3|0x00000000b0300000, 0x00000000b0300000, 0x00000000b0400000|  0%| F|  |TAMS 0x00000000b0300000, 0x00000000b0300000| Untracked 
|   4|0x00000000b0400000, 0x00000000b0400000, 0x00000000b0500000|  0%| F|  |TAMS 0x00000000b0400000, 0x00000000b0400000| Untracked 
|   5|0x00000000b0500000, 0x00000000b0500000, 0x00000000b0600000|  0%| F|  |TAMS 0x00000000b0500000, 0x00000000b0500000| Untracked 
|   6|0x00000000b0600000, 0x00000000b0600000, 0x00000000b0700000|  0%| F|  |TAMS 0x00000000b0600000, 0x00000000b0600000| Untracked 
|   7|0x00000000b0700000, 0x00000000b0700000, 0x00000000b0800000|  0%| F|  |TAMS 0x00000000b0700000, 0x00000000b0700000| Untracked 
|   8|0x00000000b0800000, 0x00000000b0800000, 0x00000000b0900000|  0%| F|  |TAMS 0x00000000b0800000, 0x00000000b0800000| Untracked 
|   9|0x00000000b0900000, 0x00000000b0900000, 0x00000000b0a00000|  0%| F|  |TAMS 0x00000000b0900000, 0x00000000b0900000| Untracked 
|  10|0x00000000b0a00000, 0x00000000b0a00000, 0x00000000b0b00000|  0%| F|  |TAMS 0x00000000b0a00000, 0x00000000b0a00000| Untracked 
|  11|0x00000000b0b00000, 0x00000000b0b00000, 0x00000000b0c00000|  0%| F|  |TAMS 0x00000000b0b00000, 0x00000000b0b00000| Untracked 
|  12|0x00000000b0c00000, 0x00000000b0c00000, 0x00000000b0d00000|  0%| F|  |TAMS 0x00000000b0c00000, 0x00000000b0c00000| Untracked 
|  13|0x00000000b0d00000, 0x00000000b0d00000, 0x00000000b0e00000|  0%| F|  |TAMS 0x00000000b0d00000, 0x00000000b0d00000| Untracked 
|  14|0x00000000b0e00000, 0x00000000b0e00000, 0x00000000b0f00000|  0%| F|  |TAMS 0x00000000b0e00000, 0x00000000b0e00000| Untracked 
|  15|0x00000000b0f00000, 0x00000000b0f00000, 0x00000000b1000000|  0%| F|  |TAMS 0x00000000b0f00000, 0x00000000b0f00000| Untracked 
|  16|0x00000000b1000000, 0x00000000b1000000, 0x00000000b1100000|  0%| F|  |TAMS 0x00000000b1000000, 0x00000000b1000000| Untracked 
|  17|0x00000000b1100000, 0x00000000b1100000, 0x00000000b1200000|  0%| F|  |TAMS 0x00000000b1100000, 0x00000000b1100000| Untracked 
|  18|0x00000000b1200000, 0x00000000b1200000, 0x00000000b1300000|  0%| F|  |TAMS 0x00000000b1200000, 0x00000000b1200000| Untracked 
|  19|0x00000000b1300000, 0x00000000b1300000, 0x00000000b1400000|  0%| F|  |TAMS 0x00000000b1300000, 0x00000000b1300000| Untracked 
|  20|0x00000000b1400000, 0x00000000b1400000, 0x00000000b1500000|  0%| F|  |TAMS 0x00000000b1400000, 0x00000000b1400000| Untracked 
|  21|0x00000000b1500000, 0x00000000b1500000, 0x00000000b1600000|  0%| F|  |TAMS 0x00000000b1500000, 0x00000000b1500000| Untracked 
|  22|0x00000000b1600000, 0x00000000b1600000, 0x00000000b1700000|  0%| F|  |TAMS 0x00000000b1600000, 0x00000000b1600000| Untracked 
|  23|0x00000000b1700000, 0x00000000b1700000, 0x00000000b1800000|  0%| F|  |TAMS 0x00000000b1700000, 0x00000000b1700000| Untracked 
|  24|0x00000000b1800000, 0x00000000b1800000, 0x00000000b1900000|  0%| F|  |TAMS 0x00000000b1800000, 0x00000000b1800000| Untracked 
|  25|0x00000000b1900000, 0x00000000b1900000, 0x00000000b1a00000|  0%| F|  |TAMS 0x00000000b1900000, 0x00000000b1900000| Untracked 
|  26|0x00000000b1a00000, 0x00000000b1a00000, 0x00000000b1b00000|  0%| F|  |TAMS 0x00000000b1a00000, 0x00000000b1a00000| Untracked 
|  27|0x00000000b1b00000, 0x00000000b1b00000, 0x00000000b1c00000|  0%| F|  |TAMS 0x00000000b1b00000, 0x00000000b1b00000| Untracked 
|  28|0x00000000b1c00000, 0x00000000b1c00000, 0x00000000b1d00000|  0%| F|  |TAMS 0x00000000b1c00000, 0x00000000b1c00000| Untracked 
|  29|0x00000000b1d00000, 0x00000000b1d00000, 0x00000000b1e00000|  0%| F|  |TAMS 0x00000000b1d00000, 0x00000000b1d00000| Untracked 
|  30|0x00000000b1e00000, 0x00000000b1e00000, 0x00000000b1f00000|  0%| F|  |TAMS 0x00000000b1e00000, 0x00000000b1e00000| Untracked 
|  31|0x00000000b1f00000, 0x00000000b1f00000, 0x00000000b2000000|  0%| F|  |TAMS 0x00000000b1f00000, 0x00000000b1f00000| Untracked 
|  32|0x00000000b2000000, 0x00000000b2000000, 0x00000000b2100000|  0%| F|  |TAMS 0x00000000b2000000, 0x00000000b2000000| Untracked 
|  33|0x00000000b2100000, 0x00000000b2100000, 0x00000000b2200000|  0%| F|  |TAMS 0x00000000b2100000, 0x00000000b2100000| Untracked 
|  34|0x00000000b2200000, 0x00000000b2200000, 0x00000000b2300000|  0%| F|  |TAMS 0x00000000b2200000, 0x00000000b2200000| Untracked 
|  35|0x00000000b2300000, 0x00000000b2300000, 0x00000000b2400000|  0%| F|  |TAMS 0x00000000b2300000, 0x00000000b2300000| Untracked 
|  36|0x00000000b2400000, 0x00000000b2400000, 0x00000000b2500000|  0%| F|  |TAMS 0x00000000b2400000, 0x00000000b2400000| Untracked 
|  37|0x00000000b2500000, 0x00000000b2500000, 0x00000000b2600000|  0%| F|  |TAMS 0x00000000b2500000, 0x00000000b2500000| Untracked 
|  38|0x00000000b2600000, 0x00000000b2600000, 0x00000000b2700000|  0%| F|  |TAMS 0x00000000b2600000, 0x00000000b2600000| Untracked 
|  39|0x00000000b2700000, 0x00000000b2700000, 0x00000000b2800000|  0%| F|  |TAMS 0x00000000b2700000, 0x00000000b2700000| Untracked 
|  40|0x00000000b2800000, 0x00000000b2800000, 0x00000000b2900000|  0%| F|  |TAMS 0x00000000b2800000, 0x00000000b2800000| Untracked 
|  41|0x00000000b2900000, 0x00000000b2900000, 0x00000000b2a00000|  0%| F|  |TAMS 0x00000000b2900000, 0x00000000b2900000| Untracked 
|  42|0x00000000b2a00000, 0x00000000b2a00000, 0x00000000b2b00000|  0%| F|  |TAMS 0x00000000b2a00000, 0x00000000b2a00000| Untracked 
|  43|0x00000000b2b00000, 0x00000000b2b00000, 0x00000000b2c00000|  0%| F|  |TAMS 0x00000000b2b00000, 0x00000000b2b00000| Untracked 
|  44|0x00000000b2c00000, 0x00000000b2c00000, 0x00000000b2d00000|  0%| F|  |TAMS 0x00000000b2c00000, 0x00000000b2c00000| Untracked 
|  45|0x00000000b2d00000, 0x00000000b2d00000, 0x00000000b2e00000|  0%| F|  |TAMS 0x00000000b2d00000, 0x00000000b2d00000| Untracked 
|  46|0x00000000b2e00000, 0x00000000b2e00000, 0x00000000b2f00000|  0%| F|  |TAMS 0x00000000b2e00000, 0x00000000b2e00000| Untracked 
|  47|0x00000000b2f00000, 0x00000000b2f00000, 0x00000000b3000000|  0%| F|  |TAMS 0x00000000b2f00000, 0x00000000b2f00000| Untracked 
|  48|0x00000000b3000000, 0x00000000b3000000, 0x00000000b3100000|  0%| F|  |TAMS 0x00000000b3000000, 0x00000000b3000000| Untracked 
|  49|0x00000000b3100000, 0x00000000b3100000, 0x00000000b3200000|  0%| F|  |TAMS 0x00000000b3100000, 0x00000000b3100000| Untracked 
|  50|0x00000000b3200000, 0x00000000b3200000, 0x00000000b3300000|  0%| F|  |TAMS 0x00000000b3200000, 0x00000000b3200000| Untracked 
|  51|0x00000000b3300000, 0x00000000b3300000, 0x00000000b3400000|  0%| F|  |TAMS 0x00000000b3300000, 0x00000000b3300000| Untracked 
|  52|0x00000000b3400000, 0x00000000b3400000, 0x00000000b3500000|  0%| F|  |TAMS 0x00000000b3400000, 0x00000000b3400000| Untracked 
|  53|0x00000000b3500000, 0x00000000b3500000, 0x00000000b3600000|  0%| F|  |TAMS 0x00000000b3500000, 0x00000000b3500000| Untracked 
|  54|0x00000000b3600000, 0x00000000b3600000, 0x00000000b3700000|  0%| F|  |TAMS 0x00000000b3600000, 0x00000000b3600000| Untracked 
|  55|0x00000000b3700000, 0x00000000b3700000, 0x00000000b3800000|  0%| F|  |TAMS 0x00000000b3700000, 0x00000000b3700000| Untracked 
|  56|0x00000000b3800000, 0x00000000b3800000, 0x00000000b3900000|  0%| F|  |TAMS 0x00000000b3800000, 0x00000000b3800000| Untracked 
|  57|0x00000000b3900000, 0x00000000b3900000, 0x00000000b3a00000|  0%| F|  |TAMS 0x00000000b3900000, 0x00000000b3900000| Untracked 
|  58|0x00000000b3a00000, 0x00000000b3a00000, 0x00000000b3b00000|  0%| F|  |TAMS 0x00000000b3a00000, 0x00000000b3a00000| Untracked 
|  59|0x00000000b3b00000, 0x00000000b3b00000, 0x00000000b3c00000|  0%| F|  |TAMS 0x00000000b3b00000, 0x00000000b3b00000| Untracked 
|  60|0x00000000b3c00000, 0x00000000b3c00000, 0x00000000b3d00000|  0%| F|  |TAMS 0x00000000b3c00000, 0x00000000b3c00000| Untracked 
|  61|0x00000000b3d00000, 0x00000000b3d00000, 0x00000000b3e00000|  0%| F|  |TAMS 0x00000000b3d00000, 0x00000000b3d00000| Untracked 
|  62|0x00000000b3e00000, 0x00000000b3e00000, 0x00000000b3f00000|  0%| F|  |TAMS 0x00000000b3e00000, 0x00000000b3e00000| Untracked 
|  63|0x00000000b3f00000, 0x00000000b3f00000, 0x00000000b4000000|  0%| F|  |TAMS 0x00000000b3f00000, 0x00000000b3f00000| Untracked 
|  64|0x00000000b4000000, 0x00000000b4000000, 0x00000000b4100000|  0%| F|  |TAMS 0x00000000b4000000, 0x00000000b4000000| Untracked 
|  65|0x00000000b4100000, 0x00000000b4100000, 0x00000000b4200000|  0%| F|  |TAMS 0x00000000b4100000, 0x00000000b4100000| Untracked 
|  66|0x00000000b4200000, 0x00000000b4200000, 0x00000000b4300000|  0%| F|  |TAMS 0x00000000b4200000, 0x00000000b4200000| Untracked 
|  67|0x00000000b4300000, 0x00000000b4300000, 0x00000000b4400000|  0%| F|  |TAMS 0x00000000b4300000, 0x00000000b4300000| Untracked 
|  68|0x00000000b4400000, 0x00000000b4400000, 0x00000000b4500000|  0%| F|  |TAMS 0x00000000b4400000, 0x00000000b4400000| Untracked 
|  69|0x00000000b4500000, 0x00000000b4500000, 0x00000000b4600000|  0%| F|  |TAMS 0x00000000b4500000, 0x00000000b4500000| Untracked 
|  70|0x00000000b4600000, 0x00000000b4600000, 0x00000000b4700000|  0%| F|  |TAMS 0x00000000b4600000, 0x00000000b4600000| Untracked 
|  71|0x00000000b4700000, 0x00000000b47d9e70, 0x00000000b4800000| 85%| E|  |TAMS 0x00000000b4700000, 0x00000000b4700000| Complete 
|  72|0x00000000b4800000, 0x00000000b4900000, 0x00000000b4900000|100%| E|CS|TAMS 0x00000000b4800000, 0x00000000b4800000| Complete 
|  73|0x00000000b4900000, 0x00000000b4a00000, 0x00000000b4a00000|100%| E|CS|TAMS 0x00000000b4900000, 0x00000000b4900000| Complete 
|  74|0x00000000b4a00000, 0x00000000b4b00000, 0x00000000b4b00000|100%| E|CS|TAMS 0x00000000b4a00000, 0x00000000b4a00000| Complete 
|  75|0x00000000b4b00000, 0x00000000b4c00000, 0x00000000b4c00000|100%| E|CS|TAMS 0x00000000b4b00000, 0x00000000b4b00000| Complete 
|  76|0x00000000b4c00000, 0x00000000b4d00000, 0x00000000b4d00000|100%| E|CS|TAMS 0x00000000b4c00000, 0x00000000b4c00000| Complete 
|  77|0x00000000b4d00000, 0x00000000b4e00000, 0x00000000b4e00000|100%| E|CS|TAMS 0x00000000b4d00000, 0x00000000b4d00000| Complete 
|  78|0x00000000b4e00000, 0x00000000b4f00000, 0x00000000b4f00000|100%| E|CS|TAMS 0x00000000b4e00000, 0x00000000b4e00000| Complete 
|  79|0x00000000b4f00000, 0x00000000b5000000, 0x00000000b5000000|100%| E|CS|TAMS 0x00000000b4f00000, 0x00000000b4f00000| Complete 

Card table byte_map: [0x00007f875df50000,0x00007f875e1d0000] _byte_map_base: 0x00007f875d9d0000

Marking Bits (Prev, Next): (CMBitMap*) 0x00007f875805b9d8, (CMBitMap*) 0x00007f875805ba18
 Prev Bits: [0x00007f875c8d0000, 0x00007f875dcd0000)
 Next Bits: [0x00007f8747c00000, 0x00007f8749000000)

Polling page: 0x00007f8762381000

Metaspace:

Usage:
  Non-class:      7,42 MB capacity,     7,34 MB ( 99%) used,    64,16 KB ( <1%) free+waste,    12,19 KB ( <1%) overhead. 
      Class:    794,00 KB capacity,   732,97 KB ( 92%) used,    55,09 KB (  7%) free+waste,     5,94 KB ( <1%) overhead. 
       Both:      8,19 MB capacity,     8,06 MB ( 98%) used,   119,25 KB (  1%) free+waste,    18,12 KB ( <1%) overhead. 

Virtual space:
  Non-class space:        8,00 MB reserved,       7,50 MB ( 94%) committed 
      Class space:        1,00 GB reserved,     896,00 KB ( <1%) committed 
             Both:        1,01 GB reserved,       8,38 MB ( <1%) committed 

Chunk freelists:
   Non-Class:  31,00 KB
       Class:  6,00 KB
        Both:  37,00 KB

MaxMetaspaceSize: unlimited
CompressedClassSpaceSize: 1,00 GB

CodeHeap 'non-profiled nmethods': size=120032Kb used=195Kb max_used=195Kb free=119836Kb
 bounds [0x00007f8750ac8000, 0x00007f8750d38000, 0x00007f8758000000]
CodeHeap 'profiled nmethods': size=120032Kb used=1019Kb max_used=1019Kb free=119012Kb
 bounds [0x00007f8749590000, 0x00007f8749800000, 0x00007f8750ac8000]
CodeHeap 'non-nmethods': size=5696Kb used=1117Kb max_used=1129Kb free=4578Kb
 bounds [0x00007f8749000000, 0x00007f8749270000, 0x00007f8749590000]
 total_blobs=1116 nmethods=607 adapters=257
 compilation: enabled
              stopped_count=0, restarted_count=0
 full_count=0

Compilation events (10 events):
Event: 1,293 Thread 0x00007f8758167000  604       3       java.util.LinkedHashMap$Entry::<init> (10 bytes)
Event: 1,294 Thread 0x00007f8758167000 nmethod 604 0x00007f874968d290 code [0x00007f874968d440, 0x00007f874968d770]
Event: 1,294 Thread 0x00007f8758167000  605       3       java.util.LinkedHashMap::afterNodeInsertion (40 bytes)
Event: 1,294 Thread 0x00007f8758167000 nmethod 605 0x00007f874968d890 code [0x00007f874968da40, 0x00007f874968dc70]
Event: 1,294 Thread 0x00007f8758167000  606       3       java.util.LinkedHashMap::linkNodeLast (33 bytes)
Event: 1,294 Thread 0x00007f8758167000 nmethod 606 0x00007f874968dd10 code [0x00007f874968dec0, 0x00007f874968e1f0]
Event: 1,295 Thread 0x00007f8758167000  607       3       jdk.internal.misc.Unsafe::putReferenceRelease (9 bytes)
Event: 1,295 Thread 0x00007f8758167000 nmethod 607 0x00007f874968e310 code [0x00007f874968e4c0, 0x00007f874968e670]
Event: 1,295 Thread 0x00007f8758167000  609       3       java.util.concurrent.ConcurrentHashMap::setTabAt (20 bytes)
Event: 1,295 Thread 0x00007f8758167000 nmethod 609 0x00007f874968e710 code [0x00007f874968e8c0, 0x00007f874968eb90]

GC Heap History (0 events):
No events

Deoptimization events (3 events):
Event: 0,723 Thread 0x00007f8758016800 Uncommon trap: reason=unstable_if action=reinterpret pc=0x00007f8750ad96b0 method=java.io.DataInputStream.readUTF(Ljava/io/DataInput;)Ljava/lang/String; @ 31 c2
Event: 0,850 Thread 0x00007f8758016800 Uncommon trap: reason=unstable_if action=reinterpret pc=0x00007f8750ae0180 method=java.util.HashMap.putVal(ILjava/lang/Object;Ljava/lang/Object;ZZ)Ljava/lang/Object; @ 236 c2
Event: 0,967 Thread 0x00007f87582ad800 Uncommon trap: reason=unstable_if action=reinterpret pc=0x00007f8750ae3b1c method=java.net.URI.match(CJJ)Z @ 19 c2

Classes unloaded (0 events):
No events

Classes redefined (0 events):
No events

Internal exceptions (10 events):
Event: 0,495 Thread 0x00007f8758016800 Exception <a 'java/lang/NoSuchMethodError'{0x00000000b4c0fbb0}: 'java.lang.Object java.lang.invoke.DirectMethodHandle$Holder.invokeInterface(java.lang.Object, java.lang.Object)'> (0x00000000b4c0fbb0) 
thrown [/home/dmitry/Downloads/LOOM/loom/src/hotspot/share/interpreter/linkResolver.cpp, line 768]
for thread 0x00007f8758016800
Event: 0,510 Thread 0x00007f8758016800 Exception <a 'java/lang/NoSuchMethodError'{0x00000000b4c16778}: 'int java.lang.invoke.DirectMethodHandle$Holder.invokeStatic(java.lang.Object, java.lang.Object)'> (0x00000000b4c16778) 
thrown [/home/dmitry/Downloads/LOOM/loom/src/hotspot/share/interpreter/linkResolver.cpp, line 768]
for thread 0x00007f8758016800
Event: 0,513 Thread 0x00007f8758016800 Exception <a 'java/lang/NoSuchMethodError'{0x00000000b4c20db8}: 'java.lang.Object java.lang.invoke.DirectMethodHandle$Holder.invokeVirtual(java.lang.Object, java.lang.Object)'> (0x00000000b4c20db8) 
thrown [/home/dmitry/Downloads/LOOM/loom/src/hotspot/share/interpreter/linkResolver.cpp, line 768]
for thread 0x00007f8758016800
Event: 0,515 Thread 0x00007f8758016800 Exception <a 'java/lang/NoSuchMethodError'{0x00000000b4c28980}: 'int java.lang.invoke.DirectMethodHandle$Holder.invokeSpecial(java.lang.Object, java.lang.Object)'> (0x00000000b4c28980) 
thrown [/home/dmitry/Downloads/LOOM/loom/src/hotspot/share/interpreter/linkResolver.cpp, line 768]
for thread 0x00007f8758016800
Event: 0,756 Thread 0x00007f8758016800 Exception <a 'java/lang/NoSuchMethodError'{0x00000000b4ab9910}: 'void java.lang.invoke.DirectMethodHandle$Holder.invokeStatic(java.lang.Object, java.lang.Object, java.lang.Object)'> (0x00000000b4ab9910) 
thrown [/home/dmitry/Downloads/LOOM/loom/src/hotspot/share/interpreter/linkResolver.cpp, line 768]
for thread 0x00007f8758016800
Event: 0,768 Thread 0x00007f8758016800 Exception <a 'java/lang/NoSuchMethodError'{0x00000000b4ae4ec8}: 'java.lang.Object java.lang.invoke.Invokers$Holder.linkToTargetMethod(java.lang.Object, java.lang.Object, java.lang.Object, java.lang.Object)'> (0x00000000b4ae4ec8) 
thrown [/home/dmitry/Downloads/LOOM/loom/src/hotspot/share/interpreter/linkResolver.cpp, line 768]
for thread 0x00007f8758016800
Event: 0,933 Thread 0x00007f8758016800 Exception <a 'java/lang/NoSuchMethodError'{0x00000000b49f0190}: 'void java.lang.invoke.DirectMethodHandle$Holder.invokeStatic(java.lang.Object)'> (0x00000000b49f0190) 
thrown [/home/dmitry/Downloads/LOOM/loom/src/hotspot/share/interpreter/linkResolver.cpp, line 768]
for thread 0x00007f8758016800
Event: 0,934 Thread 0x00007f8758016800 Exception <a 'java/lang/NoSuchMethodError'{0x00000000b49f48d8}: 'void java.lang.invoke.DirectMethodHandle$Holder.invokeSpecial(java.lang.Object, java.lang.Object)'> (0x00000000b49f48d8) 
thrown [/home/dmitry/Downloads/LOOM/loom/src/hotspot/share/interpreter/linkResolver.cpp, line 768]
for thread 0x00007f8758016800
Event: 0,958 Thread 0x00007f87582ad800 Exception <a 'java/lang/NoSuchMethodError'{0x00000000b4804e20}: 'java.lang.Object java.lang.invoke.DirectMethodHandle$Holder.invokeStatic(java.lang.Object)'> (0x00000000b4804e20) 
thrown [/home/dmitry/Downloads/LOOM/loom/src/hotspot/share/interpreter/linkResolver.cpp, line 768]
for thread 0x00007f87582ad800
Event: 0,959 Thread 0x00007f87582ad800 Exception <a 'java/lang/NoSuchMethodError'{0x00000000b4807c38}: 'java.lang.Object java.lang.invoke.DirectMethodHandle$Holder.invokeStaticInit(java.lang.Object)'> (0x00000000b4807c38) 
thrown [/home/dmitry/Downloads/LOOM/loom/src/hotspot/share/interpreter/linkResolver.cpp, line 768]
for thread 0x00007f87582ad800

Events (10 events):
Event: 1,286 loading class sun/util/resources/Bundles$CacheKeyReference done
Event: 1,286 loading class sun/util/resources/Bundles$BundleReference done
Event: 1,286 loading class sun/util/resources/cldr/TimeZoneNames_en
Event: 1,288 loading class sun/util/resources/cldr/TimeZoneNames_en done
Event: 1,288 loading class sun/util/resources/cldr/TimeZoneNames_en_US
Event: 1,288 loading class sun/util/resources/cldr/TimeZoneNames_en_US done
Event: 1,293 loading class java/util/LinkedHashMap$LinkedKeySet
Event: 1,293 loading class java/util/LinkedHashMap$LinkedKeySet done
Event: 1,294 loading class sun/util/locale/provider/LocaleResources$ResourceReference
Event: 1,294 loading class sun/util/locale/provider/LocaleResources$ResourceReference done


Dynamic libraries:
b0000000-b5000000 rw-p 00000000 00:00 0 
b5000000-100000000 ---p 00000000 00:00 0 
100000000-1000e0000 rw-p 00000000 00:00 0 
1000e0000-140000000 ---p 00000000 00:00 0 
558717264000-558717265000 r-xp 00000000 08:01 3284661                    /home/dmitry/Downloads/LOOM/loom/build/linux-x86_64-server-release/jdk/bin/java
558717465000-558717466000 r--p 00001000 08:01 3284661                    /home/dmitry/Downloads/LOOM/loom/build/linux-x86_64-server-release/jdk/bin/java
558717466000-558717467000 rw-p 00002000 08:01 3284661                    /home/dmitry/Downloads/LOOM/loom/build/linux-x86_64-server-release/jdk/bin/java
5587192ea000-55871930b000 rw-p 00000000 00:00 0                          [heap]
7f86ec000000-7f86ec045000 rw-p 00000000 00:00 0 
7f86ec045000-7f86f0000000 ---p 00000000 00:00 0 
7f86f4000000-7f86f4021000 rw-p 00000000 00:00 0 
7f86f4021000-7f86f8000000 ---p 00000000 00:00 0 
7f86f8000000-7f86f8021000 rw-p 00000000 00:00 0 
7f86f8021000-7f86fc000000 ---p 00000000 00:00 0 
7f86fc000000-7f86fc021000 rw-p 00000000 00:00 0 
7f86fc021000-7f8700000000 ---p 00000000 00:00 0 
7f8700000000-7f8700021000 rw-p 00000000 00:00 0 
7f8700021000-7f8704000000 ---p 00000000 00:00 0 
7f8704000000-7f8704139000 rw-p 00000000 00:00 0 
7f8704139000-7f8708000000 ---p 00000000 00:00 0 
7f8708000000-7f8708021000 rw-p 00000000 00:00 0 
7f8708021000-7f870c000000 ---p 00000000 00:00 0 
7f870c000000-7f870c021000 rw-p 00000000 00:00 0 
7f870c021000-7f8710000000 ---p 00000000 00:00 0 
7f8710000000-7f8710021000 rw-p 00000000 00:00 0 
7f8710021000-7f8714000000 ---p 00000000 00:00 0 
7f8716ed0000-7f87172cb000 rw-p 00000000 00:00 0 
7f87172cb000-7f87172cf000 ---p 00000000 00:00 0 
7f87172cf000-7f87173cc000 rw-p 00000000 00:00 0 
7f87173cc000-7f87173ce000 r-xp 00000000 08:01 3284826                    /home/dmitry/Downloads/LOOM/loom/build/linux-x86_64-server-release/jdk/lib/libextnet.so
7f87173ce000-7f87175cd000 ---p 00002000 08:01 3284826                    /home/dmitry/Downloads/LOOM/loom/build/linux-x86_64-server-release/jdk/lib/libextnet.so
7f87175cd000-7f87175ce000 r--p 00001000 08:01 3284826                    /home/dmitry/Downloads/LOOM/loom/build/linux-x86_64-server-release/jdk/lib/libextnet.so
7f87175ce000-7f87175cf000 rw-p 00002000 08:01 3284826                    /home/dmitry/Downloads/LOOM/loom/build/linux-x86_64-server-release/jdk/lib/libextnet.so
7f87175cf000-7f87175d3000 ---p 00000000 00:00 0 
7f87175d3000-7f87176d0000 rw-p 00000000 00:00 0 
7f87176d0000-7f87176d4000 ---p 00000000 00:00 0 
7f87176d4000-7f87177d1000 rw-p 00000000 00:00 0 
7f87177d1000-7f87177d5000 ---p 00000000 00:00 0 
7f87177d5000-7f87178d2000 rw-p 00000000 00:00 0 
7f87178d2000-7f87178d3000 ---p 00000000 00:00 0 
7f87178d3000-7f87179d4000 rw-p 00000000 00:00 0 
7f87179d4000-7f87179d8000 ---p 00000000 00:00 0 
7f87179d8000-7f8717ad5000 rw-p 00000000 00:00 0 
7f8717ad5000-7f8717ad9000 ---p 00000000 00:00 0 
7f8717ad9000-7f8717bd6000 rw-p 00000000 00:00 0 
7f8717bd6000-7f8717bec000 r-xp 00000000 08:01 3284639                    /home/dmitry/Downloads/LOOM/loom/build/linux-x86_64-server-release/jdk/lib/libnet.so
7f8717bec000-7f8717dec000 ---p 00016000 08:01 3284639                    /home/dmitry/Downloads/LOOM/loom/build/linux-x86_64-server-release/jdk/lib/libnet.so
7f8717dec000-7f8717ded000 r--p 00016000 08:01 3284639                    /home/dmitry/Downloads/LOOM/loom/build/linux-x86_64-server-release/jdk/lib/libnet.so
7f8717ded000-7f8717dee000 rw-p 00017000 08:01 3284639                    /home/dmitry/Downloads/LOOM/loom/build/linux-x86_64-server-release/jdk/lib/libnet.so
7f8717dee000-7f8717dff000 r-xp 00000000 08:01 3284642                    /home/dmitry/Downloads/LOOM/loom/build/linux-x86_64-server-release/jdk/lib/libnio.so
7f8717dff000-7f8717ffe000 ---p 00011000 08:01 3284642                    /home/dmitry/Downloads/LOOM/loom/build/linux-x86_64-server-release/jdk/lib/libnio.so
7f8717ffe000-7f8717fff000 r--p 00010000 08:01 3284642                    /home/dmitry/Downloads/LOOM/loom/build/linux-x86_64-server-release/jdk/lib/libnio.so
7f8717fff000-7f8718000000 rw-p 00011000 08:01 3284642                    /home/dmitry/Downloads/LOOM/loom/build/linux-x86_64-server-release/jdk/lib/libnio.so
7f8718000000-7f871838b000 rw-p 00000000 00:00 0 
7f871838b000-7f871c000000 ---p 00000000 00:00 0 
7f871c000000-7f871c321000 rw-p 00000000 00:00 0 
7f871c321000-7f8720000000 ---p 00000000 00:00 0 
7f8720000000-7f8720021000 rw-p 00000000 00:00 0 
7f8720021000-7f8724000000 ---p 00000000 00:00 0 
7f8724000000-7f8724021000 rw-p 00000000 00:00 0 
7f8724021000-7f8728000000 ---p 00000000 00:00 0 
7f8728000000-7f8728021000 rw-p 00000000 00:00 0 
7f8728021000-7f872c000000 ---p 00000000 00:00 0 
7f872c000000-7f872c021000 rw-p 00000000 00:00 0 
7f872c021000-7f8730000000 ---p 00000000 00:00 0 
7f8730000000-7f8730021000 rw-p 00000000 00:00 0 
7f8730021000-7f8734000000 ---p 00000000 00:00 0 
7f8734000000-7f8734021000 rw-p 00000000 00:00 0 
7f8734021000-7f8738000000 ---p 00000000 00:00 0 
7f8738000000-7f8738021000 rw-p 00000000 00:00 0 
7f8738021000-7f873c000000 ---p 00000000 00:00 0 
7f873c000000-7f873c021000 rw-p 00000000 00:00 0 
7f873c021000-7f8740000000 ---p 00000000 00:00 0 
7f8740000000-7f8740021000 rw-p 00000000 00:00 0 
7f8740021000-7f8744000000 ---p 00000000 00:00 0 
7f87440a5000-7f87440a9000 ---p 00000000 00:00 0 
7f87440a9000-7f87441a6000 rw-p 00000000 00:00 0 
7f87441a6000-7f87441aa000 ---p 00000000 00:00 0 
7f87441aa000-7f87442a7000 rw-p 00000000 00:00 0 
7f87442a7000-7f87442ab000 ---p 00000000 00:00 0 
7f87442ab000-7f87443a8000 rw-p 00000000 00:00 0 
7f87443a8000-7f87443ac000 ---p 00000000 00:00 0 
7f87443ac000-7f87444a9000 rw-p 00000000 00:00 0 
7f87444a9000-7f87444ad000 ---p 00000000 00:00 0 
7f87444ad000-7f87445aa000 rw-p 00000000 00:00 0 
7f87445aa000-7f8744f79000 r--p 00000000 08:01 10230401                   /usr/lib/locale/locale-archive
7f8744f79000-7f8744f7d000 ---p 00000000 00:00 0 
7f8744f7d000-7f874507a000 rw-p 00000000 00:00 0 
7f874507a000-7f874507e000 ---p 00000000 00:00 0 
7f874507e000-7f874517b000 rw-p 00000000 00:00 0 
7f874517b000-7f874517c000 ---p 00000000 00:00 0 
7f874517c000-7f8745a7e000 rw-p 00000000 00:00 0 
7f8745a7e000-7f8745afe000 ---p 00000000 00:00 0 
7f8745afe000-7f8745aff000 ---p 00000000 00:00 0 
7f8745aff000-7f8747d40000 rw-p 00000000 00:00 0 
7f8747d40000-7f8749000000 ---p 00000000 00:00 0 
7f8749000000-7f8749270000 rwxp 00000000 00:00 0 
7f8749270000-7f8749590000 ---p 00000000 00:00 0 
7f8749590000-7f8749800000 rwxp 00000000 00:00 0 
7f8749800000-7f8750ac8000 ---p 00000000 00:00 0 
7f8750ac8000-7f8750d38000 rwxp 00000000 00:00 0 
7f8750d38000-7f8758000000 ---p 00000000 00:00 0 
7f8758000000-7f87582bc000 rw-p 00000000 00:00 0 
7f87582bc000-7f875c000000 ---p 00000000 00:00 0 
7f875c038000-7f875c0c4000 rw-p 00000000 00:00 0 
7f875c0c4000-7f875c0c5000 ---p 00000000 00:00 0 
7f875c0c5000-7f875c5ca000 rw-p 00000000 00:00 0 
7f875c5ca000-7f875c5cb000 ---p 00000000 00:00 0 
7f875c5cb000-7f875c6cc000 rw-p 00000000 00:00 0 
7f875c6cc000-7f875c6cd000 ---p 00000000 00:00 0 
7f875c6cd000-7f875c7ce000 rw-p 00000000 00:00 0 
7f875c7ce000-7f875c7cf000 ---p 00000000 00:00 0 
7f875c7cf000-7f875ca10000 rw-p 00000000 00:00 0 
7f875ca10000-7f875dcd0000 ---p 00000000 00:00 0 
7f875dcd0000-7f875dcf8000 rw-p 00000000 00:00 0 
7f875dcf8000-7f875df50000 ---p 00000000 00:00 0 
7f875df50000-7f875df78000 rw-p 00000000 00:00 0 
7f875df78000-7f875e1d0000 ---p 00000000 00:00 0 
7f875e1d0000-7f875e1f8000 rw-p 00000000 00:00 0 
7f875e1f8000-7f875e450000 ---p 00000000 00:00 0 
7f875e450000-7f875e859000 rw-p 00000000 00:00 0 
7f875e859000-7f875e93f000 ---p 00000000 00:00 0 
7f875e93f000-7f875e944000 rw-p 00000000 00:00 0 
7f875e944000-7f875ea2a000 ---p 00000000 00:00 0 
7f875ea2a000-7f875ea45000 r-xp 00000000 08:01 3284638                    /home/dmitry/Downloads/LOOM/loom/build/linux-x86_64-server-release/jdk/lib/libjimage.so
7f875ea45000-7f875ec44000 ---p 0001b000 08:01 3284638                    /home/dmitry/Downloads/LOOM/loom/build/linux-x86_64-server-release/jdk/lib/libjimage.so
7f875ec44000-7f875ec46000 r--p 0001a000 08:01 3284638                    /home/dmitry/Downloads/LOOM/loom/build/linux-x86_64-server-release/jdk/lib/libjimage.so
7f875ec46000-7f875ec47000 rw-p 0001c000 08:01 3284638                    /home/dmitry/Downloads/LOOM/loom/build/linux-x86_64-server-release/jdk/lib/libjimage.so
7f875ec47000-7f875ec4e000 r-xp 00000000 08:01 3284635                    /home/dmitry/Downloads/LOOM/loom/build/linux-x86_64-server-release/jdk/lib/libzip.so
7f875ec4e000-7f875ee4d000 ---p 00007000 08:01 3284635                    /home/dmitry/Downloads/LOOM/loom/build/linux-x86_64-server-release/jdk/lib/libzip.so
7f875ee4d000-7f875ee4e000 r--p 00006000 08:01 3284635                    /home/dmitry/Downloads/LOOM/loom/build/linux-x86_64-server-release/jdk/lib/libzip.so
7f875ee4e000-7f875ee4f000 rw-p 00007000 08:01 3284635                    /home/dmitry/Downloads/LOOM/loom/build/linux-x86_64-server-release/jdk/lib/libzip.so
7f875ee4f000-7f875ee5a000 r-xp 00000000 08:01 1184572                    /lib/x86_64-linux-gnu/libnss_files-2.27.so
7f875ee5a000-7f875f059000 ---p 0000b000 08:01 1184572                    /lib/x86_64-linux-gnu/libnss_files-2.27.so
7f875f059000-7f875f05a000 r--p 0000a000 08:01 1184572                    /lib/x86_64-linux-gnu/libnss_files-2.27.so
7f875f05a000-7f875f05b000 rw-p 0000b000 08:01 1184572                    /lib/x86_64-linux-gnu/libnss_files-2.27.so
7f875f05b000-7f875f061000 rw-p 00000000 00:00 0 
7f875f061000-7f875f078000 r-xp 00000000 08:01 1184566                    /lib/x86_64-linux-gnu/libnsl-2.27.so
7f875f078000-7f875f277000 ---p 00017000 08:01 1184566                    /lib/x86_64-linux-gnu/libnsl-2.27.so
7f875f277000-7f875f278000 r--p 00016000 08:01 1184566                    /lib/x86_64-linux-gnu/libnsl-2.27.so
7f875f278000-7f875f279000 rw-p 00017000 08:01 1184566                    /lib/x86_64-linux-gnu/libnsl-2.27.so
7f875f279000-7f875f27b000 rw-p 00000000 00:00 0 
7f875f27b000-7f875f286000 r-xp 00000000 08:01 1184583                    /lib/x86_64-linux-gnu/libnss_nis-2.27.so
7f875f286000-7f875f485000 ---p 0000b000 08:01 1184583                    /lib/x86_64-linux-gnu/libnss_nis-2.27.so
7f875f485000-7f875f486000 r--p 0000a000 08:01 1184583                    /lib/x86_64-linux-gnu/libnss_nis-2.27.so
7f875f486000-7f875f487000 rw-p 0000b000 08:01 1184583                    /lib/x86_64-linux-gnu/libnss_nis-2.27.so
7f875f487000-7f875f48f000 r-xp 00000000 08:01 1184568                    /lib/x86_64-linux-gnu/libnss_compat-2.27.so
7f875f48f000-7f875f68f000 ---p 00008000 08:01 1184568                    /lib/x86_64-linux-gnu/libnss_compat-2.27.so
7f875f68f000-7f875f690000 r--p 00008000 08:01 1184568                    /lib/x86_64-linux-gnu/libnss_compat-2.27.so
7f875f690000-7f875f691000 rw-p 00009000 08:01 1184568                    /lib/x86_64-linux-gnu/libnss_compat-2.27.so
7f875f691000-7f875f6ba000 r-xp 00000000 08:01 3284634                    /home/dmitry/Downloads/LOOM/loom/build/linux-x86_64-server-release/jdk/lib/libjava.so
7f875f6ba000-7f875f8b9000 ---p 00029000 08:01 3284634                    /home/dmitry/Downloads/LOOM/loom/build/linux-x86_64-server-release/jdk/lib/libjava.so
7f875f8b9000-7f875f8ba000 r--p 00028000 08:01 3284634                    /home/dmitry/Downloads/LOOM/loom/build/linux-x86_64-server-release/jdk/lib/libjava.so
7f875f8ba000-7f875f8bc000 rw-p 00029000 08:01 3284634                    /home/dmitry/Downloads/LOOM/loom/build/linux-x86_64-server-release/jdk/lib/libjava.so
7f875f8bc000-7f875f8c9000 r-xp 00000000 08:01 3284627                    /home/dmitry/Downloads/LOOM/loom/build/linux-x86_64-server-release/jdk/lib/libverify.so
7f875f8c9000-7f875fac8000 ---p 0000d000 08:01 3284627                    /home/dmitry/Downloads/LOOM/loom/build/linux-x86_64-server-release/jdk/lib/libverify.so
7f875fac8000-7f875faca000 r--p 0000c000 08:01 3284627                    /home/dmitry/Downloads/LOOM/loom/build/linux-x86_64-server-release/jdk/lib/libverify.so
7f875faca000-7f875facb000 rw-p 0000e000 08:01 3284627                    /home/dmitry/Downloads/LOOM/loom/build/linux-x86_64-server-release/jdk/lib/libverify.so
7f875facb000-7f875fc68000 r-xp 00000000 08:01 1184545                    /lib/x86_64-linux-gnu/libm-2.27.so
7f875fc68000-7f875fe67000 ---p 0019d000 08:01 1184545                    /lib/x86_64-linux-gnu/libm-2.27.so
7f875fe67000-7f875fe68000 r--p 0019c000 08:01 1184545                    /lib/x86_64-linux-gnu/libm-2.27.so
7f875fe68000-7f875fe69000 rw-p 0019d000 08:01 1184545                    /lib/x86_64-linux-gnu/libm-2.27.so
7f875fe69000-7f8761195000 r-xp 00000000 08:01 3284625                    /home/dmitry/Downloads/LOOM/loom/build/linux-x86_64-server-release/jdk/lib/server/libjvm.so
7f8761195000-7f8761394000 ---p 0132c000 08:01 3284625                    /home/dmitry/Downloads/LOOM/loom/build/linux-x86_64-server-release/jdk/lib/server/libjvm.so
7f8761394000-7f876145c000 r--p 0132b000 08:01 3284625                    /home/dmitry/Downloads/LOOM/loom/build/linux-x86_64-server-release/jdk/lib/server/libjvm.so
7f876145c000-7f8761497000 rw-p 013f3000 08:01 3284625                    /home/dmitry/Downloads/LOOM/loom/build/linux-x86_64-server-release/jdk/lib/server/libjvm.so
7f8761497000-7f876151d000 rw-p 00000000 00:00 0 
7f876151d000-7f8761537000 r-xp 00000000 08:01 1184615                    /lib/x86_64-linux-gnu/libpthread-2.27.so
7f8761537000-7f8761736000 ---p 0001a000 08:01 1184615                    /lib/x86_64-linux-gnu/libpthread-2.27.so
7f8761736000-7f8761737000 r--p 00019000 08:01 1184615                    /lib/x86_64-linux-gnu/libpthread-2.27.so
7f8761737000-7f8761738000 rw-p 0001a000 08:01 1184615                    /lib/x86_64-linux-gnu/libpthread-2.27.so
7f8761738000-7f876173c000 rw-p 00000000 00:00 0 
7f876173c000-7f876173f000 r-xp 00000000 08:01 1184505                    /lib/x86_64-linux-gnu/libdl-2.27.so
7f876173f000-7f876193e000 ---p 00003000 08:01 1184505                    /lib/x86_64-linux-gnu/libdl-2.27.so
7f876193e000-7f876193f000 r--p 00002000 08:01 1184505                    /lib/x86_64-linux-gnu/libdl-2.27.so
7f876193f000-7f8761940000 rw-p 00003000 08:01 1184505                    /lib/x86_64-linux-gnu/libdl-2.27.so
7f8761940000-7f876195c000 r-xp 00000000 08:01 1184654                    /lib/x86_64-linux-gnu/libz.so.1.2.11
7f876195c000-7f8761b5b000 ---p 0001c000 08:01 1184654                    /lib/x86_64-linux-gnu/libz.so.1.2.11
7f8761b5b000-7f8761b5c000 r--p 0001b000 08:01 1184654                    /lib/x86_64-linux-gnu/libz.so.1.2.11
7f8761b5c000-7f8761b5d000 rw-p 0001c000 08:01 1184654                    /lib/x86_64-linux-gnu/libz.so.1.2.11
7f8761b5d000-7f8761d44000 r-xp 00000000 08:01 1184482                    /lib/x86_64-linux-gnu/libc-2.27.so
7f8761d44000-7f8761f44000 ---p 001e7000 08:01 1184482                    /lib/x86_64-linux-gnu/libc-2.27.so
7f8761f44000-7f8761f48000 r--p 001e7000 08:01 1184482                    /lib/x86_64-linux-gnu/libc-2.27.so
7f8761f48000-7f8761f4a000 rw-p 001eb000 08:01 1184482                    /lib/x86_64-linux-gnu/libc-2.27.so
7f8761f4a000-7f8761f4e000 rw-p 00000000 00:00 0 
7f8761f4e000-7f8761f5e000 r-xp 00000000 08:01 3284629                    /home/dmitry/Downloads/LOOM/loom/build/linux-x86_64-server-release/jdk/lib/libjli.so
7f8761f5e000-7f876215d000 ---p 00010000 08:01 3284629                    /home/dmitry/Downloads/LOOM/loom/build/linux-x86_64-server-release/jdk/lib/libjli.so
7f876215d000-7f876215e000 r--p 0000f000 08:01 3284629                    /home/dmitry/Downloads/LOOM/loom/build/linux-x86_64-server-release/jdk/lib/libjli.so
7f876215e000-7f876215f000 rw-p 00010000 08:01 3284629                    /home/dmitry/Downloads/LOOM/loom/build/linux-x86_64-server-release/jdk/lib/libjli.so
7f876215f000-7f8762186000 r-xp 00000000 08:01 1184454                    /lib/x86_64-linux-gnu/ld-2.27.so
7f87621b3000-7f8762266000 rw-p 00000000 00:00 0 
7f8762266000-7f876226d000 ---p 00000000 00:00 0 
7f876226d000-7f8762271000 ---p 00000000 00:00 0 
7f8762271000-7f8762370000 rw-p 00000000 00:00 0 
7f8762379000-7f8762381000 rw-s 00000000 08:01 524312                     /tmp/hsperfdata_dmitry/22291
7f8762381000-7f8762382000 ---p 00000000 00:00 0 
7f8762382000-7f8762383000 r--p 00000000 00:00 0 
7f8762383000-7f8762384000 ---p 00000000 00:00 0 
7f8762384000-7f8762386000 rw-p 00000000 00:00 0 
7f8762386000-7f8762387000 r--p 00027000 08:01 1184454                    /lib/x86_64-linux-gnu/ld-2.27.so
7f8762387000-7f8762388000 rw-p 00028000 08:01 1184454                    /lib/x86_64-linux-gnu/ld-2.27.so
7f8762388000-7f8762389000 rw-p 00000000 00:00 0 
7fff07c5e000-7fff07c81000 rw-p 00000000 00:00 0                          [stack]
7fff07dd1000-7fff07dd4000 r--p 00000000 00:00 0                          [vvar]
7fff07dd4000-7fff07dd6000 r-xp 00000000 00:00 0                          [vdso]
ffffffffff600000-ffffffffff601000 r-xp 00000000 00:00 0                  [vsyscall]


VM Arguments:
jvm_args: -Didea.launcher.port=21225 -Didea.launcher.bin.path=/home/dmitry/Downloads/idea-IC-183.5912.21/bin -Dfile.encoding=UTF-8 
java_command: com.intellij.rt.execution.application.AppMainV2 Main
java_class_path (initial): /home/dmitry/Downloads/LOOM/loom/build/linux-x86_64-server-release/jdk/modules/java.base:/home/dmitry/Downloads/LOOM/loom/build/linux-x86_64-server-release/jdk/modules/java.compiler:/home/dmitry/Downloads/LOOM/loom/build/linux-x86_64-server-release/jdk/modules/java.datatransfer:/home/dmitry/Downloads/LOOM/loom/build/linux-x86_64-server-release/jdk/modules/java.desktop:/home/dmitry/Downloads/LOOM/loom/build/linux-x86_64-server-release/jdk/modules/java.instrument:/home/dmitry/Downloads/LOOM/loom/build/linux-x86_64-server-release/jdk/modules/java.logging:/home/dmitry/Downloads/LOOM/loom/build/linux-x86_64-server-release/jdk/modules/java.management:/home/dmitry/Downloads/LOOM/loom/build/linux-x86_64-server-release/jdk/modules/java.management.rmi:/home/dmitry/Downloads/LOOM/loom/build/linux-x86_64-server-release/jdk/modules/java.naming:/home/dmitry/Downloads/LOOM/loom/build/linux-x86_64-server-release/jdk/modules/java.net.http:/home/dmitry/Downloads/LOOM/loom/build/linux-x86_64-server-release/jdk/modules/java.prefs:/home/dmitry/Downloads/LOOM/loom/build/linux-x86_64-server-release/jdk/modules/java.rmi:/home/dmitry/Downloads/LOOM/loom/build/linux-x86_64-server-release/jdk/modules/java.scripting:/home/dmitry/Downloads/LOOM/loom/build/linux-x86_64-server-release/jdk/modules/java.se:/home/dmitry/Downloads/LOOM/loom/build/linux-x86_64-server-release/jdk/modules/java.security.jgss:/home/dmitry/Downloads/LOOM/loom/build/linux-x86_64-server-release/jdk/modules/java.security.sasl:/home/dmitry/Downloads/LOOM/loom/build/linux-x86_64-server-release/jdk/modules/java.smartcardio:/home/dmitry/Downloads/LOOM/loom/build/linux-x86_64-server-release/jdk/modules/java.sql:/home/dmitry/Downloads/LOOM/loom/build/linux-x86_64-server-release/jdk/modules/java.sql.rowset:/home/dmitry/Downloads/LOOM/loom/build/linux-x86_64-server-release/jdk/modules/java.transaction.xa:/home/dmitry/Downloads/LOOM/loom/build/linux-x86_64-server-release/jdk/modules/java.xml:/home/dmitry/D
Launcher Type: SUN_STANDARD

[Global flags]
     intx CICompilerCount                          = 3                                         {product} {ergonomic}
     uint ConcGCThreads                            = 1                                         {product} {ergonomic}
     uint G1ConcRefinementThreads                  = 4                                         {product} {ergonomic}
   size_t G1HeapRegionSize                         = 1048576                                   {product} {ergonomic}
    uintx GCDrainStackTargetSize                   = 64                                        {product} {ergonomic}
   size_t InitialHeapSize                          = 83886080                                  {product} {ergonomic}
   size_t MarkStackSize                            = 4194304                                   {product} {ergonomic}
   size_t MaxHeapSize                              = 1342177280                                {product} {ergonomic}
   size_t MaxNewSize                               = 805306368                                 {product} {ergonomic}
   size_t MinHeapDeltaBytes                        = 1048576                                   {product} {ergonomic}
    uintx NonNMethodCodeHeapSize                   = 5830732                                {pd product} {ergonomic}
    uintx NonProfiledCodeHeapSize                  = 122913754                              {pd product} {ergonomic}
    uintx ProfiledCodeHeapSize                     = 122913754                              {pd product} {ergonomic}
    uintx ReservedCodeCacheSize                    = 251658240                              {pd product} {ergonomic}
     bool SegmentedCodeCache                       = true                                      {product} {ergonomic}
     bool UseCompressedClassPointers               = true                                 {lp64_product} {ergonomic}
     bool UseCompressedOops                        = true                                 {lp64_product} {ergonomic}
     bool UseG1GC                                  = true                                      {product} {ergonomic}

Logging:
Log output configuration:
 #0: stdout all=warning uptime,level,tags
 #1: stderr all=off uptime,level,tags

Environment Variables:
JAVA_HOME=/home/dmitry/usr/local/java/jdk1.8.0
PATH=/bin:/bin:/usr/local/sbin:/usr/local/bin:/usr/sbin:/usr/bin:/sbin:/bin:/usr/games:/usr/local/games:/snap/bin
USERNAME=dmitry
SHELL=/bin/bash
DISPLAY=:0

Signal Handlers:
SIGSEGV: [libjvm.so+0xfe38e0], sa_mask[0]=11111111011111111101111111111110, sa_flags=SA_RESTART|SA_SIGINFO
SIGBUS: [libjvm.so+0xfe38e0], sa_mask[0]=11111111011111111101111111111110, sa_flags=SA_RESTART|SA_SIGINFO
SIGFPE: [libjvm.so+0xfe38e0], sa_mask[0]=11111111011111111101111111111110, sa_flags=SA_RESTART|SA_SIGINFO
SIGPIPE: [libjvm.so+0xc81160], sa_mask[0]=11111111011111111101111111111110, sa_flags=SA_RESTART|SA_SIGINFO
SIGXFSZ: [libjvm.so+0xc81160], sa_mask[0]=11111111011111111101111111111110, sa_flags=SA_RESTART|SA_SIGINFO
SIGILL: [libjvm.so+0xfe38e0], sa_mask[0]=11111111011111111101111111111110, sa_flags=SA_RESTART|SA_SIGINFO
SIGUSR2: [libjvm.so+0xc81000], sa_mask[0]=00100000000000000000000000000000, sa_flags=SA_RESTART|SA_SIGINFO
SIGHUP: [libjvm.so+0xc81600], sa_mask[0]=11111111011111111101111111111110, sa_flags=SA_RESTART|SA_SIGINFO
SIGINT: [libjvm.so+0xc81600], sa_mask[0]=11111111011111111101111111111110, sa_flags=SA_RESTART|SA_SIGINFO
SIGTERM: [libjvm.so+0xc81600], sa_mask[0]=11111111011111111101111111111110, sa_flags=SA_RESTART|SA_SIGINFO
SIGQUIT: [libjvm.so+0xc81600], sa_mask[0]=11111111011111111101111111111110, sa_flags=SA_RESTART|SA_SIGINFO


---------------  S Y S T E M  ---------------

OS:DISTRIB_ID=Ubuntu
DISTRIB_RELEASE=18.04
DISTRIB_CODENAME=bionic
DISTRIB_DESCRIPTION="Ubuntu 18.04.2 LTS"
uname:Linux 4.18.0-18-generic #19~18.04.1-Ubuntu SMP Fri Apr 5 10:22:13 UTC 2019 x86_64
libc:glibc 2.27 NPTL 2.27 
rlimit: STACK 8192k, CORE 0k, NPROC 20276, NOFILE 4096, AS infinity, DATA infinity, FSIZE infinity
load average:0,77 1,87 3,41

/proc/meminfo:
MemTotal:        5234984 kB
MemFree:          458880 kB
MemAvailable:    3307192 kB
Buffers:           53316 kB
Cached:          2956792 kB
SwapCached:       129060 kB
Active:          2211056 kB
Inactive:        2272088 kB
Active(anon):     973136 kB
Inactive(anon):   526976 kB
Active(file):    1237920 kB
Inactive(file):  1745112 kB
Unevictable:          32 kB
Mlocked:              32 kB
SwapTotal:       2097148 kB
SwapFree:        1286908 kB
Dirty:               228 kB
Writeback:             0 kB
AnonPages:       1427564 kB
Mapped:           122436 kB
Shmem:             27076 kB
Slab:             186716 kB
SReclaimable:     144808 kB
SUnreclaim:        41908 kB
KernelStack:        9488 kB
PageTables:        35696 kB
NFS_Unstable:          0 kB
Bounce:                0 kB
WritebackTmp:          0 kB
CommitLimit:     4714640 kB
Committed_AS:    5360044 kB
VmallocTotal:   34359738367 kB
VmallocUsed:           0 kB
VmallocChunk:          0 kB
HardwareCorrupted:     0 kB
AnonHugePages:         0 kB
ShmemHugePages:        0 kB
ShmemPmdMapped:        0 kB
CmaTotal:              0 kB
CmaFree:               0 kB
HugePages_Total:       0
HugePages_Free:        0
HugePages_Rsvd:        0
HugePages_Surp:        0
Hugepagesize:       2048 kB
Hugetlb:               0 kB
DirectMap4k:      131008 kB
DirectMap2M:     5279744 kB


/proc/sys/kernel/threads-max (system-wide limit on the number of threads):
40552


/proc/sys/vm/max_map_count (maximum number of memory map areas a process may have):
65530


/proc/sys/kernel/pid_max (system-wide limit on number of process identifiers):
32768



container (cgroup) information:
container_type: cgroupv1
cpu_cpuset_cpus: 0-3
cpu_memory_nodes: 0
active_processor_count: 4
cpu_quota: no quota
cpu_period: 100000
cpu_shares: no shares
memory_limit_in_bytes: unlimited
memory_and_swap_limit_in_bytes: not supported
memory_soft_limit_in_bytes: unlimited
memory_usage_in_bytes: 4558123008
memory_max_usage_in_bytes: 9842688

KVM virtualization detected
Steal ticks since vm start: 0
Steal ticks percentage since vm start:  0,000

CPU:total 4 (initial active 4) (4 cores per cpu, 1 threads per core) family 6 model 60 stepping 3, cmov, cx8, fxsr, mmx, sse, sse2, sse3, ssse3, sse4.1, sse4.2, popcnt, avx, avx2, aes, clmul, lzcnt, tsc, tscinvbit
CPU Model and flags from /proc/cpuinfo:
model name	: Intel(R) Core(TM) i7-4700HQ CPU @ 2.40GHz
flags		: fpu vme de pse tsc msr pae mce cx8 apic sep mtrr pge mca cmov pat pse36 clflush mmx fxsr sse sse2 ht syscall nx rdtscp lm constant_tsc rep_good nopl xtopology nonstop_tsc cpuid tsc_known_freq pni pclmulqdq ssse3 cx16 pcid sse4_1 sse4_2 x2apic movbe popcnt aes xsave avx rdrand hypervisor lahf_lm abm invpcid_single pti fsgsbase avx2 invpcid flush_l1d

Memory: 4k page, physical 5234984k(458880k free), swap 2097148k(1286908k free)

vm_info: OpenJDK 64-Bit Server VM (13-internal+0-adhoc.dmitry.loom) for linux-amd64 JRE (13-internal+0-adhoc.dmitry.loom), built on May 15 2019 17:47:22 by "dmitry" with gcc 7.4.0

END.
