#
# A fatal error has been detected by the Java Runtime Environment:
#
#  SIGSEGV (0xb) at pc=0x00007fda08390b6a, pid=21192, tid=21230
#
# JRE version: OpenJDK Runtime Environment (13.0) (build 13-internal+0-adhoc.dmitry.loom)
# Java VM: OpenJDK 64-Bit Server VM (13-internal+0-adhoc.dmitry.loom, mixed mode, tiered, compressed oops, g1 gc, linux-amd64)
# Problematic frame:
# V  [libjvm.so+0x683b6a]  ContMirror::read()+0x1a
#
# Core dump will be written. Default location: Core dumps may be processed with "/usr/share/apport/apport %p %s %c %d %P" (or dumping to /home/dmitry/Downloads/LoadDetector/core.21192)
#
# If you would like to submit a bug report, please visit:
#   http://bugreport.java.com/bugreport/crash.jsp
#

---------------  S U M M A R Y ------------

Command Line: -agentlib:jdwp=transport=dt_socket,address=127.0.0.1:1633,suspend=y,server=n -Dfile.encoding=UTF-8 Main

Host: Intel(R) Core(TM) i7-4700HQ CPU @ 2.40GHz, 4 cores, 4G, Ubuntu 18.04.2 LTS
Time: Sat May 18 19:26:06 2019 MSK elapsed time: 38 seconds (0d 0h 0m 38s)

---------------  T H R E A D  ---------------

Current thread (0x00007fda002ad000):  JavaThread "Thread-1" [_thread_in_vm, id=21230, stack(0x00007fd9c70c6000,0x00007fd9c71c7000)]

Stack: [0x00007fd9c70c6000,0x00007fd9c71c7000],  sp=0x00007fd9c71c31a0,  free space=1012k
Native frames: (J=compiled Java code, A=aot compiled Java code, j=interpreted, Vv=VM code, C=native code)
V  [libjvm.so+0x683b6a]  ContMirror::read()+0x1a
V  [libjvm.so+0x689275]  Continuation::freeze0(JavaThread*, FrameInfo*, bool) [clone .part.305]+0x565
V  [libjvm.so+0x6899b7]  Continuation::freeze(JavaThread*, FrameInfo*)+0x127
v  ~RuntimeStub::cont_doYield
C  0x00007fd9c71c5870

Java frames: (J=compiled Java code, j=interpreted, Vv=VM code)
v  ~RuntimeStub::cont_doYield
j  java.lang.Continuation.yield0(Ljava/lang/ContinuationScope;Ljava/lang/Continuation;)Z+60 java.base
j  java.lang.Continuation.yield(Ljava/lang/Thread;Ljava/lang/ContinuationScope;)Z+71 java.base
j  Main.lambda$main$1(Ljava/lang/Thread;Ljava/lang/ContinuationScope;Ljava/lang/Continuation;)V+21
j  Main$$Lambda$38.run()V+12
j  java.lang.Thread.run()V+11 java.base
v  ~StubRoutines::call_stub

siginfo: si_signo: 11 (SIGSEGV), si_code: 1 (SEGV_MAPERR), si_addr: 0x0000000000000020

Register to memory mapping:

RAX=0x0000000000000020 is an unknown value
RBX=0x00007fd9c71c4540 is pointing into the stack for thread: 0x00007fda002ad000
RCX=0x0000000000000007 is an unknown value
RDX=0x0 is NULL
RSP=0x00007fd9c71c31a0 is pointing into the stack for thread: 0x00007fda002ad000
RBP=0x00007fd9c71c31b0 is pointing into the stack for thread: 0x00007fda002ad000
RSI=0x00007fd9f10194c0 is at code_begin+3872 in an Interpreter codelet
invoke return entry points  [0x00007fd9f10185a0, 0x00007fd9f101adc0]  10272 bytes
RDI=0x0 is NULL
R8 =0x00007fd9f1000000 points into unknown readable memory: 04 00 00 00 00 00 00 00
R9 =0x000000000000000b is an unknown value
R10=0x0000000000000800 is an unknown value
R11=0x0000000000000400 is an unknown value
R12=0x00007fda00249320 points into unknown readable memory: 00 00 00 00 00 00 00 00
R13=0x00007fd9c71c4540 is pointing into the stack for thread: 0x00007fda002ad000
R14=0x00007fd9c71c57f8 is pointing into the stack for thread: 0x00007fda002ad000
R15=0x00007fda002ac1e0 points into unknown readable memory: 02 00 00 00 00 00 00 00


Registers:
RAX=0x0000000000000020, RBX=0x00007fd9c71c4540, RCX=0x0000000000000007, RDX=0x0000000000000000
RSP=0x00007fd9c71c31a0, RBP=0x00007fd9c71c31b0, RSI=0x00007fd9f10194c0, RDI=0x0000000000000000
R8 =0x00007fd9f1000000, R9 =0x000000000000000b, R10=0x0000000000000800, R11=0x0000000000000400
R12=0x00007fda00249320, R13=0x00007fd9c71c4540, R14=0x00007fd9c71c57f8, R15=0x00007fda002ac1e0
RIP=0x00007fda08390b6a, EFLAGS=0x0000000000010206, CSGSFS=0x002b000000000033, ERR=0x0000000000000004
  TRAPNO=0x000000000000000e

Top of Stack: (sp=0x00007fd9c71c31a0)
0x00007fd9c71c31a0:   00007fda002ad000 00007fda002ad000
0x00007fd9c71c31b0:   00007fd9c71c57b0 00007fda08396275
0x00007fd9c71c31c0:   00007fda002ad000 00007fd9c71c32c0
0x00007fd9c71c31d0:   0000000000000000 00007fda093861c0 

Instructions: (pc=0x00007fda08390b6a)
0x00007fda08390a6a:   08 48 63 00 89 0c 02 48 8d 05 1c b8 fd 00 48 8b
0x00007fda08390a7a:   4b 30 48 8b 53 08 48 63 00 48 89 0c 02 48 8d 05
0x00007fda08390a8a:   fe b7 fd 00 48 8b 53 08 48 8b 4b 38 48 63 00 48
0x00007fda08390a9a:   89 0c 02 48 8d 05 e4 b7 fd 00 8b 4b 60 48 8b 53
0x00007fda08390aaa:   08 48 63 00 89 0c 02 48 8d 05 e8 b7 fd 00 48 8b
0x00007fda08390aba:   53 08 48 8b 4b 10 48 63 00 48 89 0c 02 48 8d 05
0x00007fda08390aca:   ce b7 fd 00 48 8b 4b 18 48 8b 53 08 48 63 00 48
0x00007fda08390ada:   89 0c 02 48 8d 05 b4 b7 fd 00 48 63 00 48 8b 53
0x00007fda08390aea:   08 48 8b 4b 20 48 89 0c 02 48 8d 05 be b7 fd 00
0x00007fda08390afa:   48 8b 53 08 48 8b 4b 58 48 63 00 89 0c 02 48 8d
0x00007fda08390b0a:   05 71 b7 fd 00 0f b6 4b 70 48 8b 53 08 48 63 00
0x00007fda08390b1a:   88 0c 02 48 8d 05 90 b7 fd 00 0f b7 4b 74 48 8b
0x00007fda08390b2a:   53 08 48 63 00 66 89 0c 02 48 8d 05 76 b7 fd 00
0x00007fda08390b3a:   0f b7 4b 72 48 8b 53 08 48 63 00 66 89 0c 02 48
0x00007fda08390b4a:   83 c4 08 5b 5d c3 55 48 89 e5 53 48 89 fb 48 83
0x00007fda08390b5a:   ec 08 48 8d 05 3d b7 fd 00 48 8b 7f 08 48 63 00
0x00007fda08390b6a:   48 8b 04 38 48 89 43 10 48 8d 05 23 b7 fd 00 48
0x00007fda08390b7a:   63 00 48 8b 04 38 48 89 43 18 48 8d 05 0d b7 fd
0x00007fda08390b8a:   00 48 63 00 48 8b 04 38 48 89 43 20 48 8d 05 f3
0x00007fda08390b9a:   b6 fd 00 48 63 00 8b 04 38 89 43 28 48 8d 05 e7
0x00007fda08390baa:   b6 fd 00 48 63 00 48 8b 04 38 48 89 43 30 48 8d
0x00007fda08390bba:   05 cd b6 fd 00 48 63 00 48 8b 04 38 48 89 43 38
0x00007fda08390bca:   48 8d 05 eb b6 fd 00 48 63 30 ff 15 66 14 f7 00
0x00007fda08390bda:   48 85 c0 48 89 43 40 0f 84 b9 01 00 00 48 8d 15
0x00007fda08390bea:   ae 9b fd 00 80 3a 01 48 19 c9 83 e1 04 80 3a 01
0x00007fda08390bfa:   8b 4c 08 0c 48 19 d2 89 4b 48 83 e2 08 48 8d 44
0x00007fda08390c0a:   10 10 48 89 43 50 48 8d 05 a1 b6 fd 00 48 8b 7b
0x00007fda08390c1a:   08 48 63 00 48 63 04 07 48 89 43 58 48 8d 05 7f
0x00007fda08390c2a:   b6 fd 00 48 63 30 ff 15 0a 14 f7 00 48 8d 15 4b
0x00007fda08390c3a:   b6 fd 00 48 89 43 68 48 8b 43 08 48 83 3d a3 80
0x00007fda08390c4a:   fb 00 00 48 63 12 8b 14 02 89 53 60 48 8d 15 23
0x00007fda08390c5a:   b6 fd 00 48 63 12 0f b6 14 02 88 53 70 48 8d 15 


Stack slot to memory mapping:
stack at sp + 0 slots: 0x00007fda002ad000 is a thread
stack at sp + 1 slots: 0x00007fda002ad000 is a thread
stack at sp + 2 slots: 0x00007fd9c71c57b0 is pointing into the stack for thread: 0x00007fda002ad000
stack at sp + 3 slots: 0x00007fda08396275: <offset 0x0000000000689275> in /home/dmitry/Downloads/LOOM/loom/build/linux-x86_64-server-release/jdk/lib/server/libjvm.so at 0x00007fda07d0d000
stack at sp + 4 slots: 0x00007fda002ad000 is a thread
stack at sp + 5 slots: 0x00007fd9c71c32c0 is pointing into the stack for thread: 0x00007fda002ad000
stack at sp + 6 slots: 0x0 is NULL
stack at sp + 7 slots: 0x00007fda093861c0: <offset 0x00000000016791c0> in /home/dmitry/Downloads/LOOM/loom/build/linux-x86_64-server-release/jdk/lib/server/libjvm.so at 0x00007fda07d0d000


---------------  P R O C E S S  ---------------

Threads class SMR info:
_java_thread_list=0x00007fda002b0110, length=14, elements={
0x00007fda00139000, 0x00007fda0013c800, 0x00007fda0015e800, 0x00007fda00163000,
0x00007fda00165000, 0x00007fda00167000, 0x00007fda0017f000, 0x00007fda00292800,
0x00007fda00295800, 0x00007fd9ac001800, 0x00007fda00298000, 0x00007fda002ad000,
0x00007fda00017800, 0x00007fd994002800
}

Java Threads: ( => current thread )
  0x00007fda00139000 JavaThread "Reference Handler" daemon [_thread_blocked, id=21209, stack(0x00007fd9ecd1b000,0x00007fd9ece1c000)]
  0x00007fda0013c800 JavaThread "Finalizer" daemon [_thread_blocked, id=21210, stack(0x00007fd9ecc1a000,0x00007fd9ecd1b000)]
  0x00007fda0015e800 JavaThread "Signal Dispatcher" daemon [_thread_blocked, id=21215, stack(0x00007fd9ec14a000,0x00007fd9ec24b000)]
  0x00007fda00163000 JavaThread "C2 CompilerThread0" daemon [_thread_blocked, id=21216, stack(0x00007fd9ec049000,0x00007fd9ec14a000)]
  0x00007fda00165000 JavaThread "C1 CompilerThread0" daemon [_thread_blocked, id=21217, stack(0x00007fd9c7eff000,0x00007fd9c8000000)]
  0x00007fda00167000 JavaThread "Sweeper thread" daemon [_thread_blocked, id=21218, stack(0x00007fd9c7dfe000,0x00007fd9c7eff000)]
  0x00007fda0017f000 JavaThread "Common-Cleaner" daemon [_thread_blocked, id=21220, stack(0x00007fd9c78d3000,0x00007fd9c79d4000)]
  0x00007fda00292800 JavaThread "JDWP Transport Listener: dt_socket" daemon [_thread_blocked, id=21224, stack(0x00007fd9c75cc000,0x00007fd9c76cd000)]
  0x00007fda00295800 JavaThread "JDWP Event Helper Thread" daemon [_thread_blocked, id=21226, stack(0x00007fd9c74cb000,0x00007fd9c75cc000)]
  0x00007fd9ac001800 JavaThread "JDWP Command Reader" daemon [_thread_in_native, id=21227, stack(0x00007fd9c73ca000,0x00007fd9c74cb000)]
  0x00007fda00298000 JavaThread "Service Thread" daemon [_thread_blocked, id=21228, stack(0x00007fd9c72c9000,0x00007fd9c73ca000)]
=>0x00007fda002ad000 JavaThread "Thread-1" [_thread_in_vm, id=21230, stack(0x00007fd9c70c6000,0x00007fd9c71c7000)]
  0x00007fda00017800 JavaThread "DestroyJavaVM" [_thread_blocked, id=21193, stack(0x00007fda0a10e000,0x00007fda0a20f000)]
  0x00007fd994002800 JavaThread "Timer-0" [_thread_blocked, id=21232, stack(0x00007fd9c6ec4000,0x00007fd9c6fc5000)]

Other Threads:
  0x00007fda0012d000 VMThread "VM Thread" [stack: 0x00007fd9ece1e000,0x00007fd9ecf1e000] [id=21206]
  0x00007fda0029a000 WatcherThread [stack: 0x00007fd9c71c9000,0x00007fd9c72c9000] [id=21229]
  0x00007fda0005b000 GCTaskThread "GC Thread#0" [stack: 0x00007fda04436000,0x00007fda04536000] [id=21195]
  0x00007fda00065000 ConcurrentGCThread "G1 Main Marker" [stack: 0x00007fda04334000,0x00007fda04434000] [id=21201]
  0x00007fda00066800 ConcurrentGCThread "G1 Conc#0" [stack: 0x00007fda04232000,0x00007fda04332000] [id=21202]
  0x00007fda000bb000 ConcurrentGCThread "G1 Refine#0" [stack: 0x00007fd9ed8fe000,0x00007fd9ed9fe000] [id=21203]
  0x00007fda000bc800 ConcurrentGCThread "G1 Young RemSet Sampling" [stack: 0x00007fd9ed7fc000,0x00007fd9ed8fc000] [id=21204]

Threads with active compile tasks:

VM state:not at safepoint (normal execution)

VM Mutex/Monitor currently owned by a thread: None

Heap address: 0x00000000b0000000, size: 1280 MB, Compressed Oops mode: 32-bit
Narrow klass base: 0x0000000000000000, Narrow klass shift: 3
Compressed class space size: 1073741824 Address: 0x0000000100000000

Heap:
 garbage-first heap   total 81920K, used 8192K [0x00000000b0000000, 0x0000000100000000)
  region size 1024K, 9 young (9216K), 0 survivors (0K)
 Metaspace       used 6735K, capacity 6835K, committed 7040K, reserved 1056768K
  class space    used 580K, capacity 625K, committed 640K, reserved 1048576K
Heap Regions: E=young(eden), S=young(survivor), O=old, HS=humongous(starts), HC=humongous(continues), CS=collection set, F=free, A=archive, TAMS=top-at-mark-start (previous, next)
|   0|0x00000000b0000000, 0x00000000b0000000, 0x00000000b0100000|  0%| F|  |TAMS 0x00000000b0000000, 0x00000000b0000000| Untracked 
|   1|0x00000000b0100000, 0x00000000b0100000, 0x00000000b0200000|  0%| F|  |TAMS 0x00000000b0100000, 0x00000000b0100000| Untracked 
|   2|0x00000000b0200000, 0x00000000b0200000, 0x00000000b0300000|  0%| F|  |TAMS 0x00000000b0200000, 0x00000000b0200000| Untracked 
|   3|0x00000000b0300000, 0x00000000b0300000, 0x00000000b0400000|  0%| F|  |TAMS 0x00000000b0300000, 0x00000000b0300000| Untracked 
|   4|0x00000000b0400000, 0x00000000b0400000, 0x00000000b0500000|  0%| F|  |TAMS 0x00000000b0400000, 0x00000000b0400000| Untracked 
|   5|0x00000000b0500000, 0x00000000b0500000, 0x00000000b0600000|  0%| F|  |TAMS 0x00000000b0500000, 0x00000000b0500000| Untracked 
|   6|0x00000000b0600000, 0x00000000b0600000, 0x00000000b0700000|  0%| F|  |TAMS 0x00000000b0600000, 0x00000000b0600000| Untracked 
|   7|0x00000000b0700000, 0x00000000b0700000, 0x00000000b0800000|  0%| F|  |TAMS 0x00000000b0700000, 0x00000000b0700000| Untracked 
|   8|0x00000000b0800000, 0x00000000b0800000, 0x00000000b0900000|  0%| F|  |TAMS 0x00000000b0800000, 0x00000000b0800000| Untracked 
|   9|0x00000000b0900000, 0x00000000b0900000, 0x00000000b0a00000|  0%| F|  |TAMS 0x00000000b0900000, 0x00000000b0900000| Untracked 
|  10|0x00000000b0a00000, 0x00000000b0a00000, 0x00000000b0b00000|  0%| F|  |TAMS 0x00000000b0a00000, 0x00000000b0a00000| Untracked 
|  11|0x00000000b0b00000, 0x00000000b0b00000, 0x00000000b0c00000|  0%| F|  |TAMS 0x00000000b0b00000, 0x00000000b0b00000| Untracked 
|  12|0x00000000b0c00000, 0x00000000b0c00000, 0x00000000b0d00000|  0%| F|  |TAMS 0x00000000b0c00000, 0x00000000b0c00000| Untracked 
|  13|0x00000000b0d00000, 0x00000000b0d00000, 0x00000000b0e00000|  0%| F|  |TAMS 0x00000000b0d00000, 0x00000000b0d00000| Untracked 
|  14|0x00000000b0e00000, 0x00000000b0e00000, 0x00000000b0f00000|  0%| F|  |TAMS 0x00000000b0e00000, 0x00000000b0e00000| Untracked 
|  15|0x00000000b0f00000, 0x00000000b0f00000, 0x00000000b1000000|  0%| F|  |TAMS 0x00000000b0f00000, 0x00000000b0f00000| Untracked 
|  16|0x00000000b1000000, 0x00000000b1000000, 0x00000000b1100000|  0%| F|  |TAMS 0x00000000b1000000, 0x00000000b1000000| Untracked 
|  17|0x00000000b1100000, 0x00000000b1100000, 0x00000000b1200000|  0%| F|  |TAMS 0x00000000b1100000, 0x00000000b1100000| Untracked 
|  18|0x00000000b1200000, 0x00000000b1200000, 0x00000000b1300000|  0%| F|  |TAMS 0x00000000b1200000, 0x00000000b1200000| Untracked 
|  19|0x00000000b1300000, 0x00000000b1300000, 0x00000000b1400000|  0%| F|  |TAMS 0x00000000b1300000, 0x00000000b1300000| Untracked 
|  20|0x00000000b1400000, 0x00000000b1400000, 0x00000000b1500000|  0%| F|  |TAMS 0x00000000b1400000, 0x00000000b1400000| Untracked 
|  21|0x00000000b1500000, 0x00000000b1500000, 0x00000000b1600000|  0%| F|  |TAMS 0x00000000b1500000, 0x00000000b1500000| Untracked 
|  22|0x00000000b1600000, 0x00000000b1600000, 0x00000000b1700000|  0%| F|  |TAMS 0x00000000b1600000, 0x00000000b1600000| Untracked 
|  23|0x00000000b1700000, 0x00000000b1700000, 0x00000000b1800000|  0%| F|  |TAMS 0x00000000b1700000, 0x00000000b1700000| Untracked 
|  24|0x00000000b1800000, 0x00000000b1800000, 0x00000000b1900000|  0%| F|  |TAMS 0x00000000b1800000, 0x00000000b1800000| Untracked 
|  25|0x00000000b1900000, 0x00000000b1900000, 0x00000000b1a00000|  0%| F|  |TAMS 0x00000000b1900000, 0x00000000b1900000| Untracked 
|  26|0x00000000b1a00000, 0x00000000b1a00000, 0x00000000b1b00000|  0%| F|  |TAMS 0x00000000b1a00000, 0x00000000b1a00000| Untracked 
|  27|0x00000000b1b00000, 0x00000000b1b00000, 0x00000000b1c00000|  0%| F|  |TAMS 0x00000000b1b00000, 0x00000000b1b00000| Untracked 
|  28|0x00000000b1c00000, 0x00000000b1c00000, 0x00000000b1d00000|  0%| F|  |TAMS 0x00000000b1c00000, 0x00000000b1c00000| Untracked 
|  29|0x00000000b1d00000, 0x00000000b1d00000, 0x00000000b1e00000|  0%| F|  |TAMS 0x00000000b1d00000, 0x00000000b1d00000| Untracked 
|  30|0x00000000b1e00000, 0x00000000b1e00000, 0x00000000b1f00000|  0%| F|  |TAMS 0x00000000b1e00000, 0x00000000b1e00000| Untracked 
|  31|0x00000000b1f00000, 0x00000000b1f00000, 0x00000000b2000000|  0%| F|  |TAMS 0x00000000b1f00000, 0x00000000b1f00000| Untracked 
|  32|0x00000000b2000000, 0x00000000b2000000, 0x00000000b2100000|  0%| F|  |TAMS 0x00000000b2000000, 0x00000000b2000000| Untracked 
|  33|0x00000000b2100000, 0x00000000b2100000, 0x00000000b2200000|  0%| F|  |TAMS 0x00000000b2100000, 0x00000000b2100000| Untracked 
|  34|0x00000000b2200000, 0x00000000b2200000, 0x00000000b2300000|  0%| F|  |TAMS 0x00000000b2200000, 0x00000000b2200000| Untracked 
|  35|0x00000000b2300000, 0x00000000b2300000, 0x00000000b2400000|  0%| F|  |TAMS 0x00000000b2300000, 0x00000000b2300000| Untracked 
|  36|0x00000000b2400000, 0x00000000b2400000, 0x00000000b2500000|  0%| F|  |TAMS 0x00000000b2400000, 0x00000000b2400000| Untracked 
|  37|0x00000000b2500000, 0x00000000b2500000, 0x00000000b2600000|  0%| F|  |TAMS 0x00000000b2500000, 0x00000000b2500000| Untracked 
|  38|0x00000000b2600000, 0x00000000b2600000, 0x00000000b2700000|  0%| F|  |TAMS 0x00000000b2600000, 0x00000000b2600000| Untracked 
|  39|0x00000000b2700000, 0x00000000b2700000, 0x00000000b2800000|  0%| F|  |TAMS 0x00000000b2700000, 0x00000000b2700000| Untracked 
|  40|0x00000000b2800000, 0x00000000b2800000, 0x00000000b2900000|  0%| F|  |TAMS 0x00000000b2800000, 0x00000000b2800000| Untracked 
|  41|0x00000000b2900000, 0x00000000b2900000, 0x00000000b2a00000|  0%| F|  |TAMS 0x00000000b2900000, 0x00000000b2900000| Untracked 
|  42|0x00000000b2a00000, 0x00000000b2a00000, 0x00000000b2b00000|  0%| F|  |TAMS 0x00000000b2a00000, 0x00000000b2a00000| Untracked 
|  43|0x00000000b2b00000, 0x00000000b2b00000, 0x00000000b2c00000|  0%| F|  |TAMS 0x00000000b2b00000, 0x00000000b2b00000| Untracked 
|  44|0x00000000b2c00000, 0x00000000b2c00000, 0x00000000b2d00000|  0%| F|  |TAMS 0x00000000b2c00000, 0x00000000b2c00000| Untracked 
|  45|0x00000000b2d00000, 0x00000000b2d00000, 0x00000000b2e00000|  0%| F|  |TAMS 0x00000000b2d00000, 0x00000000b2d00000| Untracked 
|  46|0x00000000b2e00000, 0x00000000b2e00000, 0x00000000b2f00000|  0%| F|  |TAMS 0x00000000b2e00000, 0x00000000b2e00000| Untracked 
|  47|0x00000000b2f00000, 0x00000000b2f00000, 0x00000000b3000000|  0%| F|  |TAMS 0x00000000b2f00000, 0x00000000b2f00000| Untracked 
|  48|0x00000000b3000000, 0x00000000b3000000, 0x00000000b3100000|  0%| F|  |TAMS 0x00000000b3000000, 0x00000000b3000000| Untracked 
|  49|0x00000000b3100000, 0x00000000b3100000, 0x00000000b3200000|  0%| F|  |TAMS 0x00000000b3100000, 0x00000000b3100000| Untracked 
|  50|0x00000000b3200000, 0x00000000b3200000, 0x00000000b3300000|  0%| F|  |TAMS 0x00000000b3200000, 0x00000000b3200000| Untracked 
|  51|0x00000000b3300000, 0x00000000b3300000, 0x00000000b3400000|  0%| F|  |TAMS 0x00000000b3300000, 0x00000000b3300000| Untracked 
|  52|0x00000000b3400000, 0x00000000b3400000, 0x00000000b3500000|  0%| F|  |TAMS 0x00000000b3400000, 0x00000000b3400000| Untracked 
|  53|0x00000000b3500000, 0x00000000b3500000, 0x00000000b3600000|  0%| F|  |TAMS 0x00000000b3500000, 0x00000000b3500000| Untracked 
|  54|0x00000000b3600000, 0x00000000b3600000, 0x00000000b3700000|  0%| F|  |TAMS 0x00000000b3600000, 0x00000000b3600000| Untracked 
|  55|0x00000000b3700000, 0x00000000b3700000, 0x00000000b3800000|  0%| F|  |TAMS 0x00000000b3700000, 0x00000000b3700000| Untracked 
|  56|0x00000000b3800000, 0x00000000b3800000, 0x00000000b3900000|  0%| F|  |TAMS 0x00000000b3800000, 0x00000000b3800000| Untracked 
|  57|0x00000000b3900000, 0x00000000b3900000, 0x00000000b3a00000|  0%| F|  |TAMS 0x00000000b3900000, 0x00000000b3900000| Untracked 
|  58|0x00000000b3a00000, 0x00000000b3a00000, 0x00000000b3b00000|  0%| F|  |TAMS 0x00000000b3a00000, 0x00000000b3a00000| Untracked 
|  59|0x00000000b3b00000, 0x00000000b3b00000, 0x00000000b3c00000|  0%| F|  |TAMS 0x00000000b3b00000, 0x00000000b3b00000| Untracked 
|  60|0x00000000b3c00000, 0x00000000b3c00000, 0x00000000b3d00000|  0%| F|  |TAMS 0x00000000b3c00000, 0x00000000b3c00000| Untracked 
|  61|0x00000000b3d00000, 0x00000000b3d00000, 0x00000000b3e00000|  0%| F|  |TAMS 0x00000000b3d00000, 0x00000000b3d00000| Untracked 
|  62|0x00000000b3e00000, 0x00000000b3e00000, 0x00000000b3f00000|  0%| F|  |TAMS 0x00000000b3e00000, 0x00000000b3e00000| Untracked 
|  63|0x00000000b3f00000, 0x00000000b3f00000, 0x00000000b4000000|  0%| F|  |TAMS 0x00000000b3f00000, 0x00000000b3f00000| Untracked 
|  64|0x00000000b4000000, 0x00000000b4000000, 0x00000000b4100000|  0%| F|  |TAMS 0x00000000b4000000, 0x00000000b4000000| Untracked 
|  65|0x00000000b4100000, 0x00000000b4100000, 0x00000000b4200000|  0%| F|  |TAMS 0x00000000b4100000, 0x00000000b4100000| Untracked 
|  66|0x00000000b4200000, 0x00000000b4200000, 0x00000000b4300000|  0%| F|  |TAMS 0x00000000b4200000, 0x00000000b4200000| Untracked 
|  67|0x00000000b4300000, 0x00000000b4300000, 0x00000000b4400000|  0%| F|  |TAMS 0x00000000b4300000, 0x00000000b4300000| Untracked 
|  68|0x00000000b4400000, 0x00000000b4400000, 0x00000000b4500000|  0%| F|  |TAMS 0x00000000b4400000, 0x00000000b4400000| Untracked 
|  69|0x00000000b4500000, 0x00000000b4500000, 0x00000000b4600000|  0%| F|  |TAMS 0x00000000b4500000, 0x00000000b4500000| Untracked 
|  70|0x00000000b4600000, 0x00000000b4600000, 0x00000000b4700000|  0%| F|  |TAMS 0x00000000b4600000, 0x00000000b4600000| Untracked 
|  71|0x00000000b4700000, 0x00000000b4748310, 0x00000000b4800000| 28%| E|  |TAMS 0x00000000b4700000, 0x00000000b4700000| Complete 
|  72|0x00000000b4800000, 0x00000000b4900000, 0x00000000b4900000|100%| E|CS|TAMS 0x00000000b4800000, 0x00000000b4800000| Complete 
|  73|0x00000000b4900000, 0x00000000b4a00000, 0x00000000b4a00000|100%| E|CS|TAMS 0x00000000b4900000, 0x00000000b4900000| Complete 
|  74|0x00000000b4a00000, 0x00000000b4b00000, 0x00000000b4b00000|100%| E|CS|TAMS 0x00000000b4a00000, 0x00000000b4a00000| Complete 
|  75|0x00000000b4b00000, 0x00000000b4c00000, 0x00000000b4c00000|100%| E|CS|TAMS 0x00000000b4b00000, 0x00000000b4b00000| Complete 
|  76|0x00000000b4c00000, 0x00000000b4d00000, 0x00000000b4d00000|100%| E|CS|TAMS 0x00000000b4c00000, 0x00000000b4c00000| Complete 
|  77|0x00000000b4d00000, 0x00000000b4e00000, 0x00000000b4e00000|100%| E|CS|TAMS 0x00000000b4d00000, 0x00000000b4d00000| Complete 
|  78|0x00000000b4e00000, 0x00000000b4f00000, 0x00000000b4f00000|100%| E|CS|TAMS 0x00000000b4e00000, 0x00000000b4e00000| Complete 
|  79|0x00000000b4f00000, 0x00000000b5000000, 0x00000000b5000000|100%| E|CS|TAMS 0x00000000b4f00000, 0x00000000b4f00000| Complete 

Card table byte_map: [0x00007fda05bb6000,0x00007fda05e36000] _byte_map_base: 0x00007fda05636000

Marking Bits (Prev, Next): (CMBitMap*) 0x00007fda0005c518, (CMBitMap*) 0x00007fda0005c558
 Prev Bits: [0x00007fda04536000, 0x00007fda05936000)
 Next Bits: [0x00007fd9efc00000, 0x00007fd9f1000000)

Polling page: 0x00007fda0a222000

Metaspace:

Usage:
  Non-class:      6,06 MB capacity,     6,01 MB (>99%) used,    44,42 KB ( <1%) free+waste,     9,75 KB ( <1%) overhead. 
      Class:    625,00 KB capacity,   580,10 KB ( 93%) used,    39,77 KB (  6%) free+waste,     5,12 KB ( <1%) overhead. 
       Both:      6,67 MB capacity,     6,58 MB ( 99%) used,    84,20 KB (  1%) free+waste,    14,88 KB ( <1%) overhead. 

Virtual space:
  Non-class space:        8,00 MB reserved,       6,25 MB ( 78%) committed 
      Class space:        1,00 GB reserved,     640,00 KB ( <1%) committed 
             Both:        1,01 GB reserved,       6,88 MB ( <1%) committed 

Chunk freelists:
   Non-Class:  22,00 KB
       Class:  15,00 KB
        Both:  37,00 KB

MaxMetaspaceSize: unlimited
CompressedClassSpaceSize: 1,00 GB

CodeHeap 'non-profiled nmethods': size=120032Kb used=170Kb max_used=170Kb free=119861Kb
 bounds [0x00007fd9f8ac8000, 0x00007fd9f8d38000, 0x00007fda00000000]
CodeHeap 'profiled nmethods': size=120032Kb used=886Kb max_used=886Kb free=119145Kb
 bounds [0x00007fd9f1590000, 0x00007fd9f1800000, 0x00007fd9f8ac8000]
CodeHeap 'non-nmethods': size=5696Kb used=1180Kb max_used=1200Kb free=4515Kb
 bounds [0x00007fd9f1000000, 0x00007fd9f1270000, 0x00007fd9f1590000]
 total_blobs=1012 nmethods=564 adapters=244
 compilation: enabled
              stopped_count=0, restarted_count=0
 full_count=0

Compilation events (10 events):
Event: 4,582 Thread 0x00007fda00165000  570       3       java.nio.ByteBuffer::arrayOffset (35 bytes)
Event: 4,585 Thread 0x00007fda00165000 nmethod 570 0x00007fd9f1667790 code [0x00007fd9f1667960, 0x00007fd9f1667c58]
Event: 28,120 Thread 0x00007fda00165000  571       3       java.lang.StringLatin1::inflate (34 bytes)
Event: 28,120 Thread 0x00007fda00165000 nmethod 571 0x00007fd9f1667d90 code [0x00007fd9f1667f40, 0x00007fd9f1668190]
Event: 28,120 Thread 0x00007fda00165000  572       3       sun.nio.cs.UTF_8$Encoder::encodeArrayLoop (489 bytes)
Event: 28,128 Thread 0x00007fda00165000 nmethod 572 0x00007fd9f1668310 code [0x00007fd9f1668960, 0x00007fd9f166bd68]
Event: 28,128 Thread 0x00007fda00165000  573       3       java.nio.CharBuffer::position (6 bytes)
Event: 28,129 Thread 0x00007fda00165000 nmethod 573 0x00007fd9f166d090 code [0x00007fd9f166d240, 0x00007fd9f166d448]
Event: 28,129 Thread 0x00007fda00165000  574       3       java.nio.CharBuffer::position (8 bytes)
Event: 28,129 Thread 0x00007fda00165000 nmethod 574 0x00007fd9f166d510 code [0x00007fd9f166d6c0, 0x00007fd9f166d868]

GC Heap History (0 events):
No events

Deoptimization events (1 events):
Event: 0,887 Thread 0x00007fda00017800 Uncommon trap: reason=unstable_if action=reinterpret pc=0x00007fd9f8ae4f38 method=java.util.HashMap.putVal(ILjava/lang/Object;Ljava/lang/Object;ZZ)Ljava/lang/Object; @ 236 c2

Classes unloaded (0 events):
No events

Classes redefined (0 events):
No events

Internal exceptions (10 events):
Event: 0,404 Thread 0x00007fda00017800 Exception <a 'java/lang/NoSuchMethodError'{0x00000000b4e0e838}: 'java.lang.Object java.lang.invoke.DirectMethodHandle$Holder.newInvokeSpecial(java.lang.Object)'> (0x00000000b4e0e838) 
thrown [/home/dmitry/Downloads/LOOM/loom/src/hotspot/share/interpreter/linkResolver.cpp, line 768]
for thread 0x00007fda00017800
Event: 0,406 Thread 0x00007fda00017800 Exception <a 'java/lang/NoSuchMethodError'{0x00000000b4e13718}: 'int java.lang.invoke.DirectMethodHandle$Holder.invokeInterface(java.lang.Object, java.lang.Object, java.lang.Object)'> (0x00000000b4e13718) 
thrown [/home/dmitry/Downloads/LOOM/loom/src/hotspot/share/interpreter/linkResolver.cpp, line 768]
for thread 0x00007fda00017800
Event: 0,531 Thread 0x00007fda00017800 Exception <a 'java/lang/NoSuchMethodError'{0x00000000b4c10000}: 'java.lang.Object java.lang.invoke.DirectMethodHandle$Holder.invokeInterface(java.lang.Object, java.lang.Object)'> (0x00000000b4c10000) 
thrown [/home/dmitry/Downloads/LOOM/loom/src/hotspot/share/interpreter/linkResolver.cpp, line 768]
for thread 0x00007fda00017800
Event: 0,541 Thread 0x00007fda00017800 Exception <a 'java/lang/NoSuchMethodError'{0x00000000b4c16bc8}: 'int java.lang.invoke.DirectMethodHandle$Holder.invokeStatic(java.lang.Object, java.lang.Object)'> (0x00000000b4c16bc8) 
thrown [/home/dmitry/Downloads/LOOM/loom/src/hotspot/share/interpreter/linkResolver.cpp, line 768]
for thread 0x00007fda00017800
Event: 0,545 Thread 0x00007fda00017800 Exception <a 'java/lang/NoSuchMethodError'{0x00000000b4c21208}: 'java.lang.Object java.lang.invoke.DirectMethodHandle$Holder.invokeVirtual(java.lang.Object, java.lang.Object)'> (0x00000000b4c21208) 
thrown [/home/dmitry/Downloads/LOOM/loom/src/hotspot/share/interpreter/linkResolver.cpp, line 768]
for thread 0x00007fda00017800
Event: 0,548 Thread 0x00007fda00017800 Exception <a 'java/lang/NoSuchMethodError'{0x00000000b4c28dd0}: 'int java.lang.invoke.DirectMethodHandle$Holder.invokeSpecial(java.lang.Object, java.lang.Object)'> (0x00000000b4c28dd0) 
thrown [/home/dmitry/Downloads/LOOM/loom/src/hotspot/share/interpreter/linkResolver.cpp, line 768]
for thread 0x00007fda00017800
Event: 0,746 Thread 0x00007fda00017800 Exception <a 'java/lang/NoSuchMethodError'{0x00000000b4ab9910}: 'void java.lang.invoke.DirectMethodHandle$Holder.invokeStatic(java.lang.Object, java.lang.Object, java.lang.Object)'> (0x00000000b4ab9910) 
thrown [/home/dmitry/Downloads/LOOM/loom/src/hotspot/share/interpreter/linkResolver.cpp, line 768]
for thread 0x00007fda00017800
Event: 0,784 Thread 0x00007fda00017800 Exception <a 'java/lang/NoSuchMethodError'{0x00000000b4ae4ec8}: 'java.lang.Object java.lang.invoke.Invokers$Holder.linkToTargetMethod(java.lang.Object, java.lang.Object, java.lang.Object, java.lang.Object)'> (0x00000000b4ae4ec8) 
thrown [/home/dmitry/Downloads/LOOM/loom/src/hotspot/share/interpreter/linkResolver.cpp, line 768]
for thread 0x00007fda00017800
Event: 1,141 Thread 0x00007fda00017800 Exception <a 'java/lang/NoSuchMethodError'{0x00000000b4807418}: 'void java.lang.invoke.DirectMethodHandle$Holder.invokeStatic(java.lang.Object)'> (0x00000000b4807418) 
thrown [/home/dmitry/Downloads/LOOM/loom/src/hotspot/share/interpreter/linkResolver.cpp, line 768]
for thread 0x00007fda00017800
Event: 1,143 Thread 0x00007fda00017800 Exception <a 'java/lang/NoSuchMethodError'{0x00000000b480bc30}: 'void java.lang.invoke.DirectMethodHandle$Holder.invokeSpecial(java.lang.Object, java.lang.Object)'> (0x00000000b480bc30) 
thrown [/home/dmitry/Downloads/LOOM/loom/src/hotspot/share/interpreter/linkResolver.cpp, line 768]
for thread 0x00007fda00017800

Events (10 events):
Event: 38,349 Executing VM operation: GetFrameCount
Event: 38,349 Executing VM operation: GetFrameCount done
Event: 38,349 Executing VM operation: SetFramePop
Event: 38,349 Executing VM operation: SetFramePop done
Event: 38,349 Executing VM operation: GetFrameLocation
Event: 38,349 Executing VM operation: GetFrameLocation done
Event: 38,349 Executing VM operation: GetCurrentLocation
Event: 38,349 Executing VM operation: GetCurrentLocation done
Event: 38,349 Executing VM operation: ChangeSingleStep
Event: 38,349 Executing VM operation: ChangeSingleStep done


Dynamic libraries:
b0000000-b5000000 rw-p 00000000 00:00 0 
b5000000-100000000 ---p 00000000 00:00 0 
100000000-1000a0000 rw-p 00000000 00:00 0 
1000a0000-140000000 ---p 00000000 00:00 0 
556a7451b000-556a7451c000 r-xp 00000000 08:01 2499517                    /home/dmitry/Downloads/LOOM/loom/build/linux-x86_64-server-release/jdk/bin/java
556a7471c000-556a7471d000 r--p 00001000 08:01 2499517                    /home/dmitry/Downloads/LOOM/loom/build/linux-x86_64-server-release/jdk/bin/java
556a7471d000-556a7471e000 rw-p 00002000 08:01 2499517                    /home/dmitry/Downloads/LOOM/loom/build/linux-x86_64-server-release/jdk/bin/java
556a75c27000-556a75c48000 rw-p 00000000 00:00 0                          [heap]
7fd994000000-7fd994021000 rw-p 00000000 00:00 0 
7fd994021000-7fd998000000 ---p 00000000 00:00 0 
7fd998000000-7fd998021000 rw-p 00000000 00:00 0 
7fd998021000-7fd99c000000 ---p 00000000 00:00 0 
7fd99c000000-7fd99c021000 rw-p 00000000 00:00 0 
7fd99c021000-7fd9a0000000 ---p 00000000 00:00 0 
7fd9a0000000-7fd9a0021000 rw-p 00000000 00:00 0 
7fd9a0021000-7fd9a4000000 ---p 00000000 00:00 0 
7fd9a4000000-7fd9a4021000 rw-p 00000000 00:00 0 
7fd9a4021000-7fd9a8000000 ---p 00000000 00:00 0 
7fd9a8000000-7fd9a8021000 rw-p 00000000 00:00 0 
7fd9a8021000-7fd9ac000000 ---p 00000000 00:00 0 
7fd9ac000000-7fd9ac040000 rw-p 00000000 00:00 0 
7fd9ac040000-7fd9b0000000 ---p 00000000 00:00 0 
7fd9b0000000-7fd9b0021000 rw-p 00000000 00:00 0 
7fd9b0021000-7fd9b4000000 ---p 00000000 00:00 0 
7fd9b4000000-7fd9b4021000 rw-p 00000000 00:00 0 
7fd9b4021000-7fd9b8000000 ---p 00000000 00:00 0 
7fd9b8000000-7fd9b8021000 rw-p 00000000 00:00 0 
7fd9b8021000-7fd9bc000000 ---p 00000000 00:00 0 
7fd9bc000000-7fd9bc1cc000 rw-p 00000000 00:00 0 
7fd9bc1cc000-7fd9c0000000 ---p 00000000 00:00 0 
7fd9c0000000-7fd9c0422000 rw-p 00000000 00:00 0 
7fd9c0422000-7fd9c4000000 ---p 00000000 00:00 0 
7fd9c6ac9000-7fd9c6ec4000 rw-p 00000000 00:00 0 
7fd9c6ec4000-7fd9c6ec8000 ---p 00000000 00:00 0 
7fd9c6ec8000-7fd9c6fc5000 rw-p 00000000 00:00 0 
7fd9c6fc5000-7fd9c6fc9000 ---p 00000000 00:00 0 
7fd9c6fc9000-7fd9c70c6000 rw-p 00000000 00:00 0 
7fd9c70c6000-7fd9c70ca000 ---p 00000000 00:00 0 
7fd9c70ca000-7fd9c71c7000 rw-p 00000000 00:00 0 
7fd9c71c7000-7fd9c71c8000 ---p 00000000 00:00 0 
7fd9c71c8000-7fd9c72c9000 rw-p 00000000 00:00 0 
7fd9c72c9000-7fd9c72cd000 ---p 00000000 00:00 0 
7fd9c72cd000-7fd9c73ca000 rw-p 00000000 00:00 0 
7fd9c73ca000-7fd9c73ce000 ---p 00000000 00:00 0 
7fd9c73ce000-7fd9c74cb000 rw-p 00000000 00:00 0 
7fd9c74cb000-7fd9c74cf000 ---p 00000000 00:00 0 
7fd9c74cf000-7fd9c75cc000 rw-p 00000000 00:00 0 
7fd9c75cc000-7fd9c75d0000 ---p 00000000 00:00 0 
7fd9c75d0000-7fd9c76cd000 rw-p 00000000 00:00 0 
7fd9c76cd000-7fd9c76d2000 r-xp 00000000 08:01 2636892                    /home/dmitry/Downloads/LOOM/loom/build/linux-x86_64-server-release/jdk/lib/libdt_socket.so
7fd9c76d2000-7fd9c78d1000 ---p 00005000 08:01 2636892                    /home/dmitry/Downloads/LOOM/loom/build/linux-x86_64-server-release/jdk/lib/libdt_socket.so
7fd9c78d1000-7fd9c78d2000 r--p 00004000 08:01 2636892                    /home/dmitry/Downloads/LOOM/loom/build/linux-x86_64-server-release/jdk/lib/libdt_socket.so
7fd9c78d2000-7fd9c78d3000 rw-p 00005000 08:01 2636892                    /home/dmitry/Downloads/LOOM/loom/build/linux-x86_64-server-release/jdk/lib/libdt_socket.so
7fd9c78d3000-7fd9c78d7000 ---p 00000000 00:00 0 
7fd9c78d7000-7fd9c79d4000 rw-p 00000000 00:00 0 
7fd9c79d4000-7fd9c79ea000 r-xp 00000000 08:01 2636829                    /home/dmitry/Downloads/LOOM/loom/build/linux-x86_64-server-release/jdk/lib/libnet.so
7fd9c79ea000-7fd9c7bea000 ---p 00016000 08:01 2636829                    /home/dmitry/Downloads/LOOM/loom/build/linux-x86_64-server-release/jdk/lib/libnet.so
7fd9c7bea000-7fd9c7beb000 r--p 00016000 08:01 2636829                    /home/dmitry/Downloads/LOOM/loom/build/linux-x86_64-server-release/jdk/lib/libnet.so
7fd9c7beb000-7fd9c7bec000 rw-p 00017000 08:01 2636829                    /home/dmitry/Downloads/LOOM/loom/build/linux-x86_64-server-release/jdk/lib/libnet.so
7fd9c7bec000-7fd9c7bfd000 r-xp 00000000 08:01 2636831                    /home/dmitry/Downloads/LOOM/loom/build/linux-x86_64-server-release/jdk/lib/libnio.so
7fd9c7bfd000-7fd9c7dfc000 ---p 00011000 08:01 2636831                    /home/dmitry/Downloads/LOOM/loom/build/linux-x86_64-server-release/jdk/lib/libnio.so
7fd9c7dfc000-7fd9c7dfd000 r--p 00010000 08:01 2636831                    /home/dmitry/Downloads/LOOM/loom/build/linux-x86_64-server-release/jdk/lib/libnio.so
7fd9c7dfd000-7fd9c7dfe000 rw-p 00011000 08:01 2636831                    /home/dmitry/Downloads/LOOM/loom/build/linux-x86_64-server-release/jdk/lib/libnio.so
7fd9c7dfe000-7fd9c7e02000 ---p 00000000 00:00 0 
7fd9c7e02000-7fd9c7eff000 rw-p 00000000 00:00 0 
7fd9c7eff000-7fd9c7f03000 ---p 00000000 00:00 0 
7fd9c7f03000-7fd9c8000000 rw-p 00000000 00:00 0 
7fd9c8000000-7fd9c8021000 rw-p 00000000 00:00 0 
7fd9c8021000-7fd9cc000000 ---p 00000000 00:00 0 
7fd9cc000000-7fd9cc021000 rw-p 00000000 00:00 0 
7fd9cc021000-7fd9d0000000 ---p 00000000 00:00 0 
7fd9d0000000-7fd9d0021000 rw-p 00000000 00:00 0 
7fd9d0021000-7fd9d4000000 ---p 00000000 00:00 0 
7fd9d4000000-7fd9d4021000 rw-p 00000000 00:00 0 
7fd9d4021000-7fd9d8000000 ---p 00000000 00:00 0 
7fd9d8000000-7fd9d8021000 rw-p 00000000 00:00 0 
7fd9d8021000-7fd9dc000000 ---p 00000000 00:00 0 
7fd9dc000000-7fd9dc021000 rw-p 00000000 00:00 0 
7fd9dc021000-7fd9e0000000 ---p 00000000 00:00 0 
7fd9e0000000-7fd9e0021000 rw-p 00000000 00:00 0 
7fd9e0021000-7fd9e4000000 ---p 00000000 00:00 0 
7fd9e4000000-7fd9e4021000 rw-p 00000000 00:00 0 
7fd9e4021000-7fd9e8000000 ---p 00000000 00:00 0 
7fd9e8000000-7fd9e8021000 rw-p 00000000 00:00 0 
7fd9e8021000-7fd9ec000000 ---p 00000000 00:00 0 
7fd9ec018000-7fd9ec049000 rw-p 00000000 00:00 0 
7fd9ec049000-7fd9ec04d000 ---p 00000000 00:00 0 
7fd9ec04d000-7fd9ec14a000 rw-p 00000000 00:00 0 
7fd9ec14a000-7fd9ec14e000 ---p 00000000 00:00 0 
7fd9ec14e000-7fd9ec24b000 rw-p 00000000 00:00 0 
7fd9ec24b000-7fd9ecc1a000 r--p 00000000 08:01 10230401                   /usr/lib/locale/locale-archive
7fd9ecc1a000-7fd9ecc1e000 ---p 00000000 00:00 0 
7fd9ecc1e000-7fd9ecd1b000 rw-p 00000000 00:00 0 
7fd9ecd1b000-7fd9ecd1f000 ---p 00000000 00:00 0 
7fd9ecd1f000-7fd9ece1c000 rw-p 00000000 00:00 0 
7fd9ece1c000-7fd9ece1d000 ---p 00000000 00:00 0 
7fd9ece1d000-7fd9ed63a000 rw-p 00000000 00:00 0 
7fd9ed63a000-7fd9ed7fa000 ---p 00000000 00:00 0 
7fd9ed7fa000-7fd9ed7fb000 ---p 00000000 00:00 0 
7fd9ed7fb000-7fd9ed8fc000 rw-p 00000000 00:00 0 
7fd9ed8fc000-7fd9ed8fd000 ---p 00000000 00:00 0 
7fd9ed8fd000-7fd9efd40000 rw-p 00000000 00:00 0 
7fd9efd40000-7fd9f1000000 ---p 00000000 00:00 0 
7fd9f1000000-7fd9f1270000 rwxp 00000000 00:00 0 
7fd9f1270000-7fd9f1590000 ---p 00000000 00:00 0 
7fd9f1590000-7fd9f1800000 rwxp 00000000 00:00 0 
7fd9f1800000-7fd9f8ac8000 ---p 00000000 00:00 0 
7fd9f8ac8000-7fd9f8d38000 rwxp 00000000 00:00 0 
7fd9f8d38000-7fda00000000 ---p 00000000 00:00 0 
7fda00000000-7fda002b3000 rw-p 00000000 00:00 0 
7fda002b3000-7fda04000000 ---p 00000000 00:00 0 
7fda0402e000-7fda04230000 rw-p 00000000 00:00 0 
7fda04230000-7fda04231000 ---p 00000000 00:00 0 
7fda04231000-7fda04332000 rw-p 00000000 00:00 0 
7fda04332000-7fda04333000 ---p 00000000 00:00 0 
7fda04333000-7fda04434000 rw-p 00000000 00:00 0 
7fda04434000-7fda04435000 ---p 00000000 00:00 0 
7fda04435000-7fda04676000 rw-p 00000000 00:00 0 
7fda04676000-7fda05936000 ---p 00000000 00:00 0 
7fda05936000-7fda0595e000 rw-p 00000000 00:00 0 
7fda0595e000-7fda05bb6000 ---p 00000000 00:00 0 
7fda05bb6000-7fda05bde000 rw-p 00000000 00:00 0 
7fda05bde000-7fda05e36000 ---p 00000000 00:00 0 
7fda05e36000-7fda05e5e000 rw-p 00000000 00:00 0 
7fda05e5e000-7fda060b6000 ---p 00000000 00:00 0 
7fda060b6000-7fda064bf000 rw-p 00000000 00:00 0 
7fda064bf000-7fda065a5000 ---p 00000000 00:00 0 
7fda065a5000-7fda065aa000 rw-p 00000000 00:00 0 
7fda065aa000-7fda06690000 ---p 00000000 00:00 0 
7fda06690000-7fda066ab000 r-xp 00000000 08:01 2636824                    /home/dmitry/Downloads/LOOM/loom/build/linux-x86_64-server-release/jdk/lib/libjimage.so
7fda066ab000-7fda068aa000 ---p 0001b000 08:01 2636824                    /home/dmitry/Downloads/LOOM/loom/build/linux-x86_64-server-release/jdk/lib/libjimage.so
7fda068aa000-7fda068ac000 r--p 0001a000 08:01 2636824                    /home/dmitry/Downloads/LOOM/loom/build/linux-x86_64-server-release/jdk/lib/libjimage.so
7fda068ac000-7fda068ad000 rw-p 0001c000 08:01 2636824                    /home/dmitry/Downloads/LOOM/loom/build/linux-x86_64-server-release/jdk/lib/libjimage.so
7fda068ad000-7fda068b4000 r-xp 00000000 08:01 2636825                    /home/dmitry/Downloads/LOOM/loom/build/linux-x86_64-server-release/jdk/lib/libzip.so
7fda068b4000-7fda06ab3000 ---p 00007000 08:01 2636825                    /home/dmitry/Downloads/LOOM/loom/build/linux-x86_64-server-release/jdk/lib/libzip.so
7fda06ab3000-7fda06ab4000 r--p 00006000 08:01 2636825                    /home/dmitry/Downloads/LOOM/loom/build/linux-x86_64-server-release/jdk/lib/libzip.so
7fda06ab4000-7fda06ab5000 rw-p 00007000 08:01 2636825                    /home/dmitry/Downloads/LOOM/loom/build/linux-x86_64-server-release/jdk/lib/libzip.so
7fda06ab5000-7fda06ac0000 r-xp 00000000 08:01 1184572                    /lib/x86_64-linux-gnu/libnss_files-2.27.so
7fda06ac0000-7fda06cbf000 ---p 0000b000 08:01 1184572                    /lib/x86_64-linux-gnu/libnss_files-2.27.so
7fda06cbf000-7fda06cc0000 r--p 0000a000 08:01 1184572                    /lib/x86_64-linux-gnu/libnss_files-2.27.so
7fda06cc0000-7fda06cc1000 rw-p 0000b000 08:01 1184572                    /lib/x86_64-linux-gnu/libnss_files-2.27.so
7fda06cc1000-7fda06cc7000 rw-p 00000000 00:00 0 
7fda06cc7000-7fda06cde000 r-xp 00000000 08:01 1184566                    /lib/x86_64-linux-gnu/libnsl-2.27.so
7fda06cde000-7fda06edd000 ---p 00017000 08:01 1184566                    /lib/x86_64-linux-gnu/libnsl-2.27.so
7fda06edd000-7fda06ede000 r--p 00016000 08:01 1184566                    /lib/x86_64-linux-gnu/libnsl-2.27.so
7fda06ede000-7fda06edf000 rw-p 00017000 08:01 1184566                    /lib/x86_64-linux-gnu/libnsl-2.27.so
7fda06edf000-7fda06ee1000 rw-p 00000000 00:00 0 
7fda06ee1000-7fda06eec000 r-xp 00000000 08:01 1184583                    /lib/x86_64-linux-gnu/libnss_nis-2.27.so
7fda06eec000-7fda070eb000 ---p 0000b000 08:01 1184583                    /lib/x86_64-linux-gnu/libnss_nis-2.27.so
7fda070eb000-7fda070ec000 r--p 0000a000 08:01 1184583                    /lib/x86_64-linux-gnu/libnss_nis-2.27.so
7fda070ec000-7fda070ed000 rw-p 0000b000 08:01 1184583                    /lib/x86_64-linux-gnu/libnss_nis-2.27.so
7fda070ed000-7fda070f5000 r-xp 00000000 08:01 1184568                    /lib/x86_64-linux-gnu/libnss_compat-2.27.so
7fda070f5000-7fda072f5000 ---p 00008000 08:01 1184568                    /lib/x86_64-linux-gnu/libnss_compat-2.27.so
7fda072f5000-7fda072f6000 r--p 00008000 08:01 1184568                    /lib/x86_64-linux-gnu/libnss_compat-2.27.so
7fda072f6000-7fda072f7000 rw-p 00009000 08:01 1184568                    /lib/x86_64-linux-gnu/libnss_compat-2.27.so
7fda072f7000-7fda07333000 r-xp 00000000 08:01 2636893                    /home/dmitry/Downloads/LOOM/loom/build/linux-x86_64-server-release/jdk/lib/libjdwp.so
7fda07333000-7fda07532000 ---p 0003c000 08:01 2636893                    /home/dmitry/Downloads/LOOM/loom/build/linux-x86_64-server-release/jdk/lib/libjdwp.so
7fda07532000-7fda07533000 r--p 0003b000 08:01 2636893                    /home/dmitry/Downloads/LOOM/loom/build/linux-x86_64-server-release/jdk/lib/libjdwp.so
7fda07533000-7fda07534000 rw-p 0003c000 08:01 2636893                    /home/dmitry/Downloads/LOOM/loom/build/linux-x86_64-server-release/jdk/lib/libjdwp.so
7fda07534000-7fda07535000 rw-p 00000000 00:00 0 
7fda07535000-7fda0755d000 r-xp 00000000 08:01 2636823                    /home/dmitry/Downloads/LOOM/loom/build/linux-x86_64-server-release/jdk/lib/libjava.so
7fda0755d000-7fda0775d000 ---p 00028000 08:01 2636823                    /home/dmitry/Downloads/LOOM/loom/build/linux-x86_64-server-release/jdk/lib/libjava.so
7fda0775d000-7fda0775e000 r--p 00028000 08:01 2636823                    /home/dmitry/Downloads/LOOM/loom/build/linux-x86_64-server-release/jdk/lib/libjava.so
7fda0775e000-7fda07760000 rw-p 00029000 08:01 2636823                    /home/dmitry/Downloads/LOOM/loom/build/linux-x86_64-server-release/jdk/lib/libjava.so
7fda07760000-7fda0776d000 r-xp 00000000 08:01 2636817                    /home/dmitry/Downloads/LOOM/loom/build/linux-x86_64-server-release/jdk/lib/libverify.so
7fda0776d000-7fda0796c000 ---p 0000d000 08:01 2636817                    /home/dmitry/Downloads/LOOM/loom/build/linux-x86_64-server-release/jdk/lib/libverify.so
7fda0796c000-7fda0796e000 r--p 0000c000 08:01 2636817                    /home/dmitry/Downloads/LOOM/loom/build/linux-x86_64-server-release/jdk/lib/libverify.so
7fda0796e000-7fda0796f000 rw-p 0000e000 08:01 2636817                    /home/dmitry/Downloads/LOOM/loom/build/linux-x86_64-server-release/jdk/lib/libverify.so
7fda0796f000-7fda07b0c000 r-xp 00000000 08:01 1184545                    /lib/x86_64-linux-gnu/libm-2.27.so
7fda07b0c000-7fda07d0b000 ---p 0019d000 08:01 1184545                    /lib/x86_64-linux-gnu/libm-2.27.so
7fda07d0b000-7fda07d0c000 r--p 0019c000 08:01 1184545                    /lib/x86_64-linux-gnu/libm-2.27.so
7fda07d0c000-7fda07d0d000 rw-p 0019d000 08:01 1184545                    /lib/x86_64-linux-gnu/libm-2.27.so
7fda07d0d000-7fda09036000 r-xp 00000000 08:01 3420264                    /home/dmitry/Downloads/LOOM/loom/build/linux-x86_64-server-release/jdk/lib/server/libjvm.so
7fda09036000-7fda09236000 ---p 01329000 08:01 3420264                    /home/dmitry/Downloads/LOOM/loom/build/linux-x86_64-server-release/jdk/lib/server/libjvm.so
7fda09236000-7fda092fd000 r--p 01329000 08:01 3420264                    /home/dmitry/Downloads/LOOM/loom/build/linux-x86_64-server-release/jdk/lib/server/libjvm.so
7fda092fd000-7fda09338000 rw-p 013f0000 08:01 3420264                    /home/dmitry/Downloads/LOOM/loom/build/linux-x86_64-server-release/jdk/lib/server/libjvm.so
7fda09338000-7fda093be000 rw-p 00000000 00:00 0 
7fda093be000-7fda093d8000 r-xp 00000000 08:01 1184615                    /lib/x86_64-linux-gnu/libpthread-2.27.so
7fda093d8000-7fda095d7000 ---p 0001a000 08:01 1184615                    /lib/x86_64-linux-gnu/libpthread-2.27.so
7fda095d7000-7fda095d8000 r--p 00019000 08:01 1184615                    /lib/x86_64-linux-gnu/libpthread-2.27.so
7fda095d8000-7fda095d9000 rw-p 0001a000 08:01 1184615                    /lib/x86_64-linux-gnu/libpthread-2.27.so
7fda095d9000-7fda095dd000 rw-p 00000000 00:00 0 
7fda095dd000-7fda095e0000 r-xp 00000000 08:01 1184505                    /lib/x86_64-linux-gnu/libdl-2.27.so
7fda095e0000-7fda097df000 ---p 00003000 08:01 1184505                    /lib/x86_64-linux-gnu/libdl-2.27.so
7fda097df000-7fda097e0000 r--p 00002000 08:01 1184505                    /lib/x86_64-linux-gnu/libdl-2.27.so
7fda097e0000-7fda097e1000 rw-p 00003000 08:01 1184505                    /lib/x86_64-linux-gnu/libdl-2.27.so
7fda097e1000-7fda097fd000 r-xp 00000000 08:01 1184654                    /lib/x86_64-linux-gnu/libz.so.1.2.11
7fda097fd000-7fda099fc000 ---p 0001c000 08:01 1184654                    /lib/x86_64-linux-gnu/libz.so.1.2.11
7fda099fc000-7fda099fd000 r--p 0001b000 08:01 1184654                    /lib/x86_64-linux-gnu/libz.so.1.2.11
7fda099fd000-7fda099fe000 rw-p 0001c000 08:01 1184654                    /lib/x86_64-linux-gnu/libz.so.1.2.11
7fda099fe000-7fda09be5000 r-xp 00000000 08:01 1184482                    /lib/x86_64-linux-gnu/libc-2.27.so
7fda09be5000-7fda09de5000 ---p 001e7000 08:01 1184482                    /lib/x86_64-linux-gnu/libc-2.27.so
7fda09de5000-7fda09de9000 r--p 001e7000 08:01 1184482                    /lib/x86_64-linux-gnu/libc-2.27.so
7fda09de9000-7fda09deb000 rw-p 001eb000 08:01 1184482                    /lib/x86_64-linux-gnu/libc-2.27.so
7fda09deb000-7fda09def000 rw-p 00000000 00:00 0 
7fda09def000-7fda09dff000 r-xp 00000000 08:01 2636819                    /home/dmitry/Downloads/LOOM/loom/build/linux-x86_64-server-release/jdk/lib/libjli.so
7fda09dff000-7fda09ffe000 ---p 00010000 08:01 2636819                    /home/dmitry/Downloads/LOOM/loom/build/linux-x86_64-server-release/jdk/lib/libjli.so
7fda09ffe000-7fda09fff000 r--p 0000f000 08:01 2636819                    /home/dmitry/Downloads/LOOM/loom/build/linux-x86_64-server-release/jdk/lib/libjli.so
7fda09fff000-7fda0a000000 rw-p 00010000 08:01 2636819                    /home/dmitry/Downloads/LOOM/loom/build/linux-x86_64-server-release/jdk/lib/libjli.so
7fda0a000000-7fda0a027000 r-xp 00000000 08:01 1184454                    /lib/x86_64-linux-gnu/ld-2.27.so
7fda0a054000-7fda0a107000 rw-p 00000000 00:00 0 
7fda0a107000-7fda0a10e000 ---p 00000000 00:00 0 
7fda0a10e000-7fda0a112000 ---p 00000000 00:00 0 
7fda0a112000-7fda0a211000 rw-p 00000000 00:00 0 
7fda0a213000-7fda0a21a000 r--s 00000000 08:01 10488549                   /usr/lib/x86_64-linux-gnu/gconv/gconv-modules.cache
7fda0a21a000-7fda0a222000 rw-s 00000000 08:01 524334                     /tmp/hsperfdata_dmitry/21192
7fda0a222000-7fda0a223000 ---p 00000000 00:00 0 
7fda0a223000-7fda0a224000 r--p 00000000 00:00 0 
7fda0a224000-7fda0a225000 ---p 00000000 00:00 0 
7fda0a225000-7fda0a227000 rw-p 00000000 00:00 0 
7fda0a227000-7fda0a228000 r--p 00027000 08:01 1184454                    /lib/x86_64-linux-gnu/ld-2.27.so
7fda0a228000-7fda0a229000 rw-p 00028000 08:01 1184454                    /lib/x86_64-linux-gnu/ld-2.27.so
7fda0a229000-7fda0a22a000 rw-p 00000000 00:00 0 
7ffe918ec000-7ffe9190f000 rw-p 00000000 00:00 0                          [stack]
7ffe919d6000-7ffe919d9000 r--p 00000000 00:00 0                          [vvar]
7ffe919d9000-7ffe919db000 r-xp 00000000 00:00 0                          [vdso]
ffffffffff600000-ffffffffff601000 r-xp 00000000 00:00 0                  [vsyscall]


VM Arguments:
jvm_args: -agentlib:jdwp=transport=dt_socket,address=127.0.0.1:1633,suspend=y,server=n -Dfile.encoding=UTF-8 
java_command: Main
java_class_path (initial): /home/dmitry/Downloads/LOOM/loom/build/linux-x86_64-server-release/jdk/modules/java.base:/home/dmitry/Downloads/LOOM/loom/build/linux-x86_64-server-release/jdk/modules/java.compiler:/home/dmitry/Downloads/LOOM/loom/build/linux-x86_64-server-release/jdk/modules/java.datatransfer:/home/dmitry/Downloads/LOOM/loom/build/linux-x86_64-server-release/jdk/modules/java.desktop:/home/dmitry/Downloads/LOOM/loom/build/linux-x86_64-server-release/jdk/modules/java.instrument:/home/dmitry/Downloads/LOOM/loom/build/linux-x86_64-server-release/jdk/modules/java.logging:/home/dmitry/Downloads/LOOM/loom/build/linux-x86_64-server-release/jdk/modules/java.management:/home/dmitry/Downloads/LOOM/loom/build/linux-x86_64-server-release/jdk/modules/java.management.rmi:/home/dmitry/Downloads/LOOM/loom/build/linux-x86_64-server-release/jdk/modules/java.naming:/home/dmitry/Downloads/LOOM/loom/build/linux-x86_64-server-release/jdk/modules/java.net.http:/home/dmitry/Downloads/LOOM/loom/build/linux-x86_64-server-release/jdk/modules/java.prefs:/home/dmitry/Downloads/LOOM/loom/build/linux-x86_64-server-release/jdk/modules/java.rmi:/home/dmitry/Downloads/LOOM/loom/build/linux-x86_64-server-release/jdk/modules/java.scripting:/home/dmitry/Downloads/LOOM/loom/build/linux-x86_64-server-release/jdk/modules/java.se:/home/dmitry/Downloads/LOOM/loom/build/linux-x86_64-server-release/jdk/modules/java.security.jgss:/home/dmitry/Downloads/LOOM/loom/build/linux-x86_64-server-release/jdk/modules/java.security.sasl:/home/dmitry/Downloads/LOOM/loom/build/linux-x86_64-server-release/jdk/modules/java.smartcardio:/home/dmitry/Downloads/LOOM/loom/build/linux-x86_64-server-release/jdk/modules/java.sql:/home/dmitry/Downloads/LOOM/loom/build/linux-x86_64-server-release/jdk/modules/java.sql.rowset:/home/dmitry/Downloads/LOOM/loom/build/linux-x86_64-server-release/jdk/modules/java.transaction.xa:/home/dmitry/Downloads/LOOM/loom/build/linux-x86_64-server-release/jdk/modules/java.xml:/home/dmitry/D
Launcher Type: SUN_STANDARD

[Global flags]
     intx CICompilerCount                          = 3                                         {product} {ergonomic}
     uint ConcGCThreads                            = 1                                         {product} {ergonomic}
     uint G1ConcRefinementThreads                  = 4                                         {product} {ergonomic}
   size_t G1HeapRegionSize                         = 1048576                                   {product} {ergonomic}
    uintx GCDrainStackTargetSize                   = 64                                        {product} {ergonomic}
   size_t InitialHeapSize                          = 83886080                                  {product} {ergonomic}
   size_t MarkStackSize                            = 4194304                                   {product} {ergonomic}
   size_t MaxHeapSize                              = 1342177280                                {product} {ergonomic}
   size_t MaxNewSize                               = 805306368                                 {product} {ergonomic}
   size_t MinHeapDeltaBytes                        = 1048576                                   {product} {ergonomic}
    uintx NonNMethodCodeHeapSize                   = 5830732                                {pd product} {ergonomic}
    uintx NonProfiledCodeHeapSize                  = 122913754                              {pd product} {ergonomic}
    uintx ProfiledCodeHeapSize                     = 122913754                              {pd product} {ergonomic}
    uintx ReservedCodeCacheSize                    = 251658240                              {pd product} {ergonomic}
     bool SegmentedCodeCache                       = true                                      {product} {ergonomic}
     bool UseCompressedClassPointers               = true                                 {lp64_product} {ergonomic}
     bool UseCompressedOops                        = true                                 {lp64_product} {ergonomic}
     bool UseG1GC                                  = true                                      {product} {ergonomic}

Logging:
Log output configuration:
 #0: stdout all=warning uptime,level,tags
 #1: stderr all=off uptime,level,tags

Environment Variables:
JAVA_HOME=/home/dmitry/usr/local/java/jdk1.8.0
PATH=/bin:/bin:/usr/local/sbin:/usr/local/bin:/usr/sbin:/usr/bin:/sbin:/bin:/usr/games:/usr/local/games:/snap/bin
USERNAME=dmitry
SHELL=/bin/bash
DISPLAY=:0

Signal Handlers:
SIGSEGV: [libjvm.so+0xfe1b80], sa_mask[0]=11111111011111111101111111111110, sa_flags=SA_RESTART|SA_SIGINFO
SIGBUS: [libjvm.so+0xfe1b80], sa_mask[0]=11111111011111111101111111111110, sa_flags=SA_RESTART|SA_SIGINFO
SIGFPE: [libjvm.so+0xfe1b80], sa_mask[0]=11111111011111111101111111111110, sa_flags=SA_RESTART|SA_SIGINFO
SIGPIPE: [libjvm.so+0xc7f400], sa_mask[0]=11111111011111111101111111111110, sa_flags=SA_RESTART|SA_SIGINFO
SIGXFSZ: [libjvm.so+0xc7f400], sa_mask[0]=11111111011111111101111111111110, sa_flags=SA_RESTART|SA_SIGINFO
SIGILL: [libjvm.so+0xfe1b80], sa_mask[0]=11111111011111111101111111111110, sa_flags=SA_RESTART|SA_SIGINFO
SIGUSR2: [libjvm.so+0xc7f2a0], sa_mask[0]=00100000000000000000000000000000, sa_flags=SA_RESTART|SA_SIGINFO
SIGHUP: [libjvm.so+0xc7f8a0], sa_mask[0]=11111111011111111101111111111110, sa_flags=SA_RESTART|SA_SIGINFO
SIGINT: [libjvm.so+0xc7f8a0], sa_mask[0]=11111111011111111101111111111110, sa_flags=SA_RESTART|SA_SIGINFO
SIGTERM: [libjvm.so+0xc7f8a0], sa_mask[0]=11111111011111111101111111111110, sa_flags=SA_RESTART|SA_SIGINFO
SIGQUIT: [libjvm.so+0xc7f8a0], sa_mask[0]=11111111011111111101111111111110, sa_flags=SA_RESTART|SA_SIGINFO


---------------  S Y S T E M  ---------------

OS:DISTRIB_ID=Ubuntu
DISTRIB_RELEASE=18.04
DISTRIB_CODENAME=bionic
DISTRIB_DESCRIPTION="Ubuntu 18.04.2 LTS"
uname:Linux 4.18.0-20-generic #21~18.04.1-Ubuntu SMP Wed May 8 08:43:37 UTC 2019 x86_64
libc:glibc 2.27 NPTL 2.27 
rlimit: STACK 8192k, CORE 0k, NPROC 20273, NOFILE 4096, AS infinity, DATA infinity, FSIZE infinity
load average:0,84 1,06 1,49

/proc/meminfo:
MemTotal:        5234996 kB
MemFree:          171500 kB
MemAvailable:    1712820 kB
Buffers:           83096 kB
Cached:          1739184 kB
SwapCached:        77708 kB
Active:          3199732 kB
Inactive:        1580448 kB
Active(anon):    2362708 kB
Inactive(anon):   729764 kB
Active(file):     837024 kB
Inactive(file):   850684 kB
Unevictable:          32 kB
Mlocked:              32 kB
SwapTotal:       2097148 kB
SwapFree:        1282044 kB
Dirty:               216 kB
Writeback:             0 kB
AnonPages:       2928684 kB
Mapped:           357708 kB
Shmem:            134572 kB
Slab:             166476 kB
SReclaimable:     121332 kB
SUnreclaim:        45144 kB
KernelStack:       11568 kB
PageTables:        41724 kB
NFS_Unstable:          0 kB
Bounce:                0 kB
WritebackTmp:          0 kB
CommitLimit:     4714644 kB
Committed_AS:    6994852 kB
VmallocTotal:   34359738367 kB
VmallocUsed:           0 kB
VmallocChunk:          0 kB
HardwareCorrupted:     0 kB
AnonHugePages:         0 kB
ShmemHugePages:        0 kB
ShmemPmdMapped:        0 kB
CmaTotal:              0 kB
CmaFree:               0 kB
HugePages_Total:       0
HugePages_Free:        0
HugePages_Rsvd:        0
HugePages_Surp:        0
Hugepagesize:       2048 kB
Hugetlb:               0 kB
DirectMap4k:      167872 kB
DirectMap2M:     5242880 kB


/proc/sys/kernel/threads-max (system-wide limit on the number of threads):
40547


/proc/sys/vm/max_map_count (maximum number of memory map areas a process may have):
65530


/proc/sys/kernel/pid_max (system-wide limit on number of process identifiers):
32768



container (cgroup) information:
container_type: cgroupv1
cpu_cpuset_cpus: 0-3
cpu_memory_nodes: 0
active_processor_count: 4
cpu_quota: no quota
cpu_period: 100000
cpu_shares: no shares
memory_limit_in_bytes: unlimited
memory_and_swap_limit_in_bytes: not supported
memory_soft_limit_in_bytes: unlimited
memory_usage_in_bytes: 4886523904
memory_max_usage_in_bytes: 25071616

KVM virtualization detected
Steal ticks since vm start: 0
Steal ticks percentage since vm start:  0,000

CPU:total 4 (initial active 4) (4 cores per cpu, 1 threads per core) family 6 model 60 stepping 3, cmov, cx8, fxsr, mmx, sse, sse2, sse3, ssse3, sse4.1, sse4.2, popcnt, avx, avx2, aes, clmul, lzcnt, tsc, tscinvbit
CPU Model and flags from /proc/cpuinfo:
model name	: Intel(R) Core(TM) i7-4700HQ CPU @ 2.40GHz
flags		: fpu vme de pse tsc msr pae mce cx8 apic sep mtrr pge mca cmov pat pse36 clflush mmx fxsr sse sse2 ht syscall nx rdtscp lm constant_tsc rep_good nopl xtopology nonstop_tsc cpuid tsc_known_freq pni pclmulqdq ssse3 cx16 pcid sse4_1 sse4_2 x2apic movbe popcnt aes xsave avx rdrand hypervisor lahf_lm abm invpcid_single pti fsgsbase avx2 invpcid flush_l1d

Memory: 4k page, physical 5234996k(171500k free), swap 2097148k(1282044k free)

vm_info: OpenJDK 64-Bit Server VM (13-internal+0-adhoc.dmitry.loom) for linux-amd64 JRE (13-internal+0-adhoc.dmitry.loom), built on May 18 2019 18:34:23 by "dmitry" with gcc 7.4.0

END.
