#
# A fatal error has been detected by the Java Runtime Environment:
#
#  SIGSEGV (0xb) at pc=0x00007f1fa1377f7a, pid=18857, tid=18896
#
# JRE version: OpenJDK Runtime Environment (13.0) (build 13-internal+0-adhoc.dmitry.loom)
# Java VM: OpenJDK 64-Bit Server VM (13-internal+0-adhoc.dmitry.loom, mixed mode, tiered, compressed oops, g1 gc, linux-amd64)
# Problematic frame:
# V  [libjvm.so+0x683f7a]  ContMirror::read()+0x1a
#
# Core dump will be written. Default location: Core dumps may be processed with "/usr/share/apport/apport %p %s %c %d %P" (or dumping to /home/dmitry/Downloads/LoadDetector/core.18857)
#
# If you would like to submit a bug report, please visit:
#   http://bugreport.java.com/bugreport/crash.jsp
#

---------------  S U M M A R Y ------------

Command Line: -agentlib:jdwp=transport=dt_socket,address=127.0.0.1:17895,suspend=y,server=n -Dfile.encoding=UTF-8 Main

Host: Intel(R) Core(TM) i7-4700HQ CPU @ 2.40GHz, 4 cores, 4G, Ubuntu 18.04.2 LTS
Time: Sun May 19 22:58:53 2019 MSK elapsed time: 27 seconds (0d 0h 0m 27s)

---------------  T H R E A D  ---------------

Current thread (0x00007f1f9c292000):  JavaThread "Thread-1" [_thread_in_vm, id=18896, stack(0x00007f1f3bdfe000,0x00007f1f3beff000)]

Stack: [0x00007f1f3bdfe000,0x00007f1f3beff000],  sp=0x00007f1f3befb1c0,  free space=1012k
Native frames: (J=compiled Java code, A=aot compiled Java code, j=interpreted, Vv=VM code, C=native code)
V  [libjvm.so+0x683f7a]  ContMirror::read()+0x1a
V  [libjvm.so+0x689627]  Continuation::freeze0(JavaThread*, FrameInfo*, bool) [clone .part.305]+0x507
V  [libjvm.so+0x689d67]  Continuation::freeze(JavaThread*, FrameInfo*)+0x127
v  ~RuntimeStub::cont_doYield
C  0x00007f1f3befd848
j  java.lang.Continuation.pause(Ljava/lang/ContinuationScope;)Z+3 java.base
j  Main.lambda$main$1(Ljava/lang/Continuation;)V+24
j  Main$$Lambda$42.run()V+4
j  java.lang.Thread.run()V+11 java.base
v  ~StubRoutines::call_stub
V  [libjvm.so+0x8bcfe9]  JavaCalls::call_helper(JavaValue*, methodHandle const&, JavaCallArguments*, Thread*)+0x3c9
V  [libjvm.so+0x8bb005]  JavaCalls::call_virtual(JavaValue*, Handle, Klass*, Symbol*, Symbol*, Thread*)+0x1e5
V  [libjvm.so+0x965e7c]  thread_entry(JavaThread*, Thread*)+0x6c
V  [libjvm.so+0xf73932]  JavaThread::run()+0x232
V  [libjvm.so+0xf716ad]  Thread::call_run()+0x10d
V  [libjvm.so+0xc8ba17]  thread_native_entry(Thread*)+0xe7

Java frames: (J=compiled Java code, j=interpreted, Vv=VM code)
v  ~RuntimeStub::cont_doYield
j  java.lang.Continuation.yield0(Ljava/lang/ContinuationScope;Ljava/lang/Continuation;)Z+60 java.base
j  java.lang.Continuation.pause(Ljava/lang/ContinuationScope;)Z+3 java.base
j  Main.lambda$main$1(Ljava/lang/Continuation;)V+24
j  Main$$Lambda$42.run()V+4
j  java.lang.Thread.run()V+11 java.base
v  ~StubRoutines::call_stub

siginfo: si_signo: 11 (SIGSEGV), si_code: 1 (SEGV_MAPERR), si_addr: 0x0000000000000020

Register to memory mapping:

RAX=0x0000000000000020 is an unknown value
RBX=0x00007f1f3befc560 is pointing into the stack for thread: 0x00007f1f9c292000
RCX=0x00007f1f8c5b6c98 is pointing into interpreter code (not bytecode specific)
RDX=0x00007f1fa2372b58: <offset 0x000000000167eb58> in /home/dmitry/Downloads/LOOM/loom/build/linux-x86_64-server-release/jdk/lib/server/libjvm.so at 0x00007f1fa0cf4000
RSP=0x00007f1f3befb1c0 is pointing into the stack for thread: 0x00007f1f9c292000
RBP=0x00007f1f3befb1d0 is pointing into the stack for thread: 0x00007f1f9c292000
RSI=0x00007f1f3befd848 is pointing into the stack for thread: 0x00007f1f9c292000
RDI=0x0 is NULL
R8 =0x00007f1f8c5a3000 points into unknown readable memory: 04 00 00 00 00 00 00 00
R9 =0x000000000000000b is an unknown value
R10=0x0000000000000800 is an unknown value
R11=0x0000000000000400 is an unknown value
R12=0x00007f1f5417e820 points into unknown readable memory: 00 00 00 00 00 00 00 00
R13=0x00007f1f3befc560 is pointing into the stack for thread: 0x00007f1f9c292000
R14=0x00007f1f3befd820 is pointing into the stack for thread: 0x00007f1f9c292000
R15=0x00007f1f9c291890 points into unknown readable memory: 02 00 00 00 00 00 00 00


Registers:
RAX=0x0000000000000020, RBX=0x00007f1f3befc560, RCX=0x00007f1f8c5b6c98, RDX=0x00007f1fa2372b58
RSP=0x00007f1f3befb1c0, RBP=0x00007f1f3befb1d0, RSI=0x00007f1f3befd848, RDI=0x0000000000000000
R8 =0x00007f1f8c5a3000, R9 =0x000000000000000b, R10=0x0000000000000800, R11=0x0000000000000400
R12=0x00007f1f5417e820, R13=0x00007f1f3befc560, R14=0x00007f1f3befd820, R15=0x00007f1f9c291890
RIP=0x00007f1fa1377f7a, EFLAGS=0x0000000000010206, CSGSFS=0x002b000000000033, ERR=0x0000000000000004
  TRAPNO=0x000000000000000e

Top of Stack: (sp=0x00007f1f3befb1c0)
0x00007f1f3befb1c0:   00007f1f8c5bc4c0 00007f1f9c292000
0x00007f1f3befb1d0:   00007f1f3befd7d0 00007f1fa137d627
0x00007f1f3befb1e0:   00007f1f9c292000 00007f1f3befb2e0
0x00007f1f3befb1f0:   0000000000000000 00007f1fa2370220 

Instructions: (pc=0x00007f1fa1377f7a)
0x00007f1fa1377e7a:   08 48 63 00 89 0c 02 48 8d 05 4c e4 fd 00 48 8b
0x00007f1fa1377e8a:   4b 30 48 8b 53 08 48 63 00 48 89 0c 02 48 8d 05
0x00007f1fa1377e9a:   2e e4 fd 00 48 8b 53 08 48 8b 4b 38 48 63 00 48
0x00007f1fa1377eaa:   89 0c 02 48 8d 05 14 e4 fd 00 8b 4b 60 48 8b 53
0x00007f1fa1377eba:   08 48 63 00 89 0c 02 48 8d 05 18 e4 fd 00 48 8b
0x00007f1fa1377eca:   53 08 48 8b 4b 10 48 63 00 48 89 0c 02 48 8d 05
0x00007f1fa1377eda:   fe e3 fd 00 48 8b 4b 18 48 8b 53 08 48 63 00 48
0x00007f1fa1377eea:   89 0c 02 48 8d 05 e4 e3 fd 00 48 63 00 48 8b 53
0x00007f1fa1377efa:   08 48 8b 4b 20 48 89 0c 02 48 8d 05 ee e3 fd 00
0x00007f1fa1377f0a:   48 8b 53 08 48 8b 4b 58 48 63 00 89 0c 02 48 8d
0x00007f1fa1377f1a:   05 a1 e3 fd 00 0f b6 4b 70 48 8b 53 08 48 63 00
0x00007f1fa1377f2a:   88 0c 02 48 8d 05 c0 e3 fd 00 0f b7 4b 74 48 8b
0x00007f1fa1377f3a:   53 08 48 63 00 66 89 0c 02 48 8d 05 a6 e3 fd 00
0x00007f1fa1377f4a:   0f b7 4b 72 48 8b 53 08 48 63 00 66 89 0c 02 48
0x00007f1fa1377f5a:   83 c4 08 5b 5d c3 55 48 89 e5 53 48 89 fb 48 83
0x00007f1fa1377f6a:   ec 08 48 8d 05 6d e3 fd 00 48 8b 7f 08 48 63 00
0x00007f1fa1377f7a:   48 8b 04 38 48 89 43 10 48 8d 05 53 e3 fd 00 48
0x00007f1fa1377f8a:   63 00 48 8b 04 38 48 89 43 18 48 8d 05 3d e3 fd
0x00007f1fa1377f9a:   00 48 63 00 48 8b 04 38 48 89 43 20 48 8d 05 23
0x00007f1fa1377faa:   e3 fd 00 48 63 00 8b 04 38 89 43 28 48 8d 05 17
0x00007f1fa1377fba:   e3 fd 00 48 63 00 48 8b 04 38 48 89 43 30 48 8d
0x00007f1fa1377fca:   05 fd e2 fd 00 48 63 00 48 8b 04 38 48 89 43 38
0x00007f1fa1377fda:   48 8d 05 1b e3 fd 00 48 63 30 ff 15 56 40 f7 00
0x00007f1fa1377fea:   48 85 c0 48 89 43 40 0f 84 b9 01 00 00 48 8d 15
0x00007f1fa1377ffa:   de c7 fd 00 80 3a 01 48 19 c9 83 e1 04 80 3a 01
0x00007f1fa137800a:   8b 4c 08 0c 48 19 d2 89 4b 48 83 e2 08 48 8d 44
0x00007f1fa137801a:   10 10 48 89 43 50 48 8d 05 d1 e2 fd 00 48 8b 7b
0x00007f1fa137802a:   08 48 63 00 48 63 04 07 48 89 43 58 48 8d 05 af
0x00007f1fa137803a:   e2 fd 00 48 63 30 ff 15 fa 3f f7 00 48 8d 15 7b
0x00007f1fa137804a:   e2 fd 00 48 89 43 68 48 8b 43 08 48 83 3d d3 ac
0x00007f1fa137805a:   fb 00 00 48 63 12 8b 14 02 89 53 60 48 8d 15 53
0x00007f1fa137806a:   e2 fd 00 48 63 12 0f b6 14 02 88 53 70 48 8d 15 


Stack slot to memory mapping:
stack at sp + 0 slots: 0x00007f1f8c5bc4c0 is at code_begin+3872 in an Interpreter codelet
invoke return entry points  [0x00007f1f8c5bb5a0, 0x00007f1f8c5bddc0]  10272 bytes
stack at sp + 1 slots: 0x00007f1f9c292000 is a thread
stack at sp + 2 slots: 0x00007f1f3befd7d0 is pointing into the stack for thread: 0x00007f1f9c292000
stack at sp + 3 slots: 0x00007f1fa137d627: <offset 0x0000000000689627> in /home/dmitry/Downloads/LOOM/loom/build/linux-x86_64-server-release/jdk/lib/server/libjvm.so at 0x00007f1fa0cf4000
stack at sp + 4 slots: 0x00007f1f9c292000 is a thread
stack at sp + 5 slots: 0x00007f1f3befb2e0 is pointing into the stack for thread: 0x00007f1f9c292000
stack at sp + 6 slots: 0x0 is NULL
stack at sp + 7 slots: 0x00007f1fa2370220: <offset 0x000000000167c220> in /home/dmitry/Downloads/LOOM/loom/build/linux-x86_64-server-release/jdk/lib/server/libjvm.so at 0x00007f1fa0cf4000


---------------  P R O C E S S  ---------------

Threads class SMR info:
_java_thread_list=0x00007f1f9c291920, length=14, elements={
0x00007f1f9c13b800, 0x00007f1f9c13f000, 0x00007f1f9c161000, 0x00007f1f9c165800,
0x00007f1f9c167800, 0x00007f1f9c169800, 0x00007f1f9c182000, 0x00007f1f9c278000,
0x00007f1f9c27b800, 0x00007f1f50001800, 0x00007f1f9c27d800, 0x00007f1f9c290000,
0x00007f1f9c292000, 0x00007f1f9c017800
}

Java Threads: ( => current thread )
  0x00007f1f9c13b800 JavaThread "Reference Handler" daemon [_thread_blocked, id=18872, stack(0x00007f1f884b7000,0x00007f1f885b8000)]
  0x00007f1f9c13f000 JavaThread "Finalizer" daemon [_thread_blocked, id=18873, stack(0x00007f1f883b6000,0x00007f1f884b7000)]
  0x00007f1f9c161000 JavaThread "Signal Dispatcher" daemon [_thread_blocked, id=18876, stack(0x00007f1f882b5000,0x00007f1f883b6000)]
  0x00007f1f9c165800 JavaThread "C2 CompilerThread0" daemon [_thread_blocked, id=18877, stack(0x00007f1f881b4000,0x00007f1f882b5000)]
  0x00007f1f9c167800 JavaThread "C1 CompilerThread0" daemon [_thread_blocked, id=18878, stack(0x00007f1f880b3000,0x00007f1f881b4000)]
  0x00007f1f9c169800 JavaThread "Sweeper thread" daemon [_thread_blocked, id=18879, stack(0x00007f1f78d30000,0x00007f1f78e31000)]
  0x00007f1f9c182000 JavaThread "Common-Cleaner" daemon [_thread_blocked, id=18884, stack(0x00007f1f78805000,0x00007f1f78906000)]
  0x00007f1f9c278000 JavaThread "JDWP Transport Listener: dt_socket" daemon [_thread_blocked, id=18888, stack(0x00007f1f784fe000,0x00007f1f785ff000)]
  0x00007f1f9c27b800 JavaThread "JDWP Event Helper Thread" daemon [_thread_blocked, id=18891, stack(0x00007f1f783fd000,0x00007f1f784fe000)]
  0x00007f1f50001800 JavaThread "JDWP Command Reader" daemon [_thread_in_native, id=18892, stack(0x00007f1f782fc000,0x00007f1f783fd000)]
  0x00007f1f9c27d800 JavaThread "Service Thread" daemon [_thread_blocked, id=18893, stack(0x00007f1f781fb000,0x00007f1f782fc000)]
  0x00007f1f9c290000 JavaThread "Thread-0" [_thread_in_Java, id=18895, stack(0x00007f1f3beff000,0x00007f1f3c000000)]
=>0x00007f1f9c292000 JavaThread "Thread-1" [_thread_in_vm, id=18896, stack(0x00007f1f3bdfe000,0x00007f1f3beff000)]
  0x00007f1f9c017800 JavaThread "DestroyJavaVM" [_thread_blocked, id=18858, stack(0x00007f1fa30f8000,0x00007f1fa31f9000)]

Other Threads:
  0x00007f1f9c12f800 VMThread "VM Thread" [stack: 0x00007f1f885ba000,0x00007f1f886ba000] [id=18870]
  0x00007f1f9c280000 WatcherThread [stack: 0x00007f1f780fb000,0x00007f1f781fb000] [id=18894]
  0x00007f1f9c05b000 GCTaskThread "GC Thread#0" [stack: 0x00007f1f88f49000,0x00007f1f89049000] [id=18861]
  0x00007f1f9c065000 ConcurrentGCThread "G1 Main Marker" [stack: 0x00007f1f88e47000,0x00007f1f88f47000] [id=18862]
  0x00007f1f9c066800 ConcurrentGCThread "G1 Conc#0" [stack: 0x00007f1f88d45000,0x00007f1f88e45000] [id=18863]
  0x00007f1f9c0bb000 ConcurrentGCThread "G1 Refine#0" [stack: 0x00007f1f8883f000,0x00007f1f8893f000] [id=18864]
  0x00007f1f9c0bc800 ConcurrentGCThread "G1 Young RemSet Sampling" [stack: 0x00007f1f8873d000,0x00007f1f8883d000] [id=18866]

Threads with active compile tasks:

VM state:not at safepoint (normal execution)

VM Mutex/Monitor currently owned by a thread: None

Heap address: 0x00000000b0000000, size: 1280 MB, Compressed Oops mode: 32-bit
Narrow klass base: 0x0000000000000000, Narrow klass shift: 3
Compressed class space size: 1073741824 Address: 0x0000000100000000

Heap:
 garbage-first heap   total 81920K, used 7168K [0x00000000b0000000, 0x0000000100000000)
  region size 1024K, 8 young (8192K), 0 survivors (0K)
 Metaspace       used 7060K, capacity 7214K, committed 7424K, reserved 1056768K
  class space    used 611K, capacity 664K, committed 768K, reserved 1048576K
Heap Regions: E=young(eden), S=young(survivor), O=old, HS=humongous(starts), HC=humongous(continues), CS=collection set, F=free, A=archive, TAMS=top-at-mark-start (previous, next)
|   0|0x00000000b0000000, 0x00000000b0000000, 0x00000000b0100000|  0%| F|  |TAMS 0x00000000b0000000, 0x00000000b0000000| Untracked 
|   1|0x00000000b0100000, 0x00000000b0100000, 0x00000000b0200000|  0%| F|  |TAMS 0x00000000b0100000, 0x00000000b0100000| Untracked 
|   2|0x00000000b0200000, 0x00000000b0200000, 0x00000000b0300000|  0%| F|  |TAMS 0x00000000b0200000, 0x00000000b0200000| Untracked 
|   3|0x00000000b0300000, 0x00000000b0300000, 0x00000000b0400000|  0%| F|  |TAMS 0x00000000b0300000, 0x00000000b0300000| Untracked 
|   4|0x00000000b0400000, 0x00000000b0400000, 0x00000000b0500000|  0%| F|  |TAMS 0x00000000b0400000, 0x00000000b0400000| Untracked 
|   5|0x00000000b0500000, 0x00000000b0500000, 0x00000000b0600000|  0%| F|  |TAMS 0x00000000b0500000, 0x00000000b0500000| Untracked 
|   6|0x00000000b0600000, 0x00000000b0600000, 0x00000000b0700000|  0%| F|  |TAMS 0x00000000b0600000, 0x00000000b0600000| Untracked 
|   7|0x00000000b0700000, 0x00000000b0700000, 0x00000000b0800000|  0%| F|  |TAMS 0x00000000b0700000, 0x00000000b0700000| Untracked 
|   8|0x00000000b0800000, 0x00000000b0800000, 0x00000000b0900000|  0%| F|  |TAMS 0x00000000b0800000, 0x00000000b0800000| Untracked 
|   9|0x00000000b0900000, 0x00000000b0900000, 0x00000000b0a00000|  0%| F|  |TAMS 0x00000000b0900000, 0x00000000b0900000| Untracked 
|  10|0x00000000b0a00000, 0x00000000b0a00000, 0x00000000b0b00000|  0%| F|  |TAMS 0x00000000b0a00000, 0x00000000b0a00000| Untracked 
|  11|0x00000000b0b00000, 0x00000000b0b00000, 0x00000000b0c00000|  0%| F|  |TAMS 0x00000000b0b00000, 0x00000000b0b00000| Untracked 
|  12|0x00000000b0c00000, 0x00000000b0c00000, 0x00000000b0d00000|  0%| F|  |TAMS 0x00000000b0c00000, 0x00000000b0c00000| Untracked 
|  13|0x00000000b0d00000, 0x00000000b0d00000, 0x00000000b0e00000|  0%| F|  |TAMS 0x00000000b0d00000, 0x00000000b0d00000| Untracked 
|  14|0x00000000b0e00000, 0x00000000b0e00000, 0x00000000b0f00000|  0%| F|  |TAMS 0x00000000b0e00000, 0x00000000b0e00000| Untracked 
|  15|0x00000000b0f00000, 0x00000000b0f00000, 0x00000000b1000000|  0%| F|  |TAMS 0x00000000b0f00000, 0x00000000b0f00000| Untracked 
|  16|0x00000000b1000000, 0x00000000b1000000, 0x00000000b1100000|  0%| F|  |TAMS 0x00000000b1000000, 0x00000000b1000000| Untracked 
|  17|0x00000000b1100000, 0x00000000b1100000, 0x00000000b1200000|  0%| F|  |TAMS 0x00000000b1100000, 0x00000000b1100000| Untracked 
|  18|0x00000000b1200000, 0x00000000b1200000, 0x00000000b1300000|  0%| F|  |TAMS 0x00000000b1200000, 0x00000000b1200000| Untracked 
|  19|0x00000000b1300000, 0x00000000b1300000, 0x00000000b1400000|  0%| F|  |TAMS 0x00000000b1300000, 0x00000000b1300000| Untracked 
|  20|0x00000000b1400000, 0x00000000b1400000, 0x00000000b1500000|  0%| F|  |TAMS 0x00000000b1400000, 0x00000000b1400000| Untracked 
|  21|0x00000000b1500000, 0x00000000b1500000, 0x00000000b1600000|  0%| F|  |TAMS 0x00000000b1500000, 0x00000000b1500000| Untracked 
|  22|0x00000000b1600000, 0x00000000b1600000, 0x00000000b1700000|  0%| F|  |TAMS 0x00000000b1600000, 0x00000000b1600000| Untracked 
|  23|0x00000000b1700000, 0x00000000b1700000, 0x00000000b1800000|  0%| F|  |TAMS 0x00000000b1700000, 0x00000000b1700000| Untracked 
|  24|0x00000000b1800000, 0x00000000b1800000, 0x00000000b1900000|  0%| F|  |TAMS 0x00000000b1800000, 0x00000000b1800000| Untracked 
|  25|0x00000000b1900000, 0x00000000b1900000, 0x00000000b1a00000|  0%| F|  |TAMS 0x00000000b1900000, 0x00000000b1900000| Untracked 
|  26|0x00000000b1a00000, 0x00000000b1a00000, 0x00000000b1b00000|  0%| F|  |TAMS 0x00000000b1a00000, 0x00000000b1a00000| Untracked 
|  27|0x00000000b1b00000, 0x00000000b1b00000, 0x00000000b1c00000|  0%| F|  |TAMS 0x00000000b1b00000, 0x00000000b1b00000| Untracked 
|  28|0x00000000b1c00000, 0x00000000b1c00000, 0x00000000b1d00000|  0%| F|  |TAMS 0x00000000b1c00000, 0x00000000b1c00000| Untracked 
|  29|0x00000000b1d00000, 0x00000000b1d00000, 0x00000000b1e00000|  0%| F|  |TAMS 0x00000000b1d00000, 0x00000000b1d00000| Untracked 
|  30|0x00000000b1e00000, 0x00000000b1e00000, 0x00000000b1f00000|  0%| F|  |TAMS 0x00000000b1e00000, 0x00000000b1e00000| Untracked 
|  31|0x00000000b1f00000, 0x00000000b1f00000, 0x00000000b2000000|  0%| F|  |TAMS 0x00000000b1f00000, 0x00000000b1f00000| Untracked 
|  32|0x00000000b2000000, 0x00000000b2000000, 0x00000000b2100000|  0%| F|  |TAMS 0x00000000b2000000, 0x00000000b2000000| Untracked 
|  33|0x00000000b2100000, 0x00000000b2100000, 0x00000000b2200000|  0%| F|  |TAMS 0x00000000b2100000, 0x00000000b2100000| Untracked 
|  34|0x00000000b2200000, 0x00000000b2200000, 0x00000000b2300000|  0%| F|  |TAMS 0x00000000b2200000, 0x00000000b2200000| Untracked 
|  35|0x00000000b2300000, 0x00000000b2300000, 0x00000000b2400000|  0%| F|  |TAMS 0x00000000b2300000, 0x00000000b2300000| Untracked 
|  36|0x00000000b2400000, 0x00000000b2400000, 0x00000000b2500000|  0%| F|  |TAMS 0x00000000b2400000, 0x00000000b2400000| Untracked 
|  37|0x00000000b2500000, 0x00000000b2500000, 0x00000000b2600000|  0%| F|  |TAMS 0x00000000b2500000, 0x00000000b2500000| Untracked 
|  38|0x00000000b2600000, 0x00000000b2600000, 0x00000000b2700000|  0%| F|  |TAMS 0x00000000b2600000, 0x00000000b2600000| Untracked 
|  39|0x00000000b2700000, 0x00000000b2700000, 0x00000000b2800000|  0%| F|  |TAMS 0x00000000b2700000, 0x00000000b2700000| Untracked 
|  40|0x00000000b2800000, 0x00000000b2800000, 0x00000000b2900000|  0%| F|  |TAMS 0x00000000b2800000, 0x00000000b2800000| Untracked 
|  41|0x00000000b2900000, 0x00000000b2900000, 0x00000000b2a00000|  0%| F|  |TAMS 0x00000000b2900000, 0x00000000b2900000| Untracked 
|  42|0x00000000b2a00000, 0x00000000b2a00000, 0x00000000b2b00000|  0%| F|  |TAMS 0x00000000b2a00000, 0x00000000b2a00000| Untracked 
|  43|0x00000000b2b00000, 0x00000000b2b00000, 0x00000000b2c00000|  0%| F|  |TAMS 0x00000000b2b00000, 0x00000000b2b00000| Untracked 
|  44|0x00000000b2c00000, 0x00000000b2c00000, 0x00000000b2d00000|  0%| F|  |TAMS 0x00000000b2c00000, 0x00000000b2c00000| Untracked 
|  45|0x00000000b2d00000, 0x00000000b2d00000, 0x00000000b2e00000|  0%| F|  |TAMS 0x00000000b2d00000, 0x00000000b2d00000| Untracked 
|  46|0x00000000b2e00000, 0x00000000b2e00000, 0x00000000b2f00000|  0%| F|  |TAMS 0x00000000b2e00000, 0x00000000b2e00000| Untracked 
|  47|0x00000000b2f00000, 0x00000000b2f00000, 0x00000000b3000000|  0%| F|  |TAMS 0x00000000b2f00000, 0x00000000b2f00000| Untracked 
|  48|0x00000000b3000000, 0x00000000b3000000, 0x00000000b3100000|  0%| F|  |TAMS 0x00000000b3000000, 0x00000000b3000000| Untracked 
|  49|0x00000000b3100000, 0x00000000b3100000, 0x00000000b3200000|  0%| F|  |TAMS 0x00000000b3100000, 0x00000000b3100000| Untracked 
|  50|0x00000000b3200000, 0x00000000b3200000, 0x00000000b3300000|  0%| F|  |TAMS 0x00000000b3200000, 0x00000000b3200000| Untracked 
|  51|0x00000000b3300000, 0x00000000b3300000, 0x00000000b3400000|  0%| F|  |TAMS 0x00000000b3300000, 0x00000000b3300000| Untracked 
|  52|0x00000000b3400000, 0x00000000b3400000, 0x00000000b3500000|  0%| F|  |TAMS 0x00000000b3400000, 0x00000000b3400000| Untracked 
|  53|0x00000000b3500000, 0x00000000b3500000, 0x00000000b3600000|  0%| F|  |TAMS 0x00000000b3500000, 0x00000000b3500000| Untracked 
|  54|0x00000000b3600000, 0x00000000b3600000, 0x00000000b3700000|  0%| F|  |TAMS 0x00000000b3600000, 0x00000000b3600000| Untracked 
|  55|0x00000000b3700000, 0x00000000b3700000, 0x00000000b3800000|  0%| F|  |TAMS 0x00000000b3700000, 0x00000000b3700000| Untracked 
|  56|0x00000000b3800000, 0x00000000b3800000, 0x00000000b3900000|  0%| F|  |TAMS 0x00000000b3800000, 0x00000000b3800000| Untracked 
|  57|0x00000000b3900000, 0x00000000b3900000, 0x00000000b3a00000|  0%| F|  |TAMS 0x00000000b3900000, 0x00000000b3900000| Untracked 
|  58|0x00000000b3a00000, 0x00000000b3a00000, 0x00000000b3b00000|  0%| F|  |TAMS 0x00000000b3a00000, 0x00000000b3a00000| Untracked 
|  59|0x00000000b3b00000, 0x00000000b3b00000, 0x00000000b3c00000|  0%| F|  |TAMS 0x00000000b3b00000, 0x00000000b3b00000| Untracked 
|  60|0x00000000b3c00000, 0x00000000b3c00000, 0x00000000b3d00000|  0%| F|  |TAMS 0x00000000b3c00000, 0x00000000b3c00000| Untracked 
|  61|0x00000000b3d00000, 0x00000000b3d00000, 0x00000000b3e00000|  0%| F|  |TAMS 0x00000000b3d00000, 0x00000000b3d00000| Untracked 
|  62|0x00000000b3e00000, 0x00000000b3e00000, 0x00000000b3f00000|  0%| F|  |TAMS 0x00000000b3e00000, 0x00000000b3e00000| Untracked 
|  63|0x00000000b3f00000, 0x00000000b3f00000, 0x00000000b4000000|  0%| F|  |TAMS 0x00000000b3f00000, 0x00000000b3f00000| Untracked 
|  64|0x00000000b4000000, 0x00000000b4000000, 0x00000000b4100000|  0%| F|  |TAMS 0x00000000b4000000, 0x00000000b4000000| Untracked 
|  65|0x00000000b4100000, 0x00000000b4100000, 0x00000000b4200000|  0%| F|  |TAMS 0x00000000b4100000, 0x00000000b4100000| Untracked 
|  66|0x00000000b4200000, 0x00000000b4200000, 0x00000000b4300000|  0%| F|  |TAMS 0x00000000b4200000, 0x00000000b4200000| Untracked 
|  67|0x00000000b4300000, 0x00000000b4300000, 0x00000000b4400000|  0%| F|  |TAMS 0x00000000b4300000, 0x00000000b4300000| Untracked 
|  68|0x00000000b4400000, 0x00000000b4400000, 0x00000000b4500000|  0%| F|  |TAMS 0x00000000b4400000, 0x00000000b4400000| Untracked 
|  69|0x00000000b4500000, 0x00000000b4500000, 0x00000000b4600000|  0%| F|  |TAMS 0x00000000b4500000, 0x00000000b4500000| Untracked 
|  70|0x00000000b4600000, 0x00000000b4600000, 0x00000000b4700000|  0%| F|  |TAMS 0x00000000b4600000, 0x00000000b4600000| Untracked 
|  71|0x00000000b4700000, 0x00000000b4700000, 0x00000000b4800000|  0%| F|  |TAMS 0x00000000b4700000, 0x00000000b4700000| Untracked 
|  72|0x00000000b4800000, 0x00000000b4900000, 0x00000000b4900000|100%| E|  |TAMS 0x00000000b4800000, 0x00000000b4800000| Complete 
|  73|0x00000000b4900000, 0x00000000b4a00000, 0x00000000b4a00000|100%| E|CS|TAMS 0x00000000b4900000, 0x00000000b4900000| Complete 
|  74|0x00000000b4a00000, 0x00000000b4b00000, 0x00000000b4b00000|100%| E|CS|TAMS 0x00000000b4a00000, 0x00000000b4a00000| Complete 
|  75|0x00000000b4b00000, 0x00000000b4c00000, 0x00000000b4c00000|100%| E|CS|TAMS 0x00000000b4b00000, 0x00000000b4b00000| Complete 
|  76|0x00000000b4c00000, 0x00000000b4d00000, 0x00000000b4d00000|100%| E|CS|TAMS 0x00000000b4c00000, 0x00000000b4c00000| Complete 
|  77|0x00000000b4d00000, 0x00000000b4e00000, 0x00000000b4e00000|100%| E|CS|TAMS 0x00000000b4d00000, 0x00000000b4d00000| Complete 
|  78|0x00000000b4e00000, 0x00000000b4f00000, 0x00000000b4f00000|100%| E|CS|TAMS 0x00000000b4e00000, 0x00000000b4e00000| Complete 
|  79|0x00000000b4f00000, 0x00000000b5000000, 0x00000000b5000000|100%| E|CS|TAMS 0x00000000b4f00000, 0x00000000b4f00000| Complete 

Card table byte_map: [0x00007f1f8bac9000,0x00007f1f8bd49000] _byte_map_base: 0x00007f1f8b549000

Marking Bits (Prev, Next): (CMBitMap*) 0x00007f1f9c05c518, (CMBitMap*) 0x00007f1f9c05c558
 Prev Bits: [0x00007f1f8a449000, 0x00007f1f8b849000)
 Next Bits: [0x00007f1f89049000, 0x00007f1f8a449000)

Polling page: 0x00007f1fa320c000

Metaspace:

Usage:
  Non-class:      6,40 MB capacity,     6,30 MB ( 98%) used,    90,91 KB (  1%) free+waste,    10,75 KB ( <1%) overhead. 
      Class:    664,00 KB capacity,   611,80 KB ( 92%) used,    46,58 KB (  7%) free+waste,     5,62 KB ( <1%) overhead. 
       Both:      7,04 MB capacity,     6,89 MB ( 98%) used,   137,48 KB (  2%) free+waste,    16,38 KB ( <1%) overhead. 

Virtual space:
  Non-class space:        8,00 MB reserved,       6,50 MB ( 81%) committed 
      Class space:        1,00 GB reserved,     768,00 KB ( <1%) committed 
             Both:        1,01 GB reserved,       7,25 MB ( <1%) committed 

Chunk freelists:
   Non-Class:  42,00 KB
       Class:  8,00 KB
        Both:  50,00 KB

MaxMetaspaceSize: unlimited
CompressedClassSpaceSize: 1,00 GB

CodeHeap 'non-profiled nmethods': size=120032Kb used=176Kb max_used=176Kb free=119855Kb
 bounds [0x00007f1f9406b000, 0x00007f1f942db000, 0x00007f1f9b5a3000]
CodeHeap 'profiled nmethods': size=120032Kb used=781Kb max_used=781Kb free=119250Kb
 bounds [0x00007f1f8cb33000, 0x00007f1f8cda3000, 0x00007f1f9406b000]
CodeHeap 'non-nmethods': size=5696Kb used=1183Kb max_used=1200Kb free=4512Kb
 bounds [0x00007f1f8c5a3000, 0x00007f1f8c813000, 0x00007f1f8cb33000]
 total_blobs=986 nmethods=530 adapters=248
 compilation: enabled
              stopped_count=0, restarted_count=0
 full_count=0

Compilation events (10 events):
Event: 1,340 Thread 0x00007f1f9c167800 nmethod 536 0x00007f1f8cbf5610 code [0x00007f1f8cbf57c0, 0x00007f1f8cbf59f0]
Event: 1,341 Thread 0x00007f1f9c167800  538       3       java.lang.invoke.MethodType::toMethodDescriptorString (28 bytes)
Event: 1,341 Thread 0x00007f1f9c167800 nmethod 538 0x00007f1f8cbf5a90 code [0x00007f1f8cbf5c40, 0x00007f1f8cbf5e88]
Event: 1,341 Thread 0x00007f1f9c165800 nmethod 486 0x00007f1f94095810 code [0x00007f1f940959a0, 0x00007f1f940959f8]
Event: 1,341 Thread 0x00007f1f9c165800  377       4       java.lang.StringBuilder::append (8 bytes)
Event: 1,353 Thread 0x00007f1f9c167800  540       3       jdk.internal.org.objectweb.asm.ByteVector::put122 (93 bytes)
Event: 1,353 Thread 0x00007f1f9c167800 nmethod 540 0x00007f1f8cbf5f10 code [0x00007f1f8cbf60c0, 0x00007f1f8cbf63c8]
Event: 1,368 Thread 0x00007f1f9c165800 nmethod 377 0x00007f1f94095c90 code [0x00007f1f94095e20, 0x00007f1f94096438]
Event: 1,368 Thread 0x00007f1f9c165800  378       4       java.lang.AbstractStringBuilder::append (77 bytes)
Event: 1,386 Thread 0x00007f1f9c165800 nmethod 378 0x00007f1f94096710 code [0x00007f1f940968a0, 0x00007f1f94096e38]

GC Heap History (0 events):
No events

Deoptimization events (2 events):
Event: 0,781 Thread 0x00007f1f9c017800 Uncommon trap: reason=unstable_if action=reinterpret pc=0x00007f1f94078334 method=java.io.DataInputStream.readUTF(Ljava/io/DataInput;)Ljava/lang/String; @ 31 c2
Event: 1,164 Thread 0x00007f1f9c017800 Uncommon trap: reason=unstable_if action=reinterpret pc=0x00007f1f94082eec method=java.util.HashMap.putVal(ILjava/lang/Object;Ljava/lang/Object;ZZ)Ljava/lang/Object; @ 236 c2

Classes unloaded (0 events):
No events

Classes redefined (0 events):
No events

Internal exceptions (10 events):
Event: 0,852 Thread 0x00007f1f9c017800 Exception <a 'java/lang/NoSuchMethodError'{0x00000000b4c16770}: 'int java.lang.invoke.DirectMethodHandle$Holder.invokeStatic(java.lang.Object, java.lang.Object)'> (0x00000000b4c16770) 
thrown [/home/dmitry/Downloads/LOOM/loom/src/hotspot/share/interpreter/linkResolver.cpp, line 768]
for thread 0x00007f1f9c017800
Event: 0,862 Thread 0x00007f1f9c017800 Exception <a 'java/lang/NoSuchMethodError'{0x00000000b4c20db0}: 'java.lang.Object java.lang.invoke.DirectMethodHandle$Holder.invokeVirtual(java.lang.Object, java.lang.Object)'> (0x00000000b4c20db0) 
thrown [/home/dmitry/Downloads/LOOM/loom/src/hotspot/share/interpreter/linkResolver.cpp, line 768]
for thread 0x00007f1f9c017800
Event: 0,878 Thread 0x00007f1f9c017800 Exception <a 'java/lang/NoSuchMethodError'{0x00000000b4c28978}: 'int java.lang.invoke.DirectMethodHandle$Holder.invokeSpecial(java.lang.Object, java.lang.Object)'> (0x00000000b4c28978) 
thrown [/home/dmitry/Downloads/LOOM/loom/src/hotspot/share/interpreter/linkResolver.cpp, line 768]
for thread 0x00007f1f9c017800
Event: 1,077 Thread 0x00007f1f9c017800 Exception <a 'java/lang/NoSuchMethodError'{0x00000000b4ab99f8}: 'void java.lang.invoke.DirectMethodHandle$Holder.invokeStatic(java.lang.Object, java.lang.Object, java.lang.Object)'> (0x00000000b4ab99f8) 
thrown [/home/dmitry/Downloads/LOOM/loom/src/hotspot/share/interpreter/linkResolver.cpp, line 768]
for thread 0x00007f1f9c017800
Event: 1,092 Thread 0x00007f1f9c017800 Exception <a 'java/lang/NoSuchMethodError'{0x00000000b4ae4fa8}: 'java.lang.Object java.lang.invoke.Invokers$Holder.linkToTargetMethod(java.lang.Object, java.lang.Object, java.lang.Object, java.lang.Object)'> (0x00000000b4ae4fa8) 
thrown [/home/dmitry/Downloads/LOOM/loom/src/hotspot/share/interpreter/linkResolver.cpp, line 768]
for thread 0x00007f1f9c017800
Event: 1,171 Thread 0x00007f1f9c017800 Exception <a 'java/lang/NoSuchMethodError'{0x00000000b4960b30}: 'java.lang.Object java.lang.invoke.DirectMethodHandle$Holder.invokeStaticInit(java.lang.Object, java.lang.Object)'> (0x00000000b4960b30) 
thrown [/home/dmitry/Downloads/LOOM/loom/src/hotspot/share/interpreter/linkResolver.cpp, line 768]
for thread 0x00007f1f9c017800
Event: 1,173 Thread 0x00007f1f9c017800 Exception <a 'java/lang/NoSuchMethodError'{0x00000000b4968860}: 'void java.lang.invoke.DirectMethodHandle$Holder.invokeStaticInit(java.lang.Object, java.lang.Object, java.lang.Object)'> (0x00000000b4968860) 
thrown [/home/dmitry/Downloads/LOOM/loom/src/hotspot/share/interpreter/linkResolver.cpp, line 768]
for thread 0x00007f1f9c017800
Event: 1,338 Thread 0x00007f1f9c017800 Exception <a 'java/lang/NoSuchMethodError'{0x00000000b4801890}: 'void java.lang.invoke.DirectMethodHandle$Holder.invokeStatic(java.lang.Object)'> (0x00000000b4801890) 
thrown [/home/dmitry/Downloads/LOOM/loom/src/hotspot/share/interpreter/linkResolver.cpp, line 768]
for thread 0x00007f1f9c017800
Event: 1,340 Thread 0x00007f1f9c017800 Exception <a 'java/lang/NoSuchMethodError'{0x00000000b4805fd8}: 'void java.lang.invoke.DirectMethodHandle$Holder.invokeSpecial(java.lang.Object, java.lang.Object)'> (0x00000000b4805fd8) 
thrown [/home/dmitry/Downloads/LOOM/loom/src/hotspot/share/interpreter/linkResolver.cpp, line 768]
for thread 0x00007f1f9c017800
Event: 1,352 Thread 0x00007f1f9c017800 Exception <a 'java/lang/NoSuchMethodError'{0x00000000b480ace8}: 'void java.lang.invoke.DirectMethodHandle$Holder.invokeStatic(java.lang.Object, java.lang.Object)'> (0x00000000b480ace8) 
thrown [/home/dmitry/Downloads/LOOM/loom/src/hotspot/share/interpreter/linkResolver.cpp, line 768]
for thread 0x00007f1f9c017800

Events (10 events):
Event: 27,776 Executing VM operation: GetFrameCount
Event: 27,778 Executing VM operation: GetFrameCount done
Event: 27,778 Executing VM operation: SetFramePop
Event: 27,778 Executing VM operation: SetFramePop done
Event: 27,778 Executing VM operation: GetFrameLocation
Event: 27,778 Executing VM operation: GetFrameLocation done
Event: 27,778 Executing VM operation: GetCurrentLocation
Event: 27,778 Executing VM operation: GetCurrentLocation done
Event: 27,778 Executing VM operation: ChangeSingleStep
Event: 27,779 Executing VM operation: ChangeSingleStep done


Dynamic libraries:
b0000000-b5000000 rw-p 00000000 00:00 0 
b5000000-100000000 ---p 00000000 00:00 0 
100000000-1000c0000 rw-p 00000000 00:00 0 
1000c0000-140000000 ---p 00000000 00:00 0 
55c55038e000-55c55038f000 r-xp 00000000 08:01 2499823                    /home/dmitry/Downloads/LOOM/loom/build/linux-x86_64-server-release/jdk/bin/java
55c55058f000-55c550590000 r--p 00001000 08:01 2499823                    /home/dmitry/Downloads/LOOM/loom/build/linux-x86_64-server-release/jdk/bin/java
55c550590000-55c550591000 rw-p 00002000 08:01 2499823                    /home/dmitry/Downloads/LOOM/loom/build/linux-x86_64-server-release/jdk/bin/java
55c552432000-55c552453000 rw-p 00000000 00:00 0                          [heap]
7f1f2c000000-7f1f2c021000 rw-p 00000000 00:00 0 
7f1f2c021000-7f1f30000000 ---p 00000000 00:00 0 
7f1f34000000-7f1f34021000 rw-p 00000000 00:00 0 
7f1f34021000-7f1f38000000 ---p 00000000 00:00 0 
7f1f3ba03000-7f1f3bdfe000 rw-p 00000000 00:00 0 
7f1f3bdfe000-7f1f3be02000 ---p 00000000 00:00 0 
7f1f3be02000-7f1f3beff000 rw-p 00000000 00:00 0 
7f1f3beff000-7f1f3bf03000 ---p 00000000 00:00 0 
7f1f3bf03000-7f1f3c000000 rw-p 00000000 00:00 0 
7f1f3c000000-7f1f3c021000 rw-p 00000000 00:00 0 
7f1f3c021000-7f1f40000000 ---p 00000000 00:00 0 
7f1f40000000-7f1f40021000 rw-p 00000000 00:00 0 
7f1f40021000-7f1f44000000 ---p 00000000 00:00 0 
7f1f44000000-7f1f44021000 rw-p 00000000 00:00 0 
7f1f44021000-7f1f48000000 ---p 00000000 00:00 0 
7f1f48000000-7f1f48021000 rw-p 00000000 00:00 0 
7f1f48021000-7f1f4c000000 ---p 00000000 00:00 0 
7f1f4c000000-7f1f4c021000 rw-p 00000000 00:00 0 
7f1f4c021000-7f1f50000000 ---p 00000000 00:00 0 
7f1f50000000-7f1f50044000 rw-p 00000000 00:00 0 
7f1f50044000-7f1f54000000 ---p 00000000 00:00 0 
7f1f54000000-7f1f54180000 rw-p 00000000 00:00 0 
7f1f54180000-7f1f58000000 ---p 00000000 00:00 0 
7f1f58000000-7f1f58021000 rw-p 00000000 00:00 0 
7f1f58021000-7f1f5c000000 ---p 00000000 00:00 0 
7f1f5c000000-7f1f5c021000 rw-p 00000000 00:00 0 
7f1f5c021000-7f1f60000000 ---p 00000000 00:00 0 
7f1f60000000-7f1f603a2000 rw-p 00000000 00:00 0 
7f1f603a2000-7f1f64000000 ---p 00000000 00:00 0 
7f1f64000000-7f1f64021000 rw-p 00000000 00:00 0 
7f1f64021000-7f1f68000000 ---p 00000000 00:00 0 
7f1f68000000-7f1f68021000 rw-p 00000000 00:00 0 
7f1f68021000-7f1f6c000000 ---p 00000000 00:00 0 
7f1f6c000000-7f1f6c021000 rw-p 00000000 00:00 0 
7f1f6c021000-7f1f70000000 ---p 00000000 00:00 0 
7f1f70000000-7f1f70021000 rw-p 00000000 00:00 0 
7f1f70021000-7f1f74000000 ---p 00000000 00:00 0 
7f1f74000000-7f1f74021000 rw-p 00000000 00:00 0 
7f1f74021000-7f1f78000000 ---p 00000000 00:00 0 
7f1f780f9000-7f1f780fa000 ---p 00000000 00:00 0 
7f1f780fa000-7f1f781fb000 rw-p 00000000 00:00 0 
7f1f781fb000-7f1f781ff000 ---p 00000000 00:00 0 
7f1f781ff000-7f1f782fc000 rw-p 00000000 00:00 0 
7f1f782fc000-7f1f78300000 ---p 00000000 00:00 0 
7f1f78300000-7f1f783fd000 rw-p 00000000 00:00 0 
7f1f783fd000-7f1f78401000 ---p 00000000 00:00 0 
7f1f78401000-7f1f784fe000 rw-p 00000000 00:00 0 
7f1f784fe000-7f1f78502000 ---p 00000000 00:00 0 
7f1f78502000-7f1f785ff000 rw-p 00000000 00:00 0 
7f1f785ff000-7f1f78604000 r-xp 00000000 08:01 2636454                    /home/dmitry/Downloads/LOOM/loom/build/linux-x86_64-server-release/jdk/lib/libdt_socket.so
7f1f78604000-7f1f78803000 ---p 00005000 08:01 2636454                    /home/dmitry/Downloads/LOOM/loom/build/linux-x86_64-server-release/jdk/lib/libdt_socket.so
7f1f78803000-7f1f78804000 r--p 00004000 08:01 2636454                    /home/dmitry/Downloads/LOOM/loom/build/linux-x86_64-server-release/jdk/lib/libdt_socket.so
7f1f78804000-7f1f78805000 rw-p 00005000 08:01 2636454                    /home/dmitry/Downloads/LOOM/loom/build/linux-x86_64-server-release/jdk/lib/libdt_socket.so
7f1f78805000-7f1f78809000 ---p 00000000 00:00 0 
7f1f78809000-7f1f78906000 rw-p 00000000 00:00 0 
7f1f78906000-7f1f7891c000 r-xp 00000000 08:01 2636329                    /home/dmitry/Downloads/LOOM/loom/build/linux-x86_64-server-release/jdk/lib/libnet.so
7f1f7891c000-7f1f78b1c000 ---p 00016000 08:01 2636329                    /home/dmitry/Downloads/LOOM/loom/build/linux-x86_64-server-release/jdk/lib/libnet.so
7f1f78b1c000-7f1f78b1d000 r--p 00016000 08:01 2636329                    /home/dmitry/Downloads/LOOM/loom/build/linux-x86_64-server-release/jdk/lib/libnet.so
7f1f78b1d000-7f1f78b1e000 rw-p 00017000 08:01 2636329                    /home/dmitry/Downloads/LOOM/loom/build/linux-x86_64-server-release/jdk/lib/libnet.so
7f1f78b1e000-7f1f78b2f000 r-xp 00000000 08:01 2636332                    /home/dmitry/Downloads/LOOM/loom/build/linux-x86_64-server-release/jdk/lib/libnio.so
7f1f78b2f000-7f1f78d2e000 ---p 00011000 08:01 2636332                    /home/dmitry/Downloads/LOOM/loom/build/linux-x86_64-server-release/jdk/lib/libnio.so
7f1f78d2e000-7f1f78d2f000 r--p 00010000 08:01 2636332                    /home/dmitry/Downloads/LOOM/loom/build/linux-x86_64-server-release/jdk/lib/libnio.so
7f1f78d2f000-7f1f78d30000 rw-p 00011000 08:01 2636332                    /home/dmitry/Downloads/LOOM/loom/build/linux-x86_64-server-release/jdk/lib/libnio.so
7f1f78d30000-7f1f78d34000 ---p 00000000 00:00 0 
7f1f78d34000-7f1f78e31000 rw-p 00000000 00:00 0 
7f1f78e31000-7f1f79800000 r--p 00000000 08:01 10230401                   /usr/lib/locale/locale-archive
7f1f79800000-7f1f79e80000 rw-p 00000000 00:00 0 
7f1f79e80000-7f1f7a000000 ---p 00000000 00:00 0 
7f1f7a000000-7f1f7c000000 rw-p 00000000 00:00 0 
7f1f7c000000-7f1f7c021000 rw-p 00000000 00:00 0 
7f1f7c021000-7f1f80000000 ---p 00000000 00:00 0 
7f1f80000000-7f1f80021000 rw-p 00000000 00:00 0 
7f1f80021000-7f1f84000000 ---p 00000000 00:00 0 
7f1f84000000-7f1f84021000 rw-p 00000000 00:00 0 
7f1f84021000-7f1f88000000 ---p 00000000 00:00 0 
7f1f880b3000-7f1f880b7000 ---p 00000000 00:00 0 
7f1f880b7000-7f1f881b4000 rw-p 00000000 00:00 0 
7f1f881b4000-7f1f881b8000 ---p 00000000 00:00 0 
7f1f881b8000-7f1f882b5000 rw-p 00000000 00:00 0 
7f1f882b5000-7f1f882b9000 ---p 00000000 00:00 0 
7f1f882b9000-7f1f883b6000 rw-p 00000000 00:00 0 
7f1f883b6000-7f1f883ba000 ---p 00000000 00:00 0 
7f1f883ba000-7f1f884b7000 rw-p 00000000 00:00 0 
7f1f884b7000-7f1f884bb000 ---p 00000000 00:00 0 
7f1f884bb000-7f1f885b8000 rw-p 00000000 00:00 0 
7f1f885b8000-7f1f885b9000 ---p 00000000 00:00 0 
7f1f885b9000-7f1f8873b000 rw-p 00000000 00:00 0 
7f1f8873b000-7f1f8873c000 ---p 00000000 00:00 0 
7f1f8873c000-7f1f8883d000 rw-p 00000000 00:00 0 
7f1f8883d000-7f1f8883e000 ---p 00000000 00:00 0 
7f1f8883e000-7f1f88d43000 rw-p 00000000 00:00 0 
7f1f88d43000-7f1f88d44000 ---p 00000000 00:00 0 
7f1f88d44000-7f1f88e45000 rw-p 00000000 00:00 0 
7f1f88e45000-7f1f88e46000 ---p 00000000 00:00 0 
7f1f88e46000-7f1f88f47000 rw-p 00000000 00:00 0 
7f1f88f47000-7f1f88f48000 ---p 00000000 00:00 0 
7f1f88f48000-7f1f89189000 rw-p 00000000 00:00 0 
7f1f89189000-7f1f8a449000 ---p 00000000 00:00 0 
7f1f8a449000-7f1f8a589000 rw-p 00000000 00:00 0 
7f1f8a589000-7f1f8b849000 ---p 00000000 00:00 0 
7f1f8b849000-7f1f8b871000 rw-p 00000000 00:00 0 
7f1f8b871000-7f1f8bac9000 ---p 00000000 00:00 0 
7f1f8bac9000-7f1f8baf1000 rw-p 00000000 00:00 0 
7f1f8baf1000-7f1f8bd49000 ---p 00000000 00:00 0 
7f1f8bd49000-7f1f8bd71000 rw-p 00000000 00:00 0 
7f1f8bd71000-7f1f8bfc9000 ---p 00000000 00:00 0 
7f1f8bfc9000-7f1f8c3d2000 rw-p 00000000 00:00 0 
7f1f8c3d2000-7f1f8c4b8000 ---p 00000000 00:00 0 
7f1f8c4b8000-7f1f8c4bd000 rw-p 00000000 00:00 0 
7f1f8c4bd000-7f1f8c5a3000 ---p 00000000 00:00 0 
7f1f8c5a3000-7f1f8c813000 rwxp 00000000 00:00 0 
7f1f8c813000-7f1f8cb33000 ---p 00000000 00:00 0 
7f1f8cb33000-7f1f8cda3000 rwxp 00000000 00:00 0 
7f1f8cda3000-7f1f9406b000 ---p 00000000 00:00 0 
7f1f9406b000-7f1f942db000 rwxp 00000000 00:00 0 
7f1f942db000-7f1f9b5a3000 ---p 00000000 00:00 0 
7f1f9b5a3000-7f1f9b5be000 r-xp 00000000 08:01 2636327                    /home/dmitry/Downloads/LOOM/loom/build/linux-x86_64-server-release/jdk/lib/libjimage.so
7f1f9b5be000-7f1f9b7bd000 ---p 0001b000 08:01 2636327                    /home/dmitry/Downloads/LOOM/loom/build/linux-x86_64-server-release/jdk/lib/libjimage.so
7f1f9b7bd000-7f1f9b7bf000 r--p 0001a000 08:01 2636327                    /home/dmitry/Downloads/LOOM/loom/build/linux-x86_64-server-release/jdk/lib/libjimage.so
7f1f9b7bf000-7f1f9b7c0000 rw-p 0001c000 08:01 2636327                    /home/dmitry/Downloads/LOOM/loom/build/linux-x86_64-server-release/jdk/lib/libjimage.so
7f1f9b7c0000-7f1f9b7c7000 r-xp 00000000 08:01 2636324                    /home/dmitry/Downloads/LOOM/loom/build/linux-x86_64-server-release/jdk/lib/libzip.so
7f1f9b7c7000-7f1f9b9c6000 ---p 00007000 08:01 2636324                    /home/dmitry/Downloads/LOOM/loom/build/linux-x86_64-server-release/jdk/lib/libzip.so
7f1f9b9c6000-7f1f9b9c7000 r--p 00006000 08:01 2636324                    /home/dmitry/Downloads/LOOM/loom/build/linux-x86_64-server-release/jdk/lib/libzip.so
7f1f9b9c7000-7f1f9b9c8000 rw-p 00007000 08:01 2636324                    /home/dmitry/Downloads/LOOM/loom/build/linux-x86_64-server-release/jdk/lib/libzip.so
7f1f9b9c8000-7f1f9b9d3000 r-xp 00000000 08:01 1184572                    /lib/x86_64-linux-gnu/libnss_files-2.27.so
7f1f9b9d3000-7f1f9bbd2000 ---p 0000b000 08:01 1184572                    /lib/x86_64-linux-gnu/libnss_files-2.27.so
7f1f9bbd2000-7f1f9bbd3000 r--p 0000a000 08:01 1184572                    /lib/x86_64-linux-gnu/libnss_files-2.27.so
7f1f9bbd3000-7f1f9bbd4000 rw-p 0000b000 08:01 1184572                    /lib/x86_64-linux-gnu/libnss_files-2.27.so
7f1f9bbd4000-7f1f9bbda000 rw-p 00000000 00:00 0 
7f1f9bbda000-7f1f9bbf1000 r-xp 00000000 08:01 1184566                    /lib/x86_64-linux-gnu/libnsl-2.27.so
7f1f9bbf1000-7f1f9bdf0000 ---p 00017000 08:01 1184566                    /lib/x86_64-linux-gnu/libnsl-2.27.so
7f1f9bdf0000-7f1f9bdf1000 r--p 00016000 08:01 1184566                    /lib/x86_64-linux-gnu/libnsl-2.27.so
7f1f9bdf1000-7f1f9bdf2000 rw-p 00017000 08:01 1184566                    /lib/x86_64-linux-gnu/libnsl-2.27.so
7f1f9bdf2000-7f1f9bdf4000 rw-p 00000000 00:00 0 
7f1f9bdf4000-7f1f9bdff000 r-xp 00000000 08:01 1184583                    /lib/x86_64-linux-gnu/libnss_nis-2.27.so
7f1f9bdff000-7f1f9bffe000 ---p 0000b000 08:01 1184583                    /lib/x86_64-linux-gnu/libnss_nis-2.27.so
7f1f9bffe000-7f1f9bfff000 r--p 0000a000 08:01 1184583                    /lib/x86_64-linux-gnu/libnss_nis-2.27.so
7f1f9bfff000-7f1f9c000000 rw-p 0000b000 08:01 1184583                    /lib/x86_64-linux-gnu/libnss_nis-2.27.so
7f1f9c000000-7f1f9c296000 rw-p 00000000 00:00 0 
7f1f9c296000-7f1fa0000000 ---p 00000000 00:00 0 
7f1fa0045000-7f1fa00d1000 rw-p 00000000 00:00 0 
7f1fa00d1000-7f1fa00d9000 r-xp 00000000 08:01 1184568                    /lib/x86_64-linux-gnu/libnss_compat-2.27.so
7f1fa00d9000-7f1fa02d9000 ---p 00008000 08:01 1184568                    /lib/x86_64-linux-gnu/libnss_compat-2.27.so
7f1fa02d9000-7f1fa02da000 r--p 00008000 08:01 1184568                    /lib/x86_64-linux-gnu/libnss_compat-2.27.so
7f1fa02da000-7f1fa02db000 rw-p 00009000 08:01 1184568                    /lib/x86_64-linux-gnu/libnss_compat-2.27.so
7f1fa02db000-7f1fa031a000 r-xp 00000000 08:01 2636456                    /home/dmitry/Downloads/LOOM/loom/build/linux-x86_64-server-release/jdk/lib/libjdwp.so
7f1fa031a000-7f1fa0519000 ---p 0003f000 08:01 2636456                    /home/dmitry/Downloads/LOOM/loom/build/linux-x86_64-server-release/jdk/lib/libjdwp.so
7f1fa0519000-7f1fa051a000 r--p 0003e000 08:01 2636456                    /home/dmitry/Downloads/LOOM/loom/build/linux-x86_64-server-release/jdk/lib/libjdwp.so
7f1fa051a000-7f1fa051b000 rw-p 0003f000 08:01 2636456                    /home/dmitry/Downloads/LOOM/loom/build/linux-x86_64-server-release/jdk/lib/libjdwp.so
7f1fa051b000-7f1fa051c000 rw-p 00000000 00:00 0 
7f1fa051c000-7f1fa0545000 r-xp 00000000 08:01 2636323                    /home/dmitry/Downloads/LOOM/loom/build/linux-x86_64-server-release/jdk/lib/libjava.so
7f1fa0545000-7f1fa0744000 ---p 00029000 08:01 2636323                    /home/dmitry/Downloads/LOOM/loom/build/linux-x86_64-server-release/jdk/lib/libjava.so
7f1fa0744000-7f1fa0745000 r--p 00028000 08:01 2636323                    /home/dmitry/Downloads/LOOM/loom/build/linux-x86_64-server-release/jdk/lib/libjava.so
7f1fa0745000-7f1fa0747000 rw-p 00029000 08:01 2636323                    /home/dmitry/Downloads/LOOM/loom/build/linux-x86_64-server-release/jdk/lib/libjava.so
7f1fa0747000-7f1fa0754000 r-xp 00000000 08:01 2636315                    /home/dmitry/Downloads/LOOM/loom/build/linux-x86_64-server-release/jdk/lib/libverify.so
7f1fa0754000-7f1fa0953000 ---p 0000d000 08:01 2636315                    /home/dmitry/Downloads/LOOM/loom/build/linux-x86_64-server-release/jdk/lib/libverify.so
7f1fa0953000-7f1fa0955000 r--p 0000c000 08:01 2636315                    /home/dmitry/Downloads/LOOM/loom/build/linux-x86_64-server-release/jdk/lib/libverify.so
7f1fa0955000-7f1fa0956000 rw-p 0000e000 08:01 2636315                    /home/dmitry/Downloads/LOOM/loom/build/linux-x86_64-server-release/jdk/lib/libverify.so
7f1fa0956000-7f1fa0af3000 r-xp 00000000 08:01 1184545                    /lib/x86_64-linux-gnu/libm-2.27.so
7f1fa0af3000-7f1fa0cf2000 ---p 0019d000 08:01 1184545                    /lib/x86_64-linux-gnu/libm-2.27.so
7f1fa0cf2000-7f1fa0cf3000 r--p 0019c000 08:01 1184545                    /lib/x86_64-linux-gnu/libm-2.27.so
7f1fa0cf3000-7f1fa0cf4000 rw-p 0019d000 08:01 1184545                    /lib/x86_64-linux-gnu/libm-2.27.so
7f1fa0cf4000-7f1fa2020000 r-xp 00000000 08:01 2636313                    /home/dmitry/Downloads/LOOM/loom/build/linux-x86_64-server-release/jdk/lib/server/libjvm.so
7f1fa2020000-7f1fa221f000 ---p 0132c000 08:01 2636313                    /home/dmitry/Downloads/LOOM/loom/build/linux-x86_64-server-release/jdk/lib/server/libjvm.so
7f1fa221f000-7f1fa22e7000 r--p 0132b000 08:01 2636313                    /home/dmitry/Downloads/LOOM/loom/build/linux-x86_64-server-release/jdk/lib/server/libjvm.so
7f1fa22e7000-7f1fa2322000 rw-p 013f3000 08:01 2636313                    /home/dmitry/Downloads/LOOM/loom/build/linux-x86_64-server-release/jdk/lib/server/libjvm.so
7f1fa2322000-7f1fa23a8000 rw-p 00000000 00:00 0 
7f1fa23a8000-7f1fa23c2000 r-xp 00000000 08:01 1184615                    /lib/x86_64-linux-gnu/libpthread-2.27.so
7f1fa23c2000-7f1fa25c1000 ---p 0001a000 08:01 1184615                    /lib/x86_64-linux-gnu/libpthread-2.27.so
7f1fa25c1000-7f1fa25c2000 r--p 00019000 08:01 1184615                    /lib/x86_64-linux-gnu/libpthread-2.27.so
7f1fa25c2000-7f1fa25c3000 rw-p 0001a000 08:01 1184615                    /lib/x86_64-linux-gnu/libpthread-2.27.so
7f1fa25c3000-7f1fa25c7000 rw-p 00000000 00:00 0 
7f1fa25c7000-7f1fa25ca000 r-xp 00000000 08:01 1184505                    /lib/x86_64-linux-gnu/libdl-2.27.so
7f1fa25ca000-7f1fa27c9000 ---p 00003000 08:01 1184505                    /lib/x86_64-linux-gnu/libdl-2.27.so
7f1fa27c9000-7f1fa27ca000 r--p 00002000 08:01 1184505                    /lib/x86_64-linux-gnu/libdl-2.27.so
7f1fa27ca000-7f1fa27cb000 rw-p 00003000 08:01 1184505                    /lib/x86_64-linux-gnu/libdl-2.27.so
7f1fa27cb000-7f1fa27e7000 r-xp 00000000 08:01 1184654                    /lib/x86_64-linux-gnu/libz.so.1.2.11
7f1fa27e7000-7f1fa29e6000 ---p 0001c000 08:01 1184654                    /lib/x86_64-linux-gnu/libz.so.1.2.11
7f1fa29e6000-7f1fa29e7000 r--p 0001b000 08:01 1184654                    /lib/x86_64-linux-gnu/libz.so.1.2.11
7f1fa29e7000-7f1fa29e8000 rw-p 0001c000 08:01 1184654                    /lib/x86_64-linux-gnu/libz.so.1.2.11
7f1fa29e8000-7f1fa2bcf000 r-xp 00000000 08:01 1184482                    /lib/x86_64-linux-gnu/libc-2.27.so
7f1fa2bcf000-7f1fa2dcf000 ---p 001e7000 08:01 1184482                    /lib/x86_64-linux-gnu/libc-2.27.so
7f1fa2dcf000-7f1fa2dd3000 r--p 001e7000 08:01 1184482                    /lib/x86_64-linux-gnu/libc-2.27.so
7f1fa2dd3000-7f1fa2dd5000 rw-p 001eb000 08:01 1184482                    /lib/x86_64-linux-gnu/libc-2.27.so
7f1fa2dd5000-7f1fa2dd9000 rw-p 00000000 00:00 0 
7f1fa2dd9000-7f1fa2de9000 r-xp 00000000 08:01 2636316                    /home/dmitry/Downloads/LOOM/loom/build/linux-x86_64-server-release/jdk/lib/libjli.so
7f1fa2de9000-7f1fa2fe8000 ---p 00010000 08:01 2636316                    /home/dmitry/Downloads/LOOM/loom/build/linux-x86_64-server-release/jdk/lib/libjli.so
7f1fa2fe8000-7f1fa2fe9000 r--p 0000f000 08:01 2636316                    /home/dmitry/Downloads/LOOM/loom/build/linux-x86_64-server-release/jdk/lib/libjli.so
7f1fa2fe9000-7f1fa2fea000 rw-p 00010000 08:01 2636316                    /home/dmitry/Downloads/LOOM/loom/build/linux-x86_64-server-release/jdk/lib/libjli.so
7f1fa2fea000-7f1fa3011000 r-xp 00000000 08:01 1184454                    /lib/x86_64-linux-gnu/ld-2.27.so
7f1fa303e000-7f1fa30f1000 rw-p 00000000 00:00 0 
7f1fa30f1000-7f1fa30f8000 ---p 00000000 00:00 0 
7f1fa30f8000-7f1fa30fc000 ---p 00000000 00:00 0 
7f1fa30fc000-7f1fa31fb000 rw-p 00000000 00:00 0 
7f1fa31fd000-7f1fa3204000 r--s 00000000 08:01 10488549                   /usr/lib/x86_64-linux-gnu/gconv/gconv-modules.cache
7f1fa3204000-7f1fa320c000 rw-s 00000000 08:01 524313                     /tmp/hsperfdata_dmitry/18857
7f1fa320c000-7f1fa320d000 ---p 00000000 00:00 0 
7f1fa320d000-7f1fa320e000 r--p 00000000 00:00 0 
7f1fa320e000-7f1fa320f000 ---p 00000000 00:00 0 
7f1fa320f000-7f1fa3211000 rw-p 00000000 00:00 0 
7f1fa3211000-7f1fa3212000 r--p 00027000 08:01 1184454                    /lib/x86_64-linux-gnu/ld-2.27.so
7f1fa3212000-7f1fa3213000 rw-p 00028000 08:01 1184454                    /lib/x86_64-linux-gnu/ld-2.27.so
7f1fa3213000-7f1fa3214000 rw-p 00000000 00:00 0 
7fffdcd8f000-7fffdcdb2000 rw-p 00000000 00:00 0                          [stack]
7fffdcdc3000-7fffdcdc6000 r--p 00000000 00:00 0                          [vvar]
7fffdcdc6000-7fffdcdc8000 r-xp 00000000 00:00 0                          [vdso]
ffffffffff600000-ffffffffff601000 r-xp 00000000 00:00 0                  [vsyscall]


VM Arguments:
jvm_args: -agentlib:jdwp=transport=dt_socket,address=127.0.0.1:17895,suspend=y,server=n -Dfile.encoding=UTF-8 
java_command: Main
java_class_path (initial): /home/dmitry/Downloads/LOOM/loom/build/linux-x86_64-server-release/jdk/modules/java.base:/home/dmitry/Downloads/LOOM/loom/build/linux-x86_64-server-release/jdk/modules/java.compiler:/home/dmitry/Downloads/LOOM/loom/build/linux-x86_64-server-release/jdk/modules/java.datatransfer:/home/dmitry/Downloads/LOOM/loom/build/linux-x86_64-server-release/jdk/modules/java.desktop:/home/dmitry/Downloads/LOOM/loom/build/linux-x86_64-server-release/jdk/modules/java.instrument:/home/dmitry/Downloads/LOOM/loom/build/linux-x86_64-server-release/jdk/modules/java.logging:/home/dmitry/Downloads/LOOM/loom/build/linux-x86_64-server-release/jdk/modules/java.management:/home/dmitry/Downloads/LOOM/loom/build/linux-x86_64-server-release/jdk/modules/java.management.rmi:/home/dmitry/Downloads/LOOM/loom/build/linux-x86_64-server-release/jdk/modules/java.naming:/home/dmitry/Downloads/LOOM/loom/build/linux-x86_64-server-release/jdk/modules/java.net.http:/home/dmitry/Downloads/LOOM/loom/build/linux-x86_64-server-release/jdk/modules/java.prefs:/home/dmitry/Downloads/LOOM/loom/build/linux-x86_64-server-release/jdk/modules/java.rmi:/home/dmitry/Downloads/LOOM/loom/build/linux-x86_64-server-release/jdk/modules/java.scripting:/home/dmitry/Downloads/LOOM/loom/build/linux-x86_64-server-release/jdk/modules/java.se:/home/dmitry/Downloads/LOOM/loom/build/linux-x86_64-server-release/jdk/modules/java.security.jgss:/home/dmitry/Downloads/LOOM/loom/build/linux-x86_64-server-release/jdk/modules/java.security.sasl:/home/dmitry/Downloads/LOOM/loom/build/linux-x86_64-server-release/jdk/modules/java.smartcardio:/home/dmitry/Downloads/LOOM/loom/build/linux-x86_64-server-release/jdk/modules/java.sql:/home/dmitry/Downloads/LOOM/loom/build/linux-x86_64-server-release/jdk/modules/java.sql.rowset:/home/dmitry/Downloads/LOOM/loom/build/linux-x86_64-server-release/jdk/modules/java.transaction.xa:/home/dmitry/Downloads/LOOM/loom/build/linux-x86_64-server-release/jdk/modules/java.xml:/home/dmitry/D
Launcher Type: SUN_STANDARD

[Global flags]
     intx CICompilerCount                          = 3                                         {product} {ergonomic}
     uint ConcGCThreads                            = 1                                         {product} {ergonomic}
     uint G1ConcRefinementThreads                  = 4                                         {product} {ergonomic}
   size_t G1HeapRegionSize                         = 1048576                                   {product} {ergonomic}
    uintx GCDrainStackTargetSize                   = 64                                        {product} {ergonomic}
   size_t InitialHeapSize                          = 83886080                                  {product} {ergonomic}
   size_t MarkStackSize                            = 4194304                                   {product} {ergonomic}
   size_t MaxHeapSize                              = 1342177280                                {product} {ergonomic}
   size_t MaxNewSize                               = 805306368                                 {product} {ergonomic}
   size_t MinHeapDeltaBytes                        = 1048576                                   {product} {ergonomic}
    uintx NonNMethodCodeHeapSize                   = 5830732                                {pd product} {ergonomic}
    uintx NonProfiledCodeHeapSize                  = 122913754                              {pd product} {ergonomic}
    uintx ProfiledCodeHeapSize                     = 122913754                              {pd product} {ergonomic}
    uintx ReservedCodeCacheSize                    = 251658240                              {pd product} {ergonomic}
     bool SegmentedCodeCache                       = true                                      {product} {ergonomic}
     bool UseCompressedClassPointers               = true                                 {lp64_product} {ergonomic}
     bool UseCompressedOops                        = true                                 {lp64_product} {ergonomic}
     bool UseG1GC                                  = true                                      {product} {ergonomic}

Logging:
Log output configuration:
 #0: stdout all=warning uptime,level,tags
 #1: stderr all=off uptime,level,tags

Environment Variables:
JAVA_HOME=/home/dmitry/usr/local/java/jdk1.8.0
PATH=/bin:/bin:/usr/local/sbin:/usr/local/bin:/usr/sbin:/usr/bin:/sbin:/bin:/usr/games:/usr/local/games:/snap/bin
USERNAME=dmitry
SHELL=/bin/bash
DISPLAY=:0

Signal Handlers:
SIGSEGV: [libjvm.so+0xfe39c0], sa_mask[0]=11111111011111111101111111111110, sa_flags=SA_RESTART|SA_SIGINFO
SIGBUS: [libjvm.so+0xfe39c0], sa_mask[0]=11111111011111111101111111111110, sa_flags=SA_RESTART|SA_SIGINFO
SIGFPE: [libjvm.so+0xfe39c0], sa_mask[0]=11111111011111111101111111111110, sa_flags=SA_RESTART|SA_SIGINFO
SIGPIPE: [libjvm.so+0xc81240], sa_mask[0]=11111111011111111101111111111110, sa_flags=SA_RESTART|SA_SIGINFO
SIGXFSZ: [libjvm.so+0xc81240], sa_mask[0]=11111111011111111101111111111110, sa_flags=SA_RESTART|SA_SIGINFO
SIGILL: [libjvm.so+0xfe39c0], sa_mask[0]=11111111011111111101111111111110, sa_flags=SA_RESTART|SA_SIGINFO
SIGUSR2: [libjvm.so+0xc810e0], sa_mask[0]=00100000000000000000000000000000, sa_flags=SA_RESTART|SA_SIGINFO
SIGHUP: [libjvm.so+0xc816e0], sa_mask[0]=11111111011111111101111111111110, sa_flags=SA_RESTART|SA_SIGINFO
SIGINT: [libjvm.so+0xc816e0], sa_mask[0]=11111111011111111101111111111110, sa_flags=SA_RESTART|SA_SIGINFO
SIGTERM: [libjvm.so+0xc816e0], sa_mask[0]=11111111011111111101111111111110, sa_flags=SA_RESTART|SA_SIGINFO
SIGQUIT: [libjvm.so+0xc816e0], sa_mask[0]=11111111011111111101111111111110, sa_flags=SA_RESTART|SA_SIGINFO


---------------  S Y S T E M  ---------------

OS:DISTRIB_ID=Ubuntu
DISTRIB_RELEASE=18.04
DISTRIB_CODENAME=bionic
DISTRIB_DESCRIPTION="Ubuntu 18.04.2 LTS"
uname:Linux 4.18.0-20-generic #21~18.04.1-Ubuntu SMP Wed May 8 08:43:37 UTC 2019 x86_64
libc:glibc 2.27 NPTL 2.27 
rlimit: STACK 8192k, CORE 0k, NPROC 20273, NOFILE 4096, AS infinity, DATA infinity, FSIZE infinity
load average:1,03 1,73 1,18

/proc/meminfo:
MemTotal:        5234980 kB
MemFree:          168476 kB
MemAvailable:    2919264 kB
Buffers:          101392 kB
Cached:          2881676 kB
SwapCached:       101596 kB
Active:          2338632 kB
Inactive:        2425436 kB
Active(anon):    1100812 kB
Inactive(anon):   781228 kB
Active(file):    1237820 kB
Inactive(file):  1644208 kB
Unevictable:          48 kB
Mlocked:              48 kB
SwapTotal:       2097148 kB
SwapFree:        1510652 kB
Dirty:             16440 kB
Writeback:             0 kB
AnonPages:       1766960 kB
Mapped:           270672 kB
Shmem:            101032 kB
Slab:             193560 kB
SReclaimable:     151656 kB
SUnreclaim:        41904 kB
KernelStack:        9600 kB
PageTables:        36692 kB
NFS_Unstable:          0 kB
Bounce:                0 kB
WritebackTmp:          0 kB
CommitLimit:     4714636 kB
Committed_AS:    5404784 kB
VmallocTotal:   34359738367 kB
VmallocUsed:           0 kB
VmallocChunk:          0 kB
HardwareCorrupted:     0 kB
AnonHugePages:         0 kB
ShmemHugePages:        0 kB
ShmemPmdMapped:        0 kB
CmaTotal:              0 kB
CmaFree:               0 kB
HugePages_Total:       0
HugePages_Free:        0
HugePages_Rsvd:        0
HugePages_Surp:        0
Hugepagesize:       2048 kB
Hugetlb:               0 kB
DirectMap4k:      153536 kB
DirectMap2M:     5257216 kB


/proc/sys/kernel/threads-max (system-wide limit on the number of threads):
40547


/proc/sys/vm/max_map_count (maximum number of memory map areas a process may have):
65530


/proc/sys/kernel/pid_max (system-wide limit on number of process identifiers):
32768



container (cgroup) information:
container_type: cgroupv1
cpu_cpuset_cpus: 0-3
cpu_memory_nodes: 0
active_processor_count: 4
cpu_quota: no quota
cpu_period: 100000
cpu_shares: no shares
memory_limit_in_bytes: unlimited
memory_and_swap_limit_in_bytes: not supported
memory_soft_limit_in_bytes: unlimited
memory_usage_in_bytes: 4864655360
memory_max_usage_in_bytes: unlimited

KVM virtualization detected
Steal ticks since vm start: 0
Steal ticks percentage since vm start:  0,000

CPU:total 4 (initial active 4) (4 cores per cpu, 1 threads per core) family 6 model 60 stepping 3, cmov, cx8, fxsr, mmx, sse, sse2, sse3, ssse3, sse4.1, sse4.2, popcnt, avx, avx2, aes, clmul, lzcnt, tsc, tscinvbit
CPU Model and flags from /proc/cpuinfo:
model name	: Intel(R) Core(TM) i7-4700HQ CPU @ 2.40GHz
flags		: fpu vme de pse tsc msr pae mce cx8 apic sep mtrr pge mca cmov pat pse36 clflush mmx fxsr sse sse2 ht syscall nx rdtscp lm constant_tsc rep_good nopl xtopology nonstop_tsc cpuid tsc_known_freq pni pclmulqdq ssse3 cx16 pcid sse4_1 sse4_2 x2apic movbe popcnt aes xsave avx rdrand hypervisor lahf_lm abm invpcid_single pti fsgsbase avx2 invpcid flush_l1d

Memory: 4k page, physical 5234980k(168476k free), swap 2097148k(1510652k free)

vm_info: OpenJDK 64-Bit Server VM (13-internal+0-adhoc.dmitry.loom) for linux-amd64 JRE (13-internal+0-adhoc.dmitry.loom), built on May 19 2019 19:11:29 by "dmitry" with gcc 7.4.0

END.
