#
# A fatal error has been detected by the Java Runtime Environment:
#
#  SIGSEGV (0xb) at pc=0x00007f229a3def7a, pid=4489, tid=4519
#
# JRE version: OpenJDK Runtime Environment (13.0) (build 13-internal+0-adhoc.dmitry.loom)
# Java VM: OpenJDK 64-Bit Server VM (13-internal+0-adhoc.dmitry.loom, mixed mode, tiered, compressed oops, g1 gc, linux-amd64)
# Problematic frame:
# V  [libjvm.so+0x683f7a]  ContMirror::read()+0x1a
#
# Core dump will be written. Default location: Core dumps may be processed with "/usr/share/apport/apport %p %s %c %d %P" (or dumping to /home/dmitry/Downloads/LoadDetector/core.4489)
#
# If you would like to submit a bug report, please visit:
#   http://bugreport.java.com/bugreport/crash.jsp
#

---------------  S U M M A R Y ------------

Command Line: -Didea.launcher.port=3239 -Didea.launcher.bin.path=/home/dmitry/Downloads/idea-IC-183.5912.21/bin -Dfile.encoding=UTF-8 com.intellij.rt.execution.application.AppMainV2 NewMain

Host: Intel(R) Core(TM) i7-4700HQ CPU @ 2.40GHz, 4 cores, 4G, Ubuntu 18.04.2 LTS
Time: Tue May 21 15:40:26 2019 MSK elapsed time: 1 seconds (0d 0h 0m 1s)

---------------  T H R E A D  ---------------

Current thread (0x00007f22942ef000):  JavaThread "Timer-0" daemon [_thread_in_vm, id=4519, stack(0x00007f22710c2000,0x00007f22711c3000)]

Stack: [0x00007f22710c2000,0x00007f22711c3000],  sp=0x00007f22711bf120,  free space=1012k
Native frames: (J=compiled Java code, A=aot compiled Java code, j=interpreted, Vv=VM code, C=native code)
V  [libjvm.so+0x683f7a]  ContMirror::read()+0x1a
V  [libjvm.so+0x689627]  Continuation::freeze0(JavaThread*, FrameInfo*, bool) [clone .part.305]+0x507
V  [libjvm.so+0x689d67]  Continuation::freeze(JavaThread*, FrameInfo*)+0x127
v  ~RuntimeStub::cont_doYield
C  0x00007f22711c17a8
j  java.lang.Continuation.myPause(Ljava/lang/ContinuationScope;)Z+3 java.base
j  balancer.Balancer$1.run()V+48
j  java.util.TimerThread.mainLoop()V+221 java.base
j  java.util.TimerThread.run()V+1 java.base
v  ~StubRoutines::call_stub
V  [libjvm.so+0x8bcfe9]  JavaCalls::call_helper(JavaValue*, methodHandle const&, JavaCallArguments*, Thread*)+0x3c9
V  [libjvm.so+0x8bb005]  JavaCalls::call_virtual(JavaValue*, Handle, Klass*, Symbol*, Symbol*, Thread*)+0x1e5
V  [libjvm.so+0x965e7c]  thread_entry(JavaThread*, Thread*)+0x6c
V  [libjvm.so+0xf73932]  JavaThread::run()+0x232
V  [libjvm.so+0xf716ad]  Thread::call_run()+0x10d
V  [libjvm.so+0xc8ba17]  thread_native_entry(Thread*)+0xe7

Java frames: (J=compiled Java code, j=interpreted, Vv=VM code)
v  ~RuntimeStub::cont_doYield
j  java.lang.Continuation.yield0(Ljava/lang/ContinuationScope;Ljava/lang/Continuation;)Z+60 java.base
j  java.lang.Continuation.myPause(Ljava/lang/ContinuationScope;)Z+3 java.base
j  balancer.Balancer$1.run()V+48
j  java.util.TimerThread.mainLoop()V+221 java.base
j  java.util.TimerThread.run()V+1 java.base
v  ~StubRoutines::call_stub

siginfo: si_signo: 11 (SIGSEGV), si_code: 1 (SEGV_MAPERR), si_addr: 0x0000000000000020

Register to memory mapping:

RAX=0x0000000000000020 is an unknown value
RBX=0x00007f22711c04c0 is pointing into the stack for thread: 0x00007f22942ef000
RCX=0x00007f2285013c98 is pointing into interpreter code (not bytecode specific)
RDX=0x00007f229b3d9b58: <offset 0x000000000167eb58> in /home/dmitry/Downloads/LOOM/loom/build/linux-x86_64-server-release/jdk/lib/server/libjvm.so at 0x00007f2299d5b000
RSP=0x00007f22711bf120 is pointing into the stack for thread: 0x00007f22942ef000
RBP=0x00007f22711bf130 is pointing into the stack for thread: 0x00007f22942ef000
RSI=0x00007f22711c17a8 is pointing into the stack for thread: 0x00007f22942ef000
RDI=0x0 is NULL
R8 =0x00007f2285000000 points into unknown readable memory: 04 00 00 00 00 00 00 00
R9 =0x000000000000000b is an unknown value
R10=0x0000000000000800 is an unknown value
R11=0x0000000000000400 is an unknown value
R12=0x00007f224c2429b0 points into unknown readable memory: 00 00 00 00 00 00 00 00
R13=0x00007f22711c04c0 is pointing into the stack for thread: 0x00007f22942ef000
R14=0x00007f22711c1780 is pointing into the stack for thread: 0x00007f22942ef000
R15=0x00007f22942efa30 points into unknown readable memory: 02 00 00 00 00 00 00 00


Registers:
RAX=0x0000000000000020, RBX=0x00007f22711c04c0, RCX=0x00007f2285013c98, RDX=0x00007f229b3d9b58
RSP=0x00007f22711bf120, RBP=0x00007f22711bf130, RSI=0x00007f22711c17a8, RDI=0x0000000000000000
R8 =0x00007f2285000000, R9 =0x000000000000000b, R10=0x0000000000000800, R11=0x0000000000000400
R12=0x00007f224c2429b0, R13=0x00007f22711c04c0, R14=0x00007f22711c1780, R15=0x00007f22942efa30
RIP=0x00007f229a3def7a, EFLAGS=0x0000000000010202, CSGSFS=0x002b000000000033, ERR=0x0000000000000004
  TRAPNO=0x000000000000000e

Top of Stack: (sp=0x00007f22711bf120)
0x00007f22711bf120:   00007f22850169b0 00007f22942ef000
0x00007f22711bf130:   00007f22711c1730 00007f229a3e4627
0x00007f22711bf140:   00007f22942ef000 00007f22711bf240
0x00007f22711bf150:   0000000000000000 00007f229b3d7220 

Instructions: (pc=0x00007f229a3def7a)
0x00007f229a3dee7a:   08 48 63 00 89 0c 02 48 8d 05 4c e4 fd 00 48 8b
0x00007f229a3dee8a:   4b 30 48 8b 53 08 48 63 00 48 89 0c 02 48 8d 05
0x00007f229a3dee9a:   2e e4 fd 00 48 8b 53 08 48 8b 4b 38 48 63 00 48
0x00007f229a3deeaa:   89 0c 02 48 8d 05 14 e4 fd 00 8b 4b 60 48 8b 53
0x00007f229a3deeba:   08 48 63 00 89 0c 02 48 8d 05 18 e4 fd 00 48 8b
0x00007f229a3deeca:   53 08 48 8b 4b 10 48 63 00 48 89 0c 02 48 8d 05
0x00007f229a3deeda:   fe e3 fd 00 48 8b 4b 18 48 8b 53 08 48 63 00 48
0x00007f229a3deeea:   89 0c 02 48 8d 05 e4 e3 fd 00 48 63 00 48 8b 53
0x00007f229a3deefa:   08 48 8b 4b 20 48 89 0c 02 48 8d 05 ee e3 fd 00
0x00007f229a3def0a:   48 8b 53 08 48 8b 4b 58 48 63 00 89 0c 02 48 8d
0x00007f229a3def1a:   05 a1 e3 fd 00 0f b6 4b 70 48 8b 53 08 48 63 00
0x00007f229a3def2a:   88 0c 02 48 8d 05 c0 e3 fd 00 0f b7 4b 74 48 8b
0x00007f229a3def3a:   53 08 48 63 00 66 89 0c 02 48 8d 05 a6 e3 fd 00
0x00007f229a3def4a:   0f b7 4b 72 48 8b 53 08 48 63 00 66 89 0c 02 48
0x00007f229a3def5a:   83 c4 08 5b 5d c3 55 48 89 e5 53 48 89 fb 48 83
0x00007f229a3def6a:   ec 08 48 8d 05 6d e3 fd 00 48 8b 7f 08 48 63 00
0x00007f229a3def7a:   48 8b 04 38 48 89 43 10 48 8d 05 53 e3 fd 00 48
0x00007f229a3def8a:   63 00 48 8b 04 38 48 89 43 18 48 8d 05 3d e3 fd
0x00007f229a3def9a:   00 48 63 00 48 8b 04 38 48 89 43 20 48 8d 05 23
0x00007f229a3defaa:   e3 fd 00 48 63 00 8b 04 38 89 43 28 48 8d 05 17
0x00007f229a3defba:   e3 fd 00 48 63 00 48 8b 04 38 48 89 43 30 48 8d
0x00007f229a3defca:   05 fd e2 fd 00 48 63 00 48 8b 04 38 48 89 43 38
0x00007f229a3defda:   48 8d 05 1b e3 fd 00 48 63 30 ff 15 56 40 f7 00
0x00007f229a3defea:   48 85 c0 48 89 43 40 0f 84 b9 01 00 00 48 8d 15
0x00007f229a3deffa:   de c7 fd 00 80 3a 01 48 19 c9 83 e1 04 80 3a 01
0x00007f229a3df00a:   8b 4c 08 0c 48 19 d2 89 4b 48 83 e2 08 48 8d 44
0x00007f229a3df01a:   10 10 48 89 43 50 48 8d 05 d1 e2 fd 00 48 8b 7b
0x00007f229a3df02a:   08 48 63 00 48 63 04 07 48 89 43 58 48 8d 05 af
0x00007f229a3df03a:   e2 fd 00 48 63 30 ff 15 fa 3f f7 00 48 8d 15 7b
0x00007f229a3df04a:   e2 fd 00 48 89 43 68 48 8b 43 08 48 83 3d d3 ac
0x00007f229a3df05a:   fb 00 00 48 63 12 8b 14 02 89 53 60 48 8d 15 53
0x00007f229a3df06a:   e2 fd 00 48 63 12 0f b6 14 02 88 53 70 48 8d 15 


Stack slot to memory mapping:
stack at sp + 0 slots: 0x00007f22850169b0 is at code_begin+1584 in an Interpreter codelet
invoke return entry points  [0x00007f2285016380, 0x00007f2285017540]  4544 bytes
stack at sp + 1 slots: 0x00007f22942ef000 is a thread
stack at sp + 2 slots: 0x00007f22711c1730 is pointing into the stack for thread: 0x00007f22942ef000
stack at sp + 3 slots: 0x00007f229a3e4627: <offset 0x0000000000689627> in /home/dmitry/Downloads/LOOM/loom/build/linux-x86_64-server-release/jdk/lib/server/libjvm.so at 0x00007f2299d5b000
stack at sp + 4 slots: 0x00007f22942ef000 is a thread
stack at sp + 5 slots: 0x00007f22711bf240 is pointing into the stack for thread: 0x00007f22942ef000
stack at sp + 6 slots: 0x0 is NULL
stack at sp + 7 slots: 0x00007f229b3d7220: <offset 0x000000000167c220> in /home/dmitry/Downloads/LOOM/loom/build/linux-x86_64-server-release/jdk/lib/server/libjvm.so at 0x00007f2299d5b000


---------------  P R O C E S S  ---------------

Threads class SMR info:
_java_thread_list=0x00007f22540028a0, length=15, elements={
0x00007f2294016800, 0x00007f229413b000, 0x00007f229413e000, 0x00007f2294160800,
0x00007f2294165000, 0x00007f2294167000, 0x00007f2294169000, 0x00007f2294189000,
0x00007f229427a000, 0x00007f22942cc800, 0x00007f22942ef000, 0x00007f22942f2800,
0x00007f22942f4000, 0x00007f22942f6000, 0x00007f2254001000
}

Java Threads: ( => current thread )
  0x00007f2294016800 JavaThread "main" [_thread_blocked, id=4492, stack(0x00007f229c15f000,0x00007f229c260000)]
  0x00007f229413b000 JavaThread "Reference Handler" daemon [_thread_blocked, id=4502, stack(0x00007f2280f6e000,0x00007f228106f000)]
  0x00007f229413e000 JavaThread "Finalizer" daemon [_thread_blocked, id=4503, stack(0x00007f2280e6d000,0x00007f2280f6e000)]
  0x00007f2294160800 JavaThread "Signal Dispatcher" daemon [_thread_blocked, id=4508, stack(0x00007f228039d000,0x00007f228049e000)]
  0x00007f2294165000 JavaThread "C2 CompilerThread0" daemon [_thread_blocked, id=4509, stack(0x00007f228029c000,0x00007f228039d000)]
  0x00007f2294167000 JavaThread "C1 CompilerThread0" daemon [_thread_blocked, id=4510, stack(0x00007f228019b000,0x00007f228029c000)]
  0x00007f2294169000 JavaThread "Sweeper thread" daemon [_thread_blocked, id=4511, stack(0x00007f228009a000,0x00007f228019b000)]
  0x00007f2294189000 JavaThread "Common-Cleaner" daemon [_thread_blocked, id=4513, stack(0x00007f2271ad5000,0x00007f2271bd6000)]
  0x00007f229427a000 JavaThread "Service Thread" daemon [_thread_blocked, id=4516, stack(0x00007f22719d4000,0x00007f2271ad5000)]
  0x00007f22942cc800 JavaThread "Monitor Ctrl-Break" daemon [_thread_in_native, id=4518, stack(0x00007f22717d1000,0x00007f22718d2000)]
=>0x00007f22942ef000 JavaThread "Timer-0" daemon [_thread_in_vm, id=4519, stack(0x00007f22710c2000,0x00007f22711c3000)]
  0x00007f22942f2800 JavaThread "pool-1-thread-1" [_thread_blocked, id=4520, stack(0x00007f2270fc1000,0x00007f22710c2000)]
  0x00007f22942f4000 JavaThread "pool-1-thread-2" [_thread_blocked, id=4521, stack(0x00007f2270ec0000,0x00007f2270fc1000)]
  0x00007f22942f6000 JavaThread "pool-1-thread-3" [_thread_blocked, id=4522, stack(0x00007f2270dbf000,0x00007f2270ec0000)]
  0x00007f2254001000 JavaThread "Attach Listener" daemon [_thread_blocked, id=4523, stack(0x00007f2270cbe000,0x00007f2270dbf000)]

Other Threads:
  0x00007f229412f000 VMThread "VM Thread" [stack: 0x00007f2281071000,0x00007f2281171000] [id=4501]
  0x00007f2294284800 WatcherThread [stack: 0x00007f22718d4000,0x00007f22719d4000] [id=4517]
  0x00007f229405a800 GCTaskThread "GC Thread#0" [stack: 0x00007f2282200000,0x00007f2282300000] [id=4493]
  0x00007f2294064000 ConcurrentGCThread "G1 Main Marker" [stack: 0x00007f22820fe000,0x00007f22821fe000] [id=4494]
  0x00007f2294066000 ConcurrentGCThread "G1 Conc#0" [stack: 0x00007f2281ffc000,0x00007f22820fc000] [id=4495]
  0x00007f22940ba800 ConcurrentGCThread "G1 Refine#0" [stack: 0x00007f2281af6000,0x00007f2281bf6000] [id=4496]
  0x00007f22940bc000 ConcurrentGCThread "G1 Young RemSet Sampling" [stack: 0x00007f22819f4000,0x00007f2281af4000] [id=4497]

Threads with active compile tasks:

VM state:not at safepoint (normal execution)

VM Mutex/Monitor currently owned by a thread: None

Heap address: 0x00000000b0000000, size: 1280 MB, Compressed Oops mode: 32-bit
Narrow klass base: 0x0000000000000000, Narrow klass shift: 3
Compressed class space size: 1073741824 Address: 0x0000000100000000

Heap:
 garbage-first heap   total 81920K, used 10240K [0x00000000b0000000, 0x0000000100000000)
  region size 1024K, 11 young (11264K), 0 survivors (0K)
 Metaspace       used 8223K, capacity 8461K, committed 8576K, reserved 1056768K
  class space    used 745K, capacity 846K, committed 896K, reserved 1048576K
Heap Regions: E=young(eden), S=young(survivor), O=old, HS=humongous(starts), HC=humongous(continues), CS=collection set, F=free, A=archive, TAMS=top-at-mark-start (previous, next)
|   0|0x00000000b0000000, 0x00000000b0000000, 0x00000000b0100000|  0%| F|  |TAMS 0x00000000b0000000, 0x00000000b0000000| Untracked 
|   1|0x00000000b0100000, 0x00000000b0100000, 0x00000000b0200000|  0%| F|  |TAMS 0x00000000b0100000, 0x00000000b0100000| Untracked 
|   2|0x00000000b0200000, 0x00000000b0200000, 0x00000000b0300000|  0%| F|  |TAMS 0x00000000b0200000, 0x00000000b0200000| Untracked 
|   3|0x00000000b0300000, 0x00000000b0300000, 0x00000000b0400000|  0%| F|  |TAMS 0x00000000b0300000, 0x00000000b0300000| Untracked 
|   4|0x00000000b0400000, 0x00000000b0400000, 0x00000000b0500000|  0%| F|  |TAMS 0x00000000b0400000, 0x00000000b0400000| Untracked 
|   5|0x00000000b0500000, 0x00000000b0500000, 0x00000000b0600000|  0%| F|  |TAMS 0x00000000b0500000, 0x00000000b0500000| Untracked 
|   6|0x00000000b0600000, 0x00000000b0600000, 0x00000000b0700000|  0%| F|  |TAMS 0x00000000b0600000, 0x00000000b0600000| Untracked 
|   7|0x00000000b0700000, 0x00000000b0700000, 0x00000000b0800000|  0%| F|  |TAMS 0x00000000b0700000, 0x00000000b0700000| Untracked 
|   8|0x00000000b0800000, 0x00000000b0800000, 0x00000000b0900000|  0%| F|  |TAMS 0x00000000b0800000, 0x00000000b0800000| Untracked 
|   9|0x00000000b0900000, 0x00000000b0900000, 0x00000000b0a00000|  0%| F|  |TAMS 0x00000000b0900000, 0x00000000b0900000| Untracked 
|  10|0x00000000b0a00000, 0x00000000b0a00000, 0x00000000b0b00000|  0%| F|  |TAMS 0x00000000b0a00000, 0x00000000b0a00000| Untracked 
|  11|0x00000000b0b00000, 0x00000000b0b00000, 0x00000000b0c00000|  0%| F|  |TAMS 0x00000000b0b00000, 0x00000000b0b00000| Untracked 
|  12|0x00000000b0c00000, 0x00000000b0c00000, 0x00000000b0d00000|  0%| F|  |TAMS 0x00000000b0c00000, 0x00000000b0c00000| Untracked 
|  13|0x00000000b0d00000, 0x00000000b0d00000, 0x00000000b0e00000|  0%| F|  |TAMS 0x00000000b0d00000, 0x00000000b0d00000| Untracked 
|  14|0x00000000b0e00000, 0x00000000b0e00000, 0x00000000b0f00000|  0%| F|  |TAMS 0x00000000b0e00000, 0x00000000b0e00000| Untracked 
|  15|0x00000000b0f00000, 0x00000000b0f00000, 0x00000000b1000000|  0%| F|  |TAMS 0x00000000b0f00000, 0x00000000b0f00000| Untracked 
|  16|0x00000000b1000000, 0x00000000b1000000, 0x00000000b1100000|  0%| F|  |TAMS 0x00000000b1000000, 0x00000000b1000000| Untracked 
|  17|0x00000000b1100000, 0x00000000b1100000, 0x00000000b1200000|  0%| F|  |TAMS 0x00000000b1100000, 0x00000000b1100000| Untracked 
|  18|0x00000000b1200000, 0x00000000b1200000, 0x00000000b1300000|  0%| F|  |TAMS 0x00000000b1200000, 0x00000000b1200000| Untracked 
|  19|0x00000000b1300000, 0x00000000b1300000, 0x00000000b1400000|  0%| F|  |TAMS 0x00000000b1300000, 0x00000000b1300000| Untracked 
|  20|0x00000000b1400000, 0x00000000b1400000, 0x00000000b1500000|  0%| F|  |TAMS 0x00000000b1400000, 0x00000000b1400000| Untracked 
|  21|0x00000000b1500000, 0x00000000b1500000, 0x00000000b1600000|  0%| F|  |TAMS 0x00000000b1500000, 0x00000000b1500000| Untracked 
|  22|0x00000000b1600000, 0x00000000b1600000, 0x00000000b1700000|  0%| F|  |TAMS 0x00000000b1600000, 0x00000000b1600000| Untracked 
|  23|0x00000000b1700000, 0x00000000b1700000, 0x00000000b1800000|  0%| F|  |TAMS 0x00000000b1700000, 0x00000000b1700000| Untracked 
|  24|0x00000000b1800000, 0x00000000b1800000, 0x00000000b1900000|  0%| F|  |TAMS 0x00000000b1800000, 0x00000000b1800000| Untracked 
|  25|0x00000000b1900000, 0x00000000b1900000, 0x00000000b1a00000|  0%| F|  |TAMS 0x00000000b1900000, 0x00000000b1900000| Untracked 
|  26|0x00000000b1a00000, 0x00000000b1a00000, 0x00000000b1b00000|  0%| F|  |TAMS 0x00000000b1a00000, 0x00000000b1a00000| Untracked 
|  27|0x00000000b1b00000, 0x00000000b1b00000, 0x00000000b1c00000|  0%| F|  |TAMS 0x00000000b1b00000, 0x00000000b1b00000| Untracked 
|  28|0x00000000b1c00000, 0x00000000b1c00000, 0x00000000b1d00000|  0%| F|  |TAMS 0x00000000b1c00000, 0x00000000b1c00000| Untracked 
|  29|0x00000000b1d00000, 0x00000000b1d00000, 0x00000000b1e00000|  0%| F|  |TAMS 0x00000000b1d00000, 0x00000000b1d00000| Untracked 
|  30|0x00000000b1e00000, 0x00000000b1e00000, 0x00000000b1f00000|  0%| F|  |TAMS 0x00000000b1e00000, 0x00000000b1e00000| Untracked 
|  31|0x00000000b1f00000, 0x00000000b1f00000, 0x00000000b2000000|  0%| F|  |TAMS 0x00000000b1f00000, 0x00000000b1f00000| Untracked 
|  32|0x00000000b2000000, 0x00000000b2000000, 0x00000000b2100000|  0%| F|  |TAMS 0x00000000b2000000, 0x00000000b2000000| Untracked 
|  33|0x00000000b2100000, 0x00000000b2100000, 0x00000000b2200000|  0%| F|  |TAMS 0x00000000b2100000, 0x00000000b2100000| Untracked 
|  34|0x00000000b2200000, 0x00000000b2200000, 0x00000000b2300000|  0%| F|  |TAMS 0x00000000b2200000, 0x00000000b2200000| Untracked 
|  35|0x00000000b2300000, 0x00000000b2300000, 0x00000000b2400000|  0%| F|  |TAMS 0x00000000b2300000, 0x00000000b2300000| Untracked 
|  36|0x00000000b2400000, 0x00000000b2400000, 0x00000000b2500000|  0%| F|  |TAMS 0x00000000b2400000, 0x00000000b2400000| Untracked 
|  37|0x00000000b2500000, 0x00000000b2500000, 0x00000000b2600000|  0%| F|  |TAMS 0x00000000b2500000, 0x00000000b2500000| Untracked 
|  38|0x00000000b2600000, 0x00000000b2600000, 0x00000000b2700000|  0%| F|  |TAMS 0x00000000b2600000, 0x00000000b2600000| Untracked 
|  39|0x00000000b2700000, 0x00000000b2700000, 0x00000000b2800000|  0%| F|  |TAMS 0x00000000b2700000, 0x00000000b2700000| Untracked 
|  40|0x00000000b2800000, 0x00000000b2800000, 0x00000000b2900000|  0%| F|  |TAMS 0x00000000b2800000, 0x00000000b2800000| Untracked 
|  41|0x00000000b2900000, 0x00000000b2900000, 0x00000000b2a00000|  0%| F|  |TAMS 0x00000000b2900000, 0x00000000b2900000| Untracked 
|  42|0x00000000b2a00000, 0x00000000b2a00000, 0x00000000b2b00000|  0%| F|  |TAMS 0x00000000b2a00000, 0x00000000b2a00000| Untracked 
|  43|0x00000000b2b00000, 0x00000000b2b00000, 0x00000000b2c00000|  0%| F|  |TAMS 0x00000000b2b00000, 0x00000000b2b00000| Untracked 
|  44|0x00000000b2c00000, 0x00000000b2c00000, 0x00000000b2d00000|  0%| F|  |TAMS 0x00000000b2c00000, 0x00000000b2c00000| Untracked 
|  45|0x00000000b2d00000, 0x00000000b2d00000, 0x00000000b2e00000|  0%| F|  |TAMS 0x00000000b2d00000, 0x00000000b2d00000| Untracked 
|  46|0x00000000b2e00000, 0x00000000b2e00000, 0x00000000b2f00000|  0%| F|  |TAMS 0x00000000b2e00000, 0x00000000b2e00000| Untracked 
|  47|0x00000000b2f00000, 0x00000000b2f00000, 0x00000000b3000000|  0%| F|  |TAMS 0x00000000b2f00000, 0x00000000b2f00000| Untracked 
|  48|0x00000000b3000000, 0x00000000b3000000, 0x00000000b3100000|  0%| F|  |TAMS 0x00000000b3000000, 0x00000000b3000000| Untracked 
|  49|0x00000000b3100000, 0x00000000b3100000, 0x00000000b3200000|  0%| F|  |TAMS 0x00000000b3100000, 0x00000000b3100000| Untracked 
|  50|0x00000000b3200000, 0x00000000b3200000, 0x00000000b3300000|  0%| F|  |TAMS 0x00000000b3200000, 0x00000000b3200000| Untracked 
|  51|0x00000000b3300000, 0x00000000b3300000, 0x00000000b3400000|  0%| F|  |TAMS 0x00000000b3300000, 0x00000000b3300000| Untracked 
|  52|0x00000000b3400000, 0x00000000b3400000, 0x00000000b3500000|  0%| F|  |TAMS 0x00000000b3400000, 0x00000000b3400000| Untracked 
|  53|0x00000000b3500000, 0x00000000b3500000, 0x00000000b3600000|  0%| F|  |TAMS 0x00000000b3500000, 0x00000000b3500000| Untracked 
|  54|0x00000000b3600000, 0x00000000b3600000, 0x00000000b3700000|  0%| F|  |TAMS 0x00000000b3600000, 0x00000000b3600000| Untracked 
|  55|0x00000000b3700000, 0x00000000b3700000, 0x00000000b3800000|  0%| F|  |TAMS 0x00000000b3700000, 0x00000000b3700000| Untracked 
|  56|0x00000000b3800000, 0x00000000b3800000, 0x00000000b3900000|  0%| F|  |TAMS 0x00000000b3800000, 0x00000000b3800000| Untracked 
|  57|0x00000000b3900000, 0x00000000b3900000, 0x00000000b3a00000|  0%| F|  |TAMS 0x00000000b3900000, 0x00000000b3900000| Untracked 
|  58|0x00000000b3a00000, 0x00000000b3a00000, 0x00000000b3b00000|  0%| F|  |TAMS 0x00000000b3a00000, 0x00000000b3a00000| Untracked 
|  59|0x00000000b3b00000, 0x00000000b3b00000, 0x00000000b3c00000|  0%| F|  |TAMS 0x00000000b3b00000, 0x00000000b3b00000| Untracked 
|  60|0x00000000b3c00000, 0x00000000b3c00000, 0x00000000b3d00000|  0%| F|  |TAMS 0x00000000b3c00000, 0x00000000b3c00000| Untracked 
|  61|0x00000000b3d00000, 0x00000000b3d00000, 0x00000000b3e00000|  0%| F|  |TAMS 0x00000000b3d00000, 0x00000000b3d00000| Untracked 
|  62|0x00000000b3e00000, 0x00000000b3e00000, 0x00000000b3f00000|  0%| F|  |TAMS 0x00000000b3e00000, 0x00000000b3e00000| Untracked 
|  63|0x00000000b3f00000, 0x00000000b3f00000, 0x00000000b4000000|  0%| F|  |TAMS 0x00000000b3f00000, 0x00000000b3f00000| Untracked 
|  64|0x00000000b4000000, 0x00000000b4000000, 0x00000000b4100000|  0%| F|  |TAMS 0x00000000b4000000, 0x00000000b4000000| Untracked 
|  65|0x00000000b4100000, 0x00000000b4100000, 0x00000000b4200000|  0%| F|  |TAMS 0x00000000b4100000, 0x00000000b4100000| Untracked 
|  66|0x00000000b4200000, 0x00000000b4200000, 0x00000000b4300000|  0%| F|  |TAMS 0x00000000b4200000, 0x00000000b4200000| Untracked 
|  67|0x00000000b4300000, 0x00000000b4300000, 0x00000000b4400000|  0%| F|  |TAMS 0x00000000b4300000, 0x00000000b4300000| Untracked 
|  68|0x00000000b4400000, 0x00000000b4400000, 0x00000000b4500000|  0%| F|  |TAMS 0x00000000b4400000, 0x00000000b4400000| Untracked 
|  69|0x00000000b4500000, 0x00000000b45d7950, 0x00000000b4600000| 84%| E|  |TAMS 0x00000000b4500000, 0x00000000b4500000| Complete 
|  70|0x00000000b4600000, 0x00000000b4700000, 0x00000000b4700000|100%| E|CS|TAMS 0x00000000b4600000, 0x00000000b4600000| Complete 
|  71|0x00000000b4700000, 0x00000000b4800000, 0x00000000b4800000|100%| E|CS|TAMS 0x00000000b4700000, 0x00000000b4700000| Complete 
|  72|0x00000000b4800000, 0x00000000b4900000, 0x00000000b4900000|100%| E|CS|TAMS 0x00000000b4800000, 0x00000000b4800000| Complete 
|  73|0x00000000b4900000, 0x00000000b4a00000, 0x00000000b4a00000|100%| E|CS|TAMS 0x00000000b4900000, 0x00000000b4900000| Complete 
|  74|0x00000000b4a00000, 0x00000000b4b00000, 0x00000000b4b00000|100%| E|CS|TAMS 0x00000000b4a00000, 0x00000000b4a00000| Complete 
|  75|0x00000000b4b00000, 0x00000000b4c00000, 0x00000000b4c00000|100%| E|CS|TAMS 0x00000000b4b00000, 0x00000000b4b00000| Complete 
|  76|0x00000000b4c00000, 0x00000000b4d00000, 0x00000000b4d00000|100%| E|CS|TAMS 0x00000000b4c00000, 0x00000000b4c00000| Complete 
|  77|0x00000000b4d00000, 0x00000000b4e00000, 0x00000000b4e00000|100%| E|CS|TAMS 0x00000000b4d00000, 0x00000000b4d00000| Complete 
|  78|0x00000000b4e00000, 0x00000000b4f00000, 0x00000000b4f00000|100%| E|CS|TAMS 0x00000000b4e00000, 0x00000000b4e00000| Complete 
|  79|0x00000000b4f00000, 0x00000000b5000000, 0x00000000b5000000|100%| E|CS|TAMS 0x00000000b4f00000, 0x00000000b4f00000| Complete 

Card table byte_map: [0x00007f2284d80000,0x00007f2285000000] _byte_map_base: 0x00007f2284800000

Marking Bits (Prev, Next): (CMBitMap*) 0x00007f229405bb58, (CMBitMap*) 0x00007f229405bb98
 Prev Bits: [0x00007f2283700000, 0x00007f2284b00000)
 Next Bits: [0x00007f2282300000, 0x00007f2283700000)

Polling page: 0x00007f229c273000

Metaspace:

Usage:
  Non-class:      7,44 MB capacity,     7,34 MB ( 99%) used,    89,91 KB (  1%) free+waste,    13,94 KB ( <1%) overhead. 
      Class:    846,00 KB capacity,   751,16 KB ( 89%) used,    87,72 KB ( 10%) free+waste,     7,12 KB ( <1%) overhead. 
       Both:      8,26 MB capacity,     8,07 MB ( 98%) used,   177,62 KB (  2%) free+waste,    21,06 KB ( <1%) overhead. 

Virtual space:
  Non-class space:        8,00 MB reserved,       7,50 MB ( 94%) committed 
      Class space:        1,00 GB reserved,     896,00 KB ( <1%) committed 
             Both:        1,01 GB reserved,       8,38 MB ( <1%) committed 

Chunk freelists:
   Non-Class:  57,00 KB
       Class:  18,00 KB
        Both:  75,00 KB

MaxMetaspaceSize: unlimited
CompressedClassSpaceSize: 1,00 GB

CodeHeap 'non-profiled nmethods': size=120032Kb used=198Kb max_used=198Kb free=119833Kb
 bounds [0x00007f228cac8000, 0x00007f228cd38000, 0x00007f2294000000]
CodeHeap 'profiled nmethods': size=120032Kb used=1072Kb max_used=1072Kb free=118959Kb
 bounds [0x00007f2285590000, 0x00007f2285800000, 0x00007f228cac8000]
CodeHeap 'non-nmethods': size=5696Kb used=1123Kb max_used=1136Kb free=4572Kb
 bounds [0x00007f2285000000, 0x00007f2285270000, 0x00007f2285590000]
 total_blobs=1142 nmethods=621 adapters=267
 compilation: enabled
              stopped_count=0, restarted_count=0
 full_count=0

Compilation events (10 events):
Event: 0,967 Thread 0x00007f2294167000  624       3       jdk.internal.org.objectweb.asm.Type::getArgumentsAndReturnSizes (132 bytes)
Event: 0,967 Thread 0x00007f2294165000  609       4       java.lang.String::isEmpty (14 bytes)
Event: 0,973 Thread 0x00007f2294165000 nmethod 609 0x00007f228caf7890 code [0x00007f228caf7a20, 0x00007f228caf7ab8]
Event: 0,973 Thread 0x00007f2294165000  608       4       java.lang.String::substring (58 bytes)
Event: 0,978 Thread 0x00007f2294167000 nmethod 624 0x00007f2285694990 code [0x00007f2285694d80, 0x00007f2285696ad8]
Event: 0,979 Thread 0x00007f2294167000  613       3       java.io.File::<init> (111 bytes)
Event: 0,984 Thread 0x00007f2294165000 nmethod 608 0x00007f228caf7b90 code [0x00007f228caf7d40, 0x00007f228caf82f8]
Event: 0,984 Thread 0x00007f2294165000  619       4       java.util.Arrays::copyOfRange (64 bytes)
Event: 0,988 Thread 0x00007f2294165000 nmethod 619 0x00007f228caf8590 code [0x00007f228caf8720, 0x00007f228caf8a18]
Event: 0,988 Thread 0x00007f2294165000  623       4       java.lang.StringBuilder::append (8 bytes)

GC Heap History (0 events):
No events

Deoptimization events (1 events):
Event: 0,767 Thread 0x00007f2294016800 Uncommon trap: reason=unstable_if action=reinterpret pc=0x00007f228cadfd7c method=java.util.HashMap.putVal(ILjava/lang/Object;Ljava/lang/Object;ZZ)Ljava/lang/Object; @ 236 c2

Classes unloaded (0 events):
No events

Classes redefined (0 events):
No events

Internal exceptions (10 events):
Event: 0,499 Thread 0x00007f2294016800 Exception <a 'java/lang/NoSuchMethodError'{0x00000000b4c170f0}: 'int java.lang.invoke.DirectMethodHandle$Holder.invokeStatic(java.lang.Object, java.lang.Object)'> (0x00000000b4c170f0) 
thrown [/home/dmitry/Downloads/LOOM/loom/src/hotspot/share/interpreter/linkResolver.cpp, line 768]
for thread 0x00007f2294016800
Event: 0,507 Thread 0x00007f2294016800 Exception <a 'java/lang/NoSuchMethodError'{0x00000000b4c21730}: 'java.lang.Object java.lang.invoke.DirectMethodHandle$Holder.invokeVirtual(java.lang.Object, java.lang.Object)'> (0x00000000b4c21730) 
thrown [/home/dmitry/Downloads/LOOM/loom/src/hotspot/share/interpreter/linkResolver.cpp, line 768]
for thread 0x00007f2294016800
Event: 0,511 Thread 0x00007f2294016800 Exception <a 'java/lang/NoSuchMethodError'{0x00000000b4c292f8}: 'int java.lang.invoke.DirectMethodHandle$Holder.invokeSpecial(java.lang.Object, java.lang.Object)'> (0x00000000b4c292f8) 
thrown [/home/dmitry/Downloads/LOOM/loom/src/hotspot/share/interpreter/linkResolver.cpp, line 768]
for thread 0x00007f2294016800
Event: 0,704 Thread 0x00007f2294016800 Exception <a 'java/lang/NoSuchMethodError'{0x00000000b4ab9ce0}: 'void java.lang.invoke.DirectMethodHandle$Holder.invokeStatic(java.lang.Object, java.lang.Object, java.lang.Object)'> (0x00000000b4ab9ce0) 
thrown [/home/dmitry/Downloads/LOOM/loom/src/hotspot/share/interpreter/linkResolver.cpp, line 768]
for thread 0x00007f2294016800
Event: 0,719 Thread 0x00007f2294016800 Exception <a 'java/lang/NoSuchMethodError'{0x00000000b4ae52b0}: 'java.lang.Object java.lang.invoke.Invokers$Holder.linkToTargetMethod(java.lang.Object, java.lang.Object, java.lang.Object, java.lang.Object)'> (0x00000000b4ae52b0) 
thrown [/home/dmitry/Downloads/LOOM/loom/src/hotspot/share/interpreter/linkResolver.cpp, line 768]
for thread 0x00007f2294016800
Event: 0,877 Thread 0x00007f22942cc800 Exception <a 'java/lang/NoSuchMethodError'{0x00000000b484ceb0}: 'java.lang.Object java.lang.invoke.DirectMethodHandle$Holder.invokeStatic(java.lang.Object)'> (0x00000000b484ceb0) 
thrown [/home/dmitry/Downloads/LOOM/loom/src/hotspot/share/interpreter/linkResolver.cpp, line 768]
for thread 0x00007f22942cc800
Event: 0,878 Thread 0x00007f22942cc800 Exception <a 'java/lang/NoSuchMethodError'{0x00000000b484fcc8}: 'java.lang.Object java.lang.invoke.DirectMethodHandle$Holder.invokeStaticInit(java.lang.Object)'> (0x00000000b484fcc8) 
thrown [/home/dmitry/Downloads/LOOM/loom/src/hotspot/share/interpreter/linkResolver.cpp, line 768]
for thread 0x00007f22942cc800
Event: 0,920 Thread 0x00007f2294016800 Exception <a 'java/lang/NoSuchMethodError'{0x00000000b4716350}: 'java.lang.Object java.lang.invoke.DirectMethodHandle$Holder.invokeStaticInit(java.lang.Object, java.lang.Object)'> (0x00000000b4716350) 
thrown [/home/dmitry/Downloads/LOOM/loom/src/hotspot/share/interpreter/linkResolver.cpp, line 768]
for thread 0x00007f2294016800
Event: 0,922 Thread 0x00007f2294016800 Exception <a 'java/lang/NoSuchMethodError'{0x00000000b471f808}: 'java.lang.Object java.lang.invoke.DirectMethodHandle$Holder.invokeStaticInit(java.lang.Object, java.lang.Object, java.lang.Object)'> (0x00000000b471f808) 
thrown [/home/dmitry/Downloads/LOOM/loom/src/hotspot/share/interpreter/linkResolver.cpp, line 768]
for thread 0x00007f2294016800
Event: 0,930 Thread 0x00007f2294016800 Exception <a 'java/lang/NoSuchMethodError'{0x00000000b473ed68}: 'int java.lang.invoke.DirectMethodHandle$Holder.invokeSpecial(java.lang.Object, java.lang.Object, java.lang.Object)'> (0x00000000b473ed68) 
thrown [/home/dmitry/Downloads/LOOM/loom/src/hotspot/share/interpreter/linkResolver.cpp, line 768]
for thread 0x00007f2294016800

Events (10 events):
Event: 0,990 loading class jdk/internal/math/FloatingDecimal$BinaryToASCIIBuffer
Event: 0,991 loading class jdk/internal/math/FloatingDecimal$BinaryToASCIIBuffer done
Event: 0,991 loading class jdk/internal/math/FloatingDecimal$1
Event: 0,991 loading class jdk/internal/math/FloatingDecimal$1 done
Event: 0,991 loading class jdk/internal/math/FloatingDecimal$PreparedASCIIToBinaryBuffer
Event: 0,991 loading class jdk/internal/math/FloatingDecimal$ASCIIToBinaryConverter
Event: 0,991 loading class jdk/internal/math/FloatingDecimal$ASCIIToBinaryConverter done
Event: 0,991 loading class jdk/internal/math/FloatingDecimal$PreparedASCIIToBinaryBuffer done
Event: 0,991 loading class jdk/internal/math/FDBigInteger
Event: 0,991 loading class jdk/internal/math/FDBigInteger done


Dynamic libraries:
b0000000-b5000000 rw-p 00000000 00:00 0 
b5000000-100000000 ---p 00000000 00:00 0 
100000000-1000e0000 rw-p 00000000 00:00 0 
1000e0000-140000000 ---p 00000000 00:00 0 
55802ed54000-55802ed55000 r-xp 00000000 08:01 6044482                    /home/dmitry/Downloads/LOOM/loom/build/linux-x86_64-server-release/jdk/bin/java
55802ef55000-55802ef56000 r--p 00001000 08:01 6044482                    /home/dmitry/Downloads/LOOM/loom/build/linux-x86_64-server-release/jdk/bin/java
55802ef56000-55802ef57000 rw-p 00002000 08:01 6044482                    /home/dmitry/Downloads/LOOM/loom/build/linux-x86_64-server-release/jdk/bin/java
5580305d5000-5580305f6000 rw-p 00000000 00:00 0                          [heap]
7f2224000000-7f2224021000 rw-p 00000000 00:00 0 
7f2224021000-7f2228000000 ---p 00000000 00:00 0 
7f222c000000-7f222c021000 rw-p 00000000 00:00 0 
7f222c021000-7f2230000000 ---p 00000000 00:00 0 
7f2230000000-7f2230021000 rw-p 00000000 00:00 0 
7f2230021000-7f2234000000 ---p 00000000 00:00 0 
7f2234000000-7f2234021000 rw-p 00000000 00:00 0 
7f2234021000-7f2238000000 ---p 00000000 00:00 0 
7f2238000000-7f2238021000 rw-p 00000000 00:00 0 
7f2238021000-7f223c000000 ---p 00000000 00:00 0 
7f223c000000-7f223c021000 rw-p 00000000 00:00 0 
7f223c021000-7f2240000000 ---p 00000000 00:00 0 
7f2240000000-7f2240021000 rw-p 00000000 00:00 0 
7f2240021000-7f2244000000 ---p 00000000 00:00 0 
7f2244000000-7f2244021000 rw-p 00000000 00:00 0 
7f2244021000-7f2248000000 ---p 00000000 00:00 0 
7f2248000000-7f2248021000 rw-p 00000000 00:00 0 
7f2248021000-7f224c000000 ---p 00000000 00:00 0 
7f224c000000-7f224c247000 rw-p 00000000 00:00 0 
7f224c247000-7f2250000000 ---p 00000000 00:00 0 
7f2250000000-7f2250021000 rw-p 00000000 00:00 0 
7f2250021000-7f2254000000 ---p 00000000 00:00 0 
7f2254000000-7f2254021000 rw-p 00000000 00:00 0 
7f2254021000-7f2258000000 ---p 00000000 00:00 0 
7f2258000000-7f2258449000 rw-p 00000000 00:00 0 
7f2258449000-7f225c000000 ---p 00000000 00:00 0 
7f225c000000-7f225c021000 rw-p 00000000 00:00 0 
7f225c021000-7f2260000000 ---p 00000000 00:00 0 
7f2260000000-7f2260021000 rw-p 00000000 00:00 0 
7f2260021000-7f2264000000 ---p 00000000 00:00 0 
7f2264000000-7f2264021000 rw-p 00000000 00:00 0 
7f2264021000-7f2268000000 ---p 00000000 00:00 0 
7f2268000000-7f2268021000 rw-p 00000000 00:00 0 
7f2268021000-7f226c000000 ---p 00000000 00:00 0 
7f226c000000-7f226c021000 rw-p 00000000 00:00 0 
7f226c021000-7f2270000000 ---p 00000000 00:00 0 
7f22708c3000-7f2270cbe000 rw-p 00000000 00:00 0 
7f2270cbe000-7f2270cc2000 ---p 00000000 00:00 0 
7f2270cc2000-7f2270dbf000 rw-p 00000000 00:00 0 
7f2270dbf000-7f2270dc3000 ---p 00000000 00:00 0 
7f2270dc3000-7f2270ec0000 rw-p 00000000 00:00 0 
7f2270ec0000-7f2270ec4000 ---p 00000000 00:00 0 
7f2270ec4000-7f2270fc1000 rw-p 00000000 00:00 0 
7f2270fc1000-7f2270fc5000 ---p 00000000 00:00 0 
7f2270fc5000-7f22710c2000 rw-p 00000000 00:00 0 
7f22710c2000-7f22710c6000 ---p 00000000 00:00 0 
7f22710c6000-7f22711c3000 rw-p 00000000 00:00 0 
7f22711c3000-7f22711c8000 r-xp 00000000 08:01 2636459                    /home/dmitry/Downloads/LOOM/loom/build/linux-x86_64-server-release/jdk/lib/libmanagement_ext.so
7f22711c8000-7f22713c7000 ---p 00005000 08:01 2636459                    /home/dmitry/Downloads/LOOM/loom/build/linux-x86_64-server-release/jdk/lib/libmanagement_ext.so
7f22713c7000-7f22713c8000 r--p 00004000 08:01 2636459                    /home/dmitry/Downloads/LOOM/loom/build/linux-x86_64-server-release/jdk/lib/libmanagement_ext.so
7f22713c8000-7f22713c9000 rw-p 00005000 08:01 2636459                    /home/dmitry/Downloads/LOOM/loom/build/linux-x86_64-server-release/jdk/lib/libmanagement_ext.so
7f22713c9000-7f22713cd000 r-xp 00000000 08:01 2636443                    /home/dmitry/Downloads/LOOM/loom/build/linux-x86_64-server-release/jdk/lib/libmanagement.so
7f22713cd000-7f22715cc000 ---p 00004000 08:01 2636443                    /home/dmitry/Downloads/LOOM/loom/build/linux-x86_64-server-release/jdk/lib/libmanagement.so
7f22715cc000-7f22715cd000 r--p 00003000 08:01 2636443                    /home/dmitry/Downloads/LOOM/loom/build/linux-x86_64-server-release/jdk/lib/libmanagement.so
7f22715cd000-7f22715ce000 rw-p 00004000 08:01 2636443                    /home/dmitry/Downloads/LOOM/loom/build/linux-x86_64-server-release/jdk/lib/libmanagement.so
7f22715ce000-7f22715d0000 r-xp 00000000 08:01 2636465                    /home/dmitry/Downloads/LOOM/loom/build/linux-x86_64-server-release/jdk/lib/libextnet.so
7f22715d0000-7f22717cf000 ---p 00002000 08:01 2636465                    /home/dmitry/Downloads/LOOM/loom/build/linux-x86_64-server-release/jdk/lib/libextnet.so
7f22717cf000-7f22717d0000 r--p 00001000 08:01 2636465                    /home/dmitry/Downloads/LOOM/loom/build/linux-x86_64-server-release/jdk/lib/libextnet.so
7f22717d0000-7f22717d1000 rw-p 00002000 08:01 2636465                    /home/dmitry/Downloads/LOOM/loom/build/linux-x86_64-server-release/jdk/lib/libextnet.so
7f22717d1000-7f22717d5000 ---p 00000000 00:00 0 
7f22717d5000-7f22718d2000 rw-p 00000000 00:00 0 
7f22718d2000-7f22718d3000 ---p 00000000 00:00 0 
7f22718d3000-7f22719d4000 rw-p 00000000 00:00 0 
7f22719d4000-7f22719d8000 ---p 00000000 00:00 0 
7f22719d8000-7f2271ad5000 rw-p 00000000 00:00 0 
7f2271ad5000-7f2271ad9000 ---p 00000000 00:00 0 
7f2271ad9000-7f2271bd6000 rw-p 00000000 00:00 0 
7f2271bd6000-7f2271bec000 r-xp 00000000 08:01 2636431                    /home/dmitry/Downloads/LOOM/loom/build/linux-x86_64-server-release/jdk/lib/libnet.so
7f2271bec000-7f2271dec000 ---p 00016000 08:01 2636431                    /home/dmitry/Downloads/LOOM/loom/build/linux-x86_64-server-release/jdk/lib/libnet.so
7f2271dec000-7f2271ded000 r--p 00016000 08:01 2636431                    /home/dmitry/Downloads/LOOM/loom/build/linux-x86_64-server-release/jdk/lib/libnet.so
7f2271ded000-7f2271dee000 rw-p 00017000 08:01 2636431                    /home/dmitry/Downloads/LOOM/loom/build/linux-x86_64-server-release/jdk/lib/libnet.so
7f2271dee000-7f2271dff000 r-xp 00000000 08:01 2636435                    /home/dmitry/Downloads/LOOM/loom/build/linux-x86_64-server-release/jdk/lib/libnio.so
7f2271dff000-7f2271ffe000 ---p 00011000 08:01 2636435                    /home/dmitry/Downloads/LOOM/loom/build/linux-x86_64-server-release/jdk/lib/libnio.so
7f2271ffe000-7f2271fff000 r--p 00010000 08:01 2636435                    /home/dmitry/Downloads/LOOM/loom/build/linux-x86_64-server-release/jdk/lib/libnio.so
7f2271fff000-7f2272000000 rw-p 00011000 08:01 2636435                    /home/dmitry/Downloads/LOOM/loom/build/linux-x86_64-server-release/jdk/lib/libnio.so
7f2272000000-7f2274000000 rw-p 00000000 00:00 0 
7f2274000000-7f2274021000 rw-p 00000000 00:00 0 
7f2274021000-7f2278000000 ---p 00000000 00:00 0 
7f2278000000-7f2278021000 rw-p 00000000 00:00 0 
7f2278021000-7f227c000000 ---p 00000000 00:00 0 
7f227c000000-7f227c021000 rw-p 00000000 00:00 0 
7f227c021000-7f2280000000 ---p 00000000 00:00 0 
7f228009a000-7f228009e000 ---p 00000000 00:00 0 
7f228009e000-7f228019b000 rw-p 00000000 00:00 0 
7f228019b000-7f228019f000 ---p 00000000 00:00 0 
7f228019f000-7f228029c000 rw-p 00000000 00:00 0 
7f228029c000-7f22802a0000 ---p 00000000 00:00 0 
7f22802a0000-7f228039d000 rw-p 00000000 00:00 0 
7f228039d000-7f22803a1000 ---p 00000000 00:00 0 
7f22803a1000-7f228049e000 rw-p 00000000 00:00 0 
7f228049e000-7f2280e6d000 r--p 00000000 08:01 10230401                   /usr/lib/locale/locale-archive
7f2280e6d000-7f2280e71000 ---p 00000000 00:00 0 
7f2280e71000-7f2280f6e000 rw-p 00000000 00:00 0 
7f2280f6e000-7f2280f72000 ---p 00000000 00:00 0 
7f2280f72000-7f228106f000 rw-p 00000000 00:00 0 
7f228106f000-7f2281070000 ---p 00000000 00:00 0 
7f2281070000-7f22819b2000 rw-p 00000000 00:00 0 
7f22819b2000-7f22819f2000 ---p 00000000 00:00 0 
7f22819f2000-7f22819f3000 ---p 00000000 00:00 0 
7f22819f3000-7f2281af4000 rw-p 00000000 00:00 0 
7f2281af4000-7f2281af5000 ---p 00000000 00:00 0 
7f2281af5000-7f2281ffa000 rw-p 00000000 00:00 0 
7f2281ffa000-7f2281ffb000 ---p 00000000 00:00 0 
7f2281ffb000-7f22820fc000 rw-p 00000000 00:00 0 
7f22820fc000-7f22820fd000 ---p 00000000 00:00 0 
7f22820fd000-7f22821fe000 rw-p 00000000 00:00 0 
7f22821fe000-7f22821ff000 ---p 00000000 00:00 0 
7f22821ff000-7f2282440000 rw-p 00000000 00:00 0 
7f2282440000-7f2283700000 ---p 00000000 00:00 0 
7f2283700000-7f2283840000 rw-p 00000000 00:00 0 
7f2283840000-7f2284b00000 ---p 00000000 00:00 0 
7f2284b00000-7f2284b28000 rw-p 00000000 00:00 0 
7f2284b28000-7f2284d80000 ---p 00000000 00:00 0 
7f2284d80000-7f2284da8000 rw-p 00000000 00:00 0 
7f2284da8000-7f2285000000 ---p 00000000 00:00 0 
7f2285000000-7f2285270000 rwxp 00000000 00:00 0 
7f2285270000-7f2285590000 ---p 00000000 00:00 0 
7f2285590000-7f2285800000 rwxp 00000000 00:00 0 
7f2285800000-7f228cac8000 ---p 00000000 00:00 0 
7f228cac8000-7f228cd38000 rwxp 00000000 00:00 0 
7f228cd38000-7f2294000000 ---p 00000000 00:00 0 
7f2294000000-7f22942fa000 rw-p 00000000 00:00 0 
7f22942fa000-7f2298000000 ---p 00000000 00:00 0 
7f2298036000-7f22980ea000 rw-p 00000000 00:00 0 
7f22980ea000-7f2298342000 ---p 00000000 00:00 0 
7f2298342000-7f229874b000 rw-p 00000000 00:00 0 
7f229874b000-7f2298831000 ---p 00000000 00:00 0 
7f2298831000-7f2298836000 rw-p 00000000 00:00 0 
7f2298836000-7f229891c000 ---p 00000000 00:00 0 
7f229891c000-7f2298937000 r-xp 00000000 08:01 2636433                    /home/dmitry/Downloads/LOOM/loom/build/linux-x86_64-server-release/jdk/lib/libjimage.so
7f2298937000-7f2298b36000 ---p 0001b000 08:01 2636433                    /home/dmitry/Downloads/LOOM/loom/build/linux-x86_64-server-release/jdk/lib/libjimage.so
7f2298b36000-7f2298b38000 r--p 0001a000 08:01 2636433                    /home/dmitry/Downloads/LOOM/loom/build/linux-x86_64-server-release/jdk/lib/libjimage.so
7f2298b38000-7f2298b39000 rw-p 0001c000 08:01 2636433                    /home/dmitry/Downloads/LOOM/loom/build/linux-x86_64-server-release/jdk/lib/libjimage.so
7f2298b39000-7f2298b40000 r-xp 00000000 08:01 2636428                    /home/dmitry/Downloads/LOOM/loom/build/linux-x86_64-server-release/jdk/lib/libzip.so
7f2298b40000-7f2298d3f000 ---p 00007000 08:01 2636428                    /home/dmitry/Downloads/LOOM/loom/build/linux-x86_64-server-release/jdk/lib/libzip.so
7f2298d3f000-7f2298d40000 r--p 00006000 08:01 2636428                    /home/dmitry/Downloads/LOOM/loom/build/linux-x86_64-server-release/jdk/lib/libzip.so
7f2298d40000-7f2298d41000 rw-p 00007000 08:01 2636428                    /home/dmitry/Downloads/LOOM/loom/build/linux-x86_64-server-release/jdk/lib/libzip.so
7f2298d41000-7f2298d4c000 r-xp 00000000 08:01 1184572                    /lib/x86_64-linux-gnu/libnss_files-2.27.so
7f2298d4c000-7f2298f4b000 ---p 0000b000 08:01 1184572                    /lib/x86_64-linux-gnu/libnss_files-2.27.so
7f2298f4b000-7f2298f4c000 r--p 0000a000 08:01 1184572                    /lib/x86_64-linux-gnu/libnss_files-2.27.so
7f2298f4c000-7f2298f4d000 rw-p 0000b000 08:01 1184572                    /lib/x86_64-linux-gnu/libnss_files-2.27.so
7f2298f4d000-7f2298f53000 rw-p 00000000 00:00 0 
7f2298f53000-7f2298f6a000 r-xp 00000000 08:01 1184566                    /lib/x86_64-linux-gnu/libnsl-2.27.so
7f2298f6a000-7f2299169000 ---p 00017000 08:01 1184566                    /lib/x86_64-linux-gnu/libnsl-2.27.so
7f2299169000-7f229916a000 r--p 00016000 08:01 1184566                    /lib/x86_64-linux-gnu/libnsl-2.27.so
7f229916a000-7f229916b000 rw-p 00017000 08:01 1184566                    /lib/x86_64-linux-gnu/libnsl-2.27.so
7f229916b000-7f229916d000 rw-p 00000000 00:00 0 
7f229916d000-7f2299178000 r-xp 00000000 08:01 1184583                    /lib/x86_64-linux-gnu/libnss_nis-2.27.so
7f2299178000-7f2299377000 ---p 0000b000 08:01 1184583                    /lib/x86_64-linux-gnu/libnss_nis-2.27.so
7f2299377000-7f2299378000 r--p 0000a000 08:01 1184583                    /lib/x86_64-linux-gnu/libnss_nis-2.27.so
7f2299378000-7f2299379000 rw-p 0000b000 08:01 1184583                    /lib/x86_64-linux-gnu/libnss_nis-2.27.so
7f2299379000-7f2299381000 r-xp 00000000 08:01 1184568                    /lib/x86_64-linux-gnu/libnss_compat-2.27.so
7f2299381000-7f2299581000 ---p 00008000 08:01 1184568                    /lib/x86_64-linux-gnu/libnss_compat-2.27.so
7f2299581000-7f2299582000 r--p 00008000 08:01 1184568                    /lib/x86_64-linux-gnu/libnss_compat-2.27.so
7f2299582000-7f2299583000 rw-p 00009000 08:01 1184568                    /lib/x86_64-linux-gnu/libnss_compat-2.27.so
7f2299583000-7f22995ac000 r-xp 00000000 08:01 2636427                    /home/dmitry/Downloads/LOOM/loom/build/linux-x86_64-server-release/jdk/lib/libjava.so
7f22995ac000-7f22997ab000 ---p 00029000 08:01 2636427                    /home/dmitry/Downloads/LOOM/loom/build/linux-x86_64-server-release/jdk/lib/libjava.so
7f22997ab000-7f22997ac000 r--p 00028000 08:01 2636427                    /home/dmitry/Downloads/LOOM/loom/build/linux-x86_64-server-release/jdk/lib/libjava.so
7f22997ac000-7f22997ae000 rw-p 00029000 08:01 2636427                    /home/dmitry/Downloads/LOOM/loom/build/linux-x86_64-server-release/jdk/lib/libjava.so
7f22997ae000-7f22997bb000 r-xp 00000000 08:01 2636419                    /home/dmitry/Downloads/LOOM/loom/build/linux-x86_64-server-release/jdk/lib/libverify.so
7f22997bb000-7f22999ba000 ---p 0000d000 08:01 2636419                    /home/dmitry/Downloads/LOOM/loom/build/linux-x86_64-server-release/jdk/lib/libverify.so
7f22999ba000-7f22999bc000 r--p 0000c000 08:01 2636419                    /home/dmitry/Downloads/LOOM/loom/build/linux-x86_64-server-release/jdk/lib/libverify.so
7f22999bc000-7f22999bd000 rw-p 0000e000 08:01 2636419                    /home/dmitry/Downloads/LOOM/loom/build/linux-x86_64-server-release/jdk/lib/libverify.so
7f22999bd000-7f2299b5a000 r-xp 00000000 08:01 1184545                    /lib/x86_64-linux-gnu/libm-2.27.so
7f2299b5a000-7f2299d59000 ---p 0019d000 08:01 1184545                    /lib/x86_64-linux-gnu/libm-2.27.so
7f2299d59000-7f2299d5a000 r--p 0019c000 08:01 1184545                    /lib/x86_64-linux-gnu/libm-2.27.so
7f2299d5a000-7f2299d5b000 rw-p 0019d000 08:01 1184545                    /lib/x86_64-linux-gnu/libm-2.27.so
7f2299d5b000-7f229b087000 r-xp 00000000 08:01 2636416                    /home/dmitry/Downloads/LOOM/loom/build/linux-x86_64-server-release/jdk/lib/server/libjvm.so
7f229b087000-7f229b286000 ---p 0132c000 08:01 2636416                    /home/dmitry/Downloads/LOOM/loom/build/linux-x86_64-server-release/jdk/lib/server/libjvm.so
7f229b286000-7f229b34e000 r--p 0132b000 08:01 2636416                    /home/dmitry/Downloads/LOOM/loom/build/linux-x86_64-server-release/jdk/lib/server/libjvm.so
7f229b34e000-7f229b389000 rw-p 013f3000 08:01 2636416                    /home/dmitry/Downloads/LOOM/loom/build/linux-x86_64-server-release/jdk/lib/server/libjvm.so
7f229b389000-7f229b40f000 rw-p 00000000 00:00 0 
7f229b40f000-7f229b429000 r-xp 00000000 08:01 1184615                    /lib/x86_64-linux-gnu/libpthread-2.27.so
7f229b429000-7f229b628000 ---p 0001a000 08:01 1184615                    /lib/x86_64-linux-gnu/libpthread-2.27.so
7f229b628000-7f229b629000 r--p 00019000 08:01 1184615                    /lib/x86_64-linux-gnu/libpthread-2.27.so
7f229b629000-7f229b62a000 rw-p 0001a000 08:01 1184615                    /lib/x86_64-linux-gnu/libpthread-2.27.so
7f229b62a000-7f229b62e000 rw-p 00000000 00:00 0 
7f229b62e000-7f229b631000 r-xp 00000000 08:01 1184505                    /lib/x86_64-linux-gnu/libdl-2.27.so
7f229b631000-7f229b830000 ---p 00003000 08:01 1184505                    /lib/x86_64-linux-gnu/libdl-2.27.so
7f229b830000-7f229b831000 r--p 00002000 08:01 1184505                    /lib/x86_64-linux-gnu/libdl-2.27.so
7f229b831000-7f229b832000 rw-p 00003000 08:01 1184505                    /lib/x86_64-linux-gnu/libdl-2.27.so
7f229b832000-7f229b84e000 r-xp 00000000 08:01 1184654                    /lib/x86_64-linux-gnu/libz.so.1.2.11
7f229b84e000-7f229ba4d000 ---p 0001c000 08:01 1184654                    /lib/x86_64-linux-gnu/libz.so.1.2.11
7f229ba4d000-7f229ba4e000 r--p 0001b000 08:01 1184654                    /lib/x86_64-linux-gnu/libz.so.1.2.11
7f229ba4e000-7f229ba4f000 rw-p 0001c000 08:01 1184654                    /lib/x86_64-linux-gnu/libz.so.1.2.11
7f229ba4f000-7f229bc36000 r-xp 00000000 08:01 1184482                    /lib/x86_64-linux-gnu/libc-2.27.so
7f229bc36000-7f229be36000 ---p 001e7000 08:01 1184482                    /lib/x86_64-linux-gnu/libc-2.27.so
7f229be36000-7f229be3a000 r--p 001e7000 08:01 1184482                    /lib/x86_64-linux-gnu/libc-2.27.so
7f229be3a000-7f229be3c000 rw-p 001eb000 08:01 1184482                    /lib/x86_64-linux-gnu/libc-2.27.so
7f229be3c000-7f229be40000 rw-p 00000000 00:00 0 
7f229be40000-7f229be50000 r-xp 00000000 08:01 2636421                    /home/dmitry/Downloads/LOOM/loom/build/linux-x86_64-server-release/jdk/lib/libjli.so
7f229be50000-7f229c04f000 ---p 00010000 08:01 2636421                    /home/dmitry/Downloads/LOOM/loom/build/linux-x86_64-server-release/jdk/lib/libjli.so
7f229c04f000-7f229c050000 r--p 0000f000 08:01 2636421                    /home/dmitry/Downloads/LOOM/loom/build/linux-x86_64-server-release/jdk/lib/libjli.so
7f229c050000-7f229c051000 rw-p 00010000 08:01 2636421                    /home/dmitry/Downloads/LOOM/loom/build/linux-x86_64-server-release/jdk/lib/libjli.so
7f229c051000-7f229c078000 r-xp 00000000 08:01 1184454                    /lib/x86_64-linux-gnu/ld-2.27.so
7f229c0a5000-7f229c158000 rw-p 00000000 00:00 0 
7f229c158000-7f229c15f000 ---p 00000000 00:00 0 
7f229c15f000-7f229c163000 ---p 00000000 00:00 0 
7f229c163000-7f229c262000 rw-p 00000000 00:00 0 
7f229c26b000-7f229c273000 rw-s 00000000 08:01 786459                     /tmp/hsperfdata_dmitry/4489
7f229c273000-7f229c274000 ---p 00000000 00:00 0 
7f229c274000-7f229c275000 r--p 00000000 00:00 0 
7f229c275000-7f229c276000 ---p 00000000 00:00 0 
7f229c276000-7f229c278000 rw-p 00000000 00:00 0 
7f229c278000-7f229c279000 r--p 00027000 08:01 1184454                    /lib/x86_64-linux-gnu/ld-2.27.so
7f229c279000-7f229c27a000 rw-p 00028000 08:01 1184454                    /lib/x86_64-linux-gnu/ld-2.27.so
7f229c27a000-7f229c27b000 rw-p 00000000 00:00 0 
7ffcb08e2000-7ffcb0905000 rw-p 00000000 00:00 0                          [stack]
7ffcb096c000-7ffcb096f000 r--p 00000000 00:00 0                          [vvar]
7ffcb096f000-7ffcb0971000 r-xp 00000000 00:00 0                          [vdso]
ffffffffff600000-ffffffffff601000 r-xp 00000000 00:00 0                  [vsyscall]


VM Arguments:
jvm_args: -Didea.launcher.port=3239 -Didea.launcher.bin.path=/home/dmitry/Downloads/idea-IC-183.5912.21/bin -Dfile.encoding=UTF-8 
java_command: com.intellij.rt.execution.application.AppMainV2 NewMain
java_class_path (initial): /home/dmitry/Downloads/LOOM/loom/build/linux-x86_64-server-release/jdk/modules/java.base:/home/dmitry/Downloads/LOOM/loom/build/linux-x86_64-server-release/jdk/modules/java.compiler:/home/dmitry/Downloads/LOOM/loom/build/linux-x86_64-server-release/jdk/modules/java.datatransfer:/home/dmitry/Downloads/LOOM/loom/build/linux-x86_64-server-release/jdk/modules/java.desktop:/home/dmitry/Downloads/LOOM/loom/build/linux-x86_64-server-release/jdk/modules/java.instrument:/home/dmitry/Downloads/LOOM/loom/build/linux-x86_64-server-release/jdk/modules/java.logging:/home/dmitry/Downloads/LOOM/loom/build/linux-x86_64-server-release/jdk/modules/java.management:/home/dmitry/Downloads/LOOM/loom/build/linux-x86_64-server-release/jdk/modules/java.management.rmi:/home/dmitry/Downloads/LOOM/loom/build/linux-x86_64-server-release/jdk/modules/java.naming:/home/dmitry/Downloads/LOOM/loom/build/linux-x86_64-server-release/jdk/modules/java.net.http:/home/dmitry/Downloads/LOOM/loom/build/linux-x86_64-server-release/jdk/modules/java.prefs:/home/dmitry/Downloads/LOOM/loom/build/linux-x86_64-server-release/jdk/modules/java.rmi:/home/dmitry/Downloads/LOOM/loom/build/linux-x86_64-server-release/jdk/modules/java.scripting:/home/dmitry/Downloads/LOOM/loom/build/linux-x86_64-server-release/jdk/modules/java.se:/home/dmitry/Downloads/LOOM/loom/build/linux-x86_64-server-release/jdk/modules/java.security.jgss:/home/dmitry/Downloads/LOOM/loom/build/linux-x86_64-server-release/jdk/modules/java.security.sasl:/home/dmitry/Downloads/LOOM/loom/build/linux-x86_64-server-release/jdk/modules/java.smartcardio:/home/dmitry/Downloads/LOOM/loom/build/linux-x86_64-server-release/jdk/modules/java.sql:/home/dmitry/Downloads/LOOM/loom/build/linux-x86_64-server-release/jdk/modules/java.sql.rowset:/home/dmitry/Downloads/LOOM/loom/build/linux-x86_64-server-release/jdk/modules/java.transaction.xa:/home/dmitry/Downloads/LOOM/loom/build/linux-x86_64-server-release/jdk/modules/java.xml:/home/dmitry/D
Launcher Type: SUN_STANDARD

[Global flags]
     intx CICompilerCount                          = 3                                         {product} {ergonomic}
     uint ConcGCThreads                            = 1                                         {product} {ergonomic}
     uint G1ConcRefinementThreads                  = 4                                         {product} {ergonomic}
   size_t G1HeapRegionSize                         = 1048576                                   {product} {ergonomic}
    uintx GCDrainStackTargetSize                   = 64                                        {product} {ergonomic}
   size_t InitialHeapSize                          = 83886080                                  {product} {ergonomic}
   size_t MarkStackSize                            = 4194304                                   {product} {ergonomic}
   size_t MaxHeapSize                              = 1342177280                                {product} {ergonomic}
   size_t MaxNewSize                               = 805306368                                 {product} {ergonomic}
   size_t MinHeapDeltaBytes                        = 1048576                                   {product} {ergonomic}
    uintx NonNMethodCodeHeapSize                   = 5830732                                {pd product} {ergonomic}
    uintx NonProfiledCodeHeapSize                  = 122913754                              {pd product} {ergonomic}
    uintx ProfiledCodeHeapSize                     = 122913754                              {pd product} {ergonomic}
    uintx ReservedCodeCacheSize                    = 251658240                              {pd product} {ergonomic}
     bool SegmentedCodeCache                       = true                                      {product} {ergonomic}
     bool UseCompressedClassPointers               = true                                 {lp64_product} {ergonomic}
     bool UseCompressedOops                        = true                                 {lp64_product} {ergonomic}
     bool UseG1GC                                  = true                                      {product} {ergonomic}

Logging:
Log output configuration:
 #0: stdout all=warning uptime,level,tags
 #1: stderr all=off uptime,level,tags

Environment Variables:
JAVA_HOME=/home/dmitry/usr/local/java/jdk1.8.0
PATH=/bin:/bin:/usr/local/sbin:/usr/local/bin:/usr/sbin:/usr/bin:/sbin:/bin:/usr/games:/usr/local/games:/snap/bin
USERNAME=dmitry
SHELL=/bin/bash
DISPLAY=:0

Signal Handlers:
SIGSEGV: [libjvm.so+0xfe39c0], sa_mask[0]=11111111011111111101111111111110, sa_flags=SA_RESTART|SA_SIGINFO
SIGBUS: [libjvm.so+0xfe39c0], sa_mask[0]=11111111011111111101111111111110, sa_flags=SA_RESTART|SA_SIGINFO
SIGFPE: [libjvm.so+0xfe39c0], sa_mask[0]=11111111011111111101111111111110, sa_flags=SA_RESTART|SA_SIGINFO
SIGPIPE: [libjvm.so+0xc81240], sa_mask[0]=11111111011111111101111111111110, sa_flags=SA_RESTART|SA_SIGINFO
SIGXFSZ: [libjvm.so+0xc81240], sa_mask[0]=11111111011111111101111111111110, sa_flags=SA_RESTART|SA_SIGINFO
SIGILL: [libjvm.so+0xfe39c0], sa_mask[0]=11111111011111111101111111111110, sa_flags=SA_RESTART|SA_SIGINFO
SIGUSR2: [libjvm.so+0xc810e0], sa_mask[0]=00100000000000000000000000000000, sa_flags=SA_RESTART|SA_SIGINFO
SIGHUP: [libjvm.so+0xc816e0], sa_mask[0]=11111111011111111101111111111110, sa_flags=SA_RESTART|SA_SIGINFO
SIGINT: [libjvm.so+0xc816e0], sa_mask[0]=11111111011111111101111111111110, sa_flags=SA_RESTART|SA_SIGINFO
SIGTERM: [libjvm.so+0xc816e0], sa_mask[0]=11111111011111111101111111111110, sa_flags=SA_RESTART|SA_SIGINFO
SIGQUIT: [libjvm.so+0xc816e0], sa_mask[0]=11111111011111111101111111111110, sa_flags=SA_RESTART|SA_SIGINFO


---------------  S Y S T E M  ---------------

OS:DISTRIB_ID=Ubuntu
DISTRIB_RELEASE=18.04
DISTRIB_CODENAME=bionic
DISTRIB_DESCRIPTION="Ubuntu 18.04.2 LTS"
uname:Linux 4.18.0-20-generic #21~18.04.1-Ubuntu SMP Wed May 8 08:43:37 UTC 2019 x86_64
libc:glibc 2.27 NPTL 2.27 
rlimit: STACK 8192k, CORE 0k, NPROC 20273, NOFILE 4096, AS infinity, DATA infinity, FSIZE infinity
load average:1,00 1,08 1,03

/proc/meminfo:
MemTotal:        5234980 kB
MemFree:          217704 kB
MemAvailable:    2294832 kB
Buffers:          403992 kB
Cached:          1885172 kB
SwapCached:            0 kB
Active:          3186504 kB
Inactive:        1392596 kB
Active(anon):    2281464 kB
Inactive(anon):   222012 kB
Active(file):     905040 kB
Inactive(file):  1170584 kB
Unevictable:          32 kB
Mlocked:              32 kB
SwapTotal:       2097148 kB
SwapFree:        2097148 kB
Dirty:              9728 kB
Writeback:             0 kB
AnonPages:       2289956 kB
Mapped:           435452 kB
Shmem:            213532 kB
Slab:             332648 kB
SReclaimable:     292636 kB
SUnreclaim:        40012 kB
KernelStack:        9840 kB
PageTables:        35452 kB
NFS_Unstable:          0 kB
Bounce:                0 kB
WritebackTmp:          0 kB
CommitLimit:     4714636 kB
Committed_AS:    5584876 kB
VmallocTotal:   34359738367 kB
VmallocUsed:           0 kB
VmallocChunk:          0 kB
HardwareCorrupted:     0 kB
AnonHugePages:         0 kB
ShmemHugePages:        0 kB
ShmemPmdMapped:        0 kB
CmaTotal:              0 kB
CmaFree:               0 kB
HugePages_Total:       0
HugePages_Free:        0
HugePages_Rsvd:        0
HugePages_Surp:        0
Hugepagesize:       2048 kB
Hugetlb:               0 kB
DirectMap4k:      135104 kB
DirectMap2M:     5275648 kB


/proc/sys/kernel/threads-max (system-wide limit on the number of threads):
40547


/proc/sys/vm/max_map_count (maximum number of memory map areas a process may have):
65530


/proc/sys/kernel/pid_max (system-wide limit on number of process identifiers):
32768



container (cgroup) information:
container_type: cgroupv1
cpu_cpuset_cpus: 0-3
cpu_memory_nodes: 0
active_processor_count: 4
cpu_quota: no quota
cpu_period: 100000
cpu_shares: no shares
memory_limit_in_bytes: unlimited
memory_and_swap_limit_in_bytes: not supported
memory_soft_limit_in_bytes: unlimited
memory_usage_in_bytes: 4689334272
memory_max_usage_in_bytes: unlimited

KVM virtualization detected
Steal ticks since vm start: 0
Steal ticks percentage since vm start:  0,000

CPU:total 4 (initial active 4) (4 cores per cpu, 1 threads per core) family 6 model 60 stepping 3, cmov, cx8, fxsr, mmx, sse, sse2, sse3, ssse3, sse4.1, sse4.2, popcnt, avx, avx2, aes, clmul, lzcnt, tsc, tscinvbit
CPU Model and flags from /proc/cpuinfo:
model name	: Intel(R) Core(TM) i7-4700HQ CPU @ 2.40GHz
flags		: fpu vme de pse tsc msr pae mce cx8 apic sep mtrr pge mca cmov pat pse36 clflush mmx fxsr sse sse2 ht syscall nx rdtscp lm constant_tsc rep_good nopl xtopology nonstop_tsc cpuid tsc_known_freq pni pclmulqdq ssse3 cx16 pcid sse4_1 sse4_2 x2apic movbe popcnt aes xsave avx rdrand hypervisor lahf_lm abm invpcid_single pti fsgsbase avx2 invpcid flush_l1d

Memory: 4k page, physical 5234980k(217704k free), swap 2097148k(2097148k free)

vm_info: OpenJDK 64-Bit Server VM (13-internal+0-adhoc.dmitry.loom) for linux-amd64 JRE (13-internal+0-adhoc.dmitry.loom), built on May 19 2019 23:59:50 by "dmitry" with gcc 7.4.0

END.
