#
# A fatal error has been detected by the Java Runtime Environment:
#
#  Internal Error (/home/dmitry/Downloads/LOOM/loom/src/hotspot/share/runtime/continuation.cpp:2643), pid=3576, tid=3613
#  assert(cont != __null && oopDesc::is_oop_or_null(cont)) failed: Invalid cont: 0x0000000000000000
#
# JRE version: OpenJDK Runtime Environment (13.0) (slowdebug build 13-internal+0-adhoc.dmitry.loom)
# Java VM: OpenJDK 64-Bit Server VM (slowdebug 13-internal+0-adhoc.dmitry.loom, mixed mode, tiered, compressed oops, g1 gc, linux-amd64)
# Problematic frame:
# V  [libjvm.so+0x8af88f]  Continuation::freeze0(JavaThread*, FrameInfo*, bool)+0x37d
#
# Core dump will be written. Default location: Core dumps may be processed with "/usr/share/apport/apport %p %s %c %d %P" (or dumping to /home/dmitry/Downloads/LoadDetector/core.3576)
#
# If you would like to submit a bug report, please visit:
#   http://bugreport.java.com/bugreport/crash.jsp
#

---------------  S U M M A R Y ------------

Command Line: -Didea.launcher.port=6761 -Didea.launcher.bin.path=/home/dmitry/Downloads/idea-IC-183.5912.21/bin -Dfile.encoding=UTF-8 com.intellij.rt.execution.application.AppMainV2 Main

Host: dmitry-VirtualBox, Intel(R) Core(TM) i7-4700HQ CPU @ 2.40GHz, 4 cores, 4G, Ubuntu 18.04.2 LTS
Time: Thu Jun 13 00:21:24 2019 MSK elapsed time: 13 seconds (0d 0h 0m 13s)

---------------  T H R E A D  ---------------

Current thread (0x00007fab744ca000):  JavaThread "Thread-1" [_thread_in_vm, id=3613, stack(0x00007fab331d8000,0x00007fab332d9000)]

Stack: [0x00007fab331d8000,0x00007fab332d9000],  sp=0x00007fab332d4e10,  free space=1011k
Native frames: (J=compiled Java code, A=aot compiled Java code, j=interpreted, Vv=VM code, C=native code)
V  [libjvm.so+0x8af88f]  Continuation::freeze0(JavaThread*, FrameInfo*, bool)+0x37d
V  [libjvm.so+0x8b0125]  Continuation::freeze(JavaThread*, FrameInfo*)+0x133
v  ~RuntimeStub::cont_doYield

[error occurred during error reporting (printing native stack), id 0xe0000000, Internal Error (/home/dmitry/Downloads/LOOM/loom/src/hotspot/cpu/x86/frame_x86.inline.hpp:108)]

Java frames: (J=compiled Java code, j=interpreted, Vv=VM code)
v  ~RuntimeStub::cont_doYield
j  java.lang.Continuation.yield0(Ljava/lang/ContinuationScope;Ljava/lang/Continuation;)Z+60 java.base
j  java.lang.Continuation.myYield(Ljava/lang/Thread;Ljava/lang/ContinuationScope;)Z+71 java.base
j  Main.lambda$main$0(Ljava/lang/Thread;Ljava/lang/Continuation;)V+24
j  Main$$Lambda$48.run()V+8
j  java.lang.Thread.run()V+11 java.base
v  ~StubRoutines::call_stub
Register to memory mapping:

RAX=0x00007fab7f054000 points into unknown readable memory: 58 00 00 00 00 00 00 00
RBX={method} {0x00007fab6147d870} 'doYield' '(I)I' in 'java/lang/Continuation'
RCX=0x000000000000004c is an unknown value
RDX=0x000000000008c076 is an unknown value
RSP=0x00007fab332d4e10 is pointing into the stack for thread: 0x00007fab744ca000
RBP=0x00007fab332d7410 is pointing into the stack for thread: 0x00007fab744ca000
RSI=0x0 is NULL
RDI=0x000000000008c076 is an unknown value
R8 =0x0 is NULL
R9 =0x000000010000a5b8 is a pointer to class: 
java.lang.Continuation {0x000000010000a5b8}
 - instance size:     14
 - klass size:        116
 - access:            public synchronized 
 - state:             fully_initialized
 - name:              'java/lang/Continuation'
 - super:             'java/lang/Object'
 - sub:               
 - arrays:            NULL
 - methods:           Array<T>(0x00007fab61477a88)
 - method ordering:   Array<T>(0x00007fab61400058)
 - default_methods:   Array<T>(0x0000000000000000)
 - local interfaces:  Array<T>(0x00007fab614778c0)
 - trans. interfaces: Array<T>(0x00007fab614778c0)
 - constants:         constant pool [909]/operands[21] {0x00007fab61475aa0} for 'java/lang/Continuation' cache=0x00007fab61be9460
 - class loader data:  loader data: 0x00007fab740e5270 of 'bootstrap'
 - unsafe anonymous host class:        NULL
 - source file:       'Continuation.java'
 - class annotations:       Array<T>(0x0000000000000000)
 - class type annotations:  Array<T>(0x0000000000000000)
 - field annotations:       Array<T>(0x0000000000000000)
 - field type annotations:  Array<T>(0x0000000000000000)
 - inner classes:     Array<T>(0x00007fab6147edc8)
 - nest members:     Array<T>(0x00007fab6147ee08)
 - java mirror:       a 'java/lang/Class'{0x00000000b4f02810} = 'java/lang/Continuation'
 - vtable length      53  (start addr: 0x000000010000a798)
 - itable length      2 (start addr: 0x000000010000a940)
 - ---- static fields (5 words):
 - private static final 'serialVersionUID' 'J' @128 
 - private static final 'unsafe' 'Ljdk/internal/misc/Unsafe;' @112 
 - private static final 'TRACE' 'Z' @140 
 - private static final 'DEBUG' 'Z' @141 
 - private static final 'FLAG_LAST_FRAME_INTERPRETED' 'B' @142 
 - private static final 'FLAG_SAFEPOINT_YIELD' 'B' @143 
 - private static final 'WATERMARK_THRESHOLD' 'I' @136 
 - private static final 'MOUNTED' 'Ljava/lang/invoke/VarHandle;' @116 
 - private static strict 'liveNmethods' 'Ljava/util/Map;' @120 
 - static final synthetic '$assertionsDisabled' 'Z' @144 
 - ---- non-static fields (25 words):
 - private 'sp' 'I' @12 
 - private 'fp' 'J' @16 
 - private 'pc' 'J' @24 
 - private 'entrySP' 'J' @32 
 - private 'entryFP' 'J' @40 
 - private 'entryPC' 'J' @48 
 - private 'refSP' 'I' @56 
 - private 'maxSize' 'I' @60 
 - private 'stackWatermark' 'I' @64 
 - private 'refStackWatermark' 'I' @68 
 - private 'cs' 'S' @72 
 - private 'numFrames' 'S' @74 
 - private 'numInterpretedFrames' 'S' @76 
 - private 'flags' 'B' @78 
 - private 'done' 'Z' @79 
 - private volatile 'mounted' 'Z' @80 
 - private 'reset' 'Z' @81 
 - private 'sizeCounter' 'B' @82 
 - private 'target' 'Ljava/lang/Runnable;' @84 
 - private final 'scope' 'Ljava/lang/ContinuationScope;' @88 
 - private 'parent' 'Ljava/lang/Continuation;' @92 
 - private 'child' 'Ljava/lang/Continuation;' @96 
 - private 'stack' '[I' @100 
 - private 'refStack' '[Ljava/lang/Object;' @104 
 - private 'yieldInfo' 'Ljava/lang/Object;' @108 
 - non-static oop maps: 84-108 
R10=0x00007fab65013b76 is at code_begin+22 in 
[CodeBlob (0x00007fab65013a90)]
Framesize: 5
Runtime Stub (0x00007fab65013a90): cont_doYield
R11=0x0000000000000006 is an unknown value
R12=0x0 is NULL
R13=0x00007fab332d74c8 is pointing into the stack for thread: 0x00007fab744ca000
R14=0x00007fab332d7548 is pointing into the stack for thread: 0x00007fab744ca000
R15=0x00007fab744ca000 is a thread


Registers:
RAX=0x00007fab7f054000, RBX=0x00007fab6147d870, RCX=0x000000000000004c, RDX=0x000000000008c076
RSP=0x00007fab332d4e10, RBP=0x00007fab332d7410, RSI=0x0000000000000000, RDI=0x000000000008c076
R8 =0x0000000000000000, R9 =0x000000010000a5b8, R10=0x00007fab65013b76, R11=0x0000000000000006
R12=0x0000000000000000, R13=0x00007fab332d74c8, R14=0x00007fab332d7548, R15=0x00007fab744ca000
RIP=0x00007fab7c7ab88f, EFLAGS=0x0000000000010202, CSGSFS=0x002b000000000033, ERR=0x0000000000000006
  TRAPNO=0x000000000000000e

Top of Stack: (sp=0x00007fab332d4e10)
0x00007fab332d4e10:   0000000000000000 0000000000000000
0x00007fab332d4e20:   0000000000000000 0000000000000000
0x00007fab332d4e30:   0000000000000000 0000000000000000
0x00007fab332d4e40:   0000000000000000 0000000000000000 

Instructions: (pc=0x00007fab7c7ab88f)
0x00007fab7c7ab78f:   48 8b 95 78 da ff ff 48 8d 85 90 da ff ff 48 89
0x00007fab7c7ab79f:   d6 48 89 c7 e8 d8 9b d0 ff 48 8b 95 78 da ff ff
0x00007fab7c7ab7af:   48 8d 85 10 db ff ff 48 89 d6 48 89 c7 e8 8f 39
0x00007fab7c7ab7bf:   8a 00 48 8b 85 58 da ff ff 48 89 c7 e8 5c f6 c9
0x00007fab7c7ab7cf:   ff 84 c0 74 66 48 8b 85 50 da ff ff 48 c7 40 08
0x00007fab7c7ab7df:   00 00 00 00 48 8b 85 50 da ff ff 48 c7 40 10 00
0x00007fab7c7ab7ef:   00 00 00 48 8b 85 50 da ff ff 48 c7 00 00 00 00
0x00007fab7c7ab7ff:   00 bf 01 00 00 00 e8 ef d2 00 00 83 f0 01 84 c0
0x00007fab7c7ab80f:   75 11 48 8d 3d a7 2d d2 00 b8 00 00 00 00 e8 f9
0x00007fab7c7ab81f:   d2 00 00 48 8b 85 58 da ff ff c6 80 9c 04 00 00
0x00007fab7c7ab82f:   00 bb 04 00 00 00 e9 8e 07 00 00 48 8b 85 58 da
0x00007fab7c7ab83f:   ff ff 48 89 c7 e8 cc b6 ff ff 48 89 85 80 da ff
0x00007fab7c7ab84f:   ff 48 83 bd 80 da ff ff 00 74 1b 48 8b 85 80 da
0x00007fab7c7ab85f:   ff ff be 00 00 00 00 48 89 c7 e8 b6 75 79 00 83
0x00007fab7c7ab86f:   f0 01 84 c0 74 07 b8 01 00 00 00 eb 05 b8 00 00
0x00007fab7c7ab87f:   00 00 84 c0 74 48 48 8d 05 f4 1a 93 01 48 8b 00
0x00007fab7c7ab88f:   c6 00 58 48 8b 85 80 da ff ff 48 89 c7 e8 05 0f
0x00007fab7c7ab89f:   a7 ff 49 89 c0 48 8d 0d 2f 2d d2 00 48 8d 15 46
0x00007fab7c7ab8af:   2d d2 00 be 53 0a 00 00 48 8d 3d 82 1b d2 00 b8
0x00007fab7c7ab8bf:   00 00 00 00 e8 2a 8a 04 00 e8 9f 22 7c 00 48 8b
0x00007fab7c7ab8cf:   b5 58 da ff ff 48 8d 85 50 db ff ff 41 b8 00 00
0x00007fab7c7ab8df:   00 00 b9 00 00 00 00 ba 00 00 00 00 48 89 c7 e8
0x00007fab7c7ab8ef:   b7 66 16 00 48 8d 85 50 db ff ff be 00 00 00 00
0x00007fab7c7ab8ff:   48 89 c7 e8 39 8c 00 00 48 8d 85 d0 da ff ff 48
0x00007fab7c7ab90f:   8b 95 58 da ff ff 48 89 d6 48 89 c7 e8 26 7c cb
0x00007fab7c7ab91f:   ff 48 8d 85 d0 da ff ff 48 89 c7 e8 90 e7 ff ff
0x00007fab7c7ab92f:   48 89 c2 48 8d 85 50 db ff ff 48 89 d6 48 89 c7
0x00007fab7c7ab93f:   e8 6a ee 16 00 0f b6 85 4c da ff ff 83 f0 01 84
0x00007fab7c7ab94f:   c0 0f 84 5f 01 00 00 48 8b 85 50 da ff ff 48 8b
0x00007fab7c7ab95f:   00 48 89 c7 e8 a5 99 00 00 48 89 85 70 da ff ff
0x00007fab7c7ab96f:   e8 c7 90 00 00 48 89 c3 48 8d 85 d0 da ff ff 48
0x00007fab7c7ab97f:   89 c7 e8 f8 0e a7 ff 48 89 c6 48 89 df e8 73 b4 


Stack slot to memory mapping:
stack at sp + 0 slots: 0x0 is NULL
stack at sp + 1 slots: 0x0 is NULL
stack at sp + 2 slots: 0x0 is NULL
stack at sp + 3 slots: 0x0 is NULL
stack at sp + 4 slots: 0x0 is NULL
stack at sp + 5 slots: 0x0 is NULL
stack at sp + 6 slots: 0x0 is NULL
stack at sp + 7 slots: 0x0 is NULL


---------------  P R O C E S S  ---------------

uid  : 1000 euid : 1000 gid  : 1000 egid : 1000

umask: 0022 (----w--w-)

Threads class SMR info:
_java_thread_list=0x00007fab201b7480, length=13, elements={
0x00007fab74270800, 0x00007fab74276800, 0x00007fab742bb000, 0x00007fab742bd800,
0x00007fab742c0000, 0x00007fab742cb000, 0x00007fab7431d000, 0x00007fab74574000,
0x00007fab40001000, 0x00007fab745d8000, 0x00007fab745fd800, 0x00007fab744ca000,
0x00007fab74021800
}
_java_thread_list_alloc_cnt=20, _java_thread_list_free_cnt=18, _java_thread_list_max=14, _nested_thread_list_max=0
_tlh_cnt=115, _tlh_times=34, avg_tlh_time=0,30, _tlh_time_max=12
_deleted_thread_cnt=3, _deleted_thread_times=0, avg_deleted_thread_time=0,00, _deleted_thread_time_max=0
_delete_lock_wait_cnt=0, _delete_lock_wait_max=0
_to_delete_list_cnt=0, _to_delete_list_max=1

Java Threads: ( => current thread )
  0x00007fab74270800 JavaThread "Reference Handler" daemon [_thread_blocked, id=3591, stack(0x00007fab61121000,0x00007fab61222000)]
  0x00007fab74276800 JavaThread "Finalizer" daemon [_thread_blocked, id=3592, stack(0x00007fab61020000,0x00007fab61121000)]
  0x00007fab742bb000 JavaThread "Signal Dispatcher" daemon [_thread_blocked, id=3597, stack(0x00007fab60550000,0x00007fab60651000)]
  0x00007fab742bd800 JavaThread "C2 CompilerThread0" daemon [_thread_blocked, id=3598, stack(0x00007fab6044f000,0x00007fab60550000)]
  0x00007fab742c0000 JavaThread "C1 CompilerThread0" daemon [_thread_in_native, id=3599, stack(0x00007fab6034e000,0x00007fab6044f000)]
  0x00007fab742cb000 JavaThread "Sweeper thread" daemon [_thread_blocked, id=3600, stack(0x00007fab6024d000,0x00007fab6034e000)]
  0x00007fab7431d000 JavaThread "Common-Cleaner" daemon [_thread_blocked, id=3602, stack(0x00007fab33ce3000,0x00007fab33de4000)]
  0x00007fab74574000 JavaThread "Service Thread" daemon [_thread_blocked, id=3607, stack(0x00007fab33ae1000,0x00007fab33be2000)]
  0x00007fab40001000 JavaThread "Attach Listener" daemon [_thread_blocked, id=3608, stack(0x00007fab339e0000,0x00007fab33ae1000)]
  0x00007fab745d8000 JavaThread "Monitor Ctrl-Break" daemon [_thread_in_native, id=3610, stack(0x00007fab337dd000,0x00007fab338de000)]
  0x00007fab745fd800 JavaThread "Thread-0" [_thread_blocked, id=3612, stack(0x00007fab334d9000,0x00007fab335da000)]
=>0x00007fab744ca000 JavaThread "Thread-1" [_thread_in_vm, id=3613, stack(0x00007fab331d8000,0x00007fab332d9000)]
  0x00007fab74021800 JavaThread "DestroyJavaVM" [_thread_blocked, id=3578, stack(0x00007fab7ef3e000,0x00007fab7f03f000)]

Other Threads:
  0x00007fab7424d000 VMThread "VM Thread" [stack: 0x00007fab61224000,0x00007fab61324000] [id=3588] _threads_hazard_ptr=0x00007fab201b7480, _nested_threads_hazard_ptr_cnt=0
  0x00007fab74576000 WatcherThread [stack: 0x00007fab338e0000,0x00007fab339e0000] [id=3609]
  0x00007fab7406d800 GCTaskThread "GC Thread#0" [stack: 0x00007fab7884f000,0x00007fab7894f000] [id=3580]
  0x00007fab74077800 ConcurrentGCThread "G1 Main Marker" [stack: 0x00007fab7874d000,0x00007fab7884d000] [id=3581]
  0x00007fab74079800 ConcurrentGCThread "G1 Conc#0" [stack: 0x00007fab7864b000,0x00007fab7874b000] [id=3582]
  0x00007fab740d9000 ConcurrentGCThread "G1 Refine#0" [stack: 0x00007fab78145000,0x00007fab78245000] [id=3583]
  0x00007fab740db000 ConcurrentGCThread "G1 Young RemSet Sampling" [stack: 0x00007fab78043000,0x00007fab78143000] [id=3584]

Threads with active compile tasks:
C2 CompilerThread0  
[error occurred during error reporting (printing all threads), id 0xe0000000, Internal Error (/home/dmitry/Downloads/LOOM/loom/src/hotspot/share/runtime/timer.cpp:112)]

VM state:synchronizing (normal execution)

VM Mutex/Monitor currently owned by a thread:  ([mutex/lock_event])
[0x00007fab7401b530] Threads_lock - owner thread: 0x00007fab7424d000

Heap address: 0x00000000b0000000, size: 1280 MB, Compressed Oops mode: 32-bit
Narrow klass base: 0x0000000000000000, Narrow klass shift: 3
Compressed class space size: 1073741824 Address: 0x0000000100000000

Heap:
 garbage-first heap   total 81920K, used 10240K [0x00000000b0000000, 0x0000000100000000)
  region size 1024K, 11 young (11264K), 0 survivors (0K)
 Metaspace       used 9110K, capacity 9336K, committed 9472K, reserved 1058816K
  class space    used 828K, capacity 909K, committed 1024K, reserved 1048576K
Heap Regions: E=young(eden), S=young(survivor), O=old, HS=humongous(starts), HC=humongous(continues), CS=collection set, F=free, A=archive, TAMS=top-at-mark-start (previous, next)
|   0|0x00000000b0000000, 0x00000000b0000000, 0x00000000b0100000|  0%| F|  |TAMS 0x00000000b0000000, 0x00000000b0000000| Untracked 
|   1|0x00000000b0100000, 0x00000000b0100000, 0x00000000b0200000|  0%| F|  |TAMS 0x00000000b0100000, 0x00000000b0100000| Untracked 
|   2|0x00000000b0200000, 0x00000000b0200000, 0x00000000b0300000|  0%| F|  |TAMS 0x00000000b0200000, 0x00000000b0200000| Untracked 
|   3|0x00000000b0300000, 0x00000000b0300000, 0x00000000b0400000|  0%| F|  |TAMS 0x00000000b0300000, 0x00000000b0300000| Untracked 
|   4|0x00000000b0400000, 0x00000000b0400000, 0x00000000b0500000|  0%| F|  |TAMS 0x00000000b0400000, 0x00000000b0400000| Untracked 
|   5|0x00000000b0500000, 0x00000000b0500000, 0x00000000b0600000|  0%| F|  |TAMS 0x00000000b0500000, 0x00000000b0500000| Untracked 
|   6|0x00000000b0600000, 0x00000000b0600000, 0x00000000b0700000|  0%| F|  |TAMS 0x00000000b0600000, 0x00000000b0600000| Untracked 
|   7|0x00000000b0700000, 0x00000000b0700000, 0x00000000b0800000|  0%| F|  |TAMS 0x00000000b0700000, 0x00000000b0700000| Untracked 
|   8|0x00000000b0800000, 0x00000000b0800000, 0x00000000b0900000|  0%| F|  |TAMS 0x00000000b0800000, 0x00000000b0800000| Untracked 
|   9|0x00000000b0900000, 0x00000000b0900000, 0x00000000b0a00000|  0%| F|  |TAMS 0x00000000b0900000, 0x00000000b0900000| Untracked 
|  10|0x00000000b0a00000, 0x00000000b0a00000, 0x00000000b0b00000|  0%| F|  |TAMS 0x00000000b0a00000, 0x00000000b0a00000| Untracked 
|  11|0x00000000b0b00000, 0x00000000b0b00000, 0x00000000b0c00000|  0%| F|  |TAMS 0x00000000b0b00000, 0x00000000b0b00000| Untracked 
|  12|0x00000000b0c00000, 0x00000000b0c00000, 0x00000000b0d00000|  0%| F|  |TAMS 0x00000000b0c00000, 0x00000000b0c00000| Untracked 
|  13|0x00000000b0d00000, 0x00000000b0d00000, 0x00000000b0e00000|  0%| F|  |TAMS 0x00000000b0d00000, 0x00000000b0d00000| Untracked 
|  14|0x00000000b0e00000, 0x00000000b0e00000, 0x00000000b0f00000|  0%| F|  |TAMS 0x00000000b0e00000, 0x00000000b0e00000| Untracked 
|  15|0x00000000b0f00000, 0x00000000b0f00000, 0x00000000b1000000|  0%| F|  |TAMS 0x00000000b0f00000, 0x00000000b0f00000| Untracked 
|  16|0x00000000b1000000, 0x00000000b1000000, 0x00000000b1100000|  0%| F|  |TAMS 0x00000000b1000000, 0x00000000b1000000| Untracked 
|  17|0x00000000b1100000, 0x00000000b1100000, 0x00000000b1200000|  0%| F|  |TAMS 0x00000000b1100000, 0x00000000b1100000| Untracked 
|  18|0x00000000b1200000, 0x00000000b1200000, 0x00000000b1300000|  0%| F|  |TAMS 0x00000000b1200000, 0x00000000b1200000| Untracked 
|  19|0x00000000b1300000, 0x00000000b1300000, 0x00000000b1400000|  0%| F|  |TAMS 0x00000000b1300000, 0x00000000b1300000| Untracked 
|  20|0x00000000b1400000, 0x00000000b1400000, 0x00000000b1500000|  0%| F|  |TAMS 0x00000000b1400000, 0x00000000b1400000| Untracked 
|  21|0x00000000b1500000, 0x00000000b1500000, 0x00000000b1600000|  0%| F|  |TAMS 0x00000000b1500000, 0x00000000b1500000| Untracked 
|  22|0x00000000b1600000, 0x00000000b1600000, 0x00000000b1700000|  0%| F|  |TAMS 0x00000000b1600000, 0x00000000b1600000| Untracked 
|  23|0x00000000b1700000, 0x00000000b1700000, 0x00000000b1800000|  0%| F|  |TAMS 0x00000000b1700000, 0x00000000b1700000| Untracked 
|  24|0x00000000b1800000, 0x00000000b1800000, 0x00000000b1900000|  0%| F|  |TAMS 0x00000000b1800000, 0x00000000b1800000| Untracked 
|  25|0x00000000b1900000, 0x00000000b1900000, 0x00000000b1a00000|  0%| F|  |TAMS 0x00000000b1900000, 0x00000000b1900000| Untracked 
|  26|0x00000000b1a00000, 0x00000000b1a00000, 0x00000000b1b00000|  0%| F|  |TAMS 0x00000000b1a00000, 0x00000000b1a00000| Untracked 
|  27|0x00000000b1b00000, 0x00000000b1b00000, 0x00000000b1c00000|  0%| F|  |TAMS 0x00000000b1b00000, 0x00000000b1b00000| Untracked 
|  28|0x00000000b1c00000, 0x00000000b1c00000, 0x00000000b1d00000|  0%| F|  |TAMS 0x00000000b1c00000, 0x00000000b1c00000| Untracked 
|  29|0x00000000b1d00000, 0x00000000b1d00000, 0x00000000b1e00000|  0%| F|  |TAMS 0x00000000b1d00000, 0x00000000b1d00000| Untracked 
|  30|0x00000000b1e00000, 0x00000000b1e00000, 0x00000000b1f00000|  0%| F|  |TAMS 0x00000000b1e00000, 0x00000000b1e00000| Untracked 
|  31|0x00000000b1f00000, 0x00000000b1f00000, 0x00000000b2000000|  0%| F|  |TAMS 0x00000000b1f00000, 0x00000000b1f00000| Untracked 
|  32|0x00000000b2000000, 0x00000000b2000000, 0x00000000b2100000|  0%| F|  |TAMS 0x00000000b2000000, 0x00000000b2000000| Untracked 
|  33|0x00000000b2100000, 0x00000000b2100000, 0x00000000b2200000|  0%| F|  |TAMS 0x00000000b2100000, 0x00000000b2100000| Untracked 
|  34|0x00000000b2200000, 0x00000000b2200000, 0x00000000b2300000|  0%| F|  |TAMS 0x00000000b2200000, 0x00000000b2200000| Untracked 
|  35|0x00000000b2300000, 0x00000000b2300000, 0x00000000b2400000|  0%| F|  |TAMS 0x00000000b2300000, 0x00000000b2300000| Untracked 
|  36|0x00000000b2400000, 0x00000000b2400000, 0x00000000b2500000|  0%| F|  |TAMS 0x00000000b2400000, 0x00000000b2400000| Untracked 
|  37|0x00000000b2500000, 0x00000000b2500000, 0x00000000b2600000|  0%| F|  |TAMS 0x00000000b2500000, 0x00000000b2500000| Untracked 
|  38|0x00000000b2600000, 0x00000000b2600000, 0x00000000b2700000|  0%| F|  |TAMS 0x00000000b2600000, 0x00000000b2600000| Untracked 
|  39|0x00000000b2700000, 0x00000000b2700000, 0x00000000b2800000|  0%| F|  |TAMS 0x00000000b2700000, 0x00000000b2700000| Untracked 
|  40|0x00000000b2800000, 0x00000000b2800000, 0x00000000b2900000|  0%| F|  |TAMS 0x00000000b2800000, 0x00000000b2800000| Untracked 
|  41|0x00000000b2900000, 0x00000000b2900000, 0x00000000b2a00000|  0%| F|  |TAMS 0x00000000b2900000, 0x00000000b2900000| Untracked 
|  42|0x00000000b2a00000, 0x00000000b2a00000, 0x00000000b2b00000|  0%| F|  |TAMS 0x00000000b2a00000, 0x00000000b2a00000| Untracked 
|  43|0x00000000b2b00000, 0x00000000b2b00000, 0x00000000b2c00000|  0%| F|  |TAMS 0x00000000b2b00000, 0x00000000b2b00000| Untracked 
|  44|0x00000000b2c00000, 0x00000000b2c00000, 0x00000000b2d00000|  0%| F|  |TAMS 0x00000000b2c00000, 0x00000000b2c00000| Untracked 
|  45|0x00000000b2d00000, 0x00000000b2d00000, 0x00000000b2e00000|  0%| F|  |TAMS 0x00000000b2d00000, 0x00000000b2d00000| Untracked 
|  46|0x00000000b2e00000, 0x00000000b2e00000, 0x00000000b2f00000|  0%| F|  |TAMS 0x00000000b2e00000, 0x00000000b2e00000| Untracked 
|  47|0x00000000b2f00000, 0x00000000b2f00000, 0x00000000b3000000|  0%| F|  |TAMS 0x00000000b2f00000, 0x00000000b2f00000| Untracked 
|  48|0x00000000b3000000, 0x00000000b3000000, 0x00000000b3100000|  0%| F|  |TAMS 0x00000000b3000000, 0x00000000b3000000| Untracked 
|  49|0x00000000b3100000, 0x00000000b3100000, 0x00000000b3200000|  0%| F|  |TAMS 0x00000000b3100000, 0x00000000b3100000| Untracked 
|  50|0x00000000b3200000, 0x00000000b3200000, 0x00000000b3300000|  0%| F|  |TAMS 0x00000000b3200000, 0x00000000b3200000| Untracked 
|  51|0x00000000b3300000, 0x00000000b3300000, 0x00000000b3400000|  0%| F|  |TAMS 0x00000000b3300000, 0x00000000b3300000| Untracked 
|  52|0x00000000b3400000, 0x00000000b3400000, 0x00000000b3500000|  0%| F|  |TAMS 0x00000000b3400000, 0x00000000b3400000| Untracked 
|  53|0x00000000b3500000, 0x00000000b3500000, 0x00000000b3600000|  0%| F|  |TAMS 0x00000000b3500000, 0x00000000b3500000| Untracked 
|  54|0x00000000b3600000, 0x00000000b3600000, 0x00000000b3700000|  0%| F|  |TAMS 0x00000000b3600000, 0x00000000b3600000| Untracked 
|  55|0x00000000b3700000, 0x00000000b3700000, 0x00000000b3800000|  0%| F|  |TAMS 0x00000000b3700000, 0x00000000b3700000| Untracked 
|  56|0x00000000b3800000, 0x00000000b3800000, 0x00000000b3900000|  0%| F|  |TAMS 0x00000000b3800000, 0x00000000b3800000| Untracked 
|  57|0x00000000b3900000, 0x00000000b3900000, 0x00000000b3a00000|  0%| F|  |TAMS 0x00000000b3900000, 0x00000000b3900000| Untracked 
|  58|0x00000000b3a00000, 0x00000000b3a00000, 0x00000000b3b00000|  0%| F|  |TAMS 0x00000000b3a00000, 0x00000000b3a00000| Untracked 
|  59|0x00000000b3b00000, 0x00000000b3b00000, 0x00000000b3c00000|  0%| F|  |TAMS 0x00000000b3b00000, 0x00000000b3b00000| Untracked 
|  60|0x00000000b3c00000, 0x00000000b3c00000, 0x00000000b3d00000|  0%| F|  |TAMS 0x00000000b3c00000, 0x00000000b3c00000| Untracked 
|  61|0x00000000b3d00000, 0x00000000b3d00000, 0x00000000b3e00000|  0%| F|  |TAMS 0x00000000b3d00000, 0x00000000b3d00000| Untracked 
|  62|0x00000000b3e00000, 0x00000000b3e00000, 0x00000000b3f00000|  0%| F|  |TAMS 0x00000000b3e00000, 0x00000000b3e00000| Untracked 
|  63|0x00000000b3f00000, 0x00000000b3f00000, 0x00000000b4000000|  0%| F|  |TAMS 0x00000000b3f00000, 0x00000000b3f00000| Untracked 
|  64|0x00000000b4000000, 0x00000000b4000000, 0x00000000b4100000|  0%| F|  |TAMS 0x00000000b4000000, 0x00000000b4000000| Untracked 
|  65|0x00000000b4100000, 0x00000000b4100000, 0x00000000b4200000|  0%| F|  |TAMS 0x00000000b4100000, 0x00000000b4100000| Untracked 
|  66|0x00000000b4200000, 0x00000000b4200000, 0x00000000b4300000|  0%| F|  |TAMS 0x00000000b4200000, 0x00000000b4200000| Untracked 
|  67|0x00000000b4300000, 0x00000000b4300000, 0x00000000b4400000|  0%| F|  |TAMS 0x00000000b4300000, 0x00000000b4300000| Untracked 
|  68|0x00000000b4400000, 0x00000000b4400000, 0x00000000b4500000|  0%| F|  |TAMS 0x00000000b4400000, 0x00000000b4400000| Untracked 
|  69|0x00000000b4500000, 0x00000000b4500800, 0x00000000b4600000|  0%| E|  |TAMS 0x00000000b4500000, 0x00000000b4500000| Complete 
|  70|0x00000000b4600000, 0x00000000b4700000, 0x00000000b4700000|100%| E|CS|TAMS 0x00000000b4600000, 0x00000000b4600000| Complete 
|  71|0x00000000b4700000, 0x00000000b4800000, 0x00000000b4800000|100%| E|CS|TAMS 0x00000000b4700000, 0x00000000b4700000| Complete 
|  72|0x00000000b4800000, 0x00000000b4900000, 0x00000000b4900000|100%| E|CS|TAMS 0x00000000b4800000, 0x00000000b4800000| Complete 
|  73|0x00000000b4900000, 0x00000000b4a00000, 0x00000000b4a00000|100%| E|CS|TAMS 0x00000000b4900000, 0x00000000b4900000| Complete 
|  74|0x00000000b4a00000, 0x00000000b4b00000, 0x00000000b4b00000|100%| E|CS|TAMS 0x00000000b4a00000, 0x00000000b4a00000| Complete 
|  75|0x00000000b4b00000, 0x00000000b4c00000, 0x00000000b4c00000|100%| E|CS|TAMS 0x00000000b4b00000, 0x00000000b4b00000| Complete 
|  76|0x00000000b4c00000, 0x00000000b4d00000, 0x00000000b4d00000|100%| E|CS|TAMS 0x00000000b4c00000, 0x00000000b4c00000| Complete 
|  77|0x00000000b4d00000, 0x00000000b4e00000, 0x00000000b4e00000|100%| E|CS|TAMS 0x00000000b4d00000, 0x00000000b4d00000| Complete 
|  78|0x00000000b4e00000, 0x00000000b4f00000, 0x00000000b4f00000|100%| E|CS|TAMS 0x00000000b4e00000, 0x00000000b4e00000| Complete 
|  79|0x00000000b4f00000, 0x00000000b5000000, 0x00000000b5000000|100%| E|CS|TAMS 0x00000000b4f00000, 0x00000000b4f00000| Complete 

Card table byte_map: [0x00007fab79fcf000,0x00007fab7a24f000] _byte_map_base: 0x00007fab79a4f000

Marking Bits (Prev, Next): (CMBitMap*) 0x00007fab7406ef20, (CMBitMap*) 0x00007fab7406ef60
 Prev Bits: [0x00007fab7894f000, 0x00007fab79d4f000)
 Next Bits: [0x00007fab63c00000, 0x00007fab65000000)

Polling page: 0x00007fab7f052000

Metaspace:

Usage:
  Non-class:      8,23 MB capacity,     8,09 MB ( 98%) used,   128,69 KB (  2%) free+waste,    17,06 KB ( <1%) overhead. 
      Class:    909,00 KB capacity,   828,88 KB ( 91%) used,    70,94 KB (  8%) free+waste,     9,19 KB (  1%) overhead. 
       Both:      9,12 MB capacity,     8,90 MB ( 98%) used,   199,62 KB (  2%) free+waste,    26,25 KB ( <1%) overhead. 

Virtual space:
  Non-class space:       10,00 MB reserved,       8,25 MB ( 82%) committed 
      Class space:        1,00 GB reserved,       1,00 MB ( <1%) committed 
             Both:        1,01 GB reserved,       9,25 MB ( <1%) committed 

Chunk freelists:
   Non-Class:  0 bytes
       Class:  0 bytes
        Both:  0 bytes

MaxMetaspaceSize: unlimited
CompressedClassSpaceSize: 1,00 GB

CodeHeap 'non-profiled nmethods': size=120032Kb used=257Kb max_used=257Kb free=119775Kb
 bounds [0x00007fab6cac8000, 0x00007fab6cd38000, 0x00007fab74000000]
CodeHeap 'profiled nmethods': size=120032Kb used=573Kb max_used=573Kb free=119458Kb
 bounds [0x00007fab65590000, 0x00007fab65800000, 0x00007fab6cac8000]
CodeHeap 'non-nmethods': size=5696Kb used=2067Kb max_used=2081Kb free=3628Kb
 bounds [0x00007fab65000000, 0x00007fab65270000, 0x00007fab65590000]
 total_blobs=1429 nmethods=332 adapters=861
 compilation: enabled
              stopped_count=0, restarted_count=0
 full_count=0

Compilation events (10 events):
Event: 11,272 Thread 0x00007fab38380800 nmethod 591 0x00007fab6cb02910 code [0x00007fab6cb02b00, 0x00007fab6cb03318]
Event: 11,273 Thread 0x00007fab38380800  612       4       java.lang.String::indexOf (29 bytes)
Event: 11,366 Thread 0x00007fab742bd800 nmethod 576 0x00007fab6cb03f10 code [0x00007fab6cb04100, 0x00007fab6cb04838]
Event: 11,367 Thread 0x00007fab742bd800  611       4       java.lang.Math::min (11 bytes)
Event: 11,409 Thread 0x00007fab742bd800 nmethod 611 0x00007fab6cb05190 code [0x00007fab6cb05320, 0x00007fab6cb05378]
Event: 11,594 Thread 0x00007fab742bd800  630       4       jdk.internal.org.objectweb.asm.SymbolTable::hash (10 bytes)
Event: 12,115 Thread 0x00007fab38380800 nmethod 612 0x00007fab6cb06e90 code [0x00007fab6cb07020, 0x00007fab6cb07278]
Event: 12,116 Thread 0x00007fab38380800  631       4       java.lang.invoke.MethodType::parameterType (7 bytes)
Event: 12,191 Thread 0x00007fab38380800 nmethod 631 0x00007fab6cb07790 code [0x00007fab6cb07940, 0x00007fab6cb07a78]
Event: 12,404 Thread 0x00007fab742bd800 nmethod 630 0x00007fab6cb07b90 code [0x00007fab6cb07d20, 0x00007fab6cb07f78]

GC Heap History (0 events):
No events

Deoptimization events (3 events):
Event: 5,925 Thread 0x00007fab74021800 Uncommon trap: reason=unstable_if action=reinterpret pc=0x00007fab6cae0c4c method=java.util.HashMap.putVal(ILjava/lang/Object;Ljava/lang/Object;ZZ)Ljava/lang/Object; @ 236 c2
Event: 6,430 Thread 0x00007fab40001000 Uncommon trap: reason=class_check action=maybe_recompile pc=0x00007fab6cadc228 method=java.io.BufferedInputStream.read([BII)I @ 101 c2
Event: 7,857 Thread 0x00007fab74021800 Uncommon trap: reason=unstable_if action=reinterpret pc=0x00007fab6caef894 method=java.util.HashMap.putVal(ILjava/lang/Object;Ljava/lang/Object;ZZ)Ljava/lang/Object; @ 193 c2

Classes unloaded (0 events):
No events

Classes redefined (0 events):
No events

Internal exceptions (10 events):
Event: 8,137 Thread 0x00007fab74021800 Exception <a 'java/lang/NoSuchMethodError'{0x00000000b47c3908}: 'java.lang.Object java.lang.invoke.Invokers$Holder.invokeExact_MT(java.lang.Object, java.lang.Object, java.lang.Object, java.lang.Object, java.lang.Object, java.lang.Object, java.lang.Object)'> (0x00000000b47c3908) 
thrown [/home/dmitry/Downloads/LOOM/loom/src/hotspot/share/interpreter/linkResolver.cpp, line 768]
for thread 0x00007fab74021800
Event: 8,509 Thread 0x00007fab74021800 Exception <a 'java/lang/NoSuchMethodError'{0x00000000b47c7530}: 'long java.lang.invoke.DirectMethodHandle$Holder.invokeStatic(java.lang.Object)'> (0x00000000b47c7530) 
thrown [/home/dmitry/Downloads/LOOM/loom/src/hotspot/share/interpreter/linkResolver.cpp, line 768]
for thread 0x00007fab74021800
Event: 8,560 Thread 0x00007fab74021800 Exception <a 'java/lang/NoSuchMethodError'{0x00000000b47ccd70}: 'long java.lang.invoke.Invokers$Holder.invoke_MT(java.lang.Object, java.lang.Object)'> (0x00000000b47ccd70) 
thrown [/home/dmitry/Downloads/LOOM/loom/src/hotspot/share/interpreter/linkResolver.cpp, line 768]
for thread 0x00007fab74021800
Event: 8,634 Thread 0x00007fab74021800 Exception <a 'java/lang/NoSuchMethodError'{0x00000000b47d2f70}: 'java.lang.Object java.lang.invoke.DirectMethodHandle$Holder.invokeStatic(java.lang.Object, long)'> (0x00000000b47d2f70) 
thrown [/home/dmitry/Downloads/LOOM/loom/src/hotspot/share/interpreter/linkResolver.cpp, line 768]
for thread 0x00007fab74021800
Event: 9,867 Thread 0x00007fab74021800 Exception <a 'java/lang/NoSuchMethodError'{0x00000000b46275e0}: 'java.lang.Object java.lang.invoke.DirectMethodHandle$Holder.invokeStatic(java.lang.Object, java.lang.Object, java.lang.Object, java.lang.Object, java.lang.Object)'> (0x00000000b46275e0) 
thrown [/home/dmitry/Downloads/LOOM/loom/src/hotspot/share/interpreter/linkResolver.cpp, line 768]
for thread 0x00007fab74021800
Event: 10,775 Thread 0x00007fab74021800 Exception <a 'java/lang/NoSuchMethodError'{0x00000000b4668968}: 'java.lang.Object java.lang.invoke.DirectMethodHandle$Holder.invokeSpecial(java.lang.Object, java.lang.Object, long)'> (0x00000000b4668968) 
thrown [/home/dmitry/Downloads/LOOM/loom/src/hotspot/share/interpreter/linkResolver.cpp, line 768]
for thread 0x00007fab74021800
Event: 10,837 Thread 0x00007fab74021800 Exception <a 'java/lang/NoSuchMethodError'{0x00000000b466f590}: 'long java.lang.invoke.DirectMethodHandle$Holder.invokeStatic(java.lang.Object, long, long)'> (0x00000000b466f590) 
thrown [/home/dmitry/Downloads/LOOM/loom/src/hotspot/share/interpreter/linkResolver.cpp, line 768]
for thread 0x00007fab74021800
Event: 10,930 Thread 0x00007fab74021800 Exception <a 'java/lang/NoSuchMethodError'{0x00000000b4681cf0}: 'java.lang.Object java.lang.invoke.DirectMethodHandle$Holder.invokeStatic(java.lang.Object, java.lang.Object, java.lang.Object, java.lang.Object, java.lang.Object, java.lang.Object, java.lang.Object, java.lang.Object)'> (0x00000000b4681cf0) 
thrown [/home/dmitry/Downloads/LOOM/loom/src/hotspot/share/interpreter/linkResolver.cpp, line 768]
for thread 0x00007fab74021800
Event: 11,219 Thread 0x00007fab74021800 Exception <a 'java/lang/NoSuchMethodError'{0x00000000b469cf20}: 'java.lang.Object java.lang.invoke.DirectMethodHandle$Holder.invokeStatic(java.lang.Object, java.lang.Object, java.lang.Object, java.lang.Object, java.lang.Object, java.lang.Object, java.lang.Object, java.lang.Object, java.lang.Object)'> (0x00000000b469cf20) 
thrown [/home/dmitry/Downloads/LOOM/loom/src/hotspot/share/interpreter/linkResolver.cpp, line 768]
for thread 0x00007fab74021800
Event: 11,548 Thread 0x00007fab74021800 Exception <a 'java/lang/NoSuchMethodError'{0x00000000b46bca80}: 'long java.lang.invoke.DirectMethodHandle$Holder.getLong(java.lang.Object, java.lang.Object)'> (0x00000000b46bca80) 
thrown [/home/dmitry/Downloads/LOOM/loom/src/hotspot/share/interpreter/linkResolver.cpp, line 768]
for thread 0x00007fab74021800

Events (10 events):
Event: 11,658 loading class java/lang/invoke/BoundMethodHandle$Species_LLLLLLJL done
Event: 12,067 Thread 0x00007fab744ca000 Thread added: 0x00007fab744ca000
Event: 12,072 loading class jdk/internal/util/ArraysSupport
Event: 12,081 loading class jdk/internal/util/ArraysSupport done
Event: 12,104 loading class java/util/IdentityHashMap$KeyIterator
Event: 12,122 loading class java/util/IdentityHashMap$IdentityHashMapIterator
Event: 12,128 loading class java/util/IdentityHashMap$IdentityHashMapIterator done
Event: 12,148 loading class java/util/IdentityHashMap$KeyIterator done
Event: 12,179 Thread 0x00007fab74021800 Thread exited: 0x00007fab74021800
Event: 12,180 Thread 0x00007fab74021800 Thread added: 0x00007fab74021800


Dynamic libraries:
b0000000-b5000000 rw-p 00000000 00:00 0 
b5000000-100000000 ---p 00000000 00:00 0 
100000000-100100000 rw-p 00000000 00:00 0 
100100000-140000000 ---p 00000000 00:00 0 
55ec574e9000-55ec574eb000 r-xp 00000000 08:01 2250923                    /home/dmitry/Downloads/LOOM/loom/build/linux-x86_64-server-slowdebug/jdk/bin/java
55ec576ea000-55ec576eb000 r--p 00001000 08:01 2250923                    /home/dmitry/Downloads/LOOM/loom/build/linux-x86_64-server-slowdebug/jdk/bin/java
55ec576eb000-55ec576ec000 rw-p 00002000 08:01 2250923                    /home/dmitry/Downloads/LOOM/loom/build/linux-x86_64-server-slowdebug/jdk/bin/java
55ec58c01000-55ec58c22000 rw-p 00000000 00:00 0                          [heap]
7fab08000000-7fab08021000 rw-p 00000000 00:00 0 
7fab08021000-7fab0c000000 ---p 00000000 00:00 0 
7fab10000000-7fab1003f000 rw-p 00000000 00:00 0 
7fab1003f000-7fab14000000 ---p 00000000 00:00 0 
7fab14000000-7fab14021000 rw-p 00000000 00:00 0 
7fab14021000-7fab18000000 ---p 00000000 00:00 0 
7fab18000000-7fab180a8000 rw-p 00000000 00:00 0 
7fab180a8000-7fab1c000000 ---p 00000000 00:00 0 
7fab1c000000-7fab1c021000 rw-p 00000000 00:00 0 
7fab1c021000-7fab20000000 ---p 00000000 00:00 0 
7fab20000000-7fab20231000 rw-p 00000000 00:00 0 
7fab20231000-7fab24000000 ---p 00000000 00:00 0 
7fab24000000-7fab24021000 rw-p 00000000 00:00 0 
7fab24021000-7fab28000000 ---p 00000000 00:00 0 
7fab28000000-7fab28021000 rw-p 00000000 00:00 0 
7fab28021000-7fab2c000000 ---p 00000000 00:00 0 
7fab2c000000-7fab2c021000 rw-p 00000000 00:00 0 
7fab2c021000-7fab30000000 ---p 00000000 00:00 0 
7fab322a2000-7fab331d8000 rw-p 00000000 00:00 0 
7fab331d8000-7fab331dc000 ---p 00000000 00:00 0 
7fab331dc000-7fab33319000 rw-p 00000000 00:00 0 
7fab33319000-7fab334d9000 ---p 00000000 00:00 0 
7fab334d9000-7fab334dd000 ---p 00000000 00:00 0 
7fab334dd000-7fab335da000 rw-p 00000000 00:00 0 
7fab335da000-7fab335dc000 r-xp 00000000 08:01 1990368                    /home/dmitry/Downloads/LOOM/loom/build/linux-x86_64-server-slowdebug/jdk/lib/libextnet.so
7fab335dc000-7fab337db000 ---p 00002000 08:01 1990368                    /home/dmitry/Downloads/LOOM/loom/build/linux-x86_64-server-slowdebug/jdk/lib/libextnet.so
7fab337db000-7fab337dc000 r--p 00001000 08:01 1990368                    /home/dmitry/Downloads/LOOM/loom/build/linux-x86_64-server-slowdebug/jdk/lib/libextnet.so
7fab337dc000-7fab337dd000 rw-p 00002000 08:01 1990368                    /home/dmitry/Downloads/LOOM/loom/build/linux-x86_64-server-slowdebug/jdk/lib/libextnet.so
7fab337dd000-7fab337e1000 ---p 00000000 00:00 0 
7fab337e1000-7fab338de000 rw-p 00000000 00:00 0 
7fab338de000-7fab338df000 ---p 00000000 00:00 0 
7fab338df000-7fab339e0000 rw-p 00000000 00:00 0 
7fab339e0000-7fab339e4000 ---p 00000000 00:00 0 
7fab339e4000-7fab33ae1000 rw-p 00000000 00:00 0 
7fab33ae1000-7fab33ae5000 ---p 00000000 00:00 0 
7fab33ae5000-7fab33be2000 rw-p 00000000 00:00 0 
7fab33be2000-7fab33be6000 ---p 00000000 00:00 0 
7fab33be6000-7fab33ce3000 rw-p 00000000 00:00 0 
7fab33ce3000-7fab33ce7000 ---p 00000000 00:00 0 
7fab33ce7000-7fab33de4000 rw-p 00000000 00:00 0 
7fab33de4000-7fab33dff000 r-xp 00000000 08:01 1990332                    /home/dmitry/Downloads/LOOM/loom/build/linux-x86_64-server-slowdebug/jdk/lib/libnet.so
7fab33dff000-7fab33ffe000 ---p 0001b000 08:01 1990332                    /home/dmitry/Downloads/LOOM/loom/build/linux-x86_64-server-slowdebug/jdk/lib/libnet.so
7fab33ffe000-7fab33fff000 r--p 0001a000 08:01 1990332                    /home/dmitry/Downloads/LOOM/loom/build/linux-x86_64-server-slowdebug/jdk/lib/libnet.so
7fab33fff000-7fab34000000 rw-p 0001b000 08:01 1990332                    /home/dmitry/Downloads/LOOM/loom/build/linux-x86_64-server-slowdebug/jdk/lib/libnet.so
7fab34000000-7fab344e8000 rw-p 00000000 00:00 0 
7fab344e8000-7fab38000000 ---p 00000000 00:00 0 
7fab38000000-7fab3839d000 rw-p 00000000 00:00 0 
7fab3839d000-7fab3c000000 ---p 00000000 00:00 0 
7fab3c000000-7fab3c021000 rw-p 00000000 00:00 0 
7fab3c021000-7fab40000000 ---p 00000000 00:00 0 
7fab40000000-7fab40021000 rw-p 00000000 00:00 0 
7fab40021000-7fab44000000 ---p 00000000 00:00 0 
7fab44000000-7fab44021000 rw-p 00000000 00:00 0 
7fab44021000-7fab48000000 ---p 00000000 00:00 0 
7fab48000000-7fab48021000 rw-p 00000000 00:00 0 
7fab48021000-7fab4c000000 ---p 00000000 00:00 0 
7fab4c000000-7fab4c021000 rw-p 00000000 00:00 0 
7fab4c021000-7fab50000000 ---p 00000000 00:00 0 
7fab50000000-7fab50021000 rw-p 00000000 00:00 0 
7fab50021000-7fab54000000 ---p 00000000 00:00 0 
7fab54000000-7fab54021000 rw-p 00000000 00:00 0 
7fab54021000-7fab58000000 ---p 00000000 00:00 0 
7fab58000000-7fab58021000 rw-p 00000000 00:00 0 
7fab58021000-7fab5c000000 ---p 00000000 00:00 0 
7fab5c000000-7fab5c021000 rw-p 00000000 00:00 0 
7fab5c021000-7fab60000000 ---p 00000000 00:00 0 
7fab6003a000-7fab6004c000 r-xp 00000000 08:01 1990336                    /home/dmitry/Downloads/LOOM/loom/build/linux-x86_64-server-slowdebug/jdk/lib/libnio.so
7fab6004c000-7fab6024b000 ---p 00012000 08:01 1990336                    /home/dmitry/Downloads/LOOM/loom/build/linux-x86_64-server-slowdebug/jdk/lib/libnio.so
7fab6024b000-7fab6024c000 r--p 00011000 08:01 1990336                    /home/dmitry/Downloads/LOOM/loom/build/linux-x86_64-server-slowdebug/jdk/lib/libnio.so
7fab6024c000-7fab6024d000 rw-p 00012000 08:01 1990336                    /home/dmitry/Downloads/LOOM/loom/build/linux-x86_64-server-slowdebug/jdk/lib/libnio.so
7fab6024d000-7fab60251000 ---p 00000000 00:00 0 
7fab60251000-7fab6034e000 rw-p 00000000 00:00 0 
7fab6034e000-7fab60352000 ---p 00000000 00:00 0 
7fab60352000-7fab6044f000 rw-p 00000000 00:00 0 
7fab6044f000-7fab60453000 ---p 00000000 00:00 0 
7fab60453000-7fab60550000 rw-p 00000000 00:00 0 
7fab60550000-7fab60554000 ---p 00000000 00:00 0 
7fab60554000-7fab60651000 rw-p 00000000 00:00 0 
7fab60651000-7fab61020000 r--p 00000000 08:01 10230401                   /usr/lib/locale/locale-archive
7fab61020000-7fab61024000 ---p 00000000 00:00 0 
7fab61024000-7fab61121000 rw-p 00000000 00:00 0 
7fab61121000-7fab61125000 ---p 00000000 00:00 0 
7fab61125000-7fab61222000 rw-p 00000000 00:00 0 
7fab61222000-7fab61223000 ---p 00000000 00:00 0 
7fab61223000-7fab63d40000 rw-p 00000000 00:00 0 
7fab63d40000-7fab65000000 ---p 00000000 00:00 0 
7fab65000000-7fab65270000 rwxp 00000000 00:00 0 
7fab65270000-7fab65590000 ---p 00000000 00:00 0 
7fab65590000-7fab65800000 rwxp 00000000 00:00 0 
7fab65800000-7fab6cac8000 ---p 00000000 00:00 0 
7fab6cac8000-7fab6cd38000 rwxp 00000000 00:00 0 
7fab6cd38000-7fab74000000 ---p 00000000 00:00 0 
7fab74000000-7fab7464a000 rw-p 00000000 00:00 0 
7fab7464a000-7fab78000000 ---p 00000000 00:00 0 
7fab78010000-7fab78041000 rw-p 00000000 00:00 0 
7fab78041000-7fab78042000 ---p 00000000 00:00 0 
7fab78042000-7fab78143000 rw-p 00000000 00:00 0 
7fab78143000-7fab78144000 ---p 00000000 00:00 0 
7fab78144000-7fab78649000 rw-p 00000000 00:00 0 
7fab78649000-7fab7864a000 ---p 00000000 00:00 0 
7fab7864a000-7fab7874b000 rw-p 00000000 00:00 0 
7fab7874b000-7fab7874c000 ---p 00000000 00:00 0 
7fab7874c000-7fab7884d000 rw-p 00000000 00:00 0 
7fab7884d000-7fab7884e000 ---p 00000000 00:00 0 
7fab7884e000-7fab78a8f000 rw-p 00000000 00:00 0 
7fab78a8f000-7fab79d4f000 ---p 00000000 00:00 0 
7fab79d4f000-7fab79d77000 rw-p 00000000 00:00 0 
7fab79d77000-7fab79fcf000 ---p 00000000 00:00 0 
7fab79fcf000-7fab79ff7000 rw-p 00000000 00:00 0 
7fab79ff7000-7fab7a24f000 ---p 00000000 00:00 0 
7fab7a24f000-7fab7a277000 rw-p 00000000 00:00 0 
7fab7a277000-7fab7a4cf000 ---p 00000000 00:00 0 
7fab7a4cf000-7fab7a8d8000 rw-p 00000000 00:00 0 
7fab7a8d8000-7fab7a9be000 ---p 00000000 00:00 0 
7fab7a9be000-7fab7a9c3000 rw-p 00000000 00:00 0 
7fab7a9c3000-7fab7aaa9000 ---p 00000000 00:00 0 
7fab7aaa9000-7fab7aac9000 r-xp 00000000 08:01 1990329                    /home/dmitry/Downloads/LOOM/loom/build/linux-x86_64-server-slowdebug/jdk/lib/libjimage.so
7fab7aac9000-7fab7acc8000 ---p 00020000 08:01 1990329                    /home/dmitry/Downloads/LOOM/loom/build/linux-x86_64-server-slowdebug/jdk/lib/libjimage.so
7fab7acc8000-7fab7acca000 r--p 0001f000 08:01 1990329                    /home/dmitry/Downloads/LOOM/loom/build/linux-x86_64-server-slowdebug/jdk/lib/libjimage.so
7fab7acca000-7fab7accb000 rw-p 00021000 08:01 1990329                    /home/dmitry/Downloads/LOOM/loom/build/linux-x86_64-server-slowdebug/jdk/lib/libjimage.so
7fab7accb000-7fab7acd4000 r-xp 00000000 08:01 1990326                    /home/dmitry/Downloads/LOOM/loom/build/linux-x86_64-server-slowdebug/jdk/lib/libzip.so
7fab7acd4000-7fab7aed3000 ---p 00009000 08:01 1990326                    /home/dmitry/Downloads/LOOM/loom/build/linux-x86_64-server-slowdebug/jdk/lib/libzip.so
7fab7aed3000-7fab7aed4000 r--p 00008000 08:01 1990326                    /home/dmitry/Downloads/LOOM/loom/build/linux-x86_64-server-slowdebug/jdk/lib/libzip.so
7fab7aed4000-7fab7aed5000 rw-p 00009000 08:01 1990326                    /home/dmitry/Downloads/LOOM/loom/build/linux-x86_64-server-slowdebug/jdk/lib/libzip.so
7fab7aed5000-7fab7aee0000 r-xp 00000000 08:01 1184572                    /lib/x86_64-linux-gnu/libnss_files-2.27.so
7fab7aee0000-7fab7b0df000 ---p 0000b000 08:01 1184572                    /lib/x86_64-linux-gnu/libnss_files-2.27.so
7fab7b0df000-7fab7b0e0000 r--p 0000a000 08:01 1184572                    /lib/x86_64-linux-gnu/libnss_files-2.27.so
7fab7b0e0000-7fab7b0e1000 rw-p 0000b000 08:01 1184572                    /lib/x86_64-linux-gnu/libnss_files-2.27.so
7fab7b0e1000-7fab7b0e7000 rw-p 00000000 00:00 0 
7fab7b0e7000-7fab7b0fe000 r-xp 00000000 08:01 1184566                    /lib/x86_64-linux-gnu/libnsl-2.27.so
7fab7b0fe000-7fab7b2fd000 ---p 00017000 08:01 1184566                    /lib/x86_64-linux-gnu/libnsl-2.27.so
7fab7b2fd000-7fab7b2fe000 r--p 00016000 08:01 1184566                    /lib/x86_64-linux-gnu/libnsl-2.27.so
7fab7b2fe000-7fab7b2ff000 rw-p 00017000 08:01 1184566                    /lib/x86_64-linux-gnu/libnsl-2.27.so
7fab7b2ff000-7fab7b301000 rw-p 00000000 00:00 0 
7fab7b301000-7fab7b30c000 r-xp 00000000 08:01 1184583                    /lib/x86_64-linux-gnu/libnss_nis-2.27.so
7fab7b30c000-7fab7b50b000 ---p 0000b000 08:01 1184583                    /lib/x86_64-linux-gnu/libnss_nis-2.27.so
7fab7b50b000-7fab7b50c000 r--p 0000a000 08:01 1184583                    /lib/x86_64-linux-gnu/libnss_nis-2.27.so
7fab7b50c000-7fab7b50d000 rw-p 0000b000 08:01 1184583                    /lib/x86_64-linux-gnu/libnss_nis-2.27.so
7fab7b50d000-7fab7b515000 r-xp 00000000 08:01 1184568                    /lib/x86_64-linux-gnu/libnss_compat-2.27.so
7fab7b515000-7fab7b715000 ---p 00008000 08:01 1184568                    /lib/x86_64-linux-gnu/libnss_compat-2.27.so
7fab7b715000-7fab7b716000 r--p 00008000 08:01 1184568                    /lib/x86_64-linux-gnu/libnss_compat-2.27.so
7fab7b716000-7fab7b717000 rw-p 00009000 08:01 1184568                    /lib/x86_64-linux-gnu/libnss_compat-2.27.so
7fab7b717000-7fab7b747000 r-xp 00000000 08:01 1990320                    /home/dmitry/Downloads/LOOM/loom/build/linux-x86_64-server-slowdebug/jdk/lib/libjava.so
7fab7b747000-7fab7b946000 ---p 00030000 08:01 1990320                    /home/dmitry/Downloads/LOOM/loom/build/linux-x86_64-server-slowdebug/jdk/lib/libjava.so
7fab7b946000-7fab7b947000 r--p 0002f000 08:01 1990320                    /home/dmitry/Downloads/LOOM/loom/build/linux-x86_64-server-slowdebug/jdk/lib/libjava.so
7fab7b947000-7fab7b949000 rw-p 00030000 08:01 1990320                    /home/dmitry/Downloads/LOOM/loom/build/linux-x86_64-server-slowdebug/jdk/lib/libjava.so
7fab7b949000-7fab7b95b000 r-xp 00000000 08:01 1990310                    /home/dmitry/Downloads/LOOM/loom/build/linux-x86_64-server-slowdebug/jdk/lib/libverify.so
7fab7b95b000-7fab7bb5b000 ---p 00012000 08:01 1990310                    /home/dmitry/Downloads/LOOM/loom/build/linux-x86_64-server-slowdebug/jdk/lib/libverify.so
7fab7bb5b000-7fab7bb5d000 r--p 00012000 08:01 1990310                    /home/dmitry/Downloads/LOOM/loom/build/linux-x86_64-server-slowdebug/jdk/lib/libverify.so
7fab7bb5d000-7fab7bb5e000 rw-p 00014000 08:01 1990310                    /home/dmitry/Downloads/LOOM/loom/build/linux-x86_64-server-slowdebug/jdk/lib/libverify.so
7fab7bb5e000-7fab7bcfb000 r-xp 00000000 08:01 1184545                    /lib/x86_64-linux-gnu/libm-2.27.so
7fab7bcfb000-7fab7befa000 ---p 0019d000 08:01 1184545                    /lib/x86_64-linux-gnu/libm-2.27.so
7fab7befa000-7fab7befb000 r--p 0019c000 08:01 1184545                    /lib/x86_64-linux-gnu/libm-2.27.so
7fab7befb000-7fab7befc000 rw-p 0019d000 08:01 1184545                    /lib/x86_64-linux-gnu/libm-2.27.so
7fab7befc000-7fab7dddd000 r-xp 00000000 08:01 2135096                    /home/dmitry/Downloads/LOOM/loom/build/linux-x86_64-server-slowdebug/jdk/lib/server/libjvm.so
7fab7dddd000-7fab7dfdd000 ---p 01ee1000 08:01 2135096                    /home/dmitry/Downloads/LOOM/loom/build/linux-x86_64-server-slowdebug/jdk/lib/server/libjvm.so
7fab7dfdd000-7fab7e0d8000 r--p 01ee1000 08:01 2135096                    /home/dmitry/Downloads/LOOM/loom/build/linux-x86_64-server-slowdebug/jdk/lib/server/libjvm.so
7fab7e0d8000-7fab7e118000 rw-p 01fdc000 08:01 2135096                    /home/dmitry/Downloads/LOOM/loom/build/linux-x86_64-server-slowdebug/jdk/lib/server/libjvm.so
7fab7e118000-7fab7e1eb000 rw-p 00000000 00:00 0 
7fab7e1eb000-7fab7e205000 r-xp 00000000 08:01 1184615                    /lib/x86_64-linux-gnu/libpthread-2.27.so
7fab7e205000-7fab7e404000 ---p 0001a000 08:01 1184615                    /lib/x86_64-linux-gnu/libpthread-2.27.so
7fab7e404000-7fab7e405000 r--p 00019000 08:01 1184615                    /lib/x86_64-linux-gnu/libpthread-2.27.so
7fab7e405000-7fab7e406000 rw-p 0001a000 08:01 1184615                    /lib/x86_64-linux-gnu/libpthread-2.27.so
7fab7e406000-7fab7e40a000 rw-p 00000000 00:00 0 
7fab7e40a000-7fab7e40d000 r-xp 00000000 08:01 1184505                    /lib/x86_64-linux-gnu/libdl-2.27.so
7fab7e40d000-7fab7e60c000 ---p 00003000 08:01 1184505                    /lib/x86_64-linux-gnu/libdl-2.27.so
7fab7e60c000-7fab7e60d000 r--p 00002000 08:01 1184505                    /lib/x86_64-linux-gnu/libdl-2.27.so
7fab7e60d000-7fab7e60e000 rw-p 00003000 08:01 1184505                    /lib/x86_64-linux-gnu/libdl-2.27.so
7fab7e60e000-7fab7e62a000 r-xp 00000000 08:01 1184654                    /lib/x86_64-linux-gnu/libz.so.1.2.11
7fab7e62a000-7fab7e829000 ---p 0001c000 08:01 1184654                    /lib/x86_64-linux-gnu/libz.so.1.2.11
7fab7e829000-7fab7e82a000 r--p 0001b000 08:01 1184654                    /lib/x86_64-linux-gnu/libz.so.1.2.11
7fab7e82a000-7fab7e82b000 rw-p 0001c000 08:01 1184654                    /lib/x86_64-linux-gnu/libz.so.1.2.11
7fab7e82b000-7fab7ea12000 r-xp 00000000 08:01 1184482                    /lib/x86_64-linux-gnu/libc-2.27.so
7fab7ea12000-7fab7ec12000 ---p 001e7000 08:01 1184482                    /lib/x86_64-linux-gnu/libc-2.27.so
7fab7ec12000-7fab7ec16000 r--p 001e7000 08:01 1184482                    /lib/x86_64-linux-gnu/libc-2.27.so
7fab7ec16000-7fab7ec18000 rw-p 001eb000 08:01 1184482                    /lib/x86_64-linux-gnu/libc-2.27.so
7fab7ec18000-7fab7ec1c000 rw-p 00000000 00:00 0 
7fab7ec1c000-7fab7ec2f000 r-xp 00000000 08:01 1990312                    /home/dmitry/Downloads/LOOM/loom/build/linux-x86_64-server-slowdebug/jdk/lib/libjli.so
7fab7ec2f000-7fab7ee2e000 ---p 00013000 08:01 1990312                    /home/dmitry/Downloads/LOOM/loom/build/linux-x86_64-server-slowdebug/jdk/lib/libjli.so
7fab7ee2e000-7fab7ee2f000 r--p 00012000 08:01 1990312                    /home/dmitry/Downloads/LOOM/loom/build/linux-x86_64-server-slowdebug/jdk/lib/libjli.so
7fab7ee2f000-7fab7ee30000 rw-p 00013000 08:01 1990312                    /home/dmitry/Downloads/LOOM/loom/build/linux-x86_64-server-slowdebug/jdk/lib/libjli.so
7fab7ee30000-7fab7ee57000 r-xp 00000000 08:01 1184454                    /lib/x86_64-linux-gnu/ld-2.27.so
7fab7ee84000-7fab7ef37000 rw-p 00000000 00:00 0 
7fab7ef37000-7fab7ef3e000 ---p 00000000 00:00 0 
7fab7ef3e000-7fab7ef42000 ---p 00000000 00:00 0 
7fab7ef42000-7fab7f041000 rw-p 00000000 00:00 0 
7fab7f04a000-7fab7f052000 rw-s 00000000 08:01 655394                     /tmp/hsperfdata_dmitry/3576
7fab7f052000-7fab7f053000 ---p 00000000 00:00 0 
7fab7f053000-7fab7f054000 r--p 00000000 00:00 0 
7fab7f054000-7fab7f055000 rwxp 00000000 00:00 0 
7fab7f055000-7fab7f057000 rw-p 00000000 00:00 0 
7fab7f057000-7fab7f058000 r--p 00027000 08:01 1184454                    /lib/x86_64-linux-gnu/ld-2.27.so
7fab7f058000-7fab7f059000 rw-p 00028000 08:01 1184454                    /lib/x86_64-linux-gnu/ld-2.27.so
7fab7f059000-7fab7f05a000 rw-p 00000000 00:00 0 
7fff985a4000-7fff985c7000 rw-p 00000000 00:00 0                          [stack]
7fff985c8000-7fff985cb000 r--p 00000000 00:00 0                          [vvar]
7fff985cb000-7fff985cd000 r-xp 00000000 00:00 0                          [vdso]
ffffffffff600000-ffffffffff601000 r-xp 00000000 00:00 0                  [vsyscall]


VM Arguments:
jvm_args: -Didea.launcher.port=6761 -Didea.launcher.bin.path=/home/dmitry/Downloads/idea-IC-183.5912.21/bin -Dfile.encoding=UTF-8 
java_command: com.intellij.rt.execution.application.AppMainV2 Main
java_class_path (initial): /home/dmitry/Downloads/LOOM/loom/build/linux-x86_64-server-slowdebug/jdk/modules/java.base:/home/dmitry/Downloads/LOOM/loom/build/linux-x86_64-server-slowdebug/jdk/modules/java.compiler:/home/dmitry/Downloads/LOOM/loom/build/linux-x86_64-server-slowdebug/jdk/modules/java.datatransfer:/home/dmitry/Downloads/LOOM/loom/build/linux-x86_64-server-slowdebug/jdk/modules/java.desktop:/home/dmitry/Downloads/LOOM/loom/build/linux-x86_64-server-slowdebug/jdk/modules/java.instrument:/home/dmitry/Downloads/LOOM/loom/build/linux-x86_64-server-slowdebug/jdk/modules/java.logging:/home/dmitry/Downloads/LOOM/loom/build/linux-x86_64-server-slowdebug/jdk/modules/java.management:/home/dmitry/Downloads/LOOM/loom/build/linux-x86_64-server-slowdebug/jdk/modules/java.management.rmi:/home/dmitry/Downloads/LOOM/loom/build/linux-x86_64-server-slowdebug/jdk/modules/java.naming:/home/dmitry/Downloads/LOOM/loom/build/linux-x86_64-server-slowdebug/jdk/modules/java.net.http:/home/dmitry/Downloads/LOOM/loom/build/linux-x86_64-server-slowdebug/jdk/modules/java.prefs:/home/dmitry/Downloads/LOOM/loom/build/linux-x86_64-server-slowdebug/jdk/modules/java.rmi:/home/dmitry/Downloads/LOOM/loom/build/linux-x86_64-server-slowdebug/jdk/modules/java.scripting:/home/dmitry/Downloads/LOOM/loom/build/linux-x86_64-server-slowdebug/jdk/modules/java.se:/home/dmitry/Downloads/LOOM/loom/build/linux-x86_64-server-slowdebug/jdk/modules/java.security.jgss:/home/dmitry/Downloads/LOOM/loom/build/linux-x86_64-server-slowdebug/jdk/modules/java.security.sasl:/home/dmitry/Downloads/LOOM/loom/build/linux-x86_64-server-slowdebug/jdk/modules/java.smartcardio:/home/dmitry/Downloads/LOOM/loom/build/linux-x86_64-server-slowdebug/jdk/modules/java.sql:/home/dmitry/Downloads/LOOM/loom/build/linux-x86_64-server-slowdebug/jdk/modules/java.sql.rowset:/home/dmitry/Downloads/LOOM/loom/build/linux-x86_64-server-slowdebug/jdk/modules/java.transaction.xa:/home/dmitry/Downloads/LOOM/loom/build/linux-x86_64-server-slo
Launcher Type: SUN_STANDARD

[Global flags]
     intx CICompilerCount                          = 3                                         {product} {ergonomic}     Number of compiler threads to run
     uint ConcGCThreads                            = 1                                         {product} {ergonomic}     Number of threads concurrent gc will use
     uint G1ConcRefinementThreads                  = 4                                         {product} {ergonomic}     The number of parallel rem set update threads. Will be set ergonomically by default.
   size_t G1HeapRegionSize                         = 1048576                                   {product} {ergonomic}     Size of the G1 regions.
    uintx GCDrainStackTargetSize                   = 64                                        {product} {ergonomic}     Number of entries we will try to leave on the stack during parallel gc
   size_t InitialHeapSize                          = 83886080                                  {product} {ergonomic}     Initial heap size (in bytes); zero means use ergonomics
   size_t MarkStackSize                            = 4194304                                   {product} {ergonomic}     Size of marking stack
   size_t MaxHeapSize                              = 1342177280                                {product} {ergonomic}     Maximum heap size (in bytes)
   size_t MaxNewSize                               = 805306368                                 {product} {ergonomic}     Maximum new generation size (in bytes), max_uintx means set ergonomically
   size_t MinHeapDeltaBytes                        = 1048576                                   {product} {ergonomic}     The minimum change in heap space due to GC (in bytes)
    uintx NonNMethodCodeHeapSize                   = 5830732                                {pd product} {ergonomic}     Size of code heap with non-nmethods (in bytes)
    uintx NonProfiledCodeHeapSize                  = 122913754                              {pd product} {ergonomic}     Size of code heap with non-profiled methods (in bytes)
    uintx ProfiledCodeHeapSize                     = 122913754                              {pd product} {ergonomic}     Size of code heap with profiled methods (in bytes)
    uintx ReservedCodeCacheSize                    = 251658240                              {pd product} {ergonomic}     Reserved code cache size (in bytes) - maximum code cache size
     bool SegmentedCodeCache                       = true                                      {product} {ergonomic}     Use a segmented code cache
     bool UseCompressedClassPointers               = true                                 {lp64_product} {ergonomic}     Use 32-bit class pointers in 64-bit VM. lp64_product means flag is always constant in 32 bit VM
     bool UseCompressedOops                        = true                                 {lp64_product} {ergonomic}     Use 32-bit object references in 64-bit VM. lp64_product means flag is always constant in 32 bit VM
     bool UseG1GC                                  = true                                      {product} {ergonomic}     Use the Garbage-First garbage collector

Logging:
Log output configuration:
 #0: stdout all=warning uptime,level,tags
 #1: stderr all=off uptime,level,tags

Environment Variables:
JAVA_HOME=/home/dmitry/usr/local/java/jdk1.8.0
PATH=/bin:/home/dmitry/Downloads/LOOM/loom/build/linux-x86_64-server-slowdebug/jdk/bin:/usr/local/sbin:/usr/local/bin:/usr/sbin:/usr/bin:/sbin:/bin:/usr/games:/usr/local/games:/snap/bin
USERNAME=dmitry
SHELL=/bin/bash
DISPLAY=:0

Signal Handlers:
SIGSEGV: [libjvm.so+0x13a978f], sa_mask[0]=11111111011111111101111111111110, sa_flags=SA_RESTART|SA_SIGINFO
SIGBUS: [libjvm.so+0x13a978f], sa_mask[0]=11111111011111111101111111111110, sa_flags=SA_RESTART|SA_SIGINFO
SIGFPE: [libjvm.so+0x13a978f], sa_mask[0]=11111111011111111101111111111110, sa_flags=SA_RESTART|SA_SIGINFO
SIGPIPE: [libjvm.so+0x107aecc], sa_mask[0]=11111111011111111101111111111110, sa_flags=SA_RESTART|SA_SIGINFO
SIGXFSZ: [libjvm.so+0x107aecc], sa_mask[0]=11111111011111111101111111111110, sa_flags=SA_RESTART|SA_SIGINFO
SIGILL: [libjvm.so+0x13a978f], sa_mask[0]=11111111011111111101111111111110, sa_flags=SA_RESTART|SA_SIGINFO
SIGUSR2: [libjvm.so+0x107a6e7], sa_mask[0]=00100000000000000000000000000000, sa_flags=SA_RESTART|SA_SIGINFO
SIGHUP: [libjvm.so+0x1076502], sa_mask[0]=11111111011111111101111111111110, sa_flags=SA_RESTART|SA_SIGINFO
SIGINT: [libjvm.so+0x1076502], sa_mask[0]=11111111011111111101111111111110, sa_flags=SA_RESTART|SA_SIGINFO
SIGTERM: [libjvm.so+0x1076502], sa_mask[0]=11111111011111111101111111111110, sa_flags=SA_RESTART|SA_SIGINFO
SIGQUIT: [libjvm.so+0x1076502], sa_mask[0]=11111111011111111101111111111110, sa_flags=SA_RESTART|SA_SIGINFO


---------------  S Y S T E M  ---------------

OS:DISTRIB_ID=Ubuntu
DISTRIB_RELEASE=18.04
DISTRIB_CODENAME=bionic
DISTRIB_DESCRIPTION="Ubuntu 18.04.2 LTS"
uname:Linux dmitry-VirtualBox 4.18.0-21-generic #22~18.04.1-Ubuntu SMP Thu May 16 15:07:19 UTC 2019 x86_64
libc:glibc 2.27 NPTL 2.27 
rlimit: STACK 8192k, CORE 0k, NPROC 20272, NOFILE 4096, AS infinity, DATA infinity, FSIZE infinity
load average:3,56 2,71 2,25

/proc/meminfo:
MemTotal:        5234988 kB
MemFree:          771316 kB
MemAvailable:    2259240 kB
Buffers:          208248 kB
Cached:          1440460 kB
SwapCached:            0 kB
Active:          3110660 kB
Inactive:         981260 kB
Active(anon):    2444144 kB
Inactive(anon):    93704 kB
Active(file):     666516 kB
Inactive(file):   887556 kB
Unevictable:          32 kB
Mlocked:              32 kB
SwapTotal:       2097148 kB
SwapFree:        2097148 kB
Dirty:               136 kB
Writeback:             0 kB
AnonPages:       2443324 kB
Mapped:           376204 kB
Shmem:             94636 kB
Slab:             264960 kB
SReclaimable:     224568 kB
SUnreclaim:        40392 kB
KernelStack:        9728 kB
PageTables:        35524 kB
NFS_Unstable:          0 kB
Bounce:                0 kB
WritebackTmp:          0 kB
CommitLimit:     4714640 kB
Committed_AS:    5678720 kB
VmallocTotal:   34359738367 kB
VmallocUsed:           0 kB
VmallocChunk:          0 kB
HardwareCorrupted:     0 kB
AnonHugePages:         0 kB
ShmemHugePages:        0 kB
ShmemPmdMapped:        0 kB
CmaTotal:              0 kB
CmaFree:               0 kB
HugePages_Total:       0
HugePages_Free:        0
HugePages_Rsvd:        0
HugePages_Surp:        0
Hugepagesize:       2048 kB
Hugetlb:               0 kB
DirectMap4k:      135104 kB
DirectMap2M:     5275648 kB


/proc/sys/kernel/threads-max (system-wide limit on the number of threads):
40544


/proc/sys/vm/max_map_count (maximum number of memory map areas a process may have):
65530


/proc/sys/kernel/pid_max (system-wide limit on number of process identifiers):
32768



container (cgroup) information:
container_type: cgroupv1
cpu_cpuset_cpus: 0-3
cpu_memory_nodes: 0
active_processor_count: 4
cpu_quota: no quota
cpu_period: 100000
cpu_shares: no shares
memory_limit_in_bytes: unlimited
memory_and_swap_limit_in_bytes: not supported
memory_soft_limit_in_bytes: unlimited
memory_usage_in_bytes: 4189843456
memory_max_usage_in_bytes: unlimited

KVM virtualization detected
Steal ticks since vm start: 0
Steal ticks percentage since vm start:  0,000

CPU:total 4 (initial active 4) (4 cores per cpu, 1 threads per core) family 6 model 60 stepping 3, cmov, cx8, fxsr, mmx, sse, sse2, sse3, ssse3, sse4.1, sse4.2, popcnt, avx, avx2, aes, clmul, lzcnt, tsc, tscinvbit
CPU Model and flags from /proc/cpuinfo:
model name	: Intel(R) Core(TM) i7-4700HQ CPU @ 2.40GHz
flags		: fpu vme de pse tsc msr pae mce cx8 apic sep mtrr pge mca cmov pat pse36 clflush mmx fxsr sse sse2 ht syscall nx rdtscp lm constant_tsc rep_good nopl xtopology nonstop_tsc cpuid tsc_known_freq pni pclmulqdq ssse3 cx16 pcid sse4_1 sse4_2 x2apic movbe popcnt aes xsave avx rdrand hypervisor lahf_lm abm invpcid_single pti fsgsbase avx2 invpcid flush_l1d

Memory: 4k page, physical 5234988k(771316k free), swap 2097148k(2097148k free)

vm_info: OpenJDK 64-Bit Server VM (slowdebug 13-internal+0-adhoc.dmitry.loom) for linux-amd64 JRE (13-internal+0-adhoc.dmitry.loom), built on Jun 12 2019 21:17:22 by "dmitry" with gcc 7.4.0

END.
