#
# A fatal error has been detected by the Java Runtime Environment:
#
#  SIGSEGV (0xb) at pc=0x00007f83aa932e3a, pid=25857, tid=25893
#
# JRE version: OpenJDK Runtime Environment (13.0) (build 13-internal+0-adhoc.dmitry.loom)
# Java VM: OpenJDK 64-Bit Server VM (13-internal+0-adhoc.dmitry.loom, mixed mode, tiered, compressed oops, g1 gc, linux-amd64)
# Problematic frame:
# V  [libjvm.so+0x683e3a]  ContMirror::read()+0x1a
#
# Core dump will be written. Default location: Core dumps may be processed with "/usr/share/apport/apport %p %s %c %d %P" (or dumping to /home/dmitry/Downloads/LoadDetector/core.25857)
#
# If you would like to submit a bug report, please visit:
#   http://bugreport.java.com/bugreport/crash.jsp
#

---------------  S U M M A R Y ------------

Command Line: -agentlib:jdwp=transport=dt_socket,address=127.0.0.1:26463,suspend=y,server=n -Dfile.encoding=UTF-8 Main

Host: Intel(R) Core(TM) i7-4700HQ CPU @ 2.40GHz, 4 cores, 4G, Ubuntu 18.04.2 LTS
Time: Sun May 12 23:30:33 2019 MSK elapsed time: 35 seconds (0d 0h 0m 35s)

---------------  T H R E A D  ---------------

Current thread (0x00007f83a42bf800):  JavaThread "Thread-1" [_thread_in_vm, id=25893, stack(0x00007f838156a000,0x00007f838166b000)]

Stack: [0x00007f838156a000,0x00007f838166b000],  sp=0x00007f83816671b0,  free space=1012k
Native frames: (J=compiled Java code, A=aot compiled Java code, j=interpreted, Vv=VM code, C=native code)
V  [libjvm.so+0x683e3a]  ContMirror::read()+0x1a
V  [libjvm.so+0x689537]  Continuation::freeze0(JavaThread*, FrameInfo*, bool) [clone .part.304]+0x507
V  [libjvm.so+0x689c87]  Continuation::freeze(JavaThread*, FrameInfo*)+0x127
v  ~RuntimeStub::cont_doYield
C  0x00007f8381669838
j  java.lang.Continuation.pause(Ljava/lang/ContinuationScope;)Z+3 java.base
j  Main.lambda$main$1(Ljava/lang/Continuation;Ljava/lang/ContinuationScope;Ljava/lang/Thread;)V+21
j  Main$$Lambda$42.run()V+12
j  java.lang.Thread.run()V+11 java.base
v  ~StubRoutines::call_stub
V  [libjvm.so+0x8bcd99]  JavaCalls::call_helper(JavaValue*, methodHandle const&, JavaCallArguments*, Thread*)+0x3c9
V  [libjvm.so+0x8badb5]  JavaCalls::call_virtual(JavaValue*, Handle, Klass*, Symbol*, Symbol*, Thread*)+0x1e5
V  [libjvm.so+0x965c2c]  thread_entry(JavaThread*, Thread*)+0x6c
V  [libjvm.so+0xf736e2]  JavaThread::run()+0x232
V  [libjvm.so+0xf7145d]  Thread::call_run()+0x10d
V  [libjvm.so+0xc8b7c7]  thread_native_entry(Thread*)+0xe7

Java frames: (J=compiled Java code, j=interpreted, Vv=VM code)
v  ~RuntimeStub::cont_doYield
j  java.lang.Continuation.yield0(Ljava/lang/ContinuationScope;Ljava/lang/Continuation;)Z+60 java.base
j  java.lang.Continuation.pause(Ljava/lang/ContinuationScope;)Z+3 java.base
j  Main.lambda$main$1(Ljava/lang/Continuation;Ljava/lang/ContinuationScope;Ljava/lang/Thread;)V+21
j  Main$$Lambda$42.run()V+12
j  java.lang.Thread.run()V+11 java.base
v  ~StubRoutines::call_stub

siginfo: si_signo: 11 (SIGSEGV), si_code: 1 (SEGV_MAPERR), si_addr: 0x0000000000000020

Register to memory mapping:

RAX=0x0000000000000020 is an unknown value
RBX=0x00007f8381668550 is pointing into the stack for thread: 0x00007f83a42bf800
RCX=0x00007f8381669888 is pointing into the stack for thread: 0x00007f83a42bf800
RDX=0x00007f83ab92db58: <offset 0x000000000167eb58> in /home/dmitry/Downloads/LOOM/loom/build/linux-x86_64-server-release/jdk/lib/server/libjvm.so at 0x00007f83aa2af000
RSP=0x00007f83816671b0 is pointing into the stack for thread: 0x00007f83a42bf800
RBP=0x00007f83816671c0 is pointing into the stack for thread: 0x00007f83a42bf800
RSI=0x00007f83950194c0 is at code_begin+3872 in an Interpreter codelet
invoke return entry points  [0x00007f83950185a0, 0x00007f839501adc0]  10272 bytes
RDI=0x0 is NULL
R8 =0x00007f8395000000 points into unknown readable memory: 04 00 00 00 00 00 00 00
R9 =0x000000000000000b is an unknown value
R10=0x0000000000000800 is an unknown value
R11=0x0000000000000400 is an unknown value
R12=0x00007f8358001230 points into unknown readable memory: 00 00 00 00 00 00 00 00
R13=0x00007f8381668550 is pointing into the stack for thread: 0x00007f83a42bf800
R14=0x00007f83a42b9e50 points into unknown readable memory: 02 00 00 00 00 00 00 00
R15=0x00007f8381669810 is pointing into the stack for thread: 0x00007f83a42bf800


Registers:
RAX=0x0000000000000020, RBX=0x00007f8381668550, RCX=0x00007f8381669888, RDX=0x00007f83ab92db58
RSP=0x00007f83816671b0, RBP=0x00007f83816671c0, RSI=0x00007f83950194c0, RDI=0x0000000000000000
R8 =0x00007f8395000000, R9 =0x000000000000000b, R10=0x0000000000000800, R11=0x0000000000000400
R12=0x00007f8358001230, R13=0x00007f8381668550, R14=0x00007f83a42b9e50, R15=0x00007f8381669810
RIP=0x00007f83aa932e3a, EFLAGS=0x0000000000010202, CSGSFS=0x002b000000000033, ERR=0x0000000000000004
  TRAPNO=0x000000000000000e

Top of Stack: (sp=0x00007f83816671b0)
0x00007f83816671b0:   00007f83950194c0 00007f83a42bf800
0x00007f83816671c0:   00007f83816697c0 00007f83aa938537
0x00007f83816671d0:   00007f83a42bf800 00007f83816672d0
0x00007f83816671e0:   0000000000000000 00007f83ab92b220 

Instructions: (pc=0x00007f83aa932e3a)
0x00007f83aa932d3a:   08 48 63 00 89 0c 02 48 8d 05 8c e5 fd 00 48 8b
0x00007f83aa932d4a:   4b 30 48 8b 53 08 48 63 00 48 89 0c 02 48 8d 05
0x00007f83aa932d5a:   6e e5 fd 00 48 8b 53 08 48 8b 4b 38 48 63 00 48
0x00007f83aa932d6a:   89 0c 02 48 8d 05 54 e5 fd 00 8b 4b 60 48 8b 53
0x00007f83aa932d7a:   08 48 63 00 89 0c 02 48 8d 05 58 e5 fd 00 48 8b
0x00007f83aa932d8a:   53 08 48 8b 4b 10 48 63 00 48 89 0c 02 48 8d 05
0x00007f83aa932d9a:   3e e5 fd 00 48 8b 4b 18 48 8b 53 08 48 63 00 48
0x00007f83aa932daa:   89 0c 02 48 8d 05 24 e5 fd 00 48 63 00 48 8b 53
0x00007f83aa932dba:   08 48 8b 4b 20 48 89 0c 02 48 8d 05 2e e5 fd 00
0x00007f83aa932dca:   48 8b 53 08 48 8b 4b 58 48 63 00 89 0c 02 48 8d
0x00007f83aa932dda:   05 e1 e4 fd 00 0f b6 4b 70 48 8b 53 08 48 63 00
0x00007f83aa932dea:   88 0c 02 48 8d 05 00 e5 fd 00 0f b7 4b 74 48 8b
0x00007f83aa932dfa:   53 08 48 63 00 66 89 0c 02 48 8d 05 e6 e4 fd 00
0x00007f83aa932e0a:   0f b7 4b 72 48 8b 53 08 48 63 00 66 89 0c 02 48
0x00007f83aa932e1a:   83 c4 08 5b 5d c3 55 48 89 e5 53 48 89 fb 48 83
0x00007f83aa932e2a:   ec 08 48 8d 05 ad e4 fd 00 48 8b 7f 08 48 63 00
0x00007f83aa932e3a:   48 8b 04 38 48 89 43 10 48 8d 05 93 e4 fd 00 48
0x00007f83aa932e4a:   63 00 48 8b 04 38 48 89 43 18 48 8d 05 7d e4 fd
0x00007f83aa932e5a:   00 48 63 00 48 8b 04 38 48 89 43 20 48 8d 05 63
0x00007f83aa932e6a:   e4 fd 00 48 63 00 8b 04 38 89 43 28 48 8d 05 57
0x00007f83aa932e7a:   e4 fd 00 48 63 00 48 8b 04 38 48 89 43 30 48 8d
0x00007f83aa932e8a:   05 3d e4 fd 00 48 63 00 48 8b 04 38 48 89 43 38
0x00007f83aa932e9a:   48 8d 05 5b e4 fd 00 48 63 30 ff 15 96 41 f7 00
0x00007f83aa932eaa:   48 85 c0 48 89 43 40 0f 84 b9 01 00 00 48 8d 15
0x00007f83aa932eba:   1e c9 fd 00 80 3a 01 48 19 c9 83 e1 04 80 3a 01
0x00007f83aa932eca:   8b 4c 08 0c 48 19 d2 89 4b 48 83 e2 08 48 8d 44
0x00007f83aa932eda:   10 10 48 89 43 50 48 8d 05 11 e4 fd 00 48 8b 7b
0x00007f83aa932eea:   08 48 63 00 48 63 04 07 48 89 43 58 48 8d 05 ef
0x00007f83aa932efa:   e3 fd 00 48 63 30 ff 15 3a 41 f7 00 48 8d 15 bb
0x00007f83aa932f0a:   e3 fd 00 48 89 43 68 48 8b 43 08 48 83 3d 13 ae
0x00007f83aa932f1a:   fb 00 00 48 63 12 8b 14 02 89 53 60 48 8d 15 93
0x00007f83aa932f2a:   e3 fd 00 48 63 12 0f b6 14 02 88 53 70 48 8d 15 


Stack slot to memory mapping:
stack at sp + 0 slots: 0x00007f83950194c0 is at code_begin+3872 in an Interpreter codelet
invoke return entry points  [0x00007f83950185a0, 0x00007f839501adc0]  10272 bytes
stack at sp + 1 slots: 0x00007f83a42bf800 is a thread
stack at sp + 2 slots: 0x00007f83816697c0 is pointing into the stack for thread: 0x00007f83a42bf800
stack at sp + 3 slots: 0x00007f83aa938537: <offset 0x0000000000689537> in /home/dmitry/Downloads/LOOM/loom/build/linux-x86_64-server-release/jdk/lib/server/libjvm.so at 0x00007f83aa2af000
stack at sp + 4 slots: 0x00007f83a42bf800 is a thread
stack at sp + 5 slots: 0x00007f83816672d0 is pointing into the stack for thread: 0x00007f83a42bf800
stack at sp + 6 slots: 0x0 is NULL
stack at sp + 7 slots: 0x00007f83ab92b220: <offset 0x000000000167c220> in /home/dmitry/Downloads/LOOM/loom/build/linux-x86_64-server-release/jdk/lib/server/libjvm.so at 0x00007f83aa2af000


---------------  P R O C E S S  ---------------

Threads class SMR info:
_java_thread_list=0x00007f8334001920, length=13, elements={
0x00007f83a413b800, 0x00007f83a413f000, 0x00007f83a4161000, 0x00007f83a4165800,
0x00007f83a4167800, 0x00007f83a4169800, 0x00007f83a419a000, 0x00007f83a42a7000,
0x00007f83a42aa000, 0x00007f834c001800, 0x00007f83a42ac000, 0x00007f83a42bf800,
0x00007f83a4017800
}

Java Threads: ( => current thread )
  0x00007f83a413b800 JavaThread "Reference Handler" daemon [_thread_blocked, id=25874, stack(0x00007f8383277000,0x00007f8383378000)]
  0x00007f83a413f000 JavaThread "Finalizer" daemon [_thread_blocked, id=25875, stack(0x00007f8383176000,0x00007f8383277000)]
  0x00007f83a4161000 JavaThread "Signal Dispatcher" daemon [_thread_blocked, id=25877, stack(0x00007f83826a6000,0x00007f83827a7000)]
  0x00007f83a4165800 JavaThread "C2 CompilerThread0" daemon [_thread_blocked, id=25878, stack(0x00007f83825a5000,0x00007f83826a6000)]
  0x00007f83a4167800 JavaThread "C1 CompilerThread0" daemon [_thread_blocked, id=25879, stack(0x00007f83824a4000,0x00007f83825a5000)]
  0x00007f83a4169800 JavaThread "Sweeper thread" daemon [_thread_blocked, id=25880, stack(0x00007f83823a3000,0x00007f83824a4000)]
  0x00007f83a419a000 JavaThread "Common-Cleaner" daemon [_thread_blocked, id=25881, stack(0x00007f8381e78000,0x00007f8381f79000)]
  0x00007f83a42a7000 JavaThread "JDWP Transport Listener: dt_socket" daemon [_thread_blocked, id=25886, stack(0x00007f8381a70000,0x00007f8381b71000)]
  0x00007f83a42aa000 JavaThread "JDWP Event Helper Thread" daemon [_thread_blocked, id=25888, stack(0x00007f838196f000,0x00007f8381a70000)]
  0x00007f834c001800 JavaThread "JDWP Command Reader" daemon [_thread_in_native, id=25890, stack(0x00007f838186e000,0x00007f838196f000)]
  0x00007f83a42ac000 JavaThread "Service Thread" daemon [_thread_blocked, id=25891, stack(0x00007f838176d000,0x00007f838186e000)]
=>0x00007f83a42bf800 JavaThread "Thread-1" [_thread_in_vm, id=25893, stack(0x00007f838156a000,0x00007f838166b000)]
  0x00007f83a4017800 JavaThread "DestroyJavaVM" [_thread_blocked, id=25859, stack(0x00007f83ac6b3000,0x00007f83ac7b4000)]

Other Threads:
  0x00007f83a412f800 VMThread "VM Thread" [stack: 0x00007f838337a000,0x00007f838347a000] [id=25869]
  0x00007f83a42ae800 WatcherThread [stack: 0x00007f838166d000,0x00007f838176d000] [id=25892]
  0x00007f83a405b000 GCTaskThread "GC Thread#0" [stack: 0x00007f83a8055000,0x00007f83a8155000] [id=25861]
  0x00007f83a4065000 ConcurrentGCThread "G1 Main Marker" [stack: 0x00007f8392480000,0x00007f8392580000] [id=25862]
  0x00007f83a4066800 ConcurrentGCThread "G1 Conc#0" [stack: 0x00007f839237e000,0x00007f839247e000] [id=25863]
  0x00007f83a40bb000 ConcurrentGCThread "G1 Refine#0" [stack: 0x00007f8383dff000,0x00007f8383eff000] [id=25864]
  0x00007f83a40bc800 ConcurrentGCThread "G1 Young RemSet Sampling" [stack: 0x00007f8383cfd000,0x00007f8383dfd000] [id=25865]

Threads with active compile tasks:

VM state:not at safepoint (normal execution)

VM Mutex/Monitor currently owned by a thread: None

Heap address: 0x00000000b0000000, size: 1280 MB, Compressed Oops mode: 32-bit
Narrow klass base: 0x0000000000000000, Narrow klass shift: 3
Compressed class space size: 1073741824 Address: 0x0000000100000000

Heap:
 garbage-first heap   total 81920K, used 7168K [0x00000000b0000000, 0x0000000100000000)
  region size 1024K, 8 young (8192K), 0 survivors (0K)
 Metaspace       used 7076K, capacity 7212K, committed 7424K, reserved 1056768K
  class space    used 610K, capacity 663K, committed 768K, reserved 1048576K
Heap Regions: E=young(eden), S=young(survivor), O=old, HS=humongous(starts), HC=humongous(continues), CS=collection set, F=free, A=archive, TAMS=top-at-mark-start (previous, next)
|   0|0x00000000b0000000, 0x00000000b0000000, 0x00000000b0100000|  0%| F|  |TAMS 0x00000000b0000000, 0x00000000b0000000| Untracked 
|   1|0x00000000b0100000, 0x00000000b0100000, 0x00000000b0200000|  0%| F|  |TAMS 0x00000000b0100000, 0x00000000b0100000| Untracked 
|   2|0x00000000b0200000, 0x00000000b0200000, 0x00000000b0300000|  0%| F|  |TAMS 0x00000000b0200000, 0x00000000b0200000| Untracked 
|   3|0x00000000b0300000, 0x00000000b0300000, 0x00000000b0400000|  0%| F|  |TAMS 0x00000000b0300000, 0x00000000b0300000| Untracked 
|   4|0x00000000b0400000, 0x00000000b0400000, 0x00000000b0500000|  0%| F|  |TAMS 0x00000000b0400000, 0x00000000b0400000| Untracked 
|   5|0x00000000b0500000, 0x00000000b0500000, 0x00000000b0600000|  0%| F|  |TAMS 0x00000000b0500000, 0x00000000b0500000| Untracked 
|   6|0x00000000b0600000, 0x00000000b0600000, 0x00000000b0700000|  0%| F|  |TAMS 0x00000000b0600000, 0x00000000b0600000| Untracked 
|   7|0x00000000b0700000, 0x00000000b0700000, 0x00000000b0800000|  0%| F|  |TAMS 0x00000000b0700000, 0x00000000b0700000| Untracked 
|   8|0x00000000b0800000, 0x00000000b0800000, 0x00000000b0900000|  0%| F|  |TAMS 0x00000000b0800000, 0x00000000b0800000| Untracked 
|   9|0x00000000b0900000, 0x00000000b0900000, 0x00000000b0a00000|  0%| F|  |TAMS 0x00000000b0900000, 0x00000000b0900000| Untracked 
|  10|0x00000000b0a00000, 0x00000000b0a00000, 0x00000000b0b00000|  0%| F|  |TAMS 0x00000000b0a00000, 0x00000000b0a00000| Untracked 
|  11|0x00000000b0b00000, 0x00000000b0b00000, 0x00000000b0c00000|  0%| F|  |TAMS 0x00000000b0b00000, 0x00000000b0b00000| Untracked 
|  12|0x00000000b0c00000, 0x00000000b0c00000, 0x00000000b0d00000|  0%| F|  |TAMS 0x00000000b0c00000, 0x00000000b0c00000| Untracked 
|  13|0x00000000b0d00000, 0x00000000b0d00000, 0x00000000b0e00000|  0%| F|  |TAMS 0x00000000b0d00000, 0x00000000b0d00000| Untracked 
|  14|0x00000000b0e00000, 0x00000000b0e00000, 0x00000000b0f00000|  0%| F|  |TAMS 0x00000000b0e00000, 0x00000000b0e00000| Untracked 
|  15|0x00000000b0f00000, 0x00000000b0f00000, 0x00000000b1000000|  0%| F|  |TAMS 0x00000000b0f00000, 0x00000000b0f00000| Untracked 
|  16|0x00000000b1000000, 0x00000000b1000000, 0x00000000b1100000|  0%| F|  |TAMS 0x00000000b1000000, 0x00000000b1000000| Untracked 
|  17|0x00000000b1100000, 0x00000000b1100000, 0x00000000b1200000|  0%| F|  |TAMS 0x00000000b1100000, 0x00000000b1100000| Untracked 
|  18|0x00000000b1200000, 0x00000000b1200000, 0x00000000b1300000|  0%| F|  |TAMS 0x00000000b1200000, 0x00000000b1200000| Untracked 
|  19|0x00000000b1300000, 0x00000000b1300000, 0x00000000b1400000|  0%| F|  |TAMS 0x00000000b1300000, 0x00000000b1300000| Untracked 
|  20|0x00000000b1400000, 0x00000000b1400000, 0x00000000b1500000|  0%| F|  |TAMS 0x00000000b1400000, 0x00000000b1400000| Untracked 
|  21|0x00000000b1500000, 0x00000000b1500000, 0x00000000b1600000|  0%| F|  |TAMS 0x00000000b1500000, 0x00000000b1500000| Untracked 
|  22|0x00000000b1600000, 0x00000000b1600000, 0x00000000b1700000|  0%| F|  |TAMS 0x00000000b1600000, 0x00000000b1600000| Untracked 
|  23|0x00000000b1700000, 0x00000000b1700000, 0x00000000b1800000|  0%| F|  |TAMS 0x00000000b1700000, 0x00000000b1700000| Untracked 
|  24|0x00000000b1800000, 0x00000000b1800000, 0x00000000b1900000|  0%| F|  |TAMS 0x00000000b1800000, 0x00000000b1800000| Untracked 
|  25|0x00000000b1900000, 0x00000000b1900000, 0x00000000b1a00000|  0%| F|  |TAMS 0x00000000b1900000, 0x00000000b1900000| Untracked 
|  26|0x00000000b1a00000, 0x00000000b1a00000, 0x00000000b1b00000|  0%| F|  |TAMS 0x00000000b1a00000, 0x00000000b1a00000| Untracked 
|  27|0x00000000b1b00000, 0x00000000b1b00000, 0x00000000b1c00000|  0%| F|  |TAMS 0x00000000b1b00000, 0x00000000b1b00000| Untracked 
|  28|0x00000000b1c00000, 0x00000000b1c00000, 0x00000000b1d00000|  0%| F|  |TAMS 0x00000000b1c00000, 0x00000000b1c00000| Untracked 
|  29|0x00000000b1d00000, 0x00000000b1d00000, 0x00000000b1e00000|  0%| F|  |TAMS 0x00000000b1d00000, 0x00000000b1d00000| Untracked 
|  30|0x00000000b1e00000, 0x00000000b1e00000, 0x00000000b1f00000|  0%| F|  |TAMS 0x00000000b1e00000, 0x00000000b1e00000| Untracked 
|  31|0x00000000b1f00000, 0x00000000b1f00000, 0x00000000b2000000|  0%| F|  |TAMS 0x00000000b1f00000, 0x00000000b1f00000| Untracked 
|  32|0x00000000b2000000, 0x00000000b2000000, 0x00000000b2100000|  0%| F|  |TAMS 0x00000000b2000000, 0x00000000b2000000| Untracked 
|  33|0x00000000b2100000, 0x00000000b2100000, 0x00000000b2200000|  0%| F|  |TAMS 0x00000000b2100000, 0x00000000b2100000| Untracked 
|  34|0x00000000b2200000, 0x00000000b2200000, 0x00000000b2300000|  0%| F|  |TAMS 0x00000000b2200000, 0x00000000b2200000| Untracked 
|  35|0x00000000b2300000, 0x00000000b2300000, 0x00000000b2400000|  0%| F|  |TAMS 0x00000000b2300000, 0x00000000b2300000| Untracked 
|  36|0x00000000b2400000, 0x00000000b2400000, 0x00000000b2500000|  0%| F|  |TAMS 0x00000000b2400000, 0x00000000b2400000| Untracked 
|  37|0x00000000b2500000, 0x00000000b2500000, 0x00000000b2600000|  0%| F|  |TAMS 0x00000000b2500000, 0x00000000b2500000| Untracked 
|  38|0x00000000b2600000, 0x00000000b2600000, 0x00000000b2700000|  0%| F|  |TAMS 0x00000000b2600000, 0x00000000b2600000| Untracked 
|  39|0x00000000b2700000, 0x00000000b2700000, 0x00000000b2800000|  0%| F|  |TAMS 0x00000000b2700000, 0x00000000b2700000| Untracked 
|  40|0x00000000b2800000, 0x00000000b2800000, 0x00000000b2900000|  0%| F|  |TAMS 0x00000000b2800000, 0x00000000b2800000| Untracked 
|  41|0x00000000b2900000, 0x00000000b2900000, 0x00000000b2a00000|  0%| F|  |TAMS 0x00000000b2900000, 0x00000000b2900000| Untracked 
|  42|0x00000000b2a00000, 0x00000000b2a00000, 0x00000000b2b00000|  0%| F|  |TAMS 0x00000000b2a00000, 0x00000000b2a00000| Untracked 
|  43|0x00000000b2b00000, 0x00000000b2b00000, 0x00000000b2c00000|  0%| F|  |TAMS 0x00000000b2b00000, 0x00000000b2b00000| Untracked 
|  44|0x00000000b2c00000, 0x00000000b2c00000, 0x00000000b2d00000|  0%| F|  |TAMS 0x00000000b2c00000, 0x00000000b2c00000| Untracked 
|  45|0x00000000b2d00000, 0x00000000b2d00000, 0x00000000b2e00000|  0%| F|  |TAMS 0x00000000b2d00000, 0x00000000b2d00000| Untracked 
|  46|0x00000000b2e00000, 0x00000000b2e00000, 0x00000000b2f00000|  0%| F|  |TAMS 0x00000000b2e00000, 0x00000000b2e00000| Untracked 
|  47|0x00000000b2f00000, 0x00000000b2f00000, 0x00000000b3000000|  0%| F|  |TAMS 0x00000000b2f00000, 0x00000000b2f00000| Untracked 
|  48|0x00000000b3000000, 0x00000000b3000000, 0x00000000b3100000|  0%| F|  |TAMS 0x00000000b3000000, 0x00000000b3000000| Untracked 
|  49|0x00000000b3100000, 0x00000000b3100000, 0x00000000b3200000|  0%| F|  |TAMS 0x00000000b3100000, 0x00000000b3100000| Untracked 
|  50|0x00000000b3200000, 0x00000000b3200000, 0x00000000b3300000|  0%| F|  |TAMS 0x00000000b3200000, 0x00000000b3200000| Untracked 
|  51|0x00000000b3300000, 0x00000000b3300000, 0x00000000b3400000|  0%| F|  |TAMS 0x00000000b3300000, 0x00000000b3300000| Untracked 
|  52|0x00000000b3400000, 0x00000000b3400000, 0x00000000b3500000|  0%| F|  |TAMS 0x00000000b3400000, 0x00000000b3400000| Untracked 
|  53|0x00000000b3500000, 0x00000000b3500000, 0x00000000b3600000|  0%| F|  |TAMS 0x00000000b3500000, 0x00000000b3500000| Untracked 
|  54|0x00000000b3600000, 0x00000000b3600000, 0x00000000b3700000|  0%| F|  |TAMS 0x00000000b3600000, 0x00000000b3600000| Untracked 
|  55|0x00000000b3700000, 0x00000000b3700000, 0x00000000b3800000|  0%| F|  |TAMS 0x00000000b3700000, 0x00000000b3700000| Untracked 
|  56|0x00000000b3800000, 0x00000000b3800000, 0x00000000b3900000|  0%| F|  |TAMS 0x00000000b3800000, 0x00000000b3800000| Untracked 
|  57|0x00000000b3900000, 0x00000000b3900000, 0x00000000b3a00000|  0%| F|  |TAMS 0x00000000b3900000, 0x00000000b3900000| Untracked 
|  58|0x00000000b3a00000, 0x00000000b3a00000, 0x00000000b3b00000|  0%| F|  |TAMS 0x00000000b3a00000, 0x00000000b3a00000| Untracked 
|  59|0x00000000b3b00000, 0x00000000b3b00000, 0x00000000b3c00000|  0%| F|  |TAMS 0x00000000b3b00000, 0x00000000b3b00000| Untracked 
|  60|0x00000000b3c00000, 0x00000000b3c00000, 0x00000000b3d00000|  0%| F|  |TAMS 0x00000000b3c00000, 0x00000000b3c00000| Untracked 
|  61|0x00000000b3d00000, 0x00000000b3d00000, 0x00000000b3e00000|  0%| F|  |TAMS 0x00000000b3d00000, 0x00000000b3d00000| Untracked 
|  62|0x00000000b3e00000, 0x00000000b3e00000, 0x00000000b3f00000|  0%| F|  |TAMS 0x00000000b3e00000, 0x00000000b3e00000| Untracked 
|  63|0x00000000b3f00000, 0x00000000b3f00000, 0x00000000b4000000|  0%| F|  |TAMS 0x00000000b3f00000, 0x00000000b3f00000| Untracked 
|  64|0x00000000b4000000, 0x00000000b4000000, 0x00000000b4100000|  0%| F|  |TAMS 0x00000000b4000000, 0x00000000b4000000| Untracked 
|  65|0x00000000b4100000, 0x00000000b4100000, 0x00000000b4200000|  0%| F|  |TAMS 0x00000000b4100000, 0x00000000b4100000| Untracked 
|  66|0x00000000b4200000, 0x00000000b4200000, 0x00000000b4300000|  0%| F|  |TAMS 0x00000000b4200000, 0x00000000b4200000| Untracked 
|  67|0x00000000b4300000, 0x00000000b4300000, 0x00000000b4400000|  0%| F|  |TAMS 0x00000000b4300000, 0x00000000b4300000| Untracked 
|  68|0x00000000b4400000, 0x00000000b4400000, 0x00000000b4500000|  0%| F|  |TAMS 0x00000000b4400000, 0x00000000b4400000| Untracked 
|  69|0x00000000b4500000, 0x00000000b4500000, 0x00000000b4600000|  0%| F|  |TAMS 0x00000000b4500000, 0x00000000b4500000| Untracked 
|  70|0x00000000b4600000, 0x00000000b4600000, 0x00000000b4700000|  0%| F|  |TAMS 0x00000000b4600000, 0x00000000b4600000| Untracked 
|  71|0x00000000b4700000, 0x00000000b4700000, 0x00000000b4800000|  0%| F|  |TAMS 0x00000000b4700000, 0x00000000b4700000| Untracked 
|  72|0x00000000b4800000, 0x00000000b4900000, 0x00000000b4900000|100%| E|  |TAMS 0x00000000b4800000, 0x00000000b4800000| Complete 
|  73|0x00000000b4900000, 0x00000000b4a00000, 0x00000000b4a00000|100%| E|CS|TAMS 0x00000000b4900000, 0x00000000b4900000| Complete 
|  74|0x00000000b4a00000, 0x00000000b4b00000, 0x00000000b4b00000|100%| E|CS|TAMS 0x00000000b4a00000, 0x00000000b4a00000| Complete 
|  75|0x00000000b4b00000, 0x00000000b4c00000, 0x00000000b4c00000|100%| E|CS|TAMS 0x00000000b4b00000, 0x00000000b4b00000| Complete 
|  76|0x00000000b4c00000, 0x00000000b4d00000, 0x00000000b4d00000|100%| E|CS|TAMS 0x00000000b4c00000, 0x00000000b4c00000| Complete 
|  77|0x00000000b4d00000, 0x00000000b4e00000, 0x00000000b4e00000|100%| E|CS|TAMS 0x00000000b4d00000, 0x00000000b4d00000| Complete 
|  78|0x00000000b4e00000, 0x00000000b4f00000, 0x00000000b4f00000|100%| E|CS|TAMS 0x00000000b4e00000, 0x00000000b4e00000| Complete 
|  79|0x00000000b4f00000, 0x00000000b5000000, 0x00000000b5000000|100%| E|CS|TAMS 0x00000000b4f00000, 0x00000000b4f00000| Complete 

Card table byte_map: [0x00007f83a8155000,0x00007f83a83d5000] _byte_map_base: 0x00007f83a7bd5000

Marking Bits (Prev, Next): (CMBitMap*) 0x00007f83a405c518, (CMBitMap*) 0x00007f83a405c558
 Prev Bits: [0x00007f8393980000, 0x00007f8394d80000)
 Next Bits: [0x00007f8392580000, 0x00007f8393980000)

Polling page: 0x00007f83ac7c7000

Metaspace:

Usage:
  Non-class:      6,40 MB capacity,     6,31 MB ( 99%) used,    72,37 KB (  1%) free+waste,    10,69 KB ( <1%) overhead. 
      Class:    663,00 KB capacity,   610,20 KB ( 92%) used,    47,23 KB (  7%) free+waste,     5,56 KB ( <1%) overhead. 
       Both:      7,04 MB capacity,     6,91 MB ( 98%) used,   119,60 KB (  2%) free+waste,    16,25 KB ( <1%) overhead. 

Virtual space:
  Non-class space:        8,00 MB reserved,       6,50 MB ( 81%) committed 
      Class space:        1,00 GB reserved,     768,00 KB ( <1%) committed 
             Both:        1,01 GB reserved,       7,25 MB ( <1%) committed 

Chunk freelists:
   Non-Class:  0 bytes
       Class:  9,00 KB
        Both:  9,00 KB

MaxMetaspaceSize: unlimited
CompressedClassSpaceSize: 1,00 GB

CodeHeap 'non-profiled nmethods': size=120032Kb used=212Kb max_used=212Kb free=119819Kb
 bounds [0x00007f839cac8000, 0x00007f839cd38000, 0x00007f83a4000000]
CodeHeap 'profiled nmethods': size=120032Kb used=849Kb max_used=849Kb free=119182Kb
 bounds [0x00007f8395590000, 0x00007f8395800000, 0x00007f839cac8000]
CodeHeap 'non-nmethods': size=5696Kb used=1183Kb max_used=1199Kb free=4512Kb
 bounds [0x00007f8395000000, 0x00007f8395270000, 0x00007f8395590000]
 total_blobs=1034 nmethods=554 adapters=248
 compilation: enabled
              stopped_count=0, restarted_count=0
 full_count=0

Compilation events (10 events):
Event: 1,548 Thread 0x00007f83a4167800  555       3       jdk.internal.reflect.ReflectionFactory::langReflectAccess (15 bytes)
Event: 1,549 Thread 0x00007f83a4167800 nmethod 555 0x00007f8395663010 code [0x00007f83956631c0, 0x00007f83956633d0]
Event: 1,581 Thread 0x00007f83a4167800  557       3       java.lang.ref.SoftReference::get (29 bytes)
Event: 1,581 Thread 0x00007f83a4167800 nmethod 557 0x00007f8395663490 code [0x00007f8395663640, 0x00007f8395663870]
Event: 1,581 Thread 0x00007f83a4167800  558       3       java.lang.invoke.MemberName::isStatic (8 bytes)
Event: 1,582 Thread 0x00007f83a4167800 nmethod 558 0x00007f8395663910 code [0x00007f8395663ac0, 0x00007f8395663cd0]
Event: 1,582 Thread 0x00007f83a4167800  559       3       java.lang.invoke.MemberName::isConstructor (8 bytes)
Event: 1,582 Thread 0x00007f83a4167800 nmethod 559 0x00007f8395663d90 code [0x00007f8395663f40, 0x00007f83956641d0]
Event: 1,582 Thread 0x00007f83a4167800  560       3       java.lang.invoke.MethodType::toMethodDescriptorString (28 bytes)
Event: 1,582 Thread 0x00007f83a4167800 nmethod 560 0x00007f8395664290 code [0x00007f8395664440, 0x00007f8395664688]

GC Heap History (0 events):
No events

Deoptimization events (2 events):
Event: 1,011 Thread 0x00007f83a4017800 Uncommon trap: reason=unstable_if action=reinterpret pc=0x00007f839cae1674 method=java.util.HashMap.putVal(ILjava/lang/Object;Ljava/lang/Object;ZZ)Ljava/lang/Object; @ 81 c2
Event: 1,179 Thread 0x00007f83a4017800 Uncommon trap: reason=unstable_if action=reinterpret pc=0x00007f839caddbcc method=java.io.DataInputStream.readUTF(Ljava/io/DataInput;)Ljava/lang/String; @ 31 c2

Classes unloaded (0 events):
No events

Classes redefined (0 events):
No events

Internal exceptions (10 events):
Event: 0,781 Thread 0x00007f83a4017800 Exception <a 'java/lang/NoSuchMethodError'{0x00000000b4c0fbc0}: 'java.lang.Object java.lang.invoke.DirectMethodHandle$Holder.invokeInterface(java.lang.Object, java.lang.Object)'> (0x00000000b4c0fbc0) 
thrown [/home/dmitry/Downloads/LOOM/loom/src/hotspot/share/interpreter/linkResolver.cpp, line 768]
for thread 0x00007f83a4017800
Event: 0,814 Thread 0x00007f83a4017800 Exception <a 'java/lang/NoSuchMethodError'{0x00000000b4c16800}: 'int java.lang.invoke.DirectMethodHandle$Holder.invokeStatic(java.lang.Object, java.lang.Object)'> (0x00000000b4c16800) 
thrown [/home/dmitry/Downloads/LOOM/loom/src/hotspot/share/interpreter/linkResolver.cpp, line 768]
for thread 0x00007f83a4017800
Event: 0,827 Thread 0x00007f83a4017800 Exception <a 'java/lang/NoSuchMethodError'{0x00000000b4c20eb0}: 'java.lang.Object java.lang.invoke.DirectMethodHandle$Holder.invokeVirtual(java.lang.Object, java.lang.Object)'> (0x00000000b4c20eb0) 
thrown [/home/dmitry/Downloads/LOOM/loom/src/hotspot/share/interpreter/linkResolver.cpp, line 768]
for thread 0x00007f83a4017800
Event: 0,834 Thread 0x00007f83a4017800 Exception <a 'java/lang/NoSuchMethodError'{0x00000000b4c28a78}: 'int java.lang.invoke.DirectMethodHandle$Holder.invokeSpecial(java.lang.Object, java.lang.Object)'> (0x00000000b4c28a78) 
thrown [/home/dmitry/Downloads/LOOM/loom/src/hotspot/share/interpreter/linkResolver.cpp, line 768]
for thread 0x00007f83a4017800
Event: 1,195 Thread 0x00007f83a4017800 Exception <a 'java/lang/NoSuchMethodError'{0x00000000b4ab9918}: 'void java.lang.invoke.DirectMethodHandle$Holder.invokeStatic(java.lang.Object, java.lang.Object, java.lang.Object)'> (0x00000000b4ab9918) 
thrown [/home/dmitry/Downloads/LOOM/loom/src/hotspot/share/interpreter/linkResolver.cpp, line 768]
for thread 0x00007f83a4017800
Event: 1,214 Thread 0x00007f83a4017800 Exception <a 'java/lang/NoSuchMethodError'{0x00000000b4ae4ef0}: 'java.lang.Object java.lang.invoke.Invokers$Holder.linkToTargetMethod(java.lang.Object, java.lang.Object, java.lang.Object, java.lang.Object)'> (0x00000000b4ae4ef0) 
thrown [/home/dmitry/Downloads/LOOM/loom/src/hotspot/share/interpreter/linkResolver.cpp, line 768]
for thread 0x00007f83a4017800
Event: 1,318 Thread 0x00007f83a4017800 Exception <a 'java/lang/NoSuchMethodError'{0x00000000b4960b88}: 'java.lang.Object java.lang.invoke.DirectMethodHandle$Holder.invokeStaticInit(java.lang.Object, java.lang.Object)'> (0x00000000b4960b88) 
thrown [/home/dmitry/Downloads/LOOM/loom/src/hotspot/share/interpreter/linkResolver.cpp, line 768]
for thread 0x00007f83a4017800
Event: 1,320 Thread 0x00007f83a4017800 Exception <a 'java/lang/NoSuchMethodError'{0x00000000b49688b8}: 'void java.lang.invoke.DirectMethodHandle$Holder.invokeStaticInit(java.lang.Object, java.lang.Object, java.lang.Object)'> (0x00000000b49688b8) 
thrown [/home/dmitry/Downloads/LOOM/loom/src/hotspot/share/interpreter/linkResolver.cpp, line 768]
for thread 0x00007f83a4017800
Event: 1,580 Thread 0x00007f83a4017800 Exception <a 'java/lang/NoSuchMethodError'{0x00000000b48028f0}: 'void java.lang.invoke.DirectMethodHandle$Holder.invokeStatic(java.lang.Object)'> (0x00000000b48028f0) 
thrown [/home/dmitry/Downloads/LOOM/loom/src/hotspot/share/interpreter/linkResolver.cpp, line 768]
for thread 0x00007f83a4017800
Event: 1,581 Thread 0x00007f83a4017800 Exception <a 'java/lang/NoSuchMethodError'{0x00000000b4807038}: 'void java.lang.invoke.DirectMethodHandle$Holder.invokeSpecial(java.lang.Object, java.lang.Object)'> (0x00000000b4807038) 
thrown [/home/dmitry/Downloads/LOOM/loom/src/hotspot/share/interpreter/linkResolver.cpp, line 768]
for thread 0x00007f83a4017800

Events (10 events):
Event: 35,259 Executing VM operation: GetFrameCount
Event: 35,259 Executing VM operation: GetFrameCount done
Event: 35,259 Executing VM operation: SetFramePop
Event: 35,259 Executing VM operation: SetFramePop done
Event: 35,259 Executing VM operation: GetFrameLocation
Event: 35,259 Executing VM operation: GetFrameLocation done
Event: 35,259 Executing VM operation: GetCurrentLocation
Event: 35,259 Executing VM operation: GetCurrentLocation done
Event: 35,259 Executing VM operation: ChangeSingleStep
Event: 35,259 Executing VM operation: ChangeSingleStep done


Dynamic libraries:
b0000000-b5000000 rw-p 00000000 00:00 0 
b5000000-100000000 ---p 00000000 00:00 0 
100000000-1000c0000 rw-p 00000000 00:00 0 
1000c0000-140000000 ---p 00000000 00:00 0 
55c867fe6000-55c867fe7000 r-xp 00000000 08:01 2499664                    /home/dmitry/Downloads/LOOM/loom/build/linux-x86_64-server-release/jdk/bin/java
55c8681e7000-55c8681e8000 r--p 00001000 08:01 2499664                    /home/dmitry/Downloads/LOOM/loom/build/linux-x86_64-server-release/jdk/bin/java
55c8681e8000-55c8681e9000 rw-p 00002000 08:01 2499664                    /home/dmitry/Downloads/LOOM/loom/build/linux-x86_64-server-release/jdk/bin/java
55c86835f000-55c868380000 rw-p 00000000 00:00 0                          [heap]
7f8334000000-7f8334021000 rw-p 00000000 00:00 0 
7f8334021000-7f8338000000 ---p 00000000 00:00 0 
7f833c000000-7f833c021000 rw-p 00000000 00:00 0 
7f833c021000-7f8340000000 ---p 00000000 00:00 0 
7f8340000000-7f8340021000 rw-p 00000000 00:00 0 
7f8340021000-7f8344000000 ---p 00000000 00:00 0 
7f8344000000-7f8344021000 rw-p 00000000 00:00 0 
7f8344021000-7f8348000000 ---p 00000000 00:00 0 
7f8348000000-7f8348021000 rw-p 00000000 00:00 0 
7f8348021000-7f834c000000 ---p 00000000 00:00 0 
7f834c000000-7f834c044000 rw-p 00000000 00:00 0 
7f834c044000-7f8350000000 ---p 00000000 00:00 0 
7f8350000000-7f8350021000 rw-p 00000000 00:00 0 
7f8350021000-7f8354000000 ---p 00000000 00:00 0 
7f8354000000-7f8354021000 rw-p 00000000 00:00 0 
7f8354021000-7f8358000000 ---p 00000000 00:00 0 
7f8358000000-7f8358343000 rw-p 00000000 00:00 0 
7f8358343000-7f835c000000 ---p 00000000 00:00 0 
7f835c000000-7f835c10d000 rw-p 00000000 00:00 0 
7f835c10d000-7f8360000000 ---p 00000000 00:00 0 
7f8360000000-7f8360021000 rw-p 00000000 00:00 0 
7f8360021000-7f8364000000 ---p 00000000 00:00 0 
7f8364000000-7f8364021000 rw-p 00000000 00:00 0 
7f8364021000-7f8368000000 ---p 00000000 00:00 0 
7f8368000000-7f83682a2000 rw-p 00000000 00:00 0 
7f83682a2000-7f836c000000 ---p 00000000 00:00 0 
7f836c000000-7f836c021000 rw-p 00000000 00:00 0 
7f836c021000-7f8370000000 ---p 00000000 00:00 0 
7f8370000000-7f8370021000 rw-p 00000000 00:00 0 
7f8370021000-7f8374000000 ---p 00000000 00:00 0 
7f8374000000-7f8374021000 rw-p 00000000 00:00 0 
7f8374021000-7f8378000000 ---p 00000000 00:00 0 
7f8378000000-7f8378021000 rw-p 00000000 00:00 0 
7f8378021000-7f837c000000 ---p 00000000 00:00 0 
7f837c000000-7f837c021000 rw-p 00000000 00:00 0 
7f837c021000-7f8380000000 ---p 00000000 00:00 0 
7f838106e000-7f8381469000 rw-p 00000000 00:00 0 
7f8381469000-7f838146d000 ---p 00000000 00:00 0 
7f838146d000-7f838156a000 rw-p 00000000 00:00 0 
7f838156a000-7f838156e000 ---p 00000000 00:00 0 
7f838156e000-7f838166b000 rw-p 00000000 00:00 0 
7f838166b000-7f838166c000 ---p 00000000 00:00 0 
7f838166c000-7f838176d000 rw-p 00000000 00:00 0 
7f838176d000-7f8381771000 ---p 00000000 00:00 0 
7f8381771000-7f838186e000 rw-p 00000000 00:00 0 
7f838186e000-7f8381872000 ---p 00000000 00:00 0 
7f8381872000-7f838196f000 rw-p 00000000 00:00 0 
7f838196f000-7f8381973000 ---p 00000000 00:00 0 
7f8381973000-7f8381a70000 rw-p 00000000 00:00 0 
7f8381a70000-7f8381a74000 ---p 00000000 00:00 0 
7f8381a74000-7f8381b71000 rw-p 00000000 00:00 0 
7f8381b71000-7f8381b76000 r-xp 00000000 08:01 2766484                    /home/dmitry/Downloads/LOOM/loom/build/linux-x86_64-server-release/jdk/lib/libdt_socket.so
7f8381b76000-7f8381d75000 ---p 00005000 08:01 2766484                    /home/dmitry/Downloads/LOOM/loom/build/linux-x86_64-server-release/jdk/lib/libdt_socket.so
7f8381d75000-7f8381d76000 r--p 00004000 08:01 2766484                    /home/dmitry/Downloads/LOOM/loom/build/linux-x86_64-server-release/jdk/lib/libdt_socket.so
7f8381d76000-7f8381d77000 rw-p 00005000 08:01 2766484                    /home/dmitry/Downloads/LOOM/loom/build/linux-x86_64-server-release/jdk/lib/libdt_socket.so
7f8381d77000-7f8381d7b000 ---p 00000000 00:00 0 
7f8381d7b000-7f8381e78000 rw-p 00000000 00:00 0 
7f8381e78000-7f8381e7c000 ---p 00000000 00:00 0 
7f8381e7c000-7f8381f79000 rw-p 00000000 00:00 0 
7f8381f79000-7f8381f8f000 r-xp 00000000 08:01 2766080                    /home/dmitry/Downloads/LOOM/loom/build/linux-x86_64-server-release/jdk/lib/libnet.so
7f8381f8f000-7f838218f000 ---p 00016000 08:01 2766080                    /home/dmitry/Downloads/LOOM/loom/build/linux-x86_64-server-release/jdk/lib/libnet.so
7f838218f000-7f8382190000 r--p 00016000 08:01 2766080                    /home/dmitry/Downloads/LOOM/loom/build/linux-x86_64-server-release/jdk/lib/libnet.so
7f8382190000-7f8382191000 rw-p 00017000 08:01 2766080                    /home/dmitry/Downloads/LOOM/loom/build/linux-x86_64-server-release/jdk/lib/libnet.so
7f8382191000-7f83821a2000 r-xp 00000000 08:01 2766082                    /home/dmitry/Downloads/LOOM/loom/build/linux-x86_64-server-release/jdk/lib/libnio.so
7f83821a2000-7f83823a1000 ---p 00011000 08:01 2766082                    /home/dmitry/Downloads/LOOM/loom/build/linux-x86_64-server-release/jdk/lib/libnio.so
7f83823a1000-7f83823a2000 r--p 00010000 08:01 2766082                    /home/dmitry/Downloads/LOOM/loom/build/linux-x86_64-server-release/jdk/lib/libnio.so
7f83823a2000-7f83823a3000 rw-p 00011000 08:01 2766082                    /home/dmitry/Downloads/LOOM/loom/build/linux-x86_64-server-release/jdk/lib/libnio.so
7f83823a3000-7f83823a7000 ---p 00000000 00:00 0 
7f83823a7000-7f83824a4000 rw-p 00000000 00:00 0 
7f83824a4000-7f83824a8000 ---p 00000000 00:00 0 
7f83824a8000-7f83825a5000 rw-p 00000000 00:00 0 
7f83825a5000-7f83825a9000 ---p 00000000 00:00 0 
7f83825a9000-7f83826a6000 rw-p 00000000 00:00 0 
7f83826a6000-7f83826aa000 ---p 00000000 00:00 0 
7f83826aa000-7f83827a7000 rw-p 00000000 00:00 0 
7f83827a7000-7f8383176000 r--p 00000000 08:01 10230401                   /usr/lib/locale/locale-archive
7f8383176000-7f838317a000 ---p 00000000 00:00 0 
7f838317a000-7f8383277000 rw-p 00000000 00:00 0 
7f8383277000-7f838327b000 ---p 00000000 00:00 0 
7f838327b000-7f8383378000 rw-p 00000000 00:00 0 
7f8383378000-7f8383379000 ---p 00000000 00:00 0 
7f8383379000-7f8383b7b000 rw-p 00000000 00:00 0 
7f8383b7b000-7f8383cfb000 ---p 00000000 00:00 0 
7f8383cfb000-7f8383cfc000 ---p 00000000 00:00 0 
7f8383cfc000-7f8383dfd000 rw-p 00000000 00:00 0 
7f8383dfd000-7f8383dfe000 ---p 00000000 00:00 0 
7f8383dfe000-7f8384000000 rw-p 00000000 00:00 0 
7f8384000000-7f8384021000 rw-p 00000000 00:00 0 
7f8384021000-7f8388000000 ---p 00000000 00:00 0 
7f8388000000-7f8388021000 rw-p 00000000 00:00 0 
7f8388021000-7f838c000000 ---p 00000000 00:00 0 
7f838c000000-7f838c021000 rw-p 00000000 00:00 0 
7f838c021000-7f8390000000 ---p 00000000 00:00 0 
7f839001e000-7f839237c000 rw-p 00000000 00:00 0 
7f839237c000-7f839237d000 ---p 00000000 00:00 0 
7f839237d000-7f839247e000 rw-p 00000000 00:00 0 
7f839247e000-7f839247f000 ---p 00000000 00:00 0 
7f839247f000-7f83926c0000 rw-p 00000000 00:00 0 
7f83926c0000-7f8393980000 ---p 00000000 00:00 0 
7f8393980000-7f8393ac0000 rw-p 00000000 00:00 0 
7f8393ac0000-7f8394d80000 ---p 00000000 00:00 0 
7f8394d80000-7f8394da8000 rw-p 00000000 00:00 0 
7f8394da8000-7f8395000000 ---p 00000000 00:00 0 
7f8395000000-7f8395270000 rwxp 00000000 00:00 0 
7f8395270000-7f8395590000 ---p 00000000 00:00 0 
7f8395590000-7f8395800000 rwxp 00000000 00:00 0 
7f8395800000-7f839cac8000 ---p 00000000 00:00 0 
7f839cac8000-7f839cd38000 rwxp 00000000 00:00 0 
7f839cd38000-7f83a4000000 ---p 00000000 00:00 0 
7f83a4000000-7f83a42c5000 rw-p 00000000 00:00 0 
7f83a42c5000-7f83a8000000 ---p 00000000 00:00 0 
7f83a8022000-7f83a8053000 rw-p 00000000 00:00 0 
7f83a8053000-7f83a8054000 ---p 00000000 00:00 0 
7f83a8054000-7f83a817d000 rw-p 00000000 00:00 0 
7f83a817d000-7f83a83d5000 ---p 00000000 00:00 0 
7f83a83d5000-7f83a83fd000 rw-p 00000000 00:00 0 
7f83a83fd000-7f83a8655000 ---p 00000000 00:00 0 
7f83a8655000-7f83a8a5e000 rw-p 00000000 00:00 0 
7f83a8a5e000-7f83a8b44000 ---p 00000000 00:00 0 
7f83a8b44000-7f83a8b49000 rw-p 00000000 00:00 0 
7f83a8b49000-7f83a8c2f000 ---p 00000000 00:00 0 
7f83a8c2f000-7f83a8c4a000 r-xp 00000000 08:01 2766076                    /home/dmitry/Downloads/LOOM/loom/build/linux-x86_64-server-release/jdk/lib/libjimage.so
7f83a8c4a000-7f83a8e49000 ---p 0001b000 08:01 2766076                    /home/dmitry/Downloads/LOOM/loom/build/linux-x86_64-server-release/jdk/lib/libjimage.so
7f83a8e49000-7f83a8e4b000 r--p 0001a000 08:01 2766076                    /home/dmitry/Downloads/LOOM/loom/build/linux-x86_64-server-release/jdk/lib/libjimage.so
7f83a8e4b000-7f83a8e4c000 rw-p 0001c000 08:01 2766076                    /home/dmitry/Downloads/LOOM/loom/build/linux-x86_64-server-release/jdk/lib/libjimage.so
7f83a8e4c000-7f83a8e53000 r-xp 00000000 08:01 2766075                    /home/dmitry/Downloads/LOOM/loom/build/linux-x86_64-server-release/jdk/lib/libzip.so
7f83a8e53000-7f83a9052000 ---p 00007000 08:01 2766075                    /home/dmitry/Downloads/LOOM/loom/build/linux-x86_64-server-release/jdk/lib/libzip.so
7f83a9052000-7f83a9053000 r--p 00006000 08:01 2766075                    /home/dmitry/Downloads/LOOM/loom/build/linux-x86_64-server-release/jdk/lib/libzip.so
7f83a9053000-7f83a9054000 rw-p 00007000 08:01 2766075                    /home/dmitry/Downloads/LOOM/loom/build/linux-x86_64-server-release/jdk/lib/libzip.so
7f83a9054000-7f83a905f000 r-xp 00000000 08:01 1184572                    /lib/x86_64-linux-gnu/libnss_files-2.27.so
7f83a905f000-7f83a925e000 ---p 0000b000 08:01 1184572                    /lib/x86_64-linux-gnu/libnss_files-2.27.so
7f83a925e000-7f83a925f000 r--p 0000a000 08:01 1184572                    /lib/x86_64-linux-gnu/libnss_files-2.27.so
7f83a925f000-7f83a9260000 rw-p 0000b000 08:01 1184572                    /lib/x86_64-linux-gnu/libnss_files-2.27.so
7f83a9260000-7f83a9266000 rw-p 00000000 00:00 0 
7f83a9266000-7f83a927d000 r-xp 00000000 08:01 1184566                    /lib/x86_64-linux-gnu/libnsl-2.27.so
7f83a927d000-7f83a947c000 ---p 00017000 08:01 1184566                    /lib/x86_64-linux-gnu/libnsl-2.27.so
7f83a947c000-7f83a947d000 r--p 00016000 08:01 1184566                    /lib/x86_64-linux-gnu/libnsl-2.27.so
7f83a947d000-7f83a947e000 rw-p 00017000 08:01 1184566                    /lib/x86_64-linux-gnu/libnsl-2.27.so
7f83a947e000-7f83a9480000 rw-p 00000000 00:00 0 
7f83a9480000-7f83a948b000 r-xp 00000000 08:01 1184583                    /lib/x86_64-linux-gnu/libnss_nis-2.27.so
7f83a948b000-7f83a968a000 ---p 0000b000 08:01 1184583                    /lib/x86_64-linux-gnu/libnss_nis-2.27.so
7f83a968a000-7f83a968b000 r--p 0000a000 08:01 1184583                    /lib/x86_64-linux-gnu/libnss_nis-2.27.so
7f83a968b000-7f83a968c000 rw-p 0000b000 08:01 1184583                    /lib/x86_64-linux-gnu/libnss_nis-2.27.so
7f83a968c000-7f83a9694000 r-xp 00000000 08:01 1184568                    /lib/x86_64-linux-gnu/libnss_compat-2.27.so
7f83a9694000-7f83a9894000 ---p 00008000 08:01 1184568                    /lib/x86_64-linux-gnu/libnss_compat-2.27.so
7f83a9894000-7f83a9895000 r--p 00008000 08:01 1184568                    /lib/x86_64-linux-gnu/libnss_compat-2.27.so
7f83a9895000-7f83a9896000 rw-p 00009000 08:01 1184568                    /lib/x86_64-linux-gnu/libnss_compat-2.27.so
7f83a9896000-7f83a98d5000 r-xp 00000000 08:01 2766492                    /home/dmitry/Downloads/LOOM/loom/build/linux-x86_64-server-release/jdk/lib/libjdwp.so
7f83a98d5000-7f83a9ad4000 ---p 0003f000 08:01 2766492                    /home/dmitry/Downloads/LOOM/loom/build/linux-x86_64-server-release/jdk/lib/libjdwp.so
7f83a9ad4000-7f83a9ad5000 r--p 0003e000 08:01 2766492                    /home/dmitry/Downloads/LOOM/loom/build/linux-x86_64-server-release/jdk/lib/libjdwp.so
7f83a9ad5000-7f83a9ad6000 rw-p 0003f000 08:01 2766492                    /home/dmitry/Downloads/LOOM/loom/build/linux-x86_64-server-release/jdk/lib/libjdwp.so
7f83a9ad6000-7f83a9ad7000 rw-p 00000000 00:00 0 
7f83a9ad7000-7f83a9b00000 r-xp 00000000 08:01 2766074                    /home/dmitry/Downloads/LOOM/loom/build/linux-x86_64-server-release/jdk/lib/libjava.so
7f83a9b00000-7f83a9cff000 ---p 00029000 08:01 2766074                    /home/dmitry/Downloads/LOOM/loom/build/linux-x86_64-server-release/jdk/lib/libjava.so
7f83a9cff000-7f83a9d00000 r--p 00028000 08:01 2766074                    /home/dmitry/Downloads/LOOM/loom/build/linux-x86_64-server-release/jdk/lib/libjava.so
7f83a9d00000-7f83a9d02000 rw-p 00029000 08:01 2766074                    /home/dmitry/Downloads/LOOM/loom/build/linux-x86_64-server-release/jdk/lib/libjava.so
7f83a9d02000-7f83a9d0f000 r-xp 00000000 08:01 2766068                    /home/dmitry/Downloads/LOOM/loom/build/linux-x86_64-server-release/jdk/lib/libverify.so
7f83a9d0f000-7f83a9f0e000 ---p 0000d000 08:01 2766068                    /home/dmitry/Downloads/LOOM/loom/build/linux-x86_64-server-release/jdk/lib/libverify.so
7f83a9f0e000-7f83a9f10000 r--p 0000c000 08:01 2766068                    /home/dmitry/Downloads/LOOM/loom/build/linux-x86_64-server-release/jdk/lib/libverify.so
7f83a9f10000-7f83a9f11000 rw-p 0000e000 08:01 2766068                    /home/dmitry/Downloads/LOOM/loom/build/linux-x86_64-server-release/jdk/lib/libverify.so
7f83a9f11000-7f83aa0ae000 r-xp 00000000 08:01 1184545                    /lib/x86_64-linux-gnu/libm-2.27.so
7f83aa0ae000-7f83aa2ad000 ---p 0019d000 08:01 1184545                    /lib/x86_64-linux-gnu/libm-2.27.so
7f83aa2ad000-7f83aa2ae000 r--p 0019c000 08:01 1184545                    /lib/x86_64-linux-gnu/libm-2.27.so
7f83aa2ae000-7f83aa2af000 rw-p 0019d000 08:01 1184545                    /lib/x86_64-linux-gnu/libm-2.27.so
7f83aa2af000-7f83ab5db000 r-xp 00000000 08:01 2766065                    /home/dmitry/Downloads/LOOM/loom/build/linux-x86_64-server-release/jdk/lib/server/libjvm.so
7f83ab5db000-7f83ab7da000 ---p 0132c000 08:01 2766065                    /home/dmitry/Downloads/LOOM/loom/build/linux-x86_64-server-release/jdk/lib/server/libjvm.so
7f83ab7da000-7f83ab8a2000 r--p 0132b000 08:01 2766065                    /home/dmitry/Downloads/LOOM/loom/build/linux-x86_64-server-release/jdk/lib/server/libjvm.so
7f83ab8a2000-7f83ab8dd000 rw-p 013f3000 08:01 2766065                    /home/dmitry/Downloads/LOOM/loom/build/linux-x86_64-server-release/jdk/lib/server/libjvm.so
7f83ab8dd000-7f83ab963000 rw-p 00000000 00:00 0 
7f83ab963000-7f83ab97d000 r-xp 00000000 08:01 1184615                    /lib/x86_64-linux-gnu/libpthread-2.27.so
7f83ab97d000-7f83abb7c000 ---p 0001a000 08:01 1184615                    /lib/x86_64-linux-gnu/libpthread-2.27.so
7f83abb7c000-7f83abb7d000 r--p 00019000 08:01 1184615                    /lib/x86_64-linux-gnu/libpthread-2.27.so
7f83abb7d000-7f83abb7e000 rw-p 0001a000 08:01 1184615                    /lib/x86_64-linux-gnu/libpthread-2.27.so
7f83abb7e000-7f83abb82000 rw-p 00000000 00:00 0 
7f83abb82000-7f83abb85000 r-xp 00000000 08:01 1184505                    /lib/x86_64-linux-gnu/libdl-2.27.so
7f83abb85000-7f83abd84000 ---p 00003000 08:01 1184505                    /lib/x86_64-linux-gnu/libdl-2.27.so
7f83abd84000-7f83abd85000 r--p 00002000 08:01 1184505                    /lib/x86_64-linux-gnu/libdl-2.27.so
7f83abd85000-7f83abd86000 rw-p 00003000 08:01 1184505                    /lib/x86_64-linux-gnu/libdl-2.27.so
7f83abd86000-7f83abda2000 r-xp 00000000 08:01 1184654                    /lib/x86_64-linux-gnu/libz.so.1.2.11
7f83abda2000-7f83abfa1000 ---p 0001c000 08:01 1184654                    /lib/x86_64-linux-gnu/libz.so.1.2.11
7f83abfa1000-7f83abfa2000 r--p 0001b000 08:01 1184654                    /lib/x86_64-linux-gnu/libz.so.1.2.11
7f83abfa2000-7f83abfa3000 rw-p 0001c000 08:01 1184654                    /lib/x86_64-linux-gnu/libz.so.1.2.11
7f83abfa3000-7f83ac18a000 r-xp 00000000 08:01 1184482                    /lib/x86_64-linux-gnu/libc-2.27.so
7f83ac18a000-7f83ac38a000 ---p 001e7000 08:01 1184482                    /lib/x86_64-linux-gnu/libc-2.27.so
7f83ac38a000-7f83ac38e000 r--p 001e7000 08:01 1184482                    /lib/x86_64-linux-gnu/libc-2.27.so
7f83ac38e000-7f83ac390000 rw-p 001eb000 08:01 1184482                    /lib/x86_64-linux-gnu/libc-2.27.so
7f83ac390000-7f83ac394000 rw-p 00000000 00:00 0 
7f83ac394000-7f83ac3a4000 r-xp 00000000 08:01 2766070                    /home/dmitry/Downloads/LOOM/loom/build/linux-x86_64-server-release/jdk/lib/libjli.so
7f83ac3a4000-7f83ac5a3000 ---p 00010000 08:01 2766070                    /home/dmitry/Downloads/LOOM/loom/build/linux-x86_64-server-release/jdk/lib/libjli.so
7f83ac5a3000-7f83ac5a4000 r--p 0000f000 08:01 2766070                    /home/dmitry/Downloads/LOOM/loom/build/linux-x86_64-server-release/jdk/lib/libjli.so
7f83ac5a4000-7f83ac5a5000 rw-p 00010000 08:01 2766070                    /home/dmitry/Downloads/LOOM/loom/build/linux-x86_64-server-release/jdk/lib/libjli.so
7f83ac5a5000-7f83ac5cc000 r-xp 00000000 08:01 1184454                    /lib/x86_64-linux-gnu/ld-2.27.so
7f83ac5f9000-7f83ac6ac000 rw-p 00000000 00:00 0 
7f83ac6ac000-7f83ac6b3000 ---p 00000000 00:00 0 
7f83ac6b3000-7f83ac6b7000 ---p 00000000 00:00 0 
7f83ac6b7000-7f83ac7b6000 rw-p 00000000 00:00 0 
7f83ac7b8000-7f83ac7bf000 r--s 00000000 08:01 10488549                   /usr/lib/x86_64-linux-gnu/gconv/gconv-modules.cache
7f83ac7bf000-7f83ac7c7000 rw-s 00000000 08:01 524311                     /tmp/hsperfdata_dmitry/25857
7f83ac7c7000-7f83ac7c8000 ---p 00000000 00:00 0 
7f83ac7c8000-7f83ac7c9000 r--p 00000000 00:00 0 
7f83ac7c9000-7f83ac7ca000 ---p 00000000 00:00 0 
7f83ac7ca000-7f83ac7cc000 rw-p 00000000 00:00 0 
7f83ac7cc000-7f83ac7cd000 r--p 00027000 08:01 1184454                    /lib/x86_64-linux-gnu/ld-2.27.so
7f83ac7cd000-7f83ac7ce000 rw-p 00028000 08:01 1184454                    /lib/x86_64-linux-gnu/ld-2.27.so
7f83ac7ce000-7f83ac7cf000 rw-p 00000000 00:00 0 
7ffe0f90d000-7ffe0f930000 rw-p 00000000 00:00 0                          [stack]
7ffe0f9bd000-7ffe0f9c0000 r--p 00000000 00:00 0                          [vvar]
7ffe0f9c0000-7ffe0f9c2000 r-xp 00000000 00:00 0                          [vdso]
ffffffffff600000-ffffffffff601000 r-xp 00000000 00:00 0                  [vsyscall]


VM Arguments:
jvm_args: -agentlib:jdwp=transport=dt_socket,address=127.0.0.1:26463,suspend=y,server=n -Dfile.encoding=UTF-8 
java_command: Main
java_class_path (initial): /home/dmitry/Downloads/LOOM/loom/build/linux-x86_64-server-release/jdk/modules/java.base:/home/dmitry/Downloads/LOOM/loom/build/linux-x86_64-server-release/jdk/modules/java.compiler:/home/dmitry/Downloads/LOOM/loom/build/linux-x86_64-server-release/jdk/modules/java.datatransfer:/home/dmitry/Downloads/LOOM/loom/build/linux-x86_64-server-release/jdk/modules/java.desktop:/home/dmitry/Downloads/LOOM/loom/build/linux-x86_64-server-release/jdk/modules/java.instrument:/home/dmitry/Downloads/LOOM/loom/build/linux-x86_64-server-release/jdk/modules/java.logging:/home/dmitry/Downloads/LOOM/loom/build/linux-x86_64-server-release/jdk/modules/java.management:/home/dmitry/Downloads/LOOM/loom/build/linux-x86_64-server-release/jdk/modules/java.management.rmi:/home/dmitry/Downloads/LOOM/loom/build/linux-x86_64-server-release/jdk/modules/java.naming:/home/dmitry/Downloads/LOOM/loom/build/linux-x86_64-server-release/jdk/modules/java.net.http:/home/dmitry/Downloads/LOOM/loom/build/linux-x86_64-server-release/jdk/modules/java.prefs:/home/dmitry/Downloads/LOOM/loom/build/linux-x86_64-server-release/jdk/modules/java.rmi:/home/dmitry/Downloads/LOOM/loom/build/linux-x86_64-server-release/jdk/modules/java.scripting:/home/dmitry/Downloads/LOOM/loom/build/linux-x86_64-server-release/jdk/modules/java.se:/home/dmitry/Downloads/LOOM/loom/build/linux-x86_64-server-release/jdk/modules/java.security.jgss:/home/dmitry/Downloads/LOOM/loom/build/linux-x86_64-server-release/jdk/modules/java.security.sasl:/home/dmitry/Downloads/LOOM/loom/build/linux-x86_64-server-release/jdk/modules/java.smartcardio:/home/dmitry/Downloads/LOOM/loom/build/linux-x86_64-server-release/jdk/modules/java.sql:/home/dmitry/Downloads/LOOM/loom/build/linux-x86_64-server-release/jdk/modules/java.sql.rowset:/home/dmitry/Downloads/LOOM/loom/build/linux-x86_64-server-release/jdk/modules/java.transaction.xa:/home/dmitry/Downloads/LOOM/loom/build/linux-x86_64-server-release/jdk/modules/java.xml:/home/dmitry/D
Launcher Type: SUN_STANDARD

[Global flags]
     intx CICompilerCount                          = 3                                         {product} {ergonomic}
     uint ConcGCThreads                            = 1                                         {product} {ergonomic}
     uint G1ConcRefinementThreads                  = 4                                         {product} {ergonomic}
   size_t G1HeapRegionSize                         = 1048576                                   {product} {ergonomic}
    uintx GCDrainStackTargetSize                   = 64                                        {product} {ergonomic}
   size_t InitialHeapSize                          = 83886080                                  {product} {ergonomic}
   size_t MarkStackSize                            = 4194304                                   {product} {ergonomic}
   size_t MaxHeapSize                              = 1342177280                                {product} {ergonomic}
   size_t MaxNewSize                               = 805306368                                 {product} {ergonomic}
   size_t MinHeapDeltaBytes                        = 1048576                                   {product} {ergonomic}
    uintx NonNMethodCodeHeapSize                   = 5830732                                {pd product} {ergonomic}
    uintx NonProfiledCodeHeapSize                  = 122913754                              {pd product} {ergonomic}
    uintx ProfiledCodeHeapSize                     = 122913754                              {pd product} {ergonomic}
    uintx ReservedCodeCacheSize                    = 251658240                              {pd product} {ergonomic}
     bool SegmentedCodeCache                       = true                                      {product} {ergonomic}
     bool UseCompressedClassPointers               = true                                 {lp64_product} {ergonomic}
     bool UseCompressedOops                        = true                                 {lp64_product} {ergonomic}
     bool UseG1GC                                  = true                                      {product} {ergonomic}

Logging:
Log output configuration:
 #0: stdout all=warning uptime,level,tags
 #1: stderr all=off uptime,level,tags

Environment Variables:
JAVA_HOME=/home/dmitry/usr/local/java/jdk1.8.0
PATH=/bin:/bin:/usr/local/sbin:/usr/local/bin:/usr/sbin:/usr/bin:/sbin:/bin:/usr/games:/usr/local/games:/snap/bin
USERNAME=dmitry
SHELL=/bin/bash
DISPLAY=:0

Signal Handlers:
SIGSEGV: [libjvm.so+0xfe3770], sa_mask[0]=11111111011111111101111111111110, sa_flags=SA_RESTART|SA_SIGINFO
SIGBUS: [libjvm.so+0xfe3770], sa_mask[0]=11111111011111111101111111111110, sa_flags=SA_RESTART|SA_SIGINFO
SIGFPE: [libjvm.so+0xfe3770], sa_mask[0]=11111111011111111101111111111110, sa_flags=SA_RESTART|SA_SIGINFO
SIGPIPE: [libjvm.so+0xc80ff0], sa_mask[0]=11111111011111111101111111111110, sa_flags=SA_RESTART|SA_SIGINFO
SIGXFSZ: [libjvm.so+0xc80ff0], sa_mask[0]=11111111011111111101111111111110, sa_flags=SA_RESTART|SA_SIGINFO
SIGILL: [libjvm.so+0xfe3770], sa_mask[0]=11111111011111111101111111111110, sa_flags=SA_RESTART|SA_SIGINFO
SIGUSR2: [libjvm.so+0xc80e90], sa_mask[0]=00100000000000000000000000000000, sa_flags=SA_RESTART|SA_SIGINFO
SIGHUP: [libjvm.so+0xc81490], sa_mask[0]=11111111011111111101111111111110, sa_flags=SA_RESTART|SA_SIGINFO
SIGINT: [libjvm.so+0xc81490], sa_mask[0]=11111111011111111101111111111110, sa_flags=SA_RESTART|SA_SIGINFO
SIGTERM: [libjvm.so+0xc81490], sa_mask[0]=11111111011111111101111111111110, sa_flags=SA_RESTART|SA_SIGINFO
SIGQUIT: [libjvm.so+0xc81490], sa_mask[0]=11111111011111111101111111111110, sa_flags=SA_RESTART|SA_SIGINFO


---------------  S Y S T E M  ---------------

OS:DISTRIB_ID=Ubuntu
DISTRIB_RELEASE=18.04
DISTRIB_CODENAME=bionic
DISTRIB_DESCRIPTION="Ubuntu 18.04.2 LTS"
uname:Linux 4.18.0-18-generic #19~18.04.1-Ubuntu SMP Fri Apr 5 10:22:13 UTC 2019 x86_64
libc:glibc 2.27 NPTL 2.27 
rlimit: STACK 8192k, CORE 0k, NPROC 20276, NOFILE 4096, AS infinity, DATA infinity, FSIZE infinity
load average:3,60 3,77 4,52

/proc/meminfo:
MemTotal:        5234996 kB
MemFree:          402132 kB
MemAvailable:    2814024 kB
Buffers:           54600 kB
Cached:          2636696 kB
SwapCached:        52196 kB
Active:          2293136 kB
Inactive:        2238224 kB
Active(anon):    1299520 kB
Inactive(anon):   683720 kB
Active(file):     993616 kB
Inactive(file):  1554504 kB
Unevictable:          32 kB
Mlocked:              32 kB
SwapTotal:       2097148 kB
SwapFree:        1755376 kB
Dirty:                84 kB
Writeback:             0 kB
AnonPages:       1827892 kB
Mapped:           278988 kB
Shmem:            143176 kB
Slab:             186700 kB
SReclaimable:     141568 kB
SUnreclaim:        45132 kB
KernelStack:       11888 kB
PageTables:        39348 kB
NFS_Unstable:          0 kB
Bounce:                0 kB
WritebackTmp:          0 kB
CommitLimit:     4714644 kB
Committed_AS:    5764072 kB
VmallocTotal:   34359738367 kB
VmallocUsed:           0 kB
VmallocChunk:          0 kB
HardwareCorrupted:     0 kB
AnonHugePages:         0 kB
ShmemHugePages:        0 kB
ShmemPmdMapped:        0 kB
CmaTotal:              0 kB
CmaFree:               0 kB
HugePages_Total:       0
HugePages_Free:        0
HugePages_Rsvd:        0
HugePages_Surp:        0
Hugepagesize:       2048 kB
Hugetlb:               0 kB
DirectMap4k:      159680 kB
DirectMap2M:     5251072 kB


/proc/sys/kernel/threads-max (system-wide limit on the number of threads):
40552


/proc/sys/vm/max_map_count (maximum number of memory map areas a process may have):
65530


/proc/sys/kernel/pid_max (system-wide limit on number of process identifiers):
32768



container (cgroup) information:
container_type: cgroupv1
cpu_cpuset_cpus: 0-3
cpu_memory_nodes: 0
active_processor_count: 4
cpu_quota: no quota
cpu_period: 100000
cpu_shares: no shares
memory_limit_in_bytes: unlimited
memory_and_swap_limit_in_bytes: not supported
memory_soft_limit_in_bytes: unlimited
memory_usage_in_bytes: 4636102656
memory_max_usage_in_bytes: unlimited

KVM virtualization detected
Steal ticks since vm start: 0
Steal ticks percentage since vm start:  0,000

CPU:total 4 (initial active 4) (4 cores per cpu, 1 threads per core) family 6 model 60 stepping 3, cmov, cx8, fxsr, mmx, sse, sse2, sse3, ssse3, sse4.1, sse4.2, popcnt, avx, avx2, aes, clmul, lzcnt, tsc, tscinvbit
CPU Model and flags from /proc/cpuinfo:
model name	: Intel(R) Core(TM) i7-4700HQ CPU @ 2.40GHz
flags		: fpu vme de pse tsc msr pae mce cx8 apic sep mtrr pge mca cmov pat pse36 clflush mmx fxsr sse sse2 ht syscall nx rdtscp lm constant_tsc rep_good nopl xtopology nonstop_tsc cpuid tsc_known_freq pni pclmulqdq ssse3 cx16 pcid sse4_1 sse4_2 x2apic movbe popcnt aes xsave avx rdrand hypervisor lahf_lm abm invpcid_single pti fsgsbase avx2 invpcid flush_l1d

Memory: 4k page, physical 5234996k(402132k free), swap 2097148k(1755376k free)

vm_info: OpenJDK 64-Bit Server VM (13-internal+0-adhoc.dmitry.loom) for linux-amd64 JRE (13-internal+0-adhoc.dmitry.loom), built on May 12 2019 23:19:11 by "dmitry" with gcc 7.4.0

END.
