#
# A fatal error has been detected by the Java Runtime Environment:
#
#  SIGSEGV (0xb) at pc=0x00007f597084ef7a, pid=19074, tid=19110
#
# JRE version: OpenJDK Runtime Environment (13.0) (build 13-internal+0-adhoc.dmitry.loom)
# Java VM: OpenJDK 64-Bit Server VM (13-internal+0-adhoc.dmitry.loom, mixed mode, tiered, compressed oops, g1 gc, linux-amd64)
# Problematic frame:
# V  [libjvm.so+0x683f7a]  ContMirror::read()+0x1a
#
# Core dump will be written. Default location: Core dumps may be processed with "/usr/share/apport/apport %p %s %c %d %P" (or dumping to /home/dmitry/Downloads/LoadDetector/core.19074)
#
# If you would like to submit a bug report, please visit:
#   http://bugreport.java.com/bugreport/crash.jsp
#

---------------  S U M M A R Y ------------

Command Line: -Didea.launcher.port=30579 -Didea.launcher.bin.path=/home/dmitry/Downloads/idea-IC-183.5912.21/bin -Dfile.encoding=UTF-8 com.intellij.rt.execution.application.AppMainV2 NewMain

Host: Intel(R) Core(TM) i7-4700HQ CPU @ 2.40GHz, 4 cores, 4G, Ubuntu 18.04.2 LTS
Time: Sun May 26 00:46:28 2019 MSK elapsed time: 2 seconds (0d 0h 0m 2s)

---------------  T H R E A D  ---------------

Current thread (0x00007f5968301800):  JavaThread "Timer-0" daemon [_thread_in_vm, id=19110, stack(0x00007f591f4ec000,0x00007f591f5ed000)]

Stack: [0x00007f591f4ec000,0x00007f591f5ed000],  sp=0x00007f591f5e9110,  free space=1012k
Native frames: (J=compiled Java code, A=aot compiled Java code, j=interpreted, Vv=VM code, C=native code)
V  [libjvm.so+0x683f7a]  ContMirror::read()+0x1a
V  [libjvm.so+0x688cec]  Continuation::freeze0(JavaThread*, FrameInfo*, bool) [clone .part.305]+0x52c
V  [libjvm.so+0x689437]  Continuation::freeze(JavaThread*, FrameInfo*)+0x127
v  ~RuntimeStub::cont_doYield
C  0x00007f591f5eb7a8
j  java.lang.Continuation.myPause(Ljava/lang/ContinuationScope;)Z+3 java.base
j  balancer.Balancer$1.run()V+48
j  java.util.TimerThread.mainLoop()V+221 java.base
j  java.util.TimerThread.run()V+1 java.base
v  ~StubRoutines::call_stub
V  [libjvm.so+0x8bd249]  JavaCalls::call_helper(JavaValue*, methodHandle const&, JavaCallArguments*, Thread*)+0x3c9
V  [libjvm.so+0x8bb265]  JavaCalls::call_virtual(JavaValue*, Handle, Klass*, Symbol*, Symbol*, Thread*)+0x1e5
V  [libjvm.so+0x9660dc]  thread_entry(JavaThread*, Thread*)+0x6c
V  [libjvm.so+0xf73b92]  JavaThread::run()+0x232
V  [libjvm.so+0xf7190d]  Thread::call_run()+0x10d
V  [libjvm.so+0xc8bc77]  thread_native_entry(Thread*)+0xe7

Java frames: (J=compiled Java code, j=interpreted, Vv=VM code)
v  ~RuntimeStub::cont_doYield
j  java.lang.Continuation.yield0(Ljava/lang/ContinuationScope;Ljava/lang/Continuation;)Z+60 java.base
j  java.lang.Continuation.myPause(Ljava/lang/ContinuationScope;)Z+3 java.base
j  balancer.Balancer$1.run()V+48
j  java.util.TimerThread.mainLoop()V+221 java.base
j  java.util.TimerThread.run()V+1 java.base
v  ~StubRoutines::call_stub

siginfo: si_signo: 11 (SIGSEGV), si_code: 1 (SEGV_MAPERR), si_addr: 0x0000000000000020

Register to memory mapping:

RAX=0x0000000000000020 is an unknown value
RBX=0x00007f591f5ea4c0 is pointing into the stack for thread: 0x00007f5968301800
RCX=0x00007f5959013c98 is pointing into interpreter code (not bytecode specific)
RDX=0x0 is NULL
RSP=0x00007f591f5e9110 is pointing into the stack for thread: 0x00007f5968301800
RBP=0x00007f591f5e9120 is pointing into the stack for thread: 0x00007f5968301800
RSI=0x00007f596e2d5a67 points into unknown readable memory: 20
RDI=0x0 is NULL
R8 =0x00007f5959000000 points into unknown readable memory: 04 00 00 00 00 00 00 00
R9 =0x000000000000000b is an unknown value
R10=0x0000000000000800 is an unknown value
R11=0x0000000000000400 is an unknown value
R12=0x00007f592c0466b0 points into unknown readable memory: 00 00 00 00 00 00 00 00
R13=0x00007f591f5ea4c0 is pointing into the stack for thread: 0x00007f5968301800
R14=0x00007f591f5eb780 is pointing into the stack for thread: 0x00007f5968301800
R15=0x00007f5968301f90 points into unknown readable memory: 02 00 00 00 00 00 00 00


Registers:
RAX=0x0000000000000020, RBX=0x00007f591f5ea4c0, RCX=0x00007f5959013c98, RDX=0x0000000000000000
RSP=0x00007f591f5e9110, RBP=0x00007f591f5e9120, RSI=0x00007f596e2d5a67, RDI=0x0000000000000000
R8 =0x00007f5959000000, R9 =0x000000000000000b, R10=0x0000000000000800, R11=0x0000000000000400
R12=0x00007f592c0466b0, R13=0x00007f591f5ea4c0, R14=0x00007f591f5eb780, R15=0x00007f5968301f90
RIP=0x00007f597084ef7a, EFLAGS=0x0000000000010202, CSGSFS=0x002b000000000033, ERR=0x0000000000000004
  TRAPNO=0x000000000000000e

Top of Stack: (sp=0x00007f591f5e9110)
0x00007f591f5e9110:   00007f5968301800 00007f5968301800
0x00007f591f5e9120:   00007f591f5eb730 00007f5970853cec
0x00007f591f5e9130:   00007f5968301800 0000000000000000
0x00007f591f5e9140:   0000000000000000 00007f591f5e9240 

Instructions: (pc=0x00007f597084ef7a)
0x00007f597084ee7a:   08 48 63 00 89 0c 02 48 8d 05 4c e4 fd 00 48 8b
0x00007f597084ee8a:   4b 30 48 8b 53 08 48 63 00 48 89 0c 02 48 8d 05
0x00007f597084ee9a:   2e e4 fd 00 48 8b 53 08 48 8b 4b 38 48 63 00 48
0x00007f597084eeaa:   89 0c 02 48 8d 05 14 e4 fd 00 8b 4b 60 48 8b 53
0x00007f597084eeba:   08 48 63 00 89 0c 02 48 8d 05 18 e4 fd 00 48 8b
0x00007f597084eeca:   53 08 48 8b 4b 10 48 63 00 48 89 0c 02 48 8d 05
0x00007f597084eeda:   fe e3 fd 00 48 8b 4b 18 48 8b 53 08 48 63 00 48
0x00007f597084eeea:   89 0c 02 48 8d 05 e4 e3 fd 00 48 63 00 48 8b 53
0x00007f597084eefa:   08 48 8b 4b 20 48 89 0c 02 48 8d 05 ee e3 fd 00
0x00007f597084ef0a:   48 8b 53 08 48 8b 4b 58 48 63 00 89 0c 02 48 8d
0x00007f597084ef1a:   05 a1 e3 fd 00 0f b6 4b 70 48 8b 53 08 48 63 00
0x00007f597084ef2a:   88 0c 02 48 8d 05 c0 e3 fd 00 0f b7 4b 74 48 8b
0x00007f597084ef3a:   53 08 48 63 00 66 89 0c 02 48 8d 05 a6 e3 fd 00
0x00007f597084ef4a:   0f b7 4b 72 48 8b 53 08 48 63 00 66 89 0c 02 48
0x00007f597084ef5a:   83 c4 08 5b 5d c3 55 48 89 e5 53 48 89 fb 48 83
0x00007f597084ef6a:   ec 08 48 8d 05 6d e3 fd 00 48 8b 7f 08 48 63 00
0x00007f597084ef7a:   48 8b 04 38 48 89 43 10 48 8d 05 53 e3 fd 00 48
0x00007f597084ef8a:   63 00 48 8b 04 38 48 89 43 18 48 8d 05 3d e3 fd
0x00007f597084ef9a:   00 48 63 00 48 8b 04 38 48 89 43 20 48 8d 05 23
0x00007f597084efaa:   e3 fd 00 48 63 00 8b 04 38 89 43 28 48 8d 05 17
0x00007f597084efba:   e3 fd 00 48 63 00 48 8b 04 38 48 89 43 30 48 8d
0x00007f597084efca:   05 fd e2 fd 00 48 63 00 48 8b 04 38 48 89 43 38
0x00007f597084efda:   48 8d 05 1b e3 fd 00 48 63 30 ff 15 56 40 f7 00
0x00007f597084efea:   48 85 c0 48 89 43 40 0f 84 b9 01 00 00 48 8d 15
0x00007f597084effa:   de c7 fd 00 80 3a 01 48 19 c9 83 e1 04 80 3a 01
0x00007f597084f00a:   8b 4c 08 0c 48 19 d2 89 4b 48 83 e2 08 48 8d 44
0x00007f597084f01a:   10 10 48 89 43 50 48 8d 05 d1 e2 fd 00 48 8b 7b
0x00007f597084f02a:   08 48 63 00 48 63 04 07 48 89 43 58 48 8d 05 af
0x00007f597084f03a:   e2 fd 00 48 63 30 ff 15 fa 3f f7 00 48 8d 15 7b
0x00007f597084f04a:   e2 fd 00 48 89 43 68 48 8b 43 08 48 83 3d d3 ac
0x00007f597084f05a:   fb 00 00 48 63 12 8b 14 02 89 53 60 48 8d 15 53
0x00007f597084f06a:   e2 fd 00 48 63 12 0f b6 14 02 88 53 70 48 8d 15 


Stack slot to memory mapping:
stack at sp + 0 slots: 0x00007f5968301800 is a thread
stack at sp + 1 slots: 0x00007f5968301800 is a thread
stack at sp + 2 slots: 0x00007f591f5eb730 is pointing into the stack for thread: 0x00007f5968301800
stack at sp + 3 slots: 0x00007f5970853cec: <offset 0x0000000000688cec> in /home/dmitry/Downloads/LOOM/loom/build/linux-x86_64-server-release/jdk/lib/server/libjvm.so at 0x00007f59701cb000
stack at sp + 4 slots: 0x00007f5968301800 is a thread
stack at sp + 5 slots: 0x0 is NULL
stack at sp + 6 slots: 0x0 is NULL
stack at sp + 7 slots: 0x00007f591f5e9240 is pointing into the stack for thread: 0x00007f5968301800


---------------  P R O C E S S  ---------------

Threads class SMR info:
_java_thread_list=0x00007f5968309970, length=15, elements={
0x00007f5968016800, 0x00007f596813b000, 0x00007f596813e000, 0x00007f5968160800,
0x00007f5968165000, 0x00007f5968167000, 0x00007f5968169000, 0x00007f5968189000,
0x00007f592c0a9000, 0x00007f596826c800, 0x00007f59682be800, 0x00007f5968301800,
0x00007f5968305000, 0x00007f5968306800, 0x00007f5968308000
}

Java Threads: ( => current thread )
  0x00007f5968016800 JavaThread "main" [_thread_blocked, id=19076, stack(0x00007f59725cf000,0x00007f59726d0000)]
  0x00007f596813b000 JavaThread "Reference Handler" daemon [_thread_blocked, id=19089, stack(0x00007f596c045000,0x00007f596c146000)]
  0x00007f596813e000 JavaThread "Finalizer" daemon [_thread_blocked, id=19090, stack(0x00007f59552ff000,0x00007f5955400000)]
  0x00007f5968160800 JavaThread "Signal Dispatcher" daemon [_thread_blocked, id=19093, stack(0x00007f595482f000,0x00007f5954930000)]
  0x00007f5968165000 JavaThread "C2 CompilerThread0" daemon [_thread_blocked, id=19094, stack(0x00007f595472e000,0x00007f595482f000)]
  0x00007f5968167000 JavaThread "C1 CompilerThread0" daemon [_thread_blocked, id=19095, stack(0x00007f595462d000,0x00007f595472e000)]
  0x00007f5968169000 JavaThread "Sweeper thread" daemon [_thread_blocked, id=19096, stack(0x00007f595452c000,0x00007f595462d000)]
  0x00007f5968189000 JavaThread "Common-Cleaner" daemon [_thread_blocked, id=19101, stack(0x00007f5954001000,0x00007f5954102000)]
  0x00007f592c0a9000 JavaThread "C2 CompilerThread1" daemon [_thread_blocked, id=19104, stack(0x00007f591feff000,0x00007f5920000000)]
  0x00007f596826c800 JavaThread "Service Thread" daemon [_thread_blocked, id=19107, stack(0x00007f591fdfe000,0x00007f591feff000)]
  0x00007f59682be800 JavaThread "Monitor Ctrl-Break" daemon [_thread_in_native, id=19109, stack(0x00007f591fbfb000,0x00007f591fcfc000)]
=>0x00007f5968301800 JavaThread "Timer-0" daemon [_thread_in_vm, id=19110, stack(0x00007f591f4ec000,0x00007f591f5ed000)]
  0x00007f5968305000 JavaThread "pool-1-thread-1" [_thread_blocked, id=19111, stack(0x00007f591f3eb000,0x00007f591f4ec000)]
  0x00007f5968306800 JavaThread "pool-1-thread-2" [_thread_blocked, id=19112, stack(0x00007f591f2ea000,0x00007f591f3eb000)]
  0x00007f5968308000 JavaThread "pool-1-thread-3" [_thread_blocked, id=19113, stack(0x00007f591f1e9000,0x00007f591f2ea000)]

Other Threads:
  0x00007f596812f000 VMThread "VM Thread" [stack: 0x00007f596c148000,0x00007f596c248000] [id=19088] _threads_hazard_ptr=0x00007f5968309970
  0x00007f5968267000 WatcherThread [stack: 0x00007f591fcfe000,0x00007f591fdfe000] [id=19108]
  0x00007f596805a800 GCTaskThread "GC Thread#0" [stack: 0x00007f596cb32000,0x00007f596cc32000] [id=19079]
  0x00007f5968064000 ConcurrentGCThread "G1 Main Marker" [stack: 0x00007f596ca30000,0x00007f596cb30000] [id=19080]
  0x00007f5968066000 ConcurrentGCThread "G1 Conc#0" [stack: 0x00007f596c92e000,0x00007f596ca2e000] [id=19081]
  0x00007f59680ba800 ConcurrentGCThread "G1 Refine#0" [stack: 0x00007f596c428000,0x00007f596c528000] [id=19083]
  0x00007f59680bc000 ConcurrentGCThread "G1 Young RemSet Sampling" [stack: 0x00007f596c326000,0x00007f596c426000] [id=19084]

Threads with active compile tasks:

VM state:synchronizing (normal execution)

VM Mutex/Monitor currently owned by a thread:  ([mutex/lock_event])
[0x00007f5968011e60] Threads_lock - owner thread: 0x00007f596812f000

Heap address: 0x00000000b0000000, size: 1280 MB, Compressed Oops mode: 32-bit
Narrow klass base: 0x0000000000000000, Narrow klass shift: 3
Compressed class space size: 1073741824 Address: 0x0000000100000000

Heap:
 garbage-first heap   total 81920K, used 10240K [0x00000000b0000000, 0x0000000100000000)
  region size 1024K, 11 young (11264K), 0 survivors (0K)
 Metaspace       used 8180K, capacity 8397K, committed 8576K, reserved 1056768K
  class space    used 745K, capacity 846K, committed 896K, reserved 1048576K
Heap Regions: E=young(eden), S=young(survivor), O=old, HS=humongous(starts), HC=humongous(continues), CS=collection set, F=free, A=archive, TAMS=top-at-mark-start (previous, next)
|   0|0x00000000b0000000, 0x00000000b0000000, 0x00000000b0100000|  0%| F|  |TAMS 0x00000000b0000000, 0x00000000b0000000| Untracked 
|   1|0x00000000b0100000, 0x00000000b0100000, 0x00000000b0200000|  0%| F|  |TAMS 0x00000000b0100000, 0x00000000b0100000| Untracked 
|   2|0x00000000b0200000, 0x00000000b0200000, 0x00000000b0300000|  0%| F|  |TAMS 0x00000000b0200000, 0x00000000b0200000| Untracked 
|   3|0x00000000b0300000, 0x00000000b0300000, 0x00000000b0400000|  0%| F|  |TAMS 0x00000000b0300000, 0x00000000b0300000| Untracked 
|   4|0x00000000b0400000, 0x00000000b0400000, 0x00000000b0500000|  0%| F|  |TAMS 0x00000000b0400000, 0x00000000b0400000| Untracked 
|   5|0x00000000b0500000, 0x00000000b0500000, 0x00000000b0600000|  0%| F|  |TAMS 0x00000000b0500000, 0x00000000b0500000| Untracked 
|   6|0x00000000b0600000, 0x00000000b0600000, 0x00000000b0700000|  0%| F|  |TAMS 0x00000000b0600000, 0x00000000b0600000| Untracked 
|   7|0x00000000b0700000, 0x00000000b0700000, 0x00000000b0800000|  0%| F|  |TAMS 0x00000000b0700000, 0x00000000b0700000| Untracked 
|   8|0x00000000b0800000, 0x00000000b0800000, 0x00000000b0900000|  0%| F|  |TAMS 0x00000000b0800000, 0x00000000b0800000| Untracked 
|   9|0x00000000b0900000, 0x00000000b0900000, 0x00000000b0a00000|  0%| F|  |TAMS 0x00000000b0900000, 0x00000000b0900000| Untracked 
|  10|0x00000000b0a00000, 0x00000000b0a00000, 0x00000000b0b00000|  0%| F|  |TAMS 0x00000000b0a00000, 0x00000000b0a00000| Untracked 
|  11|0x00000000b0b00000, 0x00000000b0b00000, 0x00000000b0c00000|  0%| F|  |TAMS 0x00000000b0b00000, 0x00000000b0b00000| Untracked 
|  12|0x00000000b0c00000, 0x00000000b0c00000, 0x00000000b0d00000|  0%| F|  |TAMS 0x00000000b0c00000, 0x00000000b0c00000| Untracked 
|  13|0x00000000b0d00000, 0x00000000b0d00000, 0x00000000b0e00000|  0%| F|  |TAMS 0x00000000b0d00000, 0x00000000b0d00000| Untracked 
|  14|0x00000000b0e00000, 0x00000000b0e00000, 0x00000000b0f00000|  0%| F|  |TAMS 0x00000000b0e00000, 0x00000000b0e00000| Untracked 
|  15|0x00000000b0f00000, 0x00000000b0f00000, 0x00000000b1000000|  0%| F|  |TAMS 0x00000000b0f00000, 0x00000000b0f00000| Untracked 
|  16|0x00000000b1000000, 0x00000000b1000000, 0x00000000b1100000|  0%| F|  |TAMS 0x00000000b1000000, 0x00000000b1000000| Untracked 
|  17|0x00000000b1100000, 0x00000000b1100000, 0x00000000b1200000|  0%| F|  |TAMS 0x00000000b1100000, 0x00000000b1100000| Untracked 
|  18|0x00000000b1200000, 0x00000000b1200000, 0x00000000b1300000|  0%| F|  |TAMS 0x00000000b1200000, 0x00000000b1200000| Untracked 
|  19|0x00000000b1300000, 0x00000000b1300000, 0x00000000b1400000|  0%| F|  |TAMS 0x00000000b1300000, 0x00000000b1300000| Untracked 
|  20|0x00000000b1400000, 0x00000000b1400000, 0x00000000b1500000|  0%| F|  |TAMS 0x00000000b1400000, 0x00000000b1400000| Untracked 
|  21|0x00000000b1500000, 0x00000000b1500000, 0x00000000b1600000|  0%| F|  |TAMS 0x00000000b1500000, 0x00000000b1500000| Untracked 
|  22|0x00000000b1600000, 0x00000000b1600000, 0x00000000b1700000|  0%| F|  |TAMS 0x00000000b1600000, 0x00000000b1600000| Untracked 
|  23|0x00000000b1700000, 0x00000000b1700000, 0x00000000b1800000|  0%| F|  |TAMS 0x00000000b1700000, 0x00000000b1700000| Untracked 
|  24|0x00000000b1800000, 0x00000000b1800000, 0x00000000b1900000|  0%| F|  |TAMS 0x00000000b1800000, 0x00000000b1800000| Untracked 
|  25|0x00000000b1900000, 0x00000000b1900000, 0x00000000b1a00000|  0%| F|  |TAMS 0x00000000b1900000, 0x00000000b1900000| Untracked 
|  26|0x00000000b1a00000, 0x00000000b1a00000, 0x00000000b1b00000|  0%| F|  |TAMS 0x00000000b1a00000, 0x00000000b1a00000| Untracked 
|  27|0x00000000b1b00000, 0x00000000b1b00000, 0x00000000b1c00000|  0%| F|  |TAMS 0x00000000b1b00000, 0x00000000b1b00000| Untracked 
|  28|0x00000000b1c00000, 0x00000000b1c00000, 0x00000000b1d00000|  0%| F|  |TAMS 0x00000000b1c00000, 0x00000000b1c00000| Untracked 
|  29|0x00000000b1d00000, 0x00000000b1d00000, 0x00000000b1e00000|  0%| F|  |TAMS 0x00000000b1d00000, 0x00000000b1d00000| Untracked 
|  30|0x00000000b1e00000, 0x00000000b1e00000, 0x00000000b1f00000|  0%| F|  |TAMS 0x00000000b1e00000, 0x00000000b1e00000| Untracked 
|  31|0x00000000b1f00000, 0x00000000b1f00000, 0x00000000b2000000|  0%| F|  |TAMS 0x00000000b1f00000, 0x00000000b1f00000| Untracked 
|  32|0x00000000b2000000, 0x00000000b2000000, 0x00000000b2100000|  0%| F|  |TAMS 0x00000000b2000000, 0x00000000b2000000| Untracked 
|  33|0x00000000b2100000, 0x00000000b2100000, 0x00000000b2200000|  0%| F|  |TAMS 0x00000000b2100000, 0x00000000b2100000| Untracked 
|  34|0x00000000b2200000, 0x00000000b2200000, 0x00000000b2300000|  0%| F|  |TAMS 0x00000000b2200000, 0x00000000b2200000| Untracked 
|  35|0x00000000b2300000, 0x00000000b2300000, 0x00000000b2400000|  0%| F|  |TAMS 0x00000000b2300000, 0x00000000b2300000| Untracked 
|  36|0x00000000b2400000, 0x00000000b2400000, 0x00000000b2500000|  0%| F|  |TAMS 0x00000000b2400000, 0x00000000b2400000| Untracked 
|  37|0x00000000b2500000, 0x00000000b2500000, 0x00000000b2600000|  0%| F|  |TAMS 0x00000000b2500000, 0x00000000b2500000| Untracked 
|  38|0x00000000b2600000, 0x00000000b2600000, 0x00000000b2700000|  0%| F|  |TAMS 0x00000000b2600000, 0x00000000b2600000| Untracked 
|  39|0x00000000b2700000, 0x00000000b2700000, 0x00000000b2800000|  0%| F|  |TAMS 0x00000000b2700000, 0x00000000b2700000| Untracked 
|  40|0x00000000b2800000, 0x00000000b2800000, 0x00000000b2900000|  0%| F|  |TAMS 0x00000000b2800000, 0x00000000b2800000| Untracked 
|  41|0x00000000b2900000, 0x00000000b2900000, 0x00000000b2a00000|  0%| F|  |TAMS 0x00000000b2900000, 0x00000000b2900000| Untracked 
|  42|0x00000000b2a00000, 0x00000000b2a00000, 0x00000000b2b00000|  0%| F|  |TAMS 0x00000000b2a00000, 0x00000000b2a00000| Untracked 
|  43|0x00000000b2b00000, 0x00000000b2b00000, 0x00000000b2c00000|  0%| F|  |TAMS 0x00000000b2b00000, 0x00000000b2b00000| Untracked 
|  44|0x00000000b2c00000, 0x00000000b2c00000, 0x00000000b2d00000|  0%| F|  |TAMS 0x00000000b2c00000, 0x00000000b2c00000| Untracked 
|  45|0x00000000b2d00000, 0x00000000b2d00000, 0x00000000b2e00000|  0%| F|  |TAMS 0x00000000b2d00000, 0x00000000b2d00000| Untracked 
|  46|0x00000000b2e00000, 0x00000000b2e00000, 0x00000000b2f00000|  0%| F|  |TAMS 0x00000000b2e00000, 0x00000000b2e00000| Untracked 
|  47|0x00000000b2f00000, 0x00000000b2f00000, 0x00000000b3000000|  0%| F|  |TAMS 0x00000000b2f00000, 0x00000000b2f00000| Untracked 
|  48|0x00000000b3000000, 0x00000000b3000000, 0x00000000b3100000|  0%| F|  |TAMS 0x00000000b3000000, 0x00000000b3000000| Untracked 
|  49|0x00000000b3100000, 0x00000000b3100000, 0x00000000b3200000|  0%| F|  |TAMS 0x00000000b3100000, 0x00000000b3100000| Untracked 
|  50|0x00000000b3200000, 0x00000000b3200000, 0x00000000b3300000|  0%| F|  |TAMS 0x00000000b3200000, 0x00000000b3200000| Untracked 
|  51|0x00000000b3300000, 0x00000000b3300000, 0x00000000b3400000|  0%| F|  |TAMS 0x00000000b3300000, 0x00000000b3300000| Untracked 
|  52|0x00000000b3400000, 0x00000000b3400000, 0x00000000b3500000|  0%| F|  |TAMS 0x00000000b3400000, 0x00000000b3400000| Untracked 
|  53|0x00000000b3500000, 0x00000000b3500000, 0x00000000b3600000|  0%| F|  |TAMS 0x00000000b3500000, 0x00000000b3500000| Untracked 
|  54|0x00000000b3600000, 0x00000000b3600000, 0x00000000b3700000|  0%| F|  |TAMS 0x00000000b3600000, 0x00000000b3600000| Untracked 
|  55|0x00000000b3700000, 0x00000000b3700000, 0x00000000b3800000|  0%| F|  |TAMS 0x00000000b3700000, 0x00000000b3700000| Untracked 
|  56|0x00000000b3800000, 0x00000000b3800000, 0x00000000b3900000|  0%| F|  |TAMS 0x00000000b3800000, 0x00000000b3800000| Untracked 
|  57|0x00000000b3900000, 0x00000000b3900000, 0x00000000b3a00000|  0%| F|  |TAMS 0x00000000b3900000, 0x00000000b3900000| Untracked 
|  58|0x00000000b3a00000, 0x00000000b3a00000, 0x00000000b3b00000|  0%| F|  |TAMS 0x00000000b3a00000, 0x00000000b3a00000| Untracked 
|  59|0x00000000b3b00000, 0x00000000b3b00000, 0x00000000b3c00000|  0%| F|  |TAMS 0x00000000b3b00000, 0x00000000b3b00000| Untracked 
|  60|0x00000000b3c00000, 0x00000000b3c00000, 0x00000000b3d00000|  0%| F|  |TAMS 0x00000000b3c00000, 0x00000000b3c00000| Untracked 
|  61|0x00000000b3d00000, 0x00000000b3d00000, 0x00000000b3e00000|  0%| F|  |TAMS 0x00000000b3d00000, 0x00000000b3d00000| Untracked 
|  62|0x00000000b3e00000, 0x00000000b3e00000, 0x00000000b3f00000|  0%| F|  |TAMS 0x00000000b3e00000, 0x00000000b3e00000| Untracked 
|  63|0x00000000b3f00000, 0x00000000b3f00000, 0x00000000b4000000|  0%| F|  |TAMS 0x00000000b3f00000, 0x00000000b3f00000| Untracked 
|  64|0x00000000b4000000, 0x00000000b4000000, 0x00000000b4100000|  0%| F|  |TAMS 0x00000000b4000000, 0x00000000b4000000| Untracked 
|  65|0x00000000b4100000, 0x00000000b4100000, 0x00000000b4200000|  0%| F|  |TAMS 0x00000000b4100000, 0x00000000b4100000| Untracked 
|  66|0x00000000b4200000, 0x00000000b4200000, 0x00000000b4300000|  0%| F|  |TAMS 0x00000000b4200000, 0x00000000b4200000| Untracked 
|  67|0x00000000b4300000, 0x00000000b4300000, 0x00000000b4400000|  0%| F|  |TAMS 0x00000000b4300000, 0x00000000b4300000| Untracked 
|  68|0x00000000b4400000, 0x00000000b4400000, 0x00000000b4500000|  0%| F|  |TAMS 0x00000000b4400000, 0x00000000b4400000| Untracked 
|  69|0x00000000b4500000, 0x00000000b4548300, 0x00000000b4600000| 28%| E|  |TAMS 0x00000000b4500000, 0x00000000b4500000| Complete 
|  70|0x00000000b4600000, 0x00000000b4700000, 0x00000000b4700000|100%| E|CS|TAMS 0x00000000b4600000, 0x00000000b4600000| Complete 
|  71|0x00000000b4700000, 0x00000000b4800000, 0x00000000b4800000|100%| E|CS|TAMS 0x00000000b4700000, 0x00000000b4700000| Complete 
|  72|0x00000000b4800000, 0x00000000b4900000, 0x00000000b4900000|100%| E|CS|TAMS 0x00000000b4800000, 0x00000000b4800000| Complete 
|  73|0x00000000b4900000, 0x00000000b4a00000, 0x00000000b4a00000|100%| E|CS|TAMS 0x00000000b4900000, 0x00000000b4900000| Complete 
|  74|0x00000000b4a00000, 0x00000000b4b00000, 0x00000000b4b00000|100%| E|CS|TAMS 0x00000000b4a00000, 0x00000000b4a00000| Complete 
|  75|0x00000000b4b00000, 0x00000000b4c00000, 0x00000000b4c00000|100%| E|CS|TAMS 0x00000000b4b00000, 0x00000000b4b00000| Complete 
|  76|0x00000000b4c00000, 0x00000000b4d00000, 0x00000000b4d00000|100%| E|CS|TAMS 0x00000000b4c00000, 0x00000000b4c00000| Complete 
|  77|0x00000000b4d00000, 0x00000000b4e00000, 0x00000000b4e00000|100%| E|CS|TAMS 0x00000000b4d00000, 0x00000000b4d00000| Complete 
|  78|0x00000000b4e00000, 0x00000000b4f00000, 0x00000000b4f00000|100%| E|CS|TAMS 0x00000000b4e00000, 0x00000000b4e00000| Complete 
|  79|0x00000000b4f00000, 0x00000000b5000000, 0x00000000b5000000|100%| E|CS|TAMS 0x00000000b4f00000, 0x00000000b4f00000| Complete 

Card table byte_map: [0x00007f596e2b2000,0x00007f596e532000] _byte_map_base: 0x00007f596dd32000

Marking Bits (Prev, Next): (CMBitMap*) 0x00007f596805bb58, (CMBitMap*) 0x00007f596805bb98
 Prev Bits: [0x00007f596cc32000, 0x00007f596e032000)
 Next Bits: [0x00007f5957c00000, 0x00007f5959000000)

Polling page: 0x00007f59726e3000

Metaspace:

Usage:
  Non-class:      7,37 MB capacity,     7,26 MB ( 98%) used,   102,03 KB (  1%) free+waste,    13,88 KB ( <1%) overhead. 
      Class:    846,00 KB capacity,   745,85 KB ( 88%) used,    93,02 KB ( 11%) free+waste,     7,12 KB ( <1%) overhead. 
       Both:      8,20 MB capacity,     7,99 MB ( 97%) used,   195,05 KB (  2%) free+waste,    21,00 KB ( <1%) overhead. 

Virtual space:
  Non-class space:        8,00 MB reserved,       7,50 MB ( 94%) committed 
      Class space:        1,00 GB reserved,     896,00 KB ( <1%) committed 
             Both:        1,01 GB reserved,       8,38 MB ( <1%) committed 

Chunk freelists:
   Non-Class:  1,00 KB
       Class:  18,00 KB
        Both:  19,00 KB

MaxMetaspaceSize: unlimited
CompressedClassSpaceSize: 1,00 GB

CodeHeap 'non-profiled nmethods': size=120032Kb used=223Kb max_used=223Kb free=119808Kb
 bounds [0x00007f5960ac8000, 0x00007f5960d38000, 0x00007f5968000000]
CodeHeap 'profiled nmethods': size=120032Kb used=996Kb max_used=996Kb free=119035Kb
 bounds [0x00007f5959590000, 0x00007f5959800000, 0x00007f5960ac8000]
CodeHeap 'non-nmethods': size=5696Kb used=1122Kb max_used=1140Kb free=4573Kb
 bounds [0x00007f5959000000, 0x00007f5959270000, 0x00007f5959590000]
 total_blobs=1140 nmethods=599 adapters=267
 compilation: enabled
              stopped_count=0, restarted_count=0
 full_count=0

Compilation events (10 events):
Event: 1,311 Thread 0x00007f592c0a9000  597       4       java.io.UnixFileSystem::normalize (75 bytes)
Event: 1,314 Thread 0x00007f5968167000 nmethod 603 0x00007f5959684090 code [0x00007f5959684480, 0x00007f59596861d8]
Event: 1,314 Thread 0x00007f5968167000  604       3       java.lang.reflect.Modifier::isPublic (12 bytes)
Event: 1,314 Thread 0x00007f5968167000 nmethod 604 0x00007f5959686d10 code [0x00007f5959686ec0, 0x00007f5959687050]
Event: 1,314 Thread 0x00007f5968167000  606       3       sun.invoke.util.VerifyAccess::isClassAccessible (182 bytes)
Event: 1,318 Thread 0x00007f5968167000 nmethod 606 0x00007f5959687110 code [0x00007f59596874c0, 0x00007f5959688c78]
Event: 1,327 Thread 0x00007f592c0a9000 nmethod 597 0x00007f5960afe610 code [0x00007f5960afe7a0, 0x00007f5960afe9e8]
Event: 1,327 Thread 0x00007f592c0a9000  599       4       sun.net.www.ParseUtil::firstEncodeIndex (86 bytes)
Event: 1,335 Thread 0x00007f5968165000 nmethod 595 0x00007f5960afeb90 code [0x00007f5960afed40, 0x00007f5960aff378]
Event: 1,341 Thread 0x00007f592c0a9000 nmethod 599 0x00007f5960aff890 code [0x00007f5960affa20, 0x00007f5960affc18]

GC Heap History (0 events):
No events

Deoptimization events (4 events):
Event: 0,848 Thread 0x00007f5968016800 Uncommon trap: reason=unstable_if action=reinterpret pc=0x00007f5960adc304 method=java.util.HashMap.putVal(ILjava/lang/Object;Ljava/lang/Object;ZZ)Ljava/lang/Object; @ 81 c2
Event: 0,939 Thread 0x00007f5968016800 Uncommon trap: reason=unstable_if action=reinterpret pc=0x00007f5960ad5b58 method=java.io.DataInputStream.readUTF(Ljava/io/DataInput;)Ljava/lang/String; @ 31 c2
Event: 1,061 Thread 0x00007f5968016800 Uncommon trap: reason=unstable_if action=reinterpret pc=0x00007f5960adf164 method=java.util.HashMap.putVal(ILjava/lang/Object;Ljava/lang/Object;ZZ)Ljava/lang/Object; @ 236 c2
Event: 1,139 Thread 0x00007f5968016800 Uncommon trap: reason=unstable_if action=reinterpret pc=0x00007f5960af483c method=java.lang.String.<init>([CIILjava/lang/Void;)V @ 5 c2

Classes unloaded (0 events):
No events

Classes redefined (0 events):
No events

Internal exceptions (10 events):
Event: 0,713 Thread 0x00007f5968016800 Exception <a 'java/lang/NoSuchMethodError'{0x00000000b4c170f0}: 'int java.lang.invoke.DirectMethodHandle$Holder.invokeStatic(java.lang.Object, java.lang.Object)'> (0x00000000b4c170f0) 
thrown [/home/dmitry/Downloads/LOOM/loom/src/hotspot/share/interpreter/linkResolver.cpp, line 768]
for thread 0x00007f5968016800
Event: 0,716 Thread 0x00007f5968016800 Exception <a 'java/lang/NoSuchMethodError'{0x00000000b4c21730}: 'java.lang.Object java.lang.invoke.DirectMethodHandle$Holder.invokeVirtual(java.lang.Object, java.lang.Object)'> (0x00000000b4c21730) 
thrown [/home/dmitry/Downloads/LOOM/loom/src/hotspot/share/interpreter/linkResolver.cpp, line 768]
for thread 0x00007f5968016800
Event: 0,718 Thread 0x00007f5968016800 Exception <a 'java/lang/NoSuchMethodError'{0x00000000b4c292f8}: 'int java.lang.invoke.DirectMethodHandle$Holder.invokeSpecial(java.lang.Object, java.lang.Object)'> (0x00000000b4c292f8) 
thrown [/home/dmitry/Downloads/LOOM/loom/src/hotspot/share/interpreter/linkResolver.cpp, line 768]
for thread 0x00007f5968016800
Event: 0,959 Thread 0x00007f5968016800 Exception <a 'java/lang/NoSuchMethodError'{0x00000000b4ab9eb8}: 'void java.lang.invoke.DirectMethodHandle$Holder.invokeStatic(java.lang.Object, java.lang.Object, java.lang.Object)'> (0x00000000b4ab9eb8) 
thrown [/home/dmitry/Downloads/LOOM/loom/src/hotspot/share/interpreter/linkResolver.cpp, line 768]
for thread 0x00007f5968016800
Event: 0,971 Thread 0x00007f5968016800 Exception <a 'java/lang/NoSuchMethodError'{0x00000000b4ae5470}: 'java.lang.Object java.lang.invoke.Invokers$Holder.linkToTargetMethod(java.lang.Object, java.lang.Object, java.lang.Object, java.lang.Object)'> (0x00000000b4ae5470) 
thrown [/home/dmitry/Downloads/LOOM/loom/src/hotspot/share/interpreter/linkResolver.cpp, line 768]
for thread 0x00007f5968016800
Event: 1,211 Thread 0x00007f59682be800 Exception <a 'java/lang/NoSuchMethodError'{0x00000000b4804e20}: 'java.lang.Object java.lang.invoke.DirectMethodHandle$Holder.invokeStatic(java.lang.Object)'> (0x00000000b4804e20) 
thrown [/home/dmitry/Downloads/LOOM/loom/src/hotspot/share/interpreter/linkResolver.cpp, line 768]
for thread 0x00007f59682be800
Event: 1,212 Thread 0x00007f59682be800 Exception <a 'java/lang/NoSuchMethodError'{0x00000000b4807c38}: 'java.lang.Object java.lang.invoke.DirectMethodHandle$Holder.invokeStaticInit(java.lang.Object)'> (0x00000000b4807c38) 
thrown [/home/dmitry/Downloads/LOOM/loom/src/hotspot/share/interpreter/linkResolver.cpp, line 768]
for thread 0x00007f59682be800
Event: 1,269 Thread 0x00007f5968016800 Exception <a 'java/lang/NoSuchMethodError'{0x00000000b4716da0}: 'java.lang.Object java.lang.invoke.DirectMethodHandle$Holder.invokeStaticInit(java.lang.Object, java.lang.Object)'> (0x00000000b4716da0) 
thrown [/home/dmitry/Downloads/LOOM/loom/src/hotspot/share/interpreter/linkResolver.cpp, line 768]
for thread 0x00007f5968016800
Event: 1,271 Thread 0x00007f5968016800 Exception <a 'java/lang/NoSuchMethodError'{0x00000000b4720258}: 'java.lang.Object java.lang.invoke.DirectMethodHandle$Holder.invokeStaticInit(java.lang.Object, java.lang.Object, java.lang.Object)'> (0x00000000b4720258) 
thrown [/home/dmitry/Downloads/LOOM/loom/src/hotspot/share/interpreter/linkResolver.cpp, line 768]
for thread 0x00007f5968016800
Event: 1,280 Thread 0x00007f5968016800 Exception <a 'java/lang/NoSuchMethodError'{0x00000000b473f7b8}: 'int java.lang.invoke.DirectMethodHandle$Holder.invokeSpecial(java.lang.Object, java.lang.Object, java.lang.Object)'> (0x00000000b473f7b8) 
thrown [/home/dmitry/Downloads/LOOM/loom/src/hotspot/share/interpreter/linkResolver.cpp, line 768]
for thread 0x00007f5968016800

Events (10 events):
Event: 1,311 loading class java/util/concurrent/FutureTask done
Event: 1,311 loading class java/util/concurrent/FutureTask$WaitNode
Event: 1,311 loading class java/util/concurrent/FutureTask$WaitNode done
Event: 1,311 loading class java/util/concurrent/Executors$RunnableAdapter
Event: 1,311 loading class java/util/concurrent/Executors$RunnableAdapter done
Event: 1,311 loading class java/util/concurrent/ThreadPoolExecutor$Worker
Event: 1,311 loading class java/util/concurrent/ThreadPoolExecutor$Worker done
Event: 1,319 Thread 0x00007f5968305000 Thread added: 0x00007f5968305000
Event: 1,332 Thread 0x00007f5968306800 Thread added: 0x00007f5968306800
Event: 1,335 Thread 0x00007f5968308000 Thread added: 0x00007f5968308000


Dynamic libraries:
b0000000-b5000000 rw-p 00000000 00:00 0 
b5000000-100000000 ---p 00000000 00:00 0 
100000000-1000e0000 rw-p 00000000 00:00 0 
1000e0000-140000000 ---p 00000000 00:00 0 
563a2e2d6000-563a2e2d7000 r-xp 00000000 08:01 2499595                    /home/dmitry/Downloads/LOOM/loom/build/linux-x86_64-server-release/jdk/bin/java
563a2e4d7000-563a2e4d8000 r--p 00001000 08:01 2499595                    /home/dmitry/Downloads/LOOM/loom/build/linux-x86_64-server-release/jdk/bin/java
563a2e4d8000-563a2e4d9000 rw-p 00002000 08:01 2499595                    /home/dmitry/Downloads/LOOM/loom/build/linux-x86_64-server-release/jdk/bin/java
563a2ed24000-563a2ed45000 rw-p 00000000 00:00 0                          [heap]
7f58f8000000-7f58f8021000 rw-p 00000000 00:00 0 
7f58f8021000-7f58fc000000 ---p 00000000 00:00 0 
7f5900000000-7f5900021000 rw-p 00000000 00:00 0 
7f5900021000-7f5904000000 ---p 00000000 00:00 0 
7f5904000000-7f5904021000 rw-p 00000000 00:00 0 
7f5904021000-7f5908000000 ---p 00000000 00:00 0 
7f5908000000-7f5908021000 rw-p 00000000 00:00 0 
7f5908021000-7f590c000000 ---p 00000000 00:00 0 
7f590c000000-7f590c021000 rw-p 00000000 00:00 0 
7f590c021000-7f5910000000 ---p 00000000 00:00 0 
7f5910000000-7f5910021000 rw-p 00000000 00:00 0 
7f5910021000-7f5914000000 ---p 00000000 00:00 0 
7f5914000000-7f5914021000 rw-p 00000000 00:00 0 
7f5914021000-7f5918000000 ---p 00000000 00:00 0 
7f5918000000-7f5918198000 rw-p 00000000 00:00 0 
7f5918198000-7f591c000000 ---p 00000000 00:00 0 
7f591edee000-7f591f1e9000 rw-p 00000000 00:00 0 
7f591f1e9000-7f591f1ed000 ---p 00000000 00:00 0 
7f591f1ed000-7f591f2ea000 rw-p 00000000 00:00 0 
7f591f2ea000-7f591f2ee000 ---p 00000000 00:00 0 
7f591f2ee000-7f591f3eb000 rw-p 00000000 00:00 0 
7f591f3eb000-7f591f3ef000 ---p 00000000 00:00 0 
7f591f3ef000-7f591f4ec000 rw-p 00000000 00:00 0 
7f591f4ec000-7f591f4f0000 ---p 00000000 00:00 0 
7f591f4f0000-7f591f5ed000 rw-p 00000000 00:00 0 
7f591f5ed000-7f591f5f2000 r-xp 00000000 08:01 2636673                    /home/dmitry/Downloads/LOOM/loom/build/linux-x86_64-server-release/jdk/lib/libmanagement_ext.so
7f591f5f2000-7f591f7f1000 ---p 00005000 08:01 2636673                    /home/dmitry/Downloads/LOOM/loom/build/linux-x86_64-server-release/jdk/lib/libmanagement_ext.so
7f591f7f1000-7f591f7f2000 r--p 00004000 08:01 2636673                    /home/dmitry/Downloads/LOOM/loom/build/linux-x86_64-server-release/jdk/lib/libmanagement_ext.so
7f591f7f2000-7f591f7f3000 rw-p 00005000 08:01 2636673                    /home/dmitry/Downloads/LOOM/loom/build/linux-x86_64-server-release/jdk/lib/libmanagement_ext.so
7f591f7f3000-7f591f7f7000 r-xp 00000000 08:01 2636274                    /home/dmitry/Downloads/LOOM/loom/build/linux-x86_64-server-release/jdk/lib/libmanagement.so
7f591f7f7000-7f591f9f6000 ---p 00004000 08:01 2636274                    /home/dmitry/Downloads/LOOM/loom/build/linux-x86_64-server-release/jdk/lib/libmanagement.so
7f591f9f6000-7f591f9f7000 r--p 00003000 08:01 2636274                    /home/dmitry/Downloads/LOOM/loom/build/linux-x86_64-server-release/jdk/lib/libmanagement.so
7f591f9f7000-7f591f9f8000 rw-p 00004000 08:01 2636274                    /home/dmitry/Downloads/LOOM/loom/build/linux-x86_64-server-release/jdk/lib/libmanagement.so
7f591f9f8000-7f591f9fa000 r-xp 00000000 08:01 2636675                    /home/dmitry/Downloads/LOOM/loom/build/linux-x86_64-server-release/jdk/lib/libextnet.so
7f591f9fa000-7f591fbf9000 ---p 00002000 08:01 2636675                    /home/dmitry/Downloads/LOOM/loom/build/linux-x86_64-server-release/jdk/lib/libextnet.so
7f591fbf9000-7f591fbfa000 r--p 00001000 08:01 2636675                    /home/dmitry/Downloads/LOOM/loom/build/linux-x86_64-server-release/jdk/lib/libextnet.so
7f591fbfa000-7f591fbfb000 rw-p 00002000 08:01 2636675                    /home/dmitry/Downloads/LOOM/loom/build/linux-x86_64-server-release/jdk/lib/libextnet.so
7f591fbfb000-7f591fbff000 ---p 00000000 00:00 0 
7f591fbff000-7f591fcfc000 rw-p 00000000 00:00 0 
7f591fcfc000-7f591fcfd000 ---p 00000000 00:00 0 
7f591fcfd000-7f591fdfe000 rw-p 00000000 00:00 0 
7f591fdfe000-7f591fe02000 ---p 00000000 00:00 0 
7f591fe02000-7f591feff000 rw-p 00000000 00:00 0 
7f591feff000-7f591ff03000 ---p 00000000 00:00 0 
7f591ff03000-7f5920000000 rw-p 00000000 00:00 0 
7f5920000000-7f5920021000 rw-p 00000000 00:00 0 
7f5920021000-7f5924000000 ---p 00000000 00:00 0 
7f5924000000-7f5924021000 rw-p 00000000 00:00 0 
7f5924021000-7f5928000000 ---p 00000000 00:00 0 
7f5928000000-7f59283c3000 rw-p 00000000 00:00 0 
7f59283c3000-7f592c000000 ---p 00000000 00:00 0 
7f592c000000-7f592c197000 rw-p 00000000 00:00 0 
7f592c197000-7f5930000000 ---p 00000000 00:00 0 
7f5930000000-7f5930021000 rw-p 00000000 00:00 0 
7f5930021000-7f5934000000 ---p 00000000 00:00 0 
7f5934000000-7f5934021000 rw-p 00000000 00:00 0 
7f5934021000-7f5938000000 ---p 00000000 00:00 0 
7f5938000000-7f5938021000 rw-p 00000000 00:00 0 
7f5938021000-7f593c000000 ---p 00000000 00:00 0 
7f593c000000-7f593c021000 rw-p 00000000 00:00 0 
7f593c021000-7f5940000000 ---p 00000000 00:00 0 
7f5940000000-7f5940021000 rw-p 00000000 00:00 0 
7f5940021000-7f5944000000 ---p 00000000 00:00 0 
7f5944000000-7f5944021000 rw-p 00000000 00:00 0 
7f5944021000-7f5948000000 ---p 00000000 00:00 0 
7f5948000000-7f5948021000 rw-p 00000000 00:00 0 
7f5948021000-7f594c000000 ---p 00000000 00:00 0 
7f594c000000-7f594c021000 rw-p 00000000 00:00 0 
7f594c021000-7f5950000000 ---p 00000000 00:00 0 
7f5950000000-7f5950021000 rw-p 00000000 00:00 0 
7f5950021000-7f5954000000 ---p 00000000 00:00 0 
7f5954001000-7f5954005000 ---p 00000000 00:00 0 
7f5954005000-7f5954102000 rw-p 00000000 00:00 0 
7f5954102000-7f5954118000 r-xp 00000000 08:01 2636270                    /home/dmitry/Downloads/LOOM/loom/build/linux-x86_64-server-release/jdk/lib/libnet.so
7f5954118000-7f5954318000 ---p 00016000 08:01 2636270                    /home/dmitry/Downloads/LOOM/loom/build/linux-x86_64-server-release/jdk/lib/libnet.so
7f5954318000-7f5954319000 r--p 00016000 08:01 2636270                    /home/dmitry/Downloads/LOOM/loom/build/linux-x86_64-server-release/jdk/lib/libnet.so
7f5954319000-7f595431a000 rw-p 00017000 08:01 2636270                    /home/dmitry/Downloads/LOOM/loom/build/linux-x86_64-server-release/jdk/lib/libnet.so
7f595431a000-7f595432b000 r-xp 00000000 08:01 2636272                    /home/dmitry/Downloads/LOOM/loom/build/linux-x86_64-server-release/jdk/lib/libnio.so
7f595432b000-7f595452a000 ---p 00011000 08:01 2636272                    /home/dmitry/Downloads/LOOM/loom/build/linux-x86_64-server-release/jdk/lib/libnio.so
7f595452a000-7f595452b000 r--p 00010000 08:01 2636272                    /home/dmitry/Downloads/LOOM/loom/build/linux-x86_64-server-release/jdk/lib/libnio.so
7f595452b000-7f595452c000 rw-p 00011000 08:01 2636272                    /home/dmitry/Downloads/LOOM/loom/build/linux-x86_64-server-release/jdk/lib/libnio.so
7f595452c000-7f5954530000 ---p 00000000 00:00 0 
7f5954530000-7f595462d000 rw-p 00000000 00:00 0 
7f595462d000-7f5954631000 ---p 00000000 00:00 0 
7f5954631000-7f595472e000 rw-p 00000000 00:00 0 
7f595472e000-7f5954732000 ---p 00000000 00:00 0 
7f5954732000-7f595482f000 rw-p 00000000 00:00 0 
7f595482f000-7f5954833000 ---p 00000000 00:00 0 
7f5954833000-7f5954930000 rw-p 00000000 00:00 0 
7f5954930000-7f59552ff000 r--p 00000000 08:01 10230401                   /usr/lib/locale/locale-archive
7f59552ff000-7f5955303000 ---p 00000000 00:00 0 
7f5955303000-7f5955b80000 rw-p 00000000 00:00 0 
7f5955b80000-7f5955c00000 ---p 00000000 00:00 0 
7f5955c00000-7f5957d40000 rw-p 00000000 00:00 0 
7f5957d40000-7f5959000000 ---p 00000000 00:00 0 
7f5959000000-7f5959270000 rwxp 00000000 00:00 0 
7f5959270000-7f5959590000 ---p 00000000 00:00 0 
7f5959590000-7f5959800000 rwxp 00000000 00:00 0 
7f5959800000-7f5960ac8000 ---p 00000000 00:00 0 
7f5960ac8000-7f5960d38000 rwxp 00000000 00:00 0 
7f5960d38000-7f5968000000 ---p 00000000 00:00 0 
7f5968000000-7f596830c000 rw-p 00000000 00:00 0 
7f596830c000-7f596c000000 ---p 00000000 00:00 0 
7f596c014000-7f596c045000 rw-p 00000000 00:00 0 
7f596c045000-7f596c049000 ---p 00000000 00:00 0 
7f596c049000-7f596c146000 rw-p 00000000 00:00 0 
7f596c146000-7f596c147000 ---p 00000000 00:00 0 
7f596c147000-7f596c324000 rw-p 00000000 00:00 0 
7f596c324000-7f596c325000 ---p 00000000 00:00 0 
7f596c325000-7f596c426000 rw-p 00000000 00:00 0 
7f596c426000-7f596c427000 ---p 00000000 00:00 0 
7f596c427000-7f596c92c000 rw-p 00000000 00:00 0 
7f596c92c000-7f596c92d000 ---p 00000000 00:00 0 
7f596c92d000-7f596ca2e000 rw-p 00000000 00:00 0 
7f596ca2e000-7f596ca2f000 ---p 00000000 00:00 0 
7f596ca2f000-7f596cb30000 rw-p 00000000 00:00 0 
7f596cb30000-7f596cb31000 ---p 00000000 00:00 0 
7f596cb31000-7f596cd72000 rw-p 00000000 00:00 0 
7f596cd72000-7f596e032000 ---p 00000000 00:00 0 
7f596e032000-7f596e05a000 rw-p 00000000 00:00 0 
7f596e05a000-7f596e2b2000 ---p 00000000 00:00 0 
7f596e2b2000-7f596e2da000 rw-p 00000000 00:00 0 
7f596e2da000-7f596e532000 ---p 00000000 00:00 0 
7f596e532000-7f596e55a000 rw-p 00000000 00:00 0 
7f596e55a000-7f596e7b2000 ---p 00000000 00:00 0 
7f596e7b2000-7f596ebbb000 rw-p 00000000 00:00 0 
7f596ebbb000-7f596eca1000 ---p 00000000 00:00 0 
7f596eca1000-7f596eca6000 rw-p 00000000 00:00 0 
7f596eca6000-7f596ed8c000 ---p 00000000 00:00 0 
7f596ed8c000-7f596eda7000 r-xp 00000000 08:01 2636268                    /home/dmitry/Downloads/LOOM/loom/build/linux-x86_64-server-release/jdk/lib/libjimage.so
7f596eda7000-7f596efa6000 ---p 0001b000 08:01 2636268                    /home/dmitry/Downloads/LOOM/loom/build/linux-x86_64-server-release/jdk/lib/libjimage.so
7f596efa6000-7f596efa8000 r--p 0001a000 08:01 2636268                    /home/dmitry/Downloads/LOOM/loom/build/linux-x86_64-server-release/jdk/lib/libjimage.so
7f596efa8000-7f596efa9000 rw-p 0001c000 08:01 2636268                    /home/dmitry/Downloads/LOOM/loom/build/linux-x86_64-server-release/jdk/lib/libjimage.so
7f596efa9000-7f596efb0000 r-xp 00000000 08:01 2636265                    /home/dmitry/Downloads/LOOM/loom/build/linux-x86_64-server-release/jdk/lib/libzip.so
7f596efb0000-7f596f1af000 ---p 00007000 08:01 2636265                    /home/dmitry/Downloads/LOOM/loom/build/linux-x86_64-server-release/jdk/lib/libzip.so
7f596f1af000-7f596f1b0000 r--p 00006000 08:01 2636265                    /home/dmitry/Downloads/LOOM/loom/build/linux-x86_64-server-release/jdk/lib/libzip.so
7f596f1b0000-7f596f1b1000 rw-p 00007000 08:01 2636265                    /home/dmitry/Downloads/LOOM/loom/build/linux-x86_64-server-release/jdk/lib/libzip.so
7f596f1b1000-7f596f1bc000 r-xp 00000000 08:01 1184572                    /lib/x86_64-linux-gnu/libnss_files-2.27.so
7f596f1bc000-7f596f3bb000 ---p 0000b000 08:01 1184572                    /lib/x86_64-linux-gnu/libnss_files-2.27.so
7f596f3bb000-7f596f3bc000 r--p 0000a000 08:01 1184572                    /lib/x86_64-linux-gnu/libnss_files-2.27.so
7f596f3bc000-7f596f3bd000 rw-p 0000b000 08:01 1184572                    /lib/x86_64-linux-gnu/libnss_files-2.27.so
7f596f3bd000-7f596f3c3000 rw-p 00000000 00:00 0 
7f596f3c3000-7f596f3da000 r-xp 00000000 08:01 1184566                    /lib/x86_64-linux-gnu/libnsl-2.27.so
7f596f3da000-7f596f5d9000 ---p 00017000 08:01 1184566                    /lib/x86_64-linux-gnu/libnsl-2.27.so
7f596f5d9000-7f596f5da000 r--p 00016000 08:01 1184566                    /lib/x86_64-linux-gnu/libnsl-2.27.so
7f596f5da000-7f596f5db000 rw-p 00017000 08:01 1184566                    /lib/x86_64-linux-gnu/libnsl-2.27.so
7f596f5db000-7f596f5dd000 rw-p 00000000 00:00 0 
7f596f5dd000-7f596f5e8000 r-xp 00000000 08:01 1184583                    /lib/x86_64-linux-gnu/libnss_nis-2.27.so
7f596f5e8000-7f596f7e7000 ---p 0000b000 08:01 1184583                    /lib/x86_64-linux-gnu/libnss_nis-2.27.so
7f596f7e7000-7f596f7e8000 r--p 0000a000 08:01 1184583                    /lib/x86_64-linux-gnu/libnss_nis-2.27.so
7f596f7e8000-7f596f7e9000 rw-p 0000b000 08:01 1184583                    /lib/x86_64-linux-gnu/libnss_nis-2.27.so
7f596f7e9000-7f596f7f1000 r-xp 00000000 08:01 1184568                    /lib/x86_64-linux-gnu/libnss_compat-2.27.so
7f596f7f1000-7f596f9f1000 ---p 00008000 08:01 1184568                    /lib/x86_64-linux-gnu/libnss_compat-2.27.so
7f596f9f1000-7f596f9f2000 r--p 00008000 08:01 1184568                    /lib/x86_64-linux-gnu/libnss_compat-2.27.so
7f596f9f2000-7f596f9f3000 rw-p 00009000 08:01 1184568                    /lib/x86_64-linux-gnu/libnss_compat-2.27.so
7f596f9f3000-7f596fa1c000 r-xp 00000000 08:01 2636264                    /home/dmitry/Downloads/LOOM/loom/build/linux-x86_64-server-release/jdk/lib/libjava.so
7f596fa1c000-7f596fc1b000 ---p 00029000 08:01 2636264                    /home/dmitry/Downloads/LOOM/loom/build/linux-x86_64-server-release/jdk/lib/libjava.so
7f596fc1b000-7f596fc1c000 r--p 00028000 08:01 2636264                    /home/dmitry/Downloads/LOOM/loom/build/linux-x86_64-server-release/jdk/lib/libjava.so
7f596fc1c000-7f596fc1e000 rw-p 00029000 08:01 2636264                    /home/dmitry/Downloads/LOOM/loom/build/linux-x86_64-server-release/jdk/lib/libjava.so
7f596fc1e000-7f596fc2b000 r-xp 00000000 08:01 2636257                    /home/dmitry/Downloads/LOOM/loom/build/linux-x86_64-server-release/jdk/lib/libverify.so
7f596fc2b000-7f596fe2a000 ---p 0000d000 08:01 2636257                    /home/dmitry/Downloads/LOOM/loom/build/linux-x86_64-server-release/jdk/lib/libverify.so
7f596fe2a000-7f596fe2c000 r--p 0000c000 08:01 2636257                    /home/dmitry/Downloads/LOOM/loom/build/linux-x86_64-server-release/jdk/lib/libverify.so
7f596fe2c000-7f596fe2d000 rw-p 0000e000 08:01 2636257                    /home/dmitry/Downloads/LOOM/loom/build/linux-x86_64-server-release/jdk/lib/libverify.so
7f596fe2d000-7f596ffca000 r-xp 00000000 08:01 1184545                    /lib/x86_64-linux-gnu/libm-2.27.so
7f596ffca000-7f59701c9000 ---p 0019d000 08:01 1184545                    /lib/x86_64-linux-gnu/libm-2.27.so
7f59701c9000-7f59701ca000 r--p 0019c000 08:01 1184545                    /lib/x86_64-linux-gnu/libm-2.27.so
7f59701ca000-7f59701cb000 rw-p 0019d000 08:01 1184545                    /lib/x86_64-linux-gnu/libm-2.27.so
7f59701cb000-7f59714f7000 r-xp 00000000 08:01 2636255                    /home/dmitry/Downloads/LOOM/loom/build/linux-x86_64-server-release/jdk/lib/server/libjvm.so
7f59714f7000-7f59716f6000 ---p 0132c000 08:01 2636255                    /home/dmitry/Downloads/LOOM/loom/build/linux-x86_64-server-release/jdk/lib/server/libjvm.so
7f59716f6000-7f59717be000 r--p 0132b000 08:01 2636255                    /home/dmitry/Downloads/LOOM/loom/build/linux-x86_64-server-release/jdk/lib/server/libjvm.so
7f59717be000-7f59717f9000 rw-p 013f3000 08:01 2636255                    /home/dmitry/Downloads/LOOM/loom/build/linux-x86_64-server-release/jdk/lib/server/libjvm.so
7f59717f9000-7f597187f000 rw-p 00000000 00:00 0 
7f597187f000-7f5971899000 r-xp 00000000 08:01 1184615                    /lib/x86_64-linux-gnu/libpthread-2.27.so
7f5971899000-7f5971a98000 ---p 0001a000 08:01 1184615                    /lib/x86_64-linux-gnu/libpthread-2.27.so
7f5971a98000-7f5971a99000 r--p 00019000 08:01 1184615                    /lib/x86_64-linux-gnu/libpthread-2.27.so
7f5971a99000-7f5971a9a000 rw-p 0001a000 08:01 1184615                    /lib/x86_64-linux-gnu/libpthread-2.27.so
7f5971a9a000-7f5971a9e000 rw-p 00000000 00:00 0 
7f5971a9e000-7f5971aa1000 r-xp 00000000 08:01 1184505                    /lib/x86_64-linux-gnu/libdl-2.27.so
7f5971aa1000-7f5971ca0000 ---p 00003000 08:01 1184505                    /lib/x86_64-linux-gnu/libdl-2.27.so
7f5971ca0000-7f5971ca1000 r--p 00002000 08:01 1184505                    /lib/x86_64-linux-gnu/libdl-2.27.so
7f5971ca1000-7f5971ca2000 rw-p 00003000 08:01 1184505                    /lib/x86_64-linux-gnu/libdl-2.27.so
7f5971ca2000-7f5971cbe000 r-xp 00000000 08:01 1184654                    /lib/x86_64-linux-gnu/libz.so.1.2.11
7f5971cbe000-7f5971ebd000 ---p 0001c000 08:01 1184654                    /lib/x86_64-linux-gnu/libz.so.1.2.11
7f5971ebd000-7f5971ebe000 r--p 0001b000 08:01 1184654                    /lib/x86_64-linux-gnu/libz.so.1.2.11
7f5971ebe000-7f5971ebf000 rw-p 0001c000 08:01 1184654                    /lib/x86_64-linux-gnu/libz.so.1.2.11
7f5971ebf000-7f59720a6000 r-xp 00000000 08:01 1184482                    /lib/x86_64-linux-gnu/libc-2.27.so
7f59720a6000-7f59722a6000 ---p 001e7000 08:01 1184482                    /lib/x86_64-linux-gnu/libc-2.27.so
7f59722a6000-7f59722aa000 r--p 001e7000 08:01 1184482                    /lib/x86_64-linux-gnu/libc-2.27.so
7f59722aa000-7f59722ac000 rw-p 001eb000 08:01 1184482                    /lib/x86_64-linux-gnu/libc-2.27.so
7f59722ac000-7f59722b0000 rw-p 00000000 00:00 0 
7f59722b0000-7f59722c0000 r-xp 00000000 08:01 2636258                    /home/dmitry/Downloads/LOOM/loom/build/linux-x86_64-server-release/jdk/lib/libjli.so
7f59722c0000-7f59724bf000 ---p 00010000 08:01 2636258                    /home/dmitry/Downloads/LOOM/loom/build/linux-x86_64-server-release/jdk/lib/libjli.so
7f59724bf000-7f59724c0000 r--p 0000f000 08:01 2636258                    /home/dmitry/Downloads/LOOM/loom/build/linux-x86_64-server-release/jdk/lib/libjli.so
7f59724c0000-7f59724c1000 rw-p 00010000 08:01 2636258                    /home/dmitry/Downloads/LOOM/loom/build/linux-x86_64-server-release/jdk/lib/libjli.so
7f59724c1000-7f59724e8000 r-xp 00000000 08:01 1184454                    /lib/x86_64-linux-gnu/ld-2.27.so
7f5972515000-7f59725c8000 rw-p 00000000 00:00 0 
7f59725c8000-7f59725cf000 ---p 00000000 00:00 0 
7f59725cf000-7f59725d3000 ---p 00000000 00:00 0 
7f59725d3000-7f59726d2000 rw-p 00000000 00:00 0 
7f59726db000-7f59726e3000 rw-s 00000000 08:01 524339                     /tmp/hsperfdata_dmitry/19074
7f59726e3000-7f59726e4000 ---p 00000000 00:00 0 
7f59726e4000-7f59726e5000 r--p 00000000 00:00 0 
7f59726e5000-7f59726e6000 ---p 00000000 00:00 0 
7f59726e6000-7f59726e8000 rw-p 00000000 00:00 0 
7f59726e8000-7f59726e9000 r--p 00027000 08:01 1184454                    /lib/x86_64-linux-gnu/ld-2.27.so
7f59726e9000-7f59726ea000 rw-p 00028000 08:01 1184454                    /lib/x86_64-linux-gnu/ld-2.27.so
7f59726ea000-7f59726eb000 rw-p 00000000 00:00 0 
7ffdc19dc000-7ffdc19ff000 rw-p 00000000 00:00 0                          [stack]
7ffdc1a2b000-7ffdc1a2e000 r--p 00000000 00:00 0                          [vvar]
7ffdc1a2e000-7ffdc1a30000 r-xp 00000000 00:00 0                          [vdso]
ffffffffff600000-ffffffffff601000 r-xp 00000000 00:00 0                  [vsyscall]


VM Arguments:
jvm_args: -Didea.launcher.port=30579 -Didea.launcher.bin.path=/home/dmitry/Downloads/idea-IC-183.5912.21/bin -Dfile.encoding=UTF-8 
java_command: com.intellij.rt.execution.application.AppMainV2 NewMain
java_class_path (initial): /home/dmitry/Downloads/LOOM/loom/build/linux-x86_64-server-release/jdk/modules/java.base:/home/dmitry/Downloads/LOOM/loom/build/linux-x86_64-server-release/jdk/modules/java.compiler:/home/dmitry/Downloads/LOOM/loom/build/linux-x86_64-server-release/jdk/modules/java.datatransfer:/home/dmitry/Downloads/LOOM/loom/build/linux-x86_64-server-release/jdk/modules/java.desktop:/home/dmitry/Downloads/LOOM/loom/build/linux-x86_64-server-release/jdk/modules/java.instrument:/home/dmitry/Downloads/LOOM/loom/build/linux-x86_64-server-release/jdk/modules/java.logging:/home/dmitry/Downloads/LOOM/loom/build/linux-x86_64-server-release/jdk/modules/java.management:/home/dmitry/Downloads/LOOM/loom/build/linux-x86_64-server-release/jdk/modules/java.management.rmi:/home/dmitry/Downloads/LOOM/loom/build/linux-x86_64-server-release/jdk/modules/java.naming:/home/dmitry/Downloads/LOOM/loom/build/linux-x86_64-server-release/jdk/modules/java.net.http:/home/dmitry/Downloads/LOOM/loom/build/linux-x86_64-server-release/jdk/modules/java.prefs:/home/dmitry/Downloads/LOOM/loom/build/linux-x86_64-server-release/jdk/modules/java.rmi:/home/dmitry/Downloads/LOOM/loom/build/linux-x86_64-server-release/jdk/modules/java.scripting:/home/dmitry/Downloads/LOOM/loom/build/linux-x86_64-server-release/jdk/modules/java.se:/home/dmitry/Downloads/LOOM/loom/build/linux-x86_64-server-release/jdk/modules/java.security.jgss:/home/dmitry/Downloads/LOOM/loom/build/linux-x86_64-server-release/jdk/modules/java.security.sasl:/home/dmitry/Downloads/LOOM/loom/build/linux-x86_64-server-release/jdk/modules/java.smartcardio:/home/dmitry/Downloads/LOOM/loom/build/linux-x86_64-server-release/jdk/modules/java.sql:/home/dmitry/Downloads/LOOM/loom/build/linux-x86_64-server-release/jdk/modules/java.sql.rowset:/home/dmitry/Downloads/LOOM/loom/build/linux-x86_64-server-release/jdk/modules/java.transaction.xa:/home/dmitry/Downloads/LOOM/loom/build/linux-x86_64-server-release/jdk/modules/java.xml:/home/dmitry/D
Launcher Type: SUN_STANDARD

[Global flags]
     intx CICompilerCount                          = 3                                         {product} {ergonomic}
     uint ConcGCThreads                            = 1                                         {product} {ergonomic}
     uint G1ConcRefinementThreads                  = 4                                         {product} {ergonomic}
   size_t G1HeapRegionSize                         = 1048576                                   {product} {ergonomic}
    uintx GCDrainStackTargetSize                   = 64                                        {product} {ergonomic}
   size_t InitialHeapSize                          = 83886080                                  {product} {ergonomic}
   size_t MarkStackSize                            = 4194304                                   {product} {ergonomic}
   size_t MaxHeapSize                              = 1342177280                                {product} {ergonomic}
   size_t MaxNewSize                               = 805306368                                 {product} {ergonomic}
   size_t MinHeapDeltaBytes                        = 1048576                                   {product} {ergonomic}
    uintx NonNMethodCodeHeapSize                   = 5830732                                {pd product} {ergonomic}
    uintx NonProfiledCodeHeapSize                  = 122913754                              {pd product} {ergonomic}
    uintx ProfiledCodeHeapSize                     = 122913754                              {pd product} {ergonomic}
    uintx ReservedCodeCacheSize                    = 251658240                              {pd product} {ergonomic}
     bool SegmentedCodeCache                       = true                                      {product} {ergonomic}
     bool UseCompressedClassPointers               = true                                 {lp64_product} {ergonomic}
     bool UseCompressedOops                        = true                                 {lp64_product} {ergonomic}
     bool UseG1GC                                  = true                                      {product} {ergonomic}

Logging:
Log output configuration:
 #0: stdout all=warning uptime,level,tags
 #1: stderr all=off uptime,level,tags

Environment Variables:
JAVA_HOME=/home/dmitry/usr/local/java/jdk1.8.0
PATH=/bin:/home/dmitry/Downloads/LOOM/loom/build/linux-x86_64-server-slowdebug/jdk/bin:/usr/local/sbin:/usr/local/bin:/usr/sbin:/usr/bin:/sbin:/bin:/usr/games:/usr/local/games:/snap/bin
USERNAME=dmitry
SHELL=/bin/bash
DISPLAY=:0

Signal Handlers:
SIGSEGV: [libjvm.so+0xfe3c20], sa_mask[0]=11111111011111111101111111111110, sa_flags=SA_RESTART|SA_SIGINFO
SIGBUS: [libjvm.so+0xfe3c20], sa_mask[0]=11111111011111111101111111111110, sa_flags=SA_RESTART|SA_SIGINFO
SIGFPE: [libjvm.so+0xfe3c20], sa_mask[0]=11111111011111111101111111111110, sa_flags=SA_RESTART|SA_SIGINFO
SIGPIPE: [libjvm.so+0xc814a0], sa_mask[0]=11111111011111111101111111111110, sa_flags=SA_RESTART|SA_SIGINFO
SIGXFSZ: [libjvm.so+0xc814a0], sa_mask[0]=11111111011111111101111111111110, sa_flags=SA_RESTART|SA_SIGINFO
SIGILL: [libjvm.so+0xfe3c20], sa_mask[0]=11111111011111111101111111111110, sa_flags=SA_RESTART|SA_SIGINFO
SIGUSR2: [libjvm.so+0xc81340], sa_mask[0]=00100000000000000000000000000000, sa_flags=SA_RESTART|SA_SIGINFO
SIGHUP: [libjvm.so+0xc81940], sa_mask[0]=11111111011111111101111111111110, sa_flags=SA_RESTART|SA_SIGINFO
SIGINT: [libjvm.so+0xc81940], sa_mask[0]=11111111011111111101111111111110, sa_flags=SA_RESTART|SA_SIGINFO
SIGTERM: [libjvm.so+0xc81940], sa_mask[0]=11111111011111111101111111111110, sa_flags=SA_RESTART|SA_SIGINFO
SIGQUIT: [libjvm.so+0xc81940], sa_mask[0]=11111111011111111101111111111110, sa_flags=SA_RESTART|SA_SIGINFO


---------------  S Y S T E M  ---------------

OS:DISTRIB_ID=Ubuntu
DISTRIB_RELEASE=18.04
DISTRIB_CODENAME=bionic
DISTRIB_DESCRIPTION="Ubuntu 18.04.2 LTS"
uname:Linux 4.18.0-20-generic #21~18.04.1-Ubuntu SMP Wed May 8 08:43:37 UTC 2019 x86_64
libc:glibc 2.27 NPTL 2.27 
rlimit: STACK 8192k, CORE 0k, NPROC 20273, NOFILE 4096, AS infinity, DATA infinity, FSIZE infinity
load average:2,79 2,53 3,85

/proc/meminfo:
MemTotal:        5234996 kB
MemFree:         1230692 kB
MemAvailable:    2640620 kB
Buffers:           55080 kB
Cached:          1678944 kB
SwapCached:        26596 kB
Active:          1805348 kB
Inactive:        1907316 kB
Active(anon):    1446352 kB
Inactive(anon):   706936 kB
Active(file):     358996 kB
Inactive(file):  1200380 kB
Unevictable:          32 kB
Mlocked:              32 kB
SwapTotal:       2097148 kB
SwapFree:          13792 kB
Dirty:             32112 kB
Writeback:             0 kB
AnonPages:       1952160 kB
Mapped:           255864 kB
Shmem:            174648 kB
Slab:             163776 kB
SReclaimable:     115208 kB
SUnreclaim:        48568 kB
KernelStack:       13056 kB
PageTables:        48468 kB
NFS_Unstable:          0 kB
Bounce:                0 kB
WritebackTmp:          0 kB
CommitLimit:     4714644 kB
Committed_AS:    8306524 kB
VmallocTotal:   34359738367 kB
VmallocUsed:           0 kB
VmallocChunk:          0 kB
HardwareCorrupted:     0 kB
AnonHugePages:         0 kB
ShmemHugePages:        0 kB
ShmemPmdMapped:        0 kB
CmaTotal:              0 kB
CmaFree:               0 kB
HugePages_Total:       0
HugePages_Free:        0
HugePages_Rsvd:        0
HugePages_Surp:        0
Hugepagesize:       2048 kB
Hugetlb:               0 kB
DirectMap4k:      192448 kB
DirectMap2M:     5218304 kB


/proc/sys/kernel/threads-max (system-wide limit on the number of threads):
40547


/proc/sys/vm/max_map_count (maximum number of memory map areas a process may have):
65530


/proc/sys/kernel/pid_max (system-wide limit on number of process identifiers):
32768



container (cgroup) information:
container_type: cgroupv1
cpu_cpuset_cpus: 0-3
cpu_memory_nodes: 0
active_processor_count: 4
cpu_quota: no quota
cpu_period: 100000
cpu_shares: no shares
memory_limit_in_bytes: unlimited
memory_and_swap_limit_in_bytes: not supported
memory_soft_limit_in_bytes: unlimited
memory_usage_in_bytes: 3777687552
memory_max_usage_in_bytes: 70242304

KVM virtualization detected
Steal ticks since vm start: 0
Steal ticks percentage since vm start:  0,000

CPU:total 4 (initial active 4) (4 cores per cpu, 1 threads per core) family 6 model 60 stepping 3, cmov, cx8, fxsr, mmx, sse, sse2, sse3, ssse3, sse4.1, sse4.2, popcnt, avx, avx2, aes, clmul, lzcnt, tsc, tscinvbit
CPU Model and flags from /proc/cpuinfo:
model name	: Intel(R) Core(TM) i7-4700HQ CPU @ 2.40GHz
flags		: fpu vme de pse tsc msr pae mce cx8 apic sep mtrr pge mca cmov pat pse36 clflush mmx fxsr sse sse2 ht syscall nx rdtscp lm constant_tsc rep_good nopl xtopology nonstop_tsc cpuid tsc_known_freq pni pclmulqdq ssse3 cx16 pcid sse4_1 sse4_2 x2apic movbe popcnt aes xsave avx rdrand hypervisor lahf_lm abm invpcid_single pti fsgsbase avx2 invpcid flush_l1d

Memory: 4k page, physical 5234996k(1230444k free), swap 2097148k(13792k free)

vm_info: OpenJDK 64-Bit Server VM (13-internal+0-adhoc.dmitry.loom) for linux-amd64 JRE (13-internal+0-adhoc.dmitry.loom), built on May 26 2019 00:34:28 by "dmitry" with gcc 7.4.0

END.
