#
# A fatal error has been detected by the Java Runtime Environment:
#
#  SIGSEGV (0xb) at pc=0x00007fd593fedb6a, pid=20977, tid=21014
#
# JRE version: OpenJDK Runtime Environment (13.0) (build 13-internal+0-adhoc.dmitry.loom)
# Java VM: OpenJDK 64-Bit Server VM (13-internal+0-adhoc.dmitry.loom, mixed mode, tiered, compressed oops, g1 gc, linux-amd64)
# Problematic frame:
# V  [libjvm.so+0x683b6a]  ContMirror::read()+0x1a
#
# Core dump will be written. Default location: Core dumps may be processed with "/usr/share/apport/apport %p %s %c %d %P" (or dumping to /home/dmitry/Downloads/LoadDetector/core.20977)
#
# If you would like to submit a bug report, please visit:
#   http://bugreport.java.com/bugreport/crash.jsp
#

---------------  S U M M A R Y ------------

Command Line: -Didea.launcher.port=7407 -Didea.launcher.bin.path=/home/dmitry/Downloads/idea-IC-183.5912.21/bin -Dfile.encoding=UTF-8 com.intellij.rt.execution.application.AppMainV2 Main

Host: Intel(R) Core(TM) i7-4700HQ CPU @ 2.40GHz, 4 cores, 4G, Ubuntu 18.04.2 LTS
Time: Sun May 19 00:57:07 2019 MSK elapsed time: 2 seconds (0d 0h 0m 2s)

---------------  T H R E A D  ---------------

Current thread (0x00007fd58c2b2800):  JavaThread "Thread-1" [_thread_in_vm, id=21014, stack(0x00007fd55b1cb000,0x00007fd55b2cc000)]

Stack: [0x00007fd55b1cb000,0x00007fd55b2cc000],  sp=0x00007fd55b2c81d0,  free space=1012k
Native frames: (J=compiled Java code, A=aot compiled Java code, j=interpreted, Vv=VM code, C=native code)
V  [libjvm.so+0x683b6a]  ContMirror::read()+0x1a
V  [libjvm.so+0x689217]  Continuation::freeze0(JavaThread*, FrameInfo*, bool) [clone .part.305]+0x507
V  [libjvm.so+0x689957]  Continuation::freeze(JavaThread*, FrameInfo*)+0x127
v  ~RuntimeStub::cont_doYield
C  0x00007fd55b2ca8a0

Java frames: (J=compiled Java code, j=interpreted, Vv=VM code)
v  ~RuntimeStub::cont_doYield
j  java.lang.Continuation.yield0(Ljava/lang/ContinuationScope;Ljava/lang/Continuation;)Z+60 java.base
j  java.lang.Continuation.yield(Ljava/lang/Continuation;)Z+6 java.base
j  Main.lambda$main$1(Ljava/lang/Thread;)V+25
j  Main$$Lambda$38.run()V+4
j  java.lang.Thread.run()V+11 java.base
v  ~StubRoutines::call_stub

siginfo: si_signo: 11 (SIGSEGV), si_code: 1 (SEGV_MAPERR), si_addr: 0x0000000000000020

Register to memory mapping:

RAX=0x0000000000000020 is an unknown value
RBX=0x00007fd55b2c9570 is pointing into the stack for thread: 0x00007fd58c2b2800
RCX=0x00007fd57d013c98 is pointing into interpreter code (not bytecode specific)
RDX=0x00007fd594fe5af8: <offset 0x000000000167baf8> in /home/dmitry/Downloads/LOOM/loom/build/linux-x86_64-server-release/jdk/lib/server/libjvm.so at 0x00007fd59396a000
RSP=0x00007fd55b2c81d0 is pointing into the stack for thread: 0x00007fd58c2b2800
RBP=0x00007fd55b2c81e0 is pointing into the stack for thread: 0x00007fd58c2b2800
RSI=0x00007fd55b2ca850 is pointing into the stack for thread: 0x00007fd58c2b2800
RDI=0x0 is NULL
R8 =0x00007fd57d000000 points into unknown readable memory: 04 00 00 00 00 00 00 00
R9 =0x000000000000000b is an unknown value
R10=0x0000000000000800 is an unknown value
R11=0x0000000000000400 is an unknown value
R12=0x00007fd54805d0b0 points into unknown readable memory: 00 00 00 00 00 00 00 00
R13=0x00007fd55b2c9570 is pointing into the stack for thread: 0x00007fd58c2b2800
R14=0x00007fd55b2ca828 is pointing into the stack for thread: 0x00007fd58c2b2800
R15=0x00007fd58c2b2d30 points into unknown readable memory: 02 00 00 00 d5 7f 00 00


Registers:
RAX=0x0000000000000020, RBX=0x00007fd55b2c9570, RCX=0x00007fd57d013c98, RDX=0x00007fd594fe5af8
RSP=0x00007fd55b2c81d0, RBP=0x00007fd55b2c81e0, RSI=0x00007fd55b2ca850, RDI=0x0000000000000000
R8 =0x00007fd57d000000, R9 =0x000000000000000b, R10=0x0000000000000800, R11=0x0000000000000400
R12=0x00007fd54805d0b0, R13=0x00007fd55b2c9570, R14=0x00007fd55b2ca828, R15=0x00007fd58c2b2d30
RIP=0x00007fd593fedb6a, EFLAGS=0x0000000000010202, CSGSFS=0x002b000000000033, ERR=0x0000000000000004
  TRAPNO=0x000000000000000e

Top of Stack: (sp=0x00007fd55b2c81d0)
0x00007fd55b2c81d0:   00007fd57d0169b0 00007fd58c2b2800
0x00007fd55b2c81e0:   00007fd55b2ca7e0 00007fd593ff3217
0x00007fd55b2c81f0:   00007fd58c2b2800 00007fd55b2c82f0
0x00007fd55b2c8200:   0000000000000000 00007fd594fe31c0 

Instructions: (pc=0x00007fd593fedb6a)
0x00007fd593feda6a:   08 48 63 00 89 0c 02 48 8d 05 1c b8 fd 00 48 8b
0x00007fd593feda7a:   4b 30 48 8b 53 08 48 63 00 48 89 0c 02 48 8d 05
0x00007fd593feda8a:   fe b7 fd 00 48 8b 53 08 48 8b 4b 38 48 63 00 48
0x00007fd593feda9a:   89 0c 02 48 8d 05 e4 b7 fd 00 8b 4b 60 48 8b 53
0x00007fd593fedaaa:   08 48 63 00 89 0c 02 48 8d 05 e8 b7 fd 00 48 8b
0x00007fd593fedaba:   53 08 48 8b 4b 10 48 63 00 48 89 0c 02 48 8d 05
0x00007fd593fedaca:   ce b7 fd 00 48 8b 4b 18 48 8b 53 08 48 63 00 48
0x00007fd593fedada:   89 0c 02 48 8d 05 b4 b7 fd 00 48 63 00 48 8b 53
0x00007fd593fedaea:   08 48 8b 4b 20 48 89 0c 02 48 8d 05 be b7 fd 00
0x00007fd593fedafa:   48 8b 53 08 48 8b 4b 58 48 63 00 89 0c 02 48 8d
0x00007fd593fedb0a:   05 71 b7 fd 00 0f b6 4b 70 48 8b 53 08 48 63 00
0x00007fd593fedb1a:   88 0c 02 48 8d 05 90 b7 fd 00 0f b7 4b 74 48 8b
0x00007fd593fedb2a:   53 08 48 63 00 66 89 0c 02 48 8d 05 76 b7 fd 00
0x00007fd593fedb3a:   0f b7 4b 72 48 8b 53 08 48 63 00 66 89 0c 02 48
0x00007fd593fedb4a:   83 c4 08 5b 5d c3 55 48 89 e5 53 48 89 fb 48 83
0x00007fd593fedb5a:   ec 08 48 8d 05 3d b7 fd 00 48 8b 7f 08 48 63 00
0x00007fd593fedb6a:   48 8b 04 38 48 89 43 10 48 8d 05 23 b7 fd 00 48
0x00007fd593fedb7a:   63 00 48 8b 04 38 48 89 43 18 48 8d 05 0d b7 fd
0x00007fd593fedb8a:   00 48 63 00 48 8b 04 38 48 89 43 20 48 8d 05 f3
0x00007fd593fedb9a:   b6 fd 00 48 63 00 8b 04 38 89 43 28 48 8d 05 e7
0x00007fd593fedbaa:   b6 fd 00 48 63 00 48 8b 04 38 48 89 43 30 48 8d
0x00007fd593fedbba:   05 cd b6 fd 00 48 63 00 48 8b 04 38 48 89 43 38
0x00007fd593fedbca:   48 8d 05 eb b6 fd 00 48 63 30 ff 15 66 14 f7 00
0x00007fd593fedbda:   48 85 c0 48 89 43 40 0f 84 b9 01 00 00 48 8d 15
0x00007fd593fedbea:   ae 9b fd 00 80 3a 01 48 19 c9 83 e1 04 80 3a 01
0x00007fd593fedbfa:   8b 4c 08 0c 48 19 d2 89 4b 48 83 e2 08 48 8d 44
0x00007fd593fedc0a:   10 10 48 89 43 50 48 8d 05 a1 b6 fd 00 48 8b 7b
0x00007fd593fedc1a:   08 48 63 00 48 63 04 07 48 89 43 58 48 8d 05 7f
0x00007fd593fedc2a:   b6 fd 00 48 63 30 ff 15 0a 14 f7 00 48 8d 15 4b
0x00007fd593fedc3a:   b6 fd 00 48 89 43 68 48 8b 43 08 48 83 3d a3 80
0x00007fd593fedc4a:   fb 00 00 48 63 12 8b 14 02 89 53 60 48 8d 15 23
0x00007fd593fedc5a:   b6 fd 00 48 63 12 0f b6 14 02 88 53 70 48 8d 15 


Stack slot to memory mapping:
stack at sp + 0 slots: 0x00007fd57d0169b0 is at code_begin+1584 in an Interpreter codelet
invoke return entry points  [0x00007fd57d016380, 0x00007fd57d017540]  4544 bytes
stack at sp + 1 slots: 0x00007fd58c2b2800 is a thread
stack at sp + 2 slots: 0x00007fd55b2ca7e0 is pointing into the stack for thread: 0x00007fd58c2b2800
stack at sp + 3 slots: 0x00007fd593ff3217: <offset 0x0000000000689217> in /home/dmitry/Downloads/LOOM/loom/build/linux-x86_64-server-release/jdk/lib/server/libjvm.so at 0x00007fd59396a000
stack at sp + 4 slots: 0x00007fd58c2b2800 is a thread
stack at sp + 5 slots: 0x00007fd55b2c82f0 is pointing into the stack for thread: 0x00007fd58c2b2800
stack at sp + 6 slots: 0x0 is NULL
stack at sp + 7 slots: 0x00007fd594fe31c0: <offset 0x00000000016791c0> in /home/dmitry/Downloads/LOOM/loom/build/linux-x86_64-server-release/jdk/lib/server/libjvm.so at 0x00007fd59396a000


---------------  P R O C E S S  ---------------

Threads class SMR info:
_java_thread_list=0x00007fd53808e920, length=13, elements={
0x00007fd58c138800, 0x00007fd58c13b800, 0x00007fd58c15d800, 0x00007fd58c162800,
0x00007fd58c164800, 0x00007fd58c166000, 0x00007fd58c17e800, 0x00007fd58c298800,
0x00007fd58c2ab000, 0x00007fd58c2b2800, 0x00007fd58c016800, 0x00007fd52c001800,
0x00007fd550001000
}

Java Threads: ( => current thread )
  0x00007fd58c138800 JavaThread "Reference Handler" daemon [_thread_blocked, id=20995, stack(0x00007fd578b74000,0x00007fd578c75000)]
  0x00007fd58c13b800 JavaThread "Finalizer" daemon [_thread_blocked, id=20996, stack(0x00007fd578a73000,0x00007fd578b74000)]
  0x00007fd58c15d800 JavaThread "Signal Dispatcher" daemon [_thread_blocked, id=20997, stack(0x00007fd55beff000,0x00007fd55c000000)]
  0x00007fd58c162800 JavaThread "C2 CompilerThread0" daemon [_thread_blocked, id=20998, stack(0x00007fd55bdfe000,0x00007fd55beff000)]
  0x00007fd58c164800 JavaThread "C1 CompilerThread0" daemon [_thread_blocked, id=20999, stack(0x00007fd55bcfd000,0x00007fd55bdfe000)]
  0x00007fd58c166000 JavaThread "Sweeper thread" daemon [_thread_blocked, id=21001, stack(0x00007fd55bbfc000,0x00007fd55bcfd000)]
  0x00007fd58c17e800 JavaThread "Common-Cleaner" daemon [_thread_blocked, id=21005, stack(0x00007fd55b6d1000,0x00007fd55b7d2000)]
  0x00007fd58c298800 JavaThread "Service Thread" daemon [_thread_blocked, id=21009, stack(0x00007fd55b4cf000,0x00007fd55b5d0000)]
  0x00007fd58c2ab000 JavaThread "Monitor Ctrl-Break" daemon [_thread_in_native, id=21013, stack(0x00007fd55b2cc000,0x00007fd55b3cd000)]
=>0x00007fd58c2b2800 JavaThread "Thread-1" [_thread_in_vm, id=21014, stack(0x00007fd55b1cb000,0x00007fd55b2cc000)]
  0x00007fd58c016800 JavaThread "DestroyJavaVM" [_thread_blocked, id=20979, stack(0x00007fd595d66000,0x00007fd595e67000)]
  0x00007fd52c001800 JavaThread "Timer-0" [_thread_blocked, id=21016, stack(0x00007fd55adc6000,0x00007fd55aec7000)]
  0x00007fd550001000 JavaThread "Attach Listener" daemon [_thread_blocked, id=21017, stack(0x00007fd55aec7000,0x00007fd55afc8000)]

Other Threads:
  0x00007fd58c12c800 VMThread "VM Thread" [stack: 0x00007fd578c77000,0x00007fd578d77000] [id=20992]
  0x00007fd58c29b000 WatcherThread [stack: 0x00007fd55b3cf000,0x00007fd55b4cf000] [id=21010]
  0x00007fd58c05a800 GCTaskThread "GC Thread#0" [stack: 0x00007fd5902d1000,0x00007fd5903d1000] [id=20981]
  0x00007fd58c064000 ConcurrentGCThread "G1 Main Marker" [stack: 0x00007fd5901cf000,0x00007fd5902cf000] [id=20982]
  0x00007fd58c066000 ConcurrentGCThread "G1 Conc#0" [stack: 0x00007fd5900cd000,0x00007fd5901cd000] [id=20983]
  0x00007fd58c0ba000 ConcurrentGCThread "G1 Refine#0" [stack: 0x00007fd5796fc000,0x00007fd5797fc000] [id=20984]
  0x00007fd58c0bc000 ConcurrentGCThread "G1 Young RemSet Sampling" [stack: 0x00007fd5795fa000,0x00007fd5796fa000] [id=20986]

Threads with active compile tasks:

VM state:not at safepoint (normal execution)

VM Mutex/Monitor currently owned by a thread: None

Heap address: 0x00000000b0000000, size: 1280 MB, Compressed Oops mode: 32-bit
Narrow klass base: 0x0000000000000000, Narrow klass shift: 3
Compressed class space size: 1073741824 Address: 0x0000000100000000

Heap:
 garbage-first heap   total 81920K, used 8192K [0x00000000b0000000, 0x0000000100000000)
  region size 1024K, 9 young (9216K), 0 survivors (0K)
 Metaspace       used 8213K, capacity 8334K, committed 8576K, reserved 1056768K
  class space    used 734K, capacity 798K, committed 896K, reserved 1048576K
Heap Regions: E=young(eden), S=young(survivor), O=old, HS=humongous(starts), HC=humongous(continues), CS=collection set, F=free, A=archive, TAMS=top-at-mark-start (previous, next)
|   0|0x00000000b0000000, 0x00000000b0000000, 0x00000000b0100000|  0%| F|  |TAMS 0x00000000b0000000, 0x00000000b0000000| Untracked 
|   1|0x00000000b0100000, 0x00000000b0100000, 0x00000000b0200000|  0%| F|  |TAMS 0x00000000b0100000, 0x00000000b0100000| Untracked 
|   2|0x00000000b0200000, 0x00000000b0200000, 0x00000000b0300000|  0%| F|  |TAMS 0x00000000b0200000, 0x00000000b0200000| Untracked 
|   3|0x00000000b0300000, 0x00000000b0300000, 0x00000000b0400000|  0%| F|  |TAMS 0x00000000b0300000, 0x00000000b0300000| Untracked 
|   4|0x00000000b0400000, 0x00000000b0400000, 0x00000000b0500000|  0%| F|  |TAMS 0x00000000b0400000, 0x00000000b0400000| Untracked 
|   5|0x00000000b0500000, 0x00000000b0500000, 0x00000000b0600000|  0%| F|  |TAMS 0x00000000b0500000, 0x00000000b0500000| Untracked 
|   6|0x00000000b0600000, 0x00000000b0600000, 0x00000000b0700000|  0%| F|  |TAMS 0x00000000b0600000, 0x00000000b0600000| Untracked 
|   7|0x00000000b0700000, 0x00000000b0700000, 0x00000000b0800000|  0%| F|  |TAMS 0x00000000b0700000, 0x00000000b0700000| Untracked 
|   8|0x00000000b0800000, 0x00000000b0800000, 0x00000000b0900000|  0%| F|  |TAMS 0x00000000b0800000, 0x00000000b0800000| Untracked 
|   9|0x00000000b0900000, 0x00000000b0900000, 0x00000000b0a00000|  0%| F|  |TAMS 0x00000000b0900000, 0x00000000b0900000| Untracked 
|  10|0x00000000b0a00000, 0x00000000b0a00000, 0x00000000b0b00000|  0%| F|  |TAMS 0x00000000b0a00000, 0x00000000b0a00000| Untracked 
|  11|0x00000000b0b00000, 0x00000000b0b00000, 0x00000000b0c00000|  0%| F|  |TAMS 0x00000000b0b00000, 0x00000000b0b00000| Untracked 
|  12|0x00000000b0c00000, 0x00000000b0c00000, 0x00000000b0d00000|  0%| F|  |TAMS 0x00000000b0c00000, 0x00000000b0c00000| Untracked 
|  13|0x00000000b0d00000, 0x00000000b0d00000, 0x00000000b0e00000|  0%| F|  |TAMS 0x00000000b0d00000, 0x00000000b0d00000| Untracked 
|  14|0x00000000b0e00000, 0x00000000b0e00000, 0x00000000b0f00000|  0%| F|  |TAMS 0x00000000b0e00000, 0x00000000b0e00000| Untracked 
|  15|0x00000000b0f00000, 0x00000000b0f00000, 0x00000000b1000000|  0%| F|  |TAMS 0x00000000b0f00000, 0x00000000b0f00000| Untracked 
|  16|0x00000000b1000000, 0x00000000b1000000, 0x00000000b1100000|  0%| F|  |TAMS 0x00000000b1000000, 0x00000000b1000000| Untracked 
|  17|0x00000000b1100000, 0x00000000b1100000, 0x00000000b1200000|  0%| F|  |TAMS 0x00000000b1100000, 0x00000000b1100000| Untracked 
|  18|0x00000000b1200000, 0x00000000b1200000, 0x00000000b1300000|  0%| F|  |TAMS 0x00000000b1200000, 0x00000000b1200000| Untracked 
|  19|0x00000000b1300000, 0x00000000b1300000, 0x00000000b1400000|  0%| F|  |TAMS 0x00000000b1300000, 0x00000000b1300000| Untracked 
|  20|0x00000000b1400000, 0x00000000b1400000, 0x00000000b1500000|  0%| F|  |TAMS 0x00000000b1400000, 0x00000000b1400000| Untracked 
|  21|0x00000000b1500000, 0x00000000b1500000, 0x00000000b1600000|  0%| F|  |TAMS 0x00000000b1500000, 0x00000000b1500000| Untracked 
|  22|0x00000000b1600000, 0x00000000b1600000, 0x00000000b1700000|  0%| F|  |TAMS 0x00000000b1600000, 0x00000000b1600000| Untracked 
|  23|0x00000000b1700000, 0x00000000b1700000, 0x00000000b1800000|  0%| F|  |TAMS 0x00000000b1700000, 0x00000000b1700000| Untracked 
|  24|0x00000000b1800000, 0x00000000b1800000, 0x00000000b1900000|  0%| F|  |TAMS 0x00000000b1800000, 0x00000000b1800000| Untracked 
|  25|0x00000000b1900000, 0x00000000b1900000, 0x00000000b1a00000|  0%| F|  |TAMS 0x00000000b1900000, 0x00000000b1900000| Untracked 
|  26|0x00000000b1a00000, 0x00000000b1a00000, 0x00000000b1b00000|  0%| F|  |TAMS 0x00000000b1a00000, 0x00000000b1a00000| Untracked 
|  27|0x00000000b1b00000, 0x00000000b1b00000, 0x00000000b1c00000|  0%| F|  |TAMS 0x00000000b1b00000, 0x00000000b1b00000| Untracked 
|  28|0x00000000b1c00000, 0x00000000b1c00000, 0x00000000b1d00000|  0%| F|  |TAMS 0x00000000b1c00000, 0x00000000b1c00000| Untracked 
|  29|0x00000000b1d00000, 0x00000000b1d00000, 0x00000000b1e00000|  0%| F|  |TAMS 0x00000000b1d00000, 0x00000000b1d00000| Untracked 
|  30|0x00000000b1e00000, 0x00000000b1e00000, 0x00000000b1f00000|  0%| F|  |TAMS 0x00000000b1e00000, 0x00000000b1e00000| Untracked 
|  31|0x00000000b1f00000, 0x00000000b1f00000, 0x00000000b2000000|  0%| F|  |TAMS 0x00000000b1f00000, 0x00000000b1f00000| Untracked 
|  32|0x00000000b2000000, 0x00000000b2000000, 0x00000000b2100000|  0%| F|  |TAMS 0x00000000b2000000, 0x00000000b2000000| Untracked 
|  33|0x00000000b2100000, 0x00000000b2100000, 0x00000000b2200000|  0%| F|  |TAMS 0x00000000b2100000, 0x00000000b2100000| Untracked 
|  34|0x00000000b2200000, 0x00000000b2200000, 0x00000000b2300000|  0%| F|  |TAMS 0x00000000b2200000, 0x00000000b2200000| Untracked 
|  35|0x00000000b2300000, 0x00000000b2300000, 0x00000000b2400000|  0%| F|  |TAMS 0x00000000b2300000, 0x00000000b2300000| Untracked 
|  36|0x00000000b2400000, 0x00000000b2400000, 0x00000000b2500000|  0%| F|  |TAMS 0x00000000b2400000, 0x00000000b2400000| Untracked 
|  37|0x00000000b2500000, 0x00000000b2500000, 0x00000000b2600000|  0%| F|  |TAMS 0x00000000b2500000, 0x00000000b2500000| Untracked 
|  38|0x00000000b2600000, 0x00000000b2600000, 0x00000000b2700000|  0%| F|  |TAMS 0x00000000b2600000, 0x00000000b2600000| Untracked 
|  39|0x00000000b2700000, 0x00000000b2700000, 0x00000000b2800000|  0%| F|  |TAMS 0x00000000b2700000, 0x00000000b2700000| Untracked 
|  40|0x00000000b2800000, 0x00000000b2800000, 0x00000000b2900000|  0%| F|  |TAMS 0x00000000b2800000, 0x00000000b2800000| Untracked 
|  41|0x00000000b2900000, 0x00000000b2900000, 0x00000000b2a00000|  0%| F|  |TAMS 0x00000000b2900000, 0x00000000b2900000| Untracked 
|  42|0x00000000b2a00000, 0x00000000b2a00000, 0x00000000b2b00000|  0%| F|  |TAMS 0x00000000b2a00000, 0x00000000b2a00000| Untracked 
|  43|0x00000000b2b00000, 0x00000000b2b00000, 0x00000000b2c00000|  0%| F|  |TAMS 0x00000000b2b00000, 0x00000000b2b00000| Untracked 
|  44|0x00000000b2c00000, 0x00000000b2c00000, 0x00000000b2d00000|  0%| F|  |TAMS 0x00000000b2c00000, 0x00000000b2c00000| Untracked 
|  45|0x00000000b2d00000, 0x00000000b2d00000, 0x00000000b2e00000|  0%| F|  |TAMS 0x00000000b2d00000, 0x00000000b2d00000| Untracked 
|  46|0x00000000b2e00000, 0x00000000b2e00000, 0x00000000b2f00000|  0%| F|  |TAMS 0x00000000b2e00000, 0x00000000b2e00000| Untracked 
|  47|0x00000000b2f00000, 0x00000000b2f00000, 0x00000000b3000000|  0%| F|  |TAMS 0x00000000b2f00000, 0x00000000b2f00000| Untracked 
|  48|0x00000000b3000000, 0x00000000b3000000, 0x00000000b3100000|  0%| F|  |TAMS 0x00000000b3000000, 0x00000000b3000000| Untracked 
|  49|0x00000000b3100000, 0x00000000b3100000, 0x00000000b3200000|  0%| F|  |TAMS 0x00000000b3100000, 0x00000000b3100000| Untracked 
|  50|0x00000000b3200000, 0x00000000b3200000, 0x00000000b3300000|  0%| F|  |TAMS 0x00000000b3200000, 0x00000000b3200000| Untracked 
|  51|0x00000000b3300000, 0x00000000b3300000, 0x00000000b3400000|  0%| F|  |TAMS 0x00000000b3300000, 0x00000000b3300000| Untracked 
|  52|0x00000000b3400000, 0x00000000b3400000, 0x00000000b3500000|  0%| F|  |TAMS 0x00000000b3400000, 0x00000000b3400000| Untracked 
|  53|0x00000000b3500000, 0x00000000b3500000, 0x00000000b3600000|  0%| F|  |TAMS 0x00000000b3500000, 0x00000000b3500000| Untracked 
|  54|0x00000000b3600000, 0x00000000b3600000, 0x00000000b3700000|  0%| F|  |TAMS 0x00000000b3600000, 0x00000000b3600000| Untracked 
|  55|0x00000000b3700000, 0x00000000b3700000, 0x00000000b3800000|  0%| F|  |TAMS 0x00000000b3700000, 0x00000000b3700000| Untracked 
|  56|0x00000000b3800000, 0x00000000b3800000, 0x00000000b3900000|  0%| F|  |TAMS 0x00000000b3800000, 0x00000000b3800000| Untracked 
|  57|0x00000000b3900000, 0x00000000b3900000, 0x00000000b3a00000|  0%| F|  |TAMS 0x00000000b3900000, 0x00000000b3900000| Untracked 
|  58|0x00000000b3a00000, 0x00000000b3a00000, 0x00000000b3b00000|  0%| F|  |TAMS 0x00000000b3a00000, 0x00000000b3a00000| Untracked 
|  59|0x00000000b3b00000, 0x00000000b3b00000, 0x00000000b3c00000|  0%| F|  |TAMS 0x00000000b3b00000, 0x00000000b3b00000| Untracked 
|  60|0x00000000b3c00000, 0x00000000b3c00000, 0x00000000b3d00000|  0%| F|  |TAMS 0x00000000b3c00000, 0x00000000b3c00000| Untracked 
|  61|0x00000000b3d00000, 0x00000000b3d00000, 0x00000000b3e00000|  0%| F|  |TAMS 0x00000000b3d00000, 0x00000000b3d00000| Untracked 
|  62|0x00000000b3e00000, 0x00000000b3e00000, 0x00000000b3f00000|  0%| F|  |TAMS 0x00000000b3e00000, 0x00000000b3e00000| Untracked 
|  63|0x00000000b3f00000, 0x00000000b3f00000, 0x00000000b4000000|  0%| F|  |TAMS 0x00000000b3f00000, 0x00000000b3f00000| Untracked 
|  64|0x00000000b4000000, 0x00000000b4000000, 0x00000000b4100000|  0%| F|  |TAMS 0x00000000b4000000, 0x00000000b4000000| Untracked 
|  65|0x00000000b4100000, 0x00000000b4100000, 0x00000000b4200000|  0%| F|  |TAMS 0x00000000b4100000, 0x00000000b4100000| Untracked 
|  66|0x00000000b4200000, 0x00000000b4200000, 0x00000000b4300000|  0%| F|  |TAMS 0x00000000b4200000, 0x00000000b4200000| Untracked 
|  67|0x00000000b4300000, 0x00000000b4300000, 0x00000000b4400000|  0%| F|  |TAMS 0x00000000b4300000, 0x00000000b4300000| Untracked 
|  68|0x00000000b4400000, 0x00000000b4400000, 0x00000000b4500000|  0%| F|  |TAMS 0x00000000b4400000, 0x00000000b4400000| Untracked 
|  69|0x00000000b4500000, 0x00000000b4500000, 0x00000000b4600000|  0%| F|  |TAMS 0x00000000b4500000, 0x00000000b4500000| Untracked 
|  70|0x00000000b4600000, 0x00000000b4600000, 0x00000000b4700000|  0%| F|  |TAMS 0x00000000b4600000, 0x00000000b4600000| Untracked 
|  71|0x00000000b4700000, 0x00000000b4800000, 0x00000000b4800000|100%| E|  |TAMS 0x00000000b4700000, 0x00000000b4700000| Complete 
|  72|0x00000000b4800000, 0x00000000b4900000, 0x00000000b4900000|100%| E|CS|TAMS 0x00000000b4800000, 0x00000000b4800000| Complete 
|  73|0x00000000b4900000, 0x00000000b4a00000, 0x00000000b4a00000|100%| E|CS|TAMS 0x00000000b4900000, 0x00000000b4900000| Complete 
|  74|0x00000000b4a00000, 0x00000000b4b00000, 0x00000000b4b00000|100%| E|CS|TAMS 0x00000000b4a00000, 0x00000000b4a00000| Complete 
|  75|0x00000000b4b00000, 0x00000000b4c00000, 0x00000000b4c00000|100%| E|CS|TAMS 0x00000000b4b00000, 0x00000000b4b00000| Complete 
|  76|0x00000000b4c00000, 0x00000000b4d00000, 0x00000000b4d00000|100%| E|CS|TAMS 0x00000000b4c00000, 0x00000000b4c00000| Complete 
|  77|0x00000000b4d00000, 0x00000000b4e00000, 0x00000000b4e00000|100%| E|CS|TAMS 0x00000000b4d00000, 0x00000000b4d00000| Complete 
|  78|0x00000000b4e00000, 0x00000000b4f00000, 0x00000000b4f00000|100%| E|CS|TAMS 0x00000000b4e00000, 0x00000000b4e00000| Complete 
|  79|0x00000000b4f00000, 0x00000000b5000000, 0x00000000b5000000|100%| E|CS|TAMS 0x00000000b4f00000, 0x00000000b4f00000| Complete 

Card table byte_map: [0x00007fd591a51000,0x00007fd591cd1000] _byte_map_base: 0x00007fd5914d1000

Marking Bits (Prev, Next): (CMBitMap*) 0x00007fd58c05b9d8, (CMBitMap*) 0x00007fd58c05ba18
 Prev Bits: [0x00007fd5903d1000, 0x00007fd5917d1000)
 Next Bits: [0x00007fd57bc00000, 0x00007fd57d000000)

Polling page: 0x00007fd595e7a000

Metaspace:

Usage:
  Non-class:      7,36 MB capacity,     7,30 MB (>99%) used,    45,01 KB ( <1%) free+waste,    12,38 KB ( <1%) overhead. 
      Class:    798,00 KB capacity,   734,78 KB ( 92%) used,    57,09 KB (  7%) free+waste,     6,12 KB ( <1%) overhead. 
       Both:      8,14 MB capacity,     8,02 MB ( 99%) used,   102,10 KB (  1%) free+waste,    18,50 KB ( <1%) overhead. 

Virtual space:
  Non-class space:        8,00 MB reserved,       7,50 MB ( 94%) committed 
      Class space:        1,00 GB reserved,     896,00 KB ( <1%) committed 
             Both:        1,01 GB reserved,       8,38 MB ( <1%) committed 

Chunk freelists:
   Non-Class:  48,00 KB
       Class:  2,00 KB
        Both:  50,00 KB

MaxMetaspaceSize: unlimited
CompressedClassSpaceSize: 1,00 GB

CodeHeap 'non-profiled nmethods': size=120032Kb used=204Kb max_used=204Kb free=119827Kb
 bounds [0x00007fd584ac8000, 0x00007fd584d38000, 0x00007fd58c000000]
CodeHeap 'profiled nmethods': size=120032Kb used=928Kb max_used=928Kb free=119103Kb
 bounds [0x00007fd57d590000, 0x00007fd57d800000, 0x00007fd584ac8000]
CodeHeap 'non-nmethods': size=5696Kb used=1116Kb max_used=1140Kb free=4579Kb
 bounds [0x00007fd57d000000, 0x00007fd57d270000, 0x00007fd57d590000]
 total_blobs=1083 nmethods=576 adapters=255
 compilation: enabled
              stopped_count=0, restarted_count=0
 full_count=0

Compilation events (10 events):
Event: 1,353 Thread 0x00007fd58c164800  577       3       java.util.LinkedHashMap::afterNodeInsertion (40 bytes)
Event: 1,354 Thread 0x00007fd58c164800 nmethod 577 0x00007fd57d676d10 code [0x00007fd57d676ec0, 0x00007fd57d6770f0]
Event: 1,354 Thread 0x00007fd58c164800  578       3       java.util.LinkedHashMap::linkNodeLast (33 bytes)
Event: 1,354 Thread 0x00007fd58c162800  579       4       java.lang.StringBuilder::append (8 bytes)
Event: 1,354 Thread 0x00007fd58c164800 nmethod 578 0x00007fd57d677190 code [0x00007fd57d677340, 0x00007fd57d677670]
Event: 1,355 Thread 0x00007fd58c164800  580       3       jdk.internal.misc.Unsafe::putReferenceRelease (9 bytes)
Event: 1,355 Thread 0x00007fd58c164800 nmethod 580 0x00007fd57d677790 code [0x00007fd57d677940, 0x00007fd57d677af0]
Event: 1,355 Thread 0x00007fd58c164800  582       3       java.util.concurrent.ConcurrentHashMap::setTabAt (20 bytes)
Event: 1,356 Thread 0x00007fd58c164800 nmethod 582 0x00007fd57d677b90 code [0x00007fd57d677d40, 0x00007fd57d678010]
Event: 1,366 Thread 0x00007fd58c162800 nmethod 579 0x00007fd584afaa10 code [0x00007fd584afabc0, 0x00007fd584afb128]

GC Heap History (0 events):
No events

Deoptimization events (2 events):
Event: 0,893 Thread 0x00007fd58c016800 Uncommon trap: reason=unstable_if action=reinterpret pc=0x00007fd584adbc74 method=java.util.HashMap.putVal(ILjava/lang/Object;Ljava/lang/Object;ZZ)Ljava/lang/Object; @ 236 c2
Event: 1,289 Thread 0x00007fd550001000 Uncommon trap: reason=class_check action=maybe_recompile pc=0x00007fd584ae6d34 method=java.io.BufferedInputStream.read([BII)I @ 101 c2

Classes unloaded (0 events):
No events

Classes redefined (0 events):
No events

Internal exceptions (10 events):
Event: 0,514 Thread 0x00007fd58c016800 Exception <a 'java/lang/NoSuchMethodError'{0x00000000b4c16738}: 'int java.lang.invoke.DirectMethodHandle$Holder.invokeStatic(java.lang.Object, java.lang.Object)'> (0x00000000b4c16738) 
thrown [/home/dmitry/Downloads/LOOM/loom/src/hotspot/share/interpreter/linkResolver.cpp, line 768]
for thread 0x00007fd58c016800
Event: 0,517 Thread 0x00007fd58c016800 Exception <a 'java/lang/NoSuchMethodError'{0x00000000b4c20d78}: 'java.lang.Object java.lang.invoke.DirectMethodHandle$Holder.invokeVirtual(java.lang.Object, java.lang.Object)'> (0x00000000b4c20d78) 
thrown [/home/dmitry/Downloads/LOOM/loom/src/hotspot/share/interpreter/linkResolver.cpp, line 768]
for thread 0x00007fd58c016800
Event: 0,519 Thread 0x00007fd58c016800 Exception <a 'java/lang/NoSuchMethodError'{0x00000000b4c28940}: 'int java.lang.invoke.DirectMethodHandle$Holder.invokeSpecial(java.lang.Object, java.lang.Object)'> (0x00000000b4c28940) 
thrown [/home/dmitry/Downloads/LOOM/loom/src/hotspot/share/interpreter/linkResolver.cpp, line 768]
for thread 0x00007fd58c016800
Event: 0,740 Thread 0x00007fd58c016800 Exception <a 'java/lang/NoSuchMethodError'{0x00000000b4ab9a68}: 'void java.lang.invoke.DirectMethodHandle$Holder.invokeStatic(java.lang.Object, java.lang.Object, java.lang.Object)'> (0x00000000b4ab9a68) 
thrown [/home/dmitry/Downloads/LOOM/loom/src/hotspot/share/interpreter/linkResolver.cpp, line 768]
for thread 0x00007fd58c016800
Event: 0,784 Thread 0x00007fd58c016800 Exception <a 'java/lang/NoSuchMethodError'{0x00000000b4ae5028}: 'java.lang.Object java.lang.invoke.Invokers$Holder.linkToTargetMethod(java.lang.Object, java.lang.Object, java.lang.Object, java.lang.Object)'> (0x00000000b4ae5028) 
thrown [/home/dmitry/Downloads/LOOM/loom/src/hotspot/share/interpreter/linkResolver.cpp, line 768]
for thread 0x00007fd58c016800
Event: 1,039 Thread 0x00007fd58c016800 Exception <a 'java/lang/NoSuchMethodError'{0x00000000b483a630}: 'void java.lang.invoke.DirectMethodHandle$Holder.invokeStatic(java.lang.Object)'> (0x00000000b483a630) 
thrown [/home/dmitry/Downloads/LOOM/loom/src/hotspot/share/interpreter/linkResolver.cpp, line 768]
for thread 0x00007fd58c016800
Event: 1,047 Thread 0x00007fd58c016800 Exception <a 'java/lang/NoSuchMethodError'{0x00000000b483ed70}: 'void java.lang.invoke.DirectMethodHandle$Holder.invokeSpecial(java.lang.Object, java.lang.Object)'> (0x00000000b483ed70) 
thrown [/home/dmitry/Downloads/LOOM/loom/src/hotspot/share/interpreter/linkResolver.cpp, line 768]
for thread 0x00007fd58c016800
Event: 1,047 Thread 0x00007fd58c2ab000 Exception <a 'java/lang/NoSuchMethodError'{0x00000000b49dc8a0}: 'java.lang.Object java.lang.invoke.DirectMethodHandle$Holder.invokeStatic(java.lang.Object)'> (0x00000000b49dc8a0) 
thrown [/home/dmitry/Downloads/LOOM/loom/src/hotspot/share/interpreter/linkResolver.cpp, line 768]
for thread 0x00007fd58c2ab000
Event: 1,048 Thread 0x00007fd58c016800 Exception <a 'java/lang/NoSuchMethodError'{0x00000000b4843be8}: 'void java.lang.invoke.DirectMethodHandle$Holder.invokeStatic(java.lang.Object, java.lang.Object)'> (0x00000000b4843be8) 
thrown [/home/dmitry/Downloads/LOOM/loom/src/hotspot/share/interpreter/linkResolver.cpp, line 768]
for thread 0x00007fd58c016800
Event: 1,049 Thread 0x00007fd58c2ab000 Exception <a 'java/lang/NoSuchMethodError'{0x00000000b49df6b8}: 'java.lang.Object java.lang.invoke.DirectMethodHandle$Holder.invokeStaticInit(java.lang.Object)'> (0x00000000b49df6b8) 
thrown [/home/dmitry/Downloads/LOOM/loom/src/hotspot/share/interpreter/linkResolver.cpp, line 768]
for thread 0x00007fd58c2ab000

Events (10 events):
Event: 1,344 loading class sun/util/resources/Bundles$CacheKeyReference done
Event: 1,344 loading class sun/util/resources/Bundles$BundleReference done
Event: 1,345 loading class sun/util/resources/cldr/TimeZoneNames_en
Event: 1,346 loading class sun/util/resources/cldr/TimeZoneNames_en done
Event: 1,347 loading class sun/util/resources/cldr/TimeZoneNames_en_US
Event: 1,347 loading class sun/util/resources/cldr/TimeZoneNames_en_US done
Event: 1,353 loading class java/util/LinkedHashMap$LinkedKeySet
Event: 1,353 loading class java/util/LinkedHashMap$LinkedKeySet done
Event: 1,353 loading class sun/util/locale/provider/LocaleResources$ResourceReference
Event: 1,353 loading class sun/util/locale/provider/LocaleResources$ResourceReference done


Dynamic libraries:
b0000000-b5000000 rw-p 00000000 00:00 0 
b5000000-100000000 ---p 00000000 00:00 0 
100000000-1000e0000 rw-p 00000000 00:00 0 
1000e0000-140000000 ---p 00000000 00:00 0 
55a5f00a4000-55a5f00a5000 r-xp 00000000 08:01 2499756                    /home/dmitry/Downloads/LOOM/loom/build/linux-x86_64-server-release/jdk/bin/java
55a5f02a5000-55a5f02a6000 r--p 00001000 08:01 2499756                    /home/dmitry/Downloads/LOOM/loom/build/linux-x86_64-server-release/jdk/bin/java
55a5f02a6000-55a5f02a7000 rw-p 00002000 08:01 2499756                    /home/dmitry/Downloads/LOOM/loom/build/linux-x86_64-server-release/jdk/bin/java
55a5f1d54000-55a5f1d75000 rw-p 00000000 00:00 0                          [heap]
7fd520000000-7fd520021000 rw-p 00000000 00:00 0 
7fd520021000-7fd524000000 ---p 00000000 00:00 0 
7fd528000000-7fd528021000 rw-p 00000000 00:00 0 
7fd528021000-7fd52c000000 ---p 00000000 00:00 0 
7fd52c000000-7fd52c04a000 rw-p 00000000 00:00 0 
7fd52c04a000-7fd530000000 ---p 00000000 00:00 0 
7fd530000000-7fd530021000 rw-p 00000000 00:00 0 
7fd530021000-7fd534000000 ---p 00000000 00:00 0 
7fd534000000-7fd534021000 rw-p 00000000 00:00 0 
7fd534021000-7fd538000000 ---p 00000000 00:00 0 
7fd538000000-7fd53823c000 rw-p 00000000 00:00 0 
7fd53823c000-7fd53c000000 ---p 00000000 00:00 0 
7fd53c000000-7fd53c021000 rw-p 00000000 00:00 0 
7fd53c021000-7fd540000000 ---p 00000000 00:00 0 
7fd540000000-7fd540021000 rw-p 00000000 00:00 0 
7fd540021000-7fd544000000 ---p 00000000 00:00 0 
7fd544000000-7fd544021000 rw-p 00000000 00:00 0 
7fd544021000-7fd548000000 ---p 00000000 00:00 0 
7fd548000000-7fd548359000 rw-p 00000000 00:00 0 
7fd548359000-7fd54c000000 ---p 00000000 00:00 0 
7fd54c000000-7fd54c25e000 rw-p 00000000 00:00 0 
7fd54c25e000-7fd550000000 ---p 00000000 00:00 0 
7fd550000000-7fd550021000 rw-p 00000000 00:00 0 
7fd550021000-7fd554000000 ---p 00000000 00:00 0 
7fd554000000-7fd554021000 rw-p 00000000 00:00 0 
7fd554021000-7fd558000000 ---p 00000000 00:00 0 
7fd55a9cb000-7fd55adc6000 rw-p 00000000 00:00 0 
7fd55adc6000-7fd55adca000 ---p 00000000 00:00 0 
7fd55adca000-7fd55aec7000 rw-p 00000000 00:00 0 
7fd55aec7000-7fd55aecb000 ---p 00000000 00:00 0 
7fd55aecb000-7fd55afc8000 rw-p 00000000 00:00 0 
7fd55afc8000-7fd55afca000 r-xp 00000000 08:01 2636451                    /home/dmitry/Downloads/LOOM/loom/build/linux-x86_64-server-release/jdk/lib/libextnet.so
7fd55afca000-7fd55b1c9000 ---p 00002000 08:01 2636451                    /home/dmitry/Downloads/LOOM/loom/build/linux-x86_64-server-release/jdk/lib/libextnet.so
7fd55b1c9000-7fd55b1ca000 r--p 00001000 08:01 2636451                    /home/dmitry/Downloads/LOOM/loom/build/linux-x86_64-server-release/jdk/lib/libextnet.so
7fd55b1ca000-7fd55b1cb000 rw-p 00002000 08:01 2636451                    /home/dmitry/Downloads/LOOM/loom/build/linux-x86_64-server-release/jdk/lib/libextnet.so
7fd55b1cb000-7fd55b1cf000 ---p 00000000 00:00 0 
7fd55b1cf000-7fd55b2cc000 rw-p 00000000 00:00 0 
7fd55b2cc000-7fd55b2d0000 ---p 00000000 00:00 0 
7fd55b2d0000-7fd55b3cd000 rw-p 00000000 00:00 0 
7fd55b3cd000-7fd55b3ce000 ---p 00000000 00:00 0 
7fd55b3ce000-7fd55b4cf000 rw-p 00000000 00:00 0 
7fd55b4cf000-7fd55b4d3000 ---p 00000000 00:00 0 
7fd55b4d3000-7fd55b5d0000 rw-p 00000000 00:00 0 
7fd55b5d0000-7fd55b5d4000 ---p 00000000 00:00 0 
7fd55b5d4000-7fd55b6d1000 rw-p 00000000 00:00 0 
7fd55b6d1000-7fd55b6d5000 ---p 00000000 00:00 0 
7fd55b6d5000-7fd55b7d2000 rw-p 00000000 00:00 0 
7fd55b7d2000-7fd55b7e8000 r-xp 00000000 08:01 2636264                    /home/dmitry/Downloads/LOOM/loom/build/linux-x86_64-server-release/jdk/lib/libnet.so
7fd55b7e8000-7fd55b9e8000 ---p 00016000 08:01 2636264                    /home/dmitry/Downloads/LOOM/loom/build/linux-x86_64-server-release/jdk/lib/libnet.so
7fd55b9e8000-7fd55b9e9000 r--p 00016000 08:01 2636264                    /home/dmitry/Downloads/LOOM/loom/build/linux-x86_64-server-release/jdk/lib/libnet.so
7fd55b9e9000-7fd55b9ea000 rw-p 00017000 08:01 2636264                    /home/dmitry/Downloads/LOOM/loom/build/linux-x86_64-server-release/jdk/lib/libnet.so
7fd55b9ea000-7fd55b9fb000 r-xp 00000000 08:01 2636266                    /home/dmitry/Downloads/LOOM/loom/build/linux-x86_64-server-release/jdk/lib/libnio.so
7fd55b9fb000-7fd55bbfa000 ---p 00011000 08:01 2636266                    /home/dmitry/Downloads/LOOM/loom/build/linux-x86_64-server-release/jdk/lib/libnio.so
7fd55bbfa000-7fd55bbfb000 r--p 00010000 08:01 2636266                    /home/dmitry/Downloads/LOOM/loom/build/linux-x86_64-server-release/jdk/lib/libnio.so
7fd55bbfb000-7fd55bbfc000 rw-p 00011000 08:01 2636266                    /home/dmitry/Downloads/LOOM/loom/build/linux-x86_64-server-release/jdk/lib/libnio.so
7fd55bbfc000-7fd55bc00000 ---p 00000000 00:00 0 
7fd55bc00000-7fd55bcfd000 rw-p 00000000 00:00 0 
7fd55bcfd000-7fd55bd01000 ---p 00000000 00:00 0 
7fd55bd01000-7fd55bdfe000 rw-p 00000000 00:00 0 
7fd55bdfe000-7fd55be02000 ---p 00000000 00:00 0 
7fd55be02000-7fd55beff000 rw-p 00000000 00:00 0 
7fd55beff000-7fd55bf03000 ---p 00000000 00:00 0 
7fd55bf03000-7fd55c000000 rw-p 00000000 00:00 0 
7fd55c000000-7fd55c021000 rw-p 00000000 00:00 0 
7fd55c021000-7fd560000000 ---p 00000000 00:00 0 
7fd560000000-7fd560021000 rw-p 00000000 00:00 0 
7fd560021000-7fd564000000 ---p 00000000 00:00 0 
7fd564000000-7fd564021000 rw-p 00000000 00:00 0 
7fd564021000-7fd568000000 ---p 00000000 00:00 0 
7fd568000000-7fd568021000 rw-p 00000000 00:00 0 
7fd568021000-7fd56c000000 ---p 00000000 00:00 0 
7fd56c000000-7fd56c021000 rw-p 00000000 00:00 0 
7fd56c021000-7fd570000000 ---p 00000000 00:00 0 
7fd570000000-7fd570021000 rw-p 00000000 00:00 0 
7fd570021000-7fd574000000 ---p 00000000 00:00 0 
7fd574000000-7fd574021000 rw-p 00000000 00:00 0 
7fd574021000-7fd578000000 ---p 00000000 00:00 0 
7fd5780a4000-7fd578a73000 r--p 00000000 08:01 10230401                   /usr/lib/locale/locale-archive
7fd578a73000-7fd578a77000 ---p 00000000 00:00 0 
7fd578a77000-7fd578b74000 rw-p 00000000 00:00 0 
7fd578b74000-7fd578b78000 ---p 00000000 00:00 0 
7fd578b78000-7fd578c75000 rw-p 00000000 00:00 0 
7fd578c75000-7fd578c76000 ---p 00000000 00:00 0 
7fd578c76000-7fd579578000 rw-p 00000000 00:00 0 
7fd579578000-7fd5795f8000 ---p 00000000 00:00 0 
7fd5795f8000-7fd5795f9000 ---p 00000000 00:00 0 
7fd5795f9000-7fd5796fa000 rw-p 00000000 00:00 0 
7fd5796fa000-7fd5796fb000 ---p 00000000 00:00 0 
7fd5796fb000-7fd57bd40000 rw-p 00000000 00:00 0 
7fd57bd40000-7fd57d000000 ---p 00000000 00:00 0 
7fd57d000000-7fd57d270000 rwxp 00000000 00:00 0 
7fd57d270000-7fd57d590000 ---p 00000000 00:00 0 
7fd57d590000-7fd57d800000 rwxp 00000000 00:00 0 
7fd57d800000-7fd584ac8000 ---p 00000000 00:00 0 
7fd584ac8000-7fd584d38000 rwxp 00000000 00:00 0 
7fd584d38000-7fd58c000000 ---p 00000000 00:00 0 
7fd58c000000-7fd58c2bb000 rw-p 00000000 00:00 0 
7fd58c2bb000-7fd590000000 ---p 00000000 00:00 0 
7fd59003f000-7fd5900cb000 rw-p 00000000 00:00 0 
7fd5900cb000-7fd5900cc000 ---p 00000000 00:00 0 
7fd5900cc000-7fd5901cd000 rw-p 00000000 00:00 0 
7fd5901cd000-7fd5901ce000 ---p 00000000 00:00 0 
7fd5901ce000-7fd5902cf000 rw-p 00000000 00:00 0 
7fd5902cf000-7fd5902d0000 ---p 00000000 00:00 0 
7fd5902d0000-7fd590511000 rw-p 00000000 00:00 0 
7fd590511000-7fd5917d1000 ---p 00000000 00:00 0 
7fd5917d1000-7fd5917f9000 rw-p 00000000 00:00 0 
7fd5917f9000-7fd591a51000 ---p 00000000 00:00 0 
7fd591a51000-7fd591a79000 rw-p 00000000 00:00 0 
7fd591a79000-7fd591cd1000 ---p 00000000 00:00 0 
7fd591cd1000-7fd591cf9000 rw-p 00000000 00:00 0 
7fd591cf9000-7fd591f51000 ---p 00000000 00:00 0 
7fd591f51000-7fd59235a000 rw-p 00000000 00:00 0 
7fd59235a000-7fd592440000 ---p 00000000 00:00 0 
7fd592440000-7fd592445000 rw-p 00000000 00:00 0 
7fd592445000-7fd59252b000 ---p 00000000 00:00 0 
7fd59252b000-7fd592546000 r-xp 00000000 08:01 2636262                    /home/dmitry/Downloads/LOOM/loom/build/linux-x86_64-server-release/jdk/lib/libjimage.so
7fd592546000-7fd592745000 ---p 0001b000 08:01 2636262                    /home/dmitry/Downloads/LOOM/loom/build/linux-x86_64-server-release/jdk/lib/libjimage.so
7fd592745000-7fd592747000 r--p 0001a000 08:01 2636262                    /home/dmitry/Downloads/LOOM/loom/build/linux-x86_64-server-release/jdk/lib/libjimage.so
7fd592747000-7fd592748000 rw-p 0001c000 08:01 2636262                    /home/dmitry/Downloads/LOOM/loom/build/linux-x86_64-server-release/jdk/lib/libjimage.so
7fd592748000-7fd59274f000 r-xp 00000000 08:01 2636259                    /home/dmitry/Downloads/LOOM/loom/build/linux-x86_64-server-release/jdk/lib/libzip.so
7fd59274f000-7fd59294e000 ---p 00007000 08:01 2636259                    /home/dmitry/Downloads/LOOM/loom/build/linux-x86_64-server-release/jdk/lib/libzip.so
7fd59294e000-7fd59294f000 r--p 00006000 08:01 2636259                    /home/dmitry/Downloads/LOOM/loom/build/linux-x86_64-server-release/jdk/lib/libzip.so
7fd59294f000-7fd592950000 rw-p 00007000 08:01 2636259                    /home/dmitry/Downloads/LOOM/loom/build/linux-x86_64-server-release/jdk/lib/libzip.so
7fd592950000-7fd59295b000 r-xp 00000000 08:01 1184572                    /lib/x86_64-linux-gnu/libnss_files-2.27.so
7fd59295b000-7fd592b5a000 ---p 0000b000 08:01 1184572                    /lib/x86_64-linux-gnu/libnss_files-2.27.so
7fd592b5a000-7fd592b5b000 r--p 0000a000 08:01 1184572                    /lib/x86_64-linux-gnu/libnss_files-2.27.so
7fd592b5b000-7fd592b5c000 rw-p 0000b000 08:01 1184572                    /lib/x86_64-linux-gnu/libnss_files-2.27.so
7fd592b5c000-7fd592b62000 rw-p 00000000 00:00 0 
7fd592b62000-7fd592b79000 r-xp 00000000 08:01 1184566                    /lib/x86_64-linux-gnu/libnsl-2.27.so
7fd592b79000-7fd592d78000 ---p 00017000 08:01 1184566                    /lib/x86_64-linux-gnu/libnsl-2.27.so
7fd592d78000-7fd592d79000 r--p 00016000 08:01 1184566                    /lib/x86_64-linux-gnu/libnsl-2.27.so
7fd592d79000-7fd592d7a000 rw-p 00017000 08:01 1184566                    /lib/x86_64-linux-gnu/libnsl-2.27.so
7fd592d7a000-7fd592d7c000 rw-p 00000000 00:00 0 
7fd592d7c000-7fd592d87000 r-xp 00000000 08:01 1184583                    /lib/x86_64-linux-gnu/libnss_nis-2.27.so
7fd592d87000-7fd592f86000 ---p 0000b000 08:01 1184583                    /lib/x86_64-linux-gnu/libnss_nis-2.27.so
7fd592f86000-7fd592f87000 r--p 0000a000 08:01 1184583                    /lib/x86_64-linux-gnu/libnss_nis-2.27.so
7fd592f87000-7fd592f88000 rw-p 0000b000 08:01 1184583                    /lib/x86_64-linux-gnu/libnss_nis-2.27.so
7fd592f88000-7fd592f90000 r-xp 00000000 08:01 1184568                    /lib/x86_64-linux-gnu/libnss_compat-2.27.so
7fd592f90000-7fd593190000 ---p 00008000 08:01 1184568                    /lib/x86_64-linux-gnu/libnss_compat-2.27.so
7fd593190000-7fd593191000 r--p 00008000 08:01 1184568                    /lib/x86_64-linux-gnu/libnss_compat-2.27.so
7fd593191000-7fd593192000 rw-p 00009000 08:01 1184568                    /lib/x86_64-linux-gnu/libnss_compat-2.27.so
7fd593192000-7fd5931ba000 r-xp 00000000 08:01 2636258                    /home/dmitry/Downloads/LOOM/loom/build/linux-x86_64-server-release/jdk/lib/libjava.so
7fd5931ba000-7fd5933ba000 ---p 00028000 08:01 2636258                    /home/dmitry/Downloads/LOOM/loom/build/linux-x86_64-server-release/jdk/lib/libjava.so
7fd5933ba000-7fd5933bb000 r--p 00028000 08:01 2636258                    /home/dmitry/Downloads/LOOM/loom/build/linux-x86_64-server-release/jdk/lib/libjava.so
7fd5933bb000-7fd5933bd000 rw-p 00029000 08:01 2636258                    /home/dmitry/Downloads/LOOM/loom/build/linux-x86_64-server-release/jdk/lib/libjava.so
7fd5933bd000-7fd5933ca000 r-xp 00000000 08:01 2636248                    /home/dmitry/Downloads/LOOM/loom/build/linux-x86_64-server-release/jdk/lib/libverify.so
7fd5933ca000-7fd5935c9000 ---p 0000d000 08:01 2636248                    /home/dmitry/Downloads/LOOM/loom/build/linux-x86_64-server-release/jdk/lib/libverify.so
7fd5935c9000-7fd5935cb000 r--p 0000c000 08:01 2636248                    /home/dmitry/Downloads/LOOM/loom/build/linux-x86_64-server-release/jdk/lib/libverify.so
7fd5935cb000-7fd5935cc000 rw-p 0000e000 08:01 2636248                    /home/dmitry/Downloads/LOOM/loom/build/linux-x86_64-server-release/jdk/lib/libverify.so
7fd5935cc000-7fd593769000 r-xp 00000000 08:01 1184545                    /lib/x86_64-linux-gnu/libm-2.27.so
7fd593769000-7fd593968000 ---p 0019d000 08:01 1184545                    /lib/x86_64-linux-gnu/libm-2.27.so
7fd593968000-7fd593969000 r--p 0019c000 08:01 1184545                    /lib/x86_64-linux-gnu/libm-2.27.so
7fd593969000-7fd59396a000 rw-p 0019d000 08:01 1184545                    /lib/x86_64-linux-gnu/libm-2.27.so
7fd59396a000-7fd594c93000 r-xp 00000000 08:01 2636244                    /home/dmitry/Downloads/LOOM/loom/build/linux-x86_64-server-release/jdk/lib/server/libjvm.so
7fd594c93000-7fd594e93000 ---p 01329000 08:01 2636244                    /home/dmitry/Downloads/LOOM/loom/build/linux-x86_64-server-release/jdk/lib/server/libjvm.so
7fd594e93000-7fd594f5a000 r--p 01329000 08:01 2636244                    /home/dmitry/Downloads/LOOM/loom/build/linux-x86_64-server-release/jdk/lib/server/libjvm.so
7fd594f5a000-7fd594f95000 rw-p 013f0000 08:01 2636244                    /home/dmitry/Downloads/LOOM/loom/build/linux-x86_64-server-release/jdk/lib/server/libjvm.so
7fd594f95000-7fd59501b000 rw-p 00000000 00:00 0 
7fd59501b000-7fd595035000 r-xp 00000000 08:01 1184615                    /lib/x86_64-linux-gnu/libpthread-2.27.so
7fd595035000-7fd595234000 ---p 0001a000 08:01 1184615                    /lib/x86_64-linux-gnu/libpthread-2.27.so
7fd595234000-7fd595235000 r--p 00019000 08:01 1184615                    /lib/x86_64-linux-gnu/libpthread-2.27.so
7fd595235000-7fd595236000 rw-p 0001a000 08:01 1184615                    /lib/x86_64-linux-gnu/libpthread-2.27.so
7fd595236000-7fd59523a000 rw-p 00000000 00:00 0 
7fd59523a000-7fd59523d000 r-xp 00000000 08:01 1184505                    /lib/x86_64-linux-gnu/libdl-2.27.so
7fd59523d000-7fd59543c000 ---p 00003000 08:01 1184505                    /lib/x86_64-linux-gnu/libdl-2.27.so
7fd59543c000-7fd59543d000 r--p 00002000 08:01 1184505                    /lib/x86_64-linux-gnu/libdl-2.27.so
7fd59543d000-7fd59543e000 rw-p 00003000 08:01 1184505                    /lib/x86_64-linux-gnu/libdl-2.27.so
7fd59543e000-7fd59545a000 r-xp 00000000 08:01 1184654                    /lib/x86_64-linux-gnu/libz.so.1.2.11
7fd59545a000-7fd595659000 ---p 0001c000 08:01 1184654                    /lib/x86_64-linux-gnu/libz.so.1.2.11
7fd595659000-7fd59565a000 r--p 0001b000 08:01 1184654                    /lib/x86_64-linux-gnu/libz.so.1.2.11
7fd59565a000-7fd59565b000 rw-p 0001c000 08:01 1184654                    /lib/x86_64-linux-gnu/libz.so.1.2.11
7fd59565b000-7fd595842000 r-xp 00000000 08:01 1184482                    /lib/x86_64-linux-gnu/libc-2.27.so
7fd595842000-7fd595a42000 ---p 001e7000 08:01 1184482                    /lib/x86_64-linux-gnu/libc-2.27.so
7fd595a42000-7fd595a46000 r--p 001e7000 08:01 1184482                    /lib/x86_64-linux-gnu/libc-2.27.so
7fd595a46000-7fd595a48000 rw-p 001eb000 08:01 1184482                    /lib/x86_64-linux-gnu/libc-2.27.so
7fd595a48000-7fd595a4c000 rw-p 00000000 00:00 0 
7fd595a4c000-7fd595a5c000 r-xp 00000000 08:01 2636251                    /home/dmitry/Downloads/LOOM/loom/build/linux-x86_64-server-release/jdk/lib/libjli.so
7fd595a5c000-7fd595c5b000 ---p 00010000 08:01 2636251                    /home/dmitry/Downloads/LOOM/loom/build/linux-x86_64-server-release/jdk/lib/libjli.so
7fd595c5b000-7fd595c5c000 r--p 0000f000 08:01 2636251                    /home/dmitry/Downloads/LOOM/loom/build/linux-x86_64-server-release/jdk/lib/libjli.so
7fd595c5c000-7fd595c5d000 rw-p 00010000 08:01 2636251                    /home/dmitry/Downloads/LOOM/loom/build/linux-x86_64-server-release/jdk/lib/libjli.so
7fd595c5d000-7fd595c84000 r-xp 00000000 08:01 1184454                    /lib/x86_64-linux-gnu/ld-2.27.so
7fd595cac000-7fd595d5f000 rw-p 00000000 00:00 0 
7fd595d5f000-7fd595d66000 ---p 00000000 00:00 0 
7fd595d66000-7fd595d6a000 ---p 00000000 00:00 0 
7fd595d6a000-7fd595e69000 rw-p 00000000 00:00 0 
7fd595e72000-7fd595e7a000 rw-s 00000000 08:01 524328                     /tmp/hsperfdata_dmitry/20977
7fd595e7a000-7fd595e7b000 ---p 00000000 00:00 0 
7fd595e7b000-7fd595e7c000 r--p 00000000 00:00 0 
7fd595e7c000-7fd595e7d000 ---p 00000000 00:00 0 
7fd595e7d000-7fd595e7f000 rw-p 00000000 00:00 0 
7fd595e7f000-7fd595e82000 r--p 00000000 00:00 0                          [vvar]
7fd595e82000-7fd595e84000 r-xp 00000000 00:00 0                          [vdso]
7fd595e84000-7fd595e85000 r--p 00027000 08:01 1184454                    /lib/x86_64-linux-gnu/ld-2.27.so
7fd595e85000-7fd595e86000 rw-p 00028000 08:01 1184454                    /lib/x86_64-linux-gnu/ld-2.27.so
7fd595e86000-7fd595e87000 rw-p 00000000 00:00 0 
7ffe597d8000-7ffe597fb000 rw-p 00000000 00:00 0                          [stack]
ffffffffff600000-ffffffffff601000 r-xp 00000000 00:00 0                  [vsyscall]


VM Arguments:
jvm_args: -Didea.launcher.port=7407 -Didea.launcher.bin.path=/home/dmitry/Downloads/idea-IC-183.5912.21/bin -Dfile.encoding=UTF-8 
java_command: com.intellij.rt.execution.application.AppMainV2 Main
java_class_path (initial): /home/dmitry/Downloads/LOOM/loom/build/linux-x86_64-server-release/jdk/modules/java.base:/home/dmitry/Downloads/LOOM/loom/build/linux-x86_64-server-release/jdk/modules/java.compiler:/home/dmitry/Downloads/LOOM/loom/build/linux-x86_64-server-release/jdk/modules/java.datatransfer:/home/dmitry/Downloads/LOOM/loom/build/linux-x86_64-server-release/jdk/modules/java.desktop:/home/dmitry/Downloads/LOOM/loom/build/linux-x86_64-server-release/jdk/modules/java.instrument:/home/dmitry/Downloads/LOOM/loom/build/linux-x86_64-server-release/jdk/modules/java.logging:/home/dmitry/Downloads/LOOM/loom/build/linux-x86_64-server-release/jdk/modules/java.management:/home/dmitry/Downloads/LOOM/loom/build/linux-x86_64-server-release/jdk/modules/java.management.rmi:/home/dmitry/Downloads/LOOM/loom/build/linux-x86_64-server-release/jdk/modules/java.naming:/home/dmitry/Downloads/LOOM/loom/build/linux-x86_64-server-release/jdk/modules/java.net.http:/home/dmitry/Downloads/LOOM/loom/build/linux-x86_64-server-release/jdk/modules/java.prefs:/home/dmitry/Downloads/LOOM/loom/build/linux-x86_64-server-release/jdk/modules/java.rmi:/home/dmitry/Downloads/LOOM/loom/build/linux-x86_64-server-release/jdk/modules/java.scripting:/home/dmitry/Downloads/LOOM/loom/build/linux-x86_64-server-release/jdk/modules/java.se:/home/dmitry/Downloads/LOOM/loom/build/linux-x86_64-server-release/jdk/modules/java.security.jgss:/home/dmitry/Downloads/LOOM/loom/build/linux-x86_64-server-release/jdk/modules/java.security.sasl:/home/dmitry/Downloads/LOOM/loom/build/linux-x86_64-server-release/jdk/modules/java.smartcardio:/home/dmitry/Downloads/LOOM/loom/build/linux-x86_64-server-release/jdk/modules/java.sql:/home/dmitry/Downloads/LOOM/loom/build/linux-x86_64-server-release/jdk/modules/java.sql.rowset:/home/dmitry/Downloads/LOOM/loom/build/linux-x86_64-server-release/jdk/modules/java.transaction.xa:/home/dmitry/Downloads/LOOM/loom/build/linux-x86_64-server-release/jdk/modules/java.xml:/home/dmitry/D
Launcher Type: SUN_STANDARD

[Global flags]
     intx CICompilerCount                          = 3                                         {product} {ergonomic}
     uint ConcGCThreads                            = 1                                         {product} {ergonomic}
     uint G1ConcRefinementThreads                  = 4                                         {product} {ergonomic}
   size_t G1HeapRegionSize                         = 1048576                                   {product} {ergonomic}
    uintx GCDrainStackTargetSize                   = 64                                        {product} {ergonomic}
   size_t InitialHeapSize                          = 83886080                                  {product} {ergonomic}
   size_t MarkStackSize                            = 4194304                                   {product} {ergonomic}
   size_t MaxHeapSize                              = 1342177280                                {product} {ergonomic}
   size_t MaxNewSize                               = 805306368                                 {product} {ergonomic}
   size_t MinHeapDeltaBytes                        = 1048576                                   {product} {ergonomic}
    uintx NonNMethodCodeHeapSize                   = 5830732                                {pd product} {ergonomic}
    uintx NonProfiledCodeHeapSize                  = 122913754                              {pd product} {ergonomic}
    uintx ProfiledCodeHeapSize                     = 122913754                              {pd product} {ergonomic}
    uintx ReservedCodeCacheSize                    = 251658240                              {pd product} {ergonomic}
     bool SegmentedCodeCache                       = true                                      {product} {ergonomic}
     bool UseCompressedClassPointers               = true                                 {lp64_product} {ergonomic}
     bool UseCompressedOops                        = true                                 {lp64_product} {ergonomic}
     bool UseG1GC                                  = true                                      {product} {ergonomic}

Logging:
Log output configuration:
 #0: stdout all=warning uptime,level,tags
 #1: stderr all=off uptime,level,tags

Environment Variables:
JAVA_HOME=/home/dmitry/usr/local/java/jdk1.8.0
PATH=/bin:/bin:/usr/local/sbin:/usr/local/bin:/usr/sbin:/usr/bin:/sbin:/bin:/usr/games:/usr/local/games:/snap/bin
USERNAME=dmitry
SHELL=/bin/bash
DISPLAY=:0

Signal Handlers:
SIGSEGV: [libjvm.so+0xfe1ad0], sa_mask[0]=11111111011111111101111111111110, sa_flags=SA_RESTART|SA_SIGINFO
SIGBUS: [libjvm.so+0xfe1ad0], sa_mask[0]=11111111011111111101111111111110, sa_flags=SA_RESTART|SA_SIGINFO
SIGFPE: [libjvm.so+0xfe1ad0], sa_mask[0]=11111111011111111101111111111110, sa_flags=SA_RESTART|SA_SIGINFO
SIGPIPE: [libjvm.so+0xc7f350], sa_mask[0]=11111111011111111101111111111110, sa_flags=SA_RESTART|SA_SIGINFO
SIGXFSZ: [libjvm.so+0xc7f350], sa_mask[0]=11111111011111111101111111111110, sa_flags=SA_RESTART|SA_SIGINFO
SIGILL: [libjvm.so+0xfe1ad0], sa_mask[0]=11111111011111111101111111111110, sa_flags=SA_RESTART|SA_SIGINFO
SIGUSR2: [libjvm.so+0xc7f1f0], sa_mask[0]=00100000000000000000000000000000, sa_flags=SA_RESTART|SA_SIGINFO
SIGHUP: [libjvm.so+0xc7f7f0], sa_mask[0]=11111111011111111101111111111110, sa_flags=SA_RESTART|SA_SIGINFO
SIGINT: [libjvm.so+0xc7f7f0], sa_mask[0]=11111111011111111101111111111110, sa_flags=SA_RESTART|SA_SIGINFO
SIGTERM: [libjvm.so+0xc7f7f0], sa_mask[0]=11111111011111111101111111111110, sa_flags=SA_RESTART|SA_SIGINFO
SIGQUIT: [libjvm.so+0xc7f7f0], sa_mask[0]=11111111011111111101111111111110, sa_flags=SA_RESTART|SA_SIGINFO


---------------  S Y S T E M  ---------------

OS:DISTRIB_ID=Ubuntu
DISTRIB_RELEASE=18.04
DISTRIB_CODENAME=bionic
DISTRIB_DESCRIPTION="Ubuntu 18.04.2 LTS"
uname:Linux 4.18.0-20-generic #21~18.04.1-Ubuntu SMP Wed May 8 08:43:37 UTC 2019 x86_64
libc:glibc 2.27 NPTL 2.27 
rlimit: STACK 8192k, CORE 0k, NPROC 20273, NOFILE 4096, AS infinity, DATA infinity, FSIZE infinity
load average:2,20 2,48 3,32

/proc/meminfo:
MemTotal:        5234996 kB
MemFree:          623584 kB
MemAvailable:    3212524 kB
Buffers:           57240 kB
Cached:          2734752 kB
SwapCached:        13108 kB
Active:          2067408 kB
Inactive:        2242048 kB
Active(anon):     876732 kB
Inactive(anon):   710228 kB
Active(file):    1190676 kB
Inactive(file):  1531820 kB
Unevictable:          32 kB
Mlocked:              32 kB
SwapTotal:       2097148 kB
SwapFree:         949628 kB
Dirty:             10740 kB
Writeback:             0 kB
AnonPages:       1512692 kB
Mapped:           152532 kB
Shmem:             69496 kB
Slab:             191416 kB
SReclaimable:     146876 kB
SUnreclaim:        44540 kB
KernelStack:        9872 kB
PageTables:        38048 kB
NFS_Unstable:          0 kB
Bounce:                0 kB
WritebackTmp:          0 kB
CommitLimit:     4714644 kB
Committed_AS:    5818920 kB
VmallocTotal:   34359738367 kB
VmallocUsed:           0 kB
VmallocChunk:          0 kB
HardwareCorrupted:     0 kB
AnonHugePages:         0 kB
ShmemHugePages:        0 kB
ShmemPmdMapped:        0 kB
CmaTotal:              0 kB
CmaFree:               0 kB
HugePages_Total:       0
HugePages_Free:        0
HugePages_Rsvd:        0
HugePages_Surp:        0
Hugepagesize:       2048 kB
Hugetlb:               0 kB
DirectMap4k:      176064 kB
DirectMap2M:     5234688 kB


/proc/sys/kernel/threads-max (system-wide limit on the number of threads):
40547


/proc/sys/vm/max_map_count (maximum number of memory map areas a process may have):
65530


/proc/sys/kernel/pid_max (system-wide limit on number of process identifiers):
32768



container (cgroup) information:
container_type: cgroupv1
cpu_cpuset_cpus: 0-3
cpu_memory_nodes: 0
active_processor_count: 4
cpu_quota: no quota
cpu_period: 100000
cpu_shares: no shares
memory_limit_in_bytes: unlimited
memory_and_swap_limit_in_bytes: not supported
memory_soft_limit_in_bytes: unlimited
memory_usage_in_bytes: 4409020416
memory_max_usage_in_bytes: 48168960

KVM virtualization detected
Steal ticks since vm start: 0
Steal ticks percentage since vm start:  0,000

CPU:total 4 (initial active 4) (4 cores per cpu, 1 threads per core) family 6 model 60 stepping 3, cmov, cx8, fxsr, mmx, sse, sse2, sse3, ssse3, sse4.1, sse4.2, popcnt, avx, avx2, aes, clmul, lzcnt, tsc, tscinvbit
CPU Model and flags from /proc/cpuinfo:
model name	: Intel(R) Core(TM) i7-4700HQ CPU @ 2.40GHz
flags		: fpu vme de pse tsc msr pae mce cx8 apic sep mtrr pge mca cmov pat pse36 clflush mmx fxsr sse sse2 ht syscall nx rdtscp lm constant_tsc rep_good nopl xtopology nonstop_tsc cpuid tsc_known_freq pni pclmulqdq ssse3 cx16 pcid sse4_1 sse4_2 x2apic movbe popcnt aes xsave avx rdrand hypervisor lahf_lm abm invpcid_single pti fsgsbase avx2 invpcid flush_l1d

Memory: 4k page, physical 5234996k(623584k free), swap 2097148k(949628k free)

vm_info: OpenJDK 64-Bit Server VM (13-internal+0-adhoc.dmitry.loom) for linux-amd64 JRE (13-internal+0-adhoc.dmitry.loom), built on May 19 2019 00:42:28 by "dmitry" with gcc 7.4.0

END.
