#
# A fatal error has been detected by the Java Runtime Environment:
#
#  SIGSEGV (0xb) at pc=0x00007f1a5d8117cd, pid=9630, tid=9651
#
# JRE version: OpenJDK Runtime Environment (13.0) (build 13-internal+0-adhoc.dmitry.loom)
# Java VM: OpenJDK 64-Bit Server VM (13-internal+0-adhoc.dmitry.loom, mixed mode, tiered, compressed oops, g1 gc, linux-amd64)
# Problematic frame:
# V  [libjvm.so+0xaaa7cd]  JvmtiThreadState::invalidate_cur_stack_depth()+0x2d
#
# Core dump will be written. Default location: Core dumps may be processed with "/usr/share/apport/apport %p %s %c %d %P" (or dumping to /home/dmitry/Downloads/LoadDetector/core.9630)
#
# If you would like to submit a bug report, please visit:
#   http://bugreport.java.com/bugreport/crash.jsp
#

---------------  S U M M A R Y ------------

Command Line: -agentlib:jdwp=transport=dt_socket,address=127.0.0.1:19095,suspend=y,server=n -Dfile.encoding=UTF-8 Main

Host: Intel(R) Core(TM) i7-4700HQ CPU @ 2.40GHz, 4 cores, 4G, Ubuntu 18.04.2 LTS
Time: Mon May 20 00:55:51 2019 MSK elapsed time: 2 seconds (0d 0h 0m 2s)

---------------  T H R E A D  ---------------

Current thread (0x00007f1a5812f800):  VMThread "VM Thread" [stack: 0x00007f1a35e24000,0x00007f1a35f24000] [id=9651] _threads_hazard_ptr=0x00007f1a582e9ee0

Stack: [0x00007f1a35e24000,0x00007f1a35f24000],  sp=0x00007f1a35f20130,  free space=1008k
Native frames: (J=compiled Java code, A=aot compiled Java code, j=interpreted, Vv=VM code, C=native code)
V  [libjvm.so+0xaaa7cd]  JvmtiThreadState::invalidate_cur_stack_depth()+0x2d
V  [libjvm.so+0xa7ef9d]  JvmtiExport::post_continuation_yield(JavaThread*, int)+0x5d
V  [libjvm.so+0x6897e7]  Continuation::freeze0(JavaThread*, FrameInfo*, bool) [clone .part.305]+0x6c7
V  [libjvm.so+0x689ef4]  Continuation::try_force_yield(JavaThread*, oopDesc*)+0x174
V  [libjvm.so+0x689f48]  CONT_TryForceYield0::ForceYieldClosure::do_thread(Thread*)+0x28
V  [libjvm.so+0x84359b]  HandshakeThreadsOperation::do_handshake(JavaThread*)+0x12b
V  [libjvm.so+0x8443a7]  VM_HandshakeOneThread::doit()+0x287
V  [libjvm.so+0xfe46a5]  VM_Operation::evaluate()+0x195
V  [libjvm.so+0xfea8c6]  VMThread::evaluate_operation(VM_Operation*) [clone .constprop.64]+0xb6
V  [libjvm.so+0xfeb0f7]  VMThread::loop()+0x727
V  [libjvm.so+0xfeb347]  VMThread::run()+0x77
V  [libjvm.so+0xf716ad]  Thread::call_run()+0x10d
V  [libjvm.so+0xc8ba17]  thread_native_entry(Thread*)+0xe7


siginfo: si_signo: 11 (SIGSEGV), si_code: 128 (SI_KERNEL), si_addr: 0x0000000000000000

Register to memory mapping:

RAX=0x00007f1a5812f800 points into unknown readable memory: 88 87 35 5e 1a 7f 00 00
RBX=0x62004a0e5100490e is an unknown value
RCX=
[error occurred during error reporting (printing register info), id 0xb, SIGSEGV (0xb) at pc=0x00007f1a5d4eafbd]

Registers:
RAX=0x00007f1a5812f800, RBX=0x62004a0e5100490e, RCX=0x00000000ffffffff, RDX=0x00007f1a58130c60
RSP=0x00007f1a35f20130, RBP=0x00007f1a35f20140, RSI=0x0000000000000006, RDI=0x00007f1a5e359fb0
R8 =0x00000000ffffffff, R9 =0x0000000000000001, R10=0x0000000000000000, R11=0x0000000000000002
R12=0x0000000000000006, R13=0x62004a0e5100490e, R14=0x0000080000000000, R15=0x00007f1a5812ffb0
RIP=0x00007f1a5d8117cd, EFLAGS=0x0000000000010202, CSGSFS=0x002b000000000033, ERR=0x0000000000000000
  TRAPNO=0x000000000000000d

Top of Stack: (sp=0x00007f1a35f20130)
0x00007f1a35f20130:   00007f1a35f20230 00007f1a5812f800
0x00007f1a35f20140:   00007f1a35f20230 00007f1a5d7e5f9d
0x00007f1a35f20150:   0000000000000000 ffffffff01010000
0x00007f1a35f20160:   00007f1a35f201c0 0000000000000000 

Instructions: (pc=0x00007f1a5d8117cd)
0x00007f1a5d8116cd:   02 00 00 49 8b 44 24 18 4d 8b 74 24 10 48 89 85
0x00007f1a5d8116dd:   88 ed ff ff 49 8b 44 24 20 48 89 85 80 ed ff ff
0x00007f1a5d8116ed:   49 8b 44 24 28 48 89 85 70 ed ff ff 48 8d 85 90
0x00007f1a5d8116fd:   ed ff ff 48 89 c7 48 89 85 78 ed ff ff e8 d1 3e
0x00007f1a5d81170d:   cc ff 48 8b 85 78 ed ff ff 49 8b 7d 00 48 89 c6
0x00007f1a5d81171d:   e8 ae 38 4c 00 48 85 c0 49 89 c5 74 23 66 0f 1f
0x00007f1a5d81172d:   44 00 00 49 8b 45 00 4c 89 ef 83 c3 01 ff 50 38
0x00007f1a5d81173d:   4c 89 ef e8 ab ee 51 00 48 85 c0 49 89 c5 75 e3
0x00007f1a5d81174d:   49 83 3e 00 74 17 48 8b b5 70 ed ff ff 4c 89 e7
0x00007f1a5d81175d:   e8 5e c4 96 ff 4c 89 f7 e8 d6 b3 96 ff 48 8b 85
0x00007f1a5d81176d:   88 ed ff ff 4d 89 74 24 10 49 89 44 24 18 48 8b
0x00007f1a5d81177d:   85 80 ed ff ff 49 89 44 24 20 48 81 c4 68 12 00
0x00007f1a5d81178d:   00 89 d8 5b 41 5c 41 5d 41 5e 41 5f 5d c3 90 0f
0x00007f1a5d81179d:   1f 40 00 55 48 89 e5 53 48 89 fb 48 83 ec 08 48
0x00007f1a5d8117ad:   8d 05 99 41 bd 00 8b 00 83 f8 02 74 4b 66 48 8d
0x00007f1a5d8117bd:   3d ee 87 b4 00 66 66 48 e8 66 1b 7e ff 48 8b 00
0x00007f1a5d8117cd:   48 39 03 74 33 48 8d 05 4f dd b4 00 48 8d 0d a0
0x00007f1a5d8117dd:   29 63 00 48 8d 15 c1 29 63 00 48 8d 3d 2a 2a 63
0x00007f1a5d8117ed:   00 be f0 00 00 00 48 8b 00 c6 00 58 31 c0 e8 a0
0x00007f1a5d8117fd:   ce bf ff e8 5b 7c 1d 00 c7 43 24 9d ff ff ff 48
0x00007f1a5d81180d:   83 c4 08 5b 5d c3 90 66 90 66 2e 0f 1f 84 00 00
0x00007f1a5d81181d:   00 00 00 55 48 89 e5 41 54 53 48 89 fb 4c 8b 27
0x00007f1a5d81182d:   66 48 8d 3d 7b 87 b4 00 66 66 48 e8 f3 1a 7e ff
0x00007f1a5d81183d:   4c 39 20 74 36 48 8d 05 df dc b4 00 48 8d 0d 50
0x00007f1a5d81184d:   2a 63 00 48 8d 15 11 2a 63 00 48 8d 3d ba 29 63
0x00007f1a5d81185d:   00 be f6 00 00 00 48 8b 00 c6 00 58 31 c0 e8 30
0x00007f1a5d81186d:   ce bf ff e8 eb 7b 1d 00 4c 8b 23 41 8b 84 24 98
0x00007f1a5d81187d:   04 00 00 85 c0 75 0c c7 43 24 9d ff ff ff 5b 41
0x00007f1a5d81188d:   5c 5d c3 8b 43 24 83 f8 9d 74 f3 83 c0 01 89 43
0x00007f1a5d81189d:   24 5b 41 5c 5d c3 90 66 90 66 2e 0f 1f 84 00 00
0x00007f1a5d8118ad:   00 00 00 55 48 89 e5 41 54 53 48 89 fb 4c 8b 27
0x00007f1a5d8118bd:   66 48 8d 3d eb 86 b4 00 66 66 48 e8 63 1a 7e ff 


Stack slot to memory mapping:
stack at sp + 0 slots: 0x00007f1a35f20230 points into unknown readable memory: 30 28 f2 35 1a 7f 00 00
stack at sp + 1 slots: 0x00007f1a5812f800 points into unknown readable memory: 88 87 35 5e 1a 7f 00 00
stack at sp + 2 slots: 0x00007f1a35f20230 points into unknown readable memory: 30 28 f2 35 1a 7f 00 00
stack at sp + 3 slots: 0x00007f1a5d7e5f9d: <offset 0x0000000000a7ef9d> in /home/dmitry/Downloads/LOOM/loom/build/linux-x86_64-server-release/jdk/lib/server/libjvm.so at 0x00007f1a5cd67000
stack at sp + 4 slots: 0x0 is NULL
stack at sp + 5 slots: 0xffffffff01010000 is an unknown value
stack at sp + 6 slots: 0x00007f1a35f201c0 points into unknown readable memory: 48 51 0a 44 1a 7f 00 00
stack at sp + 7 slots: 0x0 is NULL

VM_Operation (0x00007f1a34113760): HandshakeOneThread, mode: safepoint, requested by thread 0x00007f1a582e8800


---------------  P R O C E S S  ---------------

Threads class SMR info:
_java_thread_list=0x00007f1a582e9ee0, length=14, elements={
0x00007f1a5813b800, 0x00007f1a5813f000, 0x00007f1a58161000, 0x00007f1a58165800,
0x00007f1a58167800, 0x00007f1a58169800, 0x00007f1a581aa000, 0x00007f1a582cf000,
0x00007f1a582d2000, 0x00007f1a0c001800, 0x00007f1a582d4800, 0x00007f1a582e6800,
0x00007f1a582e8800, 0x00007f1a58017800
}

Java Threads: ( => current thread )
  0x00007f1a5813b800 JavaThread "Reference Handler" daemon [_thread_blocked, id=9653, stack(0x00007f1a35d21000,0x00007f1a35e22000)]
  0x00007f1a5813f000 JavaThread "Finalizer" daemon [_thread_blocked, id=9654, stack(0x00007f1a35c20000,0x00007f1a35d21000)]
  0x00007f1a58161000 JavaThread "Signal Dispatcher" daemon [_thread_blocked, id=9655, stack(0x00007f1a35150000,0x00007f1a35251000)]
  0x00007f1a58165800 JavaThread "C2 CompilerThread0" daemon [_thread_blocked, id=9656, stack(0x00007f1a3504f000,0x00007f1a35150000)]
  0x00007f1a58167800 JavaThread "C1 CompilerThread0" daemon [_thread_blocked, id=9657, stack(0x00007f1a34f4e000,0x00007f1a3504f000)]
  0x00007f1a58169800 JavaThread "Sweeper thread" daemon [_thread_blocked, id=9658, stack(0x00007f1a34e4d000,0x00007f1a34f4e000)]
  0x00007f1a581aa000 JavaThread "Common-Cleaner" daemon [_thread_blocked, id=9661, stack(0x00007f1a34922000,0x00007f1a34a23000)]
  0x00007f1a582cf000 JavaThread "JDWP Transport Listener: dt_socket" daemon [_thread_blocked, id=9703, stack(0x00007f1a3461b000,0x00007f1a3471c000)]
  0x00007f1a582d2000 JavaThread "JDWP Event Helper Thread" daemon [_thread_blocked, id=9704, stack(0x00007f1a3451a000,0x00007f1a3461b000)]
  0x00007f1a0c001800 JavaThread "JDWP Command Reader" daemon [_thread_in_native, id=9707, stack(0x00007f1a34419000,0x00007f1a3451a000)]
  0x00007f1a582d4800 JavaThread "Service Thread" daemon [_thread_blocked, id=9714, stack(0x00007f1a34318000,0x00007f1a34419000)]
  0x00007f1a582e6800 JavaThread "Thread-0" [_thread_blocked, id=9722, stack(0x00007f1a34115000,0x00007f1a34216000)]
  0x00007f1a582e8800 JavaThread "Thread-1" [_thread_blocked, id=9725, stack(0x00007f1a34014000,0x00007f1a34115000)]
  0x00007f1a58017800 JavaThread "DestroyJavaVM" [_thread_blocked, id=9633, stack(0x00007f1a5f16b000,0x00007f1a5f26c000)]

Other Threads:
=>0x00007f1a5812f800 VMThread "VM Thread" [stack: 0x00007f1a35e24000,0x00007f1a35f24000] [id=9651]
  0x00007f1a582d6800 WatcherThread [stack: 0x00007f1a34218000,0x00007f1a34318000] [id=9717]
  0x00007f1a5805b000 GCTaskThread "GC Thread#0" [stack: 0x00007f1a45034000,0x00007f1a45134000] [id=9640]
  0x00007f1a58065000 ConcurrentGCThread "G1 Main Marker" [stack: 0x00007f1a44f32000,0x00007f1a45032000] [id=9641]
  0x00007f1a58066800 ConcurrentGCThread "G1 Conc#0" [stack: 0x00007f1a44e30000,0x00007f1a44f30000] [id=9642]
  0x00007f1a580bb000 ConcurrentGCThread "G1 Refine#0" [stack: 0x00007f1a4492a000,0x00007f1a44a2a000] [id=9643]
  0x00007f1a580bc800 ConcurrentGCThread "G1 Young RemSet Sampling" [stack: 0x00007f1a44828000,0x00007f1a44928000] [id=9644]

Threads with active compile tasks:

VM state:not at safepoint (normal execution)

VM Mutex/Monitor currently owned by a thread:  ([mutex/lock_event])
[0x00007f1a580128c0] Threads_lock - owner thread: 0x00007f1a5812f800

Heap address: 0x00000000b0000000, size: 1280 MB, Compressed Oops mode: 32-bit
Narrow klass base: 0x0000000000000000, Narrow klass shift: 3
Compressed class space size: 1073741824 Address: 0x0000000100000000

Heap:
 garbage-first heap   total 81920K, used 7168K [0x00000000b0000000, 0x0000000100000000)
  region size 1024K, 8 young (8192K), 0 survivors (0K)
 Metaspace       used 7123K, capacity 7275K, committed 7424K, reserved 1056768K
  class space    used 611K, capacity 663K, committed 768K, reserved 1048576K
Heap Regions: E=young(eden), S=young(survivor), O=old, HS=humongous(starts), HC=humongous(continues), CS=collection set, F=free, A=archive, TAMS=top-at-mark-start (previous, next)
|   0|0x00000000b0000000, 0x00000000b0000000, 0x00000000b0100000|  0%| F|  |TAMS 0x00000000b0000000, 0x00000000b0000000| Untracked 
|   1|0x00000000b0100000, 0x00000000b0100000, 0x00000000b0200000|  0%| F|  |TAMS 0x00000000b0100000, 0x00000000b0100000| Untracked 
|   2|0x00000000b0200000, 0x00000000b0200000, 0x00000000b0300000|  0%| F|  |TAMS 0x00000000b0200000, 0x00000000b0200000| Untracked 
|   3|0x00000000b0300000, 0x00000000b0300000, 0x00000000b0400000|  0%| F|  |TAMS 0x00000000b0300000, 0x00000000b0300000| Untracked 
|   4|0x00000000b0400000, 0x00000000b0400000, 0x00000000b0500000|  0%| F|  |TAMS 0x00000000b0400000, 0x00000000b0400000| Untracked 
|   5|0x00000000b0500000, 0x00000000b0500000, 0x00000000b0600000|  0%| F|  |TAMS 0x00000000b0500000, 0x00000000b0500000| Untracked 
|   6|0x00000000b0600000, 0x00000000b0600000, 0x00000000b0700000|  0%| F|  |TAMS 0x00000000b0600000, 0x00000000b0600000| Untracked 
|   7|0x00000000b0700000, 0x00000000b0700000, 0x00000000b0800000|  0%| F|  |TAMS 0x00000000b0700000, 0x00000000b0700000| Untracked 
|   8|0x00000000b0800000, 0x00000000b0800000, 0x00000000b0900000|  0%| F|  |TAMS 0x00000000b0800000, 0x00000000b0800000| Untracked 
|   9|0x00000000b0900000, 0x00000000b0900000, 0x00000000b0a00000|  0%| F|  |TAMS 0x00000000b0900000, 0x00000000b0900000| Untracked 
|  10|0x00000000b0a00000, 0x00000000b0a00000, 0x00000000b0b00000|  0%| F|  |TAMS 0x00000000b0a00000, 0x00000000b0a00000| Untracked 
|  11|0x00000000b0b00000, 0x00000000b0b00000, 0x00000000b0c00000|  0%| F|  |TAMS 0x00000000b0b00000, 0x00000000b0b00000| Untracked 
|  12|0x00000000b0c00000, 0x00000000b0c00000, 0x00000000b0d00000|  0%| F|  |TAMS 0x00000000b0c00000, 0x00000000b0c00000| Untracked 
|  13|0x00000000b0d00000, 0x00000000b0d00000, 0x00000000b0e00000|  0%| F|  |TAMS 0x00000000b0d00000, 0x00000000b0d00000| Untracked 
|  14|0x00000000b0e00000, 0x00000000b0e00000, 0x00000000b0f00000|  0%| F|  |TAMS 0x00000000b0e00000, 0x00000000b0e00000| Untracked 
|  15|0x00000000b0f00000, 0x00000000b0f00000, 0x00000000b1000000|  0%| F|  |TAMS 0x00000000b0f00000, 0x00000000b0f00000| Untracked 
|  16|0x00000000b1000000, 0x00000000b1000000, 0x00000000b1100000|  0%| F|  |TAMS 0x00000000b1000000, 0x00000000b1000000| Untracked 
|  17|0x00000000b1100000, 0x00000000b1100000, 0x00000000b1200000|  0%| F|  |TAMS 0x00000000b1100000, 0x00000000b1100000| Untracked 
|  18|0x00000000b1200000, 0x00000000b1200000, 0x00000000b1300000|  0%| F|  |TAMS 0x00000000b1200000, 0x00000000b1200000| Untracked 
|  19|0x00000000b1300000, 0x00000000b1300000, 0x00000000b1400000|  0%| F|  |TAMS 0x00000000b1300000, 0x00000000b1300000| Untracked 
|  20|0x00000000b1400000, 0x00000000b1400000, 0x00000000b1500000|  0%| F|  |TAMS 0x00000000b1400000, 0x00000000b1400000| Untracked 
|  21|0x00000000b1500000, 0x00000000b1500000, 0x00000000b1600000|  0%| F|  |TAMS 0x00000000b1500000, 0x00000000b1500000| Untracked 
|  22|0x00000000b1600000, 0x00000000b1600000, 0x00000000b1700000|  0%| F|  |TAMS 0x00000000b1600000, 0x00000000b1600000| Untracked 
|  23|0x00000000b1700000, 0x00000000b1700000, 0x00000000b1800000|  0%| F|  |TAMS 0x00000000b1700000, 0x00000000b1700000| Untracked 
|  24|0x00000000b1800000, 0x00000000b1800000, 0x00000000b1900000|  0%| F|  |TAMS 0x00000000b1800000, 0x00000000b1800000| Untracked 
|  25|0x00000000b1900000, 0x00000000b1900000, 0x00000000b1a00000|  0%| F|  |TAMS 0x00000000b1900000, 0x00000000b1900000| Untracked 
|  26|0x00000000b1a00000, 0x00000000b1a00000, 0x00000000b1b00000|  0%| F|  |TAMS 0x00000000b1a00000, 0x00000000b1a00000| Untracked 
|  27|0x00000000b1b00000, 0x00000000b1b00000, 0x00000000b1c00000|  0%| F|  |TAMS 0x00000000b1b00000, 0x00000000b1b00000| Untracked 
|  28|0x00000000b1c00000, 0x00000000b1c00000, 0x00000000b1d00000|  0%| F|  |TAMS 0x00000000b1c00000, 0x00000000b1c00000| Untracked 
|  29|0x00000000b1d00000, 0x00000000b1d00000, 0x00000000b1e00000|  0%| F|  |TAMS 0x00000000b1d00000, 0x00000000b1d00000| Untracked 
|  30|0x00000000b1e00000, 0x00000000b1e00000, 0x00000000b1f00000|  0%| F|  |TAMS 0x00000000b1e00000, 0x00000000b1e00000| Untracked 
|  31|0x00000000b1f00000, 0x00000000b1f00000, 0x00000000b2000000|  0%| F|  |TAMS 0x00000000b1f00000, 0x00000000b1f00000| Untracked 
|  32|0x00000000b2000000, 0x00000000b2000000, 0x00000000b2100000|  0%| F|  |TAMS 0x00000000b2000000, 0x00000000b2000000| Untracked 
|  33|0x00000000b2100000, 0x00000000b2100000, 0x00000000b2200000|  0%| F|  |TAMS 0x00000000b2100000, 0x00000000b2100000| Untracked 
|  34|0x00000000b2200000, 0x00000000b2200000, 0x00000000b2300000|  0%| F|  |TAMS 0x00000000b2200000, 0x00000000b2200000| Untracked 
|  35|0x00000000b2300000, 0x00000000b2300000, 0x00000000b2400000|  0%| F|  |TAMS 0x00000000b2300000, 0x00000000b2300000| Untracked 
|  36|0x00000000b2400000, 0x00000000b2400000, 0x00000000b2500000|  0%| F|  |TAMS 0x00000000b2400000, 0x00000000b2400000| Untracked 
|  37|0x00000000b2500000, 0x00000000b2500000, 0x00000000b2600000|  0%| F|  |TAMS 0x00000000b2500000, 0x00000000b2500000| Untracked 
|  38|0x00000000b2600000, 0x00000000b2600000, 0x00000000b2700000|  0%| F|  |TAMS 0x00000000b2600000, 0x00000000b2600000| Untracked 
|  39|0x00000000b2700000, 0x00000000b2700000, 0x00000000b2800000|  0%| F|  |TAMS 0x00000000b2700000, 0x00000000b2700000| Untracked 
|  40|0x00000000b2800000, 0x00000000b2800000, 0x00000000b2900000|  0%| F|  |TAMS 0x00000000b2800000, 0x00000000b2800000| Untracked 
|  41|0x00000000b2900000, 0x00000000b2900000, 0x00000000b2a00000|  0%| F|  |TAMS 0x00000000b2900000, 0x00000000b2900000| Untracked 
|  42|0x00000000b2a00000, 0x00000000b2a00000, 0x00000000b2b00000|  0%| F|  |TAMS 0x00000000b2a00000, 0x00000000b2a00000| Untracked 
|  43|0x00000000b2b00000, 0x00000000b2b00000, 0x00000000b2c00000|  0%| F|  |TAMS 0x00000000b2b00000, 0x00000000b2b00000| Untracked 
|  44|0x00000000b2c00000, 0x00000000b2c00000, 0x00000000b2d00000|  0%| F|  |TAMS 0x00000000b2c00000, 0x00000000b2c00000| Untracked 
|  45|0x00000000b2d00000, 0x00000000b2d00000, 0x00000000b2e00000|  0%| F|  |TAMS 0x00000000b2d00000, 0x00000000b2d00000| Untracked 
|  46|0x00000000b2e00000, 0x00000000b2e00000, 0x00000000b2f00000|  0%| F|  |TAMS 0x00000000b2e00000, 0x00000000b2e00000| Untracked 
|  47|0x00000000b2f00000, 0x00000000b2f00000, 0x00000000b3000000|  0%| F|  |TAMS 0x00000000b2f00000, 0x00000000b2f00000| Untracked 
|  48|0x00000000b3000000, 0x00000000b3000000, 0x00000000b3100000|  0%| F|  |TAMS 0x00000000b3000000, 0x00000000b3000000| Untracked 
|  49|0x00000000b3100000, 0x00000000b3100000, 0x00000000b3200000|  0%| F|  |TAMS 0x00000000b3100000, 0x00000000b3100000| Untracked 
|  50|0x00000000b3200000, 0x00000000b3200000, 0x00000000b3300000|  0%| F|  |TAMS 0x00000000b3200000, 0x00000000b3200000| Untracked 
|  51|0x00000000b3300000, 0x00000000b3300000, 0x00000000b3400000|  0%| F|  |TAMS 0x00000000b3300000, 0x00000000b3300000| Untracked 
|  52|0x00000000b3400000, 0x00000000b3400000, 0x00000000b3500000|  0%| F|  |TAMS 0x00000000b3400000, 0x00000000b3400000| Untracked 
|  53|0x00000000b3500000, 0x00000000b3500000, 0x00000000b3600000|  0%| F|  |TAMS 0x00000000b3500000, 0x00000000b3500000| Untracked 
|  54|0x00000000b3600000, 0x00000000b3600000, 0x00000000b3700000|  0%| F|  |TAMS 0x00000000b3600000, 0x00000000b3600000| Untracked 
|  55|0x00000000b3700000, 0x00000000b3700000, 0x00000000b3800000|  0%| F|  |TAMS 0x00000000b3700000, 0x00000000b3700000| Untracked 
|  56|0x00000000b3800000, 0x00000000b3800000, 0x00000000b3900000|  0%| F|  |TAMS 0x00000000b3800000, 0x00000000b3800000| Untracked 
|  57|0x00000000b3900000, 0x00000000b3900000, 0x00000000b3a00000|  0%| F|  |TAMS 0x00000000b3900000, 0x00000000b3900000| Untracked 
|  58|0x00000000b3a00000, 0x00000000b3a00000, 0x00000000b3b00000|  0%| F|  |TAMS 0x00000000b3a00000, 0x00000000b3a00000| Untracked 
|  59|0x00000000b3b00000, 0x00000000b3b00000, 0x00000000b3c00000|  0%| F|  |TAMS 0x00000000b3b00000, 0x00000000b3b00000| Untracked 
|  60|0x00000000b3c00000, 0x00000000b3c00000, 0x00000000b3d00000|  0%| F|  |TAMS 0x00000000b3c00000, 0x00000000b3c00000| Untracked 
|  61|0x00000000b3d00000, 0x00000000b3d00000, 0x00000000b3e00000|  0%| F|  |TAMS 0x00000000b3d00000, 0x00000000b3d00000| Untracked 
|  62|0x00000000b3e00000, 0x00000000b3e00000, 0x00000000b3f00000|  0%| F|  |TAMS 0x00000000b3e00000, 0x00000000b3e00000| Untracked 
|  63|0x00000000b3f00000, 0x00000000b3f00000, 0x00000000b4000000|  0%| F|  |TAMS 0x00000000b3f00000, 0x00000000b3f00000| Untracked 
|  64|0x00000000b4000000, 0x00000000b4000000, 0x00000000b4100000|  0%| F|  |TAMS 0x00000000b4000000, 0x00000000b4000000| Untracked 
|  65|0x00000000b4100000, 0x00000000b4100000, 0x00000000b4200000|  0%| F|  |TAMS 0x00000000b4100000, 0x00000000b4100000| Untracked 
|  66|0x00000000b4200000, 0x00000000b4200000, 0x00000000b4300000|  0%| F|  |TAMS 0x00000000b4200000, 0x00000000b4200000| Untracked 
|  67|0x00000000b4300000, 0x00000000b4300000, 0x00000000b4400000|  0%| F|  |TAMS 0x00000000b4300000, 0x00000000b4300000| Untracked 
|  68|0x00000000b4400000, 0x00000000b4400000, 0x00000000b4500000|  0%| F|  |TAMS 0x00000000b4400000, 0x00000000b4400000| Untracked 
|  69|0x00000000b4500000, 0x00000000b4500000, 0x00000000b4600000|  0%| F|  |TAMS 0x00000000b4500000, 0x00000000b4500000| Untracked 
|  70|0x00000000b4600000, 0x00000000b4600000, 0x00000000b4700000|  0%| F|  |TAMS 0x00000000b4600000, 0x00000000b4600000| Untracked 
|  71|0x00000000b4700000, 0x00000000b4700000, 0x00000000b4800000|  0%| F|  |TAMS 0x00000000b4700000, 0x00000000b4700000| Untracked 
|  72|0x00000000b4800000, 0x00000000b48d7a78, 0x00000000b4900000| 84%| E|  |TAMS 0x00000000b4800000, 0x00000000b4800000| Complete 
|  73|0x00000000b4900000, 0x00000000b4a00000, 0x00000000b4a00000|100%| E|CS|TAMS 0x00000000b4900000, 0x00000000b4900000| Complete 
|  74|0x00000000b4a00000, 0x00000000b4b00000, 0x00000000b4b00000|100%| E|CS|TAMS 0x00000000b4a00000, 0x00000000b4a00000| Complete 
|  75|0x00000000b4b00000, 0x00000000b4c00000, 0x00000000b4c00000|100%| E|CS|TAMS 0x00000000b4b00000, 0x00000000b4b00000| Complete 
|  76|0x00000000b4c00000, 0x00000000b4d00000, 0x00000000b4d00000|100%| E|CS|TAMS 0x00000000b4c00000, 0x00000000b4c00000| Complete 
|  77|0x00000000b4d00000, 0x00000000b4e00000, 0x00000000b4e00000|100%| E|CS|TAMS 0x00000000b4d00000, 0x00000000b4d00000| Complete 
|  78|0x00000000b4e00000, 0x00000000b4f00000, 0x00000000b4f00000|100%| E|CS|TAMS 0x00000000b4e00000, 0x00000000b4e00000| Complete 
|  79|0x00000000b4f00000, 0x00000000b5000000, 0x00000000b5000000|100%| E|CS|TAMS 0x00000000b4f00000, 0x00000000b4f00000| Complete 

Card table byte_map: [0x00007f1a47bb4000,0x00007f1a47e34000] _byte_map_base: 0x00007f1a47634000

Marking Bits (Prev, Next): (CMBitMap*) 0x00007f1a5805c518, (CMBitMap*) 0x00007f1a5805c558
 Prev Bits: [0x00007f1a46534000, 0x00007f1a47934000)
 Next Bits: [0x00007f1a45134000, 0x00007f1a46534000)

Polling page: 0x00007f1a5f27f000

Metaspace:

Usage:
  Non-class:      6,46 MB capacity,     6,36 MB ( 98%) used,    89,17 KB (  1%) free+waste,    10,69 KB ( <1%) overhead. 
      Class:    663,00 KB capacity,   611,27 KB ( 92%) used,    46,16 KB (  7%) free+waste,     5,56 KB ( <1%) overhead. 
       Both:      7,10 MB capacity,     6,96 MB ( 98%) used,   135,34 KB (  2%) free+waste,    16,25 KB ( <1%) overhead. 

Virtual space:
  Non-class space:        8,00 MB reserved,       6,50 MB ( 81%) committed 
      Class space:        1,00 GB reserved,     768,00 KB ( <1%) committed 
             Both:        1,01 GB reserved,       7,25 MB ( <1%) committed 

Chunk freelists:
   Non-Class:  20,00 KB
       Class:  9,00 KB
        Both:  29,00 KB

MaxMetaspaceSize: unlimited
CompressedClassSpaceSize: 1,00 GB

CodeHeap 'non-profiled nmethods': size=120032Kb used=154Kb max_used=154Kb free=119877Kb
 bounds [0x00007f1a5006b000, 0x00007f1a502db000, 0x00007f1a575a3000]
CodeHeap 'profiled nmethods': size=120032Kb used=778Kb max_used=778Kb free=119253Kb
 bounds [0x00007f1a48b33000, 0x00007f1a48da3000, 0x00007f1a5006b000]
CodeHeap 'non-nmethods': size=5696Kb used=1184Kb max_used=1201Kb free=4511Kb
 bounds [0x00007f1a485a3000, 0x00007f1a48813000, 0x00007f1a48b33000]
 total_blobs=986 nmethods=546 adapters=248
 compilation: enabled
              stopped_count=0, restarted_count=0
 full_count=0

Compilation events (10 events):
Event: 1,415 Thread 0x00007f1a58167800 nmethod 547 0x00007f1a48bf3710 code [0x00007f1a48bf3960, 0x00007f1a48bf4158]
Event: 1,416 Thread 0x00007f1a58167800  548       3       java.lang.Character::toUpperCase (6 bytes)
Event: 1,416 Thread 0x00007f1a58167800 nmethod 548 0x00007f1a48bf4490 code [0x00007f1a48bf4660, 0x00007f1a48bf4918]
Event: 1,416 Thread 0x00007f1a58167800  549       3       java.lang.CharacterDataLatin1::toUpperCase (53 bytes)
Event: 1,417 Thread 0x00007f1a58167800 nmethod 549 0x00007f1a48bf4a10 code [0x00007f1a48bf4bc0, 0x00007f1a48bf4eb0]
Event: 1,433 Thread 0x00007f1a58165800 nmethod 545 0x00007f1a50090b90 code [0x00007f1a50090d40, 0x00007f1a500913d8]
Event: 1,457 Thread 0x00007f1a58167800  552       3       java.lang.invoke.MemberName::testAllFlags (7 bytes)
Event: 1,458 Thread 0x00007f1a58167800 nmethod 552 0x00007f1a48bf5010 code [0x00007f1a48bf51c0, 0x00007f1a48bf53d0]
Event: 1,458 Thread 0x00007f1a58167800  550       3       jdk.internal.reflect.ReflectionFactory::langReflectAccess (15 bytes)
Event: 1,458 Thread 0x00007f1a58167800 nmethod 550 0x00007f1a48bf5490 code [0x00007f1a48bf5640, 0x00007f1a48bf5850]

GC Heap History (0 events):
No events

Deoptimization events (0 events):
No events

Classes unloaded (0 events):
No events

Classes redefined (0 events):
No events

Internal exceptions (10 events):
Event: 0,723 Thread 0x00007f1a58017800 Exception <a 'java/lang/NoSuchMethodError'{0x00000000b4c10010}: 'java.lang.Object java.lang.invoke.DirectMethodHandle$Holder.invokeInterface(java.lang.Object, java.lang.Object)'> (0x00000000b4c10010) 
thrown [/home/dmitry/Downloads/LOOM/loom/src/hotspot/share/interpreter/linkResolver.cpp, line 768]
for thread 0x00007f1a58017800
Event: 0,746 Thread 0x00007f1a58017800 Exception <a 'java/lang/NoSuchMethodError'{0x00000000b4c16bd8}: 'int java.lang.invoke.DirectMethodHandle$Holder.invokeStatic(java.lang.Object, java.lang.Object)'> (0x00000000b4c16bd8) 
thrown [/home/dmitry/Downloads/LOOM/loom/src/hotspot/share/interpreter/linkResolver.cpp, line 768]
for thread 0x00007f1a58017800
Event: 0,750 Thread 0x00007f1a58017800 Exception <a 'java/lang/NoSuchMethodError'{0x00000000b4c21218}: 'java.lang.Object java.lang.invoke.DirectMethodHandle$Holder.invokeVirtual(java.lang.Object, java.lang.Object)'> (0x00000000b4c21218) 
thrown [/home/dmitry/Downloads/LOOM/loom/src/hotspot/share/interpreter/linkResolver.cpp, line 768]
for thread 0x00007f1a58017800
Event: 0,752 Thread 0x00007f1a58017800 Exception <a 'java/lang/NoSuchMethodError'{0x00000000b4c28de0}: 'int java.lang.invoke.DirectMethodHandle$Holder.invokeSpecial(java.lang.Object, java.lang.Object)'> (0x00000000b4c28de0) 
thrown [/home/dmitry/Downloads/LOOM/loom/src/hotspot/share/interpreter/linkResolver.cpp, line 768]
for thread 0x00007f1a58017800
Event: 1,018 Thread 0x00007f1a58017800 Exception <a 'java/lang/NoSuchMethodError'{0x00000000b4ab99f8}: 'void java.lang.invoke.DirectMethodHandle$Holder.invokeStatic(java.lang.Object, java.lang.Object, java.lang.Object)'> (0x00000000b4ab99f8) 
thrown [/home/dmitry/Downloads/LOOM/loom/src/hotspot/share/interpreter/linkResolver.cpp, line 768]
for thread 0x00007f1a58017800
Event: 1,051 Thread 0x00007f1a58017800 Exception <a 'java/lang/NoSuchMethodError'{0x00000000b4ae4fa8}: 'java.lang.Object java.lang.invoke.Invokers$Holder.linkToTargetMethod(java.lang.Object, java.lang.Object, java.lang.Object, java.lang.Object)'> (0x00000000b4ae4fa8) 
thrown [/home/dmitry/Downloads/LOOM/loom/src/hotspot/share/interpreter/linkResolver.cpp, line 768]
for thread 0x00007f1a58017800
Event: 1,183 Thread 0x00007f1a58017800 Exception <a 'java/lang/NoSuchMethodError'{0x00000000b4960a08}: 'java.lang.Object java.lang.invoke.DirectMethodHandle$Holder.invokeStaticInit(java.lang.Object, java.lang.Object)'> (0x00000000b4960a08) 
thrown [/home/dmitry/Downloads/LOOM/loom/src/hotspot/share/interpreter/linkResolver.cpp, line 768]
for thread 0x00007f1a58017800
Event: 1,189 Thread 0x00007f1a58017800 Exception <a 'java/lang/NoSuchMethodError'{0x00000000b4968738}: 'void java.lang.invoke.DirectMethodHandle$Holder.invokeStaticInit(java.lang.Object, java.lang.Object, java.lang.Object)'> (0x00000000b4968738) 
thrown [/home/dmitry/Downloads/LOOM/loom/src/hotspot/share/interpreter/linkResolver.cpp, line 768]
for thread 0x00007f1a58017800
Event: 1,455 Thread 0x00007f1a58017800 Exception <a 'java/lang/NoSuchMethodError'{0x00000000b4801970}: 'void java.lang.invoke.DirectMethodHandle$Holder.invokeStatic(java.lang.Object)'> (0x00000000b4801970) 
thrown [/home/dmitry/Downloads/LOOM/loom/src/hotspot/share/interpreter/linkResolver.cpp, line 768]
for thread 0x00007f1a58017800
Event: 1,456 Thread 0x00007f1a58017800 Exception <a 'java/lang/NoSuchMethodError'{0x00000000b48060b8}: 'void java.lang.invoke.DirectMethodHandle$Holder.invokeSpecial(java.lang.Object, java.lang.Object)'> (0x00000000b48060b8) 
thrown [/home/dmitry/Downloads/LOOM/loom/src/hotspot/share/interpreter/linkResolver.cpp, line 768]
for thread 0x00007f1a58017800

Events (10 events):
Event: 1,467 Executing VM operation: RevokeBias
Event: 1,467 Thread 0x00007f1a582e8800 Thread added: 0x00007f1a582e8800
Event: 1,471 Executing VM operation: RevokeBias done
Event: 1,471 loading class java/util/IdentityHashMap$KeyIterator
Event: 1,471 loading class java/util/IdentityHashMap$IdentityHashMapIterator
Event: 1,471 loading class java/util/IdentityHashMap$IdentityHashMapIterator done
Event: 1,471 loading class java/util/IdentityHashMap$KeyIterator done
Event: 1,472 Thread 0x00007f1a58017800 Thread exited: 0x00007f1a58017800
Event: 1,472 Thread 0x00007f1a58017800 Thread added: 0x00007f1a58017800
Event: 2,473 Executing VM operation: HandshakeOneThread


Dynamic libraries:
b0000000-b5000000 rw-p 00000000 00:00 0 
b5000000-100000000 ---p 00000000 00:00 0 
100000000-1000c0000 rw-p 00000000 00:00 0 
1000c0000-140000000 ---p 00000000 00:00 0 
5572f927b000-5572f927c000 r-xp 00000000 08:01 6044482                    /home/dmitry/Downloads/LOOM/loom/build/linux-x86_64-server-release/jdk/bin/java
5572f947c000-5572f947d000 r--p 00001000 08:01 6044482                    /home/dmitry/Downloads/LOOM/loom/build/linux-x86_64-server-release/jdk/bin/java
5572f947d000-5572f947e000 rw-p 00002000 08:01 6044482                    /home/dmitry/Downloads/LOOM/loom/build/linux-x86_64-server-release/jdk/bin/java
5572f9e2c000-5572f9e4d000 rw-p 00000000 00:00 0                          [heap]
7f19efc05000-7f19f0000000 rw-p 00000000 00:00 0 
7f19f0000000-7f19f0021000 rw-p 00000000 00:00 0 
7f19f0021000-7f19f4000000 ---p 00000000 00:00 0 
7f19f4000000-7f19f4021000 rw-p 00000000 00:00 0 
7f19f4021000-7f19f8000000 ---p 00000000 00:00 0 
7f19f8000000-7f19f8021000 rw-p 00000000 00:00 0 
7f19f8021000-7f19fc000000 ---p 00000000 00:00 0 
7f19fc000000-7f19fc021000 rw-p 00000000 00:00 0 
7f19fc021000-7f1a00000000 ---p 00000000 00:00 0 
7f1a00000000-7f1a00021000 rw-p 00000000 00:00 0 
7f1a00021000-7f1a04000000 ---p 00000000 00:00 0 
7f1a04000000-7f1a04021000 rw-p 00000000 00:00 0 
7f1a04021000-7f1a08000000 ---p 00000000 00:00 0 
7f1a08000000-7f1a08021000 rw-p 00000000 00:00 0 
7f1a08021000-7f1a0c000000 ---p 00000000 00:00 0 
7f1a0c000000-7f1a0c044000 rw-p 00000000 00:00 0 
7f1a0c044000-7f1a10000000 ---p 00000000 00:00 0 
7f1a10000000-7f1a102eb000 rw-p 00000000 00:00 0 
7f1a102eb000-7f1a14000000 ---p 00000000 00:00 0 
7f1a14000000-7f1a14021000 rw-p 00000000 00:00 0 
7f1a14021000-7f1a18000000 ---p 00000000 00:00 0 
7f1a18000000-7f1a18021000 rw-p 00000000 00:00 0 
7f1a18021000-7f1a1c000000 ---p 00000000 00:00 0 
7f1a1c000000-7f1a1c36b000 rw-p 00000000 00:00 0 
7f1a1c36b000-7f1a20000000 ---p 00000000 00:00 0 
7f1a20000000-7f1a20021000 rw-p 00000000 00:00 0 
7f1a20021000-7f1a24000000 ---p 00000000 00:00 0 
7f1a24000000-7f1a24021000 rw-p 00000000 00:00 0 
7f1a24021000-7f1a28000000 ---p 00000000 00:00 0 
7f1a28000000-7f1a28021000 rw-p 00000000 00:00 0 
7f1a28021000-7f1a2c000000 ---p 00000000 00:00 0 
7f1a2c000000-7f1a2c021000 rw-p 00000000 00:00 0 
7f1a2c021000-7f1a30000000 ---p 00000000 00:00 0 
7f1a30000000-7f1a30021000 rw-p 00000000 00:00 0 
7f1a30021000-7f1a34000000 ---p 00000000 00:00 0 
7f1a34014000-7f1a34018000 ---p 00000000 00:00 0 
7f1a34018000-7f1a34115000 rw-p 00000000 00:00 0 
7f1a34115000-7f1a34119000 ---p 00000000 00:00 0 
7f1a34119000-7f1a34216000 rw-p 00000000 00:00 0 
7f1a34216000-7f1a34217000 ---p 00000000 00:00 0 
7f1a34217000-7f1a34318000 rw-p 00000000 00:00 0 
7f1a34318000-7f1a3431c000 ---p 00000000 00:00 0 
7f1a3431c000-7f1a34419000 rw-p 00000000 00:00 0 
7f1a34419000-7f1a3441d000 ---p 00000000 00:00 0 
7f1a3441d000-7f1a3451a000 rw-p 00000000 00:00 0 
7f1a3451a000-7f1a3451e000 ---p 00000000 00:00 0 
7f1a3451e000-7f1a3461b000 rw-p 00000000 00:00 0 
7f1a3461b000-7f1a3461f000 ---p 00000000 00:00 0 
7f1a3461f000-7f1a3471c000 rw-p 00000000 00:00 0 
7f1a3471c000-7f1a34721000 r-xp 00000000 08:01 2636473                    /home/dmitry/Downloads/LOOM/loom/build/linux-x86_64-server-release/jdk/lib/libdt_socket.so
7f1a34721000-7f1a34920000 ---p 00005000 08:01 2636473                    /home/dmitry/Downloads/LOOM/loom/build/linux-x86_64-server-release/jdk/lib/libdt_socket.so
7f1a34920000-7f1a34921000 r--p 00004000 08:01 2636473                    /home/dmitry/Downloads/LOOM/loom/build/linux-x86_64-server-release/jdk/lib/libdt_socket.so
7f1a34921000-7f1a34922000 rw-p 00005000 08:01 2636473                    /home/dmitry/Downloads/LOOM/loom/build/linux-x86_64-server-release/jdk/lib/libdt_socket.so
7f1a34922000-7f1a34926000 ---p 00000000 00:00 0 
7f1a34926000-7f1a34a23000 rw-p 00000000 00:00 0 
7f1a34a23000-7f1a34a39000 r-xp 00000000 08:01 2636431                    /home/dmitry/Downloads/LOOM/loom/build/linux-x86_64-server-release/jdk/lib/libnet.so
7f1a34a39000-7f1a34c39000 ---p 00016000 08:01 2636431                    /home/dmitry/Downloads/LOOM/loom/build/linux-x86_64-server-release/jdk/lib/libnet.so
7f1a34c39000-7f1a34c3a000 r--p 00016000 08:01 2636431                    /home/dmitry/Downloads/LOOM/loom/build/linux-x86_64-server-release/jdk/lib/libnet.so
7f1a34c3a000-7f1a34c3b000 rw-p 00017000 08:01 2636431                    /home/dmitry/Downloads/LOOM/loom/build/linux-x86_64-server-release/jdk/lib/libnet.so
7f1a34c3b000-7f1a34c4c000 r-xp 00000000 08:01 2636435                    /home/dmitry/Downloads/LOOM/loom/build/linux-x86_64-server-release/jdk/lib/libnio.so
7f1a34c4c000-7f1a34e4b000 ---p 00011000 08:01 2636435                    /home/dmitry/Downloads/LOOM/loom/build/linux-x86_64-server-release/jdk/lib/libnio.so
7f1a34e4b000-7f1a34e4c000 r--p 00010000 08:01 2636435                    /home/dmitry/Downloads/LOOM/loom/build/linux-x86_64-server-release/jdk/lib/libnio.so
7f1a34e4c000-7f1a34e4d000 rw-p 00011000 08:01 2636435                    /home/dmitry/Downloads/LOOM/loom/build/linux-x86_64-server-release/jdk/lib/libnio.so
7f1a34e4d000-7f1a34e51000 ---p 00000000 00:00 0 
7f1a34e51000-7f1a34f4e000 rw-p 00000000 00:00 0 
7f1a34f4e000-7f1a34f52000 ---p 00000000 00:00 0 
7f1a34f52000-7f1a3504f000 rw-p 00000000 00:00 0 
7f1a3504f000-7f1a35053000 ---p 00000000 00:00 0 
7f1a35053000-7f1a35150000 rw-p 00000000 00:00 0 
7f1a35150000-7f1a35154000 ---p 00000000 00:00 0 
7f1a35154000-7f1a35251000 rw-p 00000000 00:00 0 
7f1a35251000-7f1a35c20000 r--p 00000000 08:01 10230401                   /usr/lib/locale/locale-archive
7f1a35c20000-7f1a35c24000 ---p 00000000 00:00 0 
7f1a35c24000-7f1a35d21000 rw-p 00000000 00:00 0 
7f1a35d21000-7f1a35d25000 ---p 00000000 00:00 0 
7f1a35d25000-7f1a35e22000 rw-p 00000000 00:00 0 
7f1a35e22000-7f1a35e23000 ---p 00000000 00:00 0 
7f1a35e23000-7f1a38000000 rw-p 00000000 00:00 0 
7f1a38000000-7f1a38021000 rw-p 00000000 00:00 0 
7f1a38021000-7f1a3c000000 ---p 00000000 00:00 0 
7f1a3c000000-7f1a3c021000 rw-p 00000000 00:00 0 
7f1a3c021000-7f1a40000000 ---p 00000000 00:00 0 
7f1a40000000-7f1a40021000 rw-p 00000000 00:00 0 
7f1a40021000-7f1a44000000 ---p 00000000 00:00 0 
7f1a44026000-7f1a446a6000 rw-p 00000000 00:00 0 
7f1a446a6000-7f1a44826000 ---p 00000000 00:00 0 
7f1a44826000-7f1a44827000 ---p 00000000 00:00 0 
7f1a44827000-7f1a44928000 rw-p 00000000 00:00 0 
7f1a44928000-7f1a44929000 ---p 00000000 00:00 0 
7f1a44929000-7f1a44e2e000 rw-p 00000000 00:00 0 
7f1a44e2e000-7f1a44e2f000 ---p 00000000 00:00 0 
7f1a44e2f000-7f1a44f30000 rw-p 00000000 00:00 0 
7f1a44f30000-7f1a44f31000 ---p 00000000 00:00 0 
7f1a44f31000-7f1a45032000 rw-p 00000000 00:00 0 
7f1a45032000-7f1a45033000 ---p 00000000 00:00 0 
7f1a45033000-7f1a45274000 rw-p 00000000 00:00 0 
7f1a45274000-7f1a46534000 ---p 00000000 00:00 0 
7f1a46534000-7f1a46674000 rw-p 00000000 00:00 0 
7f1a46674000-7f1a47934000 ---p 00000000 00:00 0 
7f1a47934000-7f1a4795c000 rw-p 00000000 00:00 0 
7f1a4795c000-7f1a47bb4000 ---p 00000000 00:00 0 
7f1a47bb4000-7f1a47bdc000 rw-p 00000000 00:00 0 
7f1a47bdc000-7f1a47e34000 ---p 00000000 00:00 0 
7f1a47e34000-7f1a47e5c000 rw-p 00000000 00:00 0 
7f1a47e5c000-7f1a480b4000 ---p 00000000 00:00 0 
7f1a480b4000-7f1a484bd000 rw-p 00000000 00:00 0 
7f1a484bd000-7f1a485a3000 ---p 00000000 00:00 0 
7f1a485a3000-7f1a48813000 rwxp 00000000 00:00 0 
7f1a48813000-7f1a48b33000 ---p 00000000 00:00 0 
7f1a48b33000-7f1a48da3000 rwxp 00000000 00:00 0 
7f1a48da3000-7f1a5006b000 ---p 00000000 00:00 0 
7f1a5006b000-7f1a502db000 rwxp 00000000 00:00 0 
7f1a502db000-7f1a575a3000 ---p 00000000 00:00 0 
7f1a575a3000-7f1a575be000 r-xp 00000000 08:01 2636433                    /home/dmitry/Downloads/LOOM/loom/build/linux-x86_64-server-release/jdk/lib/libjimage.so
7f1a575be000-7f1a577bd000 ---p 0001b000 08:01 2636433                    /home/dmitry/Downloads/LOOM/loom/build/linux-x86_64-server-release/jdk/lib/libjimage.so
7f1a577bd000-7f1a577bf000 r--p 0001a000 08:01 2636433                    /home/dmitry/Downloads/LOOM/loom/build/linux-x86_64-server-release/jdk/lib/libjimage.so
7f1a577bf000-7f1a577c0000 rw-p 0001c000 08:01 2636433                    /home/dmitry/Downloads/LOOM/loom/build/linux-x86_64-server-release/jdk/lib/libjimage.so
7f1a577c0000-7f1a577c7000 r-xp 00000000 08:01 2636428                    /home/dmitry/Downloads/LOOM/loom/build/linux-x86_64-server-release/jdk/lib/libzip.so
7f1a577c7000-7f1a579c6000 ---p 00007000 08:01 2636428                    /home/dmitry/Downloads/LOOM/loom/build/linux-x86_64-server-release/jdk/lib/libzip.so
7f1a579c6000-7f1a579c7000 r--p 00006000 08:01 2636428                    /home/dmitry/Downloads/LOOM/loom/build/linux-x86_64-server-release/jdk/lib/libzip.so
7f1a579c7000-7f1a579c8000 rw-p 00007000 08:01 2636428                    /home/dmitry/Downloads/LOOM/loom/build/linux-x86_64-server-release/jdk/lib/libzip.so
7f1a579c8000-7f1a579d3000 r-xp 00000000 08:01 1184572                    /lib/x86_64-linux-gnu/libnss_files-2.27.so
7f1a579d3000-7f1a57bd2000 ---p 0000b000 08:01 1184572                    /lib/x86_64-linux-gnu/libnss_files-2.27.so
7f1a57bd2000-7f1a57bd3000 r--p 0000a000 08:01 1184572                    /lib/x86_64-linux-gnu/libnss_files-2.27.so
7f1a57bd3000-7f1a57bd4000 rw-p 0000b000 08:01 1184572                    /lib/x86_64-linux-gnu/libnss_files-2.27.so
7f1a57bd4000-7f1a57bda000 rw-p 00000000 00:00 0 
7f1a57bda000-7f1a57bf1000 r-xp 00000000 08:01 1184566                    /lib/x86_64-linux-gnu/libnsl-2.27.so
7f1a57bf1000-7f1a57df0000 ---p 00017000 08:01 1184566                    /lib/x86_64-linux-gnu/libnsl-2.27.so
7f1a57df0000-7f1a57df1000 r--p 00016000 08:01 1184566                    /lib/x86_64-linux-gnu/libnsl-2.27.so
7f1a57df1000-7f1a57df2000 rw-p 00017000 08:01 1184566                    /lib/x86_64-linux-gnu/libnsl-2.27.so
7f1a57df2000-7f1a57df4000 rw-p 00000000 00:00 0 
7f1a57df4000-7f1a57dff000 r-xp 00000000 08:01 1184583                    /lib/x86_64-linux-gnu/libnss_nis-2.27.so
7f1a57dff000-7f1a57ffe000 ---p 0000b000 08:01 1184583                    /lib/x86_64-linux-gnu/libnss_nis-2.27.so
7f1a57ffe000-7f1a57fff000 r--p 0000a000 08:01 1184583                    /lib/x86_64-linux-gnu/libnss_nis-2.27.so
7f1a57fff000-7f1a58000000 rw-p 0000b000 08:01 1184583                    /lib/x86_64-linux-gnu/libnss_nis-2.27.so
7f1a58000000-7f1a582ed000 rw-p 00000000 00:00 0 
7f1a582ed000-7f1a5c000000 ---p 00000000 00:00 0 
7f1a5c028000-7f1a5c05e000 rw-p 00000000 00:00 0 
7f1a5c05e000-7f1a5c144000 ---p 00000000 00:00 0 
7f1a5c144000-7f1a5c14c000 r-xp 00000000 08:01 1184568                    /lib/x86_64-linux-gnu/libnss_compat-2.27.so
7f1a5c14c000-7f1a5c34c000 ---p 00008000 08:01 1184568                    /lib/x86_64-linux-gnu/libnss_compat-2.27.so
7f1a5c34c000-7f1a5c34d000 r--p 00008000 08:01 1184568                    /lib/x86_64-linux-gnu/libnss_compat-2.27.so
7f1a5c34d000-7f1a5c34e000 rw-p 00009000 08:01 1184568                    /lib/x86_64-linux-gnu/libnss_compat-2.27.so
7f1a5c34e000-7f1a5c38d000 r-xp 00000000 08:01 2636474                    /home/dmitry/Downloads/LOOM/loom/build/linux-x86_64-server-release/jdk/lib/libjdwp.so
7f1a5c38d000-7f1a5c58c000 ---p 0003f000 08:01 2636474                    /home/dmitry/Downloads/LOOM/loom/build/linux-x86_64-server-release/jdk/lib/libjdwp.so
7f1a5c58c000-7f1a5c58d000 r--p 0003e000 08:01 2636474                    /home/dmitry/Downloads/LOOM/loom/build/linux-x86_64-server-release/jdk/lib/libjdwp.so
7f1a5c58d000-7f1a5c58e000 rw-p 0003f000 08:01 2636474                    /home/dmitry/Downloads/LOOM/loom/build/linux-x86_64-server-release/jdk/lib/libjdwp.so
7f1a5c58e000-7f1a5c58f000 rw-p 00000000 00:00 0 
7f1a5c58f000-7f1a5c5b8000 r-xp 00000000 08:01 2636427                    /home/dmitry/Downloads/LOOM/loom/build/linux-x86_64-server-release/jdk/lib/libjava.so
7f1a5c5b8000-7f1a5c7b7000 ---p 00029000 08:01 2636427                    /home/dmitry/Downloads/LOOM/loom/build/linux-x86_64-server-release/jdk/lib/libjava.so
7f1a5c7b7000-7f1a5c7b8000 r--p 00028000 08:01 2636427                    /home/dmitry/Downloads/LOOM/loom/build/linux-x86_64-server-release/jdk/lib/libjava.so
7f1a5c7b8000-7f1a5c7ba000 rw-p 00029000 08:01 2636427                    /home/dmitry/Downloads/LOOM/loom/build/linux-x86_64-server-release/jdk/lib/libjava.so
7f1a5c7ba000-7f1a5c7c7000 r-xp 00000000 08:01 2636419                    /home/dmitry/Downloads/LOOM/loom/build/linux-x86_64-server-release/jdk/lib/libverify.so
7f1a5c7c7000-7f1a5c9c6000 ---p 0000d000 08:01 2636419                    /home/dmitry/Downloads/LOOM/loom/build/linux-x86_64-server-release/jdk/lib/libverify.so
7f1a5c9c6000-7f1a5c9c8000 r--p 0000c000 08:01 2636419                    /home/dmitry/Downloads/LOOM/loom/build/linux-x86_64-server-release/jdk/lib/libverify.so
7f1a5c9c8000-7f1a5c9c9000 rw-p 0000e000 08:01 2636419                    /home/dmitry/Downloads/LOOM/loom/build/linux-x86_64-server-release/jdk/lib/libverify.so
7f1a5c9c9000-7f1a5cb66000 r-xp 00000000 08:01 1184545                    /lib/x86_64-linux-gnu/libm-2.27.so
7f1a5cb66000-7f1a5cd65000 ---p 0019d000 08:01 1184545                    /lib/x86_64-linux-gnu/libm-2.27.so
7f1a5cd65000-7f1a5cd66000 r--p 0019c000 08:01 1184545                    /lib/x86_64-linux-gnu/libm-2.27.so
7f1a5cd66000-7f1a5cd67000 rw-p 0019d000 08:01 1184545                    /lib/x86_64-linux-gnu/libm-2.27.so
7f1a5cd67000-7f1a5e093000 r-xp 00000000 08:01 2636416                    /home/dmitry/Downloads/LOOM/loom/build/linux-x86_64-server-release/jdk/lib/server/libjvm.so
7f1a5e093000-7f1a5e292000 ---p 0132c000 08:01 2636416                    /home/dmitry/Downloads/LOOM/loom/build/linux-x86_64-server-release/jdk/lib/server/libjvm.so
7f1a5e292000-7f1a5e35a000 r--p 0132b000 08:01 2636416                    /home/dmitry/Downloads/LOOM/loom/build/linux-x86_64-server-release/jdk/lib/server/libjvm.so
7f1a5e35a000-7f1a5e395000 rw-p 013f3000 08:01 2636416                    /home/dmitry/Downloads/LOOM/loom/build/linux-x86_64-server-release/jdk/lib/server/libjvm.so
7f1a5e395000-7f1a5e41b000 rw-p 00000000 00:00 0 
7f1a5e41b000-7f1a5e435000 r-xp 00000000 08:01 1184615                    /lib/x86_64-linux-gnu/libpthread-2.27.so
7f1a5e435000-7f1a5e634000 ---p 0001a000 08:01 1184615                    /lib/x86_64-linux-gnu/libpthread-2.27.so
7f1a5e634000-7f1a5e635000 r--p 00019000 08:01 1184615                    /lib/x86_64-linux-gnu/libpthread-2.27.so
7f1a5e635000-7f1a5e636000 rw-p 0001a000 08:01 1184615                    /lib/x86_64-linux-gnu/libpthread-2.27.so
7f1a5e636000-7f1a5e63a000 rw-p 00000000 00:00 0 
7f1a5e63a000-7f1a5e63d000 r-xp 00000000 08:01 1184505                    /lib/x86_64-linux-gnu/libdl-2.27.so
7f1a5e63d000-7f1a5e83c000 ---p 00003000 08:01 1184505                    /lib/x86_64-linux-gnu/libdl-2.27.so
7f1a5e83c000-7f1a5e83d000 r--p 00002000 08:01 1184505                    /lib/x86_64-linux-gnu/libdl-2.27.so
7f1a5e83d000-7f1a5e83e000 rw-p 00003000 08:01 1184505                    /lib/x86_64-linux-gnu/libdl-2.27.so
7f1a5e83e000-7f1a5e85a000 r-xp 00000000 08:01 1184654                    /lib/x86_64-linux-gnu/libz.so.1.2.11
7f1a5e85a000-7f1a5ea59000 ---p 0001c000 08:01 1184654                    /lib/x86_64-linux-gnu/libz.so.1.2.11
7f1a5ea59000-7f1a5ea5a000 r--p 0001b000 08:01 1184654                    /lib/x86_64-linux-gnu/libz.so.1.2.11
7f1a5ea5a000-7f1a5ea5b000 rw-p 0001c000 08:01 1184654                    /lib/x86_64-linux-gnu/libz.so.1.2.11
7f1a5ea5b000-7f1a5ec42000 r-xp 00000000 08:01 1184482                    /lib/x86_64-linux-gnu/libc-2.27.so
7f1a5ec42000-7f1a5ee42000 ---p 001e7000 08:01 1184482                    /lib/x86_64-linux-gnu/libc-2.27.so
7f1a5ee42000-7f1a5ee46000 r--p 001e7000 08:01 1184482                    /lib/x86_64-linux-gnu/libc-2.27.so
7f1a5ee46000-7f1a5ee48000 rw-p 001eb000 08:01 1184482                    /lib/x86_64-linux-gnu/libc-2.27.so
7f1a5ee48000-7f1a5ee4c000 rw-p 00000000 00:00 0 
7f1a5ee4c000-7f1a5ee5c000 r-xp 00000000 08:01 2636421                    /home/dmitry/Downloads/LOOM/loom/build/linux-x86_64-server-release/jdk/lib/libjli.so
7f1a5ee5c000-7f1a5f05b000 ---p 00010000 08:01 2636421                    /home/dmitry/Downloads/LOOM/loom/build/linux-x86_64-server-release/jdk/lib/libjli.so
7f1a5f05b000-7f1a5f05c000 r--p 0000f000 08:01 2636421                    /home/dmitry/Downloads/LOOM/loom/build/linux-x86_64-server-release/jdk/lib/libjli.so
7f1a5f05c000-7f1a5f05d000 rw-p 00010000 08:01 2636421                    /home/dmitry/Downloads/LOOM/loom/build/linux-x86_64-server-release/jdk/lib/libjli.so
7f1a5f05d000-7f1a5f084000 r-xp 00000000 08:01 1184454                    /lib/x86_64-linux-gnu/ld-2.27.so
7f1a5f0b1000-7f1a5f164000 rw-p 00000000 00:00 0 
7f1a5f164000-7f1a5f16b000 ---p 00000000 00:00 0 
7f1a5f16b000-7f1a5f16f000 ---p 00000000 00:00 0 
7f1a5f16f000-7f1a5f26e000 rw-p 00000000 00:00 0 
7f1a5f270000-7f1a5f277000 r--s 00000000 08:01 10488549                   /usr/lib/x86_64-linux-gnu/gconv/gconv-modules.cache
7f1a5f277000-7f1a5f27f000 rw-s 00000000 08:01 524313                     /tmp/hsperfdata_dmitry/9630
7f1a5f27f000-7f1a5f280000 ---p 00000000 00:00 0 
7f1a5f280000-7f1a5f281000 r--p 00000000 00:00 0 
7f1a5f281000-7f1a5f282000 ---p 00000000 00:00 0 
7f1a5f282000-7f1a5f284000 rw-p 00000000 00:00 0 
7f1a5f284000-7f1a5f285000 r--p 00027000 08:01 1184454                    /lib/x86_64-linux-gnu/ld-2.27.so
7f1a5f285000-7f1a5f286000 rw-p 00028000 08:01 1184454                    /lib/x86_64-linux-gnu/ld-2.27.so
7f1a5f286000-7f1a5f287000 rw-p 00000000 00:00 0 
7ffc95ffe000-7ffc96021000 rw-p 00000000 00:00 0                          [stack]
7ffc96172000-7ffc96175000 r--p 00000000 00:00 0                          [vvar]
7ffc96175000-7ffc96177000 r-xp 00000000 00:00 0                          [vdso]
ffffffffff600000-ffffffffff601000 r-xp 00000000 00:00 0                  [vsyscall]


VM Arguments:
jvm_args: -agentlib:jdwp=transport=dt_socket,address=127.0.0.1:19095,suspend=y,server=n -Dfile.encoding=UTF-8 
java_command: Main
java_class_path (initial): /home/dmitry/Downloads/LOOM/loom/build/linux-x86_64-server-release/jdk/modules/java.base:/home/dmitry/Downloads/LOOM/loom/build/linux-x86_64-server-release/jdk/modules/java.compiler:/home/dmitry/Downloads/LOOM/loom/build/linux-x86_64-server-release/jdk/modules/java.datatransfer:/home/dmitry/Downloads/LOOM/loom/build/linux-x86_64-server-release/jdk/modules/java.desktop:/home/dmitry/Downloads/LOOM/loom/build/linux-x86_64-server-release/jdk/modules/java.instrument:/home/dmitry/Downloads/LOOM/loom/build/linux-x86_64-server-release/jdk/modules/java.logging:/home/dmitry/Downloads/LOOM/loom/build/linux-x86_64-server-release/jdk/modules/java.management:/home/dmitry/Downloads/LOOM/loom/build/linux-x86_64-server-release/jdk/modules/java.management.rmi:/home/dmitry/Downloads/LOOM/loom/build/linux-x86_64-server-release/jdk/modules/java.naming:/home/dmitry/Downloads/LOOM/loom/build/linux-x86_64-server-release/jdk/modules/java.net.http:/home/dmitry/Downloads/LOOM/loom/build/linux-x86_64-server-release/jdk/modules/java.prefs:/home/dmitry/Downloads/LOOM/loom/build/linux-x86_64-server-release/jdk/modules/java.rmi:/home/dmitry/Downloads/LOOM/loom/build/linux-x86_64-server-release/jdk/modules/java.scripting:/home/dmitry/Downloads/LOOM/loom/build/linux-x86_64-server-release/jdk/modules/java.se:/home/dmitry/Downloads/LOOM/loom/build/linux-x86_64-server-release/jdk/modules/java.security.jgss:/home/dmitry/Downloads/LOOM/loom/build/linux-x86_64-server-release/jdk/modules/java.security.sasl:/home/dmitry/Downloads/LOOM/loom/build/linux-x86_64-server-release/jdk/modules/java.smartcardio:/home/dmitry/Downloads/LOOM/loom/build/linux-x86_64-server-release/jdk/modules/java.sql:/home/dmitry/Downloads/LOOM/loom/build/linux-x86_64-server-release/jdk/modules/java.sql.rowset:/home/dmitry/Downloads/LOOM/loom/build/linux-x86_64-server-release/jdk/modules/java.transaction.xa:/home/dmitry/Downloads/LOOM/loom/build/linux-x86_64-server-release/jdk/modules/java.xml:/home/dmitry/D
Launcher Type: SUN_STANDARD

[Global flags]
     intx CICompilerCount                          = 3                                         {product} {ergonomic}
     uint ConcGCThreads                            = 1                                         {product} {ergonomic}
     uint G1ConcRefinementThreads                  = 4                                         {product} {ergonomic}
   size_t G1HeapRegionSize                         = 1048576                                   {product} {ergonomic}
    uintx GCDrainStackTargetSize                   = 64                                        {product} {ergonomic}
   size_t InitialHeapSize                          = 83886080                                  {product} {ergonomic}
   size_t MarkStackSize                            = 4194304                                   {product} {ergonomic}
   size_t MaxHeapSize                              = 1342177280                                {product} {ergonomic}
   size_t MaxNewSize                               = 805306368                                 {product} {ergonomic}
   size_t MinHeapDeltaBytes                        = 1048576                                   {product} {ergonomic}
    uintx NonNMethodCodeHeapSize                   = 5830732                                {pd product} {ergonomic}
    uintx NonProfiledCodeHeapSize                  = 122913754                              {pd product} {ergonomic}
    uintx ProfiledCodeHeapSize                     = 122913754                              {pd product} {ergonomic}
    uintx ReservedCodeCacheSize                    = 251658240                              {pd product} {ergonomic}
     bool SegmentedCodeCache                       = true                                      {product} {ergonomic}
     bool UseCompressedClassPointers               = true                                 {lp64_product} {ergonomic}
     bool UseCompressedOops                        = true                                 {lp64_product} {ergonomic}
     bool UseG1GC                                  = true                                      {product} {ergonomic}

Logging:
Log output configuration:
 #0: stdout all=warning uptime,level,tags
 #1: stderr all=off uptime,level,tags

Environment Variables:
JAVA_HOME=/home/dmitry/usr/local/java/jdk1.8.0
PATH=/bin:/bin:/usr/local/sbin:/usr/local/bin:/usr/sbin:/usr/bin:/sbin:/bin:/usr/games:/usr/local/games:/snap/bin
USERNAME=dmitry
SHELL=/bin/bash
DISPLAY=:0

Signal Handlers:
SIGSEGV: [libjvm.so+0xfe39c0], sa_mask[0]=11111111011111111101111111111110, sa_flags=SA_RESTART|SA_SIGINFO
SIGBUS: [libjvm.so+0xfe39c0], sa_mask[0]=11111111011111111101111111111110, sa_flags=SA_RESTART|SA_SIGINFO
SIGFPE: [libjvm.so+0xfe39c0], sa_mask[0]=11111111011111111101111111111110, sa_flags=SA_RESTART|SA_SIGINFO
SIGPIPE: [libjvm.so+0xc81240], sa_mask[0]=11111111011111111101111111111110, sa_flags=SA_RESTART|SA_SIGINFO
SIGXFSZ: [libjvm.so+0xc81240], sa_mask[0]=11111111011111111101111111111110, sa_flags=SA_RESTART|SA_SIGINFO
SIGILL: [libjvm.so+0xfe39c0], sa_mask[0]=11111111011111111101111111111110, sa_flags=SA_RESTART|SA_SIGINFO
SIGUSR2: [libjvm.so+0xc810e0], sa_mask[0]=00100000000000000000000000000000, sa_flags=SA_RESTART|SA_SIGINFO
SIGHUP: [libjvm.so+0xc816e0], sa_mask[0]=11111111011111111101111111111110, sa_flags=SA_RESTART|SA_SIGINFO
SIGINT: [libjvm.so+0xc816e0], sa_mask[0]=11111111011111111101111111111110, sa_flags=SA_RESTART|SA_SIGINFO
SIGTERM: [libjvm.so+0xc816e0], sa_mask[0]=11111111011111111101111111111110, sa_flags=SA_RESTART|SA_SIGINFO
SIGQUIT: [libjvm.so+0xc816e0], sa_mask[0]=11111111011111111101111111111110, sa_flags=SA_RESTART|SA_SIGINFO


---------------  S Y S T E M  ---------------

OS:DISTRIB_ID=Ubuntu
DISTRIB_RELEASE=18.04
DISTRIB_CODENAME=bionic
DISTRIB_DESCRIPTION="Ubuntu 18.04.2 LTS"
uname:Linux 4.18.0-20-generic #21~18.04.1-Ubuntu SMP Wed May 8 08:43:37 UTC 2019 x86_64
libc:glibc 2.27 NPTL 2.27 
rlimit: STACK 8192k, CORE 0k, NPROC 20273, NOFILE 4096, AS infinity, DATA infinity, FSIZE infinity
load average:0,96 0,87 0,66

/proc/meminfo:
MemTotal:        5234980 kB
MemFree:          195872 kB
MemAvailable:    2588564 kB
Buffers:          382536 kB
Cached:          2181280 kB
SwapCached:       128092 kB
Active:          2731164 kB
Inactive:        1864224 kB
Active(anon):    1499664 kB
Inactive(anon):   692408 kB
Active(file):    1231500 kB
Inactive(file):  1171816 kB
Unevictable:          48 kB
Mlocked:              48 kB
SwapTotal:       2097148 kB
SwapFree:        1262588 kB
Dirty:               720 kB
Writeback:             0 kB
AnonPages:       1993540 kB
Mapped:           306496 kB
Shmem:            160376 kB
Slab:             326596 kB
SReclaimable:     280924 kB
SUnreclaim:        45672 kB
KernelStack:       11696 kB
PageTables:        41520 kB
NFS_Unstable:          0 kB
Bounce:                0 kB
WritebackTmp:          0 kB
CommitLimit:     4714636 kB
Committed_AS:    6312368 kB
VmallocTotal:   34359738367 kB
VmallocUsed:           0 kB
VmallocChunk:          0 kB
HardwareCorrupted:     0 kB
AnonHugePages:         0 kB
ShmemHugePages:        0 kB
ShmemPmdMapped:        0 kB
CmaTotal:              0 kB
CmaFree:               0 kB
HugePages_Total:       0
HugePages_Free:        0
HugePages_Rsvd:        0
HugePages_Surp:        0
Hugepagesize:       2048 kB
Hugetlb:               0 kB
DirectMap4k:      167872 kB
DirectMap2M:     5242880 kB


/proc/sys/kernel/threads-max (system-wide limit on the number of threads):
40547


/proc/sys/vm/max_map_count (maximum number of memory map areas a process may have):
65530


/proc/sys/kernel/pid_max (system-wide limit on number of process identifiers):
32768



container (cgroup) information:
container_type: cgroupv1
cpu_cpuset_cpus: 0-3
cpu_memory_nodes: 0
active_processor_count: 4
cpu_quota: no quota
cpu_period: 100000
cpu_shares: no shares
memory_limit_in_bytes: unlimited
memory_and_swap_limit_in_bytes: not supported
memory_soft_limit_in_bytes: unlimited
memory_usage_in_bytes: 4694417408
memory_max_usage_in_bytes: 2035712

KVM virtualization detected
Steal ticks since vm start: 0
Steal ticks percentage since vm start:  0,000

CPU:total 4 (initial active 4) (4 cores per cpu, 1 threads per core) family 6 model 60 stepping 3, cmov, cx8, fxsr, mmx, sse, sse2, sse3, ssse3, sse4.1, sse4.2, popcnt, avx, avx2, aes, clmul, lzcnt, tsc, tscinvbit
CPU Model and flags from /proc/cpuinfo:
model name	: Intel(R) Core(TM) i7-4700HQ CPU @ 2.40GHz
flags		: fpu vme de pse tsc msr pae mce cx8 apic sep mtrr pge mca cmov pat pse36 clflush mmx fxsr sse sse2 ht syscall nx rdtscp lm constant_tsc rep_good nopl xtopology nonstop_tsc cpuid tsc_known_freq pni pclmulqdq ssse3 cx16 pcid sse4_1 sse4_2 x2apic movbe popcnt aes xsave avx rdrand hypervisor lahf_lm abm invpcid_single pti fsgsbase avx2 invpcid flush_l1d

Memory: 4k page, physical 5234980k(195872k free), swap 2097148k(1262588k free)

vm_info: OpenJDK 64-Bit Server VM (13-internal+0-adhoc.dmitry.loom) for linux-amd64 JRE (13-internal+0-adhoc.dmitry.loom), built on May 19 2019 23:59:50 by "dmitry" with gcc 7.4.0

END.
