#
# A fatal error has been detected by the Java Runtime Environment:
#
#  SIGSEGV (0xb) at pc=0x00007f1ead907b6a, pid=21025, tid=21063
#
# JRE version: OpenJDK Runtime Environment (13.0) (build 13-internal+0-adhoc.dmitry.loom)
# Java VM: OpenJDK 64-Bit Server VM (13-internal+0-adhoc.dmitry.loom, mixed mode, tiered, compressed oops, g1 gc, linux-amd64)
# Problematic frame:
# V  [libjvm.so+0x683b6a]  ContMirror::read()+0x1a
#
# Core dump will be written. Default location: Core dumps may be processed with "/usr/share/apport/apport %p %s %c %d %P" (or dumping to /home/dmitry/Downloads/LoadDetector/core.21025)
#
# If you would like to submit a bug report, please visit:
#   http://bugreport.java.com/bugreport/crash.jsp
#

---------------  S U M M A R Y ------------

Command Line: -agentlib:jdwp=transport=dt_socket,address=127.0.0.1:23683,suspend=y,server=n -Dfile.encoding=UTF-8 Main

Host: Intel(R) Core(TM) i7-4700HQ CPU @ 2.40GHz, 4 cores, 4G, Ubuntu 18.04.2 LTS
Time: Sat May 18 19:25:07 2019 MSK elapsed time: 163 seconds (0d 0h 2m 43s)

---------------  T H R E A D  ---------------

Current thread (0x00007f1ea82d6000):  JavaThread "Thread-1" [_thread_in_vm, id=21063, stack(0x00007f1e845f6000,0x00007f1e846f7000)]

Stack: [0x00007f1e845f6000,0x00007f1e846f7000],  sp=0x00007f1e846f31a0,  free space=1012k
Native frames: (J=compiled Java code, A=aot compiled Java code, j=interpreted, Vv=VM code, C=native code)
V  [libjvm.so+0x683b6a]  ContMirror::read()+0x1a
V  [libjvm.so+0x689275]  Continuation::freeze0(JavaThread*, FrameInfo*, bool) [clone .part.305]+0x565
V  [libjvm.so+0x6899b7]  Continuation::freeze(JavaThread*, FrameInfo*)+0x127
v  ~RuntimeStub::cont_doYield
C  0x00007f1e846f5870

Java frames: (J=compiled Java code, j=interpreted, Vv=VM code)
v  ~RuntimeStub::cont_doYield
j  java.lang.Continuation.yield0(Ljava/lang/ContinuationScope;Ljava/lang/Continuation;)Z+60 java.base
j  java.lang.Continuation.yield(Ljava/lang/Thread;Ljava/lang/ContinuationScope;)Z+71 java.base
j  Main.lambda$main$1(Ljava/lang/Thread;Ljava/lang/ContinuationScope;Ljava/lang/Continuation;)V+21
j  Main$$Lambda$38.run()V+12
j  java.lang.Thread.run()V+11 java.base
v  ~StubRoutines::call_stub

siginfo: si_signo: 11 (SIGSEGV), si_code: 1 (SEGV_MAPERR), si_addr: 0x0000000000000020

Register to memory mapping:

RAX=0x0000000000000020 is an unknown value
RBX=0x00007f1e846f4540 is pointing into the stack for thread: 0x00007f1ea82d6000
RCX=0x0000000000000007 is an unknown value
RDX=0x0 is NULL
RSP=0x00007f1e846f31a0 is pointing into the stack for thread: 0x00007f1ea82d6000
RBP=0x00007f1e846f31b0 is pointing into the stack for thread: 0x00007f1ea82d6000
RSI=0x00007f1e98bf44c0 is at code_begin+3872 in an Interpreter codelet
invoke return entry points  [0x00007f1e98bf35a0, 0x00007f1e98bf5dc0]  10272 bytes
RDI=0x0 is NULL
R8 =0x00007f1e98bdb000 points into unknown readable memory: 04 00 00 00 00 00 00 00
R9 =0x000000000000000b is an unknown value
R10=0x0000000000000800 is an unknown value
R11=0x0000000000000400 is an unknown value
R12=0x00007f1ea82d6ab0 points into unknown readable memory: 00 00 00 00 00 00 00 00
R13=0x00007f1e846f4540 is pointing into the stack for thread: 0x00007f1ea82d6000
R14=0x00007f1e846f57f8 is pointing into the stack for thread: 0x00007f1ea82d6000
R15=0x00007f1ea82d5330 points into unknown readable memory: 02 00 00 00 00 00 00 00


Registers:
RAX=0x0000000000000020, RBX=0x00007f1e846f4540, RCX=0x0000000000000007, RDX=0x0000000000000000
RSP=0x00007f1e846f31a0, RBP=0x00007f1e846f31b0, RSI=0x00007f1e98bf44c0, RDI=0x0000000000000000
R8 =0x00007f1e98bdb000, R9 =0x000000000000000b, R10=0x0000000000000800, R11=0x0000000000000400
R12=0x00007f1ea82d6ab0, R13=0x00007f1e846f4540, R14=0x00007f1e846f57f8, R15=0x00007f1ea82d5330
RIP=0x00007f1ead907b6a, EFLAGS=0x0000000000010206, CSGSFS=0x002b000000000033, ERR=0x0000000000000004
  TRAPNO=0x000000000000000e

Top of Stack: (sp=0x00007f1e846f31a0)
0x00007f1e846f31a0:   00007f1ea82d6000 00007f1ea82d6000
0x00007f1e846f31b0:   00007f1e846f57b0 00007f1ead90d275
0x00007f1e846f31c0:   00007f1ea82d6000 00007f1e846f32c0
0x00007f1e846f31d0:   0000000000000000 00007f1eae8fd1c0 

Instructions: (pc=0x00007f1ead907b6a)
0x00007f1ead907a6a:   08 48 63 00 89 0c 02 48 8d 05 1c b8 fd 00 48 8b
0x00007f1ead907a7a:   4b 30 48 8b 53 08 48 63 00 48 89 0c 02 48 8d 05
0x00007f1ead907a8a:   fe b7 fd 00 48 8b 53 08 48 8b 4b 38 48 63 00 48
0x00007f1ead907a9a:   89 0c 02 48 8d 05 e4 b7 fd 00 8b 4b 60 48 8b 53
0x00007f1ead907aaa:   08 48 63 00 89 0c 02 48 8d 05 e8 b7 fd 00 48 8b
0x00007f1ead907aba:   53 08 48 8b 4b 10 48 63 00 48 89 0c 02 48 8d 05
0x00007f1ead907aca:   ce b7 fd 00 48 8b 4b 18 48 8b 53 08 48 63 00 48
0x00007f1ead907ada:   89 0c 02 48 8d 05 b4 b7 fd 00 48 63 00 48 8b 53
0x00007f1ead907aea:   08 48 8b 4b 20 48 89 0c 02 48 8d 05 be b7 fd 00
0x00007f1ead907afa:   48 8b 53 08 48 8b 4b 58 48 63 00 89 0c 02 48 8d
0x00007f1ead907b0a:   05 71 b7 fd 00 0f b6 4b 70 48 8b 53 08 48 63 00
0x00007f1ead907b1a:   88 0c 02 48 8d 05 90 b7 fd 00 0f b7 4b 74 48 8b
0x00007f1ead907b2a:   53 08 48 63 00 66 89 0c 02 48 8d 05 76 b7 fd 00
0x00007f1ead907b3a:   0f b7 4b 72 48 8b 53 08 48 63 00 66 89 0c 02 48
0x00007f1ead907b4a:   83 c4 08 5b 5d c3 55 48 89 e5 53 48 89 fb 48 83
0x00007f1ead907b5a:   ec 08 48 8d 05 3d b7 fd 00 48 8b 7f 08 48 63 00
0x00007f1ead907b6a:   48 8b 04 38 48 89 43 10 48 8d 05 23 b7 fd 00 48
0x00007f1ead907b7a:   63 00 48 8b 04 38 48 89 43 18 48 8d 05 0d b7 fd
0x00007f1ead907b8a:   00 48 63 00 48 8b 04 38 48 89 43 20 48 8d 05 f3
0x00007f1ead907b9a:   b6 fd 00 48 63 00 8b 04 38 89 43 28 48 8d 05 e7
0x00007f1ead907baa:   b6 fd 00 48 63 00 48 8b 04 38 48 89 43 30 48 8d
0x00007f1ead907bba:   05 cd b6 fd 00 48 63 00 48 8b 04 38 48 89 43 38
0x00007f1ead907bca:   48 8d 05 eb b6 fd 00 48 63 30 ff 15 66 14 f7 00
0x00007f1ead907bda:   48 85 c0 48 89 43 40 0f 84 b9 01 00 00 48 8d 15
0x00007f1ead907bea:   ae 9b fd 00 80 3a 01 48 19 c9 83 e1 04 80 3a 01
0x00007f1ead907bfa:   8b 4c 08 0c 48 19 d2 89 4b 48 83 e2 08 48 8d 44
0x00007f1ead907c0a:   10 10 48 89 43 50 48 8d 05 a1 b6 fd 00 48 8b 7b
0x00007f1ead907c1a:   08 48 63 00 48 63 04 07 48 89 43 58 48 8d 05 7f
0x00007f1ead907c2a:   b6 fd 00 48 63 30 ff 15 0a 14 f7 00 48 8d 15 4b
0x00007f1ead907c3a:   b6 fd 00 48 89 43 68 48 8b 43 08 48 83 3d a3 80
0x00007f1ead907c4a:   fb 00 00 48 63 12 8b 14 02 89 53 60 48 8d 15 23
0x00007f1ead907c5a:   b6 fd 00 48 63 12 0f b6 14 02 88 53 70 48 8d 15 


Stack slot to memory mapping:
stack at sp + 0 slots: 0x00007f1ea82d6000 is a thread
stack at sp + 1 slots: 0x00007f1ea82d6000 is a thread
stack at sp + 2 slots: 0x00007f1e846f57b0 is pointing into the stack for thread: 0x00007f1ea82d6000
stack at sp + 3 slots: 0x00007f1ead90d275: <offset 0x0000000000689275> in /home/dmitry/Downloads/LOOM/loom/build/linux-x86_64-server-release/jdk/lib/server/libjvm.so at 0x00007f1ead284000
stack at sp + 4 slots: 0x00007f1ea82d6000 is a thread
stack at sp + 5 slots: 0x00007f1e846f32c0 is pointing into the stack for thread: 0x00007f1ea82d6000
stack at sp + 6 slots: 0x0 is NULL
stack at sp + 7 slots: 0x00007f1eae8fd1c0: <offset 0x00000000016791c0> in /home/dmitry/Downloads/LOOM/loom/build/linux-x86_64-server-release/jdk/lib/server/libjvm.so at 0x00007f1ead284000


---------------  P R O C E S S  ---------------

Threads class SMR info:
_java_thread_list=0x00007f1ea82d9660, length=14, elements={
0x00007f1ea8139000, 0x00007f1ea813c800, 0x00007f1ea815e800, 0x00007f1ea8163000,
0x00007f1ea8165000, 0x00007f1ea8167000, 0x00007f1ea8187800, 0x00007f1ea82bb800,
0x00007f1ea82be800, 0x00007f1e5c001800, 0x00007f1ea82c1000, 0x00007f1ea82d6000,
0x00007f1ea8017800, 0x00007f1e44002000
}

Java Threads: ( => current thread )
  0x00007f1ea8139000 JavaThread "Reference Handler" daemon [_thread_blocked, id=21042, stack(0x00007f1e94294000,0x00007f1e94395000)]
  0x00007f1ea813c800 JavaThread "Finalizer" daemon [_thread_blocked, id=21043, stack(0x00007f1e94193000,0x00007f1e94294000)]
  0x00007f1ea815e800 JavaThread "Signal Dispatcher" daemon [_thread_blocked, id=21044, stack(0x00007f1e94092000,0x00007f1e94193000)]
  0x00007f1ea8163000 JavaThread "C2 CompilerThread0" daemon [_thread_blocked, id=21045, stack(0x00007f1e85530000,0x00007f1e85631000)]
  0x00007f1ea8165000 JavaThread "C1 CompilerThread0" daemon [_thread_in_native, id=21046, stack(0x00007f1e8542f000,0x00007f1e85530000)]
  0x00007f1ea8167000 JavaThread "Sweeper thread" daemon [_thread_blocked, id=21047, stack(0x00007f1e8532e000,0x00007f1e8542f000)]
  0x00007f1ea8187800 JavaThread "Common-Cleaner" daemon [_thread_blocked, id=21052, stack(0x00007f1e84e03000,0x00007f1e84f04000)]
  0x00007f1ea82bb800 JavaThread "JDWP Transport Listener: dt_socket" daemon [_thread_blocked, id=21054, stack(0x00007f1e84afc000,0x00007f1e84bfd000)]
  0x00007f1ea82be800 JavaThread "JDWP Event Helper Thread" daemon [_thread_blocked, id=21057, stack(0x00007f1e849fb000,0x00007f1e84afc000)]
  0x00007f1e5c001800 JavaThread "JDWP Command Reader" daemon [_thread_in_native, id=21058, stack(0x00007f1e848fa000,0x00007f1e849fb000)]
  0x00007f1ea82c1000 JavaThread "Service Thread" daemon [_thread_blocked, id=21059, stack(0x00007f1e847f9000,0x00007f1e848fa000)]
=>0x00007f1ea82d6000 JavaThread "Thread-1" [_thread_in_vm, id=21063, stack(0x00007f1e845f6000,0x00007f1e846f7000)]
  0x00007f1ea8017800 JavaThread "DestroyJavaVM" [_thread_blocked, id=21027, stack(0x00007f1eaf685000,0x00007f1eaf786000)]
  0x00007f1e44002000 JavaThread "Timer-0" [_thread_in_Java, id=21065, stack(0x00007f1e843f4000,0x00007f1e844f5000)]

Other Threads:
  0x00007f1ea812d000 VMThread "VM Thread" [stack: 0x00007f1e94397000,0x00007f1e94497000] [id=21039] _threads_hazard_ptr=0x00007f1ea82d9660
  0x00007f1ea82c3000 WatcherThread [stack: 0x00007f1e846f9000,0x00007f1e847f9000] [id=21062]
  0x00007f1ea805b000 GCTaskThread "GC Thread#0" [stack: 0x00007f1e95581000,0x00007f1e95681000] [id=21031]
  0x00007f1ea8065000 ConcurrentGCThread "G1 Main Marker" [stack: 0x00007f1e9547f000,0x00007f1e9557f000] [id=21032]
  0x00007f1ea8066800 ConcurrentGCThread "G1 Conc#0" [stack: 0x00007f1e9537d000,0x00007f1e9547d000] [id=21033]
  0x00007f1ea80bb000 ConcurrentGCThread "G1 Refine#0" [stack: 0x00007f1e94e77000,0x00007f1e94f77000] [id=21034]
  0x00007f1ea80bc800 ConcurrentGCThread "G1 Young RemSet Sampling" [stack: 0x00007f1e94d75000,0x00007f1e94e75000] [id=21035]

Threads with active compile tasks:
C2 CompilerThread0   163824  631       4       java.lang.String::<init> (15 bytes)
C1 CompilerThread0   163824  627       3       java.io.PrintStream::ensureOpen (18 bytes)

VM state:not at safepoint (normal execution)

VM Mutex/Monitor currently owned by a thread: None

Heap address: 0x00000000b0000000, size: 1280 MB, Compressed Oops mode: 32-bit
Narrow klass base: 0x0000000000000000, Narrow klass shift: 3
Compressed class space size: 1073741824 Address: 0x0000000100000000

Heap:
 garbage-first heap   total 81920K, used 8192K [0x00000000b0000000, 0x0000000100000000)
  region size 1024K, 9 young (9216K), 0 survivors (0K)
 Metaspace       used 6976K, capacity 7143K, committed 7424K, reserved 1056768K
  class space    used 614K, capacity 689K, committed 768K, reserved 1048576K
Heap Regions: E=young(eden), S=young(survivor), O=old, HS=humongous(starts), HC=humongous(continues), CS=collection set, F=free, A=archive, TAMS=top-at-mark-start (previous, next)
|   0|0x00000000b0000000, 0x00000000b0000000, 0x00000000b0100000|  0%| F|  |TAMS 0x00000000b0000000, 0x00000000b0000000| Untracked 
|   1|0x00000000b0100000, 0x00000000b0100000, 0x00000000b0200000|  0%| F|  |TAMS 0x00000000b0100000, 0x00000000b0100000| Untracked 
|   2|0x00000000b0200000, 0x00000000b0200000, 0x00000000b0300000|  0%| F|  |TAMS 0x00000000b0200000, 0x00000000b0200000| Untracked 
|   3|0x00000000b0300000, 0x00000000b0300000, 0x00000000b0400000|  0%| F|  |TAMS 0x00000000b0300000, 0x00000000b0300000| Untracked 
|   4|0x00000000b0400000, 0x00000000b0400000, 0x00000000b0500000|  0%| F|  |TAMS 0x00000000b0400000, 0x00000000b0400000| Untracked 
|   5|0x00000000b0500000, 0x00000000b0500000, 0x00000000b0600000|  0%| F|  |TAMS 0x00000000b0500000, 0x00000000b0500000| Untracked 
|   6|0x00000000b0600000, 0x00000000b0600000, 0x00000000b0700000|  0%| F|  |TAMS 0x00000000b0600000, 0x00000000b0600000| Untracked 
|   7|0x00000000b0700000, 0x00000000b0700000, 0x00000000b0800000|  0%| F|  |TAMS 0x00000000b0700000, 0x00000000b0700000| Untracked 
|   8|0x00000000b0800000, 0x00000000b0800000, 0x00000000b0900000|  0%| F|  |TAMS 0x00000000b0800000, 0x00000000b0800000| Untracked 
|   9|0x00000000b0900000, 0x00000000b0900000, 0x00000000b0a00000|  0%| F|  |TAMS 0x00000000b0900000, 0x00000000b0900000| Untracked 
|  10|0x00000000b0a00000, 0x00000000b0a00000, 0x00000000b0b00000|  0%| F|  |TAMS 0x00000000b0a00000, 0x00000000b0a00000| Untracked 
|  11|0x00000000b0b00000, 0x00000000b0b00000, 0x00000000b0c00000|  0%| F|  |TAMS 0x00000000b0b00000, 0x00000000b0b00000| Untracked 
|  12|0x00000000b0c00000, 0x00000000b0c00000, 0x00000000b0d00000|  0%| F|  |TAMS 0x00000000b0c00000, 0x00000000b0c00000| Untracked 
|  13|0x00000000b0d00000, 0x00000000b0d00000, 0x00000000b0e00000|  0%| F|  |TAMS 0x00000000b0d00000, 0x00000000b0d00000| Untracked 
|  14|0x00000000b0e00000, 0x00000000b0e00000, 0x00000000b0f00000|  0%| F|  |TAMS 0x00000000b0e00000, 0x00000000b0e00000| Untracked 
|  15|0x00000000b0f00000, 0x00000000b0f00000, 0x00000000b1000000|  0%| F|  |TAMS 0x00000000b0f00000, 0x00000000b0f00000| Untracked 
|  16|0x00000000b1000000, 0x00000000b1000000, 0x00000000b1100000|  0%| F|  |TAMS 0x00000000b1000000, 0x00000000b1000000| Untracked 
|  17|0x00000000b1100000, 0x00000000b1100000, 0x00000000b1200000|  0%| F|  |TAMS 0x00000000b1100000, 0x00000000b1100000| Untracked 
|  18|0x00000000b1200000, 0x00000000b1200000, 0x00000000b1300000|  0%| F|  |TAMS 0x00000000b1200000, 0x00000000b1200000| Untracked 
|  19|0x00000000b1300000, 0x00000000b1300000, 0x00000000b1400000|  0%| F|  |TAMS 0x00000000b1300000, 0x00000000b1300000| Untracked 
|  20|0x00000000b1400000, 0x00000000b1400000, 0x00000000b1500000|  0%| F|  |TAMS 0x00000000b1400000, 0x00000000b1400000| Untracked 
|  21|0x00000000b1500000, 0x00000000b1500000, 0x00000000b1600000|  0%| F|  |TAMS 0x00000000b1500000, 0x00000000b1500000| Untracked 
|  22|0x00000000b1600000, 0x00000000b1600000, 0x00000000b1700000|  0%| F|  |TAMS 0x00000000b1600000, 0x00000000b1600000| Untracked 
|  23|0x00000000b1700000, 0x00000000b1700000, 0x00000000b1800000|  0%| F|  |TAMS 0x00000000b1700000, 0x00000000b1700000| Untracked 
|  24|0x00000000b1800000, 0x00000000b1800000, 0x00000000b1900000|  0%| F|  |TAMS 0x00000000b1800000, 0x00000000b1800000| Untracked 
|  25|0x00000000b1900000, 0x00000000b1900000, 0x00000000b1a00000|  0%| F|  |TAMS 0x00000000b1900000, 0x00000000b1900000| Untracked 
|  26|0x00000000b1a00000, 0x00000000b1a00000, 0x00000000b1b00000|  0%| F|  |TAMS 0x00000000b1a00000, 0x00000000b1a00000| Untracked 
|  27|0x00000000b1b00000, 0x00000000b1b00000, 0x00000000b1c00000|  0%| F|  |TAMS 0x00000000b1b00000, 0x00000000b1b00000| Untracked 
|  28|0x00000000b1c00000, 0x00000000b1c00000, 0x00000000b1d00000|  0%| F|  |TAMS 0x00000000b1c00000, 0x00000000b1c00000| Untracked 
|  29|0x00000000b1d00000, 0x00000000b1d00000, 0x00000000b1e00000|  0%| F|  |TAMS 0x00000000b1d00000, 0x00000000b1d00000| Untracked 
|  30|0x00000000b1e00000, 0x00000000b1e00000, 0x00000000b1f00000|  0%| F|  |TAMS 0x00000000b1e00000, 0x00000000b1e00000| Untracked 
|  31|0x00000000b1f00000, 0x00000000b1f00000, 0x00000000b2000000|  0%| F|  |TAMS 0x00000000b1f00000, 0x00000000b1f00000| Untracked 
|  32|0x00000000b2000000, 0x00000000b2000000, 0x00000000b2100000|  0%| F|  |TAMS 0x00000000b2000000, 0x00000000b2000000| Untracked 
|  33|0x00000000b2100000, 0x00000000b2100000, 0x00000000b2200000|  0%| F|  |TAMS 0x00000000b2100000, 0x00000000b2100000| Untracked 
|  34|0x00000000b2200000, 0x00000000b2200000, 0x00000000b2300000|  0%| F|  |TAMS 0x00000000b2200000, 0x00000000b2200000| Untracked 
|  35|0x00000000b2300000, 0x00000000b2300000, 0x00000000b2400000|  0%| F|  |TAMS 0x00000000b2300000, 0x00000000b2300000| Untracked 
|  36|0x00000000b2400000, 0x00000000b2400000, 0x00000000b2500000|  0%| F|  |TAMS 0x00000000b2400000, 0x00000000b2400000| Untracked 
|  37|0x00000000b2500000, 0x00000000b2500000, 0x00000000b2600000|  0%| F|  |TAMS 0x00000000b2500000, 0x00000000b2500000| Untracked 
|  38|0x00000000b2600000, 0x00000000b2600000, 0x00000000b2700000|  0%| F|  |TAMS 0x00000000b2600000, 0x00000000b2600000| Untracked 
|  39|0x00000000b2700000, 0x00000000b2700000, 0x00000000b2800000|  0%| F|  |TAMS 0x00000000b2700000, 0x00000000b2700000| Untracked 
|  40|0x00000000b2800000, 0x00000000b2800000, 0x00000000b2900000|  0%| F|  |TAMS 0x00000000b2800000, 0x00000000b2800000| Untracked 
|  41|0x00000000b2900000, 0x00000000b2900000, 0x00000000b2a00000|  0%| F|  |TAMS 0x00000000b2900000, 0x00000000b2900000| Untracked 
|  42|0x00000000b2a00000, 0x00000000b2a00000, 0x00000000b2b00000|  0%| F|  |TAMS 0x00000000b2a00000, 0x00000000b2a00000| Untracked 
|  43|0x00000000b2b00000, 0x00000000b2b00000, 0x00000000b2c00000|  0%| F|  |TAMS 0x00000000b2b00000, 0x00000000b2b00000| Untracked 
|  44|0x00000000b2c00000, 0x00000000b2c00000, 0x00000000b2d00000|  0%| F|  |TAMS 0x00000000b2c00000, 0x00000000b2c00000| Untracked 
|  45|0x00000000b2d00000, 0x00000000b2d00000, 0x00000000b2e00000|  0%| F|  |TAMS 0x00000000b2d00000, 0x00000000b2d00000| Untracked 
|  46|0x00000000b2e00000, 0x00000000b2e00000, 0x00000000b2f00000|  0%| F|  |TAMS 0x00000000b2e00000, 0x00000000b2e00000| Untracked 
|  47|0x00000000b2f00000, 0x00000000b2f00000, 0x00000000b3000000|  0%| F|  |TAMS 0x00000000b2f00000, 0x00000000b2f00000| Untracked 
|  48|0x00000000b3000000, 0x00000000b3000000, 0x00000000b3100000|  0%| F|  |TAMS 0x00000000b3000000, 0x00000000b3000000| Untracked 
|  49|0x00000000b3100000, 0x00000000b3100000, 0x00000000b3200000|  0%| F|  |TAMS 0x00000000b3100000, 0x00000000b3100000| Untracked 
|  50|0x00000000b3200000, 0x00000000b3200000, 0x00000000b3300000|  0%| F|  |TAMS 0x00000000b3200000, 0x00000000b3200000| Untracked 
|  51|0x00000000b3300000, 0x00000000b3300000, 0x00000000b3400000|  0%| F|  |TAMS 0x00000000b3300000, 0x00000000b3300000| Untracked 
|  52|0x00000000b3400000, 0x00000000b3400000, 0x00000000b3500000|  0%| F|  |TAMS 0x00000000b3400000, 0x00000000b3400000| Untracked 
|  53|0x00000000b3500000, 0x00000000b3500000, 0x00000000b3600000|  0%| F|  |TAMS 0x00000000b3500000, 0x00000000b3500000| Untracked 
|  54|0x00000000b3600000, 0x00000000b3600000, 0x00000000b3700000|  0%| F|  |TAMS 0x00000000b3600000, 0x00000000b3600000| Untracked 
|  55|0x00000000b3700000, 0x00000000b3700000, 0x00000000b3800000|  0%| F|  |TAMS 0x00000000b3700000, 0x00000000b3700000| Untracked 
|  56|0x00000000b3800000, 0x00000000b3800000, 0x00000000b3900000|  0%| F|  |TAMS 0x00000000b3800000, 0x00000000b3800000| Untracked 
|  57|0x00000000b3900000, 0x00000000b3900000, 0x00000000b3a00000|  0%| F|  |TAMS 0x00000000b3900000, 0x00000000b3900000| Untracked 
|  58|0x00000000b3a00000, 0x00000000b3a00000, 0x00000000b3b00000|  0%| F|  |TAMS 0x00000000b3a00000, 0x00000000b3a00000| Untracked 
|  59|0x00000000b3b00000, 0x00000000b3b00000, 0x00000000b3c00000|  0%| F|  |TAMS 0x00000000b3b00000, 0x00000000b3b00000| Untracked 
|  60|0x00000000b3c00000, 0x00000000b3c00000, 0x00000000b3d00000|  0%| F|  |TAMS 0x00000000b3c00000, 0x00000000b3c00000| Untracked 
|  61|0x00000000b3d00000, 0x00000000b3d00000, 0x00000000b3e00000|  0%| F|  |TAMS 0x00000000b3d00000, 0x00000000b3d00000| Untracked 
|  62|0x00000000b3e00000, 0x00000000b3e00000, 0x00000000b3f00000|  0%| F|  |TAMS 0x00000000b3e00000, 0x00000000b3e00000| Untracked 
|  63|0x00000000b3f00000, 0x00000000b3f00000, 0x00000000b4000000|  0%| F|  |TAMS 0x00000000b3f00000, 0x00000000b3f00000| Untracked 
|  64|0x00000000b4000000, 0x00000000b4000000, 0x00000000b4100000|  0%| F|  |TAMS 0x00000000b4000000, 0x00000000b4000000| Untracked 
|  65|0x00000000b4100000, 0x00000000b4100000, 0x00000000b4200000|  0%| F|  |TAMS 0x00000000b4100000, 0x00000000b4100000| Untracked 
|  66|0x00000000b4200000, 0x00000000b4200000, 0x00000000b4300000|  0%| F|  |TAMS 0x00000000b4200000, 0x00000000b4200000| Untracked 
|  67|0x00000000b4300000, 0x00000000b4300000, 0x00000000b4400000|  0%| F|  |TAMS 0x00000000b4300000, 0x00000000b4300000| Untracked 
|  68|0x00000000b4400000, 0x00000000b4400000, 0x00000000b4500000|  0%| F|  |TAMS 0x00000000b4400000, 0x00000000b4400000| Untracked 
|  69|0x00000000b4500000, 0x00000000b4500000, 0x00000000b4600000|  0%| F|  |TAMS 0x00000000b4500000, 0x00000000b4500000| Untracked 
|  70|0x00000000b4600000, 0x00000000b4600000, 0x00000000b4700000|  0%| F|  |TAMS 0x00000000b4600000, 0x00000000b4600000| Untracked 
|  71|0x00000000b4700000, 0x00000000b47d7d00, 0x00000000b4800000| 84%| E|  |TAMS 0x00000000b4700000, 0x00000000b4700000| Complete 
|  72|0x00000000b4800000, 0x00000000b4900000, 0x00000000b4900000|100%| E|CS|TAMS 0x00000000b4800000, 0x00000000b4800000| Complete 
|  73|0x00000000b4900000, 0x00000000b4a00000, 0x00000000b4a00000|100%| E|CS|TAMS 0x00000000b4900000, 0x00000000b4900000| Complete 
|  74|0x00000000b4a00000, 0x00000000b4b00000, 0x00000000b4b00000|100%| E|CS|TAMS 0x00000000b4a00000, 0x00000000b4a00000| Complete 
|  75|0x00000000b4b00000, 0x00000000b4c00000, 0x00000000b4c00000|100%| E|CS|TAMS 0x00000000b4b00000, 0x00000000b4b00000| Complete 
|  76|0x00000000b4c00000, 0x00000000b4d00000, 0x00000000b4d00000|100%| E|CS|TAMS 0x00000000b4c00000, 0x00000000b4c00000| Complete 
|  77|0x00000000b4d00000, 0x00000000b4e00000, 0x00000000b4e00000|100%| E|CS|TAMS 0x00000000b4d00000, 0x00000000b4d00000| Complete 
|  78|0x00000000b4e00000, 0x00000000b4f00000, 0x00000000b4f00000|100%| E|CS|TAMS 0x00000000b4e00000, 0x00000000b4e00000| Complete 
|  79|0x00000000b4f00000, 0x00000000b5000000, 0x00000000b5000000|100%| E|CS|TAMS 0x00000000b4f00000, 0x00000000b4f00000| Complete 

Card table byte_map: [0x00007f1e98101000,0x00007f1e98381000] _byte_map_base: 0x00007f1e97b81000

Marking Bits (Prev, Next): (CMBitMap*) 0x00007f1ea805c518, (CMBitMap*) 0x00007f1ea805c558
 Prev Bits: [0x00007f1e96a81000, 0x00007f1e97e81000)
 Next Bits: [0x00007f1e95681000, 0x00007f1e96a81000)

Polling page: 0x00007f1eaf799000

Metaspace:

Usage:
  Non-class:      6,30 MB capacity,     6,21 MB ( 99%) used,    78,73 KB (  1%) free+waste,    12,44 KB ( <1%) overhead. 
      Class:    689,00 KB capacity,   614,31 KB ( 89%) used,    67,50 KB ( 10%) free+waste,     7,19 KB (  1%) overhead. 
       Both:      6,98 MB capacity,     6,81 MB ( 98%) used,   146,23 KB (  2%) free+waste,    19,62 KB ( <1%) overhead. 

Virtual space:
  Non-class space:        8,00 MB reserved,       6,50 MB ( 81%) committed 
      Class space:        1,00 GB reserved,     768,00 KB ( <1%) committed 
             Both:        1,01 GB reserved,       7,25 MB ( <1%) committed 

Chunk freelists:
   Non-Class:  62,00 KB
       Class:  15,00 KB
        Both:  77,00 KB

MaxMetaspaceSize: unlimited
CompressedClassSpaceSize: 1,00 GB

CodeHeap 'non-profiled nmethods': size=120032Kb used=194Kb max_used=194Kb free=119838Kb
 bounds [0x00007f1ea06a3000, 0x00007f1ea0913000, 0x00007f1ea7bdb000]
CodeHeap 'profiled nmethods': size=120032Kb used=970Kb max_used=970Kb free=119061Kb
 bounds [0x00007f1e9916b000, 0x00007f1e993db000, 0x00007f1ea06a3000]
CodeHeap 'non-nmethods': size=5696Kb used=1188Kb max_used=1201Kb free=4507Kb
 bounds [0x00007f1e98bdb000, 0x00007f1e98e4b000, 0x00007f1e9916b000]
 total_blobs=1097 nmethods=629 adapters=256
 compilation: enabled
              stopped_count=0, restarted_count=0
 full_count=0

Compilation events (10 events):
Event: 1,706 Thread 0x00007f1ea8165000  594       3       java.lang.Number::<init> (5 bytes)
Event: 1,706 Thread 0x00007f1ea8165000 nmethod 594 0x00007f1e9924a210 code [0x00007f1e9924a3c0, 0x00007f1e9924a570]
Event: 1,706 Thread 0x00007f1ea8165000  589       3       jdk.internal.org.objectweb.asm.SymbolTable::hash (20 bytes)
Event: 1,706 Thread 0x00007f1ea8165000 nmethod 589 0x00007f1e9924a610 code [0x00007f1e9924a7e0, 0x00007f1e9924aa28]
Event: 1,706 Thread 0x00007f1ea8165000  587       3       jdk.internal.org.objectweb.asm.Label::resolve (219 bytes)
Event: 1,708 Thread 0x00007f1ea8165000 nmethod 587 0x00007f1e9924ab90 code [0x00007f1e9924ad80, 0x00007f1e9924b330]
Event: 1,708 Thread 0x00007f1ea8165000  595       1       java.lang.invoke.LambdaForm$BasicType::basicTypeChar (5 bytes)
Event: 1,708 Thread 0x00007f1ea8165000 nmethod 595 0x00007f1ea06d2910 code [0x00007f1ea06d2aa0, 0x00007f1ea06d2bb0]
Event: 1,708 Thread 0x00007f1ea8165000  586       1       java.lang.invoke.LambdaForm$NamedFunction::intrinsicName (5 bytes)
Event: 1,708 Thread 0x00007f1ea8165000 nmethod 586 0x00007f1ea06d2c10 code [0x00007f1ea06d2da0, 0x00007f1ea06d2eb0]

GC Heap History (0 events):
No events

Deoptimization events (1 events):
Event: 0,829 Thread 0x00007f1ea8017800 Uncommon trap: reason=unstable_if action=reinterpret pc=0x00007f1ea06c1f2c method=java.util.HashMap.putVal(ILjava/lang/Object;Ljava/lang/Object;ZZ)Ljava/lang/Object; @ 236 c2

Classes unloaded (0 events):
No events

Classes redefined (0 events):
No events

Internal exceptions (10 events):
Event: 1,636 Thread 0x00007f1e44002000 Exception <a 'java/lang/NoSuchMethodError'{0x00000000b48dbf70}: 'java.lang.Object java.lang.invoke.DirectMethodHandle$Holder.invokeSpecial(java.lang.Object, java.lang.Object, java.lang.Object, java.lang.Object, java.lang.Object, java.lang.Object, java.lang.Object)'> (0x00000000b48dbf70) 
thrown [/home/dmitry/Downloads/LOOM/loom/src/hotspot/share/interpreter/linkResolver.cpp, line 768]
for thread 0x00007f1e44002000
Event: 1,636 Thread 0x00007f1e44002000 Exception <a 'java/lang/NoSuchMethodError'{0x00000000b48defc0}: 'java.lang.Object java.lang.invoke.DelegatingMethodHandle$Holder.delegate(java.lang.Object, java.lang.Object, java.lang.Object, java.lang.Object, java.lang.Object, java.lang.Object)'> (0x00000000b48defc0) 
thrown [/home/dmitry/Downloads/LOOM/loom/src/hotspot/share/interpreter/linkResolver.cpp, line 768]
for thread 0x00007f1e44002000
Event: 1,637 Thread 0x00007f1e44002000 Exception <a 'java/lang/NoSuchMethodError'{0x00000000b48e2288}: 'java.lang.Object java.lang.invoke.Invokers$Holder.invokeExact_MT(java.lang.Object, java.lang.Object, java.lang.Object, java.lang.Object, java.lang.Object, java.lang.Object, java.lang.Object)'> (0x00000000b48e2288) 
thrown [/home/dmitry/Downloads/LOOM/loom/src/hotspot/share/interpreter/linkResolver.cpp, line 768]
for thread 0x00007f1e44002000
Event: 1,639 Thread 0x00007f1e44002000 Exception <a 'java/lang/NoSuchMethodError'{0x00000000b48e5e50}: 'long java.lang.invoke.DirectMethodHandle$Holder.invokeStatic(java.lang.Object)'> (0x00000000b48e5e50) 
thrown [/home/dmitry/Downloads/LOOM/loom/src/hotspot/share/interpreter/linkResolver.cpp, line 768]
for thread 0x00007f1e44002000
Event: 1,642 Thread 0x00007f1e44002000 Exception <a 'java/lang/NoSuchMethodError'{0x00000000b48eb690}: 'long java.lang.invoke.Invokers$Holder.invoke_MT(java.lang.Object, java.lang.Object)'> (0x00000000b48eb690) 
thrown [/home/dmitry/Downloads/LOOM/loom/src/hotspot/share/interpreter/linkResolver.cpp, line 768]
for thread 0x00007f1e44002000
Event: 1,643 Thread 0x00007f1e44002000 Exception <a 'java/lang/NoSuchMethodError'{0x00000000b48f1898}: 'java.lang.Object java.lang.invoke.DirectMethodHandle$Holder.invokeStatic(java.lang.Object, long)'> (0x00000000b48f1898) 
thrown [/home/dmitry/Downloads/LOOM/loom/src/hotspot/share/interpreter/linkResolver.cpp, line 768]
for thread 0x00007f1e44002000
Event: 1,673 Thread 0x00007f1e44002000 Exception <a 'java/lang/NoSuchMethodError'{0x00000000b471d7c0}: 'java.lang.Object java.lang.invoke.DirectMethodHandle$Holder.invokeStatic(java.lang.Object, java.lang.Object, java.lang.Object, java.lang.Object, java.lang.Object)'> (0x00000000b471d7c0) 
thrown [/home/dmitry/Downloads/LOOM/loom/src/hotspot/share/interpreter/linkResolver.cpp, line 768]
for thread 0x00007f1e44002000
Event: 1,680 Thread 0x00007f1e44002000 Exception <a 'java/lang/NoSuchMethodError'{0x00000000b473a828}: 'java.lang.Object java.lang.invoke.DirectMethodHandle$Holder.invokeSpecial(java.lang.Object, java.lang.Object, long)'> (0x00000000b473a828) 
thrown [/home/dmitry/Downloads/LOOM/loom/src/hotspot/share/interpreter/linkResolver.cpp, line 768]
for thread 0x00007f1e44002000
Event: 1,682 Thread 0x00007f1e44002000 Exception <a 'java/lang/NoSuchMethodError'{0x00000000b4740a28}: 'long java.lang.invoke.DirectMethodHandle$Holder.invokeStatic(java.lang.Object, long, long)'> (0x00000000b4740a28) 
thrown [/home/dmitry/Downloads/LOOM/loom/src/hotspot/share/interpreter/linkResolver.cpp, line 768]
for thread 0x00007f1e44002000
Event: 1,693 Thread 0x00007f1e44002000 Exception <a 'java/lang/NoSuchMethodError'{0x00000000b476dfd0}: 'long java.lang.invoke.DirectMethodHandle$Holder.getLong(java.lang.Object, java.lang.Object)'> (0x00000000b476dfd0) 
thrown [/home/dmitry/Downloads/LOOM/loom/src/hotspot/share/interpreter/linkResolver.cpp, line 768]
for thread 0x00007f1e44002000

Events (10 events):
Event: 2,425 Executing VM operation: GetFrameCount
Event: 2,425 Executing VM operation: GetFrameCount done
Event: 2,425 Executing VM operation: GetStackTrace
Event: 2,425 Executing VM operation: GetStackTrace done
Event: 2,427 Executing VM operation: GetFrameCount
Event: 2,427 Executing VM operation: GetFrameCount done
Event: 2,427 Executing VM operation: GetFrameCount
Event: 2,427 Executing VM operation: GetFrameCount done
Event: 2,427 Executing VM operation: GetStackTrace
Event: 2,427 Executing VM operation: GetStackTrace done


Dynamic libraries:
b0000000-b5000000 rw-p 00000000 00:00 0 
b5000000-100000000 ---p 00000000 00:00 0 
100000000-1000c0000 rw-p 00000000 00:00 0 
1000c0000-140000000 ---p 00000000 00:00 0 
5599e0bf5000-5599e0bf6000 r-xp 00000000 08:01 2499517                    /home/dmitry/Downloads/LOOM/loom/build/linux-x86_64-server-release/jdk/bin/java
5599e0df6000-5599e0df7000 r--p 00001000 08:01 2499517                    /home/dmitry/Downloads/LOOM/loom/build/linux-x86_64-server-release/jdk/bin/java
5599e0df7000-5599e0df8000 rw-p 00002000 08:01 2499517                    /home/dmitry/Downloads/LOOM/loom/build/linux-x86_64-server-release/jdk/bin/java
5599e26b9000-5599e26da000 rw-p 00000000 00:00 0                          [heap]
7f1e38000000-7f1e38021000 rw-p 00000000 00:00 0 
7f1e38021000-7f1e3c000000 ---p 00000000 00:00 0 
7f1e3fd62000-7f1e40000000 rw-p 00000000 00:00 0 
7f1e40000000-7f1e40021000 rw-p 00000000 00:00 0 
7f1e40021000-7f1e44000000 ---p 00000000 00:00 0 
7f1e44000000-7f1e44021000 rw-p 00000000 00:00 0 
7f1e44021000-7f1e48000000 ---p 00000000 00:00 0 
7f1e48000000-7f1e48021000 rw-p 00000000 00:00 0 
7f1e48021000-7f1e4c000000 ---p 00000000 00:00 0 
7f1e4c000000-7f1e4c021000 rw-p 00000000 00:00 0 
7f1e4c021000-7f1e50000000 ---p 00000000 00:00 0 
7f1e50000000-7f1e50021000 rw-p 00000000 00:00 0 
7f1e50021000-7f1e54000000 ---p 00000000 00:00 0 
7f1e54000000-7f1e54021000 rw-p 00000000 00:00 0 
7f1e54021000-7f1e58000000 ---p 00000000 00:00 0 
7f1e58000000-7f1e58021000 rw-p 00000000 00:00 0 
7f1e58021000-7f1e5c000000 ---p 00000000 00:00 0 
7f1e5c000000-7f1e5c040000 rw-p 00000000 00:00 0 
7f1e5c040000-7f1e60000000 ---p 00000000 00:00 0 
7f1e60000000-7f1e6019f000 rw-p 00000000 00:00 0 
7f1e6019f000-7f1e64000000 ---p 00000000 00:00 0 
7f1e64000000-7f1e64021000 rw-p 00000000 00:00 0 
7f1e64021000-7f1e68000000 ---p 00000000 00:00 0 
7f1e68000000-7f1e68021000 rw-p 00000000 00:00 0 
7f1e68021000-7f1e6c000000 ---p 00000000 00:00 0 
7f1e6c000000-7f1e6c3f2000 rw-p 00000000 00:00 0 
7f1e6c3f2000-7f1e70000000 ---p 00000000 00:00 0 
7f1e70000000-7f1e70021000 rw-p 00000000 00:00 0 
7f1e70021000-7f1e74000000 ---p 00000000 00:00 0 
7f1e74000000-7f1e74021000 rw-p 00000000 00:00 0 
7f1e74021000-7f1e78000000 ---p 00000000 00:00 0 
7f1e78000000-7f1e78021000 rw-p 00000000 00:00 0 
7f1e78021000-7f1e7c000000 ---p 00000000 00:00 0 
7f1e7c000000-7f1e7c021000 rw-p 00000000 00:00 0 
7f1e7c021000-7f1e80000000 ---p 00000000 00:00 0 
7f1e80000000-7f1e80021000 rw-p 00000000 00:00 0 
7f1e80021000-7f1e84000000 ---p 00000000 00:00 0 
7f1e84297000-7f1e843f4000 rw-p 00000000 00:00 0 
7f1e843f4000-7f1e843f8000 ---p 00000000 00:00 0 
7f1e843f8000-7f1e844f5000 rw-p 00000000 00:00 0 
7f1e844f5000-7f1e844f9000 ---p 00000000 00:00 0 
7f1e844f9000-7f1e845f6000 rw-p 00000000 00:00 0 
7f1e845f6000-7f1e845fa000 ---p 00000000 00:00 0 
7f1e845fa000-7f1e846f7000 rw-p 00000000 00:00 0 
7f1e846f7000-7f1e846f8000 ---p 00000000 00:00 0 
7f1e846f8000-7f1e847f9000 rw-p 00000000 00:00 0 
7f1e847f9000-7f1e847fd000 ---p 00000000 00:00 0 
7f1e847fd000-7f1e848fa000 rw-p 00000000 00:00 0 
7f1e848fa000-7f1e848fe000 ---p 00000000 00:00 0 
7f1e848fe000-7f1e849fb000 rw-p 00000000 00:00 0 
7f1e849fb000-7f1e849ff000 ---p 00000000 00:00 0 
7f1e849ff000-7f1e84afc000 rw-p 00000000 00:00 0 
7f1e84afc000-7f1e84b00000 ---p 00000000 00:00 0 
7f1e84b00000-7f1e84bfd000 rw-p 00000000 00:00 0 
7f1e84bfd000-7f1e84c02000 r-xp 00000000 08:01 2636892                    /home/dmitry/Downloads/LOOM/loom/build/linux-x86_64-server-release/jdk/lib/libdt_socket.so
7f1e84c02000-7f1e84e01000 ---p 00005000 08:01 2636892                    /home/dmitry/Downloads/LOOM/loom/build/linux-x86_64-server-release/jdk/lib/libdt_socket.so
7f1e84e01000-7f1e84e02000 r--p 00004000 08:01 2636892                    /home/dmitry/Downloads/LOOM/loom/build/linux-x86_64-server-release/jdk/lib/libdt_socket.so
7f1e84e02000-7f1e84e03000 rw-p 00005000 08:01 2636892                    /home/dmitry/Downloads/LOOM/loom/build/linux-x86_64-server-release/jdk/lib/libdt_socket.so
7f1e84e03000-7f1e84e07000 ---p 00000000 00:00 0 
7f1e84e07000-7f1e84f04000 rw-p 00000000 00:00 0 
7f1e84f04000-7f1e84f1a000 r-xp 00000000 08:01 2636829                    /home/dmitry/Downloads/LOOM/loom/build/linux-x86_64-server-release/jdk/lib/libnet.so
7f1e84f1a000-7f1e8511a000 ---p 00016000 08:01 2636829                    /home/dmitry/Downloads/LOOM/loom/build/linux-x86_64-server-release/jdk/lib/libnet.so
7f1e8511a000-7f1e8511b000 r--p 00016000 08:01 2636829                    /home/dmitry/Downloads/LOOM/loom/build/linux-x86_64-server-release/jdk/lib/libnet.so
7f1e8511b000-7f1e8511c000 rw-p 00017000 08:01 2636829                    /home/dmitry/Downloads/LOOM/loom/build/linux-x86_64-server-release/jdk/lib/libnet.so
7f1e8511c000-7f1e8512d000 r-xp 00000000 08:01 2636831                    /home/dmitry/Downloads/LOOM/loom/build/linux-x86_64-server-release/jdk/lib/libnio.so
7f1e8512d000-7f1e8532c000 ---p 00011000 08:01 2636831                    /home/dmitry/Downloads/LOOM/loom/build/linux-x86_64-server-release/jdk/lib/libnio.so
7f1e8532c000-7f1e8532d000 r--p 00010000 08:01 2636831                    /home/dmitry/Downloads/LOOM/loom/build/linux-x86_64-server-release/jdk/lib/libnio.so
7f1e8532d000-7f1e8532e000 rw-p 00011000 08:01 2636831                    /home/dmitry/Downloads/LOOM/loom/build/linux-x86_64-server-release/jdk/lib/libnio.so
7f1e8532e000-7f1e85332000 ---p 00000000 00:00 0 
7f1e85332000-7f1e8542f000 rw-p 00000000 00:00 0 
7f1e8542f000-7f1e85433000 ---p 00000000 00:00 0 
7f1e85433000-7f1e85530000 rw-p 00000000 00:00 0 
7f1e85530000-7f1e85534000 ---p 00000000 00:00 0 
7f1e85534000-7f1e85631000 rw-p 00000000 00:00 0 
7f1e85631000-7f1e86000000 r--p 00000000 08:01 10230401                   /usr/lib/locale/locale-archive
7f1e86000000-7f1e88000000 rw-p 00000000 00:00 0 
7f1e88000000-7f1e88021000 rw-p 00000000 00:00 0 
7f1e88021000-7f1e8c000000 ---p 00000000 00:00 0 
7f1e8c000000-7f1e8c021000 rw-p 00000000 00:00 0 
7f1e8c021000-7f1e90000000 ---p 00000000 00:00 0 
7f1e90000000-7f1e90021000 rw-p 00000000 00:00 0 
7f1e90021000-7f1e94000000 ---p 00000000 00:00 0 
7f1e94061000-7f1e94092000 rw-p 00000000 00:00 0 
7f1e94092000-7f1e94096000 ---p 00000000 00:00 0 
7f1e94096000-7f1e94193000 rw-p 00000000 00:00 0 
7f1e94193000-7f1e94197000 ---p 00000000 00:00 0 
7f1e94197000-7f1e94294000 rw-p 00000000 00:00 0 
7f1e94294000-7f1e94298000 ---p 00000000 00:00 0 
7f1e94298000-7f1e94395000 rw-p 00000000 00:00 0 
7f1e94395000-7f1e94396000 ---p 00000000 00:00 0 
7f1e94396000-7f1e94bf3000 rw-p 00000000 00:00 0 
7f1e94bf3000-7f1e94d73000 ---p 00000000 00:00 0 
7f1e94d73000-7f1e94d74000 ---p 00000000 00:00 0 
7f1e94d74000-7f1e94e75000 rw-p 00000000 00:00 0 
7f1e94e75000-7f1e94e76000 ---p 00000000 00:00 0 
7f1e94e76000-7f1e9537b000 rw-p 00000000 00:00 0 
7f1e9537b000-7f1e9537c000 ---p 00000000 00:00 0 
7f1e9537c000-7f1e9547d000 rw-p 00000000 00:00 0 
7f1e9547d000-7f1e9547e000 ---p 00000000 00:00 0 
7f1e9547e000-7f1e9557f000 rw-p 00000000 00:00 0 
7f1e9557f000-7f1e95580000 ---p 00000000 00:00 0 
7f1e95580000-7f1e957c1000 rw-p 00000000 00:00 0 
7f1e957c1000-7f1e96a81000 ---p 00000000 00:00 0 
7f1e96a81000-7f1e96bc1000 rw-p 00000000 00:00 0 
7f1e96bc1000-7f1e97e81000 ---p 00000000 00:00 0 
7f1e97e81000-7f1e97ea9000 rw-p 00000000 00:00 0 
7f1e97ea9000-7f1e98101000 ---p 00000000 00:00 0 
7f1e98101000-7f1e98129000 rw-p 00000000 00:00 0 
7f1e98129000-7f1e98381000 ---p 00000000 00:00 0 
7f1e98381000-7f1e983a9000 rw-p 00000000 00:00 0 
7f1e983a9000-7f1e98601000 ---p 00000000 00:00 0 
7f1e98601000-7f1e98a0a000 rw-p 00000000 00:00 0 
7f1e98a0a000-7f1e98af0000 ---p 00000000 00:00 0 
7f1e98af0000-7f1e98af5000 rw-p 00000000 00:00 0 
7f1e98af5000-7f1e98bdb000 ---p 00000000 00:00 0 
7f1e98bdb000-7f1e98e4b000 rwxp 00000000 00:00 0 
7f1e98e4b000-7f1e9916b000 ---p 00000000 00:00 0 
7f1e9916b000-7f1e993db000 rwxp 00000000 00:00 0 
7f1e993db000-7f1ea06a3000 ---p 00000000 00:00 0 
7f1ea06a3000-7f1ea0913000 rwxp 00000000 00:00 0 
7f1ea0913000-7f1ea7bdb000 ---p 00000000 00:00 0 
7f1ea7bdb000-7f1ea7bf6000 r-xp 00000000 08:01 2636824                    /home/dmitry/Downloads/LOOM/loom/build/linux-x86_64-server-release/jdk/lib/libjimage.so
7f1ea7bf6000-7f1ea7df5000 ---p 0001b000 08:01 2636824                    /home/dmitry/Downloads/LOOM/loom/build/linux-x86_64-server-release/jdk/lib/libjimage.so
7f1ea7df5000-7f1ea7df7000 r--p 0001a000 08:01 2636824                    /home/dmitry/Downloads/LOOM/loom/build/linux-x86_64-server-release/jdk/lib/libjimage.so
7f1ea7df7000-7f1ea7df8000 rw-p 0001c000 08:01 2636824                    /home/dmitry/Downloads/LOOM/loom/build/linux-x86_64-server-release/jdk/lib/libjimage.so
7f1ea7df8000-7f1ea7dff000 r-xp 00000000 08:01 2636825                    /home/dmitry/Downloads/LOOM/loom/build/linux-x86_64-server-release/jdk/lib/libzip.so
7f1ea7dff000-7f1ea7ffe000 ---p 00007000 08:01 2636825                    /home/dmitry/Downloads/LOOM/loom/build/linux-x86_64-server-release/jdk/lib/libzip.so
7f1ea7ffe000-7f1ea7fff000 r--p 00006000 08:01 2636825                    /home/dmitry/Downloads/LOOM/loom/build/linux-x86_64-server-release/jdk/lib/libzip.so
7f1ea7fff000-7f1ea8000000 rw-p 00007000 08:01 2636825                    /home/dmitry/Downloads/LOOM/loom/build/linux-x86_64-server-release/jdk/lib/libzip.so
7f1ea8000000-7f1ea82dc000 rw-p 00000000 00:00 0 
7f1ea82dc000-7f1eac000000 ---p 00000000 00:00 0 
7f1eac02c000-7f1eac037000 r-xp 00000000 08:01 1184572                    /lib/x86_64-linux-gnu/libnss_files-2.27.so
7f1eac037000-7f1eac236000 ---p 0000b000 08:01 1184572                    /lib/x86_64-linux-gnu/libnss_files-2.27.so
7f1eac236000-7f1eac237000 r--p 0000a000 08:01 1184572                    /lib/x86_64-linux-gnu/libnss_files-2.27.so
7f1eac237000-7f1eac238000 rw-p 0000b000 08:01 1184572                    /lib/x86_64-linux-gnu/libnss_files-2.27.so
7f1eac238000-7f1eac23e000 rw-p 00000000 00:00 0 
7f1eac23e000-7f1eac255000 r-xp 00000000 08:01 1184566                    /lib/x86_64-linux-gnu/libnsl-2.27.so
7f1eac255000-7f1eac454000 ---p 00017000 08:01 1184566                    /lib/x86_64-linux-gnu/libnsl-2.27.so
7f1eac454000-7f1eac455000 r--p 00016000 08:01 1184566                    /lib/x86_64-linux-gnu/libnsl-2.27.so
7f1eac455000-7f1eac456000 rw-p 00017000 08:01 1184566                    /lib/x86_64-linux-gnu/libnsl-2.27.so
7f1eac456000-7f1eac458000 rw-p 00000000 00:00 0 
7f1eac458000-7f1eac463000 r-xp 00000000 08:01 1184583                    /lib/x86_64-linux-gnu/libnss_nis-2.27.so
7f1eac463000-7f1eac662000 ---p 0000b000 08:01 1184583                    /lib/x86_64-linux-gnu/libnss_nis-2.27.so
7f1eac662000-7f1eac663000 r--p 0000a000 08:01 1184583                    /lib/x86_64-linux-gnu/libnss_nis-2.27.so
7f1eac663000-7f1eac664000 rw-p 0000b000 08:01 1184583                    /lib/x86_64-linux-gnu/libnss_nis-2.27.so
7f1eac664000-7f1eac66c000 r-xp 00000000 08:01 1184568                    /lib/x86_64-linux-gnu/libnss_compat-2.27.so
7f1eac66c000-7f1eac86c000 ---p 00008000 08:01 1184568                    /lib/x86_64-linux-gnu/libnss_compat-2.27.so
7f1eac86c000-7f1eac86d000 r--p 00008000 08:01 1184568                    /lib/x86_64-linux-gnu/libnss_compat-2.27.so
7f1eac86d000-7f1eac86e000 rw-p 00009000 08:01 1184568                    /lib/x86_64-linux-gnu/libnss_compat-2.27.so
7f1eac86e000-7f1eac8aa000 r-xp 00000000 08:01 2636893                    /home/dmitry/Downloads/LOOM/loom/build/linux-x86_64-server-release/jdk/lib/libjdwp.so
7f1eac8aa000-7f1eacaa9000 ---p 0003c000 08:01 2636893                    /home/dmitry/Downloads/LOOM/loom/build/linux-x86_64-server-release/jdk/lib/libjdwp.so
7f1eacaa9000-7f1eacaaa000 r--p 0003b000 08:01 2636893                    /home/dmitry/Downloads/LOOM/loom/build/linux-x86_64-server-release/jdk/lib/libjdwp.so
7f1eacaaa000-7f1eacaab000 rw-p 0003c000 08:01 2636893                    /home/dmitry/Downloads/LOOM/loom/build/linux-x86_64-server-release/jdk/lib/libjdwp.so
7f1eacaab000-7f1eacaac000 rw-p 00000000 00:00 0 
7f1eacaac000-7f1eacad4000 r-xp 00000000 08:01 2636823                    /home/dmitry/Downloads/LOOM/loom/build/linux-x86_64-server-release/jdk/lib/libjava.so
7f1eacad4000-7f1eaccd4000 ---p 00028000 08:01 2636823                    /home/dmitry/Downloads/LOOM/loom/build/linux-x86_64-server-release/jdk/lib/libjava.so
7f1eaccd4000-7f1eaccd5000 r--p 00028000 08:01 2636823                    /home/dmitry/Downloads/LOOM/loom/build/linux-x86_64-server-release/jdk/lib/libjava.so
7f1eaccd5000-7f1eaccd7000 rw-p 00029000 08:01 2636823                    /home/dmitry/Downloads/LOOM/loom/build/linux-x86_64-server-release/jdk/lib/libjava.so
7f1eaccd7000-7f1eacce4000 r-xp 00000000 08:01 2636817                    /home/dmitry/Downloads/LOOM/loom/build/linux-x86_64-server-release/jdk/lib/libverify.so
7f1eacce4000-7f1eacee3000 ---p 0000d000 08:01 2636817                    /home/dmitry/Downloads/LOOM/loom/build/linux-x86_64-server-release/jdk/lib/libverify.so
7f1eacee3000-7f1eacee5000 r--p 0000c000 08:01 2636817                    /home/dmitry/Downloads/LOOM/loom/build/linux-x86_64-server-release/jdk/lib/libverify.so
7f1eacee5000-7f1eacee6000 rw-p 0000e000 08:01 2636817                    /home/dmitry/Downloads/LOOM/loom/build/linux-x86_64-server-release/jdk/lib/libverify.so
7f1eacee6000-7f1ead083000 r-xp 00000000 08:01 1184545                    /lib/x86_64-linux-gnu/libm-2.27.so
7f1ead083000-7f1ead282000 ---p 0019d000 08:01 1184545                    /lib/x86_64-linux-gnu/libm-2.27.so
7f1ead282000-7f1ead283000 r--p 0019c000 08:01 1184545                    /lib/x86_64-linux-gnu/libm-2.27.so
7f1ead283000-7f1ead284000 rw-p 0019d000 08:01 1184545                    /lib/x86_64-linux-gnu/libm-2.27.so
7f1ead284000-7f1eae5ad000 r-xp 00000000 08:01 3420264                    /home/dmitry/Downloads/LOOM/loom/build/linux-x86_64-server-release/jdk/lib/server/libjvm.so
7f1eae5ad000-7f1eae7ad000 ---p 01329000 08:01 3420264                    /home/dmitry/Downloads/LOOM/loom/build/linux-x86_64-server-release/jdk/lib/server/libjvm.so
7f1eae7ad000-7f1eae874000 r--p 01329000 08:01 3420264                    /home/dmitry/Downloads/LOOM/loom/build/linux-x86_64-server-release/jdk/lib/server/libjvm.so
7f1eae874000-7f1eae8af000 rw-p 013f0000 08:01 3420264                    /home/dmitry/Downloads/LOOM/loom/build/linux-x86_64-server-release/jdk/lib/server/libjvm.so
7f1eae8af000-7f1eae935000 rw-p 00000000 00:00 0 
7f1eae935000-7f1eae94f000 r-xp 00000000 08:01 1184615                    /lib/x86_64-linux-gnu/libpthread-2.27.so
7f1eae94f000-7f1eaeb4e000 ---p 0001a000 08:01 1184615                    /lib/x86_64-linux-gnu/libpthread-2.27.so
7f1eaeb4e000-7f1eaeb4f000 r--p 00019000 08:01 1184615                    /lib/x86_64-linux-gnu/libpthread-2.27.so
7f1eaeb4f000-7f1eaeb50000 rw-p 0001a000 08:01 1184615                    /lib/x86_64-linux-gnu/libpthread-2.27.so
7f1eaeb50000-7f1eaeb54000 rw-p 00000000 00:00 0 
7f1eaeb54000-7f1eaeb57000 r-xp 00000000 08:01 1184505                    /lib/x86_64-linux-gnu/libdl-2.27.so
7f1eaeb57000-7f1eaed56000 ---p 00003000 08:01 1184505                    /lib/x86_64-linux-gnu/libdl-2.27.so
7f1eaed56000-7f1eaed57000 r--p 00002000 08:01 1184505                    /lib/x86_64-linux-gnu/libdl-2.27.so
7f1eaed57000-7f1eaed58000 rw-p 00003000 08:01 1184505                    /lib/x86_64-linux-gnu/libdl-2.27.so
7f1eaed58000-7f1eaed74000 r-xp 00000000 08:01 1184654                    /lib/x86_64-linux-gnu/libz.so.1.2.11
7f1eaed74000-7f1eaef73000 ---p 0001c000 08:01 1184654                    /lib/x86_64-linux-gnu/libz.so.1.2.11
7f1eaef73000-7f1eaef74000 r--p 0001b000 08:01 1184654                    /lib/x86_64-linux-gnu/libz.so.1.2.11
7f1eaef74000-7f1eaef75000 rw-p 0001c000 08:01 1184654                    /lib/x86_64-linux-gnu/libz.so.1.2.11
7f1eaef75000-7f1eaf15c000 r-xp 00000000 08:01 1184482                    /lib/x86_64-linux-gnu/libc-2.27.so
7f1eaf15c000-7f1eaf35c000 ---p 001e7000 08:01 1184482                    /lib/x86_64-linux-gnu/libc-2.27.so
7f1eaf35c000-7f1eaf360000 r--p 001e7000 08:01 1184482                    /lib/x86_64-linux-gnu/libc-2.27.so
7f1eaf360000-7f1eaf362000 rw-p 001eb000 08:01 1184482                    /lib/x86_64-linux-gnu/libc-2.27.so
7f1eaf362000-7f1eaf366000 rw-p 00000000 00:00 0 
7f1eaf366000-7f1eaf376000 r-xp 00000000 08:01 2636819                    /home/dmitry/Downloads/LOOM/loom/build/linux-x86_64-server-release/jdk/lib/libjli.so
7f1eaf376000-7f1eaf575000 ---p 00010000 08:01 2636819                    /home/dmitry/Downloads/LOOM/loom/build/linux-x86_64-server-release/jdk/lib/libjli.so
7f1eaf575000-7f1eaf576000 r--p 0000f000 08:01 2636819                    /home/dmitry/Downloads/LOOM/loom/build/linux-x86_64-server-release/jdk/lib/libjli.so
7f1eaf576000-7f1eaf577000 rw-p 00010000 08:01 2636819                    /home/dmitry/Downloads/LOOM/loom/build/linux-x86_64-server-release/jdk/lib/libjli.so
7f1eaf577000-7f1eaf59e000 r-xp 00000000 08:01 1184454                    /lib/x86_64-linux-gnu/ld-2.27.so
7f1eaf5cb000-7f1eaf67e000 rw-p 00000000 00:00 0 
7f1eaf67e000-7f1eaf685000 ---p 00000000 00:00 0 
7f1eaf685000-7f1eaf689000 ---p 00000000 00:00 0 
7f1eaf689000-7f1eaf788000 rw-p 00000000 00:00 0 
7f1eaf78a000-7f1eaf791000 r--s 00000000 08:01 10488549                   /usr/lib/x86_64-linux-gnu/gconv/gconv-modules.cache
7f1eaf791000-7f1eaf799000 rw-s 00000000 08:01 524334                     /tmp/hsperfdata_dmitry/21025
7f1eaf799000-7f1eaf79a000 ---p 00000000 00:00 0 
7f1eaf79a000-7f1eaf79b000 r--p 00000000 00:00 0 
7f1eaf79b000-7f1eaf79c000 ---p 00000000 00:00 0 
7f1eaf79c000-7f1eaf79e000 rw-p 00000000 00:00 0 
7f1eaf79e000-7f1eaf79f000 r--p 00027000 08:01 1184454                    /lib/x86_64-linux-gnu/ld-2.27.so
7f1eaf79f000-7f1eaf7a0000 rw-p 00028000 08:01 1184454                    /lib/x86_64-linux-gnu/ld-2.27.so
7f1eaf7a0000-7f1eaf7a1000 rw-p 00000000 00:00 0 
7fffbea6c000-7fffbea8f000 rw-p 00000000 00:00 0                          [stack]
7fffbeaba000-7fffbeabd000 r--p 00000000 00:00 0                          [vvar]
7fffbeabd000-7fffbeabf000 r-xp 00000000 00:00 0                          [vdso]
ffffffffff600000-ffffffffff601000 r-xp 00000000 00:00 0                  [vsyscall]


VM Arguments:
jvm_args: -agentlib:jdwp=transport=dt_socket,address=127.0.0.1:23683,suspend=y,server=n -Dfile.encoding=UTF-8 
java_command: Main
java_class_path (initial): /home/dmitry/Downloads/LOOM/loom/build/linux-x86_64-server-release/jdk/modules/java.base:/home/dmitry/Downloads/LOOM/loom/build/linux-x86_64-server-release/jdk/modules/java.compiler:/home/dmitry/Downloads/LOOM/loom/build/linux-x86_64-server-release/jdk/modules/java.datatransfer:/home/dmitry/Downloads/LOOM/loom/build/linux-x86_64-server-release/jdk/modules/java.desktop:/home/dmitry/Downloads/LOOM/loom/build/linux-x86_64-server-release/jdk/modules/java.instrument:/home/dmitry/Downloads/LOOM/loom/build/linux-x86_64-server-release/jdk/modules/java.logging:/home/dmitry/Downloads/LOOM/loom/build/linux-x86_64-server-release/jdk/modules/java.management:/home/dmitry/Downloads/LOOM/loom/build/linux-x86_64-server-release/jdk/modules/java.management.rmi:/home/dmitry/Downloads/LOOM/loom/build/linux-x86_64-server-release/jdk/modules/java.naming:/home/dmitry/Downloads/LOOM/loom/build/linux-x86_64-server-release/jdk/modules/java.net.http:/home/dmitry/Downloads/LOOM/loom/build/linux-x86_64-server-release/jdk/modules/java.prefs:/home/dmitry/Downloads/LOOM/loom/build/linux-x86_64-server-release/jdk/modules/java.rmi:/home/dmitry/Downloads/LOOM/loom/build/linux-x86_64-server-release/jdk/modules/java.scripting:/home/dmitry/Downloads/LOOM/loom/build/linux-x86_64-server-release/jdk/modules/java.se:/home/dmitry/Downloads/LOOM/loom/build/linux-x86_64-server-release/jdk/modules/java.security.jgss:/home/dmitry/Downloads/LOOM/loom/build/linux-x86_64-server-release/jdk/modules/java.security.sasl:/home/dmitry/Downloads/LOOM/loom/build/linux-x86_64-server-release/jdk/modules/java.smartcardio:/home/dmitry/Downloads/LOOM/loom/build/linux-x86_64-server-release/jdk/modules/java.sql:/home/dmitry/Downloads/LOOM/loom/build/linux-x86_64-server-release/jdk/modules/java.sql.rowset:/home/dmitry/Downloads/LOOM/loom/build/linux-x86_64-server-release/jdk/modules/java.transaction.xa:/home/dmitry/Downloads/LOOM/loom/build/linux-x86_64-server-release/jdk/modules/java.xml:/home/dmitry/D
Launcher Type: SUN_STANDARD

[Global flags]
     intx CICompilerCount                          = 3                                         {product} {ergonomic}
     uint ConcGCThreads                            = 1                                         {product} {ergonomic}
     uint G1ConcRefinementThreads                  = 4                                         {product} {ergonomic}
   size_t G1HeapRegionSize                         = 1048576                                   {product} {ergonomic}
    uintx GCDrainStackTargetSize                   = 64                                        {product} {ergonomic}
   size_t InitialHeapSize                          = 83886080                                  {product} {ergonomic}
   size_t MarkStackSize                            = 4194304                                   {product} {ergonomic}
   size_t MaxHeapSize                              = 1342177280                                {product} {ergonomic}
   size_t MaxNewSize                               = 805306368                                 {product} {ergonomic}
   size_t MinHeapDeltaBytes                        = 1048576                                   {product} {ergonomic}
    uintx NonNMethodCodeHeapSize                   = 5830732                                {pd product} {ergonomic}
    uintx NonProfiledCodeHeapSize                  = 122913754                              {pd product} {ergonomic}
    uintx ProfiledCodeHeapSize                     = 122913754                              {pd product} {ergonomic}
    uintx ReservedCodeCacheSize                    = 251658240                              {pd product} {ergonomic}
     bool SegmentedCodeCache                       = true                                      {product} {ergonomic}
     bool UseCompressedClassPointers               = true                                 {lp64_product} {ergonomic}
     bool UseCompressedOops                        = true                                 {lp64_product} {ergonomic}
     bool UseG1GC                                  = true                                      {product} {ergonomic}

Logging:
Log output configuration:
 #0: stdout all=warning uptime,level,tags
 #1: stderr all=off uptime,level,tags

Environment Variables:
JAVA_HOME=/home/dmitry/usr/local/java/jdk1.8.0
PATH=/bin:/bin:/usr/local/sbin:/usr/local/bin:/usr/sbin:/usr/bin:/sbin:/bin:/usr/games:/usr/local/games:/snap/bin
USERNAME=dmitry
SHELL=/bin/bash
DISPLAY=:0

Signal Handlers:
SIGSEGV: [libjvm.so+0xfe1b80], sa_mask[0]=11111111011111111101111111111110, sa_flags=SA_RESTART|SA_SIGINFO
SIGBUS: [libjvm.so+0xfe1b80], sa_mask[0]=11111111011111111101111111111110, sa_flags=SA_RESTART|SA_SIGINFO
SIGFPE: [libjvm.so+0xfe1b80], sa_mask[0]=11111111011111111101111111111110, sa_flags=SA_RESTART|SA_SIGINFO
SIGPIPE: [libjvm.so+0xc7f400], sa_mask[0]=11111111011111111101111111111110, sa_flags=SA_RESTART|SA_SIGINFO
SIGXFSZ: [libjvm.so+0xc7f400], sa_mask[0]=11111111011111111101111111111110, sa_flags=SA_RESTART|SA_SIGINFO
SIGILL: [libjvm.so+0xfe1b80], sa_mask[0]=11111111011111111101111111111110, sa_flags=SA_RESTART|SA_SIGINFO
SIGUSR2: [libjvm.so+0xc7f2a0], sa_mask[0]=00100000000000000000000000000000, sa_flags=SA_RESTART|SA_SIGINFO
SIGHUP: [libjvm.so+0xc7f8a0], sa_mask[0]=11111111011111111101111111111110, sa_flags=SA_RESTART|SA_SIGINFO
SIGINT: [libjvm.so+0xc7f8a0], sa_mask[0]=11111111011111111101111111111110, sa_flags=SA_RESTART|SA_SIGINFO
SIGTERM: [libjvm.so+0xc7f8a0], sa_mask[0]=11111111011111111101111111111110, sa_flags=SA_RESTART|SA_SIGINFO
SIGQUIT: [libjvm.so+0xc7f8a0], sa_mask[0]=11111111011111111101111111111110, sa_flags=SA_RESTART|SA_SIGINFO


---------------  S Y S T E M  ---------------

OS:DISTRIB_ID=Ubuntu
DISTRIB_RELEASE=18.04
DISTRIB_CODENAME=bionic
DISTRIB_DESCRIPTION="Ubuntu 18.04.2 LTS"
uname:Linux 4.18.0-20-generic #21~18.04.1-Ubuntu SMP Wed May 8 08:43:37 UTC 2019 x86_64
libc:glibc 2.27 NPTL 2.27 
rlimit: STACK 8192k, CORE 0k, NPROC 20273, NOFILE 4096, AS infinity, DATA infinity, FSIZE infinity
load average:0,73 1,08 1,53

/proc/meminfo:
MemTotal:        5234996 kB
MemFree:          153052 kB
MemAvailable:    1710388 kB
Buffers:           83008 kB
Cached:          1755036 kB
SwapCached:        78848 kB
Active:          3201756 kB
Inactive:        1595944 kB
Active(anon):    2363344 kB
Inactive(anon):   730852 kB
Active(file):     838412 kB
Inactive(file):   865092 kB
Unevictable:          32 kB
Mlocked:              32 kB
SwapTotal:       2097148 kB
SwapFree:        1280508 kB
Dirty:             10372 kB
Writeback:             0 kB
AnonPages:       2929300 kB
Mapped:           357148 kB
Shmem:            134556 kB
Slab:             166880 kB
SReclaimable:     121776 kB
SUnreclaim:        45104 kB
KernelStack:       11600 kB
PageTables:        41716 kB
NFS_Unstable:          0 kB
Bounce:                0 kB
WritebackTmp:          0 kB
CommitLimit:     4714644 kB
Committed_AS:    6989020 kB
VmallocTotal:   34359738367 kB
VmallocUsed:           0 kB
VmallocChunk:          0 kB
HardwareCorrupted:     0 kB
AnonHugePages:         0 kB
ShmemHugePages:        0 kB
ShmemPmdMapped:        0 kB
CmaTotal:              0 kB
CmaFree:               0 kB
HugePages_Total:       0
HugePages_Free:        0
HugePages_Rsvd:        0
HugePages_Surp:        0
Hugepagesize:       2048 kB
Hugetlb:               0 kB
DirectMap4k:      167872 kB
DirectMap2M:     5242880 kB


/proc/sys/kernel/threads-max (system-wide limit on the number of threads):
40547


/proc/sys/vm/max_map_count (maximum number of memory map areas a process may have):
65530


/proc/sys/kernel/pid_max (system-wide limit on number of process identifiers):
32768



container (cgroup) information:
container_type: cgroupv1
cpu_cpuset_cpus: 0-3
cpu_memory_nodes: 0
active_processor_count: 4
cpu_quota: no quota
cpu_period: 100000
cpu_shares: no shares
memory_limit_in_bytes: unlimited
memory_and_swap_limit_in_bytes: not supported
memory_soft_limit_in_bytes: unlimited
memory_usage_in_bytes: 4904767488
memory_max_usage_in_bytes: 25071616

KVM virtualization detected
Steal ticks since vm start: 0
Steal ticks percentage since vm start:  0,000

CPU:total 4 (initial active 4) (4 cores per cpu, 1 threads per core) family 6 model 60 stepping 3, cmov, cx8, fxsr, mmx, sse, sse2, sse3, ssse3, sse4.1, sse4.2, popcnt, avx, avx2, aes, clmul, lzcnt, tsc, tscinvbit
CPU Model and flags from /proc/cpuinfo:
model name	: Intel(R) Core(TM) i7-4700HQ CPU @ 2.40GHz
flags		: fpu vme de pse tsc msr pae mce cx8 apic sep mtrr pge mca cmov pat pse36 clflush mmx fxsr sse sse2 ht syscall nx rdtscp lm constant_tsc rep_good nopl xtopology nonstop_tsc cpuid tsc_known_freq pni pclmulqdq ssse3 cx16 pcid sse4_1 sse4_2 x2apic movbe popcnt aes xsave avx rdrand hypervisor lahf_lm abm invpcid_single pti fsgsbase avx2 invpcid flush_l1d

Memory: 4k page, physical 5234996k(153052k free), swap 2097148k(1280508k free)

vm_info: OpenJDK 64-Bit Server VM (13-internal+0-adhoc.dmitry.loom) for linux-amd64 JRE (13-internal+0-adhoc.dmitry.loom), built on May 18 2019 18:34:23 by "dmitry" with gcc 7.4.0

END.
