#
# A fatal error has been detected by the Java Runtime Environment:
#
#  SIGSEGV (0xb) at pc=0x00007f260411fb6a, pid=20693, tid=20729
#
# JRE version: OpenJDK Runtime Environment (13.0) (build 13-internal+0-adhoc.dmitry.loom)
# Java VM: OpenJDK 64-Bit Server VM (13-internal+0-adhoc.dmitry.loom, mixed mode, tiered, compressed oops, g1 gc, linux-amd64)
# Problematic frame:
# V  [libjvm.so+0x683b6a]  ContMirror::read()+0x1a
#
# Core dump will be written. Default location: Core dumps may be processed with "/usr/share/apport/apport %p %s %c %d %P" (or dumping to /home/dmitry/Downloads/LoadDetector/core.20693)
#
# If you would like to submit a bug report, please visit:
#   http://bugreport.java.com/bugreport/crash.jsp
#

---------------  S U M M A R Y ------------

Command Line: -Didea.launcher.port=10449 -Didea.launcher.bin.path=/home/dmitry/Downloads/idea-IC-183.5912.21/bin -Dfile.encoding=UTF-8 com.intellij.rt.execution.application.AppMainV2 Main

Host: Intel(R) Core(TM) i7-4700HQ CPU @ 2.40GHz, 4 cores, 4G, Ubuntu 18.04.2 LTS
Time: Sun May 19 00:54:35 2019 MSK elapsed time: 2 seconds (0d 0h 0m 2s)

---------------  T H R E A D  ---------------

Current thread (0x00007f25fc2b2000):  JavaThread "Thread-1" [_thread_in_vm, id=20729, stack(0x00007f25c3199000,0x00007f25c329a000)]

Stack: [0x00007f25c3199000,0x00007f25c329a000],  sp=0x00007f25c32961c0,  free space=1012k
Native frames: (J=compiled Java code, A=aot compiled Java code, j=interpreted, Vv=VM code, C=native code)
V  [libjvm.so+0x683b6a]  ContMirror::read()+0x1a
V  [libjvm.so+0x689217]  Continuation::freeze0(JavaThread*, FrameInfo*, bool) [clone .part.305]+0x507
V  [libjvm.so+0x689957]  Continuation::freeze(JavaThread*, FrameInfo*)+0x127
v  ~RuntimeStub::cont_doYield
C  0x00007f25c3298848
j  java.lang.Continuation.yield(Ljava/lang/Continuation;)Z+6 java.base
j  Main.lambda$main$1(Ljava/lang/Continuation;Ljava/lang/Thread;)V+20
j  Main$$Lambda$40.run()V+8
j  java.lang.Thread.run()V+11 java.base
v  ~StubRoutines::call_stub
V  [libjvm.so+0x8bcbd9]  JavaCalls::call_helper(JavaValue*, methodHandle const&, JavaCallArguments*, Thread*)+0x3c9
V  [libjvm.so+0x8babf5]  JavaCalls::call_virtual(JavaValue*, Handle, Klass*, Symbol*, Symbol*, Thread*)+0x1e5
V  [libjvm.so+0x96580c]  thread_entry(JavaThread*, Thread*)+0x6c
V  [libjvm.so+0xf71a42]  JavaThread::run()+0x232
V  [libjvm.so+0xf6f7bd]  Thread::call_run()+0x10d
V  [libjvm.so+0xc89b27]  thread_native_entry(Thread*)+0xe7

Java frames: (J=compiled Java code, j=interpreted, Vv=VM code)
v  ~RuntimeStub::cont_doYield
j  java.lang.Continuation.yield0(Ljava/lang/ContinuationScope;Ljava/lang/Continuation;)Z+60 java.base
j  java.lang.Continuation.yield(Ljava/lang/Continuation;)Z+6 java.base
j  Main.lambda$main$1(Ljava/lang/Continuation;Ljava/lang/Thread;)V+20
j  Main$$Lambda$40.run()V+8
j  java.lang.Thread.run()V+11 java.base
v  ~StubRoutines::call_stub

siginfo: si_signo: 11 (SIGSEGV), si_code: 1 (SEGV_MAPERR), si_addr: 0x0000000000000020

Register to memory mapping:

RAX=0x0000000000000020 is an unknown value
RBX=0x00007f25c3297560 is pointing into the stack for thread: 0x00007f25fc2b2000
RCX=0x00007f25ed013c98 is pointing into interpreter code (not bytecode specific)
RDX=0x00007f2605117af8: <offset 0x000000000167baf8> in /home/dmitry/Downloads/LOOM/loom/build/linux-x86_64-server-release/jdk/lib/server/libjvm.so at 0x00007f2603a9c000
RSP=0x00007f25c32961c0 is pointing into the stack for thread: 0x00007f25fc2b2000
RBP=0x00007f25c32961d0 is pointing into the stack for thread: 0x00007f25fc2b2000
RSI=0x00007f25c3298848 is pointing into the stack for thread: 0x00007f25fc2b2000
RDI=0x0 is NULL
R8 =0x00007f25ed000000 points into unknown readable memory: 04 00 00 00 00 00 00 00
R9 =0x000000000000000b is an unknown value
R10=0x0000000000000800 is an unknown value
R11=0x0000000000000400 is an unknown value
R12=0x00007f25bc0220d0 points into unknown readable memory: 00 00 00 00 00 00 00 00
R13=0x00007f25c3297560 is pointing into the stack for thread: 0x00007f25fc2b2000
R14=0x00007f25c3298820 is pointing into the stack for thread: 0x00007f25fc2b2000
R15=0x00007f25fc2b6b20 points into unknown readable memory: 02 00 00 00 00 00 00 00


Registers:
RAX=0x0000000000000020, RBX=0x00007f25c3297560, RCX=0x00007f25ed013c98, RDX=0x00007f2605117af8
RSP=0x00007f25c32961c0, RBP=0x00007f25c32961d0, RSI=0x00007f25c3298848, RDI=0x0000000000000000
R8 =0x00007f25ed000000, R9 =0x000000000000000b, R10=0x0000000000000800, R11=0x0000000000000400
R12=0x00007f25bc0220d0, R13=0x00007f25c3297560, R14=0x00007f25c3298820, R15=0x00007f25fc2b6b20
RIP=0x00007f260411fb6a, EFLAGS=0x0000000000010206, CSGSFS=0x002b000000000033, ERR=0x0000000000000004
  TRAPNO=0x000000000000000e

Top of Stack: (sp=0x00007f25c32961c0)
0x00007f25c32961c0:   00007f25ed0169b0 00007f25fc2b2000
0x00007f25c32961d0:   00007f25c32987d0 00007f2604125217
0x00007f25c32961e0:   00007f25fc2b2000 00007f25c32962e0
0x00007f25c32961f0:   0000000000000000 00007f26051151c0 

Instructions: (pc=0x00007f260411fb6a)
0x00007f260411fa6a:   08 48 63 00 89 0c 02 48 8d 05 1c b8 fd 00 48 8b
0x00007f260411fa7a:   4b 30 48 8b 53 08 48 63 00 48 89 0c 02 48 8d 05
0x00007f260411fa8a:   fe b7 fd 00 48 8b 53 08 48 8b 4b 38 48 63 00 48
0x00007f260411fa9a:   89 0c 02 48 8d 05 e4 b7 fd 00 8b 4b 60 48 8b 53
0x00007f260411faaa:   08 48 63 00 89 0c 02 48 8d 05 e8 b7 fd 00 48 8b
0x00007f260411faba:   53 08 48 8b 4b 10 48 63 00 48 89 0c 02 48 8d 05
0x00007f260411faca:   ce b7 fd 00 48 8b 4b 18 48 8b 53 08 48 63 00 48
0x00007f260411fada:   89 0c 02 48 8d 05 b4 b7 fd 00 48 63 00 48 8b 53
0x00007f260411faea:   08 48 8b 4b 20 48 89 0c 02 48 8d 05 be b7 fd 00
0x00007f260411fafa:   48 8b 53 08 48 8b 4b 58 48 63 00 89 0c 02 48 8d
0x00007f260411fb0a:   05 71 b7 fd 00 0f b6 4b 70 48 8b 53 08 48 63 00
0x00007f260411fb1a:   88 0c 02 48 8d 05 90 b7 fd 00 0f b7 4b 74 48 8b
0x00007f260411fb2a:   53 08 48 63 00 66 89 0c 02 48 8d 05 76 b7 fd 00
0x00007f260411fb3a:   0f b7 4b 72 48 8b 53 08 48 63 00 66 89 0c 02 48
0x00007f260411fb4a:   83 c4 08 5b 5d c3 55 48 89 e5 53 48 89 fb 48 83
0x00007f260411fb5a:   ec 08 48 8d 05 3d b7 fd 00 48 8b 7f 08 48 63 00
0x00007f260411fb6a:   48 8b 04 38 48 89 43 10 48 8d 05 23 b7 fd 00 48
0x00007f260411fb7a:   63 00 48 8b 04 38 48 89 43 18 48 8d 05 0d b7 fd
0x00007f260411fb8a:   00 48 63 00 48 8b 04 38 48 89 43 20 48 8d 05 f3
0x00007f260411fb9a:   b6 fd 00 48 63 00 8b 04 38 89 43 28 48 8d 05 e7
0x00007f260411fbaa:   b6 fd 00 48 63 00 48 8b 04 38 48 89 43 30 48 8d
0x00007f260411fbba:   05 cd b6 fd 00 48 63 00 48 8b 04 38 48 89 43 38
0x00007f260411fbca:   48 8d 05 eb b6 fd 00 48 63 30 ff 15 66 14 f7 00
0x00007f260411fbda:   48 85 c0 48 89 43 40 0f 84 b9 01 00 00 48 8d 15
0x00007f260411fbea:   ae 9b fd 00 80 3a 01 48 19 c9 83 e1 04 80 3a 01
0x00007f260411fbfa:   8b 4c 08 0c 48 19 d2 89 4b 48 83 e2 08 48 8d 44
0x00007f260411fc0a:   10 10 48 89 43 50 48 8d 05 a1 b6 fd 00 48 8b 7b
0x00007f260411fc1a:   08 48 63 00 48 63 04 07 48 89 43 58 48 8d 05 7f
0x00007f260411fc2a:   b6 fd 00 48 63 30 ff 15 0a 14 f7 00 48 8d 15 4b
0x00007f260411fc3a:   b6 fd 00 48 89 43 68 48 8b 43 08 48 83 3d a3 80
0x00007f260411fc4a:   fb 00 00 48 63 12 8b 14 02 89 53 60 48 8d 15 23
0x00007f260411fc5a:   b6 fd 00 48 63 12 0f b6 14 02 88 53 70 48 8d 15 


Stack slot to memory mapping:
stack at sp + 0 slots: 0x00007f25ed0169b0 is at code_begin+1584 in an Interpreter codelet
invoke return entry points  [0x00007f25ed016380, 0x00007f25ed017540]  4544 bytes
stack at sp + 1 slots: 0x00007f25fc2b2000 is a thread
stack at sp + 2 slots: 0x00007f25c32987d0 is pointing into the stack for thread: 0x00007f25fc2b2000
stack at sp + 3 slots: 0x00007f2604125217: <offset 0x0000000000689217> in /home/dmitry/Downloads/LOOM/loom/build/linux-x86_64-server-release/jdk/lib/server/libjvm.so at 0x00007f2603a9c000
stack at sp + 4 slots: 0x00007f25fc2b2000 is a thread
stack at sp + 5 slots: 0x00007f25c32962e0 is pointing into the stack for thread: 0x00007f25fc2b2000
stack at sp + 6 slots: 0x0 is NULL
stack at sp + 7 slots: 0x00007f26051151c0: <offset 0x00000000016791c0> in /home/dmitry/Downloads/LOOM/loom/build/linux-x86_64-server-release/jdk/lib/server/libjvm.so at 0x00007f2603a9c000


---------------  P R O C E S S  ---------------

Threads class SMR info:
_java_thread_list=0x00007f25a8000b20, length=13, elements={
0x00007f25fc138800, 0x00007f25fc13b800, 0x00007f25fc15d800, 0x00007f25fc162800,
0x00007f25fc164800, 0x00007f25fc166000, 0x00007f25fc17f000, 0x00007f25fc295000,
0x00007f25fc2ab800, 0x00007f25fc2b2000, 0x00007f25fc016800, 0x00007f259c001800,
0x00007f25c8001000
}

Java Threads: ( => current thread )
  0x00007f25fc138800 JavaThread "Reference Handler" daemon [_thread_blocked, id=20710, stack(0x00007f25e8cf6000,0x00007f25e8df7000)]
  0x00007f25fc13b800 JavaThread "Finalizer" daemon [_thread_blocked, id=20711, stack(0x00007f25e8bf5000,0x00007f25e8cf6000)]
  0x00007f25fc15d800 JavaThread "Signal Dispatcher" daemon [_thread_blocked, id=20716, stack(0x00007f25e8125000,0x00007f25e8226000)]
  0x00007f25fc162800 JavaThread "C2 CompilerThread0" daemon [_thread_blocked, id=20717, stack(0x00007f25e8024000,0x00007f25e8125000)]
  0x00007f25fc164800 JavaThread "C1 CompilerThread0" daemon [_thread_blocked, id=20718, stack(0x00007f25c3eff000,0x00007f25c4000000)]
  0x00007f25fc166000 JavaThread "Sweeper thread" daemon [_thread_blocked, id=20719, stack(0x00007f25c3dfe000,0x00007f25c3eff000)]
  0x00007f25fc17f000 JavaThread "Common-Cleaner" daemon [_thread_blocked, id=20720, stack(0x00007f25c38a2000,0x00007f25c39a3000)]
  0x00007f25fc295000 JavaThread "Service Thread" daemon [_thread_blocked, id=20724, stack(0x00007f25c36a0000,0x00007f25c37a1000)]
  0x00007f25fc2ab800 JavaThread "Monitor Ctrl-Break" daemon [_thread_in_native, id=20726, stack(0x00007f25c349d000,0x00007f25c359e000)]
=>0x00007f25fc2b2000 JavaThread "Thread-1" [_thread_in_vm, id=20729, stack(0x00007f25c3199000,0x00007f25c329a000)]
  0x00007f25fc016800 JavaThread "DestroyJavaVM" [_thread_blocked, id=20697, stack(0x00007f2605e9d000,0x00007f2605f9e000)]
  0x00007f259c001800 JavaThread "Timer-0" [_thread_blocked, id=20731, stack(0x00007f25c2f97000,0x00007f25c3098000)]
  0x00007f25c8001000 JavaThread "Attach Listener" daemon [_thread_blocked, id=20732, stack(0x00007f25c3098000,0x00007f25c3199000)]

Other Threads:
  0x00007f25fc12c800 VMThread "VM Thread" [stack: 0x00007f25e8df9000,0x00007f25e8ef9000] [id=20707]
  0x00007f25fc29b000 WatcherThread [stack: 0x00007f25c35a0000,0x00007f25c36a0000] [id=20725]
  0x00007f25fc05a800 GCTaskThread "GC Thread#0" [stack: 0x00007f2600403000,0x00007f2600503000] [id=20701]
  0x00007f25fc064000 ConcurrentGCThread "G1 Main Marker" [stack: 0x00007f2600301000,0x00007f2600401000] [id=20702]
  0x00007f25fc066000 ConcurrentGCThread "G1 Conc#0" [stack: 0x00007f26001ff000,0x00007f26002ff000] [id=20703]
  0x00007f25fc0ba000 ConcurrentGCThread "G1 Refine#0" [stack: 0x00007f25e97fd000,0x00007f25e98fd000] [id=20704]
  0x00007f25fc0bc000 ConcurrentGCThread "G1 Young RemSet Sampling" [stack: 0x00007f25e96fb000,0x00007f25e97fb000] [id=20705]

Threads with active compile tasks:

VM state:synchronizing (normal execution)

VM Mutex/Monitor currently owned by a thread:  ([mutex/lock_event])
[0x00007f25fc011ce0] Threads_lock - owner thread: 0x00007f25fc12c800

Heap address: 0x00000000b0000000, size: 1280 MB, Compressed Oops mode: 32-bit
Narrow klass base: 0x0000000000000000, Narrow klass shift: 3
Compressed class space size: 1073741824 Address: 0x0000000100000000

Heap:
 garbage-first heap   total 81920K, used 8192K [0x00000000b0000000, 0x0000000100000000)
  region size 1024K, 9 young (9216K), 0 survivors (0K)
 Metaspace       used 8148K, capacity 8268K, committed 8576K, reserved 1056768K
  class space    used 734K, capacity 797K, committed 896K, reserved 1048576K
Heap Regions: E=young(eden), S=young(survivor), O=old, HS=humongous(starts), HC=humongous(continues), CS=collection set, F=free, A=archive, TAMS=top-at-mark-start (previous, next)
|   0|0x00000000b0000000, 0x00000000b0000000, 0x00000000b0100000|  0%| F|  |TAMS 0x00000000b0000000, 0x00000000b0000000| Untracked 
|   1|0x00000000b0100000, 0x00000000b0100000, 0x00000000b0200000|  0%| F|  |TAMS 0x00000000b0100000, 0x00000000b0100000| Untracked 
|   2|0x00000000b0200000, 0x00000000b0200000, 0x00000000b0300000|  0%| F|  |TAMS 0x00000000b0200000, 0x00000000b0200000| Untracked 
|   3|0x00000000b0300000, 0x00000000b0300000, 0x00000000b0400000|  0%| F|  |TAMS 0x00000000b0300000, 0x00000000b0300000| Untracked 
|   4|0x00000000b0400000, 0x00000000b0400000, 0x00000000b0500000|  0%| F|  |TAMS 0x00000000b0400000, 0x00000000b0400000| Untracked 
|   5|0x00000000b0500000, 0x00000000b0500000, 0x00000000b0600000|  0%| F|  |TAMS 0x00000000b0500000, 0x00000000b0500000| Untracked 
|   6|0x00000000b0600000, 0x00000000b0600000, 0x00000000b0700000|  0%| F|  |TAMS 0x00000000b0600000, 0x00000000b0600000| Untracked 
|   7|0x00000000b0700000, 0x00000000b0700000, 0x00000000b0800000|  0%| F|  |TAMS 0x00000000b0700000, 0x00000000b0700000| Untracked 
|   8|0x00000000b0800000, 0x00000000b0800000, 0x00000000b0900000|  0%| F|  |TAMS 0x00000000b0800000, 0x00000000b0800000| Untracked 
|   9|0x00000000b0900000, 0x00000000b0900000, 0x00000000b0a00000|  0%| F|  |TAMS 0x00000000b0900000, 0x00000000b0900000| Untracked 
|  10|0x00000000b0a00000, 0x00000000b0a00000, 0x00000000b0b00000|  0%| F|  |TAMS 0x00000000b0a00000, 0x00000000b0a00000| Untracked 
|  11|0x00000000b0b00000, 0x00000000b0b00000, 0x00000000b0c00000|  0%| F|  |TAMS 0x00000000b0b00000, 0x00000000b0b00000| Untracked 
|  12|0x00000000b0c00000, 0x00000000b0c00000, 0x00000000b0d00000|  0%| F|  |TAMS 0x00000000b0c00000, 0x00000000b0c00000| Untracked 
|  13|0x00000000b0d00000, 0x00000000b0d00000, 0x00000000b0e00000|  0%| F|  |TAMS 0x00000000b0d00000, 0x00000000b0d00000| Untracked 
|  14|0x00000000b0e00000, 0x00000000b0e00000, 0x00000000b0f00000|  0%| F|  |TAMS 0x00000000b0e00000, 0x00000000b0e00000| Untracked 
|  15|0x00000000b0f00000, 0x00000000b0f00000, 0x00000000b1000000|  0%| F|  |TAMS 0x00000000b0f00000, 0x00000000b0f00000| Untracked 
|  16|0x00000000b1000000, 0x00000000b1000000, 0x00000000b1100000|  0%| F|  |TAMS 0x00000000b1000000, 0x00000000b1000000| Untracked 
|  17|0x00000000b1100000, 0x00000000b1100000, 0x00000000b1200000|  0%| F|  |TAMS 0x00000000b1100000, 0x00000000b1100000| Untracked 
|  18|0x00000000b1200000, 0x00000000b1200000, 0x00000000b1300000|  0%| F|  |TAMS 0x00000000b1200000, 0x00000000b1200000| Untracked 
|  19|0x00000000b1300000, 0x00000000b1300000, 0x00000000b1400000|  0%| F|  |TAMS 0x00000000b1300000, 0x00000000b1300000| Untracked 
|  20|0x00000000b1400000, 0x00000000b1400000, 0x00000000b1500000|  0%| F|  |TAMS 0x00000000b1400000, 0x00000000b1400000| Untracked 
|  21|0x00000000b1500000, 0x00000000b1500000, 0x00000000b1600000|  0%| F|  |TAMS 0x00000000b1500000, 0x00000000b1500000| Untracked 
|  22|0x00000000b1600000, 0x00000000b1600000, 0x00000000b1700000|  0%| F|  |TAMS 0x00000000b1600000, 0x00000000b1600000| Untracked 
|  23|0x00000000b1700000, 0x00000000b1700000, 0x00000000b1800000|  0%| F|  |TAMS 0x00000000b1700000, 0x00000000b1700000| Untracked 
|  24|0x00000000b1800000, 0x00000000b1800000, 0x00000000b1900000|  0%| F|  |TAMS 0x00000000b1800000, 0x00000000b1800000| Untracked 
|  25|0x00000000b1900000, 0x00000000b1900000, 0x00000000b1a00000|  0%| F|  |TAMS 0x00000000b1900000, 0x00000000b1900000| Untracked 
|  26|0x00000000b1a00000, 0x00000000b1a00000, 0x00000000b1b00000|  0%| F|  |TAMS 0x00000000b1a00000, 0x00000000b1a00000| Untracked 
|  27|0x00000000b1b00000, 0x00000000b1b00000, 0x00000000b1c00000|  0%| F|  |TAMS 0x00000000b1b00000, 0x00000000b1b00000| Untracked 
|  28|0x00000000b1c00000, 0x00000000b1c00000, 0x00000000b1d00000|  0%| F|  |TAMS 0x00000000b1c00000, 0x00000000b1c00000| Untracked 
|  29|0x00000000b1d00000, 0x00000000b1d00000, 0x00000000b1e00000|  0%| F|  |TAMS 0x00000000b1d00000, 0x00000000b1d00000| Untracked 
|  30|0x00000000b1e00000, 0x00000000b1e00000, 0x00000000b1f00000|  0%| F|  |TAMS 0x00000000b1e00000, 0x00000000b1e00000| Untracked 
|  31|0x00000000b1f00000, 0x00000000b1f00000, 0x00000000b2000000|  0%| F|  |TAMS 0x00000000b1f00000, 0x00000000b1f00000| Untracked 
|  32|0x00000000b2000000, 0x00000000b2000000, 0x00000000b2100000|  0%| F|  |TAMS 0x00000000b2000000, 0x00000000b2000000| Untracked 
|  33|0x00000000b2100000, 0x00000000b2100000, 0x00000000b2200000|  0%| F|  |TAMS 0x00000000b2100000, 0x00000000b2100000| Untracked 
|  34|0x00000000b2200000, 0x00000000b2200000, 0x00000000b2300000|  0%| F|  |TAMS 0x00000000b2200000, 0x00000000b2200000| Untracked 
|  35|0x00000000b2300000, 0x00000000b2300000, 0x00000000b2400000|  0%| F|  |TAMS 0x00000000b2300000, 0x00000000b2300000| Untracked 
|  36|0x00000000b2400000, 0x00000000b2400000, 0x00000000b2500000|  0%| F|  |TAMS 0x00000000b2400000, 0x00000000b2400000| Untracked 
|  37|0x00000000b2500000, 0x00000000b2500000, 0x00000000b2600000|  0%| F|  |TAMS 0x00000000b2500000, 0x00000000b2500000| Untracked 
|  38|0x00000000b2600000, 0x00000000b2600000, 0x00000000b2700000|  0%| F|  |TAMS 0x00000000b2600000, 0x00000000b2600000| Untracked 
|  39|0x00000000b2700000, 0x00000000b2700000, 0x00000000b2800000|  0%| F|  |TAMS 0x00000000b2700000, 0x00000000b2700000| Untracked 
|  40|0x00000000b2800000, 0x00000000b2800000, 0x00000000b2900000|  0%| F|  |TAMS 0x00000000b2800000, 0x00000000b2800000| Untracked 
|  41|0x00000000b2900000, 0x00000000b2900000, 0x00000000b2a00000|  0%| F|  |TAMS 0x00000000b2900000, 0x00000000b2900000| Untracked 
|  42|0x00000000b2a00000, 0x00000000b2a00000, 0x00000000b2b00000|  0%| F|  |TAMS 0x00000000b2a00000, 0x00000000b2a00000| Untracked 
|  43|0x00000000b2b00000, 0x00000000b2b00000, 0x00000000b2c00000|  0%| F|  |TAMS 0x00000000b2b00000, 0x00000000b2b00000| Untracked 
|  44|0x00000000b2c00000, 0x00000000b2c00000, 0x00000000b2d00000|  0%| F|  |TAMS 0x00000000b2c00000, 0x00000000b2c00000| Untracked 
|  45|0x00000000b2d00000, 0x00000000b2d00000, 0x00000000b2e00000|  0%| F|  |TAMS 0x00000000b2d00000, 0x00000000b2d00000| Untracked 
|  46|0x00000000b2e00000, 0x00000000b2e00000, 0x00000000b2f00000|  0%| F|  |TAMS 0x00000000b2e00000, 0x00000000b2e00000| Untracked 
|  47|0x00000000b2f00000, 0x00000000b2f00000, 0x00000000b3000000|  0%| F|  |TAMS 0x00000000b2f00000, 0x00000000b2f00000| Untracked 
|  48|0x00000000b3000000, 0x00000000b3000000, 0x00000000b3100000|  0%| F|  |TAMS 0x00000000b3000000, 0x00000000b3000000| Untracked 
|  49|0x00000000b3100000, 0x00000000b3100000, 0x00000000b3200000|  0%| F|  |TAMS 0x00000000b3100000, 0x00000000b3100000| Untracked 
|  50|0x00000000b3200000, 0x00000000b3200000, 0x00000000b3300000|  0%| F|  |TAMS 0x00000000b3200000, 0x00000000b3200000| Untracked 
|  51|0x00000000b3300000, 0x00000000b3300000, 0x00000000b3400000|  0%| F|  |TAMS 0x00000000b3300000, 0x00000000b3300000| Untracked 
|  52|0x00000000b3400000, 0x00000000b3400000, 0x00000000b3500000|  0%| F|  |TAMS 0x00000000b3400000, 0x00000000b3400000| Untracked 
|  53|0x00000000b3500000, 0x00000000b3500000, 0x00000000b3600000|  0%| F|  |TAMS 0x00000000b3500000, 0x00000000b3500000| Untracked 
|  54|0x00000000b3600000, 0x00000000b3600000, 0x00000000b3700000|  0%| F|  |TAMS 0x00000000b3600000, 0x00000000b3600000| Untracked 
|  55|0x00000000b3700000, 0x00000000b3700000, 0x00000000b3800000|  0%| F|  |TAMS 0x00000000b3700000, 0x00000000b3700000| Untracked 
|  56|0x00000000b3800000, 0x00000000b3800000, 0x00000000b3900000|  0%| F|  |TAMS 0x00000000b3800000, 0x00000000b3800000| Untracked 
|  57|0x00000000b3900000, 0x00000000b3900000, 0x00000000b3a00000|  0%| F|  |TAMS 0x00000000b3900000, 0x00000000b3900000| Untracked 
|  58|0x00000000b3a00000, 0x00000000b3a00000, 0x00000000b3b00000|  0%| F|  |TAMS 0x00000000b3a00000, 0x00000000b3a00000| Untracked 
|  59|0x00000000b3b00000, 0x00000000b3b00000, 0x00000000b3c00000|  0%| F|  |TAMS 0x00000000b3b00000, 0x00000000b3b00000| Untracked 
|  60|0x00000000b3c00000, 0x00000000b3c00000, 0x00000000b3d00000|  0%| F|  |TAMS 0x00000000b3c00000, 0x00000000b3c00000| Untracked 
|  61|0x00000000b3d00000, 0x00000000b3d00000, 0x00000000b3e00000|  0%| F|  |TAMS 0x00000000b3d00000, 0x00000000b3d00000| Untracked 
|  62|0x00000000b3e00000, 0x00000000b3e00000, 0x00000000b3f00000|  0%| F|  |TAMS 0x00000000b3e00000, 0x00000000b3e00000| Untracked 
|  63|0x00000000b3f00000, 0x00000000b3f00000, 0x00000000b4000000|  0%| F|  |TAMS 0x00000000b3f00000, 0x00000000b3f00000| Untracked 
|  64|0x00000000b4000000, 0x00000000b4000000, 0x00000000b4100000|  0%| F|  |TAMS 0x00000000b4000000, 0x00000000b4000000| Untracked 
|  65|0x00000000b4100000, 0x00000000b4100000, 0x00000000b4200000|  0%| F|  |TAMS 0x00000000b4100000, 0x00000000b4100000| Untracked 
|  66|0x00000000b4200000, 0x00000000b4200000, 0x00000000b4300000|  0%| F|  |TAMS 0x00000000b4200000, 0x00000000b4200000| Untracked 
|  67|0x00000000b4300000, 0x00000000b4300000, 0x00000000b4400000|  0%| F|  |TAMS 0x00000000b4300000, 0x00000000b4300000| Untracked 
|  68|0x00000000b4400000, 0x00000000b4400000, 0x00000000b4500000|  0%| F|  |TAMS 0x00000000b4400000, 0x00000000b4400000| Untracked 
|  69|0x00000000b4500000, 0x00000000b4500000, 0x00000000b4600000|  0%| F|  |TAMS 0x00000000b4500000, 0x00000000b4500000| Untracked 
|  70|0x00000000b4600000, 0x00000000b4600000, 0x00000000b4700000|  0%| F|  |TAMS 0x00000000b4600000, 0x00000000b4600000| Untracked 
|  71|0x00000000b4700000, 0x00000000b4800000, 0x00000000b4800000|100%| E|  |TAMS 0x00000000b4700000, 0x00000000b4700000| Complete 
|  72|0x00000000b4800000, 0x00000000b4900000, 0x00000000b4900000|100%| E|CS|TAMS 0x00000000b4800000, 0x00000000b4800000| Complete 
|  73|0x00000000b4900000, 0x00000000b4a00000, 0x00000000b4a00000|100%| E|CS|TAMS 0x00000000b4900000, 0x00000000b4900000| Complete 
|  74|0x00000000b4a00000, 0x00000000b4b00000, 0x00000000b4b00000|100%| E|CS|TAMS 0x00000000b4a00000, 0x00000000b4a00000| Complete 
|  75|0x00000000b4b00000, 0x00000000b4c00000, 0x00000000b4c00000|100%| E|CS|TAMS 0x00000000b4b00000, 0x00000000b4b00000| Complete 
|  76|0x00000000b4c00000, 0x00000000b4d00000, 0x00000000b4d00000|100%| E|CS|TAMS 0x00000000b4c00000, 0x00000000b4c00000| Complete 
|  77|0x00000000b4d00000, 0x00000000b4e00000, 0x00000000b4e00000|100%| E|CS|TAMS 0x00000000b4d00000, 0x00000000b4d00000| Complete 
|  78|0x00000000b4e00000, 0x00000000b4f00000, 0x00000000b4f00000|100%| E|CS|TAMS 0x00000000b4e00000, 0x00000000b4e00000| Complete 
|  79|0x00000000b4f00000, 0x00000000b5000000, 0x00000000b5000000|100%| E|CS|TAMS 0x00000000b4f00000, 0x00000000b4f00000| Complete 

Card table byte_map: [0x00007f2601b83000,0x00007f2601e03000] _byte_map_base: 0x00007f2601603000

Marking Bits (Prev, Next): (CMBitMap*) 0x00007f25fc05b9d8, (CMBitMap*) 0x00007f25fc05ba18
 Prev Bits: [0x00007f2600503000, 0x00007f2601903000)
 Next Bits: [0x00007f25ebc00000, 0x00007f25ed000000)

Polling page: 0x00007f2605fb1000

Metaspace:

Usage:
  Non-class:      7,30 MB capacity,     7,24 MB (>99%) used,    44,82 KB ( <1%) free+waste,    12,25 KB ( <1%) overhead. 
      Class:    797,00 KB capacity,   734,26 KB ( 92%) used,    56,68 KB (  7%) free+waste,     6,06 KB ( <1%) overhead. 
       Both:      8,07 MB capacity,     7,96 MB ( 99%) used,   101,50 KB (  1%) free+waste,    18,31 KB ( <1%) overhead. 

Virtual space:
  Non-class space:        8,00 MB reserved,       7,50 MB ( 94%) committed 
      Class space:        1,00 GB reserved,     896,00 KB ( <1%) committed 
             Both:        1,01 GB reserved,       8,38 MB ( <1%) committed 

Chunk freelists:
   Non-Class:  45,00 KB
       Class:  3,00 KB
        Both:  48,00 KB

MaxMetaspaceSize: unlimited
CompressedClassSpaceSize: 1,00 GB

CodeHeap 'non-profiled nmethods': size=120032Kb used=195Kb max_used=195Kb free=119836Kb
 bounds [0x00007f25f4ac8000, 0x00007f25f4d38000, 0x00007f25fc000000]
CodeHeap 'profiled nmethods': size=120032Kb used=828Kb max_used=828Kb free=119203Kb
 bounds [0x00007f25ed590000, 0x00007f25ed800000, 0x00007f25f4ac8000]
CodeHeap 'non-nmethods': size=5696Kb used=1116Kb max_used=1139Kb free=4579Kb
 bounds [0x00007f25ed000000, 0x00007f25ed270000, 0x00007f25ed590000]
 total_blobs=1021 nmethods=510 adapters=255
 compilation: enabled
              stopped_count=0, restarted_count=0
 full_count=0

Compilation events (10 events):
Event: 1,396 Thread 0x00007f25fc164800 nmethod 507 0x00007f25ed65e110 code [0x00007f25ed65e300, 0x00007f25ed65e698]
Event: 1,396 Thread 0x00007f25fc164800  516       3       java.util.LinkedHashMap::afterNodeInsertion (40 bytes)
Event: 1,396 Thread 0x00007f25fc164800 nmethod 516 0x00007f25ed65e810 code [0x00007f25ed65e9c0, 0x00007f25ed65ebf0]
Event: 1,396 Thread 0x00007f25fc164800  517       3       java.util.concurrent.ConcurrentHashMap::casTabAt (21 bytes)
Event: 1,396 Thread 0x00007f25fc164800 nmethod 517 0x00007f25ed65ec90 code [0x00007f25ed65ee40, 0x00007f25ed65eff0]
Event: 1,396 Thread 0x00007f25fc164800  509       1       sun.util.locale.BaseLocale::getLanguage (5 bytes)
Event: 1,396 Thread 0x00007f25fc164800 nmethod 509 0x00007f25f4af8210 code [0x00007f25f4af83a0, 0x00007f25f4af84b0]
Event: 1,396 Thread 0x00007f25fc164800  510       1       java.lang.invoke.MethodTypeForm::basicType (5 bytes)
Event: 1,397 Thread 0x00007f25fc164800 nmethod 510 0x00007f25f4af8510 code [0x00007f25f4af86a0, 0x00007f25f4af87b0]
Event: 1,403 Thread 0x00007f25fc162800 nmethod 511 0x00007f25f4af8810 code [0x00007f25f4af89a0, 0x00007f25f4af8c98]

GC Heap History (0 events):
No events

Deoptimization events (3 events):
Event: 0,753 Thread 0x00007f25fc016800 Uncommon trap: reason=unstable_if action=reinterpret pc=0x00007f25f4ad58dc method=java.io.DataInputStream.readUTF(Ljava/io/DataInput;)Ljava/lang/String; @ 31 c2
Event: 0,860 Thread 0x00007f25fc016800 Uncommon trap: reason=unstable_if action=reinterpret pc=0x00007f25f4ae181c method=java.util.HashMap.putVal(ILjava/lang/Object;Ljava/lang/Object;ZZ)Ljava/lang/Object; @ 236 c2
Event: 1,376 Thread 0x00007f25c8001000 Uncommon trap: reason=unstable_if action=reinterpret pc=0x00007f25f4af4014 method=java.lang.StringLatin1.indexOf([BI[BII)I @ 91 c2

Classes unloaded (0 events):
No events

Classes redefined (0 events):
No events

Internal exceptions (10 events):
Event: 0,576 Thread 0x00007f25fc016800 Exception <a 'java/lang/NoSuchMethodError'{0x00000000b4c10008}: 'java.lang.Object java.lang.invoke.DirectMethodHandle$Holder.invokeInterface(java.lang.Object, java.lang.Object)'> (0x00000000b4c10008) 
thrown [/home/dmitry/Downloads/LOOM/loom/src/hotspot/share/interpreter/linkResolver.cpp, line 768]
for thread 0x00007f25fc016800
Event: 0,592 Thread 0x00007f25fc016800 Exception <a 'java/lang/NoSuchMethodError'{0x00000000b4c16bd0}: 'int java.lang.invoke.DirectMethodHandle$Holder.invokeStatic(java.lang.Object, java.lang.Object)'> (0x00000000b4c16bd0) 
thrown [/home/dmitry/Downloads/LOOM/loom/src/hotspot/share/interpreter/linkResolver.cpp, line 768]
for thread 0x00007f25fc016800
Event: 0,601 Thread 0x00007f25fc016800 Exception <a 'java/lang/NoSuchMethodError'{0x00000000b4c21210}: 'java.lang.Object java.lang.invoke.DirectMethodHandle$Holder.invokeVirtual(java.lang.Object, java.lang.Object)'> (0x00000000b4c21210) 
thrown [/home/dmitry/Downloads/LOOM/loom/src/hotspot/share/interpreter/linkResolver.cpp, line 768]
for thread 0x00007f25fc016800
Event: 0,612 Thread 0x00007f25fc016800 Exception <a 'java/lang/NoSuchMethodError'{0x00000000b4c28dd8}: 'int java.lang.invoke.DirectMethodHandle$Holder.invokeSpecial(java.lang.Object, java.lang.Object)'> (0x00000000b4c28dd8) 
thrown [/home/dmitry/Downloads/LOOM/loom/src/hotspot/share/interpreter/linkResolver.cpp, line 768]
for thread 0x00007f25fc016800
Event: 0,772 Thread 0x00007f25fc016800 Exception <a 'java/lang/NoSuchMethodError'{0x00000000b4ab9bd8}: 'void java.lang.invoke.DirectMethodHandle$Holder.invokeStatic(java.lang.Object, java.lang.Object, java.lang.Object)'> (0x00000000b4ab9bd8) 
thrown [/home/dmitry/Downloads/LOOM/loom/src/hotspot/share/interpreter/linkResolver.cpp, line 768]
for thread 0x00007f25fc016800
Event: 0,794 Thread 0x00007f25fc016800 Exception <a 'java/lang/NoSuchMethodError'{0x00000000b4ae5178}: 'java.lang.Object java.lang.invoke.Invokers$Holder.linkToTargetMethod(java.lang.Object, java.lang.Object, java.lang.Object, java.lang.Object)'> (0x00000000b4ae5178) 
thrown [/home/dmitry/Downloads/LOOM/loom/src/hotspot/share/interpreter/linkResolver.cpp, line 768]
for thread 0x00007f25fc016800
Event: 0,976 Thread 0x00007f25fc2ab800 Exception <a 'java/lang/NoSuchMethodError'{0x00000000b49dc880}: 'java.lang.Object java.lang.invoke.DirectMethodHandle$Holder.invokeStatic(java.lang.Object)'> (0x00000000b49dc880) 
thrown [/home/dmitry/Downloads/LOOM/loom/src/hotspot/share/interpreter/linkResolver.cpp, line 768]
for thread 0x00007f25fc2ab800
Event: 0,988 Thread 0x00007f25fc2ab800 Exception <a 'java/lang/NoSuchMethodError'{0x00000000b49df698}: 'java.lang.Object java.lang.invoke.DirectMethodHandle$Holder.invokeStaticInit(java.lang.Object)'> (0x00000000b49df698) 
thrown [/home/dmitry/Downloads/LOOM/loom/src/hotspot/share/interpreter/linkResolver.cpp, line 768]
for thread 0x00007f25fc2ab800
Event: 1,006 Thread 0x00007f25fc016800 Exception <a 'java/lang/NoSuchMethodError'{0x00000000b483a770}: 'void java.lang.invoke.DirectMethodHandle$Holder.invokeStatic(java.lang.Object)'> (0x00000000b483a770) 
thrown [/home/dmitry/Downloads/LOOM/loom/src/hotspot/share/interpreter/linkResolver.cpp, line 768]
for thread 0x00007f25fc016800
Event: 1,007 Thread 0x00007f25fc016800 Exception <a 'java/lang/NoSuchMethodError'{0x00000000b483eeb0}: 'void java.lang.invoke.DirectMethodHandle$Holder.invokeSpecial(java.lang.Object, java.lang.Object)'> (0x00000000b483eeb0) 
thrown [/home/dmitry/Downloads/LOOM/loom/src/hotspot/share/interpreter/linkResolver.cpp, line 768]
for thread 0x00007f25fc016800

Events (10 events):
Event: 1,378 loading class sun/util/resources/Bundles$CacheKeyReference done
Event: 1,378 loading class sun/util/resources/Bundles$BundleReference done
Event: 1,378 loading class sun/util/resources/cldr/TimeZoneNames_en
Event: 1,380 loading class sun/util/resources/cldr/TimeZoneNames_en done
Event: 1,381 loading class sun/util/resources/cldr/TimeZoneNames_en_US
Event: 1,381 loading class sun/util/resources/cldr/TimeZoneNames_en_US done
Event: 1,388 loading class java/util/LinkedHashMap$LinkedKeySet
Event: 1,388 loading class java/util/LinkedHashMap$LinkedKeySet done
Event: 1,389 loading class sun/util/locale/provider/LocaleResources$ResourceReference
Event: 1,389 loading class sun/util/locale/provider/LocaleResources$ResourceReference done


Dynamic libraries:
b0000000-b5000000 rw-p 00000000 00:00 0 
b5000000-100000000 ---p 00000000 00:00 0 
100000000-1000e0000 rw-p 00000000 00:00 0 
1000e0000-140000000 ---p 00000000 00:00 0 
5579ed58b000-5579ed58c000 r-xp 00000000 08:01 2499756                    /home/dmitry/Downloads/LOOM/loom/build/linux-x86_64-server-release/jdk/bin/java
5579ed78c000-5579ed78d000 r--p 00001000 08:01 2499756                    /home/dmitry/Downloads/LOOM/loom/build/linux-x86_64-server-release/jdk/bin/java
5579ed78d000-5579ed78e000 rw-p 00002000 08:01 2499756                    /home/dmitry/Downloads/LOOM/loom/build/linux-x86_64-server-release/jdk/bin/java
5579ef49d000-5579ef4be000 rw-p 00000000 00:00 0                          [heap]
7f2590000000-7f2590021000 rw-p 00000000 00:00 0 
7f2590021000-7f2594000000 ---p 00000000 00:00 0 
7f2598000000-7f2598021000 rw-p 00000000 00:00 0 
7f2598021000-7f259c000000 ---p 00000000 00:00 0 
7f259c000000-7f259c04a000 rw-p 00000000 00:00 0 
7f259c04a000-7f25a0000000 ---p 00000000 00:00 0 
7f25a0000000-7f25a0021000 rw-p 00000000 00:00 0 
7f25a0021000-7f25a4000000 ---p 00000000 00:00 0 
7f25a4000000-7f25a4021000 rw-p 00000000 00:00 0 
7f25a4021000-7f25a8000000 ---p 00000000 00:00 0 
7f25a8000000-7f25a81e2000 rw-p 00000000 00:00 0 
7f25a81e2000-7f25ac000000 ---p 00000000 00:00 0 
7f25ac000000-7f25ac021000 rw-p 00000000 00:00 0 
7f25ac021000-7f25b0000000 ---p 00000000 00:00 0 
7f25b0000000-7f25b0021000 rw-p 00000000 00:00 0 
7f25b0021000-7f25b4000000 ---p 00000000 00:00 0 
7f25b4000000-7f25b4021000 rw-p 00000000 00:00 0 
7f25b4021000-7f25b8000000 ---p 00000000 00:00 0 
7f25b8000000-7f25b8301000 rw-p 00000000 00:00 0 
7f25b8301000-7f25bc000000 ---p 00000000 00:00 0 
7f25bc000000-7f25bc29e000 rw-p 00000000 00:00 0 
7f25bc29e000-7f25c0000000 ---p 00000000 00:00 0 
7f25c2b9c000-7f25c2f97000 rw-p 00000000 00:00 0 
7f25c2f97000-7f25c2f9b000 ---p 00000000 00:00 0 
7f25c2f9b000-7f25c3098000 rw-p 00000000 00:00 0 
7f25c3098000-7f25c309c000 ---p 00000000 00:00 0 
7f25c309c000-7f25c3199000 rw-p 00000000 00:00 0 
7f25c3199000-7f25c319d000 ---p 00000000 00:00 0 
7f25c319d000-7f25c329a000 rw-p 00000000 00:00 0 
7f25c329a000-7f25c329c000 r-xp 00000000 08:01 2636451                    /home/dmitry/Downloads/LOOM/loom/build/linux-x86_64-server-release/jdk/lib/libextnet.so
7f25c329c000-7f25c349b000 ---p 00002000 08:01 2636451                    /home/dmitry/Downloads/LOOM/loom/build/linux-x86_64-server-release/jdk/lib/libextnet.so
7f25c349b000-7f25c349c000 r--p 00001000 08:01 2636451                    /home/dmitry/Downloads/LOOM/loom/build/linux-x86_64-server-release/jdk/lib/libextnet.so
7f25c349c000-7f25c349d000 rw-p 00002000 08:01 2636451                    /home/dmitry/Downloads/LOOM/loom/build/linux-x86_64-server-release/jdk/lib/libextnet.so
7f25c349d000-7f25c34a1000 ---p 00000000 00:00 0 
7f25c34a1000-7f25c359e000 rw-p 00000000 00:00 0 
7f25c359e000-7f25c359f000 ---p 00000000 00:00 0 
7f25c359f000-7f25c36a0000 rw-p 00000000 00:00 0 
7f25c36a0000-7f25c36a4000 ---p 00000000 00:00 0 
7f25c36a4000-7f25c37a1000 rw-p 00000000 00:00 0 
7f25c37a1000-7f25c37a5000 ---p 00000000 00:00 0 
7f25c37a5000-7f25c38a2000 rw-p 00000000 00:00 0 
7f25c38a2000-7f25c38a6000 ---p 00000000 00:00 0 
7f25c38a6000-7f25c39d4000 rw-p 00000000 00:00 0 
7f25c39d4000-7f25c39ea000 r-xp 00000000 08:01 2636264                    /home/dmitry/Downloads/LOOM/loom/build/linux-x86_64-server-release/jdk/lib/libnet.so
7f25c39ea000-7f25c3bea000 ---p 00016000 08:01 2636264                    /home/dmitry/Downloads/LOOM/loom/build/linux-x86_64-server-release/jdk/lib/libnet.so
7f25c3bea000-7f25c3beb000 r--p 00016000 08:01 2636264                    /home/dmitry/Downloads/LOOM/loom/build/linux-x86_64-server-release/jdk/lib/libnet.so
7f25c3beb000-7f25c3bec000 rw-p 00017000 08:01 2636264                    /home/dmitry/Downloads/LOOM/loom/build/linux-x86_64-server-release/jdk/lib/libnet.so
7f25c3bec000-7f25c3bfd000 r-xp 00000000 08:01 2636266                    /home/dmitry/Downloads/LOOM/loom/build/linux-x86_64-server-release/jdk/lib/libnio.so
7f25c3bfd000-7f25c3dfc000 ---p 00011000 08:01 2636266                    /home/dmitry/Downloads/LOOM/loom/build/linux-x86_64-server-release/jdk/lib/libnio.so
7f25c3dfc000-7f25c3dfd000 r--p 00010000 08:01 2636266                    /home/dmitry/Downloads/LOOM/loom/build/linux-x86_64-server-release/jdk/lib/libnio.so
7f25c3dfd000-7f25c3dfe000 rw-p 00011000 08:01 2636266                    /home/dmitry/Downloads/LOOM/loom/build/linux-x86_64-server-release/jdk/lib/libnio.so
7f25c3dfe000-7f25c3e02000 ---p 00000000 00:00 0 
7f25c3e02000-7f25c3eff000 rw-p 00000000 00:00 0 
7f25c3eff000-7f25c3f03000 ---p 00000000 00:00 0 
7f25c3f03000-7f25c4000000 rw-p 00000000 00:00 0 
7f25c4000000-7f25c4021000 rw-p 00000000 00:00 0 
7f25c4021000-7f25c8000000 ---p 00000000 00:00 0 
7f25c8000000-7f25c8021000 rw-p 00000000 00:00 0 
7f25c8021000-7f25cc000000 ---p 00000000 00:00 0 
7f25cc000000-7f25cc021000 rw-p 00000000 00:00 0 
7f25cc021000-7f25d0000000 ---p 00000000 00:00 0 
7f25d0000000-7f25d0021000 rw-p 00000000 00:00 0 
7f25d0021000-7f25d4000000 ---p 00000000 00:00 0 
7f25d4000000-7f25d4021000 rw-p 00000000 00:00 0 
7f25d4021000-7f25d8000000 ---p 00000000 00:00 0 
7f25d8000000-7f25d8021000 rw-p 00000000 00:00 0 
7f25d8021000-7f25dc000000 ---p 00000000 00:00 0 
7f25dc000000-7f25dc021000 rw-p 00000000 00:00 0 
7f25dc021000-7f25e0000000 ---p 00000000 00:00 0 
7f25e0000000-7f25e0021000 rw-p 00000000 00:00 0 
7f25e0021000-7f25e4000000 ---p 00000000 00:00 0 
7f25e4000000-7f25e4021000 rw-p 00000000 00:00 0 
7f25e4021000-7f25e8000000 ---p 00000000 00:00 0 
7f25e8024000-7f25e8028000 ---p 00000000 00:00 0 
7f25e8028000-7f25e8125000 rw-p 00000000 00:00 0 
7f25e8125000-7f25e8129000 ---p 00000000 00:00 0 
7f25e8129000-7f25e8226000 rw-p 00000000 00:00 0 
7f25e8226000-7f25e8bf5000 r--p 00000000 08:01 10230401                   /usr/lib/locale/locale-archive
7f25e8bf5000-7f25e8bf9000 ---p 00000000 00:00 0 
7f25e8bf9000-7f25e8cf6000 rw-p 00000000 00:00 0 
7f25e8cf6000-7f25e8cfa000 ---p 00000000 00:00 0 
7f25e8cfa000-7f25e8df7000 rw-p 00000000 00:00 0 
7f25e8df7000-7f25e8df8000 ---p 00000000 00:00 0 
7f25e8df8000-7f25e9679000 rw-p 00000000 00:00 0 
7f25e9679000-7f25e96f9000 ---p 00000000 00:00 0 
7f25e96f9000-7f25e96fa000 ---p 00000000 00:00 0 
7f25e96fa000-7f25e97fb000 rw-p 00000000 00:00 0 
7f25e97fb000-7f25e97fc000 ---p 00000000 00:00 0 
7f25e97fc000-7f25ebd40000 rw-p 00000000 00:00 0 
7f25ebd40000-7f25ed000000 ---p 00000000 00:00 0 
7f25ed000000-7f25ed270000 rwxp 00000000 00:00 0 
7f25ed270000-7f25ed590000 ---p 00000000 00:00 0 
7f25ed590000-7f25ed800000 rwxp 00000000 00:00 0 
7f25ed800000-7f25f4ac8000 ---p 00000000 00:00 0 
7f25f4ac8000-7f25f4d38000 rwxp 00000000 00:00 0 
7f25f4d38000-7f25fc000000 ---p 00000000 00:00 0 
7f25fc000000-7f25fc2ba000 rw-p 00000000 00:00 0 
7f25fc2ba000-7f2600000000 ---p 00000000 00:00 0 
7f2600020000-7f26001fd000 rw-p 00000000 00:00 0 
7f26001fd000-7f26001fe000 ---p 00000000 00:00 0 
7f26001fe000-7f26002ff000 rw-p 00000000 00:00 0 
7f26002ff000-7f2600300000 ---p 00000000 00:00 0 
7f2600300000-7f2600401000 rw-p 00000000 00:00 0 
7f2600401000-7f2600402000 ---p 00000000 00:00 0 
7f2600402000-7f2600643000 rw-p 00000000 00:00 0 
7f2600643000-7f2601903000 ---p 00000000 00:00 0 
7f2601903000-7f260192b000 rw-p 00000000 00:00 0 
7f260192b000-7f2601b83000 ---p 00000000 00:00 0 
7f2601b83000-7f2601bab000 rw-p 00000000 00:00 0 
7f2601bab000-7f2601e03000 ---p 00000000 00:00 0 
7f2601e03000-7f2601e2b000 rw-p 00000000 00:00 0 
7f2601e2b000-7f2602083000 ---p 00000000 00:00 0 
7f2602083000-7f260248c000 rw-p 00000000 00:00 0 
7f260248c000-7f2602572000 ---p 00000000 00:00 0 
7f2602572000-7f2602577000 rw-p 00000000 00:00 0 
7f2602577000-7f260265d000 ---p 00000000 00:00 0 
7f260265d000-7f2602678000 r-xp 00000000 08:01 2636262                    /home/dmitry/Downloads/LOOM/loom/build/linux-x86_64-server-release/jdk/lib/libjimage.so
7f2602678000-7f2602877000 ---p 0001b000 08:01 2636262                    /home/dmitry/Downloads/LOOM/loom/build/linux-x86_64-server-release/jdk/lib/libjimage.so
7f2602877000-7f2602879000 r--p 0001a000 08:01 2636262                    /home/dmitry/Downloads/LOOM/loom/build/linux-x86_64-server-release/jdk/lib/libjimage.so
7f2602879000-7f260287a000 rw-p 0001c000 08:01 2636262                    /home/dmitry/Downloads/LOOM/loom/build/linux-x86_64-server-release/jdk/lib/libjimage.so
7f260287a000-7f2602881000 r-xp 00000000 08:01 2636259                    /home/dmitry/Downloads/LOOM/loom/build/linux-x86_64-server-release/jdk/lib/libzip.so
7f2602881000-7f2602a80000 ---p 00007000 08:01 2636259                    /home/dmitry/Downloads/LOOM/loom/build/linux-x86_64-server-release/jdk/lib/libzip.so
7f2602a80000-7f2602a81000 r--p 00006000 08:01 2636259                    /home/dmitry/Downloads/LOOM/loom/build/linux-x86_64-server-release/jdk/lib/libzip.so
7f2602a81000-7f2602a82000 rw-p 00007000 08:01 2636259                    /home/dmitry/Downloads/LOOM/loom/build/linux-x86_64-server-release/jdk/lib/libzip.so
7f2602a82000-7f2602a8d000 r-xp 00000000 08:01 1184572                    /lib/x86_64-linux-gnu/libnss_files-2.27.so
7f2602a8d000-7f2602c8c000 ---p 0000b000 08:01 1184572                    /lib/x86_64-linux-gnu/libnss_files-2.27.so
7f2602c8c000-7f2602c8d000 r--p 0000a000 08:01 1184572                    /lib/x86_64-linux-gnu/libnss_files-2.27.so
7f2602c8d000-7f2602c8e000 rw-p 0000b000 08:01 1184572                    /lib/x86_64-linux-gnu/libnss_files-2.27.so
7f2602c8e000-7f2602c94000 rw-p 00000000 00:00 0 
7f2602c94000-7f2602cab000 r-xp 00000000 08:01 1184566                    /lib/x86_64-linux-gnu/libnsl-2.27.so
7f2602cab000-7f2602eaa000 ---p 00017000 08:01 1184566                    /lib/x86_64-linux-gnu/libnsl-2.27.so
7f2602eaa000-7f2602eab000 r--p 00016000 08:01 1184566                    /lib/x86_64-linux-gnu/libnsl-2.27.so
7f2602eab000-7f2602eac000 rw-p 00017000 08:01 1184566                    /lib/x86_64-linux-gnu/libnsl-2.27.so
7f2602eac000-7f2602eae000 rw-p 00000000 00:00 0 
7f2602eae000-7f2602eb9000 r-xp 00000000 08:01 1184583                    /lib/x86_64-linux-gnu/libnss_nis-2.27.so
7f2602eb9000-7f26030b8000 ---p 0000b000 08:01 1184583                    /lib/x86_64-linux-gnu/libnss_nis-2.27.so
7f26030b8000-7f26030b9000 r--p 0000a000 08:01 1184583                    /lib/x86_64-linux-gnu/libnss_nis-2.27.so
7f26030b9000-7f26030ba000 rw-p 0000b000 08:01 1184583                    /lib/x86_64-linux-gnu/libnss_nis-2.27.so
7f26030ba000-7f26030c2000 r-xp 00000000 08:01 1184568                    /lib/x86_64-linux-gnu/libnss_compat-2.27.so
7f26030c2000-7f26032c2000 ---p 00008000 08:01 1184568                    /lib/x86_64-linux-gnu/libnss_compat-2.27.so
7f26032c2000-7f26032c3000 r--p 00008000 08:01 1184568                    /lib/x86_64-linux-gnu/libnss_compat-2.27.so
7f26032c3000-7f26032c4000 rw-p 00009000 08:01 1184568                    /lib/x86_64-linux-gnu/libnss_compat-2.27.so
7f26032c4000-7f26032ec000 r-xp 00000000 08:01 2636258                    /home/dmitry/Downloads/LOOM/loom/build/linux-x86_64-server-release/jdk/lib/libjava.so
7f26032ec000-7f26034ec000 ---p 00028000 08:01 2636258                    /home/dmitry/Downloads/LOOM/loom/build/linux-x86_64-server-release/jdk/lib/libjava.so
7f26034ec000-7f26034ed000 r--p 00028000 08:01 2636258                    /home/dmitry/Downloads/LOOM/loom/build/linux-x86_64-server-release/jdk/lib/libjava.so
7f26034ed000-7f26034ef000 rw-p 00029000 08:01 2636258                    /home/dmitry/Downloads/LOOM/loom/build/linux-x86_64-server-release/jdk/lib/libjava.so
7f26034ef000-7f26034fc000 r-xp 00000000 08:01 2636248                    /home/dmitry/Downloads/LOOM/loom/build/linux-x86_64-server-release/jdk/lib/libverify.so
7f26034fc000-7f26036fb000 ---p 0000d000 08:01 2636248                    /home/dmitry/Downloads/LOOM/loom/build/linux-x86_64-server-release/jdk/lib/libverify.so
7f26036fb000-7f26036fd000 r--p 0000c000 08:01 2636248                    /home/dmitry/Downloads/LOOM/loom/build/linux-x86_64-server-release/jdk/lib/libverify.so
7f26036fd000-7f26036fe000 rw-p 0000e000 08:01 2636248                    /home/dmitry/Downloads/LOOM/loom/build/linux-x86_64-server-release/jdk/lib/libverify.so
7f26036fe000-7f260389b000 r-xp 00000000 08:01 1184545                    /lib/x86_64-linux-gnu/libm-2.27.so
7f260389b000-7f2603a9a000 ---p 0019d000 08:01 1184545                    /lib/x86_64-linux-gnu/libm-2.27.so
7f2603a9a000-7f2603a9b000 r--p 0019c000 08:01 1184545                    /lib/x86_64-linux-gnu/libm-2.27.so
7f2603a9b000-7f2603a9c000 rw-p 0019d000 08:01 1184545                    /lib/x86_64-linux-gnu/libm-2.27.so
7f2603a9c000-7f2604dc5000 r-xp 00000000 08:01 2636244                    /home/dmitry/Downloads/LOOM/loom/build/linux-x86_64-server-release/jdk/lib/server/libjvm.so
7f2604dc5000-7f2604fc5000 ---p 01329000 08:01 2636244                    /home/dmitry/Downloads/LOOM/loom/build/linux-x86_64-server-release/jdk/lib/server/libjvm.so
7f2604fc5000-7f260508c000 r--p 01329000 08:01 2636244                    /home/dmitry/Downloads/LOOM/loom/build/linux-x86_64-server-release/jdk/lib/server/libjvm.so
7f260508c000-7f26050c7000 rw-p 013f0000 08:01 2636244                    /home/dmitry/Downloads/LOOM/loom/build/linux-x86_64-server-release/jdk/lib/server/libjvm.so
7f26050c7000-7f260514d000 rw-p 00000000 00:00 0 
7f260514d000-7f2605167000 r-xp 00000000 08:01 1184615                    /lib/x86_64-linux-gnu/libpthread-2.27.so
7f2605167000-7f2605366000 ---p 0001a000 08:01 1184615                    /lib/x86_64-linux-gnu/libpthread-2.27.so
7f2605366000-7f2605367000 r--p 00019000 08:01 1184615                    /lib/x86_64-linux-gnu/libpthread-2.27.so
7f2605367000-7f2605368000 rw-p 0001a000 08:01 1184615                    /lib/x86_64-linux-gnu/libpthread-2.27.so
7f2605368000-7f260536c000 rw-p 00000000 00:00 0 
7f260536c000-7f260536f000 r-xp 00000000 08:01 1184505                    /lib/x86_64-linux-gnu/libdl-2.27.so
7f260536f000-7f260556e000 ---p 00003000 08:01 1184505                    /lib/x86_64-linux-gnu/libdl-2.27.so
7f260556e000-7f260556f000 r--p 00002000 08:01 1184505                    /lib/x86_64-linux-gnu/libdl-2.27.so
7f260556f000-7f2605570000 rw-p 00003000 08:01 1184505                    /lib/x86_64-linux-gnu/libdl-2.27.so
7f2605570000-7f260558c000 r-xp 00000000 08:01 1184654                    /lib/x86_64-linux-gnu/libz.so.1.2.11
7f260558c000-7f260578b000 ---p 0001c000 08:01 1184654                    /lib/x86_64-linux-gnu/libz.so.1.2.11
7f260578b000-7f260578c000 r--p 0001b000 08:01 1184654                    /lib/x86_64-linux-gnu/libz.so.1.2.11
7f260578c000-7f260578d000 rw-p 0001c000 08:01 1184654                    /lib/x86_64-linux-gnu/libz.so.1.2.11
7f260578d000-7f2605974000 r-xp 00000000 08:01 1184482                    /lib/x86_64-linux-gnu/libc-2.27.so
7f2605974000-7f2605b74000 ---p 001e7000 08:01 1184482                    /lib/x86_64-linux-gnu/libc-2.27.so
7f2605b74000-7f2605b78000 r--p 001e7000 08:01 1184482                    /lib/x86_64-linux-gnu/libc-2.27.so
7f2605b78000-7f2605b7a000 rw-p 001eb000 08:01 1184482                    /lib/x86_64-linux-gnu/libc-2.27.so
7f2605b7a000-7f2605b7e000 rw-p 00000000 00:00 0 
7f2605b7e000-7f2605b8e000 r-xp 00000000 08:01 2636251                    /home/dmitry/Downloads/LOOM/loom/build/linux-x86_64-server-release/jdk/lib/libjli.so
7f2605b8e000-7f2605d8d000 ---p 00010000 08:01 2636251                    /home/dmitry/Downloads/LOOM/loom/build/linux-x86_64-server-release/jdk/lib/libjli.so
7f2605d8d000-7f2605d8e000 r--p 0000f000 08:01 2636251                    /home/dmitry/Downloads/LOOM/loom/build/linux-x86_64-server-release/jdk/lib/libjli.so
7f2605d8e000-7f2605d8f000 rw-p 00010000 08:01 2636251                    /home/dmitry/Downloads/LOOM/loom/build/linux-x86_64-server-release/jdk/lib/libjli.so
7f2605d8f000-7f2605db6000 r-xp 00000000 08:01 1184454                    /lib/x86_64-linux-gnu/ld-2.27.so
7f2605de3000-7f2605e96000 rw-p 00000000 00:00 0 
7f2605e96000-7f2605e9d000 ---p 00000000 00:00 0 
7f2605e9d000-7f2605ea1000 ---p 00000000 00:00 0 
7f2605ea1000-7f2605fa0000 rw-p 00000000 00:00 0 
7f2605fa9000-7f2605fb1000 rw-s 00000000 08:01 524334                     /tmp/hsperfdata_dmitry/20693
7f2605fb1000-7f2605fb2000 ---p 00000000 00:00 0 
7f2605fb2000-7f2605fb3000 r--p 00000000 00:00 0 
7f2605fb3000-7f2605fb4000 ---p 00000000 00:00 0 
7f2605fb4000-7f2605fb6000 rw-p 00000000 00:00 0 
7f2605fb6000-7f2605fb7000 r--p 00027000 08:01 1184454                    /lib/x86_64-linux-gnu/ld-2.27.so
7f2605fb7000-7f2605fb8000 rw-p 00028000 08:01 1184454                    /lib/x86_64-linux-gnu/ld-2.27.so
7f2605fb8000-7f2605fb9000 rw-p 00000000 00:00 0 
7ffe132f3000-7ffe13316000 rw-p 00000000 00:00 0                          [stack]
7ffe133af000-7ffe133b2000 r--p 00000000 00:00 0                          [vvar]
7ffe133b2000-7ffe133b4000 r-xp 00000000 00:00 0                          [vdso]
ffffffffff600000-ffffffffff601000 r-xp 00000000 00:00 0                  [vsyscall]


VM Arguments:
jvm_args: -Didea.launcher.port=10449 -Didea.launcher.bin.path=/home/dmitry/Downloads/idea-IC-183.5912.21/bin -Dfile.encoding=UTF-8 
java_command: com.intellij.rt.execution.application.AppMainV2 Main
java_class_path (initial): /home/dmitry/Downloads/LOOM/loom/build/linux-x86_64-server-release/jdk/modules/java.base:/home/dmitry/Downloads/LOOM/loom/build/linux-x86_64-server-release/jdk/modules/java.compiler:/home/dmitry/Downloads/LOOM/loom/build/linux-x86_64-server-release/jdk/modules/java.datatransfer:/home/dmitry/Downloads/LOOM/loom/build/linux-x86_64-server-release/jdk/modules/java.desktop:/home/dmitry/Downloads/LOOM/loom/build/linux-x86_64-server-release/jdk/modules/java.instrument:/home/dmitry/Downloads/LOOM/loom/build/linux-x86_64-server-release/jdk/modules/java.logging:/home/dmitry/Downloads/LOOM/loom/build/linux-x86_64-server-release/jdk/modules/java.management:/home/dmitry/Downloads/LOOM/loom/build/linux-x86_64-server-release/jdk/modules/java.management.rmi:/home/dmitry/Downloads/LOOM/loom/build/linux-x86_64-server-release/jdk/modules/java.naming:/home/dmitry/Downloads/LOOM/loom/build/linux-x86_64-server-release/jdk/modules/java.net.http:/home/dmitry/Downloads/LOOM/loom/build/linux-x86_64-server-release/jdk/modules/java.prefs:/home/dmitry/Downloads/LOOM/loom/build/linux-x86_64-server-release/jdk/modules/java.rmi:/home/dmitry/Downloads/LOOM/loom/build/linux-x86_64-server-release/jdk/modules/java.scripting:/home/dmitry/Downloads/LOOM/loom/build/linux-x86_64-server-release/jdk/modules/java.se:/home/dmitry/Downloads/LOOM/loom/build/linux-x86_64-server-release/jdk/modules/java.security.jgss:/home/dmitry/Downloads/LOOM/loom/build/linux-x86_64-server-release/jdk/modules/java.security.sasl:/home/dmitry/Downloads/LOOM/loom/build/linux-x86_64-server-release/jdk/modules/java.smartcardio:/home/dmitry/Downloads/LOOM/loom/build/linux-x86_64-server-release/jdk/modules/java.sql:/home/dmitry/Downloads/LOOM/loom/build/linux-x86_64-server-release/jdk/modules/java.sql.rowset:/home/dmitry/Downloads/LOOM/loom/build/linux-x86_64-server-release/jdk/modules/java.transaction.xa:/home/dmitry/Downloads/LOOM/loom/build/linux-x86_64-server-release/jdk/modules/java.xml:/home/dmitry/D
Launcher Type: SUN_STANDARD

[Global flags]
     intx CICompilerCount                          = 3                                         {product} {ergonomic}
     uint ConcGCThreads                            = 1                                         {product} {ergonomic}
     uint G1ConcRefinementThreads                  = 4                                         {product} {ergonomic}
   size_t G1HeapRegionSize                         = 1048576                                   {product} {ergonomic}
    uintx GCDrainStackTargetSize                   = 64                                        {product} {ergonomic}
   size_t InitialHeapSize                          = 83886080                                  {product} {ergonomic}
   size_t MarkStackSize                            = 4194304                                   {product} {ergonomic}
   size_t MaxHeapSize                              = 1342177280                                {product} {ergonomic}
   size_t MaxNewSize                               = 805306368                                 {product} {ergonomic}
   size_t MinHeapDeltaBytes                        = 1048576                                   {product} {ergonomic}
    uintx NonNMethodCodeHeapSize                   = 5830732                                {pd product} {ergonomic}
    uintx NonProfiledCodeHeapSize                  = 122913754                              {pd product} {ergonomic}
    uintx ProfiledCodeHeapSize                     = 122913754                              {pd product} {ergonomic}
    uintx ReservedCodeCacheSize                    = 251658240                              {pd product} {ergonomic}
     bool SegmentedCodeCache                       = true                                      {product} {ergonomic}
     bool UseCompressedClassPointers               = true                                 {lp64_product} {ergonomic}
     bool UseCompressedOops                        = true                                 {lp64_product} {ergonomic}
     bool UseG1GC                                  = true                                      {product} {ergonomic}

Logging:
Log output configuration:
 #0: stdout all=warning uptime,level,tags
 #1: stderr all=off uptime,level,tags

Environment Variables:
JAVA_HOME=/home/dmitry/usr/local/java/jdk1.8.0
PATH=/bin:/bin:/usr/local/sbin:/usr/local/bin:/usr/sbin:/usr/bin:/sbin:/bin:/usr/games:/usr/local/games:/snap/bin
USERNAME=dmitry
SHELL=/bin/bash
DISPLAY=:0

Signal Handlers:
SIGSEGV: [libjvm.so+0xfe1ad0], sa_mask[0]=11111111011111111101111111111110, sa_flags=SA_RESTART|SA_SIGINFO
SIGBUS: [libjvm.so+0xfe1ad0], sa_mask[0]=11111111011111111101111111111110, sa_flags=SA_RESTART|SA_SIGINFO
SIGFPE: [libjvm.so+0xfe1ad0], sa_mask[0]=11111111011111111101111111111110, sa_flags=SA_RESTART|SA_SIGINFO
SIGPIPE: [libjvm.so+0xc7f350], sa_mask[0]=11111111011111111101111111111110, sa_flags=SA_RESTART|SA_SIGINFO
SIGXFSZ: [libjvm.so+0xc7f350], sa_mask[0]=11111111011111111101111111111110, sa_flags=SA_RESTART|SA_SIGINFO
SIGILL: [libjvm.so+0xfe1ad0], sa_mask[0]=11111111011111111101111111111110, sa_flags=SA_RESTART|SA_SIGINFO
SIGUSR2: [libjvm.so+0xc7f1f0], sa_mask[0]=00100000000000000000000000000000, sa_flags=SA_RESTART|SA_SIGINFO
SIGHUP: [libjvm.so+0xc7f7f0], sa_mask[0]=11111111011111111101111111111110, sa_flags=SA_RESTART|SA_SIGINFO
SIGINT: [libjvm.so+0xc7f7f0], sa_mask[0]=11111111011111111101111111111110, sa_flags=SA_RESTART|SA_SIGINFO
SIGTERM: [libjvm.so+0xc7f7f0], sa_mask[0]=11111111011111111101111111111110, sa_flags=SA_RESTART|SA_SIGINFO
SIGQUIT: [libjvm.so+0xc7f7f0], sa_mask[0]=11111111011111111101111111111110, sa_flags=SA_RESTART|SA_SIGINFO


---------------  S Y S T E M  ---------------

OS:DISTRIB_ID=Ubuntu
DISTRIB_RELEASE=18.04
DISTRIB_CODENAME=bionic
DISTRIB_DESCRIPTION="Ubuntu 18.04.2 LTS"
uname:Linux 4.18.0-20-generic #21~18.04.1-Ubuntu SMP Wed May 8 08:43:37 UTC 2019 x86_64
libc:glibc 2.27 NPTL 2.27 
rlimit: STACK 8192k, CORE 0k, NPROC 20273, NOFILE 4096, AS infinity, DATA infinity, FSIZE infinity
load average:0,91 2,51 3,48

/proc/meminfo:
MemTotal:        5234996 kB
MemFree:          679312 kB
MemAvailable:    3248364 kB
Buffers:           54780 kB
Cached:          2713804 kB
SwapCached:        12520 kB
Active:          2020628 kB
Inactive:        2235104 kB
Active(anon):     848792 kB
Inactive(anon):   703676 kB
Active(file):    1171836 kB
Inactive(file):  1531428 kB
Unevictable:          32 kB
Mlocked:              32 kB
SwapTotal:       2097148 kB
SwapFree:         925052 kB
Dirty:              6220 kB
Writeback:             0 kB
AnonPages:       1483024 kB
Mapped:           145828 kB
Shmem:             65320 kB
Slab:             189968 kB
SReclaimable:     145572 kB
SUnreclaim:        44396 kB
KernelStack:       10032 kB
PageTables:        38000 kB
NFS_Unstable:          0 kB
Bounce:                0 kB
WritebackTmp:          0 kB
CommitLimit:     4714644 kB
Committed_AS:    5811656 kB
VmallocTotal:   34359738367 kB
VmallocUsed:           0 kB
VmallocChunk:          0 kB
HardwareCorrupted:     0 kB
AnonHugePages:         0 kB
ShmemHugePages:        0 kB
ShmemPmdMapped:        0 kB
CmaTotal:              0 kB
CmaFree:               0 kB
HugePages_Total:       0
HugePages_Free:        0
HugePages_Rsvd:        0
HugePages_Surp:        0
Hugepagesize:       2048 kB
Hugetlb:               0 kB
DirectMap4k:      176064 kB
DirectMap2M:     5234688 kB


/proc/sys/kernel/threads-max (system-wide limit on the number of threads):
40547


/proc/sys/vm/max_map_count (maximum number of memory map areas a process may have):
65530


/proc/sys/kernel/pid_max (system-wide limit on number of process identifiers):
32768



container (cgroup) information:
container_type: cgroupv1
cpu_cpuset_cpus: 0-3
cpu_memory_nodes: 0
active_processor_count: 4
cpu_quota: no quota
cpu_period: 100000
cpu_shares: no shares
memory_limit_in_bytes: unlimited
memory_and_swap_limit_in_bytes: not supported
memory_soft_limit_in_bytes: unlimited
memory_usage_in_bytes: 4354330624
memory_max_usage_in_bytes: 48168960

KVM virtualization detected
Steal ticks since vm start: 0
Steal ticks percentage since vm start:  0,000

CPU:total 4 (initial active 4) (4 cores per cpu, 1 threads per core) family 6 model 60 stepping 3, cmov, cx8, fxsr, mmx, sse, sse2, sse3, ssse3, sse4.1, sse4.2, popcnt, avx, avx2, aes, clmul, lzcnt, tsc, tscinvbit
CPU Model and flags from /proc/cpuinfo:
model name	: Intel(R) Core(TM) i7-4700HQ CPU @ 2.40GHz
flags		: fpu vme de pse tsc msr pae mce cx8 apic sep mtrr pge mca cmov pat pse36 clflush mmx fxsr sse sse2 ht syscall nx rdtscp lm constant_tsc rep_good nopl xtopology nonstop_tsc cpuid tsc_known_freq pni pclmulqdq ssse3 cx16 pcid sse4_1 sse4_2 x2apic movbe popcnt aes xsave avx rdrand hypervisor lahf_lm abm invpcid_single pti fsgsbase avx2 invpcid flush_l1d

Memory: 4k page, physical 5234996k(679312k free), swap 2097148k(925052k free)

vm_info: OpenJDK 64-Bit Server VM (13-internal+0-adhoc.dmitry.loom) for linux-amd64 JRE (13-internal+0-adhoc.dmitry.loom), built on May 19 2019 00:42:28 by "dmitry" with gcc 7.4.0

END.
