#
# A fatal error has been detected by the Java Runtime Environment:
#
#  SIGSEGV (0xb) at pc=0x00007f42c7267e3a, pid=25723, tid=25750
#
# JRE version: OpenJDK Runtime Environment (13.0) (build 13-internal+0-adhoc.dmitry.loom)
# Java VM: OpenJDK 64-Bit Server VM (13-internal+0-adhoc.dmitry.loom, mixed mode, tiered, compressed oops, g1 gc, linux-amd64)
# Problematic frame:
# V  [libjvm.so+0x683e3a]  ContMirror::read()+0x1a
#
# Core dump will be written. Default location: Core dumps may be processed with "/usr/share/apport/apport %p %s %c %d %P" (or dumping to /home/dmitry/Downloads/LoadDetector/core.25723)
#
# If you would like to submit a bug report, please visit:
#   http://bugreport.java.com/bugreport/crash.jsp
#

---------------  S U M M A R Y ------------

Command Line: -agentlib:jdwp=transport=dt_socket,address=127.0.0.1:17189,suspend=y,server=n -Dfile.encoding=UTF-8 Main

Host: Intel(R) Core(TM) i7-4700HQ CPU @ 2.40GHz, 4 cores, 4G, Ubuntu 18.04.2 LTS
Time: Sun May 12 23:29:37 2019 MSK elapsed time: 6 seconds (0d 0h 0m 6s)

---------------  T H R E A D  ---------------

Current thread (0x00007f42c02a8000):  JavaThread "Thread-1" [_thread_in_vm, id=25750, stack(0x00007f4296603000,0x00007f4296704000)]

Stack: [0x00007f4296603000,0x00007f4296704000],  sp=0x00007f42967001b0,  free space=1012k
Native frames: (J=compiled Java code, A=aot compiled Java code, j=interpreted, Vv=VM code, C=native code)
V  [libjvm.so+0x683e3a]  ContMirror::read()+0x1a
V  [libjvm.so+0x689537]  Continuation::freeze0(JavaThread*, FrameInfo*, bool) [clone .part.304]+0x507
V  [libjvm.so+0x689c87]  Continuation::freeze(JavaThread*, FrameInfo*)+0x127
v  ~RuntimeStub::cont_doYield
C  0x00007f4296702838
j  java.lang.Continuation.pause(Ljava/lang/ContinuationScope;)Z+3 java.base
j  Main.lambda$main$1(Ljava/lang/Continuation;Ljava/lang/ContinuationScope;Ljava/lang/Thread;)V+21
j  Main$$Lambda$42.run()V+12
j  java.lang.Thread.run()V+11 java.base
v  ~StubRoutines::call_stub
V  [libjvm.so+0x8bcd99]  JavaCalls::call_helper(JavaValue*, methodHandle const&, JavaCallArguments*, Thread*)+0x3c9
V  [libjvm.so+0x8badb5]  JavaCalls::call_virtual(JavaValue*, Handle, Klass*, Symbol*, Symbol*, Thread*)+0x1e5
V  [libjvm.so+0x965c2c]  thread_entry(JavaThread*, Thread*)+0x6c
V  [libjvm.so+0xf736e2]  JavaThread::run()+0x232
V  [libjvm.so+0xf7145d]  Thread::call_run()+0x10d
V  [libjvm.so+0xc8b7c7]  thread_native_entry(Thread*)+0xe7

Java frames: (J=compiled Java code, j=interpreted, Vv=VM code)
v  ~RuntimeStub::cont_doYield
j  java.lang.Continuation.yield0(Ljava/lang/ContinuationScope;Ljava/lang/Continuation;)Z+60 java.base
j  java.lang.Continuation.pause(Ljava/lang/ContinuationScope;)Z+3 java.base
j  Main.lambda$main$1(Ljava/lang/Continuation;Ljava/lang/ContinuationScope;Ljava/lang/Thread;)V+21
j  Main$$Lambda$42.run()V+12
j  java.lang.Thread.run()V+11 java.base
v  ~StubRoutines::call_stub

siginfo: si_signo: 11 (SIGSEGV), si_code: 1 (SEGV_MAPERR), si_addr: 0x0000000000000020

Register to memory mapping:

RAX=0x0000000000000020 is an unknown value
RBX=0x00007f4296701550 is pointing into the stack for thread: 0x00007f42c02a8000
RCX=0x00007f4296702888 is pointing into the stack for thread: 0x00007f42c02a8000
RDX=0x00007f42c8262b58: <offset 0x000000000167eb58> in /home/dmitry/Downloads/LOOM/loom/build/linux-x86_64-server-release/jdk/lib/server/libjvm.so at 0x00007f42c6be4000
RSP=0x00007f42967001b0 is pointing into the stack for thread: 0x00007f42c02a8000
RBP=0x00007f42967001c0 is pointing into the stack for thread: 0x00007f42c02a8000
RSI=0x00007f42b10194c0 is at code_begin+3872 in an Interpreter codelet
invoke return entry points  [0x00007f42b10185a0, 0x00007f42b101adc0]  10272 bytes
RDI=0x0 is NULL
R8 =0x00007f42b1000000 points into unknown readable memory: 04 00 00 00 00 00 00 00
R9 =0x000000000000000b is an unknown value
R10=0x0000000000000800 is an unknown value
R11=0x0000000000000400 is an unknown value
R12=0x00007f42840218f0 points into unknown readable memory: 00 00 00 00 00 00 00 00
R13=0x00007f4296701550 is pointing into the stack for thread: 0x00007f42c02a8000
R14=0x00007f42c02a26b0 points into unknown readable memory: 02 00 00 00 00 00 00 00
R15=0x00007f4296702810 is pointing into the stack for thread: 0x00007f42c02a8000


Registers:
RAX=0x0000000000000020, RBX=0x00007f4296701550, RCX=0x00007f4296702888, RDX=0x00007f42c8262b58
RSP=0x00007f42967001b0, RBP=0x00007f42967001c0, RSI=0x00007f42b10194c0, RDI=0x0000000000000000
R8 =0x00007f42b1000000, R9 =0x000000000000000b, R10=0x0000000000000800, R11=0x0000000000000400
R12=0x00007f42840218f0, R13=0x00007f4296701550, R14=0x00007f42c02a26b0, R15=0x00007f4296702810
RIP=0x00007f42c7267e3a, EFLAGS=0x0000000000010202, CSGSFS=0x002b000000000033, ERR=0x0000000000000004
  TRAPNO=0x000000000000000e

Top of Stack: (sp=0x00007f42967001b0)
0x00007f42967001b0:   00007f42b10194c0 00007f42c02a8000
0x00007f42967001c0:   00007f42967027c0 00007f42c726d537
0x00007f42967001d0:   00007f42c02a8000 00007f42967002d0
0x00007f42967001e0:   0000000000000000 00007f42c8260220 

Instructions: (pc=0x00007f42c7267e3a)
0x00007f42c7267d3a:   08 48 63 00 89 0c 02 48 8d 05 8c e5 fd 00 48 8b
0x00007f42c7267d4a:   4b 30 48 8b 53 08 48 63 00 48 89 0c 02 48 8d 05
0x00007f42c7267d5a:   6e e5 fd 00 48 8b 53 08 48 8b 4b 38 48 63 00 48
0x00007f42c7267d6a:   89 0c 02 48 8d 05 54 e5 fd 00 8b 4b 60 48 8b 53
0x00007f42c7267d7a:   08 48 63 00 89 0c 02 48 8d 05 58 e5 fd 00 48 8b
0x00007f42c7267d8a:   53 08 48 8b 4b 10 48 63 00 48 89 0c 02 48 8d 05
0x00007f42c7267d9a:   3e e5 fd 00 48 8b 4b 18 48 8b 53 08 48 63 00 48
0x00007f42c7267daa:   89 0c 02 48 8d 05 24 e5 fd 00 48 63 00 48 8b 53
0x00007f42c7267dba:   08 48 8b 4b 20 48 89 0c 02 48 8d 05 2e e5 fd 00
0x00007f42c7267dca:   48 8b 53 08 48 8b 4b 58 48 63 00 89 0c 02 48 8d
0x00007f42c7267dda:   05 e1 e4 fd 00 0f b6 4b 70 48 8b 53 08 48 63 00
0x00007f42c7267dea:   88 0c 02 48 8d 05 00 e5 fd 00 0f b7 4b 74 48 8b
0x00007f42c7267dfa:   53 08 48 63 00 66 89 0c 02 48 8d 05 e6 e4 fd 00
0x00007f42c7267e0a:   0f b7 4b 72 48 8b 53 08 48 63 00 66 89 0c 02 48
0x00007f42c7267e1a:   83 c4 08 5b 5d c3 55 48 89 e5 53 48 89 fb 48 83
0x00007f42c7267e2a:   ec 08 48 8d 05 ad e4 fd 00 48 8b 7f 08 48 63 00
0x00007f42c7267e3a:   48 8b 04 38 48 89 43 10 48 8d 05 93 e4 fd 00 48
0x00007f42c7267e4a:   63 00 48 8b 04 38 48 89 43 18 48 8d 05 7d e4 fd
0x00007f42c7267e5a:   00 48 63 00 48 8b 04 38 48 89 43 20 48 8d 05 63
0x00007f42c7267e6a:   e4 fd 00 48 63 00 8b 04 38 89 43 28 48 8d 05 57
0x00007f42c7267e7a:   e4 fd 00 48 63 00 48 8b 04 38 48 89 43 30 48 8d
0x00007f42c7267e8a:   05 3d e4 fd 00 48 63 00 48 8b 04 38 48 89 43 38
0x00007f42c7267e9a:   48 8d 05 5b e4 fd 00 48 63 30 ff 15 96 41 f7 00
0x00007f42c7267eaa:   48 85 c0 48 89 43 40 0f 84 b9 01 00 00 48 8d 15
0x00007f42c7267eba:   1e c9 fd 00 80 3a 01 48 19 c9 83 e1 04 80 3a 01
0x00007f42c7267eca:   8b 4c 08 0c 48 19 d2 89 4b 48 83 e2 08 48 8d 44
0x00007f42c7267eda:   10 10 48 89 43 50 48 8d 05 11 e4 fd 00 48 8b 7b
0x00007f42c7267eea:   08 48 63 00 48 63 04 07 48 89 43 58 48 8d 05 ef
0x00007f42c7267efa:   e3 fd 00 48 63 30 ff 15 3a 41 f7 00 48 8d 15 bb
0x00007f42c7267f0a:   e3 fd 00 48 89 43 68 48 8b 43 08 48 83 3d 13 ae
0x00007f42c7267f1a:   fb 00 00 48 63 12 8b 14 02 89 53 60 48 8d 15 93
0x00007f42c7267f2a:   e3 fd 00 48 63 12 0f b6 14 02 88 53 70 48 8d 15 


Stack slot to memory mapping:
stack at sp + 0 slots: 0x00007f42b10194c0 is at code_begin+3872 in an Interpreter codelet
invoke return entry points  [0x00007f42b10185a0, 0x00007f42b101adc0]  10272 bytes
stack at sp + 1 slots: 0x00007f42c02a8000 is a thread
stack at sp + 2 slots: 0x00007f42967027c0 is pointing into the stack for thread: 0x00007f42c02a8000
stack at sp + 3 slots: 0x00007f42c726d537: <offset 0x0000000000689537> in /home/dmitry/Downloads/LOOM/loom/build/linux-x86_64-server-release/jdk/lib/server/libjvm.so at 0x00007f42c6be4000
stack at sp + 4 slots: 0x00007f42c02a8000 is a thread
stack at sp + 5 slots: 0x00007f42967002d0 is pointing into the stack for thread: 0x00007f42c02a8000
stack at sp + 6 slots: 0x0 is NULL
stack at sp + 7 slots: 0x00007f42c8260220: <offset 0x000000000167c220> in /home/dmitry/Downloads/LOOM/loom/build/linux-x86_64-server-release/jdk/lib/server/libjvm.so at 0x00007f42c6be4000


---------------  P R O C E S S  ---------------

Threads class SMR info:
_java_thread_list=0x00007f425c001890, length=13, elements={
0x00007f42c013b800, 0x00007f42c013f000, 0x00007f42c0161000, 0x00007f42c0165800,
0x00007f42c0167800, 0x00007f42c0169800, 0x00007f42c0182000, 0x00007f42c028f800,
0x00007f42c0292800, 0x00007f4268001800, 0x00007f42c0295000, 0x00007f42c02a8000,
0x00007f42c0017800
}
_to_delete_list=0x00007f42c02a7c20, length=14, elements={
0x00007f42c013b800, 0x00007f42c013f000, 0x00007f42c0161000, 0x00007f42c0165800,
0x00007f42c0167800, 0x00007f42c0169800, 0x00007f42c0182000, 0x00007f42c028f800,
0x00007f42c0292800, 0x00007f4268001800, 0x00007f42c0295000, 0x00007f42c02a8000,
0x00007f42c02a9000, 0x00007f42c0017800
}

Java Threads: ( => current thread )
  0x00007f42c013b800 JavaThread "Reference Handler" daemon [_thread_blocked, id=25731, stack(0x00007f42ac3f9000,0x00007f42ac4fa000)]
  0x00007f42c013f000 JavaThread "Finalizer" daemon [_thread_blocked, id=25732, stack(0x00007f42ac2f8000,0x00007f42ac3f9000)]
  0x00007f42c0161000 JavaThread "Signal Dispatcher" daemon [_thread_blocked, id=25733, stack(0x00007f42ac1f7000,0x00007f42ac2f8000)]
  0x00007f42c0165800 JavaThread "C2 CompilerThread0" daemon [_thread_blocked, id=25734, stack(0x00007f42ac0f6000,0x00007f42ac1f7000)]
  0x00007f42c0167800 JavaThread "C1 CompilerThread0" daemon [_thread_blocked, id=25735, stack(0x00007f4296d30000,0x00007f4296e31000)]
  0x00007f42c0169800 JavaThread "Sweeper thread" daemon [_thread_blocked, id=25736, stack(0x00007f4296c2f000,0x00007f4296d30000)]
  0x00007f42c0182000 JavaThread "Common-Cleaner" daemon [_thread_blocked, id=25737, stack(0x00007f4296704000,0x00007f4296805000)]
  0x00007f42c028f800 JavaThread "JDWP Transport Listener: dt_socket" daemon [_thread_blocked, id=25740, stack(0x00007f42962fc000,0x00007f42963fd000)]
  0x00007f42c0292800 JavaThread "JDWP Event Helper Thread" daemon [_thread_blocked, id=25741, stack(0x00007f42961fb000,0x00007f42962fc000)]
  0x00007f4268001800 JavaThread "JDWP Command Reader" daemon [_thread_in_native, id=25742, stack(0x00007f42960fa000,0x00007f42961fb000)]
  0x00007f42c0295000 JavaThread "Service Thread" daemon [_thread_blocked, id=25748, stack(0x00007f4295ff9000,0x00007f42960fa000)]
=>0x00007f42c02a8000 JavaThread "Thread-1" [_thread_in_vm, id=25750, stack(0x00007f4296603000,0x00007f4296704000)]
  0x00007f42c0017800 JavaThread "DestroyJavaVM" [_thread_blocked, id=25724, stack(0x00007f42c8fe8000,0x00007f42c90e9000)]

Other Threads:
  0x00007f42c012f800 VMThread "VM Thread" [stack: 0x00007f42ac4fc000,0x00007f42ac5fc000] [id=25730]
  0x00007f42c0297000 WatcherThread [stack: 0x00007f4295ef9000,0x00007f4295ff9000] [id=25749]
  0x00007f42c005b000 GCTaskThread "GC Thread#0" [stack: 0x00007f42c470a000,0x00007f42c480a000] [id=25725]
  0x00007f42c0065000 ConcurrentGCThread "G1 Main Marker" [stack: 0x00007f42c4608000,0x00007f42c4708000] [id=25726]
  0x00007f42c0066800 ConcurrentGCThread "G1 Conc#0" [stack: 0x00007f42c4506000,0x00007f42c4606000] [id=25727]
  0x00007f42c00bb000 ConcurrentGCThread "G1 Refine#0" [stack: 0x00007f42ac700000,0x00007f42ac800000] [id=25728]
  0x00007f42c00bc800 ConcurrentGCThread "G1 Young RemSet Sampling" [stack: 0x00007f42ac5fe000,0x00007f42ac6fe000] [id=25729]

Threads with active compile tasks:

VM state:not at safepoint (normal execution)

VM Mutex/Monitor currently owned by a thread: None

Heap address: 0x00000000b0000000, size: 1280 MB, Compressed Oops mode: 32-bit
Narrow klass base: 0x0000000000000000, Narrow klass shift: 3
Compressed class space size: 1073741824 Address: 0x0000000100000000

Heap:
 garbage-first heap   total 81920K, used 7168K [0x00000000b0000000, 0x0000000100000000)
  region size 1024K, 8 young (8192K), 0 survivors (0K)
 Metaspace       used 7054K, capacity 7212K, committed 7424K, reserved 1056768K
  class space    used 610K, capacity 663K, committed 768K, reserved 1048576K
Heap Regions: E=young(eden), S=young(survivor), O=old, HS=humongous(starts), HC=humongous(continues), CS=collection set, F=free, A=archive, TAMS=top-at-mark-start (previous, next)
|   0|0x00000000b0000000, 0x00000000b0000000, 0x00000000b0100000|  0%| F|  |TAMS 0x00000000b0000000, 0x00000000b0000000| Untracked 
|   1|0x00000000b0100000, 0x00000000b0100000, 0x00000000b0200000|  0%| F|  |TAMS 0x00000000b0100000, 0x00000000b0100000| Untracked 
|   2|0x00000000b0200000, 0x00000000b0200000, 0x00000000b0300000|  0%| F|  |TAMS 0x00000000b0200000, 0x00000000b0200000| Untracked 
|   3|0x00000000b0300000, 0x00000000b0300000, 0x00000000b0400000|  0%| F|  |TAMS 0x00000000b0300000, 0x00000000b0300000| Untracked 
|   4|0x00000000b0400000, 0x00000000b0400000, 0x00000000b0500000|  0%| F|  |TAMS 0x00000000b0400000, 0x00000000b0400000| Untracked 
|   5|0x00000000b0500000, 0x00000000b0500000, 0x00000000b0600000|  0%| F|  |TAMS 0x00000000b0500000, 0x00000000b0500000| Untracked 
|   6|0x00000000b0600000, 0x00000000b0600000, 0x00000000b0700000|  0%| F|  |TAMS 0x00000000b0600000, 0x00000000b0600000| Untracked 
|   7|0x00000000b0700000, 0x00000000b0700000, 0x00000000b0800000|  0%| F|  |TAMS 0x00000000b0700000, 0x00000000b0700000| Untracked 
|   8|0x00000000b0800000, 0x00000000b0800000, 0x00000000b0900000|  0%| F|  |TAMS 0x00000000b0800000, 0x00000000b0800000| Untracked 
|   9|0x00000000b0900000, 0x00000000b0900000, 0x00000000b0a00000|  0%| F|  |TAMS 0x00000000b0900000, 0x00000000b0900000| Untracked 
|  10|0x00000000b0a00000, 0x00000000b0a00000, 0x00000000b0b00000|  0%| F|  |TAMS 0x00000000b0a00000, 0x00000000b0a00000| Untracked 
|  11|0x00000000b0b00000, 0x00000000b0b00000, 0x00000000b0c00000|  0%| F|  |TAMS 0x00000000b0b00000, 0x00000000b0b00000| Untracked 
|  12|0x00000000b0c00000, 0x00000000b0c00000, 0x00000000b0d00000|  0%| F|  |TAMS 0x00000000b0c00000, 0x00000000b0c00000| Untracked 
|  13|0x00000000b0d00000, 0x00000000b0d00000, 0x00000000b0e00000|  0%| F|  |TAMS 0x00000000b0d00000, 0x00000000b0d00000| Untracked 
|  14|0x00000000b0e00000, 0x00000000b0e00000, 0x00000000b0f00000|  0%| F|  |TAMS 0x00000000b0e00000, 0x00000000b0e00000| Untracked 
|  15|0x00000000b0f00000, 0x00000000b0f00000, 0x00000000b1000000|  0%| F|  |TAMS 0x00000000b0f00000, 0x00000000b0f00000| Untracked 
|  16|0x00000000b1000000, 0x00000000b1000000, 0x00000000b1100000|  0%| F|  |TAMS 0x00000000b1000000, 0x00000000b1000000| Untracked 
|  17|0x00000000b1100000, 0x00000000b1100000, 0x00000000b1200000|  0%| F|  |TAMS 0x00000000b1100000, 0x00000000b1100000| Untracked 
|  18|0x00000000b1200000, 0x00000000b1200000, 0x00000000b1300000|  0%| F|  |TAMS 0x00000000b1200000, 0x00000000b1200000| Untracked 
|  19|0x00000000b1300000, 0x00000000b1300000, 0x00000000b1400000|  0%| F|  |TAMS 0x00000000b1300000, 0x00000000b1300000| Untracked 
|  20|0x00000000b1400000, 0x00000000b1400000, 0x00000000b1500000|  0%| F|  |TAMS 0x00000000b1400000, 0x00000000b1400000| Untracked 
|  21|0x00000000b1500000, 0x00000000b1500000, 0x00000000b1600000|  0%| F|  |TAMS 0x00000000b1500000, 0x00000000b1500000| Untracked 
|  22|0x00000000b1600000, 0x00000000b1600000, 0x00000000b1700000|  0%| F|  |TAMS 0x00000000b1600000, 0x00000000b1600000| Untracked 
|  23|0x00000000b1700000, 0x00000000b1700000, 0x00000000b1800000|  0%| F|  |TAMS 0x00000000b1700000, 0x00000000b1700000| Untracked 
|  24|0x00000000b1800000, 0x00000000b1800000, 0x00000000b1900000|  0%| F|  |TAMS 0x00000000b1800000, 0x00000000b1800000| Untracked 
|  25|0x00000000b1900000, 0x00000000b1900000, 0x00000000b1a00000|  0%| F|  |TAMS 0x00000000b1900000, 0x00000000b1900000| Untracked 
|  26|0x00000000b1a00000, 0x00000000b1a00000, 0x00000000b1b00000|  0%| F|  |TAMS 0x00000000b1a00000, 0x00000000b1a00000| Untracked 
|  27|0x00000000b1b00000, 0x00000000b1b00000, 0x00000000b1c00000|  0%| F|  |TAMS 0x00000000b1b00000, 0x00000000b1b00000| Untracked 
|  28|0x00000000b1c00000, 0x00000000b1c00000, 0x00000000b1d00000|  0%| F|  |TAMS 0x00000000b1c00000, 0x00000000b1c00000| Untracked 
|  29|0x00000000b1d00000, 0x00000000b1d00000, 0x00000000b1e00000|  0%| F|  |TAMS 0x00000000b1d00000, 0x00000000b1d00000| Untracked 
|  30|0x00000000b1e00000, 0x00000000b1e00000, 0x00000000b1f00000|  0%| F|  |TAMS 0x00000000b1e00000, 0x00000000b1e00000| Untracked 
|  31|0x00000000b1f00000, 0x00000000b1f00000, 0x00000000b2000000|  0%| F|  |TAMS 0x00000000b1f00000, 0x00000000b1f00000| Untracked 
|  32|0x00000000b2000000, 0x00000000b2000000, 0x00000000b2100000|  0%| F|  |TAMS 0x00000000b2000000, 0x00000000b2000000| Untracked 
|  33|0x00000000b2100000, 0x00000000b2100000, 0x00000000b2200000|  0%| F|  |TAMS 0x00000000b2100000, 0x00000000b2100000| Untracked 
|  34|0x00000000b2200000, 0x00000000b2200000, 0x00000000b2300000|  0%| F|  |TAMS 0x00000000b2200000, 0x00000000b2200000| Untracked 
|  35|0x00000000b2300000, 0x00000000b2300000, 0x00000000b2400000|  0%| F|  |TAMS 0x00000000b2300000, 0x00000000b2300000| Untracked 
|  36|0x00000000b2400000, 0x00000000b2400000, 0x00000000b2500000|  0%| F|  |TAMS 0x00000000b2400000, 0x00000000b2400000| Untracked 
|  37|0x00000000b2500000, 0x00000000b2500000, 0x00000000b2600000|  0%| F|  |TAMS 0x00000000b2500000, 0x00000000b2500000| Untracked 
|  38|0x00000000b2600000, 0x00000000b2600000, 0x00000000b2700000|  0%| F|  |TAMS 0x00000000b2600000, 0x00000000b2600000| Untracked 
|  39|0x00000000b2700000, 0x00000000b2700000, 0x00000000b2800000|  0%| F|  |TAMS 0x00000000b2700000, 0x00000000b2700000| Untracked 
|  40|0x00000000b2800000, 0x00000000b2800000, 0x00000000b2900000|  0%| F|  |TAMS 0x00000000b2800000, 0x00000000b2800000| Untracked 
|  41|0x00000000b2900000, 0x00000000b2900000, 0x00000000b2a00000|  0%| F|  |TAMS 0x00000000b2900000, 0x00000000b2900000| Untracked 
|  42|0x00000000b2a00000, 0x00000000b2a00000, 0x00000000b2b00000|  0%| F|  |TAMS 0x00000000b2a00000, 0x00000000b2a00000| Untracked 
|  43|0x00000000b2b00000, 0x00000000b2b00000, 0x00000000b2c00000|  0%| F|  |TAMS 0x00000000b2b00000, 0x00000000b2b00000| Untracked 
|  44|0x00000000b2c00000, 0x00000000b2c00000, 0x00000000b2d00000|  0%| F|  |TAMS 0x00000000b2c00000, 0x00000000b2c00000| Untracked 
|  45|0x00000000b2d00000, 0x00000000b2d00000, 0x00000000b2e00000|  0%| F|  |TAMS 0x00000000b2d00000, 0x00000000b2d00000| Untracked 
|  46|0x00000000b2e00000, 0x00000000b2e00000, 0x00000000b2f00000|  0%| F|  |TAMS 0x00000000b2e00000, 0x00000000b2e00000| Untracked 
|  47|0x00000000b2f00000, 0x00000000b2f00000, 0x00000000b3000000|  0%| F|  |TAMS 0x00000000b2f00000, 0x00000000b2f00000| Untracked 
|  48|0x00000000b3000000, 0x00000000b3000000, 0x00000000b3100000|  0%| F|  |TAMS 0x00000000b3000000, 0x00000000b3000000| Untracked 
|  49|0x00000000b3100000, 0x00000000b3100000, 0x00000000b3200000|  0%| F|  |TAMS 0x00000000b3100000, 0x00000000b3100000| Untracked 
|  50|0x00000000b3200000, 0x00000000b3200000, 0x00000000b3300000|  0%| F|  |TAMS 0x00000000b3200000, 0x00000000b3200000| Untracked 
|  51|0x00000000b3300000, 0x00000000b3300000, 0x00000000b3400000|  0%| F|  |TAMS 0x00000000b3300000, 0x00000000b3300000| Untracked 
|  52|0x00000000b3400000, 0x00000000b3400000, 0x00000000b3500000|  0%| F|  |TAMS 0x00000000b3400000, 0x00000000b3400000| Untracked 
|  53|0x00000000b3500000, 0x00000000b3500000, 0x00000000b3600000|  0%| F|  |TAMS 0x00000000b3500000, 0x00000000b3500000| Untracked 
|  54|0x00000000b3600000, 0x00000000b3600000, 0x00000000b3700000|  0%| F|  |TAMS 0x00000000b3600000, 0x00000000b3600000| Untracked 
|  55|0x00000000b3700000, 0x00000000b3700000, 0x00000000b3800000|  0%| F|  |TAMS 0x00000000b3700000, 0x00000000b3700000| Untracked 
|  56|0x00000000b3800000, 0x00000000b3800000, 0x00000000b3900000|  0%| F|  |TAMS 0x00000000b3800000, 0x00000000b3800000| Untracked 
|  57|0x00000000b3900000, 0x00000000b3900000, 0x00000000b3a00000|  0%| F|  |TAMS 0x00000000b3900000, 0x00000000b3900000| Untracked 
|  58|0x00000000b3a00000, 0x00000000b3a00000, 0x00000000b3b00000|  0%| F|  |TAMS 0x00000000b3a00000, 0x00000000b3a00000| Untracked 
|  59|0x00000000b3b00000, 0x00000000b3b00000, 0x00000000b3c00000|  0%| F|  |TAMS 0x00000000b3b00000, 0x00000000b3b00000| Untracked 
|  60|0x00000000b3c00000, 0x00000000b3c00000, 0x00000000b3d00000|  0%| F|  |TAMS 0x00000000b3c00000, 0x00000000b3c00000| Untracked 
|  61|0x00000000b3d00000, 0x00000000b3d00000, 0x00000000b3e00000|  0%| F|  |TAMS 0x00000000b3d00000, 0x00000000b3d00000| Untracked 
|  62|0x00000000b3e00000, 0x00000000b3e00000, 0x00000000b3f00000|  0%| F|  |TAMS 0x00000000b3e00000, 0x00000000b3e00000| Untracked 
|  63|0x00000000b3f00000, 0x00000000b3f00000, 0x00000000b4000000|  0%| F|  |TAMS 0x00000000b3f00000, 0x00000000b3f00000| Untracked 
|  64|0x00000000b4000000, 0x00000000b4000000, 0x00000000b4100000|  0%| F|  |TAMS 0x00000000b4000000, 0x00000000b4000000| Untracked 
|  65|0x00000000b4100000, 0x00000000b4100000, 0x00000000b4200000|  0%| F|  |TAMS 0x00000000b4100000, 0x00000000b4100000| Untracked 
|  66|0x00000000b4200000, 0x00000000b4200000, 0x00000000b4300000|  0%| F|  |TAMS 0x00000000b4200000, 0x00000000b4200000| Untracked 
|  67|0x00000000b4300000, 0x00000000b4300000, 0x00000000b4400000|  0%| F|  |TAMS 0x00000000b4300000, 0x00000000b4300000| Untracked 
|  68|0x00000000b4400000, 0x00000000b4400000, 0x00000000b4500000|  0%| F|  |TAMS 0x00000000b4400000, 0x00000000b4400000| Untracked 
|  69|0x00000000b4500000, 0x00000000b4500000, 0x00000000b4600000|  0%| F|  |TAMS 0x00000000b4500000, 0x00000000b4500000| Untracked 
|  70|0x00000000b4600000, 0x00000000b4600000, 0x00000000b4700000|  0%| F|  |TAMS 0x00000000b4600000, 0x00000000b4600000| Untracked 
|  71|0x00000000b4700000, 0x00000000b4700000, 0x00000000b4800000|  0%| F|  |TAMS 0x00000000b4700000, 0x00000000b4700000| Untracked 
|  72|0x00000000b4800000, 0x00000000b4900000, 0x00000000b4900000|100%| E|  |TAMS 0x00000000b4800000, 0x00000000b4800000| Complete 
|  73|0x00000000b4900000, 0x00000000b4a00000, 0x00000000b4a00000|100%| E|CS|TAMS 0x00000000b4900000, 0x00000000b4900000| Complete 
|  74|0x00000000b4a00000, 0x00000000b4b00000, 0x00000000b4b00000|100%| E|CS|TAMS 0x00000000b4a00000, 0x00000000b4a00000| Complete 
|  75|0x00000000b4b00000, 0x00000000b4c00000, 0x00000000b4c00000|100%| E|CS|TAMS 0x00000000b4b00000, 0x00000000b4b00000| Complete 
|  76|0x00000000b4c00000, 0x00000000b4d00000, 0x00000000b4d00000|100%| E|CS|TAMS 0x00000000b4c00000, 0x00000000b4c00000| Complete 
|  77|0x00000000b4d00000, 0x00000000b4e00000, 0x00000000b4e00000|100%| E|CS|TAMS 0x00000000b4d00000, 0x00000000b4d00000| Complete 
|  78|0x00000000b4e00000, 0x00000000b4f00000, 0x00000000b4f00000|100%| E|CS|TAMS 0x00000000b4e00000, 0x00000000b4e00000| Complete 
|  79|0x00000000b4f00000, 0x00000000b5000000, 0x00000000b5000000|100%| E|CS|TAMS 0x00000000b4f00000, 0x00000000b4f00000| Complete 

Card table byte_map: [0x00007f42c4a8a000,0x00007f42c4d0a000] _byte_map_base: 0x00007f42c450a000

Marking Bits (Prev, Next): (CMBitMap*) 0x00007f42c005c518, (CMBitMap*) 0x00007f42c005c558
 Prev Bits: [0x00007f42afc00000, 0x00007f42b1000000)
 Next Bits: [0x00007f42ae800000, 0x00007f42afc00000)

Polling page: 0x00007f42c90fc000

Metaspace:

Usage:
  Non-class:      6,40 MB capacity,     6,29 MB ( 98%) used,    93,68 KB (  1%) free+waste,    10,69 KB ( <1%) overhead. 
      Class:    663,00 KB capacity,   610,20 KB ( 92%) used,    47,23 KB (  7%) free+waste,     5,56 KB ( <1%) overhead. 
       Both:      7,04 MB capacity,     6,89 MB ( 98%) used,   140,91 KB (  2%) free+waste,    16,25 KB ( <1%) overhead. 

Virtual space:
  Non-class space:        8,00 MB reserved,       6,50 MB ( 81%) committed 
      Class space:        1,00 GB reserved,     768,00 KB ( <1%) committed 
             Both:        1,01 GB reserved,       7,25 MB ( <1%) committed 

Chunk freelists:
   Non-Class:  43,00 KB
       Class:  9,00 KB
        Both:  52,00 KB

MaxMetaspaceSize: unlimited
CompressedClassSpaceSize: 1,00 GB

CodeHeap 'non-profiled nmethods': size=120032Kb used=205Kb max_used=205Kb free=119826Kb
 bounds [0x00007f42b8ac8000, 0x00007f42b8d38000, 0x00007f42c0000000]
CodeHeap 'profiled nmethods': size=120032Kb used=802Kb max_used=802Kb free=119229Kb
 bounds [0x00007f42b1590000, 0x00007f42b1800000, 0x00007f42b8ac8000]
CodeHeap 'non-nmethods': size=5696Kb used=1180Kb max_used=1208Kb free=4515Kb
 bounds [0x00007f42b1000000, 0x00007f42b1270000, 0x00007f42b1590000]
 total_blobs=1040 nmethods=550 adapters=248
 compilation: enabled
              stopped_count=0, restarted_count=0
 full_count=0

Compilation events (10 events):
Event: 1,951 Thread 0x00007f42c0167800  549       3       java.lang.Character::toUpperCase (9 bytes)
Event: 1,951 Thread 0x00007f42c0167800 nmethod 549 0x00007f42b1657310 code [0x00007f42b16574c0, 0x00007f42b1657718]
Event: 2,233 Thread 0x00007f42c0167800  554       3       java.lang.invoke.MemberName::isStatic (8 bytes)
Event: 2,233 Thread 0x00007f42c0167800 nmethod 554 0x00007f42b1657810 code [0x00007f42b16579c0, 0x00007f42b1657bd0]
Event: 2,233 Thread 0x00007f42c0167800  553       3       java.lang.ref.Reference::<init> (25 bytes)
Event: 2,234 Thread 0x00007f42c0167800 nmethod 553 0x00007f42b1657c90 code [0x00007f42b1657e40, 0x00007f42b1658110]
Event: 2,234 Thread 0x00007f42c0167800  552       3       java.lang.ref.SoftReference::get (29 bytes)
Event: 2,234 Thread 0x00007f42c0167800 nmethod 552 0x00007f42b1658210 code [0x00007f42b16583c0, 0x00007f42b16585f0]
Event: 2,234 Thread 0x00007f42c0167800  550       3       jdk.internal.reflect.ReflectionFactory::langReflectAccess (15 bytes)
Event: 2,234 Thread 0x00007f42c0167800 nmethod 550 0x00007f42b1658690 code [0x00007f42b1658840, 0x00007f42b1658a50]

GC Heap History (0 events):
No events

Deoptimization events (2 events):
Event: 0,768 Thread 0x00007f42c0017800 Uncommon trap: reason=unstable_if action=reinterpret pc=0x00007f42b8ad8ed8 method=java.io.DataInputStream.readUTF(Ljava/io/DataInput;)Ljava/lang/String; @ 31 c2
Event: 0,905 Thread 0x00007f42c0017800 Uncommon trap: reason=unstable_if action=reinterpret pc=0x00007f42b8ae10a0 method=java.util.HashMap.putVal(ILjava/lang/Object;Ljava/lang/Object;ZZ)Ljava/lang/Object; @ 236 c2

Classes unloaded (0 events):
No events

Classes redefined (0 events):
No events

Internal exceptions (10 events):
Event: 0,524 Thread 0x00007f42c0017800 Exception <a 'java/lang/NoSuchMethodError'{0x00000000b4c10000}: 'java.lang.Object java.lang.invoke.DirectMethodHandle$Holder.invokeInterface(java.lang.Object, java.lang.Object)'> (0x00000000b4c10000) 
thrown [/home/dmitry/Downloads/LOOM/loom/src/hotspot/share/interpreter/linkResolver.cpp, line 768]
for thread 0x00007f42c0017800
Event: 0,538 Thread 0x00007f42c0017800 Exception <a 'java/lang/NoSuchMethodError'{0x00000000b4c16bc8}: 'int java.lang.invoke.DirectMethodHandle$Holder.invokeStatic(java.lang.Object, java.lang.Object)'> (0x00000000b4c16bc8) 
thrown [/home/dmitry/Downloads/LOOM/loom/src/hotspot/share/interpreter/linkResolver.cpp, line 768]
for thread 0x00007f42c0017800
Event: 0,545 Thread 0x00007f42c0017800 Exception <a 'java/lang/NoSuchMethodError'{0x00000000b4c21208}: 'java.lang.Object java.lang.invoke.DirectMethodHandle$Holder.invokeVirtual(java.lang.Object, java.lang.Object)'> (0x00000000b4c21208) 
thrown [/home/dmitry/Downloads/LOOM/loom/src/hotspot/share/interpreter/linkResolver.cpp, line 768]
for thread 0x00007f42c0017800
Event: 0,547 Thread 0x00007f42c0017800 Exception <a 'java/lang/NoSuchMethodError'{0x00000000b4c28dd0}: 'int java.lang.invoke.DirectMethodHandle$Holder.invokeSpecial(java.lang.Object, java.lang.Object)'> (0x00000000b4c28dd0) 
thrown [/home/dmitry/Downloads/LOOM/loom/src/hotspot/share/interpreter/linkResolver.cpp, line 768]
for thread 0x00007f42c0017800
Event: 0,804 Thread 0x00007f42c0017800 Exception <a 'java/lang/NoSuchMethodError'{0x00000000b4ab9aa8}: 'void java.lang.invoke.DirectMethodHandle$Holder.invokeStatic(java.lang.Object, java.lang.Object, java.lang.Object)'> (0x00000000b4ab9aa8) 
thrown [/home/dmitry/Downloads/LOOM/loom/src/hotspot/share/interpreter/linkResolver.cpp, line 768]
for thread 0x00007f42c0017800
Event: 0,829 Thread 0x00007f42c0017800 Exception <a 'java/lang/NoSuchMethodError'{0x00000000b4ae5068}: 'java.lang.Object java.lang.invoke.Invokers$Holder.linkToTargetMethod(java.lang.Object, java.lang.Object, java.lang.Object, java.lang.Object)'> (0x00000000b4ae5068) 
thrown [/home/dmitry/Downloads/LOOM/loom/src/hotspot/share/interpreter/linkResolver.cpp, line 768]
for thread 0x00007f42c0017800
Event: 0,920 Thread 0x00007f42c0017800 Exception <a 'java/lang/NoSuchMethodError'{0x00000000b4960c98}: 'java.lang.Object java.lang.invoke.DirectMethodHandle$Holder.invokeStaticInit(java.lang.Object, java.lang.Object)'> (0x00000000b4960c98) 
thrown [/home/dmitry/Downloads/LOOM/loom/src/hotspot/share/interpreter/linkResolver.cpp, line 768]
for thread 0x00007f42c0017800
Event: 0,922 Thread 0x00007f42c0017800 Exception <a 'java/lang/NoSuchMethodError'{0x00000000b49689c8}: 'void java.lang.invoke.DirectMethodHandle$Holder.invokeStaticInit(java.lang.Object, java.lang.Object, java.lang.Object)'> (0x00000000b49689c8) 
thrown [/home/dmitry/Downloads/LOOM/loom/src/hotspot/share/interpreter/linkResolver.cpp, line 768]
for thread 0x00007f42c0017800
Event: 2,230 Thread 0x00007f42c0017800 Exception <a 'java/lang/NoSuchMethodError'{0x00000000b4802a50}: 'void java.lang.invoke.DirectMethodHandle$Holder.invokeStatic(java.lang.Object)'> (0x00000000b4802a50) 
thrown [/home/dmitry/Downloads/LOOM/loom/src/hotspot/share/interpreter/linkResolver.cpp, line 768]
for thread 0x00007f42c0017800
Event: 2,231 Thread 0x00007f42c0017800 Exception <a 'java/lang/NoSuchMethodError'{0x00000000b4807198}: 'void java.lang.invoke.DirectMethodHandle$Holder.invokeSpecial(java.lang.Object, java.lang.Object)'> (0x00000000b4807198) 
thrown [/home/dmitry/Downloads/LOOM/loom/src/hotspot/share/interpreter/linkResolver.cpp, line 768]
for thread 0x00007f42c0017800

Events (10 events):
Event: 6,160 Executing nested VM operation: EnterInterpOnlyMode done
Event: 6,160 Executing VM operation: SetFramePop done
Event: 6,160 Executing VM operation: GetFrameLocation
Event: 6,160 Executing VM operation: GetFrameLocation done
Event: 6,160 Executing VM operation: GetCurrentLocation
Event: 6,160 Executing VM operation: GetCurrentLocation done
Event: 6,160 Executing VM operation: ChangeSingleStep
Event: 6,160 Executing VM operation: ChangeSingleStep done
Event: 6,162 Executing VM operation: ChangeSingleStep
Event: 6,162 Executing VM operation: ChangeSingleStep done


Dynamic libraries:
b0000000-b5000000 rw-p 00000000 00:00 0 
b5000000-100000000 ---p 00000000 00:00 0 
100000000-1000c0000 rw-p 00000000 00:00 0 
1000c0000-140000000 ---p 00000000 00:00 0 
55a5a50db000-55a5a50dc000 r-xp 00000000 08:01 2499664                    /home/dmitry/Downloads/LOOM/loom/build/linux-x86_64-server-release/jdk/bin/java
55a5a52dc000-55a5a52dd000 r--p 00001000 08:01 2499664                    /home/dmitry/Downloads/LOOM/loom/build/linux-x86_64-server-release/jdk/bin/java
55a5a52dd000-55a5a52de000 rw-p 00002000 08:01 2499664                    /home/dmitry/Downloads/LOOM/loom/build/linux-x86_64-server-release/jdk/bin/java
55a5a6e26000-55a5a6e47000 rw-p 00000000 00:00 0                          [heap]
7f4258000000-7f4258021000 rw-p 00000000 00:00 0 
7f4258021000-7f425c000000 ---p 00000000 00:00 0 
7f425c000000-7f425c021000 rw-p 00000000 00:00 0 
7f425c021000-7f4260000000 ---p 00000000 00:00 0 
7f4260000000-7f4260021000 rw-p 00000000 00:00 0 
7f4260021000-7f4264000000 ---p 00000000 00:00 0 
7f4264000000-7f4264021000 rw-p 00000000 00:00 0 
7f4264021000-7f4268000000 ---p 00000000 00:00 0 
7f4268000000-7f4268044000 rw-p 00000000 00:00 0 
7f4268044000-7f426c000000 ---p 00000000 00:00 0 
7f426c000000-7f426c021000 rw-p 00000000 00:00 0 
7f426c021000-7f4270000000 ---p 00000000 00:00 0 
7f4270000000-7f4270021000 rw-p 00000000 00:00 0 
7f4270021000-7f4274000000 ---p 00000000 00:00 0 
7f4274000000-7f42741cf000 rw-p 00000000 00:00 0 
7f42741cf000-7f4278000000 ---p 00000000 00:00 0 
7f4278000000-7f4278182000 rw-p 00000000 00:00 0 
7f4278182000-7f427c000000 ---p 00000000 00:00 0 
7f427c000000-7f427c021000 rw-p 00000000 00:00 0 
7f427c021000-7f4280000000 ---p 00000000 00:00 0 
7f4280000000-7f4280021000 rw-p 00000000 00:00 0 
7f4280021000-7f4284000000 ---p 00000000 00:00 0 
7f4284000000-7f42842af000 rw-p 00000000 00:00 0 
7f42842af000-7f4288000000 ---p 00000000 00:00 0 
7f4288000000-7f4288021000 rw-p 00000000 00:00 0 
7f4288021000-7f428c000000 ---p 00000000 00:00 0 
7f428c000000-7f428c021000 rw-p 00000000 00:00 0 
7f428c021000-7f4290000000 ---p 00000000 00:00 0 
7f4290000000-7f4290021000 rw-p 00000000 00:00 0 
7f4290021000-7f4294000000 ---p 00000000 00:00 0 
7f42959fb000-7f4295df6000 rw-p 00000000 00:00 0 
7f4295df6000-7f4295dfa000 ---p 00000000 00:00 0 
7f4295dfa000-7f4295ef7000 rw-p 00000000 00:00 0 
7f4295ef7000-7f4295ef8000 ---p 00000000 00:00 0 
7f4295ef8000-7f4295ff9000 rw-p 00000000 00:00 0 
7f4295ff9000-7f4295ffd000 ---p 00000000 00:00 0 
7f4295ffd000-7f42960fa000 rw-p 00000000 00:00 0 
7f42960fa000-7f42960fe000 ---p 00000000 00:00 0 
7f42960fe000-7f42961fb000 rw-p 00000000 00:00 0 
7f42961fb000-7f42961ff000 ---p 00000000 00:00 0 
7f42961ff000-7f42962fc000 rw-p 00000000 00:00 0 
7f42962fc000-7f4296300000 ---p 00000000 00:00 0 
7f4296300000-7f42963fd000 rw-p 00000000 00:00 0 
7f42963fd000-7f4296402000 r-xp 00000000 08:01 2766484                    /home/dmitry/Downloads/LOOM/loom/build/linux-x86_64-server-release/jdk/lib/libdt_socket.so
7f4296402000-7f4296601000 ---p 00005000 08:01 2766484                    /home/dmitry/Downloads/LOOM/loom/build/linux-x86_64-server-release/jdk/lib/libdt_socket.so
7f4296601000-7f4296602000 r--p 00004000 08:01 2766484                    /home/dmitry/Downloads/LOOM/loom/build/linux-x86_64-server-release/jdk/lib/libdt_socket.so
7f4296602000-7f4296603000 rw-p 00005000 08:01 2766484                    /home/dmitry/Downloads/LOOM/loom/build/linux-x86_64-server-release/jdk/lib/libdt_socket.so
7f4296603000-7f4296607000 ---p 00000000 00:00 0 
7f4296607000-7f4296704000 rw-p 00000000 00:00 0 
7f4296704000-7f4296708000 ---p 00000000 00:00 0 
7f4296708000-7f4296805000 rw-p 00000000 00:00 0 
7f4296805000-7f429681b000 r-xp 00000000 08:01 2766080                    /home/dmitry/Downloads/LOOM/loom/build/linux-x86_64-server-release/jdk/lib/libnet.so
7f429681b000-7f4296a1b000 ---p 00016000 08:01 2766080                    /home/dmitry/Downloads/LOOM/loom/build/linux-x86_64-server-release/jdk/lib/libnet.so
7f4296a1b000-7f4296a1c000 r--p 00016000 08:01 2766080                    /home/dmitry/Downloads/LOOM/loom/build/linux-x86_64-server-release/jdk/lib/libnet.so
7f4296a1c000-7f4296a1d000 rw-p 00017000 08:01 2766080                    /home/dmitry/Downloads/LOOM/loom/build/linux-x86_64-server-release/jdk/lib/libnet.so
7f4296a1d000-7f4296a2e000 r-xp 00000000 08:01 2766082                    /home/dmitry/Downloads/LOOM/loom/build/linux-x86_64-server-release/jdk/lib/libnio.so
7f4296a2e000-7f4296c2d000 ---p 00011000 08:01 2766082                    /home/dmitry/Downloads/LOOM/loom/build/linux-x86_64-server-release/jdk/lib/libnio.so
7f4296c2d000-7f4296c2e000 r--p 00010000 08:01 2766082                    /home/dmitry/Downloads/LOOM/loom/build/linux-x86_64-server-release/jdk/lib/libnio.so
7f4296c2e000-7f4296c2f000 rw-p 00011000 08:01 2766082                    /home/dmitry/Downloads/LOOM/loom/build/linux-x86_64-server-release/jdk/lib/libnio.so
7f4296c2f000-7f4296c33000 ---p 00000000 00:00 0 
7f4296c33000-7f4296d30000 rw-p 00000000 00:00 0 
7f4296d30000-7f4296d34000 ---p 00000000 00:00 0 
7f4296d34000-7f4296e31000 rw-p 00000000 00:00 0 
7f4296e31000-7f4297800000 r--p 00000000 08:01 10230401                   /usr/lib/locale/locale-archive
7f4297800000-7f4297e80000 rw-p 00000000 00:00 0 
7f4297e80000-7f4298000000 ---p 00000000 00:00 0 
7f4298000000-7f4298021000 rw-p 00000000 00:00 0 
7f4298021000-7f429c000000 ---p 00000000 00:00 0 
7f429c000000-7f429c021000 rw-p 00000000 00:00 0 
7f429c021000-7f42a0000000 ---p 00000000 00:00 0 
7f42a0000000-7f42a0021000 rw-p 00000000 00:00 0 
7f42a0021000-7f42a4000000 ---p 00000000 00:00 0 
7f42a4000000-7f42a4021000 rw-p 00000000 00:00 0 
7f42a4021000-7f42a8000000 ---p 00000000 00:00 0 
7f42a8000000-7f42a8021000 rw-p 00000000 00:00 0 
7f42a8021000-7f42ac000000 ---p 00000000 00:00 0 
7f42ac0c5000-7f42ac0f6000 rw-p 00000000 00:00 0 
7f42ac0f6000-7f42ac0fa000 ---p 00000000 00:00 0 
7f42ac0fa000-7f42ac1f7000 rw-p 00000000 00:00 0 
7f42ac1f7000-7f42ac1fb000 ---p 00000000 00:00 0 
7f42ac1fb000-7f42ac2f8000 rw-p 00000000 00:00 0 
7f42ac2f8000-7f42ac2fc000 ---p 00000000 00:00 0 
7f42ac2fc000-7f42ac3f9000 rw-p 00000000 00:00 0 
7f42ac3f9000-7f42ac3fd000 ---p 00000000 00:00 0 
7f42ac3fd000-7f42ac4fa000 rw-p 00000000 00:00 0 
7f42ac4fa000-7f42ac4fb000 ---p 00000000 00:00 0 
7f42ac4fb000-7f42ac5fc000 rw-p 00000000 00:00 0 
7f42ac5fc000-7f42ac5fd000 ---p 00000000 00:00 0 
7f42ac5fd000-7f42ac6fe000 rw-p 00000000 00:00 0 
7f42ac6fe000-7f42ac6ff000 ---p 00000000 00:00 0 
7f42ac6ff000-7f42ae940000 rw-p 00000000 00:00 0 
7f42ae940000-7f42afc00000 ---p 00000000 00:00 0 
7f42afc00000-7f42afd40000 rw-p 00000000 00:00 0 
7f42afd40000-7f42b1000000 ---p 00000000 00:00 0 
7f42b1000000-7f42b1270000 rwxp 00000000 00:00 0 
7f42b1270000-7f42b1590000 ---p 00000000 00:00 0 
7f42b1590000-7f42b1800000 rwxp 00000000 00:00 0 
7f42b1800000-7f42b8ac8000 ---p 00000000 00:00 0 
7f42b8ac8000-7f42b8d38000 rwxp 00000000 00:00 0 
7f42b8d38000-7f42c0000000 ---p 00000000 00:00 0 
7f42c0000000-7f42c02ad000 rw-p 00000000 00:00 0 
7f42c02ad000-7f42c4000000 ---p 00000000 00:00 0 
7f42c4024000-7f42c4504000 rw-p 00000000 00:00 0 
7f42c4504000-7f42c4505000 ---p 00000000 00:00 0 
7f42c4505000-7f42c4606000 rw-p 00000000 00:00 0 
7f42c4606000-7f42c4607000 ---p 00000000 00:00 0 
7f42c4607000-7f42c4708000 rw-p 00000000 00:00 0 
7f42c4708000-7f42c4709000 ---p 00000000 00:00 0 
7f42c4709000-7f42c4832000 rw-p 00000000 00:00 0 
7f42c4832000-7f42c4a8a000 ---p 00000000 00:00 0 
7f42c4a8a000-7f42c4ab2000 rw-p 00000000 00:00 0 
7f42c4ab2000-7f42c4d0a000 ---p 00000000 00:00 0 
7f42c4d0a000-7f42c4d32000 rw-p 00000000 00:00 0 
7f42c4d32000-7f42c4f8a000 ---p 00000000 00:00 0 
7f42c4f8a000-7f42c5393000 rw-p 00000000 00:00 0 
7f42c5393000-7f42c5479000 ---p 00000000 00:00 0 
7f42c5479000-7f42c547e000 rw-p 00000000 00:00 0 
7f42c547e000-7f42c5564000 ---p 00000000 00:00 0 
7f42c5564000-7f42c557f000 r-xp 00000000 08:01 2766076                    /home/dmitry/Downloads/LOOM/loom/build/linux-x86_64-server-release/jdk/lib/libjimage.so
7f42c557f000-7f42c577e000 ---p 0001b000 08:01 2766076                    /home/dmitry/Downloads/LOOM/loom/build/linux-x86_64-server-release/jdk/lib/libjimage.so
7f42c577e000-7f42c5780000 r--p 0001a000 08:01 2766076                    /home/dmitry/Downloads/LOOM/loom/build/linux-x86_64-server-release/jdk/lib/libjimage.so
7f42c5780000-7f42c5781000 rw-p 0001c000 08:01 2766076                    /home/dmitry/Downloads/LOOM/loom/build/linux-x86_64-server-release/jdk/lib/libjimage.so
7f42c5781000-7f42c5788000 r-xp 00000000 08:01 2766075                    /home/dmitry/Downloads/LOOM/loom/build/linux-x86_64-server-release/jdk/lib/libzip.so
7f42c5788000-7f42c5987000 ---p 00007000 08:01 2766075                    /home/dmitry/Downloads/LOOM/loom/build/linux-x86_64-server-release/jdk/lib/libzip.so
7f42c5987000-7f42c5988000 r--p 00006000 08:01 2766075                    /home/dmitry/Downloads/LOOM/loom/build/linux-x86_64-server-release/jdk/lib/libzip.so
7f42c5988000-7f42c5989000 rw-p 00007000 08:01 2766075                    /home/dmitry/Downloads/LOOM/loom/build/linux-x86_64-server-release/jdk/lib/libzip.so
7f42c5989000-7f42c5994000 r-xp 00000000 08:01 1184572                    /lib/x86_64-linux-gnu/libnss_files-2.27.so
7f42c5994000-7f42c5b93000 ---p 0000b000 08:01 1184572                    /lib/x86_64-linux-gnu/libnss_files-2.27.so
7f42c5b93000-7f42c5b94000 r--p 0000a000 08:01 1184572                    /lib/x86_64-linux-gnu/libnss_files-2.27.so
7f42c5b94000-7f42c5b95000 rw-p 0000b000 08:01 1184572                    /lib/x86_64-linux-gnu/libnss_files-2.27.so
7f42c5b95000-7f42c5b9b000 rw-p 00000000 00:00 0 
7f42c5b9b000-7f42c5bb2000 r-xp 00000000 08:01 1184566                    /lib/x86_64-linux-gnu/libnsl-2.27.so
7f42c5bb2000-7f42c5db1000 ---p 00017000 08:01 1184566                    /lib/x86_64-linux-gnu/libnsl-2.27.so
7f42c5db1000-7f42c5db2000 r--p 00016000 08:01 1184566                    /lib/x86_64-linux-gnu/libnsl-2.27.so
7f42c5db2000-7f42c5db3000 rw-p 00017000 08:01 1184566                    /lib/x86_64-linux-gnu/libnsl-2.27.so
7f42c5db3000-7f42c5db5000 rw-p 00000000 00:00 0 
7f42c5db5000-7f42c5dc0000 r-xp 00000000 08:01 1184583                    /lib/x86_64-linux-gnu/libnss_nis-2.27.so
7f42c5dc0000-7f42c5fbf000 ---p 0000b000 08:01 1184583                    /lib/x86_64-linux-gnu/libnss_nis-2.27.so
7f42c5fbf000-7f42c5fc0000 r--p 0000a000 08:01 1184583                    /lib/x86_64-linux-gnu/libnss_nis-2.27.so
7f42c5fc0000-7f42c5fc1000 rw-p 0000b000 08:01 1184583                    /lib/x86_64-linux-gnu/libnss_nis-2.27.so
7f42c5fc1000-7f42c5fc9000 r-xp 00000000 08:01 1184568                    /lib/x86_64-linux-gnu/libnss_compat-2.27.so
7f42c5fc9000-7f42c61c9000 ---p 00008000 08:01 1184568                    /lib/x86_64-linux-gnu/libnss_compat-2.27.so
7f42c61c9000-7f42c61ca000 r--p 00008000 08:01 1184568                    /lib/x86_64-linux-gnu/libnss_compat-2.27.so
7f42c61ca000-7f42c61cb000 rw-p 00009000 08:01 1184568                    /lib/x86_64-linux-gnu/libnss_compat-2.27.so
7f42c61cb000-7f42c620a000 r-xp 00000000 08:01 2766492                    /home/dmitry/Downloads/LOOM/loom/build/linux-x86_64-server-release/jdk/lib/libjdwp.so
7f42c620a000-7f42c6409000 ---p 0003f000 08:01 2766492                    /home/dmitry/Downloads/LOOM/loom/build/linux-x86_64-server-release/jdk/lib/libjdwp.so
7f42c6409000-7f42c640a000 r--p 0003e000 08:01 2766492                    /home/dmitry/Downloads/LOOM/loom/build/linux-x86_64-server-release/jdk/lib/libjdwp.so
7f42c640a000-7f42c640b000 rw-p 0003f000 08:01 2766492                    /home/dmitry/Downloads/LOOM/loom/build/linux-x86_64-server-release/jdk/lib/libjdwp.so
7f42c640b000-7f42c640c000 rw-p 00000000 00:00 0 
7f42c640c000-7f42c6435000 r-xp 00000000 08:01 2766074                    /home/dmitry/Downloads/LOOM/loom/build/linux-x86_64-server-release/jdk/lib/libjava.so
7f42c6435000-7f42c6634000 ---p 00029000 08:01 2766074                    /home/dmitry/Downloads/LOOM/loom/build/linux-x86_64-server-release/jdk/lib/libjava.so
7f42c6634000-7f42c6635000 r--p 00028000 08:01 2766074                    /home/dmitry/Downloads/LOOM/loom/build/linux-x86_64-server-release/jdk/lib/libjava.so
7f42c6635000-7f42c6637000 rw-p 00029000 08:01 2766074                    /home/dmitry/Downloads/LOOM/loom/build/linux-x86_64-server-release/jdk/lib/libjava.so
7f42c6637000-7f42c6644000 r-xp 00000000 08:01 2766068                    /home/dmitry/Downloads/LOOM/loom/build/linux-x86_64-server-release/jdk/lib/libverify.so
7f42c6644000-7f42c6843000 ---p 0000d000 08:01 2766068                    /home/dmitry/Downloads/LOOM/loom/build/linux-x86_64-server-release/jdk/lib/libverify.so
7f42c6843000-7f42c6845000 r--p 0000c000 08:01 2766068                    /home/dmitry/Downloads/LOOM/loom/build/linux-x86_64-server-release/jdk/lib/libverify.so
7f42c6845000-7f42c6846000 rw-p 0000e000 08:01 2766068                    /home/dmitry/Downloads/LOOM/loom/build/linux-x86_64-server-release/jdk/lib/libverify.so
7f42c6846000-7f42c69e3000 r-xp 00000000 08:01 1184545                    /lib/x86_64-linux-gnu/libm-2.27.so
7f42c69e3000-7f42c6be2000 ---p 0019d000 08:01 1184545                    /lib/x86_64-linux-gnu/libm-2.27.so
7f42c6be2000-7f42c6be3000 r--p 0019c000 08:01 1184545                    /lib/x86_64-linux-gnu/libm-2.27.so
7f42c6be3000-7f42c6be4000 rw-p 0019d000 08:01 1184545                    /lib/x86_64-linux-gnu/libm-2.27.so
7f42c6be4000-7f42c7f10000 r-xp 00000000 08:01 2766065                    /home/dmitry/Downloads/LOOM/loom/build/linux-x86_64-server-release/jdk/lib/server/libjvm.so
7f42c7f10000-7f42c810f000 ---p 0132c000 08:01 2766065                    /home/dmitry/Downloads/LOOM/loom/build/linux-x86_64-server-release/jdk/lib/server/libjvm.so
7f42c810f000-7f42c81d7000 r--p 0132b000 08:01 2766065                    /home/dmitry/Downloads/LOOM/loom/build/linux-x86_64-server-release/jdk/lib/server/libjvm.so
7f42c81d7000-7f42c8212000 rw-p 013f3000 08:01 2766065                    /home/dmitry/Downloads/LOOM/loom/build/linux-x86_64-server-release/jdk/lib/server/libjvm.so
7f42c8212000-7f42c8298000 rw-p 00000000 00:00 0 
7f42c8298000-7f42c82b2000 r-xp 00000000 08:01 1184615                    /lib/x86_64-linux-gnu/libpthread-2.27.so
7f42c82b2000-7f42c84b1000 ---p 0001a000 08:01 1184615                    /lib/x86_64-linux-gnu/libpthread-2.27.so
7f42c84b1000-7f42c84b2000 r--p 00019000 08:01 1184615                    /lib/x86_64-linux-gnu/libpthread-2.27.so
7f42c84b2000-7f42c84b3000 rw-p 0001a000 08:01 1184615                    /lib/x86_64-linux-gnu/libpthread-2.27.so
7f42c84b3000-7f42c84b7000 rw-p 00000000 00:00 0 
7f42c84b7000-7f42c84ba000 r-xp 00000000 08:01 1184505                    /lib/x86_64-linux-gnu/libdl-2.27.so
7f42c84ba000-7f42c86b9000 ---p 00003000 08:01 1184505                    /lib/x86_64-linux-gnu/libdl-2.27.so
7f42c86b9000-7f42c86ba000 r--p 00002000 08:01 1184505                    /lib/x86_64-linux-gnu/libdl-2.27.so
7f42c86ba000-7f42c86bb000 rw-p 00003000 08:01 1184505                    /lib/x86_64-linux-gnu/libdl-2.27.so
7f42c86bb000-7f42c86d7000 r-xp 00000000 08:01 1184654                    /lib/x86_64-linux-gnu/libz.so.1.2.11
7f42c86d7000-7f42c88d6000 ---p 0001c000 08:01 1184654                    /lib/x86_64-linux-gnu/libz.so.1.2.11
7f42c88d6000-7f42c88d7000 r--p 0001b000 08:01 1184654                    /lib/x86_64-linux-gnu/libz.so.1.2.11
7f42c88d7000-7f42c88d8000 rw-p 0001c000 08:01 1184654                    /lib/x86_64-linux-gnu/libz.so.1.2.11
7f42c88d8000-7f42c8abf000 r-xp 00000000 08:01 1184482                    /lib/x86_64-linux-gnu/libc-2.27.so
7f42c8abf000-7f42c8cbf000 ---p 001e7000 08:01 1184482                    /lib/x86_64-linux-gnu/libc-2.27.so
7f42c8cbf000-7f42c8cc3000 r--p 001e7000 08:01 1184482                    /lib/x86_64-linux-gnu/libc-2.27.so
7f42c8cc3000-7f42c8cc5000 rw-p 001eb000 08:01 1184482                    /lib/x86_64-linux-gnu/libc-2.27.so
7f42c8cc5000-7f42c8cc9000 rw-p 00000000 00:00 0 
7f42c8cc9000-7f42c8cd9000 r-xp 00000000 08:01 2766070                    /home/dmitry/Downloads/LOOM/loom/build/linux-x86_64-server-release/jdk/lib/libjli.so
7f42c8cd9000-7f42c8ed8000 ---p 00010000 08:01 2766070                    /home/dmitry/Downloads/LOOM/loom/build/linux-x86_64-server-release/jdk/lib/libjli.so
7f42c8ed8000-7f42c8ed9000 r--p 0000f000 08:01 2766070                    /home/dmitry/Downloads/LOOM/loom/build/linux-x86_64-server-release/jdk/lib/libjli.so
7f42c8ed9000-7f42c8eda000 rw-p 00010000 08:01 2766070                    /home/dmitry/Downloads/LOOM/loom/build/linux-x86_64-server-release/jdk/lib/libjli.so
7f42c8eda000-7f42c8f01000 r-xp 00000000 08:01 1184454                    /lib/x86_64-linux-gnu/ld-2.27.so
7f42c8f2e000-7f42c8fe1000 rw-p 00000000 00:00 0 
7f42c8fe1000-7f42c8fe8000 ---p 00000000 00:00 0 
7f42c8fe8000-7f42c8fec000 ---p 00000000 00:00 0 
7f42c8fec000-7f42c90eb000 rw-p 00000000 00:00 0 
7f42c90ed000-7f42c90f4000 r--s 00000000 08:01 10488549                   /usr/lib/x86_64-linux-gnu/gconv/gconv-modules.cache
7f42c90f4000-7f42c90fc000 rw-s 00000000 08:01 524311                     /tmp/hsperfdata_dmitry/25723
7f42c90fc000-7f42c90fd000 ---p 00000000 00:00 0 
7f42c90fd000-7f42c90fe000 r--p 00000000 00:00 0 
7f42c90fe000-7f42c90ff000 ---p 00000000 00:00 0 
7f42c90ff000-7f42c9101000 rw-p 00000000 00:00 0 
7f42c9101000-7f42c9102000 r--p 00027000 08:01 1184454                    /lib/x86_64-linux-gnu/ld-2.27.so
7f42c9102000-7f42c9103000 rw-p 00028000 08:01 1184454                    /lib/x86_64-linux-gnu/ld-2.27.so
7f42c9103000-7f42c9104000 rw-p 00000000 00:00 0 
7ffc94a30000-7ffc94a53000 rw-p 00000000 00:00 0                          [stack]
7ffc94af6000-7ffc94af9000 r--p 00000000 00:00 0                          [vvar]
7ffc94af9000-7ffc94afb000 r-xp 00000000 00:00 0                          [vdso]
ffffffffff600000-ffffffffff601000 r-xp 00000000 00:00 0                  [vsyscall]


VM Arguments:
jvm_args: -agentlib:jdwp=transport=dt_socket,address=127.0.0.1:17189,suspend=y,server=n -Dfile.encoding=UTF-8 
java_command: Main
java_class_path (initial): /home/dmitry/Downloads/LOOM/loom/build/linux-x86_64-server-release/jdk/modules/java.base:/home/dmitry/Downloads/LOOM/loom/build/linux-x86_64-server-release/jdk/modules/java.compiler:/home/dmitry/Downloads/LOOM/loom/build/linux-x86_64-server-release/jdk/modules/java.datatransfer:/home/dmitry/Downloads/LOOM/loom/build/linux-x86_64-server-release/jdk/modules/java.desktop:/home/dmitry/Downloads/LOOM/loom/build/linux-x86_64-server-release/jdk/modules/java.instrument:/home/dmitry/Downloads/LOOM/loom/build/linux-x86_64-server-release/jdk/modules/java.logging:/home/dmitry/Downloads/LOOM/loom/build/linux-x86_64-server-release/jdk/modules/java.management:/home/dmitry/Downloads/LOOM/loom/build/linux-x86_64-server-release/jdk/modules/java.management.rmi:/home/dmitry/Downloads/LOOM/loom/build/linux-x86_64-server-release/jdk/modules/java.naming:/home/dmitry/Downloads/LOOM/loom/build/linux-x86_64-server-release/jdk/modules/java.net.http:/home/dmitry/Downloads/LOOM/loom/build/linux-x86_64-server-release/jdk/modules/java.prefs:/home/dmitry/Downloads/LOOM/loom/build/linux-x86_64-server-release/jdk/modules/java.rmi:/home/dmitry/Downloads/LOOM/loom/build/linux-x86_64-server-release/jdk/modules/java.scripting:/home/dmitry/Downloads/LOOM/loom/build/linux-x86_64-server-release/jdk/modules/java.se:/home/dmitry/Downloads/LOOM/loom/build/linux-x86_64-server-release/jdk/modules/java.security.jgss:/home/dmitry/Downloads/LOOM/loom/build/linux-x86_64-server-release/jdk/modules/java.security.sasl:/home/dmitry/Downloads/LOOM/loom/build/linux-x86_64-server-release/jdk/modules/java.smartcardio:/home/dmitry/Downloads/LOOM/loom/build/linux-x86_64-server-release/jdk/modules/java.sql:/home/dmitry/Downloads/LOOM/loom/build/linux-x86_64-server-release/jdk/modules/java.sql.rowset:/home/dmitry/Downloads/LOOM/loom/build/linux-x86_64-server-release/jdk/modules/java.transaction.xa:/home/dmitry/Downloads/LOOM/loom/build/linux-x86_64-server-release/jdk/modules/java.xml:/home/dmitry/D
Launcher Type: SUN_STANDARD

[Global flags]
     intx CICompilerCount                          = 3                                         {product} {ergonomic}
     uint ConcGCThreads                            = 1                                         {product} {ergonomic}
     uint G1ConcRefinementThreads                  = 4                                         {product} {ergonomic}
   size_t G1HeapRegionSize                         = 1048576                                   {product} {ergonomic}
    uintx GCDrainStackTargetSize                   = 64                                        {product} {ergonomic}
   size_t InitialHeapSize                          = 83886080                                  {product} {ergonomic}
   size_t MarkStackSize                            = 4194304                                   {product} {ergonomic}
   size_t MaxHeapSize                              = 1342177280                                {product} {ergonomic}
   size_t MaxNewSize                               = 805306368                                 {product} {ergonomic}
   size_t MinHeapDeltaBytes                        = 1048576                                   {product} {ergonomic}
    uintx NonNMethodCodeHeapSize                   = 5830732                                {pd product} {ergonomic}
    uintx NonProfiledCodeHeapSize                  = 122913754                              {pd product} {ergonomic}
    uintx ProfiledCodeHeapSize                     = 122913754                              {pd product} {ergonomic}
    uintx ReservedCodeCacheSize                    = 251658240                              {pd product} {ergonomic}
     bool SegmentedCodeCache                       = true                                      {product} {ergonomic}
     bool UseCompressedClassPointers               = true                                 {lp64_product} {ergonomic}
     bool UseCompressedOops                        = true                                 {lp64_product} {ergonomic}
     bool UseG1GC                                  = true                                      {product} {ergonomic}

Logging:
Log output configuration:
 #0: stdout all=warning uptime,level,tags
 #1: stderr all=off uptime,level,tags

Environment Variables:
JAVA_HOME=/home/dmitry/usr/local/java/jdk1.8.0
PATH=/bin:/bin:/usr/local/sbin:/usr/local/bin:/usr/sbin:/usr/bin:/sbin:/bin:/usr/games:/usr/local/games:/snap/bin
USERNAME=dmitry
SHELL=/bin/bash
DISPLAY=:0

Signal Handlers:
SIGSEGV: [libjvm.so+0xfe3770], sa_mask[0]=11111111011111111101111111111110, sa_flags=SA_RESTART|SA_SIGINFO
SIGBUS: [libjvm.so+0xfe3770], sa_mask[0]=11111111011111111101111111111110, sa_flags=SA_RESTART|SA_SIGINFO
SIGFPE: [libjvm.so+0xfe3770], sa_mask[0]=11111111011111111101111111111110, sa_flags=SA_RESTART|SA_SIGINFO
SIGPIPE: [libjvm.so+0xc80ff0], sa_mask[0]=11111111011111111101111111111110, sa_flags=SA_RESTART|SA_SIGINFO
SIGXFSZ: [libjvm.so+0xc80ff0], sa_mask[0]=11111111011111111101111111111110, sa_flags=SA_RESTART|SA_SIGINFO
SIGILL: [libjvm.so+0xfe3770], sa_mask[0]=11111111011111111101111111111110, sa_flags=SA_RESTART|SA_SIGINFO
SIGUSR2: [libjvm.so+0xc80e90], sa_mask[0]=00100000000000000000000000000000, sa_flags=SA_RESTART|SA_SIGINFO
SIGHUP: [libjvm.so+0xc81490], sa_mask[0]=11111111011111111101111111111110, sa_flags=SA_RESTART|SA_SIGINFO
SIGINT: [libjvm.so+0xc81490], sa_mask[0]=11111111011111111101111111111110, sa_flags=SA_RESTART|SA_SIGINFO
SIGTERM: [libjvm.so+0xc81490], sa_mask[0]=11111111011111111101111111111110, sa_flags=SA_RESTART|SA_SIGINFO
SIGQUIT: [libjvm.so+0xc81490], sa_mask[0]=11111111011111111101111111111110, sa_flags=SA_RESTART|SA_SIGINFO


---------------  S Y S T E M  ---------------

OS:DISTRIB_ID=Ubuntu
DISTRIB_RELEASE=18.04
DISTRIB_CODENAME=bionic
DISTRIB_DESCRIPTION="Ubuntu 18.04.2 LTS"
uname:Linux 4.18.0-18-generic #19~18.04.1-Ubuntu SMP Fri Apr 5 10:22:13 UTC 2019 x86_64
libc:glibc 2.27 NPTL 2.27 
rlimit: STACK 8192k, CORE 0k, NPROC 20276, NOFILE 4096, AS infinity, DATA infinity, FSIZE infinity
load average:4,04 3,93 4,62

/proc/meminfo:
MemTotal:        5234996 kB
MemFree:          434300 kB
MemAvailable:    2835032 kB
Buffers:           54352 kB
Cached:          2625944 kB
SwapCached:        52196 kB
Active:          2258816 kB
Inactive:        2240944 kB
Active(anon):    1278928 kB
Inactive(anon):   683736 kB
Active(file):     979888 kB
Inactive(file):  1557208 kB
Unevictable:          32 kB
Mlocked:              32 kB
SwapTotal:       2097148 kB
SwapFree:        1755376 kB
Dirty:             13956 kB
Writeback:             0 kB
AnonPages:       1807308 kB
Mapped:           278288 kB
Shmem:            143192 kB
Slab:             186540 kB
SReclaimable:     141292 kB
SUnreclaim:        45248 kB
KernelStack:       11904 kB
PageTables:        39292 kB
NFS_Unstable:          0 kB
Bounce:                0 kB
WritebackTmp:          0 kB
CommitLimit:     4714644 kB
Committed_AS:    5742860 kB
VmallocTotal:   34359738367 kB
VmallocUsed:           0 kB
VmallocChunk:          0 kB
HardwareCorrupted:     0 kB
AnonHugePages:         0 kB
ShmemHugePages:        0 kB
ShmemPmdMapped:        0 kB
CmaTotal:              0 kB
CmaFree:               0 kB
HugePages_Total:       0
HugePages_Free:        0
HugePages_Rsvd:        0
HugePages_Surp:        0
Hugepagesize:       2048 kB
Hugetlb:               0 kB
DirectMap4k:      159680 kB
DirectMap2M:     5251072 kB


/proc/sys/kernel/threads-max (system-wide limit on the number of threads):
40552


/proc/sys/vm/max_map_count (maximum number of memory map areas a process may have):
65530


/proc/sys/kernel/pid_max (system-wide limit on number of process identifiers):
32768



container (cgroup) information:
container_type: cgroupv1
cpu_cpuset_cpus: 0-3
cpu_memory_nodes: 0
active_processor_count: 4
cpu_quota: no quota
cpu_period: 100000
cpu_shares: no shares
memory_limit_in_bytes: unlimited
memory_and_swap_limit_in_bytes: not supported
memory_soft_limit_in_bytes: unlimited
memory_usage_in_bytes: 4603600896
memory_max_usage_in_bytes: unlimited

KVM virtualization detected
Steal ticks since vm start: 0
Steal ticks percentage since vm start:  0,000

CPU:total 4 (initial active 4) (4 cores per cpu, 1 threads per core) family 6 model 60 stepping 3, cmov, cx8, fxsr, mmx, sse, sse2, sse3, ssse3, sse4.1, sse4.2, popcnt, avx, avx2, aes, clmul, lzcnt, tsc, tscinvbit
CPU Model and flags from /proc/cpuinfo:
model name	: Intel(R) Core(TM) i7-4700HQ CPU @ 2.40GHz
flags		: fpu vme de pse tsc msr pae mce cx8 apic sep mtrr pge mca cmov pat pse36 clflush mmx fxsr sse sse2 ht syscall nx rdtscp lm constant_tsc rep_good nopl xtopology nonstop_tsc cpuid tsc_known_freq pni pclmulqdq ssse3 cx16 pcid sse4_1 sse4_2 x2apic movbe popcnt aes xsave avx rdrand hypervisor lahf_lm abm invpcid_single pti fsgsbase avx2 invpcid flush_l1d

Memory: 4k page, physical 5234996k(434300k free), swap 2097148k(1755376k free)

vm_info: OpenJDK 64-Bit Server VM (13-internal+0-adhoc.dmitry.loom) for linux-amd64 JRE (13-internal+0-adhoc.dmitry.loom), built on May 12 2019 23:19:11 by "dmitry" with gcc 7.4.0

END.
