#
# A fatal error has been detected by the Java Runtime Environment:
#
#  SIGSEGV (0xb) at pc=0x00007f7cb7f82f7a, pid=18729, tid=18756
#
# JRE version: OpenJDK Runtime Environment (13.0) (build 13-internal+0-adhoc.dmitry.loom)
# Java VM: OpenJDK 64-Bit Server VM (13-internal+0-adhoc.dmitry.loom, mixed mode, tiered, compressed oops, g1 gc, linux-amd64)
# Problematic frame:
# V  [libjvm.so+0x683f7a]  ContMirror::read()+0x1a
#
# Core dump will be written. Default location: Core dumps may be processed with "/usr/share/apport/apport %p %s %c %d %P" (or dumping to /home/dmitry/Downloads/LoadDetector/core.18729)
#
# If you would like to submit a bug report, please visit:
#   http://bugreport.java.com/bugreport/crash.jsp
#

---------------  S U M M A R Y ------------

Command Line: -agentlib:jdwp=transport=dt_socket,address=127.0.0.1:25939,suspend=y,server=n -Dfile.encoding=UTF-8 Main

Host: Intel(R) Core(TM) i7-4700HQ CPU @ 2.40GHz, 4 cores, 4G, Ubuntu 18.04.2 LTS
Time: Sun May 19 22:56:35 2019 MSK elapsed time: 17 seconds (0d 0h 0m 17s)

---------------  T H R E A D  ---------------

Current thread (0x00007f7cb02d9000):  JavaThread "Thread-1" [_thread_in_vm, id=18756, stack(0x00007f7c7eb0b000,0x00007f7c7ec0c000)]

Stack: [0x00007f7c7eb0b000,0x00007f7c7ec0c000],  sp=0x00007f7c7ec081c0,  free space=1012k
Native frames: (J=compiled Java code, A=aot compiled Java code, j=interpreted, Vv=VM code, C=native code)
V  [libjvm.so+0x683f7a]  ContMirror::read()+0x1a
V  [libjvm.so+0x689627]  Continuation::freeze0(JavaThread*, FrameInfo*, bool) [clone .part.305]+0x507
V  [libjvm.so+0x689d67]  Continuation::freeze(JavaThread*, FrameInfo*)+0x127
v  ~RuntimeStub::cont_doYield
C  0x00007f7c7ec0a848
j  java.lang.Continuation.pause(Ljava/lang/ContinuationScope;)Z+3 java.base
j  Main.lambda$main$1(Ljava/lang/Continuation;)V+24
j  Main$$Lambda$42.run()V+4
j  java.lang.Thread.run()V+11 java.base
v  ~StubRoutines::call_stub
V  [libjvm.so+0x8bcfe9]  JavaCalls::call_helper(JavaValue*, methodHandle const&, JavaCallArguments*, Thread*)+0x3c9
V  [libjvm.so+0x8bb005]  JavaCalls::call_virtual(JavaValue*, Handle, Klass*, Symbol*, Symbol*, Thread*)+0x1e5
V  [libjvm.so+0x965e7c]  thread_entry(JavaThread*, Thread*)+0x6c
V  [libjvm.so+0xf73932]  JavaThread::run()+0x232
V  [libjvm.so+0xf716ad]  Thread::call_run()+0x10d
V  [libjvm.so+0xc8ba17]  thread_native_entry(Thread*)+0xe7

Java frames: (J=compiled Java code, j=interpreted, Vv=VM code)
v  ~RuntimeStub::cont_doYield
j  java.lang.Continuation.yield0(Ljava/lang/ContinuationScope;Ljava/lang/Continuation;)Z+60 java.base
j  java.lang.Continuation.pause(Ljava/lang/ContinuationScope;)Z+3 java.base
j  Main.lambda$main$1(Ljava/lang/Continuation;)V+24
j  Main$$Lambda$42.run()V+4
j  java.lang.Thread.run()V+11 java.base
v  ~StubRoutines::call_stub

siginfo: si_signo: 11 (SIGSEGV), si_code: 1 (SEGV_MAPERR), si_addr: 0x0000000000000020

Register to memory mapping:

RAX=0x0000000000000020 is an unknown value
RBX=0x00007f7c7ec09560 is pointing into the stack for thread: 0x00007f7cb02d9000
RCX=0x00007f7ca1013c98 is pointing into interpreter code (not bytecode specific)
RDX=0x00007f7cb8f7db58: <offset 0x000000000167eb58> in /home/dmitry/Downloads/LOOM/loom/build/linux-x86_64-server-release/jdk/lib/server/libjvm.so at 0x00007f7cb78ff000
RSP=0x00007f7c7ec081c0 is pointing into the stack for thread: 0x00007f7cb02d9000
RBP=0x00007f7c7ec081d0 is pointing into the stack for thread: 0x00007f7cb02d9000
RSI=0x00007f7c7ec0a848 is pointing into the stack for thread: 0x00007f7cb02d9000
RDI=0x0 is NULL
R8 =0x00007f7ca1000000 points into unknown readable memory: 04 00 00 00 00 00 00 00
R9 =0x000000000000000b is an unknown value
R10=0x0000000000000800 is an unknown value
R11=0x0000000000000400 is an unknown value
R12=0x00007f7c6c04d5b0 points into unknown readable memory: 00 00 00 00 00 00 00 00
R13=0x00007f7c7ec09560 is pointing into the stack for thread: 0x00007f7cb02d9000
R14=0x00007f7c7ec0a820 is pointing into the stack for thread: 0x00007f7cb02d9000
R15=0x00007f7cb02d8a60 points into unknown readable memory: 02 00 00 00 00 00 00 00


Registers:
RAX=0x0000000000000020, RBX=0x00007f7c7ec09560, RCX=0x00007f7ca1013c98, RDX=0x00007f7cb8f7db58
RSP=0x00007f7c7ec081c0, RBP=0x00007f7c7ec081d0, RSI=0x00007f7c7ec0a848, RDI=0x0000000000000000
R8 =0x00007f7ca1000000, R9 =0x000000000000000b, R10=0x0000000000000800, R11=0x0000000000000400
R12=0x00007f7c6c04d5b0, R13=0x00007f7c7ec09560, R14=0x00007f7c7ec0a820, R15=0x00007f7cb02d8a60
RIP=0x00007f7cb7f82f7a, EFLAGS=0x0000000000010206, CSGSFS=0x002b000000000033, ERR=0x0000000000000004
  TRAPNO=0x000000000000000e

Top of Stack: (sp=0x00007f7c7ec081c0)
0x00007f7c7ec081c0:   00007f7ca10194c0 00007f7cb02d9000
0x00007f7c7ec081d0:   00007f7c7ec0a7d0 00007f7cb7f88627
0x00007f7c7ec081e0:   00007f7cb02d9000 00007f7c7ec082e0
0x00007f7c7ec081f0:   0000000000000000 00007f7cb8f7b220 

Instructions: (pc=0x00007f7cb7f82f7a)
0x00007f7cb7f82e7a:   08 48 63 00 89 0c 02 48 8d 05 4c e4 fd 00 48 8b
0x00007f7cb7f82e8a:   4b 30 48 8b 53 08 48 63 00 48 89 0c 02 48 8d 05
0x00007f7cb7f82e9a:   2e e4 fd 00 48 8b 53 08 48 8b 4b 38 48 63 00 48
0x00007f7cb7f82eaa:   89 0c 02 48 8d 05 14 e4 fd 00 8b 4b 60 48 8b 53
0x00007f7cb7f82eba:   08 48 63 00 89 0c 02 48 8d 05 18 e4 fd 00 48 8b
0x00007f7cb7f82eca:   53 08 48 8b 4b 10 48 63 00 48 89 0c 02 48 8d 05
0x00007f7cb7f82eda:   fe e3 fd 00 48 8b 4b 18 48 8b 53 08 48 63 00 48
0x00007f7cb7f82eea:   89 0c 02 48 8d 05 e4 e3 fd 00 48 63 00 48 8b 53
0x00007f7cb7f82efa:   08 48 8b 4b 20 48 89 0c 02 48 8d 05 ee e3 fd 00
0x00007f7cb7f82f0a:   48 8b 53 08 48 8b 4b 58 48 63 00 89 0c 02 48 8d
0x00007f7cb7f82f1a:   05 a1 e3 fd 00 0f b6 4b 70 48 8b 53 08 48 63 00
0x00007f7cb7f82f2a:   88 0c 02 48 8d 05 c0 e3 fd 00 0f b7 4b 74 48 8b
0x00007f7cb7f82f3a:   53 08 48 63 00 66 89 0c 02 48 8d 05 a6 e3 fd 00
0x00007f7cb7f82f4a:   0f b7 4b 72 48 8b 53 08 48 63 00 66 89 0c 02 48
0x00007f7cb7f82f5a:   83 c4 08 5b 5d c3 55 48 89 e5 53 48 89 fb 48 83
0x00007f7cb7f82f6a:   ec 08 48 8d 05 6d e3 fd 00 48 8b 7f 08 48 63 00
0x00007f7cb7f82f7a:   48 8b 04 38 48 89 43 10 48 8d 05 53 e3 fd 00 48
0x00007f7cb7f82f8a:   63 00 48 8b 04 38 48 89 43 18 48 8d 05 3d e3 fd
0x00007f7cb7f82f9a:   00 48 63 00 48 8b 04 38 48 89 43 20 48 8d 05 23
0x00007f7cb7f82faa:   e3 fd 00 48 63 00 8b 04 38 89 43 28 48 8d 05 17
0x00007f7cb7f82fba:   e3 fd 00 48 63 00 48 8b 04 38 48 89 43 30 48 8d
0x00007f7cb7f82fca:   05 fd e2 fd 00 48 63 00 48 8b 04 38 48 89 43 38
0x00007f7cb7f82fda:   48 8d 05 1b e3 fd 00 48 63 30 ff 15 56 40 f7 00
0x00007f7cb7f82fea:   48 85 c0 48 89 43 40 0f 84 b9 01 00 00 48 8d 15
0x00007f7cb7f82ffa:   de c7 fd 00 80 3a 01 48 19 c9 83 e1 04 80 3a 01
0x00007f7cb7f8300a:   8b 4c 08 0c 48 19 d2 89 4b 48 83 e2 08 48 8d 44
0x00007f7cb7f8301a:   10 10 48 89 43 50 48 8d 05 d1 e2 fd 00 48 8b 7b
0x00007f7cb7f8302a:   08 48 63 00 48 63 04 07 48 89 43 58 48 8d 05 af
0x00007f7cb7f8303a:   e2 fd 00 48 63 30 ff 15 fa 3f f7 00 48 8d 15 7b
0x00007f7cb7f8304a:   e2 fd 00 48 89 43 68 48 8b 43 08 48 83 3d d3 ac
0x00007f7cb7f8305a:   fb 00 00 48 63 12 8b 14 02 89 53 60 48 8d 15 53
0x00007f7cb7f8306a:   e2 fd 00 48 63 12 0f b6 14 02 88 53 70 48 8d 15 


Stack slot to memory mapping:
stack at sp + 0 slots: 0x00007f7ca10194c0 is at code_begin+3872 in an Interpreter codelet
invoke return entry points  [0x00007f7ca10185a0, 0x00007f7ca101adc0]  10272 bytes
stack at sp + 1 slots: 0x00007f7cb02d9000 is a thread
stack at sp + 2 slots: 0x00007f7c7ec0a7d0 is pointing into the stack for thread: 0x00007f7cb02d9000
stack at sp + 3 slots: 0x00007f7cb7f88627: <offset 0x0000000000689627> in /home/dmitry/Downloads/LOOM/loom/build/linux-x86_64-server-release/jdk/lib/server/libjvm.so at 0x00007f7cb78ff000
stack at sp + 4 slots: 0x00007f7cb02d9000 is a thread
stack at sp + 5 slots: 0x00007f7c7ec082e0 is pointing into the stack for thread: 0x00007f7cb02d9000
stack at sp + 6 slots: 0x0 is NULL
stack at sp + 7 slots: 0x00007f7cb8f7b220: <offset 0x000000000167c220> in /home/dmitry/Downloads/LOOM/loom/build/linux-x86_64-server-release/jdk/lib/server/libjvm.so at 0x00007f7cb78ff000


---------------  P R O C E S S  ---------------

Threads class SMR info:
_java_thread_list=0x00007f7cb02da960, length=14, elements={
0x00007f7cb013b800, 0x00007f7cb013f000, 0x00007f7cb0161000, 0x00007f7cb0165800,
0x00007f7cb0167800, 0x00007f7cb0169800, 0x00007f7cb019a000, 0x00007f7cb02bf800,
0x00007f7cb02c2800, 0x00007f7c5c001800, 0x00007f7cb02c5000, 0x00007f7cb02d7000,
0x00007f7cb02d9000, 0x00007f7cb0017800
}

Java Threads: ( => current thread )
  0x00007f7cb013b800 JavaThread "Reference Handler" daemon [_thread_blocked, id=18737, stack(0x00007f7c9c915000,0x00007f7c9ca16000)]
  0x00007f7cb013f000 JavaThread "Finalizer" daemon [_thread_blocked, id=18738, stack(0x00007f7c9c814000,0x00007f7c9c915000)]
  0x00007f7cb0161000 JavaThread "Signal Dispatcher" daemon [_thread_blocked, id=18739, stack(0x00007f7c9c713000,0x00007f7c9c814000)]
  0x00007f7cb0165800 JavaThread "C2 CompilerThread0" daemon [_thread_blocked, id=18740, stack(0x00007f7c9c612000,0x00007f7c9c713000)]
  0x00007f7cb0167800 JavaThread "C1 CompilerThread0" daemon [_thread_blocked, id=18741, stack(0x00007f7c9c511000,0x00007f7c9c612000)]
  0x00007f7cb0169800 JavaThread "Sweeper thread" daemon [_thread_blocked, id=18742, stack(0x00007f7c9c410000,0x00007f7c9c511000)]
  0x00007f7cb019a000 JavaThread "Common-Cleaner" daemon [_thread_blocked, id=18743, stack(0x00007f7c9c0cc000,0x00007f7c9c1cd000)]
  0x00007f7cb02bf800 JavaThread "JDWP Transport Listener: dt_socket" daemon [_thread_blocked, id=18745, stack(0x00007f7c7f112000,0x00007f7c7f213000)]
  0x00007f7cb02c2800 JavaThread "JDWP Event Helper Thread" daemon [_thread_blocked, id=18746, stack(0x00007f7c7f011000,0x00007f7c7f112000)]
  0x00007f7c5c001800 JavaThread "JDWP Command Reader" daemon [_thread_in_native, id=18747, stack(0x00007f7c7ef10000,0x00007f7c7f011000)]
  0x00007f7cb02c5000 JavaThread "Service Thread" daemon [_thread_blocked, id=18753, stack(0x00007f7c7ee0f000,0x00007f7c7ef10000)]
  0x00007f7cb02d7000 JavaThread "Thread-0" [_thread_in_vm, id=18755, stack(0x00007f7c7ec0c000,0x00007f7c7ed0d000)]
=>0x00007f7cb02d9000 JavaThread "Thread-1" [_thread_in_vm, id=18756, stack(0x00007f7c7eb0b000,0x00007f7c7ec0c000)]
  0x00007f7cb0017800 JavaThread "DestroyJavaVM" [_thread_blocked, id=18730, stack(0x00007f7cb9d03000,0x00007f7cb9e04000)]

Other Threads:
  0x00007f7cb012f800 VMThread "VM Thread" [stack: 0x00007f7c9ca18000,0x00007f7c9cb18000] [id=18736]
  0x00007f7cb02c7000 WatcherThread [stack: 0x00007f7c7ed0f000,0x00007f7c7ee0f000] [id=18754]
  0x00007f7cb005b000 GCTaskThread "GC Thread#0" [stack: 0x00007f7cb4025000,0x00007f7cb4125000] [id=18731]
  0x00007f7cb0065000 ConcurrentGCThread "G1 Main Marker" [stack: 0x00007f7c9fb00000,0x00007f7c9fc00000] [id=18732]
  0x00007f7cb0066800 ConcurrentGCThread "G1 Conc#0" [stack: 0x00007f7c9f9fe000,0x00007f7c9fafe000] [id=18733]
  0x00007f7cb00bb000 ConcurrentGCThread "G1 Refine#0" [stack: 0x00007f7c9d4f8000,0x00007f7c9d5f8000] [id=18734]
  0x00007f7cb00bc800 ConcurrentGCThread "G1 Young RemSet Sampling" [stack: 0x00007f7c9d3f6000,0x00007f7c9d4f6000] [id=18735]

Threads with active compile tasks:

VM state:not at safepoint (normal execution)

VM Mutex/Monitor currently owned by a thread: None

Heap address: 0x00000000b0000000, size: 1280 MB, Compressed Oops mode: 32-bit
Narrow klass base: 0x0000000000000000, Narrow klass shift: 3
Compressed class space size: 1073741824 Address: 0x0000000100000000

Heap:
 garbage-first heap   total 81920K, used 7168K [0x00000000b0000000, 0x0000000100000000)
  region size 1024K, 8 young (8192K), 0 survivors (0K)
 Metaspace       used 7082K, capacity 7213K, committed 7424K, reserved 1056768K
  class space    used 612K, capacity 664K, committed 768K, reserved 1048576K
Heap Regions: E=young(eden), S=young(survivor), O=old, HS=humongous(starts), HC=humongous(continues), CS=collection set, F=free, A=archive, TAMS=top-at-mark-start (previous, next)
|   0|0x00000000b0000000, 0x00000000b0000000, 0x00000000b0100000|  0%| F|  |TAMS 0x00000000b0000000, 0x00000000b0000000| Untracked 
|   1|0x00000000b0100000, 0x00000000b0100000, 0x00000000b0200000|  0%| F|  |TAMS 0x00000000b0100000, 0x00000000b0100000| Untracked 
|   2|0x00000000b0200000, 0x00000000b0200000, 0x00000000b0300000|  0%| F|  |TAMS 0x00000000b0200000, 0x00000000b0200000| Untracked 
|   3|0x00000000b0300000, 0x00000000b0300000, 0x00000000b0400000|  0%| F|  |TAMS 0x00000000b0300000, 0x00000000b0300000| Untracked 
|   4|0x00000000b0400000, 0x00000000b0400000, 0x00000000b0500000|  0%| F|  |TAMS 0x00000000b0400000, 0x00000000b0400000| Untracked 
|   5|0x00000000b0500000, 0x00000000b0500000, 0x00000000b0600000|  0%| F|  |TAMS 0x00000000b0500000, 0x00000000b0500000| Untracked 
|   6|0x00000000b0600000, 0x00000000b0600000, 0x00000000b0700000|  0%| F|  |TAMS 0x00000000b0600000, 0x00000000b0600000| Untracked 
|   7|0x00000000b0700000, 0x00000000b0700000, 0x00000000b0800000|  0%| F|  |TAMS 0x00000000b0700000, 0x00000000b0700000| Untracked 
|   8|0x00000000b0800000, 0x00000000b0800000, 0x00000000b0900000|  0%| F|  |TAMS 0x00000000b0800000, 0x00000000b0800000| Untracked 
|   9|0x00000000b0900000, 0x00000000b0900000, 0x00000000b0a00000|  0%| F|  |TAMS 0x00000000b0900000, 0x00000000b0900000| Untracked 
|  10|0x00000000b0a00000, 0x00000000b0a00000, 0x00000000b0b00000|  0%| F|  |TAMS 0x00000000b0a00000, 0x00000000b0a00000| Untracked 
|  11|0x00000000b0b00000, 0x00000000b0b00000, 0x00000000b0c00000|  0%| F|  |TAMS 0x00000000b0b00000, 0x00000000b0b00000| Untracked 
|  12|0x00000000b0c00000, 0x00000000b0c00000, 0x00000000b0d00000|  0%| F|  |TAMS 0x00000000b0c00000, 0x00000000b0c00000| Untracked 
|  13|0x00000000b0d00000, 0x00000000b0d00000, 0x00000000b0e00000|  0%| F|  |TAMS 0x00000000b0d00000, 0x00000000b0d00000| Untracked 
|  14|0x00000000b0e00000, 0x00000000b0e00000, 0x00000000b0f00000|  0%| F|  |TAMS 0x00000000b0e00000, 0x00000000b0e00000| Untracked 
|  15|0x00000000b0f00000, 0x00000000b0f00000, 0x00000000b1000000|  0%| F|  |TAMS 0x00000000b0f00000, 0x00000000b0f00000| Untracked 
|  16|0x00000000b1000000, 0x00000000b1000000, 0x00000000b1100000|  0%| F|  |TAMS 0x00000000b1000000, 0x00000000b1000000| Untracked 
|  17|0x00000000b1100000, 0x00000000b1100000, 0x00000000b1200000|  0%| F|  |TAMS 0x00000000b1100000, 0x00000000b1100000| Untracked 
|  18|0x00000000b1200000, 0x00000000b1200000, 0x00000000b1300000|  0%| F|  |TAMS 0x00000000b1200000, 0x00000000b1200000| Untracked 
|  19|0x00000000b1300000, 0x00000000b1300000, 0x00000000b1400000|  0%| F|  |TAMS 0x00000000b1300000, 0x00000000b1300000| Untracked 
|  20|0x00000000b1400000, 0x00000000b1400000, 0x00000000b1500000|  0%| F|  |TAMS 0x00000000b1400000, 0x00000000b1400000| Untracked 
|  21|0x00000000b1500000, 0x00000000b1500000, 0x00000000b1600000|  0%| F|  |TAMS 0x00000000b1500000, 0x00000000b1500000| Untracked 
|  22|0x00000000b1600000, 0x00000000b1600000, 0x00000000b1700000|  0%| F|  |TAMS 0x00000000b1600000, 0x00000000b1600000| Untracked 
|  23|0x00000000b1700000, 0x00000000b1700000, 0x00000000b1800000|  0%| F|  |TAMS 0x00000000b1700000, 0x00000000b1700000| Untracked 
|  24|0x00000000b1800000, 0x00000000b1800000, 0x00000000b1900000|  0%| F|  |TAMS 0x00000000b1800000, 0x00000000b1800000| Untracked 
|  25|0x00000000b1900000, 0x00000000b1900000, 0x00000000b1a00000|  0%| F|  |TAMS 0x00000000b1900000, 0x00000000b1900000| Untracked 
|  26|0x00000000b1a00000, 0x00000000b1a00000, 0x00000000b1b00000|  0%| F|  |TAMS 0x00000000b1a00000, 0x00000000b1a00000| Untracked 
|  27|0x00000000b1b00000, 0x00000000b1b00000, 0x00000000b1c00000|  0%| F|  |TAMS 0x00000000b1b00000, 0x00000000b1b00000| Untracked 
|  28|0x00000000b1c00000, 0x00000000b1c00000, 0x00000000b1d00000|  0%| F|  |TAMS 0x00000000b1c00000, 0x00000000b1c00000| Untracked 
|  29|0x00000000b1d00000, 0x00000000b1d00000, 0x00000000b1e00000|  0%| F|  |TAMS 0x00000000b1d00000, 0x00000000b1d00000| Untracked 
|  30|0x00000000b1e00000, 0x00000000b1e00000, 0x00000000b1f00000|  0%| F|  |TAMS 0x00000000b1e00000, 0x00000000b1e00000| Untracked 
|  31|0x00000000b1f00000, 0x00000000b1f00000, 0x00000000b2000000|  0%| F|  |TAMS 0x00000000b1f00000, 0x00000000b1f00000| Untracked 
|  32|0x00000000b2000000, 0x00000000b2000000, 0x00000000b2100000|  0%| F|  |TAMS 0x00000000b2000000, 0x00000000b2000000| Untracked 
|  33|0x00000000b2100000, 0x00000000b2100000, 0x00000000b2200000|  0%| F|  |TAMS 0x00000000b2100000, 0x00000000b2100000| Untracked 
|  34|0x00000000b2200000, 0x00000000b2200000, 0x00000000b2300000|  0%| F|  |TAMS 0x00000000b2200000, 0x00000000b2200000| Untracked 
|  35|0x00000000b2300000, 0x00000000b2300000, 0x00000000b2400000|  0%| F|  |TAMS 0x00000000b2300000, 0x00000000b2300000| Untracked 
|  36|0x00000000b2400000, 0x00000000b2400000, 0x00000000b2500000|  0%| F|  |TAMS 0x00000000b2400000, 0x00000000b2400000| Untracked 
|  37|0x00000000b2500000, 0x00000000b2500000, 0x00000000b2600000|  0%| F|  |TAMS 0x00000000b2500000, 0x00000000b2500000| Untracked 
|  38|0x00000000b2600000, 0x00000000b2600000, 0x00000000b2700000|  0%| F|  |TAMS 0x00000000b2600000, 0x00000000b2600000| Untracked 
|  39|0x00000000b2700000, 0x00000000b2700000, 0x00000000b2800000|  0%| F|  |TAMS 0x00000000b2700000, 0x00000000b2700000| Untracked 
|  40|0x00000000b2800000, 0x00000000b2800000, 0x00000000b2900000|  0%| F|  |TAMS 0x00000000b2800000, 0x00000000b2800000| Untracked 
|  41|0x00000000b2900000, 0x00000000b2900000, 0x00000000b2a00000|  0%| F|  |TAMS 0x00000000b2900000, 0x00000000b2900000| Untracked 
|  42|0x00000000b2a00000, 0x00000000b2a00000, 0x00000000b2b00000|  0%| F|  |TAMS 0x00000000b2a00000, 0x00000000b2a00000| Untracked 
|  43|0x00000000b2b00000, 0x00000000b2b00000, 0x00000000b2c00000|  0%| F|  |TAMS 0x00000000b2b00000, 0x00000000b2b00000| Untracked 
|  44|0x00000000b2c00000, 0x00000000b2c00000, 0x00000000b2d00000|  0%| F|  |TAMS 0x00000000b2c00000, 0x00000000b2c00000| Untracked 
|  45|0x00000000b2d00000, 0x00000000b2d00000, 0x00000000b2e00000|  0%| F|  |TAMS 0x00000000b2d00000, 0x00000000b2d00000| Untracked 
|  46|0x00000000b2e00000, 0x00000000b2e00000, 0x00000000b2f00000|  0%| F|  |TAMS 0x00000000b2e00000, 0x00000000b2e00000| Untracked 
|  47|0x00000000b2f00000, 0x00000000b2f00000, 0x00000000b3000000|  0%| F|  |TAMS 0x00000000b2f00000, 0x00000000b2f00000| Untracked 
|  48|0x00000000b3000000, 0x00000000b3000000, 0x00000000b3100000|  0%| F|  |TAMS 0x00000000b3000000, 0x00000000b3000000| Untracked 
|  49|0x00000000b3100000, 0x00000000b3100000, 0x00000000b3200000|  0%| F|  |TAMS 0x00000000b3100000, 0x00000000b3100000| Untracked 
|  50|0x00000000b3200000, 0x00000000b3200000, 0x00000000b3300000|  0%| F|  |TAMS 0x00000000b3200000, 0x00000000b3200000| Untracked 
|  51|0x00000000b3300000, 0x00000000b3300000, 0x00000000b3400000|  0%| F|  |TAMS 0x00000000b3300000, 0x00000000b3300000| Untracked 
|  52|0x00000000b3400000, 0x00000000b3400000, 0x00000000b3500000|  0%| F|  |TAMS 0x00000000b3400000, 0x00000000b3400000| Untracked 
|  53|0x00000000b3500000, 0x00000000b3500000, 0x00000000b3600000|  0%| F|  |TAMS 0x00000000b3500000, 0x00000000b3500000| Untracked 
|  54|0x00000000b3600000, 0x00000000b3600000, 0x00000000b3700000|  0%| F|  |TAMS 0x00000000b3600000, 0x00000000b3600000| Untracked 
|  55|0x00000000b3700000, 0x00000000b3700000, 0x00000000b3800000|  0%| F|  |TAMS 0x00000000b3700000, 0x00000000b3700000| Untracked 
|  56|0x00000000b3800000, 0x00000000b3800000, 0x00000000b3900000|  0%| F|  |TAMS 0x00000000b3800000, 0x00000000b3800000| Untracked 
|  57|0x00000000b3900000, 0x00000000b3900000, 0x00000000b3a00000|  0%| F|  |TAMS 0x00000000b3900000, 0x00000000b3900000| Untracked 
|  58|0x00000000b3a00000, 0x00000000b3a00000, 0x00000000b3b00000|  0%| F|  |TAMS 0x00000000b3a00000, 0x00000000b3a00000| Untracked 
|  59|0x00000000b3b00000, 0x00000000b3b00000, 0x00000000b3c00000|  0%| F|  |TAMS 0x00000000b3b00000, 0x00000000b3b00000| Untracked 
|  60|0x00000000b3c00000, 0x00000000b3c00000, 0x00000000b3d00000|  0%| F|  |TAMS 0x00000000b3c00000, 0x00000000b3c00000| Untracked 
|  61|0x00000000b3d00000, 0x00000000b3d00000, 0x00000000b3e00000|  0%| F|  |TAMS 0x00000000b3d00000, 0x00000000b3d00000| Untracked 
|  62|0x00000000b3e00000, 0x00000000b3e00000, 0x00000000b3f00000|  0%| F|  |TAMS 0x00000000b3e00000, 0x00000000b3e00000| Untracked 
|  63|0x00000000b3f00000, 0x00000000b3f00000, 0x00000000b4000000|  0%| F|  |TAMS 0x00000000b3f00000, 0x00000000b3f00000| Untracked 
|  64|0x00000000b4000000, 0x00000000b4000000, 0x00000000b4100000|  0%| F|  |TAMS 0x00000000b4000000, 0x00000000b4000000| Untracked 
|  65|0x00000000b4100000, 0x00000000b4100000, 0x00000000b4200000|  0%| F|  |TAMS 0x00000000b4100000, 0x00000000b4100000| Untracked 
|  66|0x00000000b4200000, 0x00000000b4200000, 0x00000000b4300000|  0%| F|  |TAMS 0x00000000b4200000, 0x00000000b4200000| Untracked 
|  67|0x00000000b4300000, 0x00000000b4300000, 0x00000000b4400000|  0%| F|  |TAMS 0x00000000b4300000, 0x00000000b4300000| Untracked 
|  68|0x00000000b4400000, 0x00000000b4400000, 0x00000000b4500000|  0%| F|  |TAMS 0x00000000b4400000, 0x00000000b4400000| Untracked 
|  69|0x00000000b4500000, 0x00000000b4500000, 0x00000000b4600000|  0%| F|  |TAMS 0x00000000b4500000, 0x00000000b4500000| Untracked 
|  70|0x00000000b4600000, 0x00000000b4600000, 0x00000000b4700000|  0%| F|  |TAMS 0x00000000b4600000, 0x00000000b4600000| Untracked 
|  71|0x00000000b4700000, 0x00000000b4700000, 0x00000000b4800000|  0%| F|  |TAMS 0x00000000b4700000, 0x00000000b4700000| Untracked 
|  72|0x00000000b4800000, 0x00000000b4900000, 0x00000000b4900000|100%| E|  |TAMS 0x00000000b4800000, 0x00000000b4800000| Complete 
|  73|0x00000000b4900000, 0x00000000b4a00000, 0x00000000b4a00000|100%| E|CS|TAMS 0x00000000b4900000, 0x00000000b4900000| Complete 
|  74|0x00000000b4a00000, 0x00000000b4b00000, 0x00000000b4b00000|100%| E|CS|TAMS 0x00000000b4a00000, 0x00000000b4a00000| Complete 
|  75|0x00000000b4b00000, 0x00000000b4c00000, 0x00000000b4c00000|100%| E|CS|TAMS 0x00000000b4b00000, 0x00000000b4b00000| Complete 
|  76|0x00000000b4c00000, 0x00000000b4d00000, 0x00000000b4d00000|100%| E|CS|TAMS 0x00000000b4c00000, 0x00000000b4c00000| Complete 
|  77|0x00000000b4d00000, 0x00000000b4e00000, 0x00000000b4e00000|100%| E|CS|TAMS 0x00000000b4d00000, 0x00000000b4d00000| Complete 
|  78|0x00000000b4e00000, 0x00000000b4f00000, 0x00000000b4f00000|100%| E|CS|TAMS 0x00000000b4e00000, 0x00000000b4e00000| Complete 
|  79|0x00000000b4f00000, 0x00000000b5000000, 0x00000000b5000000|100%| E|CS|TAMS 0x00000000b4f00000, 0x00000000b4f00000| Complete 

Card table byte_map: [0x00007f7cb57a5000,0x00007f7cb5a25000] _byte_map_base: 0x00007f7cb5225000

Marking Bits (Prev, Next): (CMBitMap*) 0x00007f7cb005c518, (CMBitMap*) 0x00007f7cb005c558
 Prev Bits: [0x00007f7cb4125000, 0x00007f7cb5525000)
 Next Bits: [0x00007f7c9fc00000, 0x00007f7ca1000000)

Polling page: 0x00007f7cb9e17000

Metaspace:

Usage:
  Non-class:      6,40 MB capacity,     6,32 MB ( 99%) used,    68,59 KB (  1%) free+waste,    10,69 KB ( <1%) overhead. 
      Class:    664,00 KB capacity,   612,31 KB ( 92%) used,    46,06 KB (  7%) free+waste,     5,62 KB ( <1%) overhead. 
       Both:      7,04 MB capacity,     6,92 MB ( 98%) used,   114,65 KB (  2%) free+waste,    16,31 KB ( <1%) overhead. 

Virtual space:
  Non-class space:        8,00 MB reserved,       6,50 MB ( 81%) committed 
      Class space:        1,00 GB reserved,     768,00 KB ( <1%) committed 
             Both:        1,01 GB reserved,       7,25 MB ( <1%) committed 

Chunk freelists:
   Non-Class:  27,00 KB
       Class:  8,00 KB
        Both:  35,00 KB

MaxMetaspaceSize: unlimited
CompressedClassSpaceSize: 1,00 GB

CodeHeap 'non-profiled nmethods': size=120032Kb used=165Kb max_used=165Kb free=119866Kb
 bounds [0x00007f7ca8ac8000, 0x00007f7ca8d38000, 0x00007f7cb0000000]
CodeHeap 'profiled nmethods': size=120032Kb used=831Kb max_used=831Kb free=119200Kb
 bounds [0x00007f7ca1590000, 0x00007f7ca1800000, 0x00007f7ca8ac8000]
CodeHeap 'non-nmethods': size=5696Kb used=1182Kb max_used=1200Kb free=4513Kb
 bounds [0x00007f7ca1000000, 0x00007f7ca1270000, 0x00007f7ca1590000]
 total_blobs=985 nmethods=541 adapters=248
 compilation: enabled
              stopped_count=0, restarted_count=0
 full_count=0

Compilation events (10 events):
Event: 2,805 Thread 0x00007f7cb0167800  540       3       java.lang.ref.Reference::<init> (25 bytes)
Event: 2,805 Thread 0x00007f7cb0167800 nmethod 540 0x00007f7ca165d990 code [0x00007f7ca165db40, 0x00007f7ca165de10]
Event: 2,805 Thread 0x00007f7cb0167800  542       3       java.lang.invoke.MethodType::checkSlotCount (33 bytes)
Event: 2,806 Thread 0x00007f7cb0167800 nmethod 542 0x00007f7ca165df10 code [0x00007f7ca165e180, 0x00007f7ca165ead8]
Event: 2,807 Thread 0x00007f7cb0167800  541       3       java.lang.invoke.MemberName::isStatic (8 bytes)
Event: 2,807 Thread 0x00007f7cb0167800 nmethod 541 0x00007f7ca165ee10 code [0x00007f7ca165efc0, 0x00007f7ca165f1d0]
Event: 2,807 Thread 0x00007f7cb0167800  543       3       java.lang.invoke.MemberName::isConstructor (8 bytes)
Event: 2,808 Thread 0x00007f7cb0167800 nmethod 543 0x00007f7ca165f290 code [0x00007f7ca165f440, 0x00007f7ca165f6d0]
Event: 2,821 Thread 0x00007f7cb0167800  545       3       jdk.internal.org.objectweb.asm.ByteVector::put122 (93 bytes)
Event: 2,822 Thread 0x00007f7cb0167800 nmethod 545 0x00007f7ca165f790 code [0x00007f7ca165f940, 0x00007f7ca165fc48]

GC Heap History (0 events):
No events

Deoptimization events (1 events):
Event: 1,109 Thread 0x00007f7cb0017800 Uncommon trap: reason=unstable_if action=reinterpret pc=0x00007f7ca8ae6138 method=java.util.HashMap.putVal(ILjava/lang/Object;Ljava/lang/Object;ZZ)Ljava/lang/Object; @ 236 c2

Classes unloaded (0 events):
No events

Classes redefined (0 events):
No events

Internal exceptions (10 events):
Event: 0,604 Thread 0x00007f7cb0017800 Exception <a 'java/lang/NoSuchMethodError'{0x00000000b4c16770}: 'int java.lang.invoke.DirectMethodHandle$Holder.invokeStatic(java.lang.Object, java.lang.Object)'> (0x00000000b4c16770) 
thrown [/home/dmitry/Downloads/LOOM/loom/src/hotspot/share/interpreter/linkResolver.cpp, line 768]
for thread 0x00007f7cb0017800
Event: 0,607 Thread 0x00007f7cb0017800 Exception <a 'java/lang/NoSuchMethodError'{0x00000000b4c20db0}: 'java.lang.Object java.lang.invoke.DirectMethodHandle$Holder.invokeVirtual(java.lang.Object, java.lang.Object)'> (0x00000000b4c20db0) 
thrown [/home/dmitry/Downloads/LOOM/loom/src/hotspot/share/interpreter/linkResolver.cpp, line 768]
for thread 0x00007f7cb0017800
Event: 0,611 Thread 0x00007f7cb0017800 Exception <a 'java/lang/NoSuchMethodError'{0x00000000b4c28978}: 'int java.lang.invoke.DirectMethodHandle$Holder.invokeSpecial(java.lang.Object, java.lang.Object)'> (0x00000000b4c28978) 
thrown [/home/dmitry/Downloads/LOOM/loom/src/hotspot/share/interpreter/linkResolver.cpp, line 768]
for thread 0x00007f7cb0017800
Event: 0,930 Thread 0x00007f7cb0017800 Exception <a 'java/lang/NoSuchMethodError'{0x00000000b4ab95e8}: 'void java.lang.invoke.DirectMethodHandle$Holder.invokeStatic(java.lang.Object, java.lang.Object, java.lang.Object)'> (0x00000000b4ab95e8) 
thrown [/home/dmitry/Downloads/LOOM/loom/src/hotspot/share/interpreter/linkResolver.cpp, line 768]
for thread 0x00007f7cb0017800
Event: 0,984 Thread 0x00007f7cb0017800 Exception <a 'java/lang/NoSuchMethodError'{0x00000000b4ae4ba0}: 'java.lang.Object java.lang.invoke.Invokers$Holder.linkToTargetMethod(java.lang.Object, java.lang.Object, java.lang.Object, java.lang.Object)'> (0x00000000b4ae4ba0) 
thrown [/home/dmitry/Downloads/LOOM/loom/src/hotspot/share/interpreter/linkResolver.cpp, line 768]
for thread 0x00007f7cb0017800
Event: 1,125 Thread 0x00007f7cb0017800 Exception <a 'java/lang/NoSuchMethodError'{0x00000000b49605f0}: 'java.lang.Object java.lang.invoke.DirectMethodHandle$Holder.invokeStaticInit(java.lang.Object, java.lang.Object)'> (0x00000000b49605f0) 
thrown [/home/dmitry/Downloads/LOOM/loom/src/hotspot/share/interpreter/linkResolver.cpp, line 768]
for thread 0x00007f7cb0017800
Event: 1,127 Thread 0x00007f7cb0017800 Exception <a 'java/lang/NoSuchMethodError'{0x00000000b4968320}: 'void java.lang.invoke.DirectMethodHandle$Holder.invokeStaticInit(java.lang.Object, java.lang.Object, java.lang.Object)'> (0x00000000b4968320) 
thrown [/home/dmitry/Downloads/LOOM/loom/src/hotspot/share/interpreter/linkResolver.cpp, line 768]
for thread 0x00007f7cb0017800
Event: 2,796 Thread 0x00007f7cb0017800 Exception <a 'java/lang/NoSuchMethodError'{0x00000000b4801580}: 'void java.lang.invoke.DirectMethodHandle$Holder.invokeStatic(java.lang.Object)'> (0x00000000b4801580) 
thrown [/home/dmitry/Downloads/LOOM/loom/src/hotspot/share/interpreter/linkResolver.cpp, line 768]
for thread 0x00007f7cb0017800
Event: 2,805 Thread 0x00007f7cb0017800 Exception <a 'java/lang/NoSuchMethodError'{0x00000000b4805cc8}: 'void java.lang.invoke.DirectMethodHandle$Holder.invokeSpecial(java.lang.Object, java.lang.Object)'> (0x00000000b4805cc8) 
thrown [/home/dmitry/Downloads/LOOM/loom/src/hotspot/share/interpreter/linkResolver.cpp, line 768]
for thread 0x00007f7cb0017800
Event: 2,821 Thread 0x00007f7cb0017800 Exception <a 'java/lang/NoSuchMethodError'{0x00000000b480a9d8}: 'void java.lang.invoke.DirectMethodHandle$Holder.invokeStatic(java.lang.Object, java.lang.Object)'> (0x00000000b480a9d8) 
thrown [/home/dmitry/Downloads/LOOM/loom/src/hotspot/share/interpreter/linkResolver.cpp, line 768]
for thread 0x00007f7cb0017800

Events (10 events):
Event: 17,407 Executing VM operation: GetFrameCount
Event: 17,407 Executing VM operation: GetFrameCount done
Event: 17,407 Executing VM operation: SetFramePop
Event: 17,407 Executing VM operation: SetFramePop done
Event: 17,407 Executing VM operation: GetFrameLocation
Event: 17,407 Executing VM operation: GetFrameLocation done
Event: 17,407 Executing VM operation: GetCurrentLocation
Event: 17,407 Executing VM operation: GetCurrentLocation done
Event: 17,407 Executing VM operation: ChangeSingleStep
Event: 17,407 Executing VM operation: ChangeSingleStep done


Dynamic libraries:
b0000000-b5000000 rw-p 00000000 00:00 0 
b5000000-100000000 ---p 00000000 00:00 0 
100000000-1000c0000 rw-p 00000000 00:00 0 
1000c0000-140000000 ---p 00000000 00:00 0 
557635b0d000-557635b0e000 r-xp 00000000 08:01 2499823                    /home/dmitry/Downloads/LOOM/loom/build/linux-x86_64-server-release/jdk/bin/java
557635d0e000-557635d0f000 r--p 00001000 08:01 2499823                    /home/dmitry/Downloads/LOOM/loom/build/linux-x86_64-server-release/jdk/bin/java
557635d0f000-557635d10000 rw-p 00002000 08:01 2499823                    /home/dmitry/Downloads/LOOM/loom/build/linux-x86_64-server-release/jdk/bin/java
557637669000-55763768a000 rw-p 00000000 00:00 0                          [heap]
7f7c44000000-7f7c44021000 rw-p 00000000 00:00 0 
7f7c44021000-7f7c48000000 ---p 00000000 00:00 0 
7f7c4c000000-7f7c4c021000 rw-p 00000000 00:00 0 
7f7c4c021000-7f7c50000000 ---p 00000000 00:00 0 
7f7c50000000-7f7c50021000 rw-p 00000000 00:00 0 
7f7c50021000-7f7c54000000 ---p 00000000 00:00 0 
7f7c54000000-7f7c54021000 rw-p 00000000 00:00 0 
7f7c54021000-7f7c58000000 ---p 00000000 00:00 0 
7f7c58000000-7f7c58021000 rw-p 00000000 00:00 0 
7f7c58021000-7f7c5c000000 ---p 00000000 00:00 0 
7f7c5c000000-7f7c5c044000 rw-p 00000000 00:00 0 
7f7c5c044000-7f7c60000000 ---p 00000000 00:00 0 
7f7c60000000-7f7c60021000 rw-p 00000000 00:00 0 
7f7c60021000-7f7c64000000 ---p 00000000 00:00 0 
7f7c64000000-7f7c64021000 rw-p 00000000 00:00 0 
7f7c64021000-7f7c68000000 ---p 00000000 00:00 0 
7f7c68000000-7f7c68021000 rw-p 00000000 00:00 0 
7f7c68021000-7f7c6c000000 ---p 00000000 00:00 0 
7f7c6c000000-7f7c6c45c000 rw-p 00000000 00:00 0 
7f7c6c45c000-7f7c70000000 ---p 00000000 00:00 0 
7f7c70000000-7f7c704ab000 rw-p 00000000 00:00 0 
7f7c704ab000-7f7c74000000 ---p 00000000 00:00 0 
7f7c74000000-7f7c74021000 rw-p 00000000 00:00 0 
7f7c74021000-7f7c78000000 ---p 00000000 00:00 0 
7f7c78000000-7f7c78021000 rw-p 00000000 00:00 0 
7f7c78021000-7f7c7c000000 ---p 00000000 00:00 0 
7f7c7e710000-7f7c7eb0b000 rw-p 00000000 00:00 0 
7f7c7eb0b000-7f7c7eb0f000 ---p 00000000 00:00 0 
7f7c7eb0f000-7f7c7ec0c000 rw-p 00000000 00:00 0 
7f7c7ec0c000-7f7c7ec10000 ---p 00000000 00:00 0 
7f7c7ec10000-7f7c7ed0d000 rw-p 00000000 00:00 0 
7f7c7ed0d000-7f7c7ed0e000 ---p 00000000 00:00 0 
7f7c7ed0e000-7f7c7ee0f000 rw-p 00000000 00:00 0 
7f7c7ee0f000-7f7c7ee13000 ---p 00000000 00:00 0 
7f7c7ee13000-7f7c7ef10000 rw-p 00000000 00:00 0 
7f7c7ef10000-7f7c7ef14000 ---p 00000000 00:00 0 
7f7c7ef14000-7f7c7f011000 rw-p 00000000 00:00 0 
7f7c7f011000-7f7c7f015000 ---p 00000000 00:00 0 
7f7c7f015000-7f7c7f112000 rw-p 00000000 00:00 0 
7f7c7f112000-7f7c7f116000 ---p 00000000 00:00 0 
7f7c7f116000-7f7c7f213000 rw-p 00000000 00:00 0 
7f7c7f213000-7f7c7f218000 r-xp 00000000 08:01 2636454                    /home/dmitry/Downloads/LOOM/loom/build/linux-x86_64-server-release/jdk/lib/libdt_socket.so
7f7c7f218000-7f7c7f417000 ---p 00005000 08:01 2636454                    /home/dmitry/Downloads/LOOM/loom/build/linux-x86_64-server-release/jdk/lib/libdt_socket.so
7f7c7f417000-7f7c7f418000 r--p 00004000 08:01 2636454                    /home/dmitry/Downloads/LOOM/loom/build/linux-x86_64-server-release/jdk/lib/libdt_socket.so
7f7c7f418000-7f7c7f419000 rw-p 00005000 08:01 2636454                    /home/dmitry/Downloads/LOOM/loom/build/linux-x86_64-server-release/jdk/lib/libdt_socket.so
7f7c7f419000-7f7c7f42f000 r-xp 00000000 08:01 2636329                    /home/dmitry/Downloads/LOOM/loom/build/linux-x86_64-server-release/jdk/lib/libnet.so
7f7c7f42f000-7f7c7f62f000 ---p 00016000 08:01 2636329                    /home/dmitry/Downloads/LOOM/loom/build/linux-x86_64-server-release/jdk/lib/libnet.so
7f7c7f62f000-7f7c7f630000 r--p 00016000 08:01 2636329                    /home/dmitry/Downloads/LOOM/loom/build/linux-x86_64-server-release/jdk/lib/libnet.so
7f7c7f630000-7f7c7f631000 rw-p 00017000 08:01 2636329                    /home/dmitry/Downloads/LOOM/loom/build/linux-x86_64-server-release/jdk/lib/libnet.so
7f7c7f631000-7f7c80000000 r--p 00000000 08:01 10230401                   /usr/lib/locale/locale-archive
7f7c80000000-7f7c80021000 rw-p 00000000 00:00 0 
7f7c80021000-7f7c84000000 ---p 00000000 00:00 0 
7f7c84000000-7f7c84021000 rw-p 00000000 00:00 0 
7f7c84021000-7f7c88000000 ---p 00000000 00:00 0 
7f7c88000000-7f7c88021000 rw-p 00000000 00:00 0 
7f7c88021000-7f7c8c000000 ---p 00000000 00:00 0 
7f7c8c000000-7f7c8c021000 rw-p 00000000 00:00 0 
7f7c8c021000-7f7c90000000 ---p 00000000 00:00 0 
7f7c90000000-7f7c90021000 rw-p 00000000 00:00 0 
7f7c90021000-7f7c94000000 ---p 00000000 00:00 0 
7f7c94000000-7f7c94021000 rw-p 00000000 00:00 0 
7f7c94021000-7f7c98000000 ---p 00000000 00:00 0 
7f7c98000000-7f7c98021000 rw-p 00000000 00:00 0 
7f7c98021000-7f7c9c000000 ---p 00000000 00:00 0 
7f7c9c0cc000-7f7c9c0d0000 ---p 00000000 00:00 0 
7f7c9c0d0000-7f7c9c1fe000 rw-p 00000000 00:00 0 
7f7c9c1fe000-7f7c9c20f000 r-xp 00000000 08:01 2636332                    /home/dmitry/Downloads/LOOM/loom/build/linux-x86_64-server-release/jdk/lib/libnio.so
7f7c9c20f000-7f7c9c40e000 ---p 00011000 08:01 2636332                    /home/dmitry/Downloads/LOOM/loom/build/linux-x86_64-server-release/jdk/lib/libnio.so
7f7c9c40e000-7f7c9c40f000 r--p 00010000 08:01 2636332                    /home/dmitry/Downloads/LOOM/loom/build/linux-x86_64-server-release/jdk/lib/libnio.so
7f7c9c40f000-7f7c9c410000 rw-p 00011000 08:01 2636332                    /home/dmitry/Downloads/LOOM/loom/build/linux-x86_64-server-release/jdk/lib/libnio.so
7f7c9c410000-7f7c9c414000 ---p 00000000 00:00 0 
7f7c9c414000-7f7c9c511000 rw-p 00000000 00:00 0 
7f7c9c511000-7f7c9c515000 ---p 00000000 00:00 0 
7f7c9c515000-7f7c9c612000 rw-p 00000000 00:00 0 
7f7c9c612000-7f7c9c616000 ---p 00000000 00:00 0 
7f7c9c616000-7f7c9c713000 rw-p 00000000 00:00 0 
7f7c9c713000-7f7c9c717000 ---p 00000000 00:00 0 
7f7c9c717000-7f7c9c814000 rw-p 00000000 00:00 0 
7f7c9c814000-7f7c9c818000 ---p 00000000 00:00 0 
7f7c9c818000-7f7c9c915000 rw-p 00000000 00:00 0 
7f7c9c915000-7f7c9c919000 ---p 00000000 00:00 0 
7f7c9c919000-7f7c9ca16000 rw-p 00000000 00:00 0 
7f7c9ca16000-7f7c9ca17000 ---p 00000000 00:00 0 
7f7c9ca17000-7f7c9d274000 rw-p 00000000 00:00 0 
7f7c9d274000-7f7c9d3f4000 ---p 00000000 00:00 0 
7f7c9d3f4000-7f7c9d3f5000 ---p 00000000 00:00 0 
7f7c9d3f5000-7f7c9d4f6000 rw-p 00000000 00:00 0 
7f7c9d4f6000-7f7c9d4f7000 ---p 00000000 00:00 0 
7f7c9d4f7000-7f7c9f9fc000 rw-p 00000000 00:00 0 
7f7c9f9fc000-7f7c9f9fd000 ---p 00000000 00:00 0 
7f7c9f9fd000-7f7c9fafe000 rw-p 00000000 00:00 0 
7f7c9fafe000-7f7c9faff000 ---p 00000000 00:00 0 
7f7c9faff000-7f7c9fd40000 rw-p 00000000 00:00 0 
7f7c9fd40000-7f7ca1000000 ---p 00000000 00:00 0 
7f7ca1000000-7f7ca1270000 rwxp 00000000 00:00 0 
7f7ca1270000-7f7ca1590000 ---p 00000000 00:00 0 
7f7ca1590000-7f7ca1800000 rwxp 00000000 00:00 0 
7f7ca1800000-7f7ca8ac8000 ---p 00000000 00:00 0 
7f7ca8ac8000-7f7ca8d38000 rwxp 00000000 00:00 0 
7f7ca8d38000-7f7cb0000000 ---p 00000000 00:00 0 
7f7cb0000000-7f7cb02dd000 rw-p 00000000 00:00 0 
7f7cb02dd000-7f7cb4000000 ---p 00000000 00:00 0 
7f7cb4023000-7f7cb4024000 ---p 00000000 00:00 0 
7f7cb4024000-7f7cb4265000 rw-p 00000000 00:00 0 
7f7cb4265000-7f7cb5525000 ---p 00000000 00:00 0 
7f7cb5525000-7f7cb554d000 rw-p 00000000 00:00 0 
7f7cb554d000-7f7cb57a5000 ---p 00000000 00:00 0 
7f7cb57a5000-7f7cb57cd000 rw-p 00000000 00:00 0 
7f7cb57cd000-7f7cb5a25000 ---p 00000000 00:00 0 
7f7cb5a25000-7f7cb5a4d000 rw-p 00000000 00:00 0 
7f7cb5a4d000-7f7cb5ca5000 ---p 00000000 00:00 0 
7f7cb5ca5000-7f7cb60ae000 rw-p 00000000 00:00 0 
7f7cb60ae000-7f7cb6194000 ---p 00000000 00:00 0 
7f7cb6194000-7f7cb6199000 rw-p 00000000 00:00 0 
7f7cb6199000-7f7cb627f000 ---p 00000000 00:00 0 
7f7cb627f000-7f7cb629a000 r-xp 00000000 08:01 2636327                    /home/dmitry/Downloads/LOOM/loom/build/linux-x86_64-server-release/jdk/lib/libjimage.so
7f7cb629a000-7f7cb6499000 ---p 0001b000 08:01 2636327                    /home/dmitry/Downloads/LOOM/loom/build/linux-x86_64-server-release/jdk/lib/libjimage.so
7f7cb6499000-7f7cb649b000 r--p 0001a000 08:01 2636327                    /home/dmitry/Downloads/LOOM/loom/build/linux-x86_64-server-release/jdk/lib/libjimage.so
7f7cb649b000-7f7cb649c000 rw-p 0001c000 08:01 2636327                    /home/dmitry/Downloads/LOOM/loom/build/linux-x86_64-server-release/jdk/lib/libjimage.so
7f7cb649c000-7f7cb64a3000 r-xp 00000000 08:01 2636324                    /home/dmitry/Downloads/LOOM/loom/build/linux-x86_64-server-release/jdk/lib/libzip.so
7f7cb64a3000-7f7cb66a2000 ---p 00007000 08:01 2636324                    /home/dmitry/Downloads/LOOM/loom/build/linux-x86_64-server-release/jdk/lib/libzip.so
7f7cb66a2000-7f7cb66a3000 r--p 00006000 08:01 2636324                    /home/dmitry/Downloads/LOOM/loom/build/linux-x86_64-server-release/jdk/lib/libzip.so
7f7cb66a3000-7f7cb66a4000 rw-p 00007000 08:01 2636324                    /home/dmitry/Downloads/LOOM/loom/build/linux-x86_64-server-release/jdk/lib/libzip.so
7f7cb66a4000-7f7cb66af000 r-xp 00000000 08:01 1184572                    /lib/x86_64-linux-gnu/libnss_files-2.27.so
7f7cb66af000-7f7cb68ae000 ---p 0000b000 08:01 1184572                    /lib/x86_64-linux-gnu/libnss_files-2.27.so
7f7cb68ae000-7f7cb68af000 r--p 0000a000 08:01 1184572                    /lib/x86_64-linux-gnu/libnss_files-2.27.so
7f7cb68af000-7f7cb68b0000 rw-p 0000b000 08:01 1184572                    /lib/x86_64-linux-gnu/libnss_files-2.27.so
7f7cb68b0000-7f7cb68b6000 rw-p 00000000 00:00 0 
7f7cb68b6000-7f7cb68cd000 r-xp 00000000 08:01 1184566                    /lib/x86_64-linux-gnu/libnsl-2.27.so
7f7cb68cd000-7f7cb6acc000 ---p 00017000 08:01 1184566                    /lib/x86_64-linux-gnu/libnsl-2.27.so
7f7cb6acc000-7f7cb6acd000 r--p 00016000 08:01 1184566                    /lib/x86_64-linux-gnu/libnsl-2.27.so
7f7cb6acd000-7f7cb6ace000 rw-p 00017000 08:01 1184566                    /lib/x86_64-linux-gnu/libnsl-2.27.so
7f7cb6ace000-7f7cb6ad0000 rw-p 00000000 00:00 0 
7f7cb6ad0000-7f7cb6adb000 r-xp 00000000 08:01 1184583                    /lib/x86_64-linux-gnu/libnss_nis-2.27.so
7f7cb6adb000-7f7cb6cda000 ---p 0000b000 08:01 1184583                    /lib/x86_64-linux-gnu/libnss_nis-2.27.so
7f7cb6cda000-7f7cb6cdb000 r--p 0000a000 08:01 1184583                    /lib/x86_64-linux-gnu/libnss_nis-2.27.so
7f7cb6cdb000-7f7cb6cdc000 rw-p 0000b000 08:01 1184583                    /lib/x86_64-linux-gnu/libnss_nis-2.27.so
7f7cb6cdc000-7f7cb6ce4000 r-xp 00000000 08:01 1184568                    /lib/x86_64-linux-gnu/libnss_compat-2.27.so
7f7cb6ce4000-7f7cb6ee4000 ---p 00008000 08:01 1184568                    /lib/x86_64-linux-gnu/libnss_compat-2.27.so
7f7cb6ee4000-7f7cb6ee5000 r--p 00008000 08:01 1184568                    /lib/x86_64-linux-gnu/libnss_compat-2.27.so
7f7cb6ee5000-7f7cb6ee6000 rw-p 00009000 08:01 1184568                    /lib/x86_64-linux-gnu/libnss_compat-2.27.so
7f7cb6ee6000-7f7cb6f25000 r-xp 00000000 08:01 2636456                    /home/dmitry/Downloads/LOOM/loom/build/linux-x86_64-server-release/jdk/lib/libjdwp.so
7f7cb6f25000-7f7cb7124000 ---p 0003f000 08:01 2636456                    /home/dmitry/Downloads/LOOM/loom/build/linux-x86_64-server-release/jdk/lib/libjdwp.so
7f7cb7124000-7f7cb7125000 r--p 0003e000 08:01 2636456                    /home/dmitry/Downloads/LOOM/loom/build/linux-x86_64-server-release/jdk/lib/libjdwp.so
7f7cb7125000-7f7cb7126000 rw-p 0003f000 08:01 2636456                    /home/dmitry/Downloads/LOOM/loom/build/linux-x86_64-server-release/jdk/lib/libjdwp.so
7f7cb7126000-7f7cb7127000 rw-p 00000000 00:00 0 
7f7cb7127000-7f7cb7150000 r-xp 00000000 08:01 2636323                    /home/dmitry/Downloads/LOOM/loom/build/linux-x86_64-server-release/jdk/lib/libjava.so
7f7cb7150000-7f7cb734f000 ---p 00029000 08:01 2636323                    /home/dmitry/Downloads/LOOM/loom/build/linux-x86_64-server-release/jdk/lib/libjava.so
7f7cb734f000-7f7cb7350000 r--p 00028000 08:01 2636323                    /home/dmitry/Downloads/LOOM/loom/build/linux-x86_64-server-release/jdk/lib/libjava.so
7f7cb7350000-7f7cb7352000 rw-p 00029000 08:01 2636323                    /home/dmitry/Downloads/LOOM/loom/build/linux-x86_64-server-release/jdk/lib/libjava.so
7f7cb7352000-7f7cb735f000 r-xp 00000000 08:01 2636315                    /home/dmitry/Downloads/LOOM/loom/build/linux-x86_64-server-release/jdk/lib/libverify.so
7f7cb735f000-7f7cb755e000 ---p 0000d000 08:01 2636315                    /home/dmitry/Downloads/LOOM/loom/build/linux-x86_64-server-release/jdk/lib/libverify.so
7f7cb755e000-7f7cb7560000 r--p 0000c000 08:01 2636315                    /home/dmitry/Downloads/LOOM/loom/build/linux-x86_64-server-release/jdk/lib/libverify.so
7f7cb7560000-7f7cb7561000 rw-p 0000e000 08:01 2636315                    /home/dmitry/Downloads/LOOM/loom/build/linux-x86_64-server-release/jdk/lib/libverify.so
7f7cb7561000-7f7cb76fe000 r-xp 00000000 08:01 1184545                    /lib/x86_64-linux-gnu/libm-2.27.so
7f7cb76fe000-7f7cb78fd000 ---p 0019d000 08:01 1184545                    /lib/x86_64-linux-gnu/libm-2.27.so
7f7cb78fd000-7f7cb78fe000 r--p 0019c000 08:01 1184545                    /lib/x86_64-linux-gnu/libm-2.27.so
7f7cb78fe000-7f7cb78ff000 rw-p 0019d000 08:01 1184545                    /lib/x86_64-linux-gnu/libm-2.27.so
7f7cb78ff000-7f7cb8c2b000 r-xp 00000000 08:01 2636313                    /home/dmitry/Downloads/LOOM/loom/build/linux-x86_64-server-release/jdk/lib/server/libjvm.so
7f7cb8c2b000-7f7cb8e2a000 ---p 0132c000 08:01 2636313                    /home/dmitry/Downloads/LOOM/loom/build/linux-x86_64-server-release/jdk/lib/server/libjvm.so
7f7cb8e2a000-7f7cb8ef2000 r--p 0132b000 08:01 2636313                    /home/dmitry/Downloads/LOOM/loom/build/linux-x86_64-server-release/jdk/lib/server/libjvm.so
7f7cb8ef2000-7f7cb8f2d000 rw-p 013f3000 08:01 2636313                    /home/dmitry/Downloads/LOOM/loom/build/linux-x86_64-server-release/jdk/lib/server/libjvm.so
7f7cb8f2d000-7f7cb8fb3000 rw-p 00000000 00:00 0 
7f7cb8fb3000-7f7cb8fcd000 r-xp 00000000 08:01 1184615                    /lib/x86_64-linux-gnu/libpthread-2.27.so
7f7cb8fcd000-7f7cb91cc000 ---p 0001a000 08:01 1184615                    /lib/x86_64-linux-gnu/libpthread-2.27.so
7f7cb91cc000-7f7cb91cd000 r--p 00019000 08:01 1184615                    /lib/x86_64-linux-gnu/libpthread-2.27.so
7f7cb91cd000-7f7cb91ce000 rw-p 0001a000 08:01 1184615                    /lib/x86_64-linux-gnu/libpthread-2.27.so
7f7cb91ce000-7f7cb91d2000 rw-p 00000000 00:00 0 
7f7cb91d2000-7f7cb91d5000 r-xp 00000000 08:01 1184505                    /lib/x86_64-linux-gnu/libdl-2.27.so
7f7cb91d5000-7f7cb93d4000 ---p 00003000 08:01 1184505                    /lib/x86_64-linux-gnu/libdl-2.27.so
7f7cb93d4000-7f7cb93d5000 r--p 00002000 08:01 1184505                    /lib/x86_64-linux-gnu/libdl-2.27.so
7f7cb93d5000-7f7cb93d6000 rw-p 00003000 08:01 1184505                    /lib/x86_64-linux-gnu/libdl-2.27.so
7f7cb93d6000-7f7cb93f2000 r-xp 00000000 08:01 1184654                    /lib/x86_64-linux-gnu/libz.so.1.2.11
7f7cb93f2000-7f7cb95f1000 ---p 0001c000 08:01 1184654                    /lib/x86_64-linux-gnu/libz.so.1.2.11
7f7cb95f1000-7f7cb95f2000 r--p 0001b000 08:01 1184654                    /lib/x86_64-linux-gnu/libz.so.1.2.11
7f7cb95f2000-7f7cb95f3000 rw-p 0001c000 08:01 1184654                    /lib/x86_64-linux-gnu/libz.so.1.2.11
7f7cb95f3000-7f7cb97da000 r-xp 00000000 08:01 1184482                    /lib/x86_64-linux-gnu/libc-2.27.so
7f7cb97da000-7f7cb99da000 ---p 001e7000 08:01 1184482                    /lib/x86_64-linux-gnu/libc-2.27.so
7f7cb99da000-7f7cb99de000 r--p 001e7000 08:01 1184482                    /lib/x86_64-linux-gnu/libc-2.27.so
7f7cb99de000-7f7cb99e0000 rw-p 001eb000 08:01 1184482                    /lib/x86_64-linux-gnu/libc-2.27.so
7f7cb99e0000-7f7cb99e4000 rw-p 00000000 00:00 0 
7f7cb99e4000-7f7cb99f4000 r-xp 00000000 08:01 2636316                    /home/dmitry/Downloads/LOOM/loom/build/linux-x86_64-server-release/jdk/lib/libjli.so
7f7cb99f4000-7f7cb9bf3000 ---p 00010000 08:01 2636316                    /home/dmitry/Downloads/LOOM/loom/build/linux-x86_64-server-release/jdk/lib/libjli.so
7f7cb9bf3000-7f7cb9bf4000 r--p 0000f000 08:01 2636316                    /home/dmitry/Downloads/LOOM/loom/build/linux-x86_64-server-release/jdk/lib/libjli.so
7f7cb9bf4000-7f7cb9bf5000 rw-p 00010000 08:01 2636316                    /home/dmitry/Downloads/LOOM/loom/build/linux-x86_64-server-release/jdk/lib/libjli.so
7f7cb9bf5000-7f7cb9c1c000 r-xp 00000000 08:01 1184454                    /lib/x86_64-linux-gnu/ld-2.27.so
7f7cb9c49000-7f7cb9cfc000 rw-p 00000000 00:00 0 
7f7cb9cfc000-7f7cb9d03000 ---p 00000000 00:00 0 
7f7cb9d03000-7f7cb9d07000 ---p 00000000 00:00 0 
7f7cb9d07000-7f7cb9e06000 rw-p 00000000 00:00 0 
7f7cb9e08000-7f7cb9e0f000 r--s 00000000 08:01 10488549                   /usr/lib/x86_64-linux-gnu/gconv/gconv-modules.cache
7f7cb9e0f000-7f7cb9e17000 rw-s 00000000 08:01 524313                     /tmp/hsperfdata_dmitry/18729
7f7cb9e17000-7f7cb9e18000 ---p 00000000 00:00 0 
7f7cb9e18000-7f7cb9e19000 r--p 00000000 00:00 0 
7f7cb9e19000-7f7cb9e1a000 ---p 00000000 00:00 0 
7f7cb9e1a000-7f7cb9e1c000 rw-p 00000000 00:00 0 
7f7cb9e1c000-7f7cb9e1d000 r--p 00027000 08:01 1184454                    /lib/x86_64-linux-gnu/ld-2.27.so
7f7cb9e1d000-7f7cb9e1e000 rw-p 00028000 08:01 1184454                    /lib/x86_64-linux-gnu/ld-2.27.so
7f7cb9e1e000-7f7cb9e1f000 rw-p 00000000 00:00 0 
7ffee90a8000-7ffee90cb000 rw-p 00000000 00:00 0                          [stack]
7ffee9123000-7ffee9126000 r--p 00000000 00:00 0                          [vvar]
7ffee9126000-7ffee9128000 r-xp 00000000 00:00 0                          [vdso]
ffffffffff600000-ffffffffff601000 r-xp 00000000 00:00 0                  [vsyscall]


VM Arguments:
jvm_args: -agentlib:jdwp=transport=dt_socket,address=127.0.0.1:25939,suspend=y,server=n -Dfile.encoding=UTF-8 
java_command: Main
java_class_path (initial): /home/dmitry/Downloads/LOOM/loom/build/linux-x86_64-server-release/jdk/modules/java.base:/home/dmitry/Downloads/LOOM/loom/build/linux-x86_64-server-release/jdk/modules/java.compiler:/home/dmitry/Downloads/LOOM/loom/build/linux-x86_64-server-release/jdk/modules/java.datatransfer:/home/dmitry/Downloads/LOOM/loom/build/linux-x86_64-server-release/jdk/modules/java.desktop:/home/dmitry/Downloads/LOOM/loom/build/linux-x86_64-server-release/jdk/modules/java.instrument:/home/dmitry/Downloads/LOOM/loom/build/linux-x86_64-server-release/jdk/modules/java.logging:/home/dmitry/Downloads/LOOM/loom/build/linux-x86_64-server-release/jdk/modules/java.management:/home/dmitry/Downloads/LOOM/loom/build/linux-x86_64-server-release/jdk/modules/java.management.rmi:/home/dmitry/Downloads/LOOM/loom/build/linux-x86_64-server-release/jdk/modules/java.naming:/home/dmitry/Downloads/LOOM/loom/build/linux-x86_64-server-release/jdk/modules/java.net.http:/home/dmitry/Downloads/LOOM/loom/build/linux-x86_64-server-release/jdk/modules/java.prefs:/home/dmitry/Downloads/LOOM/loom/build/linux-x86_64-server-release/jdk/modules/java.rmi:/home/dmitry/Downloads/LOOM/loom/build/linux-x86_64-server-release/jdk/modules/java.scripting:/home/dmitry/Downloads/LOOM/loom/build/linux-x86_64-server-release/jdk/modules/java.se:/home/dmitry/Downloads/LOOM/loom/build/linux-x86_64-server-release/jdk/modules/java.security.jgss:/home/dmitry/Downloads/LOOM/loom/build/linux-x86_64-server-release/jdk/modules/java.security.sasl:/home/dmitry/Downloads/LOOM/loom/build/linux-x86_64-server-release/jdk/modules/java.smartcardio:/home/dmitry/Downloads/LOOM/loom/build/linux-x86_64-server-release/jdk/modules/java.sql:/home/dmitry/Downloads/LOOM/loom/build/linux-x86_64-server-release/jdk/modules/java.sql.rowset:/home/dmitry/Downloads/LOOM/loom/build/linux-x86_64-server-release/jdk/modules/java.transaction.xa:/home/dmitry/Downloads/LOOM/loom/build/linux-x86_64-server-release/jdk/modules/java.xml:/home/dmitry/D
Launcher Type: SUN_STANDARD

[Global flags]
     intx CICompilerCount                          = 3                                         {product} {ergonomic}
     uint ConcGCThreads                            = 1                                         {product} {ergonomic}
     uint G1ConcRefinementThreads                  = 4                                         {product} {ergonomic}
   size_t G1HeapRegionSize                         = 1048576                                   {product} {ergonomic}
    uintx GCDrainStackTargetSize                   = 64                                        {product} {ergonomic}
   size_t InitialHeapSize                          = 83886080                                  {product} {ergonomic}
   size_t MarkStackSize                            = 4194304                                   {product} {ergonomic}
   size_t MaxHeapSize                              = 1342177280                                {product} {ergonomic}
   size_t MaxNewSize                               = 805306368                                 {product} {ergonomic}
   size_t MinHeapDeltaBytes                        = 1048576                                   {product} {ergonomic}
    uintx NonNMethodCodeHeapSize                   = 5830732                                {pd product} {ergonomic}
    uintx NonProfiledCodeHeapSize                  = 122913754                              {pd product} {ergonomic}
    uintx ProfiledCodeHeapSize                     = 122913754                              {pd product} {ergonomic}
    uintx ReservedCodeCacheSize                    = 251658240                              {pd product} {ergonomic}
     bool SegmentedCodeCache                       = true                                      {product} {ergonomic}
     bool UseCompressedClassPointers               = true                                 {lp64_product} {ergonomic}
     bool UseCompressedOops                        = true                                 {lp64_product} {ergonomic}
     bool UseG1GC                                  = true                                      {product} {ergonomic}

Logging:
Log output configuration:
 #0: stdout all=warning uptime,level,tags
 #1: stderr all=off uptime,level,tags

Environment Variables:
JAVA_HOME=/home/dmitry/usr/local/java/jdk1.8.0
PATH=/bin:/bin:/usr/local/sbin:/usr/local/bin:/usr/sbin:/usr/bin:/sbin:/bin:/usr/games:/usr/local/games:/snap/bin
USERNAME=dmitry
SHELL=/bin/bash
DISPLAY=:0

Signal Handlers:
SIGSEGV: [libjvm.so+0xfe39c0], sa_mask[0]=11111111011111111101111111111110, sa_flags=SA_RESTART|SA_SIGINFO
SIGBUS: [libjvm.so+0xfe39c0], sa_mask[0]=11111111011111111101111111111110, sa_flags=SA_RESTART|SA_SIGINFO
SIGFPE: [libjvm.so+0xfe39c0], sa_mask[0]=11111111011111111101111111111110, sa_flags=SA_RESTART|SA_SIGINFO
SIGPIPE: [libjvm.so+0xc81240], sa_mask[0]=11111111011111111101111111111110, sa_flags=SA_RESTART|SA_SIGINFO
SIGXFSZ: [libjvm.so+0xc81240], sa_mask[0]=11111111011111111101111111111110, sa_flags=SA_RESTART|SA_SIGINFO
SIGILL: [libjvm.so+0xfe39c0], sa_mask[0]=11111111011111111101111111111110, sa_flags=SA_RESTART|SA_SIGINFO
SIGUSR2: [libjvm.so+0xc810e0], sa_mask[0]=00100000000000000000000000000000, sa_flags=SA_RESTART|SA_SIGINFO
SIGHUP: [libjvm.so+0xc816e0], sa_mask[0]=11111111011111111101111111111110, sa_flags=SA_RESTART|SA_SIGINFO
SIGINT: [libjvm.so+0xc816e0], sa_mask[0]=11111111011111111101111111111110, sa_flags=SA_RESTART|SA_SIGINFO
SIGTERM: [libjvm.so+0xc816e0], sa_mask[0]=11111111011111111101111111111110, sa_flags=SA_RESTART|SA_SIGINFO
SIGQUIT: [libjvm.so+0xc816e0], sa_mask[0]=11111111011111111101111111111110, sa_flags=SA_RESTART|SA_SIGINFO


---------------  S Y S T E M  ---------------

OS:DISTRIB_ID=Ubuntu
DISTRIB_RELEASE=18.04
DISTRIB_CODENAME=bionic
DISTRIB_DESCRIPTION="Ubuntu 18.04.2 LTS"
uname:Linux 4.18.0-20-generic #21~18.04.1-Ubuntu SMP Wed May 8 08:43:37 UTC 2019 x86_64
libc:glibc 2.27 NPTL 2.27 
rlimit: STACK 8192k, CORE 0k, NPROC 20273, NOFILE 4096, AS infinity, DATA infinity, FSIZE infinity
load average:2,73 2,24 1,23

/proc/meminfo:
MemTotal:        5234980 kB
MemFree:          122292 kB
MemAvailable:    2910956 kB
Buffers:          101228 kB
Cached:          2919280 kB
SwapCached:       101940 kB
Active:          2346644 kB
Inactive:        2463844 kB
Active(anon):    1109848 kB
Inactive(anon):   780812 kB
Active(file):    1236796 kB
Inactive(file):  1683032 kB
Unevictable:          48 kB
Mlocked:              48 kB
SwapTotal:       2097148 kB
SwapFree:        1509884 kB
Dirty:              6596 kB
Writeback:             0 kB
AnonPages:       1775984 kB
Mapped:           270548 kB
Shmem:            100680 kB
Slab:             193668 kB
SReclaimable:     151804 kB
SUnreclaim:        41864 kB
KernelStack:        9600 kB
PageTables:        36668 kB
NFS_Unstable:          0 kB
Bounce:                0 kB
WritebackTmp:          0 kB
CommitLimit:     4714636 kB
Committed_AS:    5403716 kB
VmallocTotal:   34359738367 kB
VmallocUsed:           0 kB
VmallocChunk:          0 kB
HardwareCorrupted:     0 kB
AnonHugePages:         0 kB
ShmemHugePages:        0 kB
ShmemPmdMapped:        0 kB
CmaTotal:              0 kB
CmaFree:               0 kB
HugePages_Total:       0
HugePages_Free:        0
HugePages_Rsvd:        0
HugePages_Surp:        0
Hugepagesize:       2048 kB
Hugetlb:               0 kB
DirectMap4k:      153536 kB
DirectMap2M:     5257216 kB


/proc/sys/kernel/threads-max (system-wide limit on the number of threads):
40547


/proc/sys/vm/max_map_count (maximum number of memory map areas a process may have):
65530


/proc/sys/kernel/pid_max (system-wide limit on number of process identifiers):
32768



container (cgroup) information:
container_type: cgroupv1
cpu_cpuset_cpus: 0-3
cpu_memory_nodes: 0
active_processor_count: 4
cpu_quota: no quota
cpu_period: 100000
cpu_shares: no shares
memory_limit_in_bytes: unlimited
memory_and_swap_limit_in_bytes: not supported
memory_soft_limit_in_bytes: unlimited
memory_usage_in_bytes: 4912295936
memory_max_usage_in_bytes: unlimited

KVM virtualization detected
Steal ticks since vm start: 0
Steal ticks percentage since vm start:  0,000

CPU:total 4 (initial active 4) (4 cores per cpu, 1 threads per core) family 6 model 60 stepping 3, cmov, cx8, fxsr, mmx, sse, sse2, sse3, ssse3, sse4.1, sse4.2, popcnt, avx, avx2, aes, clmul, lzcnt, tsc, tscinvbit
CPU Model and flags from /proc/cpuinfo:
model name	: Intel(R) Core(TM) i7-4700HQ CPU @ 2.40GHz
flags		: fpu vme de pse tsc msr pae mce cx8 apic sep mtrr pge mca cmov pat pse36 clflush mmx fxsr sse sse2 ht syscall nx rdtscp lm constant_tsc rep_good nopl xtopology nonstop_tsc cpuid tsc_known_freq pni pclmulqdq ssse3 cx16 pcid sse4_1 sse4_2 x2apic movbe popcnt aes xsave avx rdrand hypervisor lahf_lm abm invpcid_single pti fsgsbase avx2 invpcid flush_l1d

Memory: 4k page, physical 5234980k(122292k free), swap 2097148k(1509884k free)

vm_info: OpenJDK 64-Bit Server VM (13-internal+0-adhoc.dmitry.loom) for linux-amd64 JRE (13-internal+0-adhoc.dmitry.loom), built on May 19 2019 19:11:29 by "dmitry" with gcc 7.4.0

END.
