#
# A fatal error has been detected by the Java Runtime Environment:
#
#  SIGSEGV (0xb) at pc=0x00007faaab396eca, pid=22124, tid=22160
#
# JRE version: OpenJDK Runtime Environment (13.0) (build 13-internal+0-adhoc.dmitry.loom)
# Java VM: OpenJDK 64-Bit Server VM (13-internal+0-adhoc.dmitry.loom, mixed mode, tiered, compressed oops, g1 gc, linux-amd64)
# Problematic frame:
# V  [libjvm.so+0x683eca]  ContMirror::read()+0x1a
#
# Core dump will be written. Default location: Core dumps may be processed with "/usr/share/apport/apport %p %s %c %d %P" (or dumping to /home/dmitry/Downloads/LoadDetector/core.22124)
#
# If you would like to submit a bug report, please visit:
#   http://bugreport.java.com/bugreport/crash.jsp
#

---------------  S U M M A R Y ------------

Command Line: -Didea.launcher.port=18753 -Didea.launcher.bin.path=/home/dmitry/Downloads/idea-IC-183.5912.21/bin -Dfile.encoding=UTF-8 com.intellij.rt.execution.application.AppMainV2 Main

Host: Intel(R) Core(TM) i7-4700HQ CPU @ 2.40GHz, 4 cores, 4G, Ubuntu 18.04.2 LTS
Time: Wed May 15 17:58:32 2019 MSK elapsed time: 1 seconds (0d 0h 0m 1s)

---------------  T H R E A D  ---------------

Current thread (0x00007faaa429d000):  JavaThread "Thread-1" [_thread_in_vm, id=22160, stack(0x00007faa7a5fa000,0x00007faa7a6fb000)]

Stack: [0x00007faa7a5fa000,0x00007faa7a6fb000],  sp=0x00007faa7a6f71a0,  free space=1012k
Native frames: (J=compiled Java code, A=aot compiled Java code, j=interpreted, Vv=VM code, C=native code)
V  [libjvm.so+0x683eca]  ContMirror::read()+0x1a
V  [libjvm.so+0x688b27]  Continuation::freeze0(JavaThread*, FrameInfo*, bool) [clone .part.304]+0x507
V  [libjvm.so+0x689277]  Continuation::freeze(JavaThread*, FrameInfo*)+0x127
v  ~RuntimeStub::cont_doYield
C  0x00007faa7a6f9870

Java frames: (J=compiled Java code, j=interpreted, Vv=VM code)
v  ~RuntimeStub::cont_doYield
j  java.lang.Continuation.yield0(Ljava/lang/ContinuationScope;Ljava/lang/Continuation;)Z+60 java.base
j  java.lang.Continuation.yield(Ljava/lang/Thread;Ljava/lang/ContinuationScope;)Z+71 java.base
j  Main.lambda$main$1(Ljava/lang/Thread;Ljava/lang/ContinuationScope;Ljava/lang/Continuation;)V+21
j  Main$$Lambda$38.run()V+12
j  java.lang.Thread.run()V+11 java.base
v  ~StubRoutines::call_stub

siginfo: si_signo: 11 (SIGSEGV), si_code: 1 (SEGV_MAPERR), si_addr: 0x0000000000000020

Register to memory mapping:

RAX=0x0000000000000020 is an unknown value
RBX=0x00007faa7a6f8540 is pointing into the stack for thread: 0x00007faaa429d000
RCX=0x00007faa95013c98 is pointing into interpreter code (not bytecode specific)
RDX=0x00007faaac391b58: <offset 0x000000000167eb58> in /home/dmitry/Downloads/LOOM/loom/build/linux-x86_64-server-release/jdk/lib/server/libjvm.so at 0x00007faaaad13000
RSP=0x00007faa7a6f71a0 is pointing into the stack for thread: 0x00007faaa429d000
RBP=0x00007faa7a6f71b0 is pointing into the stack for thread: 0x00007faaa429d000
RSI=0x00007faa7a6f9820 is pointing into the stack for thread: 0x00007faaa429d000
RDI=0x0 is NULL
R8 =0x00007faa95000000 points into unknown readable memory: 04 00 00 00 00 00 00 00
R9 =0x000000000000000b is an unknown value
R10=0x0000000000000800 is an unknown value
R11=0x0000000000000400 is an unknown value
R12=0x00007faa50001620 points into unknown readable memory: 00 00 00 00 00 00 00 00
R13=0x00007faa7a6f8540 is pointing into the stack for thread: 0x00007faaa429d000
R14=0x00007faaa429d7a0 points into unknown readable memory: 02 00 00 00 aa 7f 00 00
R15=0x00007faa7a6f97f8 is pointing into the stack for thread: 0x00007faaa429d000


Registers:
RAX=0x0000000000000020, RBX=0x00007faa7a6f8540, RCX=0x00007faa95013c98, RDX=0x00007faaac391b58
RSP=0x00007faa7a6f71a0, RBP=0x00007faa7a6f71b0, RSI=0x00007faa7a6f9820, RDI=0x0000000000000000
R8 =0x00007faa95000000, R9 =0x000000000000000b, R10=0x0000000000000800, R11=0x0000000000000400
R12=0x00007faa50001620, R13=0x00007faa7a6f8540, R14=0x00007faaa429d7a0, R15=0x00007faa7a6f97f8
RIP=0x00007faaab396eca, EFLAGS=0x0000000000010206, CSGSFS=0x002b000000000033, ERR=0x0000000000000004
  TRAPNO=0x000000000000000e

Top of Stack: (sp=0x00007faa7a6f71a0)
0x00007faa7a6f71a0:   00007faa950169b0 00007faaa429d000
0x00007faa7a6f71b0:   00007faa7a6f97b0 00007faaab39bb27
0x00007faa7a6f71c0:   00007faaa429d000 00007faa7a6f72c0
0x00007faa7a6f71d0:   0000000000000000 00007faaac38f220 

Instructions: (pc=0x00007faaab396eca)
0x00007faaab396dca:   08 48 63 00 89 0c 02 48 8d 05 fc e4 fd 00 48 8b
0x00007faaab396dda:   4b 30 48 8b 53 08 48 63 00 48 89 0c 02 48 8d 05
0x00007faaab396dea:   de e4 fd 00 48 8b 53 08 48 8b 4b 38 48 63 00 48
0x00007faaab396dfa:   89 0c 02 48 8d 05 c4 e4 fd 00 8b 4b 60 48 8b 53
0x00007faaab396e0a:   08 48 63 00 89 0c 02 48 8d 05 c8 e4 fd 00 48 8b
0x00007faaab396e1a:   53 08 48 8b 4b 10 48 63 00 48 89 0c 02 48 8d 05
0x00007faaab396e2a:   ae e4 fd 00 48 8b 4b 18 48 8b 53 08 48 63 00 48
0x00007faaab396e3a:   89 0c 02 48 8d 05 94 e4 fd 00 48 63 00 48 8b 53
0x00007faaab396e4a:   08 48 8b 4b 20 48 89 0c 02 48 8d 05 9e e4 fd 00
0x00007faaab396e5a:   48 8b 53 08 48 8b 4b 58 48 63 00 89 0c 02 48 8d
0x00007faaab396e6a:   05 51 e4 fd 00 0f b6 4b 70 48 8b 53 08 48 63 00
0x00007faaab396e7a:   88 0c 02 48 8d 05 70 e4 fd 00 0f b7 4b 74 48 8b
0x00007faaab396e8a:   53 08 48 63 00 66 89 0c 02 48 8d 05 56 e4 fd 00
0x00007faaab396e9a:   0f b7 4b 72 48 8b 53 08 48 63 00 66 89 0c 02 48
0x00007faaab396eaa:   83 c4 08 5b 5d c3 55 48 89 e5 53 48 89 fb 48 83
0x00007faaab396eba:   ec 08 48 8d 05 1d e4 fd 00 48 8b 7f 08 48 63 00
0x00007faaab396eca:   48 8b 04 38 48 89 43 10 48 8d 05 03 e4 fd 00 48
0x00007faaab396eda:   63 00 48 8b 04 38 48 89 43 18 48 8d 05 ed e3 fd
0x00007faaab396eea:   00 48 63 00 48 8b 04 38 48 89 43 20 48 8d 05 d3
0x00007faaab396efa:   e3 fd 00 48 63 00 8b 04 38 89 43 28 48 8d 05 c7
0x00007faaab396f0a:   e3 fd 00 48 63 00 48 8b 04 38 48 89 43 30 48 8d
0x00007faaab396f1a:   05 ad e3 fd 00 48 63 00 48 8b 04 38 48 89 43 38
0x00007faaab396f2a:   48 8d 05 cb e3 fd 00 48 63 30 ff 15 06 41 f7 00
0x00007faaab396f3a:   48 85 c0 48 89 43 40 0f 84 b9 01 00 00 48 8d 15
0x00007faaab396f4a:   8e c8 fd 00 80 3a 01 48 19 c9 83 e1 04 80 3a 01
0x00007faaab396f5a:   8b 4c 08 0c 48 19 d2 89 4b 48 83 e2 08 48 8d 44
0x00007faaab396f6a:   10 10 48 89 43 50 48 8d 05 81 e3 fd 00 48 8b 7b
0x00007faaab396f7a:   08 48 63 00 48 63 04 07 48 89 43 58 48 8d 05 5f
0x00007faaab396f8a:   e3 fd 00 48 63 30 ff 15 aa 40 f7 00 48 8d 15 2b
0x00007faaab396f9a:   e3 fd 00 48 89 43 68 48 8b 43 08 48 83 3d 83 ad
0x00007faaab396faa:   fb 00 00 48 63 12 8b 14 02 89 53 60 48 8d 15 03
0x00007faaab396fba:   e3 fd 00 48 63 12 0f b6 14 02 88 53 70 48 8d 15 


Stack slot to memory mapping:
stack at sp + 0 slots: 0x00007faa950169b0 is at code_begin+1584 in an Interpreter codelet
invoke return entry points  [0x00007faa95016380, 0x00007faa95017540]  4544 bytes
stack at sp + 1 slots: 0x00007faaa429d000 is a thread
stack at sp + 2 slots: 0x00007faa7a6f97b0 is pointing into the stack for thread: 0x00007faaa429d000
stack at sp + 3 slots: 0x00007faaab39bb27: <offset 0x0000000000688b27> in /home/dmitry/Downloads/LOOM/loom/build/linux-x86_64-server-release/jdk/lib/server/libjvm.so at 0x00007faaaad13000
stack at sp + 4 slots: 0x00007faaa429d000 is a thread
stack at sp + 5 slots: 0x00007faa7a6f72c0 is pointing into the stack for thread: 0x00007faaa429d000
stack at sp + 6 slots: 0x0 is NULL
stack at sp + 7 slots: 0x00007faaac38f220: <offset 0x000000000167c220> in /home/dmitry/Downloads/LOOM/loom/build/linux-x86_64-server-release/jdk/lib/server/libjvm.so at 0x00007faaaad13000


---------------  P R O C E S S  ---------------

Threads class SMR info:
_java_thread_list=0x00007faa50000b20, length=13, elements={
0x00007faaa413b000, 0x00007faaa413e000, 0x00007faaa4160800, 0x00007faaa4165000,
0x00007faaa4167000, 0x00007faaa4169000, 0x00007faaa4181800, 0x00007faaa427f800,
0x00007faaa4296000, 0x00007faaa429d000, 0x00007faaa42a2000, 0x00007faaa4016800,
0x00007faa6c001000
}

Java Threads: ( => current thread )
  0x00007faaa413b000 JavaThread "Reference Handler" daemon [_thread_blocked, id=22138, stack(0x00007faa7beff000,0x00007faa7c000000)]
  0x00007faaa413e000 JavaThread "Finalizer" daemon [_thread_blocked, id=22139, stack(0x00007faa7bdfe000,0x00007faa7beff000)]
  0x00007faaa4160800 JavaThread "Signal Dispatcher" daemon [_thread_blocked, id=22140, stack(0x00007faa7b32e000,0x00007faa7b42f000)]
  0x00007faaa4165000 JavaThread "C2 CompilerThread0" daemon [_thread_blocked, id=22141, stack(0x00007faa7b22d000,0x00007faa7b32e000)]
  0x00007faaa4167000 JavaThread "C1 CompilerThread0" daemon [_thread_blocked, id=22142, stack(0x00007faa7b12c000,0x00007faa7b22d000)]
  0x00007faaa4169000 JavaThread "Sweeper thread" daemon [_thread_blocked, id=22143, stack(0x00007faa7b02b000,0x00007faa7b12c000)]
  0x00007faaa4181800 JavaThread "Common-Cleaner" daemon [_thread_blocked, id=22147, stack(0x00007faa7ab00000,0x00007faa7ac01000)]
  0x00007faaa427f800 JavaThread "Service Thread" daemon [_thread_blocked, id=22155, stack(0x00007faa7a8fe000,0x00007faa7a9ff000)]
  0x00007faaa4296000 JavaThread "Monitor Ctrl-Break" daemon [_thread_in_native, id=22159, stack(0x00007faa7a6fb000,0x00007faa7a7fc000)]
=>0x00007faaa429d000 JavaThread "Thread-1" [_thread_in_vm, id=22160, stack(0x00007faa7a5fa000,0x00007faa7a6fb000)]
  0x00007faaa42a2000 JavaThread "Thread-0" [_thread_blocked, id=22161, stack(0x00007faa7a4f9000,0x00007faa7a5fa000)]
  0x00007faaa4016800 JavaThread "DestroyJavaVM" [_thread_blocked, id=22126, stack(0x00007faaad117000,0x00007faaad218000)]
  0x00007faa6c001000 JavaThread "Attach Listener" daemon [_thread_blocked, id=22162, stack(0x00007faa7a1f5000,0x00007faa7a2f6000)]

Other Threads:
  0x00007faaa412f000 VMThread "VM Thread" [stack: 0x00007faaa8090000,0x00007faaa8190000] [id=22137]
  0x00007faaa4285800 WatcherThread [stack: 0x00007faa7a7fe000,0x00007faa7a8fe000] [id=22158]
  0x00007faaa405a800 GCTaskThread "GC Thread#0" [stack: 0x00007faaa8a7a000,0x00007faaa8b7a000] [id=22127]
  0x00007faaa4064000 ConcurrentGCThread "G1 Main Marker" [stack: 0x00007faaa8978000,0x00007faaa8a78000] [id=22128]
  0x00007faaa4066000 ConcurrentGCThread "G1 Conc#0" [stack: 0x00007faaa8876000,0x00007faaa8976000] [id=22129]
  0x00007faaa40ba000 ConcurrentGCThread "G1 Refine#0" [stack: 0x00007faaa8370000,0x00007faaa8470000] [id=22130]
  0x00007faaa40bc000 ConcurrentGCThread "G1 Young RemSet Sampling" [stack: 0x00007faaa826e000,0x00007faaa836e000] [id=22131]

Threads with active compile tasks:

VM state:not at safepoint (normal execution)

VM Mutex/Monitor currently owned by a thread: None

Heap address: 0x00000000b0000000, size: 1280 MB, Compressed Oops mode: 32-bit
Narrow klass base: 0x0000000000000000, Narrow klass shift: 3
Compressed class space size: 1073741824 Address: 0x0000000100000000

Heap:
 garbage-first heap   total 81920K, used 8192K [0x00000000b0000000, 0x0000000100000000)
  region size 1024K, 9 young (9216K), 0 survivors (0K)
 Metaspace       used 8217K, capacity 8387K, committed 8576K, reserved 1056768K
  class space    used 732K, capacity 794K, committed 896K, reserved 1048576K
Heap Regions: E=young(eden), S=young(survivor), O=old, HS=humongous(starts), HC=humongous(continues), CS=collection set, F=free, A=archive, TAMS=top-at-mark-start (previous, next)
|   0|0x00000000b0000000, 0x00000000b0000000, 0x00000000b0100000|  0%| F|  |TAMS 0x00000000b0000000, 0x00000000b0000000| Untracked 
|   1|0x00000000b0100000, 0x00000000b0100000, 0x00000000b0200000|  0%| F|  |TAMS 0x00000000b0100000, 0x00000000b0100000| Untracked 
|   2|0x00000000b0200000, 0x00000000b0200000, 0x00000000b0300000|  0%| F|  |TAMS 0x00000000b0200000, 0x00000000b0200000| Untracked 
|   3|0x00000000b0300000, 0x00000000b0300000, 0x00000000b0400000|  0%| F|  |TAMS 0x00000000b0300000, 0x00000000b0300000| Untracked 
|   4|0x00000000b0400000, 0x00000000b0400000, 0x00000000b0500000|  0%| F|  |TAMS 0x00000000b0400000, 0x00000000b0400000| Untracked 
|   5|0x00000000b0500000, 0x00000000b0500000, 0x00000000b0600000|  0%| F|  |TAMS 0x00000000b0500000, 0x00000000b0500000| Untracked 
|   6|0x00000000b0600000, 0x00000000b0600000, 0x00000000b0700000|  0%| F|  |TAMS 0x00000000b0600000, 0x00000000b0600000| Untracked 
|   7|0x00000000b0700000, 0x00000000b0700000, 0x00000000b0800000|  0%| F|  |TAMS 0x00000000b0700000, 0x00000000b0700000| Untracked 
|   8|0x00000000b0800000, 0x00000000b0800000, 0x00000000b0900000|  0%| F|  |TAMS 0x00000000b0800000, 0x00000000b0800000| Untracked 
|   9|0x00000000b0900000, 0x00000000b0900000, 0x00000000b0a00000|  0%| F|  |TAMS 0x00000000b0900000, 0x00000000b0900000| Untracked 
|  10|0x00000000b0a00000, 0x00000000b0a00000, 0x00000000b0b00000|  0%| F|  |TAMS 0x00000000b0a00000, 0x00000000b0a00000| Untracked 
|  11|0x00000000b0b00000, 0x00000000b0b00000, 0x00000000b0c00000|  0%| F|  |TAMS 0x00000000b0b00000, 0x00000000b0b00000| Untracked 
|  12|0x00000000b0c00000, 0x00000000b0c00000, 0x00000000b0d00000|  0%| F|  |TAMS 0x00000000b0c00000, 0x00000000b0c00000| Untracked 
|  13|0x00000000b0d00000, 0x00000000b0d00000, 0x00000000b0e00000|  0%| F|  |TAMS 0x00000000b0d00000, 0x00000000b0d00000| Untracked 
|  14|0x00000000b0e00000, 0x00000000b0e00000, 0x00000000b0f00000|  0%| F|  |TAMS 0x00000000b0e00000, 0x00000000b0e00000| Untracked 
|  15|0x00000000b0f00000, 0x00000000b0f00000, 0x00000000b1000000|  0%| F|  |TAMS 0x00000000b0f00000, 0x00000000b0f00000| Untracked 
|  16|0x00000000b1000000, 0x00000000b1000000, 0x00000000b1100000|  0%| F|  |TAMS 0x00000000b1000000, 0x00000000b1000000| Untracked 
|  17|0x00000000b1100000, 0x00000000b1100000, 0x00000000b1200000|  0%| F|  |TAMS 0x00000000b1100000, 0x00000000b1100000| Untracked 
|  18|0x00000000b1200000, 0x00000000b1200000, 0x00000000b1300000|  0%| F|  |TAMS 0x00000000b1200000, 0x00000000b1200000| Untracked 
|  19|0x00000000b1300000, 0x00000000b1300000, 0x00000000b1400000|  0%| F|  |TAMS 0x00000000b1300000, 0x00000000b1300000| Untracked 
|  20|0x00000000b1400000, 0x00000000b1400000, 0x00000000b1500000|  0%| F|  |TAMS 0x00000000b1400000, 0x00000000b1400000| Untracked 
|  21|0x00000000b1500000, 0x00000000b1500000, 0x00000000b1600000|  0%| F|  |TAMS 0x00000000b1500000, 0x00000000b1500000| Untracked 
|  22|0x00000000b1600000, 0x00000000b1600000, 0x00000000b1700000|  0%| F|  |TAMS 0x00000000b1600000, 0x00000000b1600000| Untracked 
|  23|0x00000000b1700000, 0x00000000b1700000, 0x00000000b1800000|  0%| F|  |TAMS 0x00000000b1700000, 0x00000000b1700000| Untracked 
|  24|0x00000000b1800000, 0x00000000b1800000, 0x00000000b1900000|  0%| F|  |TAMS 0x00000000b1800000, 0x00000000b1800000| Untracked 
|  25|0x00000000b1900000, 0x00000000b1900000, 0x00000000b1a00000|  0%| F|  |TAMS 0x00000000b1900000, 0x00000000b1900000| Untracked 
|  26|0x00000000b1a00000, 0x00000000b1a00000, 0x00000000b1b00000|  0%| F|  |TAMS 0x00000000b1a00000, 0x00000000b1a00000| Untracked 
|  27|0x00000000b1b00000, 0x00000000b1b00000, 0x00000000b1c00000|  0%| F|  |TAMS 0x00000000b1b00000, 0x00000000b1b00000| Untracked 
|  28|0x00000000b1c00000, 0x00000000b1c00000, 0x00000000b1d00000|  0%| F|  |TAMS 0x00000000b1c00000, 0x00000000b1c00000| Untracked 
|  29|0x00000000b1d00000, 0x00000000b1d00000, 0x00000000b1e00000|  0%| F|  |TAMS 0x00000000b1d00000, 0x00000000b1d00000| Untracked 
|  30|0x00000000b1e00000, 0x00000000b1e00000, 0x00000000b1f00000|  0%| F|  |TAMS 0x00000000b1e00000, 0x00000000b1e00000| Untracked 
|  31|0x00000000b1f00000, 0x00000000b1f00000, 0x00000000b2000000|  0%| F|  |TAMS 0x00000000b1f00000, 0x00000000b1f00000| Untracked 
|  32|0x00000000b2000000, 0x00000000b2000000, 0x00000000b2100000|  0%| F|  |TAMS 0x00000000b2000000, 0x00000000b2000000| Untracked 
|  33|0x00000000b2100000, 0x00000000b2100000, 0x00000000b2200000|  0%| F|  |TAMS 0x00000000b2100000, 0x00000000b2100000| Untracked 
|  34|0x00000000b2200000, 0x00000000b2200000, 0x00000000b2300000|  0%| F|  |TAMS 0x00000000b2200000, 0x00000000b2200000| Untracked 
|  35|0x00000000b2300000, 0x00000000b2300000, 0x00000000b2400000|  0%| F|  |TAMS 0x00000000b2300000, 0x00000000b2300000| Untracked 
|  36|0x00000000b2400000, 0x00000000b2400000, 0x00000000b2500000|  0%| F|  |TAMS 0x00000000b2400000, 0x00000000b2400000| Untracked 
|  37|0x00000000b2500000, 0x00000000b2500000, 0x00000000b2600000|  0%| F|  |TAMS 0x00000000b2500000, 0x00000000b2500000| Untracked 
|  38|0x00000000b2600000, 0x00000000b2600000, 0x00000000b2700000|  0%| F|  |TAMS 0x00000000b2600000, 0x00000000b2600000| Untracked 
|  39|0x00000000b2700000, 0x00000000b2700000, 0x00000000b2800000|  0%| F|  |TAMS 0x00000000b2700000, 0x00000000b2700000| Untracked 
|  40|0x00000000b2800000, 0x00000000b2800000, 0x00000000b2900000|  0%| F|  |TAMS 0x00000000b2800000, 0x00000000b2800000| Untracked 
|  41|0x00000000b2900000, 0x00000000b2900000, 0x00000000b2a00000|  0%| F|  |TAMS 0x00000000b2900000, 0x00000000b2900000| Untracked 
|  42|0x00000000b2a00000, 0x00000000b2a00000, 0x00000000b2b00000|  0%| F|  |TAMS 0x00000000b2a00000, 0x00000000b2a00000| Untracked 
|  43|0x00000000b2b00000, 0x00000000b2b00000, 0x00000000b2c00000|  0%| F|  |TAMS 0x00000000b2b00000, 0x00000000b2b00000| Untracked 
|  44|0x00000000b2c00000, 0x00000000b2c00000, 0x00000000b2d00000|  0%| F|  |TAMS 0x00000000b2c00000, 0x00000000b2c00000| Untracked 
|  45|0x00000000b2d00000, 0x00000000b2d00000, 0x00000000b2e00000|  0%| F|  |TAMS 0x00000000b2d00000, 0x00000000b2d00000| Untracked 
|  46|0x00000000b2e00000, 0x00000000b2e00000, 0x00000000b2f00000|  0%| F|  |TAMS 0x00000000b2e00000, 0x00000000b2e00000| Untracked 
|  47|0x00000000b2f00000, 0x00000000b2f00000, 0x00000000b3000000|  0%| F|  |TAMS 0x00000000b2f00000, 0x00000000b2f00000| Untracked 
|  48|0x00000000b3000000, 0x00000000b3000000, 0x00000000b3100000|  0%| F|  |TAMS 0x00000000b3000000, 0x00000000b3000000| Untracked 
|  49|0x00000000b3100000, 0x00000000b3100000, 0x00000000b3200000|  0%| F|  |TAMS 0x00000000b3100000, 0x00000000b3100000| Untracked 
|  50|0x00000000b3200000, 0x00000000b3200000, 0x00000000b3300000|  0%| F|  |TAMS 0x00000000b3200000, 0x00000000b3200000| Untracked 
|  51|0x00000000b3300000, 0x00000000b3300000, 0x00000000b3400000|  0%| F|  |TAMS 0x00000000b3300000, 0x00000000b3300000| Untracked 
|  52|0x00000000b3400000, 0x00000000b3400000, 0x00000000b3500000|  0%| F|  |TAMS 0x00000000b3400000, 0x00000000b3400000| Untracked 
|  53|0x00000000b3500000, 0x00000000b3500000, 0x00000000b3600000|  0%| F|  |TAMS 0x00000000b3500000, 0x00000000b3500000| Untracked 
|  54|0x00000000b3600000, 0x00000000b3600000, 0x00000000b3700000|  0%| F|  |TAMS 0x00000000b3600000, 0x00000000b3600000| Untracked 
|  55|0x00000000b3700000, 0x00000000b3700000, 0x00000000b3800000|  0%| F|  |TAMS 0x00000000b3700000, 0x00000000b3700000| Untracked 
|  56|0x00000000b3800000, 0x00000000b3800000, 0x00000000b3900000|  0%| F|  |TAMS 0x00000000b3800000, 0x00000000b3800000| Untracked 
|  57|0x00000000b3900000, 0x00000000b3900000, 0x00000000b3a00000|  0%| F|  |TAMS 0x00000000b3900000, 0x00000000b3900000| Untracked 
|  58|0x00000000b3a00000, 0x00000000b3a00000, 0x00000000b3b00000|  0%| F|  |TAMS 0x00000000b3a00000, 0x00000000b3a00000| Untracked 
|  59|0x00000000b3b00000, 0x00000000b3b00000, 0x00000000b3c00000|  0%| F|  |TAMS 0x00000000b3b00000, 0x00000000b3b00000| Untracked 
|  60|0x00000000b3c00000, 0x00000000b3c00000, 0x00000000b3d00000|  0%| F|  |TAMS 0x00000000b3c00000, 0x00000000b3c00000| Untracked 
|  61|0x00000000b3d00000, 0x00000000b3d00000, 0x00000000b3e00000|  0%| F|  |TAMS 0x00000000b3d00000, 0x00000000b3d00000| Untracked 
|  62|0x00000000b3e00000, 0x00000000b3e00000, 0x00000000b3f00000|  0%| F|  |TAMS 0x00000000b3e00000, 0x00000000b3e00000| Untracked 
|  63|0x00000000b3f00000, 0x00000000b3f00000, 0x00000000b4000000|  0%| F|  |TAMS 0x00000000b3f00000, 0x00000000b3f00000| Untracked 
|  64|0x00000000b4000000, 0x00000000b4000000, 0x00000000b4100000|  0%| F|  |TAMS 0x00000000b4000000, 0x00000000b4000000| Untracked 
|  65|0x00000000b4100000, 0x00000000b4100000, 0x00000000b4200000|  0%| F|  |TAMS 0x00000000b4100000, 0x00000000b4100000| Untracked 
|  66|0x00000000b4200000, 0x00000000b4200000, 0x00000000b4300000|  0%| F|  |TAMS 0x00000000b4200000, 0x00000000b4200000| Untracked 
|  67|0x00000000b4300000, 0x00000000b4300000, 0x00000000b4400000|  0%| F|  |TAMS 0x00000000b4300000, 0x00000000b4300000| Untracked 
|  68|0x00000000b4400000, 0x00000000b4400000, 0x00000000b4500000|  0%| F|  |TAMS 0x00000000b4400000, 0x00000000b4400000| Untracked 
|  69|0x00000000b4500000, 0x00000000b4500000, 0x00000000b4600000|  0%| F|  |TAMS 0x00000000b4500000, 0x00000000b4500000| Untracked 
|  70|0x00000000b4600000, 0x00000000b4600000, 0x00000000b4700000|  0%| F|  |TAMS 0x00000000b4600000, 0x00000000b4600000| Untracked 
|  71|0x00000000b4700000, 0x00000000b47d9e70, 0x00000000b4800000| 85%| E|  |TAMS 0x00000000b4700000, 0x00000000b4700000| Complete 
|  72|0x00000000b4800000, 0x00000000b4900000, 0x00000000b4900000|100%| E|CS|TAMS 0x00000000b4800000, 0x00000000b4800000| Complete 
|  73|0x00000000b4900000, 0x00000000b4a00000, 0x00000000b4a00000|100%| E|CS|TAMS 0x00000000b4900000, 0x00000000b4900000| Complete 
|  74|0x00000000b4a00000, 0x00000000b4b00000, 0x00000000b4b00000|100%| E|CS|TAMS 0x00000000b4a00000, 0x00000000b4a00000| Complete 
|  75|0x00000000b4b00000, 0x00000000b4c00000, 0x00000000b4c00000|100%| E|CS|TAMS 0x00000000b4b00000, 0x00000000b4b00000| Complete 
|  76|0x00000000b4c00000, 0x00000000b4d00000, 0x00000000b4d00000|100%| E|CS|TAMS 0x00000000b4c00000, 0x00000000b4c00000| Complete 
|  77|0x00000000b4d00000, 0x00000000b4e00000, 0x00000000b4e00000|100%| E|CS|TAMS 0x00000000b4d00000, 0x00000000b4d00000| Complete 
|  78|0x00000000b4e00000, 0x00000000b4f00000, 0x00000000b4f00000|100%| E|CS|TAMS 0x00000000b4e00000, 0x00000000b4e00000| Complete 
|  79|0x00000000b4f00000, 0x00000000b5000000, 0x00000000b5000000|100%| E|CS|TAMS 0x00000000b4f00000, 0x00000000b4f00000| Complete 

Card table byte_map: [0x00007faaa8dfa000,0x00007faaa907a000] _byte_map_base: 0x00007faaa887a000

Marking Bits (Prev, Next): (CMBitMap*) 0x00007faaa405b9d8, (CMBitMap*) 0x00007faaa405ba18
 Prev Bits: [0x00007faa93c00000, 0x00007faa95000000)
 Next Bits: [0x00007faa92800000, 0x00007faa93c00000)

Polling page: 0x00007faaad22b000

Metaspace:

Usage:
  Non-class:      7,42 MB capacity,     7,31 MB ( 99%) used,    96,47 KB (  1%) free+waste,    12,19 KB ( <1%) overhead. 
      Class:    794,00 KB capacity,   732,97 KB ( 92%) used,    55,09 KB (  7%) free+waste,     5,94 KB ( <1%) overhead. 
       Both:      8,19 MB capacity,     8,02 MB ( 98%) used,   151,56 KB (  2%) free+waste,    18,12 KB ( <1%) overhead. 

Virtual space:
  Non-class space:        8,00 MB reserved,       7,50 MB ( 94%) committed 
      Class space:        1,00 GB reserved,     896,00 KB ( <1%) committed 
             Both:        1,01 GB reserved,       8,38 MB ( <1%) committed 

Chunk freelists:
   Non-Class:  23,00 KB
       Class:  6,00 KB
        Both:  29,00 KB

MaxMetaspaceSize: unlimited
CompressedClassSpaceSize: 1,00 GB

CodeHeap 'non-profiled nmethods': size=120032Kb used=212Kb max_used=212Kb free=119820Kb
 bounds [0x00007faa9cac8000, 0x00007faa9cd38000, 0x00007faaa4000000]
CodeHeap 'profiled nmethods': size=120032Kb used=936Kb max_used=936Kb free=119095Kb
 bounds [0x00007faa95590000, 0x00007faa95800000, 0x00007faa9cac8000]
CodeHeap 'non-nmethods': size=5696Kb used=1118Kb max_used=1137Kb free=4577Kb
 bounds [0x00007faa95000000, 0x00007faa95270000, 0x00007faa95590000]
 total_blobs=1089 nmethods=570 adapters=257
 compilation: enabled
              stopped_count=0, restarted_count=0
 full_count=0

Compilation events (10 events):
Event: 1,655 Thread 0x00007faaa4167000 nmethod 579 0x00007faa95679390 code [0x00007faa95679540, 0x00007faa95679870]
Event: 1,677 Thread 0x00007faaa4167000  580       3       jdk.internal.misc.Unsafe::putReferenceRelease (9 bytes)
Event: 1,677 Thread 0x00007faaa4167000 nmethod 580 0x00007faa95679990 code [0x00007faa95679b40, 0x00007faa95679cf0]
Event: 1,677 Thread 0x00007faaa4167000  582       3       java.util.concurrent.ConcurrentHashMap::setTabAt (20 bytes)
Event: 1,678 Thread 0x00007faaa4167000 nmethod 582 0x00007faa95679d90 code [0x00007faa95679f40, 0x00007faa9567a210]
Event: 1,723 Thread 0x00007faaa4165000 nmethod 555 0x00007faa9caf9690 code [0x00007faa9caf9900, 0x00007faa9cafb9a0]
Event: 1,723 Thread 0x00007faaa4165000  575       4       java.util.HashMap$Node::<init> (26 bytes)
Event: 1,728 Thread 0x00007faaa4165000 nmethod 575 0x00007faa9cafc810 code [0x00007faa9cafc9a0, 0x00007faa9cafcc98]
Event: 1,728 Thread 0x00007faaa4165000  556       4       java.lang.String::checkBoundsOffCount (64 bytes)
Event: 1,729 Thread 0x00007faaa4165000 nmethod 556 0x00007faa9cafcd10 code [0x00007faa9cafcea0, 0x00007faa9cafcf58]

GC Heap History (0 events):
No events

Deoptimization events (3 events):
Event: 0,698 Thread 0x00007faaa4016800 Uncommon trap: reason=unstable_if action=reinterpret pc=0x00007faa9cad69d8 method=java.io.DataInputStream.readUTF(Ljava/io/DataInput;)Ljava/lang/String; @ 31 c2
Event: 0,836 Thread 0x00007faaa4016800 Uncommon trap: reason=unstable_if action=reinterpret pc=0x00007faa9cadd810 method=java.util.HashMap.putVal(ILjava/lang/Object;Ljava/lang/Object;ZZ)Ljava/lang/Object; @ 236 c2
Event: 1,000 Thread 0x00007faaa4296000 Uncommon trap: reason=unstable_if action=reinterpret pc=0x00007faa9cae409c method=java.net.URI.match(CJJ)Z @ 19 c2

Classes unloaded (0 events):
No events

Classes redefined (0 events):
No events

Internal exceptions (10 events):
Event: 0,459 Thread 0x00007faaa4016800 Exception <a 'java/lang/NoSuchMethodError'{0x00000000b4c10000}: 'java.lang.Object java.lang.invoke.DirectMethodHandle$Holder.invokeInterface(java.lang.Object, java.lang.Object)'> (0x00000000b4c10000) 
thrown [/home/dmitry/Downloads/LOOM/loom/src/hotspot/share/interpreter/linkResolver.cpp, line 768]
for thread 0x00007faaa4016800
Event: 0,466 Thread 0x00007faaa4016800 Exception <a 'java/lang/NoSuchMethodError'{0x00000000b4c16bc8}: 'int java.lang.invoke.DirectMethodHandle$Holder.invokeStatic(java.lang.Object, java.lang.Object)'> (0x00000000b4c16bc8) 
thrown [/home/dmitry/Downloads/LOOM/loom/src/hotspot/share/interpreter/linkResolver.cpp, line 768]
for thread 0x00007faaa4016800
Event: 0,471 Thread 0x00007faaa4016800 Exception <a 'java/lang/NoSuchMethodError'{0x00000000b4c21208}: 'java.lang.Object java.lang.invoke.DirectMethodHandle$Holder.invokeVirtual(java.lang.Object, java.lang.Object)'> (0x00000000b4c21208) 
thrown [/home/dmitry/Downloads/LOOM/loom/src/hotspot/share/interpreter/linkResolver.cpp, line 768]
for thread 0x00007faaa4016800
Event: 0,478 Thread 0x00007faaa4016800 Exception <a 'java/lang/NoSuchMethodError'{0x00000000b4c28dd0}: 'int java.lang.invoke.DirectMethodHandle$Holder.invokeSpecial(java.lang.Object, java.lang.Object)'> (0x00000000b4c28dd0) 
thrown [/home/dmitry/Downloads/LOOM/loom/src/hotspot/share/interpreter/linkResolver.cpp, line 768]
for thread 0x00007faaa4016800
Event: 0,728 Thread 0x00007faaa4016800 Exception <a 'java/lang/NoSuchMethodError'{0x00000000b4ab9a10}: 'void java.lang.invoke.DirectMethodHandle$Holder.invokeStatic(java.lang.Object, java.lang.Object, java.lang.Object)'> (0x00000000b4ab9a10) 
thrown [/home/dmitry/Downloads/LOOM/loom/src/hotspot/share/interpreter/linkResolver.cpp, line 768]
for thread 0x00007faaa4016800
Event: 0,750 Thread 0x00007faaa4016800 Exception <a 'java/lang/NoSuchMethodError'{0x00000000b4ae4fb8}: 'java.lang.Object java.lang.invoke.Invokers$Holder.linkToTargetMethod(java.lang.Object, java.lang.Object, java.lang.Object, java.lang.Object)'> (0x00000000b4ae4fb8) 
thrown [/home/dmitry/Downloads/LOOM/loom/src/hotspot/share/interpreter/linkResolver.cpp, line 768]
for thread 0x00007faaa4016800
Event: 0,950 Thread 0x00007faaa4016800 Exception <a 'java/lang/NoSuchMethodError'{0x00000000b4818c48}: 'void java.lang.invoke.DirectMethodHandle$Holder.invokeStatic(java.lang.Object)'> (0x00000000b4818c48) 
thrown [/home/dmitry/Downloads/LOOM/loom/src/hotspot/share/interpreter/linkResolver.cpp, line 768]
for thread 0x00007faaa4016800
Event: 0,951 Thread 0x00007faaa4016800 Exception <a 'java/lang/NoSuchMethodError'{0x00000000b481d390}: 'void java.lang.invoke.DirectMethodHandle$Holder.invokeSpecial(java.lang.Object, java.lang.Object)'> (0x00000000b481d390) 
thrown [/home/dmitry/Downloads/LOOM/loom/src/hotspot/share/interpreter/linkResolver.cpp, line 768]
for thread 0x00007faaa4016800
Event: 0,959 Thread 0x00007faaa4296000 Exception <a 'java/lang/NoSuchMethodError'{0x00000000b49dc580}: 'java.lang.Object java.lang.invoke.DirectMethodHandle$Holder.invokeStatic(java.lang.Object)'> (0x00000000b49dc580) 
thrown [/home/dmitry/Downloads/LOOM/loom/src/hotspot/share/interpreter/linkResolver.cpp, line 768]
for thread 0x00007faaa4296000
Event: 0,960 Thread 0x00007faaa4296000 Exception <a 'java/lang/NoSuchMethodError'{0x00000000b49df398}: 'java.lang.Object java.lang.invoke.DirectMethodHandle$Holder.invokeStaticInit(java.lang.Object)'> (0x00000000b49df398) 
thrown [/home/dmitry/Downloads/LOOM/loom/src/hotspot/share/interpreter/linkResolver.cpp, line 768]
for thread 0x00007faaa4296000

Events (10 events):
Event: 1,644 loading class sun/util/resources/Bundles$CacheKeyReference done
Event: 1,644 loading class sun/util/resources/Bundles$BundleReference done
Event: 1,644 loading class sun/util/resources/cldr/TimeZoneNames_en
Event: 1,645 loading class sun/util/resources/cldr/TimeZoneNames_en done
Event: 1,646 loading class sun/util/resources/cldr/TimeZoneNames_en_US
Event: 1,646 loading class sun/util/resources/cldr/TimeZoneNames_en_US done
Event: 1,654 loading class java/util/LinkedHashMap$LinkedKeySet
Event: 1,654 loading class java/util/LinkedHashMap$LinkedKeySet done
Event: 1,654 loading class sun/util/locale/provider/LocaleResources$ResourceReference
Event: 1,654 loading class sun/util/locale/provider/LocaleResources$ResourceReference done


Dynamic libraries:
b0000000-b5000000 rw-p 00000000 00:00 0 
b5000000-100000000 ---p 00000000 00:00 0 
100000000-1000e0000 rw-p 00000000 00:00 0 
1000e0000-140000000 ---p 00000000 00:00 0 
55fef4c32000-55fef4c33000 r-xp 00000000 08:01 3284661                    /home/dmitry/Downloads/LOOM/loom/build/linux-x86_64-server-release/jdk/bin/java
55fef4e33000-55fef4e34000 r--p 00001000 08:01 3284661                    /home/dmitry/Downloads/LOOM/loom/build/linux-x86_64-server-release/jdk/bin/java
55fef4e34000-55fef4e35000 rw-p 00002000 08:01 3284661                    /home/dmitry/Downloads/LOOM/loom/build/linux-x86_64-server-release/jdk/bin/java
55fef60e3000-55fef6104000 rw-p 00000000 00:00 0                          [heap]
7faa38000000-7faa38045000 rw-p 00000000 00:00 0 
7faa38045000-7faa3c000000 ---p 00000000 00:00 0 
7faa40000000-7faa40021000 rw-p 00000000 00:00 0 
7faa40021000-7faa44000000 ---p 00000000 00:00 0 
7faa44000000-7faa44021000 rw-p 00000000 00:00 0 
7faa44021000-7faa48000000 ---p 00000000 00:00 0 
7faa48000000-7faa48021000 rw-p 00000000 00:00 0 
7faa48021000-7faa4c000000 ---p 00000000 00:00 0 
7faa4c000000-7faa4c02a000 rw-p 00000000 00:00 0 
7faa4c02a000-7faa50000000 ---p 00000000 00:00 0 
7faa50000000-7faa5019f000 rw-p 00000000 00:00 0 
7faa5019f000-7faa54000000 ---p 00000000 00:00 0 
7faa54000000-7faa54021000 rw-p 00000000 00:00 0 
7faa54021000-7faa58000000 ---p 00000000 00:00 0 
7faa58000000-7faa58021000 rw-p 00000000 00:00 0 
7faa58021000-7faa5c000000 ---p 00000000 00:00 0 
7faa5c000000-7faa5c021000 rw-p 00000000 00:00 0 
7faa5c021000-7faa60000000 ---p 00000000 00:00 0 
7faa60000000-7faa60330000 rw-p 00000000 00:00 0 
7faa60330000-7faa64000000 ---p 00000000 00:00 0 
7faa64000000-7faa6435e000 rw-p 00000000 00:00 0 
7faa6435e000-7faa68000000 ---p 00000000 00:00 0 
7faa68000000-7faa68021000 rw-p 00000000 00:00 0 
7faa68021000-7faa6c000000 ---p 00000000 00:00 0 
7faa6c000000-7faa6c021000 rw-p 00000000 00:00 0 
7faa6c021000-7faa70000000 ---p 00000000 00:00 0 
7faa70000000-7faa70021000 rw-p 00000000 00:00 0 
7faa70021000-7faa74000000 ---p 00000000 00:00 0 
7faa74000000-7faa74021000 rw-p 00000000 00:00 0 
7faa74021000-7faa78000000 ---p 00000000 00:00 0 
7faa79dfa000-7faa7a1f5000 rw-p 00000000 00:00 0 
7faa7a1f5000-7faa7a1f9000 ---p 00000000 00:00 0 
7faa7a1f9000-7faa7a2f6000 rw-p 00000000 00:00 0 
7faa7a2f6000-7faa7a2f8000 r-xp 00000000 08:01 3284826                    /home/dmitry/Downloads/LOOM/loom/build/linux-x86_64-server-release/jdk/lib/libextnet.so
7faa7a2f8000-7faa7a4f7000 ---p 00002000 08:01 3284826                    /home/dmitry/Downloads/LOOM/loom/build/linux-x86_64-server-release/jdk/lib/libextnet.so
7faa7a4f7000-7faa7a4f8000 r--p 00001000 08:01 3284826                    /home/dmitry/Downloads/LOOM/loom/build/linux-x86_64-server-release/jdk/lib/libextnet.so
7faa7a4f8000-7faa7a4f9000 rw-p 00002000 08:01 3284826                    /home/dmitry/Downloads/LOOM/loom/build/linux-x86_64-server-release/jdk/lib/libextnet.so
7faa7a4f9000-7faa7a4fd000 ---p 00000000 00:00 0 
7faa7a4fd000-7faa7a5fa000 rw-p 00000000 00:00 0 
7faa7a5fa000-7faa7a5fe000 ---p 00000000 00:00 0 
7faa7a5fe000-7faa7a6fb000 rw-p 00000000 00:00 0 
7faa7a6fb000-7faa7a6ff000 ---p 00000000 00:00 0 
7faa7a6ff000-7faa7a7fc000 rw-p 00000000 00:00 0 
7faa7a7fc000-7faa7a7fd000 ---p 00000000 00:00 0 
7faa7a7fd000-7faa7a8fe000 rw-p 00000000 00:00 0 
7faa7a8fe000-7faa7a902000 ---p 00000000 00:00 0 
7faa7a902000-7faa7a9ff000 rw-p 00000000 00:00 0 
7faa7a9ff000-7faa7aa03000 ---p 00000000 00:00 0 
7faa7aa03000-7faa7ab00000 rw-p 00000000 00:00 0 
7faa7ab00000-7faa7ab04000 ---p 00000000 00:00 0 
7faa7ab04000-7faa7ac01000 rw-p 00000000 00:00 0 
7faa7ac01000-7faa7ac17000 r-xp 00000000 08:01 3284639                    /home/dmitry/Downloads/LOOM/loom/build/linux-x86_64-server-release/jdk/lib/libnet.so
7faa7ac17000-7faa7ae17000 ---p 00016000 08:01 3284639                    /home/dmitry/Downloads/LOOM/loom/build/linux-x86_64-server-release/jdk/lib/libnet.so
7faa7ae17000-7faa7ae18000 r--p 00016000 08:01 3284639                    /home/dmitry/Downloads/LOOM/loom/build/linux-x86_64-server-release/jdk/lib/libnet.so
7faa7ae18000-7faa7ae19000 rw-p 00017000 08:01 3284639                    /home/dmitry/Downloads/LOOM/loom/build/linux-x86_64-server-release/jdk/lib/libnet.so
7faa7ae19000-7faa7ae2a000 r-xp 00000000 08:01 3284642                    /home/dmitry/Downloads/LOOM/loom/build/linux-x86_64-server-release/jdk/lib/libnio.so
7faa7ae2a000-7faa7b029000 ---p 00011000 08:01 3284642                    /home/dmitry/Downloads/LOOM/loom/build/linux-x86_64-server-release/jdk/lib/libnio.so
7faa7b029000-7faa7b02a000 r--p 00010000 08:01 3284642                    /home/dmitry/Downloads/LOOM/loom/build/linux-x86_64-server-release/jdk/lib/libnio.so
7faa7b02a000-7faa7b02b000 rw-p 00011000 08:01 3284642                    /home/dmitry/Downloads/LOOM/loom/build/linux-x86_64-server-release/jdk/lib/libnio.so
7faa7b02b000-7faa7b02f000 ---p 00000000 00:00 0 
7faa7b02f000-7faa7b12c000 rw-p 00000000 00:00 0 
7faa7b12c000-7faa7b130000 ---p 00000000 00:00 0 
7faa7b130000-7faa7b22d000 rw-p 00000000 00:00 0 
7faa7b22d000-7faa7b231000 ---p 00000000 00:00 0 
7faa7b231000-7faa7b32e000 rw-p 00000000 00:00 0 
7faa7b32e000-7faa7b332000 ---p 00000000 00:00 0 
7faa7b332000-7faa7b42f000 rw-p 00000000 00:00 0 
7faa7b42f000-7faa7bdfe000 r--p 00000000 08:01 10230401                   /usr/lib/locale/locale-archive
7faa7bdfe000-7faa7be02000 ---p 00000000 00:00 0 
7faa7be02000-7faa7beff000 rw-p 00000000 00:00 0 
7faa7beff000-7faa7bf03000 ---p 00000000 00:00 0 
7faa7bf03000-7faa7c000000 rw-p 00000000 00:00 0 
7faa7c000000-7faa7c021000 rw-p 00000000 00:00 0 
7faa7c021000-7faa80000000 ---p 00000000 00:00 0 
7faa80000000-7faa80021000 rw-p 00000000 00:00 0 
7faa80021000-7faa84000000 ---p 00000000 00:00 0 
7faa84000000-7faa84021000 rw-p 00000000 00:00 0 
7faa84021000-7faa88000000 ---p 00000000 00:00 0 
7faa88000000-7faa88021000 rw-p 00000000 00:00 0 
7faa88021000-7faa8c000000 ---p 00000000 00:00 0 
7faa8c000000-7faa8c021000 rw-p 00000000 00:00 0 
7faa8c021000-7faa90000000 ---p 00000000 00:00 0 
7faa90000000-7faa90780000 rw-p 00000000 00:00 0 
7faa90780000-7faa90800000 ---p 00000000 00:00 0 
7faa90800000-7faa92940000 rw-p 00000000 00:00 0 
7faa92940000-7faa93c00000 ---p 00000000 00:00 0 
7faa93c00000-7faa93d40000 rw-p 00000000 00:00 0 
7faa93d40000-7faa95000000 ---p 00000000 00:00 0 
7faa95000000-7faa95270000 rwxp 00000000 00:00 0 
7faa95270000-7faa95590000 ---p 00000000 00:00 0 
7faa95590000-7faa95800000 rwxp 00000000 00:00 0 
7faa95800000-7faa9cac8000 ---p 00000000 00:00 0 
7faa9cac8000-7faa9cd38000 rwxp 00000000 00:00 0 
7faa9cd38000-7faaa4000000 ---p 00000000 00:00 0 
7faaa4000000-7faaa42a5000 rw-p 00000000 00:00 0 
7faaa42a5000-7faaa8000000 ---p 00000000 00:00 0 
7faaa805d000-7faaa808e000 rw-p 00000000 00:00 0 
7faaa808e000-7faaa808f000 ---p 00000000 00:00 0 
7faaa808f000-7faaa826c000 rw-p 00000000 00:00 0 
7faaa826c000-7faaa826d000 ---p 00000000 00:00 0 
7faaa826d000-7faaa836e000 rw-p 00000000 00:00 0 
7faaa836e000-7faaa836f000 ---p 00000000 00:00 0 
7faaa836f000-7faaa8874000 rw-p 00000000 00:00 0 
7faaa8874000-7faaa8875000 ---p 00000000 00:00 0 
7faaa8875000-7faaa8976000 rw-p 00000000 00:00 0 
7faaa8976000-7faaa8977000 ---p 00000000 00:00 0 
7faaa8977000-7faaa8a78000 rw-p 00000000 00:00 0 
7faaa8a78000-7faaa8a79000 ---p 00000000 00:00 0 
7faaa8a79000-7faaa8ba2000 rw-p 00000000 00:00 0 
7faaa8ba2000-7faaa8dfa000 ---p 00000000 00:00 0 
7faaa8dfa000-7faaa8e22000 rw-p 00000000 00:00 0 
7faaa8e22000-7faaa907a000 ---p 00000000 00:00 0 
7faaa907a000-7faaa90a2000 rw-p 00000000 00:00 0 
7faaa90a2000-7faaa92fa000 ---p 00000000 00:00 0 
7faaa92fa000-7faaa9703000 rw-p 00000000 00:00 0 
7faaa9703000-7faaa97e9000 ---p 00000000 00:00 0 
7faaa97e9000-7faaa97ee000 rw-p 00000000 00:00 0 
7faaa97ee000-7faaa98d4000 ---p 00000000 00:00 0 
7faaa98d4000-7faaa98ef000 r-xp 00000000 08:01 3284638                    /home/dmitry/Downloads/LOOM/loom/build/linux-x86_64-server-release/jdk/lib/libjimage.so
7faaa98ef000-7faaa9aee000 ---p 0001b000 08:01 3284638                    /home/dmitry/Downloads/LOOM/loom/build/linux-x86_64-server-release/jdk/lib/libjimage.so
7faaa9aee000-7faaa9af0000 r--p 0001a000 08:01 3284638                    /home/dmitry/Downloads/LOOM/loom/build/linux-x86_64-server-release/jdk/lib/libjimage.so
7faaa9af0000-7faaa9af1000 rw-p 0001c000 08:01 3284638                    /home/dmitry/Downloads/LOOM/loom/build/linux-x86_64-server-release/jdk/lib/libjimage.so
7faaa9af1000-7faaa9af8000 r-xp 00000000 08:01 3284635                    /home/dmitry/Downloads/LOOM/loom/build/linux-x86_64-server-release/jdk/lib/libzip.so
7faaa9af8000-7faaa9cf7000 ---p 00007000 08:01 3284635                    /home/dmitry/Downloads/LOOM/loom/build/linux-x86_64-server-release/jdk/lib/libzip.so
7faaa9cf7000-7faaa9cf8000 r--p 00006000 08:01 3284635                    /home/dmitry/Downloads/LOOM/loom/build/linux-x86_64-server-release/jdk/lib/libzip.so
7faaa9cf8000-7faaa9cf9000 rw-p 00007000 08:01 3284635                    /home/dmitry/Downloads/LOOM/loom/build/linux-x86_64-server-release/jdk/lib/libzip.so
7faaa9cf9000-7faaa9d04000 r-xp 00000000 08:01 1184572                    /lib/x86_64-linux-gnu/libnss_files-2.27.so
7faaa9d04000-7faaa9f03000 ---p 0000b000 08:01 1184572                    /lib/x86_64-linux-gnu/libnss_files-2.27.so
7faaa9f03000-7faaa9f04000 r--p 0000a000 08:01 1184572                    /lib/x86_64-linux-gnu/libnss_files-2.27.so
7faaa9f04000-7faaa9f05000 rw-p 0000b000 08:01 1184572                    /lib/x86_64-linux-gnu/libnss_files-2.27.so
7faaa9f05000-7faaa9f0b000 rw-p 00000000 00:00 0 
7faaa9f0b000-7faaa9f22000 r-xp 00000000 08:01 1184566                    /lib/x86_64-linux-gnu/libnsl-2.27.so
7faaa9f22000-7faaaa121000 ---p 00017000 08:01 1184566                    /lib/x86_64-linux-gnu/libnsl-2.27.so
7faaaa121000-7faaaa122000 r--p 00016000 08:01 1184566                    /lib/x86_64-linux-gnu/libnsl-2.27.so
7faaaa122000-7faaaa123000 rw-p 00017000 08:01 1184566                    /lib/x86_64-linux-gnu/libnsl-2.27.so
7faaaa123000-7faaaa125000 rw-p 00000000 00:00 0 
7faaaa125000-7faaaa130000 r-xp 00000000 08:01 1184583                    /lib/x86_64-linux-gnu/libnss_nis-2.27.so
7faaaa130000-7faaaa32f000 ---p 0000b000 08:01 1184583                    /lib/x86_64-linux-gnu/libnss_nis-2.27.so
7faaaa32f000-7faaaa330000 r--p 0000a000 08:01 1184583                    /lib/x86_64-linux-gnu/libnss_nis-2.27.so
7faaaa330000-7faaaa331000 rw-p 0000b000 08:01 1184583                    /lib/x86_64-linux-gnu/libnss_nis-2.27.so
7faaaa331000-7faaaa339000 r-xp 00000000 08:01 1184568                    /lib/x86_64-linux-gnu/libnss_compat-2.27.so
7faaaa339000-7faaaa539000 ---p 00008000 08:01 1184568                    /lib/x86_64-linux-gnu/libnss_compat-2.27.so
7faaaa539000-7faaaa53a000 r--p 00008000 08:01 1184568                    /lib/x86_64-linux-gnu/libnss_compat-2.27.so
7faaaa53a000-7faaaa53b000 rw-p 00009000 08:01 1184568                    /lib/x86_64-linux-gnu/libnss_compat-2.27.so
7faaaa53b000-7faaaa564000 r-xp 00000000 08:01 3284634                    /home/dmitry/Downloads/LOOM/loom/build/linux-x86_64-server-release/jdk/lib/libjava.so
7faaaa564000-7faaaa763000 ---p 00029000 08:01 3284634                    /home/dmitry/Downloads/LOOM/loom/build/linux-x86_64-server-release/jdk/lib/libjava.so
7faaaa763000-7faaaa764000 r--p 00028000 08:01 3284634                    /home/dmitry/Downloads/LOOM/loom/build/linux-x86_64-server-release/jdk/lib/libjava.so
7faaaa764000-7faaaa766000 rw-p 00029000 08:01 3284634                    /home/dmitry/Downloads/LOOM/loom/build/linux-x86_64-server-release/jdk/lib/libjava.so
7faaaa766000-7faaaa773000 r-xp 00000000 08:01 3284627                    /home/dmitry/Downloads/LOOM/loom/build/linux-x86_64-server-release/jdk/lib/libverify.so
7faaaa773000-7faaaa972000 ---p 0000d000 08:01 3284627                    /home/dmitry/Downloads/LOOM/loom/build/linux-x86_64-server-release/jdk/lib/libverify.so
7faaaa972000-7faaaa974000 r--p 0000c000 08:01 3284627                    /home/dmitry/Downloads/LOOM/loom/build/linux-x86_64-server-release/jdk/lib/libverify.so
7faaaa974000-7faaaa975000 rw-p 0000e000 08:01 3284627                    /home/dmitry/Downloads/LOOM/loom/build/linux-x86_64-server-release/jdk/lib/libverify.so
7faaaa975000-7faaaab12000 r-xp 00000000 08:01 1184545                    /lib/x86_64-linux-gnu/libm-2.27.so
7faaaab12000-7faaaad11000 ---p 0019d000 08:01 1184545                    /lib/x86_64-linux-gnu/libm-2.27.so
7faaaad11000-7faaaad12000 r--p 0019c000 08:01 1184545                    /lib/x86_64-linux-gnu/libm-2.27.so
7faaaad12000-7faaaad13000 rw-p 0019d000 08:01 1184545                    /lib/x86_64-linux-gnu/libm-2.27.so
7faaaad13000-7faaac03f000 r-xp 00000000 08:01 3284625                    /home/dmitry/Downloads/LOOM/loom/build/linux-x86_64-server-release/jdk/lib/server/libjvm.so
7faaac03f000-7faaac23e000 ---p 0132c000 08:01 3284625                    /home/dmitry/Downloads/LOOM/loom/build/linux-x86_64-server-release/jdk/lib/server/libjvm.so
7faaac23e000-7faaac306000 r--p 0132b000 08:01 3284625                    /home/dmitry/Downloads/LOOM/loom/build/linux-x86_64-server-release/jdk/lib/server/libjvm.so
7faaac306000-7faaac341000 rw-p 013f3000 08:01 3284625                    /home/dmitry/Downloads/LOOM/loom/build/linux-x86_64-server-release/jdk/lib/server/libjvm.so
7faaac341000-7faaac3c7000 rw-p 00000000 00:00 0 
7faaac3c7000-7faaac3e1000 r-xp 00000000 08:01 1184615                    /lib/x86_64-linux-gnu/libpthread-2.27.so
7faaac3e1000-7faaac5e0000 ---p 0001a000 08:01 1184615                    /lib/x86_64-linux-gnu/libpthread-2.27.so
7faaac5e0000-7faaac5e1000 r--p 00019000 08:01 1184615                    /lib/x86_64-linux-gnu/libpthread-2.27.so
7faaac5e1000-7faaac5e2000 rw-p 0001a000 08:01 1184615                    /lib/x86_64-linux-gnu/libpthread-2.27.so
7faaac5e2000-7faaac5e6000 rw-p 00000000 00:00 0 
7faaac5e6000-7faaac5e9000 r-xp 00000000 08:01 1184505                    /lib/x86_64-linux-gnu/libdl-2.27.so
7faaac5e9000-7faaac7e8000 ---p 00003000 08:01 1184505                    /lib/x86_64-linux-gnu/libdl-2.27.so
7faaac7e8000-7faaac7e9000 r--p 00002000 08:01 1184505                    /lib/x86_64-linux-gnu/libdl-2.27.so
7faaac7e9000-7faaac7ea000 rw-p 00003000 08:01 1184505                    /lib/x86_64-linux-gnu/libdl-2.27.so
7faaac7ea000-7faaac806000 r-xp 00000000 08:01 1184654                    /lib/x86_64-linux-gnu/libz.so.1.2.11
7faaac806000-7faaaca05000 ---p 0001c000 08:01 1184654                    /lib/x86_64-linux-gnu/libz.so.1.2.11
7faaaca05000-7faaaca06000 r--p 0001b000 08:01 1184654                    /lib/x86_64-linux-gnu/libz.so.1.2.11
7faaaca06000-7faaaca07000 rw-p 0001c000 08:01 1184654                    /lib/x86_64-linux-gnu/libz.so.1.2.11
7faaaca07000-7faaacbee000 r-xp 00000000 08:01 1184482                    /lib/x86_64-linux-gnu/libc-2.27.so
7faaacbee000-7faaacdee000 ---p 001e7000 08:01 1184482                    /lib/x86_64-linux-gnu/libc-2.27.so
7faaacdee000-7faaacdf2000 r--p 001e7000 08:01 1184482                    /lib/x86_64-linux-gnu/libc-2.27.so
7faaacdf2000-7faaacdf4000 rw-p 001eb000 08:01 1184482                    /lib/x86_64-linux-gnu/libc-2.27.so
7faaacdf4000-7faaacdf8000 rw-p 00000000 00:00 0 
7faaacdf8000-7faaace08000 r-xp 00000000 08:01 3284629                    /home/dmitry/Downloads/LOOM/loom/build/linux-x86_64-server-release/jdk/lib/libjli.so
7faaace08000-7faaad007000 ---p 00010000 08:01 3284629                    /home/dmitry/Downloads/LOOM/loom/build/linux-x86_64-server-release/jdk/lib/libjli.so
7faaad007000-7faaad008000 r--p 0000f000 08:01 3284629                    /home/dmitry/Downloads/LOOM/loom/build/linux-x86_64-server-release/jdk/lib/libjli.so
7faaad008000-7faaad009000 rw-p 00010000 08:01 3284629                    /home/dmitry/Downloads/LOOM/loom/build/linux-x86_64-server-release/jdk/lib/libjli.so
7faaad009000-7faaad030000 r-xp 00000000 08:01 1184454                    /lib/x86_64-linux-gnu/ld-2.27.so
7faaad05d000-7faaad110000 rw-p 00000000 00:00 0 
7faaad110000-7faaad117000 ---p 00000000 00:00 0 
7faaad117000-7faaad11b000 ---p 00000000 00:00 0 
7faaad11b000-7faaad21a000 rw-p 00000000 00:00 0 
7faaad223000-7faaad22b000 rw-s 00000000 08:01 524310                     /tmp/hsperfdata_dmitry/22124
7faaad22b000-7faaad22c000 ---p 00000000 00:00 0 
7faaad22c000-7faaad22d000 r--p 00000000 00:00 0 
7faaad22d000-7faaad22e000 ---p 00000000 00:00 0 
7faaad22e000-7faaad230000 rw-p 00000000 00:00 0 
7faaad230000-7faaad231000 r--p 00027000 08:01 1184454                    /lib/x86_64-linux-gnu/ld-2.27.so
7faaad231000-7faaad232000 rw-p 00028000 08:01 1184454                    /lib/x86_64-linux-gnu/ld-2.27.so
7faaad232000-7faaad233000 rw-p 00000000 00:00 0 
7ffee4f06000-7ffee4f29000 rw-p 00000000 00:00 0                          [stack]
7ffee4fa1000-7ffee4fa4000 r--p 00000000 00:00 0                          [vvar]
7ffee4fa4000-7ffee4fa6000 r-xp 00000000 00:00 0                          [vdso]
ffffffffff600000-ffffffffff601000 r-xp 00000000 00:00 0                  [vsyscall]


VM Arguments:
jvm_args: -Didea.launcher.port=18753 -Didea.launcher.bin.path=/home/dmitry/Downloads/idea-IC-183.5912.21/bin -Dfile.encoding=UTF-8 
java_command: com.intellij.rt.execution.application.AppMainV2 Main
java_class_path (initial): /home/dmitry/Downloads/LOOM/loom/build/linux-x86_64-server-release/jdk/modules/java.base:/home/dmitry/Downloads/LOOM/loom/build/linux-x86_64-server-release/jdk/modules/java.compiler:/home/dmitry/Downloads/LOOM/loom/build/linux-x86_64-server-release/jdk/modules/java.datatransfer:/home/dmitry/Downloads/LOOM/loom/build/linux-x86_64-server-release/jdk/modules/java.desktop:/home/dmitry/Downloads/LOOM/loom/build/linux-x86_64-server-release/jdk/modules/java.instrument:/home/dmitry/Downloads/LOOM/loom/build/linux-x86_64-server-release/jdk/modules/java.logging:/home/dmitry/Downloads/LOOM/loom/build/linux-x86_64-server-release/jdk/modules/java.management:/home/dmitry/Downloads/LOOM/loom/build/linux-x86_64-server-release/jdk/modules/java.management.rmi:/home/dmitry/Downloads/LOOM/loom/build/linux-x86_64-server-release/jdk/modules/java.naming:/home/dmitry/Downloads/LOOM/loom/build/linux-x86_64-server-release/jdk/modules/java.net.http:/home/dmitry/Downloads/LOOM/loom/build/linux-x86_64-server-release/jdk/modules/java.prefs:/home/dmitry/Downloads/LOOM/loom/build/linux-x86_64-server-release/jdk/modules/java.rmi:/home/dmitry/Downloads/LOOM/loom/build/linux-x86_64-server-release/jdk/modules/java.scripting:/home/dmitry/Downloads/LOOM/loom/build/linux-x86_64-server-release/jdk/modules/java.se:/home/dmitry/Downloads/LOOM/loom/build/linux-x86_64-server-release/jdk/modules/java.security.jgss:/home/dmitry/Downloads/LOOM/loom/build/linux-x86_64-server-release/jdk/modules/java.security.sasl:/home/dmitry/Downloads/LOOM/loom/build/linux-x86_64-server-release/jdk/modules/java.smartcardio:/home/dmitry/Downloads/LOOM/loom/build/linux-x86_64-server-release/jdk/modules/java.sql:/home/dmitry/Downloads/LOOM/loom/build/linux-x86_64-server-release/jdk/modules/java.sql.rowset:/home/dmitry/Downloads/LOOM/loom/build/linux-x86_64-server-release/jdk/modules/java.transaction.xa:/home/dmitry/Downloads/LOOM/loom/build/linux-x86_64-server-release/jdk/modules/java.xml:/home/dmitry/D
Launcher Type: SUN_STANDARD

[Global flags]
     intx CICompilerCount                          = 3                                         {product} {ergonomic}
     uint ConcGCThreads                            = 1                                         {product} {ergonomic}
     uint G1ConcRefinementThreads                  = 4                                         {product} {ergonomic}
   size_t G1HeapRegionSize                         = 1048576                                   {product} {ergonomic}
    uintx GCDrainStackTargetSize                   = 64                                        {product} {ergonomic}
   size_t InitialHeapSize                          = 83886080                                  {product} {ergonomic}
   size_t MarkStackSize                            = 4194304                                   {product} {ergonomic}
   size_t MaxHeapSize                              = 1342177280                                {product} {ergonomic}
   size_t MaxNewSize                               = 805306368                                 {product} {ergonomic}
   size_t MinHeapDeltaBytes                        = 1048576                                   {product} {ergonomic}
    uintx NonNMethodCodeHeapSize                   = 5830732                                {pd product} {ergonomic}
    uintx NonProfiledCodeHeapSize                  = 122913754                              {pd product} {ergonomic}
    uintx ProfiledCodeHeapSize                     = 122913754                              {pd product} {ergonomic}
    uintx ReservedCodeCacheSize                    = 251658240                              {pd product} {ergonomic}
     bool SegmentedCodeCache                       = true                                      {product} {ergonomic}
     bool UseCompressedClassPointers               = true                                 {lp64_product} {ergonomic}
     bool UseCompressedOops                        = true                                 {lp64_product} {ergonomic}
     bool UseG1GC                                  = true                                      {product} {ergonomic}

Logging:
Log output configuration:
 #0: stdout all=warning uptime,level,tags
 #1: stderr all=off uptime,level,tags

Environment Variables:
JAVA_HOME=/home/dmitry/usr/local/java/jdk1.8.0
PATH=/bin:/bin:/usr/local/sbin:/usr/local/bin:/usr/sbin:/usr/bin:/sbin:/bin:/usr/games:/usr/local/games:/snap/bin
USERNAME=dmitry
SHELL=/bin/bash
DISPLAY=:0

Signal Handlers:
SIGSEGV: [libjvm.so+0xfe38e0], sa_mask[0]=11111111011111111101111111111110, sa_flags=SA_RESTART|SA_SIGINFO
SIGBUS: [libjvm.so+0xfe38e0], sa_mask[0]=11111111011111111101111111111110, sa_flags=SA_RESTART|SA_SIGINFO
SIGFPE: [libjvm.so+0xfe38e0], sa_mask[0]=11111111011111111101111111111110, sa_flags=SA_RESTART|SA_SIGINFO
SIGPIPE: [libjvm.so+0xc81160], sa_mask[0]=11111111011111111101111111111110, sa_flags=SA_RESTART|SA_SIGINFO
SIGXFSZ: [libjvm.so+0xc81160], sa_mask[0]=11111111011111111101111111111110, sa_flags=SA_RESTART|SA_SIGINFO
SIGILL: [libjvm.so+0xfe38e0], sa_mask[0]=11111111011111111101111111111110, sa_flags=SA_RESTART|SA_SIGINFO
SIGUSR2: [libjvm.so+0xc81000], sa_mask[0]=00100000000000000000000000000000, sa_flags=SA_RESTART|SA_SIGINFO
SIGHUP: [libjvm.so+0xc81600], sa_mask[0]=11111111011111111101111111111110, sa_flags=SA_RESTART|SA_SIGINFO
SIGINT: [libjvm.so+0xc81600], sa_mask[0]=11111111011111111101111111111110, sa_flags=SA_RESTART|SA_SIGINFO
SIGTERM: [libjvm.so+0xc81600], sa_mask[0]=11111111011111111101111111111110, sa_flags=SA_RESTART|SA_SIGINFO
SIGQUIT: [libjvm.so+0xc81600], sa_mask[0]=11111111011111111101111111111110, sa_flags=SA_RESTART|SA_SIGINFO


---------------  S Y S T E M  ---------------

OS:DISTRIB_ID=Ubuntu
DISTRIB_RELEASE=18.04
DISTRIB_CODENAME=bionic
DISTRIB_DESCRIPTION="Ubuntu 18.04.2 LTS"
uname:Linux 4.18.0-18-generic #19~18.04.1-Ubuntu SMP Fri Apr 5 10:22:13 UTC 2019 x86_64
libc:glibc 2.27 NPTL 2.27 
rlimit: STACK 8192k, CORE 0k, NPROC 20276, NOFILE 4096, AS infinity, DATA infinity, FSIZE infinity
load average:1,68 2,95 4,06

/proc/meminfo:
MemTotal:        5234984 kB
MemFree:          553960 kB
MemAvailable:    3363388 kB
Buffers:           51252 kB
Cached:          2920652 kB
SwapCached:       127084 kB
Active:          2115704 kB
Inactive:        2273404 kB
Active(anon):     916984 kB
Inactive(anon):   527360 kB
Active(file):    1198720 kB
Inactive(file):  1746044 kB
Unevictable:          32 kB
Mlocked:              32 kB
SwapTotal:       2097148 kB
SwapFree:        1278972 kB
Dirty:             10920 kB
Writeback:             0 kB
AnonPages:       1371068 kB
Mapped:           118696 kB
Shmem:             27048 kB
Slab:             185628 kB
SReclaimable:     143580 kB
SUnreclaim:        42048 kB
KernelStack:        9488 kB
PageTables:        35580 kB
NFS_Unstable:          0 kB
Bounce:                0 kB
WritebackTmp:          0 kB
CommitLimit:     4714640 kB
Committed_AS:    5343068 kB
VmallocTotal:   34359738367 kB
VmallocUsed:           0 kB
VmallocChunk:          0 kB
HardwareCorrupted:     0 kB
AnonHugePages:         0 kB
ShmemHugePages:        0 kB
ShmemPmdMapped:        0 kB
CmaTotal:              0 kB
CmaFree:               0 kB
HugePages_Total:       0
HugePages_Free:        0
HugePages_Rsvd:        0
HugePages_Surp:        0
Hugepagesize:       2048 kB
Hugetlb:               0 kB
DirectMap4k:      131008 kB
DirectMap2M:     5279744 kB


/proc/sys/kernel/threads-max (system-wide limit on the number of threads):
40552


/proc/sys/vm/max_map_count (maximum number of memory map areas a process may have):
65530


/proc/sys/kernel/pid_max (system-wide limit on number of process identifiers):
32768



container (cgroup) information:
container_type: cgroupv1
cpu_cpuset_cpus: 0-3
cpu_memory_nodes: 0
active_processor_count: 4
cpu_quota: no quota
cpu_period: 100000
cpu_shares: no shares
memory_limit_in_bytes: unlimited
memory_and_swap_limit_in_bytes: not supported
memory_soft_limit_in_bytes: unlimited
memory_usage_in_bytes: 4461334528
memory_max_usage_in_bytes: 9842688

KVM virtualization detected
Steal ticks since vm start: 0
Steal ticks percentage since vm start:  0,000

CPU:total 4 (initial active 4) (4 cores per cpu, 1 threads per core) family 6 model 60 stepping 3, cmov, cx8, fxsr, mmx, sse, sse2, sse3, ssse3, sse4.1, sse4.2, popcnt, avx, avx2, aes, clmul, lzcnt, tsc, tscinvbit
CPU Model and flags from /proc/cpuinfo:
model name	: Intel(R) Core(TM) i7-4700HQ CPU @ 2.40GHz
flags		: fpu vme de pse tsc msr pae mce cx8 apic sep mtrr pge mca cmov pat pse36 clflush mmx fxsr sse sse2 ht syscall nx rdtscp lm constant_tsc rep_good nopl xtopology nonstop_tsc cpuid tsc_known_freq pni pclmulqdq ssse3 cx16 pcid sse4_1 sse4_2 x2apic movbe popcnt aes xsave avx rdrand hypervisor lahf_lm abm invpcid_single pti fsgsbase avx2 invpcid flush_l1d

Memory: 4k page, physical 5234984k(553960k free), swap 2097148k(1278972k free)

vm_info: OpenJDK 64-Bit Server VM (13-internal+0-adhoc.dmitry.loom) for linux-amd64 JRE (13-internal+0-adhoc.dmitry.loom), built on May 15 2019 17:47:22 by "dmitry" with gcc 7.4.0

END.
