#
# A fatal error has been detected by the Java Runtime Environment:
#
#  SIGSEGV (0xb) at pc=0x0000000000000000, pid=4791, tid=4829
#
# JRE version: OpenJDK Runtime Environment (13.0) (build 13-testing+0-builds.shipilev.net-openjdk-loom-b47-20190308-jdk-139)
# Java VM: OpenJDK 64-Bit Server VM (13-testing+0-builds.shipilev.net-openjdk-loom-b47-20190308-jdk-139, mixed mode, sharing, tiered, compressed oops, g1 gc, linux-amd64)
# Problematic frame:
# 
[error occurred during error reporting (printing problematic frame), id 0xb, SIGSEGV (0xb) at pc=0x00007f6cfdbb30e2]

# Core dump will be written. Default location: Core dumps may be processed with "/usr/share/apport/apport %p %s %c %d %P" (or dumping to /home/dmitry/Downloads/LoadDetector/core.4791)
#
# If you would like to submit a bug report, please visit:
#   http://bugreport.java.com/bugreport/crash.jsp
# The crash happened outside the Java Virtual Machine in native code.
# See problematic frame for where to report the bug.
#

---------------  S U M M A R Y ------------

Command Line: -Didea.launcher.port=5961 -Didea.launcher.bin.path=/home/dmitry/Downloads/idea-IC-183.5912.21/bin -Dfile.encoding=UTF-8 com.intellij.rt.execution.application.AppMainV2 Main

Host: Intel(R) Core(TM) i7-4700HQ CPU @ 2.40GHz, 4 cores, 4G, Ubuntu 18.04.2 LTS
Time: Sun May 12 17:15:42 2019 MSK elapsed time: 1 seconds (0d 0h 0m 1s)

---------------  T H R E A D  ---------------

Current thread (0x00007f6c9003b000):  JavaThread "Thread-1" [_thread_in_native, id=4829, stack(0x00007f6c97cfc000,0x00007f6c97dfd000)]

Stack: [0x00007f6c97cfc000,0x00007f6c97dfd000]
[error occurred during error reporting (printing stack bounds), id 0xb, SIGSEGV (0xb) at pc=0x00007f6cfdbb30e2]


[error occurred during error reporting (printing native stack), id 0xb, SIGSEGV (0xb) at pc=0x00007f6cfdbb30e2]

Java frames: (J=compiled Java code, j=interpreted, Vv=VM code)
j  java.lang.Thread.sleep0(J)V+0 java.base@13-testing
j  java.lang.Thread.sleep(J)V+132 java.base@13-testing
j  Main.lambda$main$0()V+33
j  Main$$Lambda$1.run()V+0
j  java.lang.Continuation.enter0()V+4 java.base@13-testing
j  java.lang.Continuation.enter()V+56 java.base@13-testing
j  java.lang.Continuation.run()V+113 java.base@13-testing
j  Main$$Lambda$4.run()V+4
j  java.lang.Thread.run()V+11 java.base@13-testing
v  ~StubRoutines::call_stub

siginfo: si_signo: 11 (SIGSEGV), si_code: 1 (SEGV_MAPERR), si_addr: 0x0000000000000000

Register to memory mapping:

RAX=0x0 is NULL
RBX=0x00007f6ce02d0d41 is at code_begin+897 in an Interpreter codelet
method entry point (kind = native)  [0x00007f6ce02d09c0, 0x00007f6ce02d1400]  2624 bytes
RCX=0x00007f6ce02d0d41 is at code_begin+897 in an Interpreter codelet
method entry point (kind = native)  [0x00007f6ce02d09c0, 0x00007f6ce02d1400]  2624 bytes
RDX=0x00007f6ce02e8300 points into unknown readable memory: 0b 00 00 00 00 00 00 00
RSP=0x00007f6c97dfb680 is pointing into the stack for thread: 0x00007f6c9003b000
RBP=0x00007f6c97dfb6d0 is pointing into the stack for thread: 0x00007f6c9003b000
RSI=0x000000000000004c is an unknown value
RDI=0x0 is NULL
R8 =0x00000000ffffffff is an unallocated location in the heap
R9 =0x0000000000000002 is an unknown value
R10=0x00007f6ce02d0d41 is at code_begin+897 in an Interpreter codelet
method entry point (kind = native)  [0x00007f6ce02d09c0, 0x00007f6ce02d1400]  2624 bytes
R11=0x00007f6c97dfb688 is pointing into the stack for thread: 0x00007f6c9003b000
R12=0x0 is NULL
R13=0x0 is NULL
R14=0x00007f6c97dfb6f8 is pointing into the stack for thread: 0x00007f6c9003b000
R15=0x00007f6c9003b000 is a thread


Registers:
RAX=0x0000000000000000, RBX=0x00007f6ce02d0d41, RCX=0x00007f6ce02d0d41, RDX=0x00007f6ce02e8300
RSP=0x00007f6c97dfb680, RBP=0x00007f6c97dfb6d0, RSI=0x000000000000004c, RDI=0x0000000000000000
R8 =0x00000000ffffffff, R9 =0x0000000000000002, R10=0x00007f6ce02d0d41, R11=0x00007f6c97dfb688
R12=0x0000000000000000, R13=0x0000000000000000, R14=0x00007f6c97dfb6f8, R15=0x00007f6c9003b000
RIP=0x0000000000000000, EFLAGS=0x0000000000010202, CSGSFS=0x002b000000000033, ERR=0x0000000000000014
  TRAPNO=0x000000000000000e

Top of Stack: (sp=0x00007f6c97dfb680)
0x00007f6c97dfb680:   00007f6ce02d0d70 00007f6c97dfb688
0x00007f6c97dfb690:   0000000000000000 00007f6c97dfb6f8
0x00007f6c97dfb6a0:   000000080012a128 0000000000000000
0x00007f6c97dfb6b0:   0000000000000000 000000080012cbf8 

Instructions: (pc=0x0000000000000000)
0xffffffffffffff00:   



[error occurred during error reporting (inspecting top of stack), id 0xb, SIGSEGV (0xb) at pc=0x00007f6cfdbb30e2]


---------------  P R O C E S S  ---------------

Threads class SMR info:
_java_thread_list=0x00007f6cb0002880, length=12, elements={
0x00007f6cf80e7000, 0x00007f6cf80e9000, 0x00007f6cf80ef000, 0x00007f6cf80f1000,
0x00007f6cf80f3000, 0x00007f6cf80f5000, 0x00007f6cf812b800, 0x00007f6cf8130800,
0x00007f6cf8137000, 0x00007f6cb0001000, 0x00007f6cf8014000, 0x00007f6c9003b000
}

Java Threads: ( => current thread )
  0x00007f6cf80e7000 JavaThread "Reference Handler" daemon [_thread_blocked, id=4808, stack(0x00007f6cdc2b3000,0x00007f6cdc3b4000)]
  0x00007f6cf80e9000 JavaThread "Finalizer" daemon [_thread_blocked, id=4809, stack(0x00007f6cdc1b2000,0x00007f6cdc2b3000)]
  0x00007f6cf80ef000 JavaThread "Signal Dispatcher" daemon [_thread_blocked, id=4811, stack(0x00007f6cdc0b1000,0x00007f6cdc1b2000)]
  0x00007f6cf80f1000 JavaThread "C2 CompilerThread0" daemon [_thread_blocked, id=4812, stack(0x00007f6cccd30000,0x00007f6ccce31000)]
  0x00007f6cf80f3000 JavaThread "C1 CompilerThread0" daemon [_thread_in_native, id=4813, stack(0x00007f6cccc2f000,0x00007f6cccd30000)]
  0x00007f6cf80f5000 JavaThread "Sweeper thread" daemon [_thread_blocked, id=4814, stack(0x00007f6cccb2e000,0x00007f6cccc2f000)]
  0x00007f6cf812b800 JavaThread "Service Thread" daemon [_thread_blocked, id=4818, stack(0x00007f6ccca2d000,0x00007f6cccb2e000)]
  0x00007f6cf8130800 JavaThread "Common-Cleaner" daemon [_thread_blocked, id=4820, stack(0x00007f6ccc82a000,0x00007f6ccc92b000)]
  0x00007f6cf8137000 JavaThread "Monitor Ctrl-Break" daemon [_thread_in_native, id=4821, stack(0x00007f6ccc2fe000,0x00007f6ccc3ff000)]
  0x00007f6cb0001000 JavaThread "Attach Listener" daemon [_thread_blocked, id=4823, stack(0x00007f6ccc0fc000,0x00007f6ccc1fd000)]
  0x00007f6cf8014000 JavaThread "DestroyJavaVM" [_thread_blocked, id=4794, stack(0x00007f6cff2f8000,0x00007f6cff3f9000)]
=>0x00007f6c9003b000 JavaThread "Thread-1" [_thread_in_native, id=4829, stack(0x00007f6c97cfc000,0x00007f6c97dfd000)]

Other Threads:
  0x00007f6cf80e4000 VMThread "VM Thread" [stack: 0x00007f6cdc3b6000,0x00007f6cdc4b6000] [id=4805]
  0x00007f6cf812e000 WatcherThread [stack: 0x00007f6ccc92d000,0x00007f6ccca2d000] [id=4819]
  0x00007f6cf8057000 GCTaskThread "GC Thread#0" [stack: 0x00007f6cdcd45000,0x00007f6cdce45000] [id=4797]
  0x00007f6cf8061000 ConcurrentGCThread "G1 Main Marker" [stack: 0x00007f6cdcc43000,0x00007f6cdcd43000] [id=4799]
  0x00007f6cf8062800 ConcurrentGCThread "G1 Conc#0" [stack: 0x00007f6cdcb41000,0x00007f6cdcc41000] [id=4801]
  0x00007f6cf80b6800 ConcurrentGCThread "G1 Refine#0" [stack: 0x00007f6cdc63b000,0x00007f6cdc73b000] [id=4802]
  0x00007f6cf80b8000 ConcurrentGCThread "G1 Young RemSet Sampling" [stack: 0x00007f6cdc539000,0x00007f6cdc639000] [id=4803]

Threads with active compile tasks:
C1 CompilerThread0   170       3       jdk.internal.org.objectweb.asm.Frame::execute (2305 bytes)

VM state:not at safepoint (normal execution)

VM Mutex/Monitor currently owned by a thread: None

Heap address: 0x00000000b0000000, size: 1280 MB, Compressed Oops mode: 32-bit
Narrow klass base: 0x0000000800000000, Narrow klass shift: 3
Compressed class space size: 1073741824 Address: 0x0000000800af6000

Heap:
 garbage-first heap   total 83968K, used 1768K [0x00000000b0000000, 0x0000000100000000)
  region size 1024K, 2 young (2048K), 0 survivors (0K)
 Metaspace       used 910K, capacity 4551K, committed 4864K, reserved 1056768K
  class space    used 88K, capacity 406K, committed 512K, reserved 1048576K
Heap Regions: E=young(eden), S=young(survivor), O=old, HS=humongous(starts), HC=humongous(continues), CS=collection set, F=free, A=archive, TAMS=top-at-mark-start (previous, next)
|   0|0x00000000b0000000, 0x00000000b0000000, 0x00000000b0100000|  0%| F|  |TAMS 0x00000000b0000000, 0x00000000b0000000| Untracked 
|   1|0x00000000b0100000, 0x00000000b0100000, 0x00000000b0200000|  0%| F|  |TAMS 0x00000000b0100000, 0x00000000b0100000| Untracked 
|   2|0x00000000b0200000, 0x00000000b0200000, 0x00000000b0300000|  0%| F|  |TAMS 0x00000000b0200000, 0x00000000b0200000| Untracked 
|   3|0x00000000b0300000, 0x00000000b0300000, 0x00000000b0400000|  0%| F|  |TAMS 0x00000000b0300000, 0x00000000b0300000| Untracked 
|   4|0x00000000b0400000, 0x00000000b0400000, 0x00000000b0500000|  0%| F|  |TAMS 0x00000000b0400000, 0x00000000b0400000| Untracked 
|   5|0x00000000b0500000, 0x00000000b0500000, 0x00000000b0600000|  0%| F|  |TAMS 0x00000000b0500000, 0x00000000b0500000| Untracked 
|   6|0x00000000b0600000, 0x00000000b0600000, 0x00000000b0700000|  0%| F|  |TAMS 0x00000000b0600000, 0x00000000b0600000| Untracked 
|   7|0x00000000b0700000, 0x00000000b0700000, 0x00000000b0800000|  0%| F|  |TAMS 0x00000000b0700000, 0x00000000b0700000| Untracked 
|   8|0x00000000b0800000, 0x00000000b0800000, 0x00000000b0900000|  0%| F|  |TAMS 0x00000000b0800000, 0x00000000b0800000| Untracked 
|   9|0x00000000b0900000, 0x00000000b0900000, 0x00000000b0a00000|  0%| F|  |TAMS 0x00000000b0900000, 0x00000000b0900000| Untracked 
|  10|0x00000000b0a00000, 0x00000000b0a00000, 0x00000000b0b00000|  0%| F|  |TAMS 0x00000000b0a00000, 0x00000000b0a00000| Untracked 
|  11|0x00000000b0b00000, 0x00000000b0b00000, 0x00000000b0c00000|  0%| F|  |TAMS 0x00000000b0b00000, 0x00000000b0b00000| Untracked 
|  12|0x00000000b0c00000, 0x00000000b0c00000, 0x00000000b0d00000|  0%| F|  |TAMS 0x00000000b0c00000, 0x00000000b0c00000| Untracked 
|  13|0x00000000b0d00000, 0x00000000b0d00000, 0x00000000b0e00000|  0%| F|  |TAMS 0x00000000b0d00000, 0x00000000b0d00000| Untracked 
|  14|0x00000000b0e00000, 0x00000000b0e00000, 0x00000000b0f00000|  0%| F|  |TAMS 0x00000000b0e00000, 0x00000000b0e00000| Untracked 
|  15|0x00000000b0f00000, 0x00000000b0f00000, 0x00000000b1000000|  0%| F|  |TAMS 0x00000000b0f00000, 0x00000000b0f00000| Untracked 
|  16|0x00000000b1000000, 0x00000000b1000000, 0x00000000b1100000|  0%| F|  |TAMS 0x00000000b1000000, 0x00000000b1000000| Untracked 
|  17|0x00000000b1100000, 0x00000000b1100000, 0x00000000b1200000|  0%| F|  |TAMS 0x00000000b1100000, 0x00000000b1100000| Untracked 
|  18|0x00000000b1200000, 0x00000000b1200000, 0x00000000b1300000|  0%| F|  |TAMS 0x00000000b1200000, 0x00000000b1200000| Untracked 
|  19|0x00000000b1300000, 0x00000000b1300000, 0x00000000b1400000|  0%| F|  |TAMS 0x00000000b1300000, 0x00000000b1300000| Untracked 
|  20|0x00000000b1400000, 0x00000000b1400000, 0x00000000b1500000|  0%| F|  |TAMS 0x00000000b1400000, 0x00000000b1400000| Untracked 
|  21|0x00000000b1500000, 0x00000000b1500000, 0x00000000b1600000|  0%| F|  |TAMS 0x00000000b1500000, 0x00000000b1500000| Untracked 
|  22|0x00000000b1600000, 0x00000000b1600000, 0x00000000b1700000|  0%| F|  |TAMS 0x00000000b1600000, 0x00000000b1600000| Untracked 
|  23|0x00000000b1700000, 0x00000000b1700000, 0x00000000b1800000|  0%| F|  |TAMS 0x00000000b1700000, 0x00000000b1700000| Untracked 
|  24|0x00000000b1800000, 0x00000000b1800000, 0x00000000b1900000|  0%| F|  |TAMS 0x00000000b1800000, 0x00000000b1800000| Untracked 
|  25|0x00000000b1900000, 0x00000000b1900000, 0x00000000b1a00000|  0%| F|  |TAMS 0x00000000b1900000, 0x00000000b1900000| Untracked 
|  26|0x00000000b1a00000, 0x00000000b1a00000, 0x00000000b1b00000|  0%| F|  |TAMS 0x00000000b1a00000, 0x00000000b1a00000| Untracked 
|  27|0x00000000b1b00000, 0x00000000b1b00000, 0x00000000b1c00000|  0%| F|  |TAMS 0x00000000b1b00000, 0x00000000b1b00000| Untracked 
|  28|0x00000000b1c00000, 0x00000000b1c00000, 0x00000000b1d00000|  0%| F|  |TAMS 0x00000000b1c00000, 0x00000000b1c00000| Untracked 
|  29|0x00000000b1d00000, 0x00000000b1d00000, 0x00000000b1e00000|  0%| F|  |TAMS 0x00000000b1d00000, 0x00000000b1d00000| Untracked 
|  30|0x00000000b1e00000, 0x00000000b1e00000, 0x00000000b1f00000|  0%| F|  |TAMS 0x00000000b1e00000, 0x00000000b1e00000| Untracked 
|  31|0x00000000b1f00000, 0x00000000b1f00000, 0x00000000b2000000|  0%| F|  |TAMS 0x00000000b1f00000, 0x00000000b1f00000| Untracked 
|  32|0x00000000b2000000, 0x00000000b2000000, 0x00000000b2100000|  0%| F|  |TAMS 0x00000000b2000000, 0x00000000b2000000| Untracked 
|  33|0x00000000b2100000, 0x00000000b2100000, 0x00000000b2200000|  0%| F|  |TAMS 0x00000000b2100000, 0x00000000b2100000| Untracked 
|  34|0x00000000b2200000, 0x00000000b2200000, 0x00000000b2300000|  0%| F|  |TAMS 0x00000000b2200000, 0x00000000b2200000| Untracked 
|  35|0x00000000b2300000, 0x00000000b2300000, 0x00000000b2400000|  0%| F|  |TAMS 0x00000000b2300000, 0x00000000b2300000| Untracked 
|  36|0x00000000b2400000, 0x00000000b2400000, 0x00000000b2500000|  0%| F|  |TAMS 0x00000000b2400000, 0x00000000b2400000| Untracked 
|  37|0x00000000b2500000, 0x00000000b2500000, 0x00000000b2600000|  0%| F|  |TAMS 0x00000000b2500000, 0x00000000b2500000| Untracked 
|  38|0x00000000b2600000, 0x00000000b2600000, 0x00000000b2700000|  0%| F|  |TAMS 0x00000000b2600000, 0x00000000b2600000| Untracked 
|  39|0x00000000b2700000, 0x00000000b2700000, 0x00000000b2800000|  0%| F|  |TAMS 0x00000000b2700000, 0x00000000b2700000| Untracked 
|  40|0x00000000b2800000, 0x00000000b2800000, 0x00000000b2900000|  0%| F|  |TAMS 0x00000000b2800000, 0x00000000b2800000| Untracked 
|  41|0x00000000b2900000, 0x00000000b2900000, 0x00000000b2a00000|  0%| F|  |TAMS 0x00000000b2900000, 0x00000000b2900000| Untracked 
|  42|0x00000000b2a00000, 0x00000000b2a00000, 0x00000000b2b00000|  0%| F|  |TAMS 0x00000000b2a00000, 0x00000000b2a00000| Untracked 
|  43|0x00000000b2b00000, 0x00000000b2b00000, 0x00000000b2c00000|  0%| F|  |TAMS 0x00000000b2b00000, 0x00000000b2b00000| Untracked 
|  44|0x00000000b2c00000, 0x00000000b2c00000, 0x00000000b2d00000|  0%| F|  |TAMS 0x00000000b2c00000, 0x00000000b2c00000| Untracked 
|  45|0x00000000b2d00000, 0x00000000b2d00000, 0x00000000b2e00000|  0%| F|  |TAMS 0x00000000b2d00000, 0x00000000b2d00000| Untracked 
|  46|0x00000000b2e00000, 0x00000000b2e00000, 0x00000000b2f00000|  0%| F|  |TAMS 0x00000000b2e00000, 0x00000000b2e00000| Untracked 
|  47|0x00000000b2f00000, 0x00000000b2f00000, 0x00000000b3000000|  0%| F|  |TAMS 0x00000000b2f00000, 0x00000000b2f00000| Untracked 
|  48|0x00000000b3000000, 0x00000000b3000000, 0x00000000b3100000|  0%| F|  |TAMS 0x00000000b3000000, 0x00000000b3000000| Untracked 
|  49|0x00000000b3100000, 0x00000000b3100000, 0x00000000b3200000|  0%| F|  |TAMS 0x00000000b3100000, 0x00000000b3100000| Untracked 
|  50|0x00000000b3200000, 0x00000000b3200000, 0x00000000b3300000|  0%| F|  |TAMS 0x00000000b3200000, 0x00000000b3200000| Untracked 
|  51|0x00000000b3300000, 0x00000000b3300000, 0x00000000b3400000|  0%| F|  |TAMS 0x00000000b3300000, 0x00000000b3300000| Untracked 
|  52|0x00000000b3400000, 0x00000000b3400000, 0x00000000b3500000|  0%| F|  |TAMS 0x00000000b3400000, 0x00000000b3400000| Untracked 
|  53|0x00000000b3500000, 0x00000000b3500000, 0x00000000b3600000|  0%| F|  |TAMS 0x00000000b3500000, 0x00000000b3500000| Untracked 
|  54|0x00000000b3600000, 0x00000000b3600000, 0x00000000b3700000|  0%| F|  |TAMS 0x00000000b3600000, 0x00000000b3600000| Untracked 
|  55|0x00000000b3700000, 0x00000000b3700000, 0x00000000b3800000|  0%| F|  |TAMS 0x00000000b3700000, 0x00000000b3700000| Untracked 
|  56|0x00000000b3800000, 0x00000000b3800000, 0x00000000b3900000|  0%| F|  |TAMS 0x00000000b3800000, 0x00000000b3800000| Untracked 
|  57|0x00000000b3900000, 0x00000000b3900000, 0x00000000b3a00000|  0%| F|  |TAMS 0x00000000b3900000, 0x00000000b3900000| Untracked 
|  58|0x00000000b3a00000, 0x00000000b3a00000, 0x00000000b3b00000|  0%| F|  |TAMS 0x00000000b3a00000, 0x00000000b3a00000| Untracked 
|  59|0x00000000b3b00000, 0x00000000b3b00000, 0x00000000b3c00000|  0%| F|  |TAMS 0x00000000b3b00000, 0x00000000b3b00000| Untracked 
|  60|0x00000000b3c00000, 0x00000000b3c00000, 0x00000000b3d00000|  0%| F|  |TAMS 0x00000000b3c00000, 0x00000000b3c00000| Untracked 
|  61|0x00000000b3d00000, 0x00000000b3d00000, 0x00000000b3e00000|  0%| F|  |TAMS 0x00000000b3d00000, 0x00000000b3d00000| Untracked 
|  62|0x00000000b3e00000, 0x00000000b3e00000, 0x00000000b3f00000|  0%| F|  |TAMS 0x00000000b3e00000, 0x00000000b3e00000| Untracked 
|  63|0x00000000b3f00000, 0x00000000b3f00000, 0x00000000b4000000|  0%| F|  |TAMS 0x00000000b3f00000, 0x00000000b3f00000| Untracked 
|  64|0x00000000b4000000, 0x00000000b4000000, 0x00000000b4100000|  0%| F|  |TAMS 0x00000000b4000000, 0x00000000b4000000| Untracked 
|  65|0x00000000b4100000, 0x00000000b4100000, 0x00000000b4200000|  0%| F|  |TAMS 0x00000000b4100000, 0x00000000b4100000| Untracked 
|  66|0x00000000b4200000, 0x00000000b4200000, 0x00000000b4300000|  0%| F|  |TAMS 0x00000000b4200000, 0x00000000b4200000| Untracked 
|  67|0x00000000b4300000, 0x00000000b4300000, 0x00000000b4400000|  0%| F|  |TAMS 0x00000000b4300000, 0x00000000b4300000| Untracked 
|  68|0x00000000b4400000, 0x00000000b4400000, 0x00000000b4500000|  0%| F|  |TAMS 0x00000000b4400000, 0x00000000b4400000| Untracked 
|  69|0x00000000b4500000, 0x00000000b4500000, 0x00000000b4600000|  0%| F|  |TAMS 0x00000000b4500000, 0x00000000b4500000| Untracked 
|  70|0x00000000b4600000, 0x00000000b4600000, 0x00000000b4700000|  0%| F|  |TAMS 0x00000000b4600000, 0x00000000b4600000| Untracked 
|  71|0x00000000b4700000, 0x00000000b4700000, 0x00000000b4800000|  0%| F|  |TAMS 0x00000000b4700000, 0x00000000b4700000| Untracked 
|  72|0x00000000b4800000, 0x00000000b4800000, 0x00000000b4900000|  0%| F|  |TAMS 0x00000000b4800000, 0x00000000b4800000| Untracked 
|  73|0x00000000b4900000, 0x00000000b4900000, 0x00000000b4a00000|  0%| F|  |TAMS 0x00000000b4900000, 0x00000000b4900000| Untracked 
|  74|0x00000000b4a00000, 0x00000000b4a00000, 0x00000000b4b00000|  0%| F|  |TAMS 0x00000000b4a00000, 0x00000000b4a00000| Untracked 
|  75|0x00000000b4b00000, 0x00000000b4b00000, 0x00000000b4c00000|  0%| F|  |TAMS 0x00000000b4b00000, 0x00000000b4b00000| Untracked 
|  76|0x00000000b4c00000, 0x00000000b4c00000, 0x00000000b4d00000|  0%| F|  |TAMS 0x00000000b4c00000, 0x00000000b4c00000| Untracked 
|  77|0x00000000b4d00000, 0x00000000b4d00000, 0x00000000b4e00000|  0%| F|  |TAMS 0x00000000b4d00000, 0x00000000b4d00000| Untracked 
|  78|0x00000000b4e00000, 0x00000000b4ed7c48, 0x00000000b4f00000| 84%| E|  |TAMS 0x00000000b4e00000, 0x00000000b4e00000| Complete 
|  79|0x00000000b4f00000, 0x00000000b5000000, 0x00000000b5000000|100%| E|CS|TAMS 0x00000000b4f00000, 0x00000000b4f00000| Complete 
|1278|0x00000000ffe00000, 0x00000000ffe48000, 0x00000000fff00000| 28%|OA|  |TAMS 0x00000000ffe00000, 0x00000000ffe00000| Untracked 
|1279|0x00000000fff00000, 0x00000000fff72000, 0x0000000100000000| 44%|CA|  |TAMS 0x00000000fff00000, 0x00000000fff00000| Untracked 

Card table byte_map: [0x00007f6cdf8c5000,0x00007f6cdfb45000] _byte_map_base: 0x00007f6cdf345000

Marking Bits (Prev, Next): (CMBitMap*) 0x00007f6cf80586b8, (CMBitMap*) 0x00007f6cf80586f8
 Prev Bits: [0x00007f6cde245000, 0x00007f6cdf645000)
 Next Bits: [0x00007f6cdce45000, 0x00007f6cde245000)

Polling page: 0x00007f6cff40e000

Metaspace:

Usage:
  Non-class:      4,05 MB capacity,   822,05 KB ( 20%) used,     3,24 MB ( 80%) free+waste,     2,38 KB ( <1%) overhead. 
      Class:    406,00 KB capacity,    88,41 KB ( 22%) used,   316,21 KB ( 78%) free+waste,     1,38 KB ( <1%) overhead. 
       Both:      4,44 MB capacity,   910,46 KB ( 20%) used,     3,55 MB ( 80%) free+waste,     3,75 KB ( <1%) overhead. 

Virtual space:
  Non-class space:        8,00 MB reserved,       4,25 MB ( 53%) committed 
      Class space:        1,00 GB reserved,     512,00 KB ( <1%) committed 
             Both:        1,01 GB reserved,       4,75 MB ( <1%) committed 

Chunk freelists:
   Non-Class:  0 bytes
       Class:  0 bytes
        Both:  0 bytes

CodeHeap 'non-profiled nmethods': size=120032Kb used=58Kb max_used=58Kb free=119973Kb
 bounds [0x00007f6ce7d7c000, 0x00007f6ce7fec000, 0x00007f6cef2b4000]
CodeHeap 'profiled nmethods': size=120032Kb used=188Kb max_used=188Kb free=119844Kb
 bounds [0x00007f6ce0844000, 0x00007f6ce0ab4000, 0x00007f6ce7d7c000]
CodeHeap 'non-nmethods': size=5696Kb used=1130Kb max_used=1142Kb free=4565Kb
 bounds [0x00007f6ce02b4000, 0x00007f6ce0524000, 0x00007f6ce0844000]
 total_blobs=596 nmethods=174 adapters=272
 compilation: enabled
              stopped_count=0, restarted_count=0
 full_count=0

Compilation events (10 events):
Event: 1,303 Thread 0x00007f6cf80f3000 nmethod 167 0x00007f6ce0871d90 code [0x00007f6ce0871fa0, 0x00007f6ce0872568]
Event: 1,303 Thread 0x00007f6cf80f3000  141       3       java.util.concurrent.ConcurrentHashMap::casTabAt (21 bytes)
Event: 1,303 Thread 0x00007f6cf80f3000 nmethod 141 0x00007f6ce0872710 code [0x00007f6ce08728e0, 0x00007f6ce0872a90]
Event: 1,303 Thread 0x00007f6cf80f3000  169       3       java.lang.invoke.MemberName::testAllFlags (7 bytes)
Event: 1,303 Thread 0x00007f6cf80f1000  171       4       java.lang.String::isLatin1 (19 bytes)
Event: 1,304 Thread 0x00007f6cf80f1000 nmethod 171 0x00007f6ce7d89790 code [0x00007f6ce7d89940, 0x00007f6ce7d899d8]
Event: 1,304 Thread 0x00007f6cf80f3000 nmethod 169 0x00007f6ce0872b10 code [0x00007f6ce0872ce0, 0x00007f6ce0872f10]
Event: 1,304 Thread 0x00007f6cf80f3000  170       3       jdk.internal.org.objectweb.asm.Frame::execute (2305 bytes)
Event: 1,310 Thread 0x00007f6cf80f1000  183       4       java.lang.String::hashCode (49 bytes)
Event: 1,320 Thread 0x00007f6cf80f1000 nmethod 183 0x00007f6ce7d8a490 code [0x00007f6ce7d8a640, 0x00007f6ce7d8a878]

GC Heap History (0 events):
No events

Deoptimization events (0 events):
No events

Classes unloaded (0 events):
No events

Classes redefined (0 events):
No events

Internal exceptions (1 events):
Event: 1,309 Thread 0x00007f6cf8146000 Exception <a 'java/lang/NoSuchMethodError'{0x00000000b4e43df8}: java.lang.invoke.DirectMethodHandle$Holder.invokeSpecial(Ljava/lang/Object;Ljava/lang/Object;)V> (0x00000000b4e43df8) 
thrown [linkResolver.cpp, line 771]
for thread 0x00007f6cf8146000

Events (10 events):
Event: 1,291 Executing VM operation: RevokeBias
Event: 1,291 Executing VM operation: RevokeBias done
Event: 1,304 loading class java/lang/invoke/BoundMethodHandle$Species_LLLLLJL
Event: 1,304 loading class java/lang/invoke/BoundMethodHandle$Species_LLLLLJL done
Event: 1,306 Executing VM operation: RevokeBias
Event: 1,306 Executing VM operation: RevokeBias done
Event: 1,319 Thread 0x00007f6c9003b000 Thread added: 0x00007f6c9003b000
Event: 1,320 Executing VM operation: RevokeBias
Event: 1,320 Executing VM operation: RevokeBias done
Event: 1,320 Thread 0x00007f6cf8146000 Thread exited: 0x00007f6cf8146000


Dynamic libraries:
b0000000-b5000000 rw-p 00000000 00:00 0 
b5000000-ffe00000 ---p 00000000 00:00 0 
ffe00000-ffe48000 rw-p 00b69000 08:01 1186036                            /home/dmitry/Downloads/jdk/lib/server/classes.jsa
ffe48000-fff00000 rw-p 00000000 00:00 0 
fff00000-fff72000 rw-p 00af7000 08:01 1186036                            /home/dmitry/Downloads/jdk/lib/server/classes.jsa
fff72000-100000000 rw-p 00000000 00:00 0 
800000000-800003000 rwxp 00001000 08:01 1186036                          /home/dmitry/Downloads/jdk/lib/server/classes.jsa
800003000-8003df000 rw-p 00004000 08:01 1186036                          /home/dmitry/Downloads/jdk/lib/server/classes.jsa
8003df000-800af5000 r--p 003e0000 08:01 1186036                          /home/dmitry/Downloads/jdk/lib/server/classes.jsa
800af5000-800af6000 rw-p 00af6000 08:01 1186036                          /home/dmitry/Downloads/jdk/lib/server/classes.jsa
800af6000-800b76000 rw-p 00000000 00:00 0 
800b76000-840af6000 ---p 00000000 00:00 0 
55f09550c000-55f09550d000 r-xp 00000000 08:01 1057947                    /home/dmitry/Downloads/jdk/bin/java
55f09570d000-55f09570e000 r--p 00001000 08:01 1057947                    /home/dmitry/Downloads/jdk/bin/java
55f09570e000-55f09570f000 rw-p 00002000 08:01 1057947                    /home/dmitry/Downloads/jdk/bin/java
55f0972c4000-55f0972e5000 rw-p 00000000 00:00 0                          [heap]
7f6c84000000-7f6c84021000 rw-p 00000000 00:00 0 
7f6c84021000-7f6c88000000 ---p 00000000 00:00 0 
7f6c8c000000-7f6c8c021000 rw-p 00000000 00:00 0 
7f6c8c021000-7f6c90000000 ---p 00000000 00:00 0 
7f6c90000000-7f6c9003f000 rw-p 00000000 00:00 0 
7f6c9003f000-7f6c94000000 ---p 00000000 00:00 0 
7f6c97cfc000-7f6c97d00000 ---p 00000000 00:00 0 
7f6c97d00000-7f6c97dfd000 rw-p 00000000 00:00 0 
7f6c97dfd000-7f6c97dff000 r-xp 00000000 08:01 1057911                    /home/dmitry/Downloads/jdk/lib/libextnet.so
7f6c97dff000-7f6c97ffe000 ---p 00002000 08:01 1057911                    /home/dmitry/Downloads/jdk/lib/libextnet.so
7f6c97ffe000-7f6c97fff000 r--p 00001000 08:01 1057911                    /home/dmitry/Downloads/jdk/lib/libextnet.so
7f6c97fff000-7f6c98000000 rw-p 00002000 08:01 1057911                    /home/dmitry/Downloads/jdk/lib/libextnet.so
7f6c98000000-7f6c98021000 rw-p 00000000 00:00 0 
7f6c98021000-7f6c9c000000 ---p 00000000 00:00 0 
7f6c9c000000-7f6c9c021000 rw-p 00000000 00:00 0 
7f6c9c021000-7f6ca0000000 ---p 00000000 00:00 0 
7f6ca0000000-7f6ca0021000 rw-p 00000000 00:00 0 
7f6ca0021000-7f6ca4000000 ---p 00000000 00:00 0 
7f6ca4000000-7f6ca4021000 rw-p 00000000 00:00 0 
7f6ca4021000-7f6ca8000000 ---p 00000000 00:00 0 
7f6ca8000000-7f6ca8179000 rw-p 00000000 00:00 0 
7f6ca8179000-7f6cac000000 ---p 00000000 00:00 0 
7f6cac000000-7f6cac021000 rw-p 00000000 00:00 0 
7f6cac021000-7f6cb0000000 ---p 00000000 00:00 0 
7f6cb0000000-7f6cb0021000 rw-p 00000000 00:00 0 
7f6cb0021000-7f6cb4000000 ---p 00000000 00:00 0 
7f6cb4000000-7f6cb40e0000 rw-p 00000000 00:00 0 
7f6cb40e0000-7f6cb8000000 ---p 00000000 00:00 0 
7f6cb8000000-7f6cb8021000 rw-p 00000000 00:00 0 
7f6cb8021000-7f6cbc000000 ---p 00000000 00:00 0 
7f6cbc000000-7f6cbc021000 rw-p 00000000 00:00 0 
7f6cbc021000-7f6cc0000000 ---p 00000000 00:00 0 
7f6cc0000000-7f6cc0021000 rw-p 00000000 00:00 0 
7f6cc0021000-7f6cc4000000 ---p 00000000 00:00 0 
7f6cc4000000-7f6cc4021000 rw-p 00000000 00:00 0 
7f6cc4021000-7f6cc8000000 ---p 00000000 00:00 0 
7f6cc8000000-7f6cc8021000 rw-p 00000000 00:00 0 
7f6cc8021000-7f6ccc000000 ---p 00000000 00:00 0 
7f6ccc0fc000-7f6ccc100000 ---p 00000000 00:00 0 
7f6ccc100000-7f6ccc1fd000 rw-p 00000000 00:00 0 
7f6ccc1fd000-7f6ccc201000 ---p 00000000 00:00 0 
7f6ccc201000-7f6ccc2fe000 rw-p 00000000 00:00 0 
7f6ccc2fe000-7f6ccc302000 ---p 00000000 00:00 0 
7f6ccc302000-7f6ccc3ff000 rw-p 00000000 00:00 0 
7f6ccc3ff000-7f6ccc416000 r-xp 00000000 08:01 1057859                    /home/dmitry/Downloads/jdk/lib/libnet.so
7f6ccc416000-7f6ccc615000 ---p 00017000 08:01 1057859                    /home/dmitry/Downloads/jdk/lib/libnet.so
7f6ccc615000-7f6ccc616000 r--p 00016000 08:01 1057859                    /home/dmitry/Downloads/jdk/lib/libnet.so
7f6ccc616000-7f6ccc617000 rw-p 00017000 08:01 1057859                    /home/dmitry/Downloads/jdk/lib/libnet.so
7f6ccc617000-7f6ccc628000 r-xp 00000000 08:01 1057913                    /home/dmitry/Downloads/jdk/lib/libnio.so
7f6ccc628000-7f6ccc828000 ---p 00011000 08:01 1057913                    /home/dmitry/Downloads/jdk/lib/libnio.so
7f6ccc828000-7f6ccc829000 r--p 00011000 08:01 1057913                    /home/dmitry/Downloads/jdk/lib/libnio.so
7f6ccc829000-7f6ccc82a000 rw-p 00012000 08:01 1057913                    /home/dmitry/Downloads/jdk/lib/libnio.so
7f6ccc82a000-7f6ccc82e000 ---p 00000000 00:00 0 
7f6ccc82e000-7f6ccc92b000 rw-p 00000000 00:00 0 
7f6ccc92b000-7f6ccc92c000 ---p 00000000 00:00 0 
7f6ccc92c000-7f6ccca2d000 rw-p 00000000 00:00 0 
7f6ccca2d000-7f6ccca31000 ---p 00000000 00:00 0 
7f6ccca31000-7f6cccb2e000 rw-p 00000000 00:00 0 
7f6cccb2e000-7f6cccb32000 ---p 00000000 00:00 0 
7f6cccb32000-7f6cccc2f000 rw-p 00000000 00:00 0 
7f6cccc2f000-7f6cccc33000 ---p 00000000 00:00 0 
7f6cccc33000-7f6cccd30000 rw-p 00000000 00:00 0 
7f6cccd30000-7f6cccd34000 ---p 00000000 00:00 0 
7f6cccd34000-7f6ccce31000 rw-p 00000000 00:00 0 
7f6ccce31000-7f6ccd800000 r--p 00000000 08:01 10230401                   /usr/lib/locale/locale-archive
7f6ccd800000-7f6ccdc40000 rw-p 00000000 00:00 0 
7f6ccdc40000-7f6cce000000 ---p 00000000 00:00 0 
7f6cce000000-7f6cd0000000 rw-p 00000000 00:00 0 
7f6cd0000000-7f6cd0021000 rw-p 00000000 00:00 0 
7f6cd0021000-7f6cd4000000 ---p 00000000 00:00 0 
7f6cd4000000-7f6cd4021000 rw-p 00000000 00:00 0 
7f6cd4021000-7f6cd8000000 ---p 00000000 00:00 0 
7f6cd8000000-7f6cd8021000 rw-p 00000000 00:00 0 
7f6cd8021000-7f6cdc000000 ---p 00000000 00:00 0 
7f6cdc0b1000-7f6cdc0b5000 ---p 00000000 00:00 0 
7f6cdc0b5000-7f6cdc1b2000 rw-p 00000000 00:00 0 
7f6cdc1b2000-7f6cdc1b6000 ---p 00000000 00:00 0 
7f6cdc1b6000-7f6cdc2b3000 rw-p 00000000 00:00 0 
7f6cdc2b3000-7f6cdc2b7000 ---p 00000000 00:00 0 
7f6cdc2b7000-7f6cdc3b4000 rw-p 00000000 00:00 0 
7f6cdc3b4000-7f6cdc3b5000 ---p 00000000 00:00 0 
7f6cdc3b5000-7f6cdc537000 rw-p 00000000 00:00 0 
7f6cdc537000-7f6cdc538000 ---p 00000000 00:00 0 
7f6cdc538000-7f6cdc639000 rw-p 00000000 00:00 0 
7f6cdc639000-7f6cdc63a000 ---p 00000000 00:00 0 
7f6cdc63a000-7f6cdcb3f000 rw-p 00000000 00:00 0 
7f6cdcb3f000-7f6cdcb40000 ---p 00000000 00:00 0 
7f6cdcb40000-7f6cdcc41000 rw-p 00000000 00:00 0 
7f6cdcc41000-7f6cdcc42000 ---p 00000000 00:00 0 
7f6cdcc42000-7f6cdcd43000 rw-p 00000000 00:00 0 
7f6cdcd43000-7f6cdcd44000 ---p 00000000 00:00 0 
7f6cdcd44000-7f6cdcf85000 rw-p 00000000 00:00 0 
7f6cdcf85000-7f6cde23d000 ---p 00000000 00:00 0 
7f6cde23d000-7f6cde385000 rw-p 00000000 00:00 0 
7f6cde385000-7f6cdf63d000 ---p 00000000 00:00 0 
7f6cdf63d000-7f6cdf66d000 rw-p 00000000 00:00 0 
7f6cdf66d000-7f6cdf8c4000 ---p 00000000 00:00 0 
7f6cdf8c4000-7f6cdf8ed000 rw-p 00000000 00:00 0 
7f6cdf8ed000-7f6cdfb44000 ---p 00000000 00:00 0 
7f6cdfb44000-7f6cdfb6d000 rw-p 00000000 00:00 0 
7f6cdfb6d000-7f6cdfdc4000 ---p 00000000 00:00 0 
7f6cdfdc4000-7f6ce01ce000 rw-p 00000000 00:00 0 
7f6ce01ce000-7f6ce02b4000 ---p 00000000 00:00 0 
7f6ce02b4000-7f6ce0524000 rwxp 00000000 00:00 0 
7f6ce0524000-7f6ce0844000 ---p 00000000 00:00 0 
7f6ce0844000-7f6ce0ab4000 rwxp 00000000 00:00 0 
7f6ce0ab4000-7f6ce7d7c000 ---p 00000000 00:00 0 
7f6ce7d7c000-7f6ce7fec000 rwxp 00000000 00:00 0 
7f6ce7fec000-7f6cef2b4000 ---p 00000000 00:00 0 
7f6cef2b4000-7f6cf79c9000 r--s 00000000 08:01 1057863                    /home/dmitry/Downloads/jdk/lib/modules
7f6cf79c9000-7f6cf79e4000 r-xp 00000000 08:01 1057857                    /home/dmitry/Downloads/jdk/lib/libjimage.so
7f6cf79e4000-7f6cf7be3000 ---p 0001b000 08:01 1057857                    /home/dmitry/Downloads/jdk/lib/libjimage.so
7f6cf7be3000-7f6cf7be5000 r--p 0001a000 08:01 1057857                    /home/dmitry/Downloads/jdk/lib/libjimage.so
7f6cf7be5000-7f6cf7be6000 rw-p 0001c000 08:01 1057857                    /home/dmitry/Downloads/jdk/lib/libjimage.so
7f6cf7be6000-7f6cf7bed000 r-xp 00000000 08:01 1057903                    /home/dmitry/Downloads/jdk/lib/libzip.so
7f6cf7bed000-7f6cf7dec000 ---p 00007000 08:01 1057903                    /home/dmitry/Downloads/jdk/lib/libzip.so
7f6cf7dec000-7f6cf7ded000 r--p 00006000 08:01 1057903                    /home/dmitry/Downloads/jdk/lib/libzip.so
7f6cf7ded000-7f6cf7dee000 rw-p 00007000 08:01 1057903                    /home/dmitry/Downloads/jdk/lib/libzip.so
7f6cf7dee000-7f6cf7df9000 r-xp 00000000 08:01 1184572                    /lib/x86_64-linux-gnu/libnss_files-2.27.so
7f6cf7df9000-7f6cf7ff8000 ---p 0000b000 08:01 1184572                    /lib/x86_64-linux-gnu/libnss_files-2.27.so
7f6cf7ff8000-7f6cf7ff9000 r--p 0000a000 08:01 1184572                    /lib/x86_64-linux-gnu/libnss_files-2.27.so
7f6cf7ff9000-7f6cf7ffa000 rw-p 0000b000 08:01 1184572                    /lib/x86_64-linux-gnu/libnss_files-2.27.so
7f6cf7ffa000-7f6cf8000000 rw-p 00000000 00:00 0 
7f6cf8000000-7f6cf814a000 rw-p 00000000 00:00 0 
7f6cf814a000-7f6cfc000000 ---p 00000000 00:00 0 
7f6cfc027000-7f6cfc0b8000 rw-p 00000000 00:00 0 
7f6cfc0b8000-7f6cfc19e000 ---p 00000000 00:00 0 
7f6cfc19e000-7f6cfc1b5000 r-xp 00000000 08:01 1184566                    /lib/x86_64-linux-gnu/libnsl-2.27.so
7f6cfc1b5000-7f6cfc3b4000 ---p 00017000 08:01 1184566                    /lib/x86_64-linux-gnu/libnsl-2.27.so
7f6cfc3b4000-7f6cfc3b5000 r--p 00016000 08:01 1184566                    /lib/x86_64-linux-gnu/libnsl-2.27.so
7f6cfc3b5000-7f6cfc3b6000 rw-p 00017000 08:01 1184566                    /lib/x86_64-linux-gnu/libnsl-2.27.so
7f6cfc3b6000-7f6cfc3b8000 rw-p 00000000 00:00 0 
7f6cfc3b8000-7f6cfc3c3000 r-xp 00000000 08:01 1184583                    /lib/x86_64-linux-gnu/libnss_nis-2.27.so
7f6cfc3c3000-7f6cfc5c2000 ---p 0000b000 08:01 1184583                    /lib/x86_64-linux-gnu/libnss_nis-2.27.so
7f6cfc5c2000-7f6cfc5c3000 r--p 0000a000 08:01 1184583                    /lib/x86_64-linux-gnu/libnss_nis-2.27.so
7f6cfc5c3000-7f6cfc5c4000 rw-p 0000b000 08:01 1184583                    /lib/x86_64-linux-gnu/libnss_nis-2.27.so
7f6cfc5c4000-7f6cfc5cc000 r-xp 00000000 08:01 1184568                    /lib/x86_64-linux-gnu/libnss_compat-2.27.so
7f6cfc5cc000-7f6cfc7cc000 ---p 00008000 08:01 1184568                    /lib/x86_64-linux-gnu/libnss_compat-2.27.so
7f6cfc7cc000-7f6cfc7cd000 r--p 00008000 08:01 1184568                    /lib/x86_64-linux-gnu/libnss_compat-2.27.so
7f6cfc7cd000-7f6cfc7ce000 rw-p 00009000 08:01 1184568                    /lib/x86_64-linux-gnu/libnss_compat-2.27.so
7f6cfc7ce000-7f6cfc7f7000 r-xp 00000000 08:01 1057860                    /home/dmitry/Downloads/jdk/lib/libjava.so
7f6cfc7f7000-7f6cfc9f6000 ---p 00029000 08:01 1057860                    /home/dmitry/Downloads/jdk/lib/libjava.so
7f6cfc9f6000-7f6cfc9f7000 r--p 00028000 08:01 1057860                    /home/dmitry/Downloads/jdk/lib/libjava.so
7f6cfc9f7000-7f6cfc9f9000 rw-p 00029000 08:01 1057860                    /home/dmitry/Downloads/jdk/lib/libjava.so
7f6cfc9f9000-7f6cfca06000 r-xp 00000000 08:01 1057920                    /home/dmitry/Downloads/jdk/lib/libverify.so
7f6cfca06000-7f6cfcc05000 ---p 0000d000 08:01 1057920                    /home/dmitry/Downloads/jdk/lib/libverify.so
7f6cfcc05000-7f6cfcc07000 r--p 0000c000 08:01 1057920                    /home/dmitry/Downloads/jdk/lib/libverify.so
7f6cfcc07000-7f6cfcc08000 rw-p 0000e000 08:01 1057920                    /home/dmitry/Downloads/jdk/lib/libverify.so
7f6cfcc08000-7f6cfcda5000 r-xp 00000000 08:01 1184545                    /lib/x86_64-linux-gnu/libm-2.27.so
7f6cfcda5000-7f6cfcfa4000 ---p 0019d000 08:01 1184545                    /lib/x86_64-linux-gnu/libm-2.27.so
7f6cfcfa4000-7f6cfcfa5000 r--p 0019c000 08:01 1184545                    /lib/x86_64-linux-gnu/libm-2.27.so
7f6cfcfa5000-7f6cfcfa6000 rw-p 0019d000 08:01 1184545                    /lib/x86_64-linux-gnu/libm-2.27.so
7f6cfcfa6000-7f6cfe225000 r-xp 00000000 08:01 1186031                    /home/dmitry/Downloads/jdk/lib/server/libjvm.so
7f6cfe225000-7f6cfe424000 ---p 0127f000 08:01 1186031                    /home/dmitry/Downloads/jdk/lib/server/libjvm.so
7f6cfe424000-7f6cfe4eb000 r--p 0127e000 08:01 1186031                    /home/dmitry/Downloads/jdk/lib/server/libjvm.so
7f6cfe4eb000-7f6cfe526000 rw-p 01345000 08:01 1186031                    /home/dmitry/Downloads/jdk/lib/server/libjvm.so
7f6cfe526000-7f6cfe5a9000 rw-p 00000000 00:00 0 
7f6cfe5a9000-7f6cfe790000 r-xp 00000000 08:01 1184482                    /lib/x86_64-linux-gnu/libc-2.27.so
7f6cfe790000-7f6cfe990000 ---p 001e7000 08:01 1184482                    /lib/x86_64-linux-gnu/libc-2.27.so
7f6cfe990000-7f6cfe994000 r--p 001e7000 08:01 1184482                    /lib/x86_64-linux-gnu/libc-2.27.so
7f6cfe994000-7f6cfe996000 rw-p 001eb000 08:01 1184482                    /lib/x86_64-linux-gnu/libc-2.27.so
7f6cfe996000-7f6cfe99a000 rw-p 00000000 00:00 0 
7f6cfe99a000-7f6cfe99d000 r-xp 00000000 08:01 1184505                    /lib/x86_64-linux-gnu/libdl-2.27.so
7f6cfe99d000-7f6cfeb9c000 ---p 00003000 08:01 1184505                    /lib/x86_64-linux-gnu/libdl-2.27.so
7f6cfeb9c000-7f6cfeb9d000 r--p 00002000 08:01 1184505                    /lib/x86_64-linux-gnu/libdl-2.27.so
7f6cfeb9d000-7f6cfeb9e000 rw-p 00003000 08:01 1184505                    /lib/x86_64-linux-gnu/libdl-2.27.so
7f6cfeb9e000-7f6cfebb8000 r-xp 00000000 08:01 1184615                    /lib/x86_64-linux-gnu/libpthread-2.27.so
7f6cfebb8000-7f6cfedb7000 ---p 0001a000 08:01 1184615                    /lib/x86_64-linux-gnu/libpthread-2.27.so
7f6cfedb7000-7f6cfedb8000 r--p 00019000 08:01 1184615                    /lib/x86_64-linux-gnu/libpthread-2.27.so
7f6cfedb8000-7f6cfedb9000 rw-p 0001a000 08:01 1184615                    /lib/x86_64-linux-gnu/libpthread-2.27.so
7f6cfedb9000-7f6cfedbd000 rw-p 00000000 00:00 0 
7f6cfedbd000-7f6cfedcc000 r-xp 00000000 08:01 1057861                    /home/dmitry/Downloads/jdk/lib/libjli.so
7f6cfedcc000-7f6cfefcb000 ---p 0000f000 08:01 1057861                    /home/dmitry/Downloads/jdk/lib/libjli.so
7f6cfefcb000-7f6cfefcc000 r--p 0000e000 08:01 1057861                    /home/dmitry/Downloads/jdk/lib/libjli.so
7f6cfefcc000-7f6cfefcd000 rw-p 0000f000 08:01 1057861                    /home/dmitry/Downloads/jdk/lib/libjli.so
7f6cfefcd000-7f6cfefe9000 r-xp 00000000 08:01 1184654                    /lib/x86_64-linux-gnu/libz.so.1.2.11
7f6cfefe9000-7f6cff1e8000 ---p 0001c000 08:01 1184654                    /lib/x86_64-linux-gnu/libz.so.1.2.11
7f6cff1e8000-7f6cff1e9000 r--p 0001b000 08:01 1184654                    /lib/x86_64-linux-gnu/libz.so.1.2.11
7f6cff1e9000-7f6cff1ea000 rw-p 0001c000 08:01 1184654                    /lib/x86_64-linux-gnu/libz.so.1.2.11
7f6cff1ea000-7f6cff211000 r-xp 00000000 08:01 1184454                    /lib/x86_64-linux-gnu/ld-2.27.so
7f6cff23e000-7f6cff2f1000 rw-p 00000000 00:00 0 
7f6cff2f1000-7f6cff2f8000 ---p 00000000 00:00 0 
7f6cff2f8000-7f6cff2fc000 ---p 00000000 00:00 0 
7f6cff2fc000-7f6cff3fd000 rw-p 00000000 00:00 0 
7f6cff406000-7f6cff40e000 rw-s 00000000 08:01 524312                     /tmp/hsperfdata_dmitry/4791
7f6cff40e000-7f6cff40f000 ---p 00000000 00:00 0 
7f6cff40f000-7f6cff410000 r--p 00000000 00:00 0 
7f6cff410000-7f6cff411000 ---p 00000000 00:00 0 
7f6cff411000-7f6cff412000 r--p 00027000 08:01 1184454                    /lib/x86_64-linux-gnu/ld-2.27.so
7f6cff412000-7f6cff413000 rw-p 00028000 08:01 1184454                    /lib/x86_64-linux-gnu/ld-2.27.so
7f6cff413000-7f6cff414000 rw-p 00000000 00:00 0 
7ffdef8b5000-7ffdef8d6000 rw-p 00000000 00:00 0                          [stack]
7ffdef9b0000-7ffdef9b3000 r--p 00000000 00:00 0                          [vvar]
7ffdef9b3000-7ffdef9b5000 r-xp 00000000 00:00 0                          [vdso]
ffffffffff600000-ffffffffff601000 r-xp 00000000 00:00 0                  [vsyscall]


VM Arguments:
jvm_args: -Didea.launcher.port=5961 -Didea.launcher.bin.path=/home/dmitry/Downloads/idea-IC-183.5912.21/bin -Dfile.encoding=UTF-8 
java_command: com.intellij.rt.execution.application.AppMainV2 Main
java_class_path (initial): /home/dmitry/Downloads/LoadDetector/target/classes:/home/dmitry/Downloads/idea-IC-183.5912.21/lib/idea_rt.jar
Launcher Type: SUN_STANDARD

[Global flags]
     intx CICompilerCount                          = 3                                         {product} {ergonomic}
     uint ConcGCThreads                            = 1                                         {product} {ergonomic}
     uint G1ConcRefinementThreads                  = 4                                         {product} {ergonomic}
   size_t G1HeapRegionSize                         = 1048576                                   {product} {ergonomic}
    uintx GCDrainStackTargetSize                   = 64                                        {product} {ergonomic}
   size_t InitialHeapSize                          = 83886080                                  {product} {ergonomic}
   size_t MarkStackSize                            = 4194304                                   {product} {ergonomic}
   size_t MaxHeapSize                              = 1342177280                                {product} {ergonomic}
   size_t MaxNewSize                               = 805306368                                 {product} {ergonomic}
   size_t MinHeapDeltaBytes                        = 1048576                                   {product} {ergonomic}
    uintx NonNMethodCodeHeapSize                   = 5830732                                {pd product} {ergonomic}
    uintx NonProfiledCodeHeapSize                  = 122913754                              {pd product} {ergonomic}
    uintx ProfiledCodeHeapSize                     = 122913754                              {pd product} {ergonomic}
    uintx ReservedCodeCacheSize                    = 251658240                              {pd product} {ergonomic}
     bool SegmentedCodeCache                       = true                                      {product} {ergonomic}
     bool UseCompressedClassPointers               = true                                 {lp64_product} {ergonomic}
     bool UseCompressedOops                        = true                                 {lp64_product} {ergonomic}
     bool UseG1GC                                  = true                                      {product} {ergonomic}

Logging:
Log output configuration:
 #0: stdout all=warning uptime,level,tags
 #1: stderr all=off uptime,level,tags

Environment Variables:
JAVA_HOME=/home/dmitry/usr/local/java/jdk1.8.0
PATH=/bin:/bin:/usr/local/sbin:/usr/local/bin:/usr/sbin:/usr/bin:/sbin:/bin:/usr/games:/usr/local/games:/snap/bin
USERNAME=dmitry
SHELL=/bin/bash
DISPLAY=:0

Signal Handlers:
SIGSEGV: [libjvm.so+0xf3a810], sa_mask[0]=11111111011111111101111111111110, sa_flags=SA_RESTART|SA_SIGINFO
SIGBUS: [libjvm.so+0xf3a810], sa_mask[0]=11111111011111111101111111111110, sa_flags=SA_RESTART|SA_SIGINFO
SIGFPE: [libjvm.so+0xf3a810], sa_mask[0]=11111111011111111101111111111110, sa_flags=SA_RESTART|SA_SIGINFO
SIGPIPE: [libjvm.so+0xc01980], sa_mask[0]=11111111011111111101111111111110, sa_flags=SA_RESTART|SA_SIGINFO
SIGXFSZ: [libjvm.so+0xc01980], sa_mask[0]=11111111011111111101111111111110, sa_flags=SA_RESTART|SA_SIGINFO
SIGILL: [libjvm.so+0xf3a810], sa_mask[0]=11111111011111111101111111111110, sa_flags=SA_RESTART|SA_SIGINFO
SIGUSR2: [libjvm.so+0xc01820], sa_mask[0]=00100000000000000000000000000000, sa_flags=SA_RESTART|SA_SIGINFO
SIGHUP: [libjvm.so+0xc01b80], sa_mask[0]=11111111011111111101111111111110, sa_flags=SA_RESTART|SA_SIGINFO
SIGINT: [libjvm.so+0xc01b80], sa_mask[0]=11111111011111111101111111111110, sa_flags=SA_RESTART|SA_SIGINFO
SIGTERM: [libjvm.so+0xc01b80], sa_mask[0]=11111111011111111101111111111110, sa_flags=SA_RESTART|SA_SIGINFO
SIGQUIT: [libjvm.so+0xc01b80], sa_mask[0]=11111111011111111101111111111110, sa_flags=SA_RESTART|SA_SIGINFO


---------------  S Y S T E M  ---------------

OS:DISTRIB_ID=Ubuntu
DISTRIB_RELEASE=18.04
DISTRIB_CODENAME=bionic
DISTRIB_DESCRIPTION="Ubuntu 18.04.2 LTS"
uname:Linux 4.18.0-18-generic #19~18.04.1-Ubuntu SMP Fri Apr 5 10:22:13 UTC 2019 x86_64
libc:glibc 2.27 NPTL 2.27 
rlimit: STACK 8192k, CORE 0k, NPROC 20276, NOFILE 4096, AS infinity, DATA infinity, FSIZE infinity
load average:1,89 1,23 0,97

/proc/meminfo:
MemTotal:        5234984 kB
MemFree:          233688 kB
MemAvailable:    2137672 kB
Buffers:          398892 kB
Cached:          1743372 kB
SwapCached:            0 kB
Active:          3343312 kB
Inactive:        1229088 kB
Active(anon):    2410184 kB
Inactive(anon):   235968 kB
Active(file):     933128 kB
Inactive(file):   993120 kB
Unevictable:          32 kB
Mlocked:              32 kB
SwapTotal:       2097148 kB
SwapFree:        2097148 kB
Dirty:              7652 kB
Writeback:             0 kB
AnonPages:       2430172 kB
Mapped:           580476 kB
Shmem:            216016 kB
Slab:             312052 kB
SReclaimable:     268608 kB
SUnreclaim:        43444 kB
KernelStack:       12800 kB
PageTables:        41812 kB
NFS_Unstable:          0 kB
Bounce:                0 kB
WritebackTmp:          0 kB
CommitLimit:     4714640 kB
Committed_AS:    6493724 kB
VmallocTotal:   34359738367 kB
VmallocUsed:           0 kB
VmallocChunk:          0 kB
HardwareCorrupted:     0 kB
AnonHugePages:         0 kB
ShmemHugePages:        0 kB
ShmemPmdMapped:        0 kB
CmaTotal:              0 kB
CmaFree:               0 kB
HugePages_Total:       0
HugePages_Free:        0
HugePages_Rsvd:        0
HugePages_Surp:        0
Hugepagesize:       2048 kB
Hugetlb:               0 kB
DirectMap4k:      157632 kB
DirectMap2M:     5253120 kB


/proc/sys/kernel/threads-max (system-wide limit on the number of threads):
40552


/proc/sys/vm/max_map_count (maximum number of memory map areas a process may have):
65530


/proc/sys/kernel/pid_max (system-wide limit on number of process identifiers):
32768



container (cgroup) information:
container_type: cgroupv1
cpu_cpuset_cpus: 0-3
cpu_memory_nodes: 0
active_processor_count: 4
cpu_quota: -1
cpu_period: 100000
cpu_shares: -1
memory_limit_in_bytes: -1
memory_and_swap_limit_in_bytes: -2
memory_soft_limit_in_bytes: -1
memory_usage_in_bytes: 4682039296
memory_max_usage_in_bytes: 0


CPU:total 4 (initial active 4) (4 cores per cpu, 1 threads per core) family 6 model 60 stepping 3, cmov, cx8, fxsr, mmx, sse, sse2, sse3, ssse3, sse4.1, sse4.2, popcnt, avx, avx2, aes, clmul, lzcnt, tsc, tscinvbit
CPU Model and flags from /proc/cpuinfo:
model name	: Intel(R) Core(TM) i7-4700HQ CPU @ 2.40GHz
flags		: fpu vme de pse tsc msr pae mce cx8 apic sep mtrr pge mca cmov pat pse36 clflush mmx fxsr sse sse2 ht syscall nx rdtscp lm constant_tsc rep_good nopl xtopology nonstop_tsc cpuid tsc_known_freq pni pclmulqdq ssse3 cx16 pcid sse4_1 sse4_2 x2apic movbe popcnt aes xsave avx rdrand hypervisor lahf_lm abm invpcid_single pti fsgsbase avx2 invpcid flush_l1d

Memory: 4k page, physical 5234984k(233688k free), swap 2097148k(2097148k free)

vm_info: OpenJDK 64-Bit Server VM (13-testing+0-builds.shipilev.net-openjdk-loom-b47-20190308-jdk-139) for linux-amd64 JRE (13-testing+0-builds.shipilev.net-openjdk-loom-b47-20190308-jdk-139), built on Mar  8 2019 00:39:30 by "buildbot" with gcc 6.3.0 20170516

END.
