#
# A fatal error has been detected by the Java Runtime Environment:
#
#  Internal Error (/home/dmitry/Downloads/LOOM/loom/src/hotspot/share/runtime/continuation.cpp:2181), pid=4855, tid=4868
#  assert((*(vfp + frame::interpreter_frame_last_sp_offset) != 0) || (f.unextended_sp() == f.sp())) failed: *(vfp + frame::interpreter_frame_last_sp_offset): (nil) f.unextended_sp(): 0x7f8fc7af8260 f.sp(): 0x7f8fc7af8258
#
# JRE version: OpenJDK Runtime Environment (13.0) (slowdebug build 13-internal+0-adhoc.dmitry.loom)
# Java VM: OpenJDK 64-Bit Server VM (slowdebug 13-internal+0-adhoc.dmitry.loom, mixed mode, tiered, compressed oops, g1 gc, linux-amd64)
# Problematic frame:
# V  [libjvm.so+0x8cb344]  FreezeContinuation<FreezeConfig<true, true, false> >::freeze_interpreted_stackframe(frame&, hframe&, int, int, int, int)+0x22c
#
# Core dump will be written. Default location: Core dumps may be processed with "/usr/share/apport/apport %p %s %c %d %P" (or dumping to /home/dmitry/Downloads/LoadDetector/core.4855)
#
# If you would like to submit a bug report, please visit:
#   http://bugreport.java.com/bugreport/crash.jsp
#

---------------  S U M M A R Y ------------

Command Line: -agentlib:jdwp=transport=dt_socket,address=127.0.0.1:24281,suspend=y,server=n -Dfile.encoding=UTF-8 Main

Host: dmitry-VirtualBox, Intel(R) Core(TM) i7-4700HQ CPU @ 2.40GHz, 4 cores, 4G, Ubuntu 18.04.2 LTS
Time: Sat Jun  8 17:43:33 2019 MSK elapsed time: 17 seconds (0d 0h 0m 17s)

---------------  T H R E A D  ---------------

Current thread (0x00007f901025c000):  VMThread "VM Thread" [stack: 0x00007f8ffc0fb000,0x00007f8ffc1fb000] [id=4868] _threads_hazard_ptr=0x00007f9010544f10, _nested_threads_hazard_ptr_cnt=0

Stack: [0x00007f8ffc0fb000,0x00007f8ffc1fb000],  sp=0x00007f8ffc1f6b60,  free space=1006k
Native frames: (J=compiled Java code, A=aot compiled Java code, j=interpreted, Vv=VM code, C=native code)
V  [libjvm.so+0x8cb344]  FreezeContinuation<FreezeConfig<true, true, false> >::freeze_interpreted_stackframe(frame&, hframe&, int, int, int, int)+0x22c
V  [libjvm.so+0x8c6a90]  FreezeContinuation<FreezeConfig<true, true, false> >::freeze(frame&, long**, hframe&, int, int)+0x312
V  [libjvm.so+0x8c1d93]  FreezeContinuation<FreezeConfig<true, true, false> >::freeze(frame)+0x9b
V  [libjvm.so+0x8c0bca]  FreezeConfig<true, true, false>::freeze(JavaThread*, ContMirror&, RegisterMap&, frame&)+0x8e
V  [libjvm.so+0x8afdda]  freeze_continuation(JavaThread*, oopDesc*, frame&, RegisterMap&, bool)+0x345
V  [libjvm.so+0x8b06e1]  Continuation::freeze0(JavaThread*, FrameInfo*, bool)+0x7c5
V  [libjvm.so+0x8b1100]  Continuation::try_force_yield(JavaThread*, oopDesc*)+0x136
V  [libjvm.so+0x8b8241]  CONT_TryForceYield0::ForceYieldClosure::do_thread(Thread*)+0x93
V  [libjvm.so+0xb2cd12]  HandshakeThreadsOperation::do_handshake(JavaThread*)+0x106
V  [libjvm.so+0xb2d370]  HandshakeState::process_by_vmthread(JavaThread*)+0x124
V  [libjvm.so+0xb2d62e]  JavaThread::handshake_process_by_vmthread()+0x26
V  [libjvm.so+0xb2dc94]  VM_HandshakeOneThread::doit()+0x148
V  [libjvm.so+0x13ade08]  VM_Operation::evaluate()+0xde
V  [libjvm.so+0x13e6806]  VMThread::evaluate_operation(VM_Operation*)+0x62
V  [libjvm.so+0x13e715a]  VMThread::loop()+0x7c4
V  [libjvm.so+0x13e634c]  VMThread::run()+0xee
V  [libjvm.so+0x1321921]  Thread::call_run()+0x195
V  [libjvm.so+0x1076634]  thread_native_entry(Thread*)+0x1e4

Register to memory mapping:

RAX=0x00007f901797b000 points into unknown readable memory: 58 00 00 00 00 00 00 00
RBX=0x00007f8fc7af8260 is pointing into the stack for thread: 0x00007f9010540000
RCX=0x00007f8ffc1f6d80 points into unknown readable memory: 00 00 54 10 90 7f 00 00
RDX=0x00007f9000160401 is at code_begin+18849 in an Interpreter codelet
invoke return entry points  [0x00007f900015ba60, 0x00007f9000160d00]  21152 bytes
RSP=0x00007f8ffc1f6b60 points into unknown readable memory: e0 6b 1f fc 8f 7f 00 00
RBP=0x00007f8ffc1f6c10 points into unknown readable memory: 90 6c 1f fc 8f 7f 00 00
RSI=0x00007f8ffc1f6bc0 points into unknown readable memory: 00 00 00 00 00 00 00 00
RDI=0x00007f8ffc1f6d10 points into unknown readable memory: 58 82 af c7 8f 7f 00 00
R8 =0x00007f900017a805 is at code_begin+5221 in an Interpreter codelet
method entry point (kind = native)  [0x00007f90001793a0, 0x00007f900017c1a0]  11776 bytes
R9 =0x0 is NULL
R10=
[error occurred during error reporting (printing register info), id 0xb, SIGSEGV (0xb) at pc=0x00007f9014f25b22]

Registers:
RAX=0x00007f901797b000, RBX=0x00007f8fc7af8260, RCX=0x00007f8ffc1f6d80, RDX=0x00007f9000160401
RSP=0x00007f8ffc1f6b60, RBP=0x00007f8ffc1f6c10, RSI=0x00007f8ffc1f6bc0, RDI=0x00007f8ffc1f6d10
R8 =0x00007f900017a805, R9 =0x0000000000000000, R10=0x00000000fffffffa, R11=0x00007f90160265d1
R12=0x00007f900017a805, R13=0x0000000000000000, R14=0x00007f901025c000, R15=0x00007f9017964a10
RIP=0x00007f90150e9344, EFLAGS=0x0000000000010202, CSGSFS=0x002b000000000033, ERR=0x0000000000000006
  TRAPNO=0x000000000000000e

Top of Stack: (sp=0x00007f8ffc1f6b60)
0x00007f8ffc1f6b60:   00007f8ffc1f6be0 00000001fc1f6d80
0x00007f8ffc1f6b70:   0000000000000078 00007f8ffc1f6cc0
0x00007f8ffc1f6b80:   00007f8ffc1f6d10 00007f8ffc1f6d80
0x00007f8ffc1f6b90:   0000007800000000 00007f8fc7af8270 

Instructions: (pc=0x00007f90150e9344)
0x00007f90150e9244:   92 00 00 48 89 45 a0 48 8b 55 90 48 8b 45 88 48
0x00007f90150e9254:   29 c2 48 89 d0 48 89 c2 48 8b 45 a0 48 01 d0 48
0x00007f90150e9264:   89 45 a8 48 8b 85 78 ff ff ff 48 8b 58 08 48 8b
0x00007f90150e9274:   85 70 ff ff ff 48 89 c7 e8 9d 5f a5 ff 49 89 c4
0x00007f90150e9284:   48 8b 85 70 ff ff ff 48 89 c7 e8 db 5f a5 ff 48
0x00007f90150e9294:   89 c2 48 8b 45 88 48 29 c2 48 89 d0 48 89 c2 48
0x00007f90150e92a4:   8b 45 a0 48 8d 0c 02 48 8d 45 b0 48 8b 55 a0 6a
0x00007f90150e92b4:   01 6a 00 4d 89 e1 49 89 c8 b9 00 00 00 00 48 89
0x00007f90150e92c4:   de 48 89 c7 e8 87 8c 00 00 48 83 c4 10 83 bd 64
0x00007f90150e92d4:   ff ff ff 00 0f 94 c0 0f b6 d0 48 8d 4d b0 48 8b
0x00007f90150e92e4:   85 78 ff ff ff 48 89 ce 48 89 c7 e8 e2 92 00 00
0x00007f90150e92f4:   48 8b 45 90 48 83 e8 10 48 8b 00 48 85 c0 75 2d
0x00007f90150e9304:   48 8b 85 70 ff ff ff 48 89 c7 e8 0b 72 e1 ff 48
0x00007f90150e9314:   89 c3 48 8b 85 70 ff ff ff 48 89 c7 e8 0b 5f a5
0x00007f90150e9324:   ff 48 39 c3 74 07 b8 01 00 00 00 eb 05 b8 00 00
0x00007f90150e9334:   00 00 84 c0 74 74 48 8d 05 3f b0 91 01 48 8b 00
0x00007f90150e9344:   c6 00 58 48 8b 85 70 ff ff ff 48 89 c7 e8 da 5e
0x00007f90150e9354:   a5 ff 48 89 c3 48 8b 85 70 ff ff ff 48 89 c7 e8
0x00007f90150e9364:   b6 71 e1 ff 48 89 c2 48 8b 45 90 48 83 e8 10 48
0x00007f90150e9374:   8b 00 48 83 ec 08 53 49 89 d1 49 89 c0 48 8d 0d
0x00007f90150e9384:   40 f0 d0 00 48 8d 15 91 f0 d0 00 be 85 08 00 00
0x00007f90150e9394:   48 8d 3d c5 a2 d0 00 b8 00 00 00 00 e8 83 da 02
0x00007f90150e93a4:   00 48 83 c4 10 e8 be a9 7a 00 48 8b 45 90 48 83
0x00007f90150e93b4:   e8 10 48 8b 00 48 85 c0 75 11 48 8b 45 a8 48 83
0x00007f90150e93c4:   e8 10 48 c7 00 00 00 00 00 eb 18 48 8b 4d a8 48
0x00007f90150e93d4:   8b 45 90 ba fe ff ff ff 48 89 ce 48 89 c7 e8 0d
0x00007f90150e93e4:   43 fe ff 48 8b 4d a8 48 8b 45 90 ba f7 ff ff ff
0x00007f90150e93f4:   48 89 ce 48 89 c7 e8 f5 42 fe ff 48 8b 4d a8 48
0x00007f90150e9404:   8b 45 90 ba f9 ff ff ff 48 89 ce 48 89 c7 e8 dd
0x00007f90150e9414:   42 fe ff 48 8b 8d 68 ff ff ff 48 8d 55 b0 48 8b
0x00007f90150e9424:   b5 70 ff ff ff 48 8b 85 78 ff ff ff 48 89 c7 e8
0x00007f90150e9434:   20 9b 00 00 8b bd 5c ff ff ff 48 8b 4d a0 48 8b 


Stack slot to memory mapping:
stack at sp + 0 slots: 0x00007f8ffc1f6be0 points into unknown readable memory: 00 00 00 00 00 00 00 00
stack at sp + 1 slots: 0x00000001fc1f6d80 is an unknown value
stack at sp + 2 slots: 0x0000000000000078 is an unknown value
stack at sp + 3 slots: 0x00007f8ffc1f6cc0 points into unknown readable memory: 1e 00 00 00 00 00 00 00
stack at sp + 4 slots: 0x00007f8ffc1f6d10 points into unknown readable memory: 58 82 af c7 8f 7f 00 00
stack at sp + 5 slots: 0x00007f8ffc1f6d80 points into unknown readable memory: 00 00 54 10 90 7f 00 00
stack at sp + 6 slots: 0x0000007800000000 is an unknown value
stack at sp + 7 slots: 0x00007f8fc7af8270 is pointing into the stack for thread: 0x00007f9010540000

VM_Operation (0x00007f8fc79f73b0): HandshakeOneThread, mode: safepoint, requested by thread 0x00007f9010543000


---------------  P R O C E S S  ---------------

uid  : 1000 euid : 1000 gid  : 1000 egid : 1000

umask: 0022 (----w--w-)

Threads class SMR info:
_java_thread_list=0x00007f9010544f10, length=14, elements={
0x00007f901027f800, 0x00007f9010285800, 0x00007f90102c9800, 0x00007f90102cc000,
0x00007f90102ce800, 0x00007f90102da000, 0x00007f9010333800, 0x00007f9010652000,
0x00007f9010656000, 0x00007f8fbc001800, 0x00007f901065a000, 0x00007f9010540000,
0x00007f9010543000, 0x00007f9010022800
}
_java_thread_list_alloc_cnt=17, _java_thread_list_free_cnt=15, _java_thread_list_max=14, _nested_thread_list_max=1
_tlh_cnt=623, _tlh_times=32, avg_tlh_time=0,05, _tlh_time_max=9
_deleted_thread_cnt=1, _deleted_thread_times=0, avg_deleted_thread_time=0,00, _deleted_thread_time_max=0
_delete_lock_wait_cnt=0, _delete_lock_wait_max=0
_to_delete_list_cnt=0, _to_delete_list_max=2

Java Threads: ( => current thread )
  0x00007f901027f800 JavaThread "Reference Handler" daemon [_thread_blocked, id=4871, stack(0x00007f8fed6ff000,0x00007f8fed800000)]
  0x00007f9010285800 JavaThread "Finalizer" daemon [_thread_blocked, id=4872, stack(0x00007f8fed5fe000,0x00007f8fed6ff000)]
  0x00007f90102c9800 JavaThread "Signal Dispatcher" daemon [_thread_blocked, id=4877, stack(0x00007f8fecb2e000,0x00007f8fecc2f000)]
  0x00007f90102cc000 JavaThread "C2 CompilerThread0" daemon [_thread_blocked, id=4878, stack(0x00007f8feca2d000,0x00007f8fecb2e000)]
  0x00007f90102ce800 JavaThread "C1 CompilerThread0" daemon [_thread_blocked, id=4879, stack(0x00007f8fec92c000,0x00007f8feca2d000)]
  0x00007f90102da000 JavaThread "Sweeper thread" daemon [_thread_blocked, id=4880, stack(0x00007f8fec82b000,0x00007f8fec92c000)]
  0x00007f9010333800 JavaThread "Common-Cleaner" daemon [_thread_blocked, id=4882, stack(0x00007f8fec2fb000,0x00007f8fec3fc000)]
  0x00007f9010652000 JavaThread "JDWP Transport Listener: dt_socket" daemon [_thread_blocked, id=4886, stack(0x00007f8fc7eff000,0x00007f8fc8000000)]
  0x00007f9010656000 JavaThread "JDWP Event Helper Thread" daemon [_thread_blocked, id=4888, stack(0x00007f8fc7dfe000,0x00007f8fc7eff000)]
  0x00007f8fbc001800 JavaThread "JDWP Command Reader" daemon [_thread_in_native, id=4889, stack(0x00007f8fc7cfd000,0x00007f8fc7dfe000)]
  0x00007f901065a000 JavaThread "Service Thread" daemon [_thread_blocked, id=4890, stack(0x00007f8fc7bfc000,0x00007f8fc7cfd000)]
  0x00007f9010540000 JavaThread "Thread-0" [_thread_blocked, id=4899, stack(0x00007f8fc79f9000,0x00007f8fc7afa000)]
  0x00007f9010543000 JavaThread "Thread-1" [_thread_blocked, id=4900, stack(0x00007f8fc78f8000,0x00007f8fc79f9000)]
  0x00007f9010022800 JavaThread "DestroyJavaVM" [_thread_blocked, id=4861, stack(0x00007f9017865000,0x00007f9017966000)]

Other Threads:
=>0x00007f901025c000 VMThread "VM Thread" [stack: 0x00007f8ffc0fb000,0x00007f8ffc1fb000] [id=4868], _nested_threads_hazard_ptr_cnt=1
  0x00007f901065d000 WatcherThread [stack: 0x00007f8fc7afc000,0x00007f8fc7bfc000] [id=4891]
  0x00007f901006e800 GCTaskThread "GC Thread#0" [stack: 0x00007f8ffcae5000,0x00007f8ffcbe5000] [id=4862]
  0x00007f9010078800 ConcurrentGCThread "G1 Main Marker" [stack: 0x00007f8ffc9e3000,0x00007f8ffcae3000] [id=4863]
  0x00007f901007a800 ConcurrentGCThread "G1 Conc#0" [stack: 0x00007f8ffc8e1000,0x00007f8ffc9e1000] [id=4864]
  0x00007f90100da000 ConcurrentGCThread "G1 Refine#0" [stack: 0x00007f8ffc3db000,0x00007f8ffc4db000] [id=4865]
  0x00007f90100dc000 ConcurrentGCThread "G1 Young RemSet Sampling" [stack: 0x00007f8ffc2d9000,0x00007f8ffc3d9000] [id=4866]

Threads with active compile tasks:

VM state:not at safepoint (normal execution)

VM Mutex/Monitor currently owned by a thread:  ([mutex/lock_event])
[0x00007f901001c5a0] Threads_lock - owner thread: 0x00007f901025c000

Heap address: 0x00000000b0000000, size: 1280 MB, Compressed Oops mode: 32-bit
Narrow klass base: 0x0000000000000000, Narrow klass shift: 3
Compressed class space size: 1073741824 Address: 0x0000000100000000

Heap:
 garbage-first heap   total 81920K, used 7168K [0x00000000b0000000, 0x0000000100000000)
  region size 1024K, 8 young (8192K), 0 survivors (0K)
 Metaspace       used 7636K, capacity 7798K, committed 7936K, reserved 1056768K
  class space    used 666K, capacity 733K, committed 768K, reserved 1048576K
Heap Regions: E=young(eden), S=young(survivor), O=old, HS=humongous(starts), HC=humongous(continues), CS=collection set, F=free, A=archive, TAMS=top-at-mark-start (previous, next)
|   0|0x00000000b0000000, 0x00000000b0000000, 0x00000000b0100000|  0%| F|  |TAMS 0x00000000b0000000, 0x00000000b0000000| Untracked 
|   1|0x00000000b0100000, 0x00000000b0100000, 0x00000000b0200000|  0%| F|  |TAMS 0x00000000b0100000, 0x00000000b0100000| Untracked 
|   2|0x00000000b0200000, 0x00000000b0200000, 0x00000000b0300000|  0%| F|  |TAMS 0x00000000b0200000, 0x00000000b0200000| Untracked 
|   3|0x00000000b0300000, 0x00000000b0300000, 0x00000000b0400000|  0%| F|  |TAMS 0x00000000b0300000, 0x00000000b0300000| Untracked 
|   4|0x00000000b0400000, 0x00000000b0400000, 0x00000000b0500000|  0%| F|  |TAMS 0x00000000b0400000, 0x00000000b0400000| Untracked 
|   5|0x00000000b0500000, 0x00000000b0500000, 0x00000000b0600000|  0%| F|  |TAMS 0x00000000b0500000, 0x00000000b0500000| Untracked 
|   6|0x00000000b0600000, 0x00000000b0600000, 0x00000000b0700000|  0%| F|  |TAMS 0x00000000b0600000, 0x00000000b0600000| Untracked 
|   7|0x00000000b0700000, 0x00000000b0700000, 0x00000000b0800000|  0%| F|  |TAMS 0x00000000b0700000, 0x00000000b0700000| Untracked 
|   8|0x00000000b0800000, 0x00000000b0800000, 0x00000000b0900000|  0%| F|  |TAMS 0x00000000b0800000, 0x00000000b0800000| Untracked 
|   9|0x00000000b0900000, 0x00000000b0900000, 0x00000000b0a00000|  0%| F|  |TAMS 0x00000000b0900000, 0x00000000b0900000| Untracked 
|  10|0x00000000b0a00000, 0x00000000b0a00000, 0x00000000b0b00000|  0%| F|  |TAMS 0x00000000b0a00000, 0x00000000b0a00000| Untracked 
|  11|0x00000000b0b00000, 0x00000000b0b00000, 0x00000000b0c00000|  0%| F|  |TAMS 0x00000000b0b00000, 0x00000000b0b00000| Untracked 
|  12|0x00000000b0c00000, 0x00000000b0c00000, 0x00000000b0d00000|  0%| F|  |TAMS 0x00000000b0c00000, 0x00000000b0c00000| Untracked 
|  13|0x00000000b0d00000, 0x00000000b0d00000, 0x00000000b0e00000|  0%| F|  |TAMS 0x00000000b0d00000, 0x00000000b0d00000| Untracked 
|  14|0x00000000b0e00000, 0x00000000b0e00000, 0x00000000b0f00000|  0%| F|  |TAMS 0x00000000b0e00000, 0x00000000b0e00000| Untracked 
|  15|0x00000000b0f00000, 0x00000000b0f00000, 0x00000000b1000000|  0%| F|  |TAMS 0x00000000b0f00000, 0x00000000b0f00000| Untracked 
|  16|0x00000000b1000000, 0x00000000b1000000, 0x00000000b1100000|  0%| F|  |TAMS 0x00000000b1000000, 0x00000000b1000000| Untracked 
|  17|0x00000000b1100000, 0x00000000b1100000, 0x00000000b1200000|  0%| F|  |TAMS 0x00000000b1100000, 0x00000000b1100000| Untracked 
|  18|0x00000000b1200000, 0x00000000b1200000, 0x00000000b1300000|  0%| F|  |TAMS 0x00000000b1200000, 0x00000000b1200000| Untracked 
|  19|0x00000000b1300000, 0x00000000b1300000, 0x00000000b1400000|  0%| F|  |TAMS 0x00000000b1300000, 0x00000000b1300000| Untracked 
|  20|0x00000000b1400000, 0x00000000b1400000, 0x00000000b1500000|  0%| F|  |TAMS 0x00000000b1400000, 0x00000000b1400000| Untracked 
|  21|0x00000000b1500000, 0x00000000b1500000, 0x00000000b1600000|  0%| F|  |TAMS 0x00000000b1500000, 0x00000000b1500000| Untracked 
|  22|0x00000000b1600000, 0x00000000b1600000, 0x00000000b1700000|  0%| F|  |TAMS 0x00000000b1600000, 0x00000000b1600000| Untracked 
|  23|0x00000000b1700000, 0x00000000b1700000, 0x00000000b1800000|  0%| F|  |TAMS 0x00000000b1700000, 0x00000000b1700000| Untracked 
|  24|0x00000000b1800000, 0x00000000b1800000, 0x00000000b1900000|  0%| F|  |TAMS 0x00000000b1800000, 0x00000000b1800000| Untracked 
|  25|0x00000000b1900000, 0x00000000b1900000, 0x00000000b1a00000|  0%| F|  |TAMS 0x00000000b1900000, 0x00000000b1900000| Untracked 
|  26|0x00000000b1a00000, 0x00000000b1a00000, 0x00000000b1b00000|  0%| F|  |TAMS 0x00000000b1a00000, 0x00000000b1a00000| Untracked 
|  27|0x00000000b1b00000, 0x00000000b1b00000, 0x00000000b1c00000|  0%| F|  |TAMS 0x00000000b1b00000, 0x00000000b1b00000| Untracked 
|  28|0x00000000b1c00000, 0x00000000b1c00000, 0x00000000b1d00000|  0%| F|  |TAMS 0x00000000b1c00000, 0x00000000b1c00000| Untracked 
|  29|0x00000000b1d00000, 0x00000000b1d00000, 0x00000000b1e00000|  0%| F|  |TAMS 0x00000000b1d00000, 0x00000000b1d00000| Untracked 
|  30|0x00000000b1e00000, 0x00000000b1e00000, 0x00000000b1f00000|  0%| F|  |TAMS 0x00000000b1e00000, 0x00000000b1e00000| Untracked 
|  31|0x00000000b1f00000, 0x00000000b1f00000, 0x00000000b2000000|  0%| F|  |TAMS 0x00000000b1f00000, 0x00000000b1f00000| Untracked 
|  32|0x00000000b2000000, 0x00000000b2000000, 0x00000000b2100000|  0%| F|  |TAMS 0x00000000b2000000, 0x00000000b2000000| Untracked 
|  33|0x00000000b2100000, 0x00000000b2100000, 0x00000000b2200000|  0%| F|  |TAMS 0x00000000b2100000, 0x00000000b2100000| Untracked 
|  34|0x00000000b2200000, 0x00000000b2200000, 0x00000000b2300000|  0%| F|  |TAMS 0x00000000b2200000, 0x00000000b2200000| Untracked 
|  35|0x00000000b2300000, 0x00000000b2300000, 0x00000000b2400000|  0%| F|  |TAMS 0x00000000b2300000, 0x00000000b2300000| Untracked 
|  36|0x00000000b2400000, 0x00000000b2400000, 0x00000000b2500000|  0%| F|  |TAMS 0x00000000b2400000, 0x00000000b2400000| Untracked 
|  37|0x00000000b2500000, 0x00000000b2500000, 0x00000000b2600000|  0%| F|  |TAMS 0x00000000b2500000, 0x00000000b2500000| Untracked 
|  38|0x00000000b2600000, 0x00000000b2600000, 0x00000000b2700000|  0%| F|  |TAMS 0x00000000b2600000, 0x00000000b2600000| Untracked 
|  39|0x00000000b2700000, 0x00000000b2700000, 0x00000000b2800000|  0%| F|  |TAMS 0x00000000b2700000, 0x00000000b2700000| Untracked 
|  40|0x00000000b2800000, 0x00000000b2800000, 0x00000000b2900000|  0%| F|  |TAMS 0x00000000b2800000, 0x00000000b2800000| Untracked 
|  41|0x00000000b2900000, 0x00000000b2900000, 0x00000000b2a00000|  0%| F|  |TAMS 0x00000000b2900000, 0x00000000b2900000| Untracked 
|  42|0x00000000b2a00000, 0x00000000b2a00000, 0x00000000b2b00000|  0%| F|  |TAMS 0x00000000b2a00000, 0x00000000b2a00000| Untracked 
|  43|0x00000000b2b00000, 0x00000000b2b00000, 0x00000000b2c00000|  0%| F|  |TAMS 0x00000000b2b00000, 0x00000000b2b00000| Untracked 
|  44|0x00000000b2c00000, 0x00000000b2c00000, 0x00000000b2d00000|  0%| F|  |TAMS 0x00000000b2c00000, 0x00000000b2c00000| Untracked 
|  45|0x00000000b2d00000, 0x00000000b2d00000, 0x00000000b2e00000|  0%| F|  |TAMS 0x00000000b2d00000, 0x00000000b2d00000| Untracked 
|  46|0x00000000b2e00000, 0x00000000b2e00000, 0x00000000b2f00000|  0%| F|  |TAMS 0x00000000b2e00000, 0x00000000b2e00000| Untracked 
|  47|0x00000000b2f00000, 0x00000000b2f00000, 0x00000000b3000000|  0%| F|  |TAMS 0x00000000b2f00000, 0x00000000b2f00000| Untracked 
|  48|0x00000000b3000000, 0x00000000b3000000, 0x00000000b3100000|  0%| F|  |TAMS 0x00000000b3000000, 0x00000000b3000000| Untracked 
|  49|0x00000000b3100000, 0x00000000b3100000, 0x00000000b3200000|  0%| F|  |TAMS 0x00000000b3100000, 0x00000000b3100000| Untracked 
|  50|0x00000000b3200000, 0x00000000b3200000, 0x00000000b3300000|  0%| F|  |TAMS 0x00000000b3200000, 0x00000000b3200000| Untracked 
|  51|0x00000000b3300000, 0x00000000b3300000, 0x00000000b3400000|  0%| F|  |TAMS 0x00000000b3300000, 0x00000000b3300000| Untracked 
|  52|0x00000000b3400000, 0x00000000b3400000, 0x00000000b3500000|  0%| F|  |TAMS 0x00000000b3400000, 0x00000000b3400000| Untracked 
|  53|0x00000000b3500000, 0x00000000b3500000, 0x00000000b3600000|  0%| F|  |TAMS 0x00000000b3500000, 0x00000000b3500000| Untracked 
|  54|0x00000000b3600000, 0x00000000b3600000, 0x00000000b3700000|  0%| F|  |TAMS 0x00000000b3600000, 0x00000000b3600000| Untracked 
|  55|0x00000000b3700000, 0x00000000b3700000, 0x00000000b3800000|  0%| F|  |TAMS 0x00000000b3700000, 0x00000000b3700000| Untracked 
|  56|0x00000000b3800000, 0x00000000b3800000, 0x00000000b3900000|  0%| F|  |TAMS 0x00000000b3800000, 0x00000000b3800000| Untracked 
|  57|0x00000000b3900000, 0x00000000b3900000, 0x00000000b3a00000|  0%| F|  |TAMS 0x00000000b3900000, 0x00000000b3900000| Untracked 
|  58|0x00000000b3a00000, 0x00000000b3a00000, 0x00000000b3b00000|  0%| F|  |TAMS 0x00000000b3a00000, 0x00000000b3a00000| Untracked 
|  59|0x00000000b3b00000, 0x00000000b3b00000, 0x00000000b3c00000|  0%| F|  |TAMS 0x00000000b3b00000, 0x00000000b3b00000| Untracked 
|  60|0x00000000b3c00000, 0x00000000b3c00000, 0x00000000b3d00000|  0%| F|  |TAMS 0x00000000b3c00000, 0x00000000b3c00000| Untracked 
|  61|0x00000000b3d00000, 0x00000000b3d00000, 0x00000000b3e00000|  0%| F|  |TAMS 0x00000000b3d00000, 0x00000000b3d00000| Untracked 
|  62|0x00000000b3e00000, 0x00000000b3e00000, 0x00000000b3f00000|  0%| F|  |TAMS 0x00000000b3e00000, 0x00000000b3e00000| Untracked 
|  63|0x00000000b3f00000, 0x00000000b3f00000, 0x00000000b4000000|  0%| F|  |TAMS 0x00000000b3f00000, 0x00000000b3f00000| Untracked 
|  64|0x00000000b4000000, 0x00000000b4000000, 0x00000000b4100000|  0%| F|  |TAMS 0x00000000b4000000, 0x00000000b4000000| Untracked 
|  65|0x00000000b4100000, 0x00000000b4100000, 0x00000000b4200000|  0%| F|  |TAMS 0x00000000b4100000, 0x00000000b4100000| Untracked 
|  66|0x00000000b4200000, 0x00000000b4200000, 0x00000000b4300000|  0%| F|  |TAMS 0x00000000b4200000, 0x00000000b4200000| Untracked 
|  67|0x00000000b4300000, 0x00000000b4300000, 0x00000000b4400000|  0%| F|  |TAMS 0x00000000b4300000, 0x00000000b4300000| Untracked 
|  68|0x00000000b4400000, 0x00000000b4400000, 0x00000000b4500000|  0%| F|  |TAMS 0x00000000b4400000, 0x00000000b4400000| Untracked 
|  69|0x00000000b4500000, 0x00000000b4500000, 0x00000000b4600000|  0%| F|  |TAMS 0x00000000b4500000, 0x00000000b4500000| Untracked 
|  70|0x00000000b4600000, 0x00000000b4600000, 0x00000000b4700000|  0%| F|  |TAMS 0x00000000b4600000, 0x00000000b4600000| Untracked 
|  71|0x00000000b4700000, 0x00000000b4700000, 0x00000000b4800000|  0%| F|  |TAMS 0x00000000b4700000, 0x00000000b4700000| Untracked 
|  72|0x00000000b4800000, 0x00000000b48d7a58, 0x00000000b4900000| 84%| E|  |TAMS 0x00000000b4800000, 0x00000000b4800000| Complete 
|  73|0x00000000b4900000, 0x00000000b4a00000, 0x00000000b4a00000|100%| E|CS|TAMS 0x00000000b4900000, 0x00000000b4900000| Complete 
|  74|0x00000000b4a00000, 0x00000000b4b00000, 0x00000000b4b00000|100%| E|CS|TAMS 0x00000000b4a00000, 0x00000000b4a00000| Complete 
|  75|0x00000000b4b00000, 0x00000000b4c00000, 0x00000000b4c00000|100%| E|CS|TAMS 0x00000000b4b00000, 0x00000000b4b00000| Complete 
|  76|0x00000000b4c00000, 0x00000000b4d00000, 0x00000000b4d00000|100%| E|CS|TAMS 0x00000000b4c00000, 0x00000000b4c00000| Complete 
|  77|0x00000000b4d00000, 0x00000000b4e00000, 0x00000000b4e00000|100%| E|CS|TAMS 0x00000000b4d00000, 0x00000000b4d00000| Complete 
|  78|0x00000000b4e00000, 0x00000000b4f00000, 0x00000000b4f00000|100%| E|CS|TAMS 0x00000000b4e00000, 0x00000000b4e00000| Complete 
|  79|0x00000000b4f00000, 0x00000000b5000000, 0x00000000b5000000|100%| E|CS|TAMS 0x00000000b4f00000, 0x00000000b4f00000| Complete 

Card table byte_map: [0x00007f8fff665000,0x00007f8fff8e5000] _byte_map_base: 0x00007f8fff0e5000

Marking Bits (Prev, Next): (CMBitMap*) 0x00007f901006fd60, (CMBitMap*) 0x00007f901006fda0
 Prev Bits: [0x00007f8ffdfe5000, 0x00007f8fff3e5000)
 Next Bits: [0x00007f8ffcbe5000, 0x00007f8ffdfe5000)

Polling page: 0x00007f9017979000

Metaspace:

Usage:
  Non-class:      6,90 MB capacity,     6,81 MB ( 99%) used,    83,77 KB (  1%) free+waste,    11,44 KB ( <1%) overhead. 
      Class:    733,00 KB capacity,   666,28 KB ( 91%) used,    60,66 KB (  8%) free+waste,     6,06 KB ( <1%) overhead. 
       Both:      7,62 MB capacity,     7,46 MB ( 98%) used,   144,42 KB (  2%) free+waste,    17,50 KB ( <1%) overhead. 

Virtual space:
  Non-class space:        8,00 MB reserved,       7,00 MB ( 88%) committed 
      Class space:        1,00 GB reserved,     768,00 KB ( <1%) committed 
             Both:        1,01 GB reserved,       7,75 MB ( <1%) committed 

Chunk freelists:
   Non-Class:  39,00 KB
       Class:  3,00 KB
        Both:  42,00 KB

MaxMetaspaceSize: unlimited
CompressedClassSpaceSize: 1,00 GB

CodeHeap 'non-profiled nmethods': size=120032Kb used=125Kb max_used=125Kb free=119906Kb
 bounds [0x00007f9007c07000, 0x00007f9007e77000, 0x00007f900f13f000]
CodeHeap 'profiled nmethods': size=120032Kb used=517Kb max_used=517Kb free=119515Kb
 bounds [0x00007f90006cf000, 0x00007f900093f000, 0x00007f9007c07000]
CodeHeap 'non-nmethods': size=5696Kb used=2260Kb max_used=2275Kb free=3435Kb
 bounds [0x00007f900013f000, 0x00007f90003af000, 0x00007f90006cf000]
 total_blobs=1255 nmethods=256 adapters=831
 compilation: enabled
              stopped_count=0, restarted_count=0
 full_count=0

Compilation events (10 events):
Event: 16,501 Thread 0x00007f90102ce800  513       3       jdk.internal.org.objectweb.asm.ByteVector::putByteArray (49 bytes)
Event: 16,519 Thread 0x00007f90102ce800 nmethod 513 0x00007f900074dc90 code [0x00007f900074dec0, 0x00007f900074e440]
Event: 16,519 Thread 0x00007f90102ce800  515       3       java.lang.Class::getName (18 bytes)
Event: 16,525 Thread 0x00007f90102ce800 nmethod 515 0x00007f900074e690 code [0x00007f900074e860, 0x00007f900074eb10]
Event: 16,525 Thread 0x00007f90102ce800  516       3       java.nio.charset.CoderResult::isUnderflow (13 bytes)
Event: 16,530 Thread 0x00007f90102ce800 nmethod 516 0x00007f900074ec90 code [0x00007f900074ee40, 0x00007f900074f018]
Event: 16,530 Thread 0x00007f90102ce800  511       3       jdk.internal.org.objectweb.asm.ByteVector::<init> (13 bytes)
Event: 16,535 Thread 0x00007f90102ce800 nmethod 511 0x00007f900074f110 code [0x00007f900074f320, 0x00007f900074f798]
Event: 16,535 Thread 0x00007f90102ce800  514       3       java.lang.invoke.MemberName::getName (25 bytes)
Event: 16,553 Thread 0x00007f90102ce800 nmethod 514 0x00007f900074f890 code [0x00007f900074fae0, 0x00007f9000750170]

GC Heap History (0 events):
No events

Deoptimization events (0 events):
No events

Classes unloaded (0 events):
No events

Classes redefined (0 events):
No events

Internal exceptions (10 events):
Event: 3,898 Thread 0x00007f9010022800 Exception <a 'java/lang/NoSuchMethodError'{0x00000000b4c19e88}: 'int java.lang.invoke.DirectMethodHandle$Holder.invokeStatic(java.lang.Object, java.lang.Object)'> (0x00000000b4c19e88) 
thrown [/home/dmitry/Downloads/LOOM/loom/src/hotspot/share/interpreter/linkResolver.cpp, line 768]
for thread 0x00007f9010022800
Event: 3,931 Thread 0x00007f9010022800 Exception <a 'java/lang/NoSuchMethodError'{0x00000000b4c244c8}: 'java.lang.Object java.lang.invoke.DirectMethodHandle$Holder.invokeVirtual(java.lang.Object, java.lang.Object)'> (0x00000000b4c244c8) 
thrown [/home/dmitry/Downloads/LOOM/loom/src/hotspot/share/interpreter/linkResolver.cpp, line 768]
for thread 0x00007f9010022800
Event: 3,978 Thread 0x00007f9010022800 Exception <a 'java/lang/NoSuchMethodError'{0x00000000b4c2c090}: 'int java.lang.invoke.DirectMethodHandle$Holder.invokeSpecial(java.lang.Object, java.lang.Object)'> (0x00000000b4c2c090) 
thrown [/home/dmitry/Downloads/LOOM/loom/src/hotspot/share/interpreter/linkResolver.cpp, line 768]
for thread 0x00007f9010022800
Event: 4,849 Thread 0x00007f9010022800 Exception <a 'java/lang/NoSuchMethodError'{0x00000000b4abe398}: 'void java.lang.invoke.DirectMethodHandle$Holder.invokeStatic(java.lang.Object, java.lang.Object, java.lang.Object)'> (0x00000000b4abe398) 
thrown [/home/dmitry/Downloads/LOOM/loom/src/hotspot/share/interpreter/linkResolver.cpp, line 768]
for thread 0x00007f9010022800
Event: 4,971 Thread 0x00007f9010022800 Exception <a 'java/lang/NoSuchMethodError'{0x00000000b4ae9948}: 'java.lang.Object java.lang.invoke.Invokers$Holder.linkToTargetMethod(java.lang.Object, java.lang.Object, java.lang.Object, java.lang.Object)'> (0x00000000b4ae9948) 
thrown [/home/dmitry/Downloads/LOOM/loom/src/hotspot/share/interpreter/linkResolver.cpp, line 768]
for thread 0x00007f9010022800
Event: 5,753 Thread 0x00007f9010022800 Exception <a 'java/lang/NoSuchMethodError'{0x00000000b499ce18}: 'java.lang.Object java.lang.invoke.DirectMethodHandle$Holder.invokeStaticInit(java.lang.Object, java.lang.Object)'> (0x00000000b499ce18) 
thrown [/home/dmitry/Downloads/LOOM/loom/src/hotspot/share/interpreter/linkResolver.cpp, line 768]
for thread 0x00007f9010022800
Event: 5,768 Thread 0x00007f9010022800 Exception <a 'java/lang/NoSuchMethodError'{0x00000000b49a4a70}: 'void java.lang.invoke.DirectMethodHandle$Holder.invokeStaticInit(java.lang.Object, java.lang.Object, java.lang.Object)'> (0x00000000b49a4a70) 
thrown [/home/dmitry/Downloads/LOOM/loom/src/hotspot/share/interpreter/linkResolver.cpp, line 768]
for thread 0x00007f9010022800
Event: 6,649 Thread 0x00007f9010022800 Exception <a 'java/lang/NoSuchMethodError'{0x00000000b481d910}: 'void java.lang.invoke.DirectMethodHandle$Holder.invokeStatic(java.lang.Object)'> (0x00000000b481d910) 
thrown [/home/dmitry/Downloads/LOOM/loom/src/hotspot/share/interpreter/linkResolver.cpp, line 768]
for thread 0x00007f9010022800
Event: 6,669 Thread 0x00007f9010022800 Exception <a 'java/lang/NoSuchMethodError'{0x00000000b4822058}: 'void java.lang.invoke.DirectMethodHandle$Holder.invokeSpecial(java.lang.Object, java.lang.Object)'> (0x00000000b4822058) 
thrown [/home/dmitry/Downloads/LOOM/loom/src/hotspot/share/interpreter/linkResolver.cpp, line 768]
for thread 0x00007f9010022800
Event: 16,475 Thread 0x00007f9010022800 Exception <a 'java/lang/NoSuchMethodError'{0x00000000b4827488}: 'void java.lang.invoke.DirectMethodHandle$Holder.invokeStatic(java.lang.Object, java.lang.Object)'> (0x00000000b4827488) 
thrown [/home/dmitry/Downloads/LOOM/loom/src/hotspot/share/interpreter/linkResolver.cpp, line 768]
for thread 0x00007f9010022800

Events (10 events):
Event: 16,509 Executing VM operation: RevokeBias
Event: 16,510 Executing VM operation: RevokeBias done
Event: 16,525 Thread 0x00007f9010543000 Thread added: 0x00007f9010543000
Event: 16,531 loading class java/util/IdentityHashMap$KeyIterator
Event: 16,531 loading class java/util/IdentityHashMap$IdentityHashMapIterator
Event: 16,533 loading class java/util/IdentityHashMap$IdentityHashMapIterator done
Event: 16,535 loading class java/util/IdentityHashMap$KeyIterator done
Event: 16,543 Thread 0x00007f9010022800 Thread exited: 0x00007f9010022800
Event: 16,543 Thread 0x00007f9010022800 Thread added: 0x00007f9010022800
Event: 17,538 Executing VM operation: HandshakeOneThread


Dynamic libraries:
b0000000-b5000000 rw-p 00000000 00:00 0 
b5000000-100000000 ---p 00000000 00:00 0 
100000000-1000c0000 rw-p 00000000 00:00 0 
1000c0000-140000000 ---p 00000000 00:00 0 
561528a53000-561528a55000 r-xp 00000000 08:01 2123588                    /home/dmitry/Downloads/LOOM/loom/build/linux-x86_64-server-slowdebug/jdk/bin/java
561528c54000-561528c55000 r--p 00001000 08:01 2123588                    /home/dmitry/Downloads/LOOM/loom/build/linux-x86_64-server-slowdebug/jdk/bin/java
561528c55000-561528c56000 rw-p 00002000 08:01 2123588                    /home/dmitry/Downloads/LOOM/loom/build/linux-x86_64-server-slowdebug/jdk/bin/java
56152a329000-56152a34a000 rw-p 00000000 00:00 0                          [heap]
7f8fa4000000-7f8fa4021000 rw-p 00000000 00:00 0 
7f8fa4021000-7f8fa8000000 ---p 00000000 00:00 0 
7f8fa8000000-7f8fa8021000 rw-p 00000000 00:00 0 
7f8fa8021000-7f8fac000000 ---p 00000000 00:00 0 
7f8fac000000-7f8fac021000 rw-p 00000000 00:00 0 
7f8fac021000-7f8fb0000000 ---p 00000000 00:00 0 
7f8fb0000000-7f8fb0021000 rw-p 00000000 00:00 0 
7f8fb0021000-7f8fb4000000 ---p 00000000 00:00 0 
7f8fb4000000-7f8fb4021000 rw-p 00000000 00:00 0 
7f8fb4021000-7f8fb8000000 ---p 00000000 00:00 0 
7f8fb8000000-7f8fb8021000 rw-p 00000000 00:00 0 
7f8fb8021000-7f8fbc000000 ---p 00000000 00:00 0 
7f8fbc000000-7f8fbc064000 rw-p 00000000 00:00 0 
7f8fbc064000-7f8fc0000000 ---p 00000000 00:00 0 
7f8fc0000000-7f8fc0021000 rw-p 00000000 00:00 0 
7f8fc0021000-7f8fc4000000 ---p 00000000 00:00 0 
7f8fc69c0000-7f8fc78f8000 rw-p 00000000 00:00 0 
7f8fc78f8000-7f8fc78fc000 ---p 00000000 00:00 0 
7f8fc78fc000-7f8fc79f9000 rw-p 00000000 00:00 0 
7f8fc79f9000-7f8fc79fd000 ---p 00000000 00:00 0 
7f8fc79fd000-7f8fc7afa000 rw-p 00000000 00:00 0 
7f8fc7afa000-7f8fc7afb000 ---p 00000000 00:00 0 
7f8fc7afb000-7f8fc7bfc000 rw-p 00000000 00:00 0 
7f8fc7bfc000-7f8fc7c00000 ---p 00000000 00:00 0 
7f8fc7c00000-7f8fc7cfd000 rw-p 00000000 00:00 0 
7f8fc7cfd000-7f8fc7d01000 ---p 00000000 00:00 0 
7f8fc7d01000-7f8fc7dfe000 rw-p 00000000 00:00 0 
7f8fc7dfe000-7f8fc7e02000 ---p 00000000 00:00 0 
7f8fc7e02000-7f8fc7eff000 rw-p 00000000 00:00 0 
7f8fc7eff000-7f8fc7f03000 ---p 00000000 00:00 0 
7f8fc7f03000-7f8fc8000000 rw-p 00000000 00:00 0 
7f8fc8000000-7f8fc8388000 rw-p 00000000 00:00 0 
7f8fc8388000-7f8fcc000000 ---p 00000000 00:00 0 
7f8fcc000000-7f8fcc021000 rw-p 00000000 00:00 0 
7f8fcc021000-7f8fd0000000 ---p 00000000 00:00 0 
7f8fd0000000-7f8fd0021000 rw-p 00000000 00:00 0 
7f8fd0021000-7f8fd4000000 ---p 00000000 00:00 0 
7f8fd4000000-7f8fd453c000 rw-p 00000000 00:00 0 
7f8fd453c000-7f8fd8000000 ---p 00000000 00:00 0 
7f8fd8000000-7f8fd8021000 rw-p 00000000 00:00 0 
7f8fd8021000-7f8fdc000000 ---p 00000000 00:00 0 
7f8fdc000000-7f8fdc021000 rw-p 00000000 00:00 0 
7f8fdc021000-7f8fe0000000 ---p 00000000 00:00 0 
7f8fe0000000-7f8fe0021000 rw-p 00000000 00:00 0 
7f8fe0021000-7f8fe4000000 ---p 00000000 00:00 0 
7f8fe4000000-7f8fe4021000 rw-p 00000000 00:00 0 
7f8fe4021000-7f8fe8000000 ---p 00000000 00:00 0 
7f8fe8000000-7f8fe8021000 rw-p 00000000 00:00 0 
7f8fe8021000-7f8fec000000 ---p 00000000 00:00 0 
7f8fec0f4000-7f8fec0fa000 r-xp 00000000 08:01 2242836                    /home/dmitry/Downloads/LOOM/loom/build/linux-x86_64-server-slowdebug/jdk/lib/libdt_socket.so
7f8fec0fa000-7f8fec2f9000 ---p 00006000 08:01 2242836                    /home/dmitry/Downloads/LOOM/loom/build/linux-x86_64-server-slowdebug/jdk/lib/libdt_socket.so
7f8fec2f9000-7f8fec2fa000 r--p 00005000 08:01 2242836                    /home/dmitry/Downloads/LOOM/loom/build/linux-x86_64-server-slowdebug/jdk/lib/libdt_socket.so
7f8fec2fa000-7f8fec2fb000 rw-p 00006000 08:01 2242836                    /home/dmitry/Downloads/LOOM/loom/build/linux-x86_64-server-slowdebug/jdk/lib/libdt_socket.so
7f8fec2fb000-7f8fec2ff000 ---p 00000000 00:00 0 
7f8fec2ff000-7f8fec3fc000 rw-p 00000000 00:00 0 
7f8fec3fc000-7f8fec417000 r-xp 00000000 08:01 2242341                    /home/dmitry/Downloads/LOOM/loom/build/linux-x86_64-server-slowdebug/jdk/lib/libnet.so
7f8fec417000-7f8fec616000 ---p 0001b000 08:01 2242341                    /home/dmitry/Downloads/LOOM/loom/build/linux-x86_64-server-slowdebug/jdk/lib/libnet.so
7f8fec616000-7f8fec617000 r--p 0001a000 08:01 2242341                    /home/dmitry/Downloads/LOOM/loom/build/linux-x86_64-server-slowdebug/jdk/lib/libnet.so
7f8fec617000-7f8fec618000 rw-p 0001b000 08:01 2242341                    /home/dmitry/Downloads/LOOM/loom/build/linux-x86_64-server-slowdebug/jdk/lib/libnet.so
7f8fec618000-7f8fec62a000 r-xp 00000000 08:01 2242344                    /home/dmitry/Downloads/LOOM/loom/build/linux-x86_64-server-slowdebug/jdk/lib/libnio.so
7f8fec62a000-7f8fec829000 ---p 00012000 08:01 2242344                    /home/dmitry/Downloads/LOOM/loom/build/linux-x86_64-server-slowdebug/jdk/lib/libnio.so
7f8fec829000-7f8fec82a000 r--p 00011000 08:01 2242344                    /home/dmitry/Downloads/LOOM/loom/build/linux-x86_64-server-slowdebug/jdk/lib/libnio.so
7f8fec82a000-7f8fec82b000 rw-p 00012000 08:01 2242344                    /home/dmitry/Downloads/LOOM/loom/build/linux-x86_64-server-slowdebug/jdk/lib/libnio.so
7f8fec82b000-7f8fec82f000 ---p 00000000 00:00 0 
7f8fec82f000-7f8fec92c000 rw-p 00000000 00:00 0 
7f8fec92c000-7f8fec930000 ---p 00000000 00:00 0 
7f8fec930000-7f8feca2d000 rw-p 00000000 00:00 0 
7f8feca2d000-7f8feca31000 ---p 00000000 00:00 0 
7f8feca31000-7f8fecb2e000 rw-p 00000000 00:00 0 
7f8fecb2e000-7f8fecb32000 ---p 00000000 00:00 0 
7f8fecb32000-7f8fecc2f000 rw-p 00000000 00:00 0 
7f8fecc2f000-7f8fed5fe000 r--p 00000000 08:01 10230401                   /usr/lib/locale/locale-archive
7f8fed5fe000-7f8fed602000 ---p 00000000 00:00 0 
7f8fed602000-7f8fed6ff000 rw-p 00000000 00:00 0 
7f8fed6ff000-7f8fed703000 ---p 00000000 00:00 0 
7f8fed703000-7f8fedf00000 rw-p 00000000 00:00 0 
7f8fedf00000-7f8fee000000 ---p 00000000 00:00 0 
7f8fee000000-7f8ff0000000 rw-p 00000000 00:00 0 
7f8ff0000000-7f8ff0021000 rw-p 00000000 00:00 0 
7f8ff0021000-7f8ff4000000 ---p 00000000 00:00 0 
7f8ff4000000-7f8ff4021000 rw-p 00000000 00:00 0 
7f8ff4021000-7f8ff8000000 ---p 00000000 00:00 0 
7f8ff8000000-7f8ff8021000 rw-p 00000000 00:00 0 
7f8ff8021000-7f8ffc000000 ---p 00000000 00:00 0 
7f8ffc0f9000-7f8ffc0fa000 ---p 00000000 00:00 0 
7f8ffc0fa000-7f8ffc2d7000 rw-p 00000000 00:00 0 
7f8ffc2d7000-7f8ffc2d8000 ---p 00000000 00:00 0 
7f8ffc2d8000-7f8ffc3d9000 rw-p 00000000 00:00 0 
7f8ffc3d9000-7f8ffc3da000 ---p 00000000 00:00 0 
7f8ffc3da000-7f8ffc8df000 rw-p 00000000 00:00 0 
7f8ffc8df000-7f8ffc8e0000 ---p 00000000 00:00 0 
7f8ffc8e0000-7f8ffc9e1000 rw-p 00000000 00:00 0 
7f8ffc9e1000-7f8ffc9e2000 ---p 00000000 00:00 0 
7f8ffc9e2000-7f8ffcae3000 rw-p 00000000 00:00 0 
7f8ffcae3000-7f8ffcae4000 ---p 00000000 00:00 0 
7f8ffcae4000-7f8ffcd25000 rw-p 00000000 00:00 0 
7f8ffcd25000-7f8ffdfe5000 ---p 00000000 00:00 0 
7f8ffdfe5000-7f8ffe125000 rw-p 00000000 00:00 0 
7f8ffe125000-7f8fff3e5000 ---p 00000000 00:00 0 
7f8fff3e5000-7f8fff40d000 rw-p 00000000 00:00 0 
7f8fff40d000-7f8fff665000 ---p 00000000 00:00 0 
7f8fff665000-7f8fff68d000 rw-p 00000000 00:00 0 
7f8fff68d000-7f8fff8e5000 ---p 00000000 00:00 0 
7f8fff8e5000-7f8fff90d000 rw-p 00000000 00:00 0 
7f8fff90d000-7f8fffb65000 ---p 00000000 00:00 0 
7f8fffb65000-7f8ffff6e000 rw-p 00000000 00:00 0 
7f8ffff6e000-7f9000054000 ---p 00000000 00:00 0 
7f9000054000-7f9000059000 rw-p 00000000 00:00 0 
7f9000059000-7f900013f000 ---p 00000000 00:00 0 
7f900013f000-7f90003af000 rwxp 00000000 00:00 0 
7f90003af000-7f90006cf000 ---p 00000000 00:00 0 
7f90006cf000-7f900093f000 rwxp 00000000 00:00 0 
7f900093f000-7f9007c07000 ---p 00000000 00:00 0 
7f9007c07000-7f9007e77000 rwxp 00000000 00:00 0 
7f9007e77000-7f900f13f000 ---p 00000000 00:00 0 
7f900f13f000-7f900f15f000 r-xp 00000000 08:01 2242340                    /home/dmitry/Downloads/LOOM/loom/build/linux-x86_64-server-slowdebug/jdk/lib/libjimage.so
7f900f15f000-7f900f35e000 ---p 00020000 08:01 2242340                    /home/dmitry/Downloads/LOOM/loom/build/linux-x86_64-server-slowdebug/jdk/lib/libjimage.so
7f900f35e000-7f900f360000 r--p 0001f000 08:01 2242340                    /home/dmitry/Downloads/LOOM/loom/build/linux-x86_64-server-slowdebug/jdk/lib/libjimage.so
7f900f360000-7f900f361000 rw-p 00021000 08:01 2242340                    /home/dmitry/Downloads/LOOM/loom/build/linux-x86_64-server-slowdebug/jdk/lib/libjimage.so
7f900f361000-7f900f36a000 r-xp 00000000 08:01 2242338                    /home/dmitry/Downloads/LOOM/loom/build/linux-x86_64-server-slowdebug/jdk/lib/libzip.so
7f900f36a000-7f900f569000 ---p 00009000 08:01 2242338                    /home/dmitry/Downloads/LOOM/loom/build/linux-x86_64-server-slowdebug/jdk/lib/libzip.so
7f900f569000-7f900f56a000 r--p 00008000 08:01 2242338                    /home/dmitry/Downloads/LOOM/loom/build/linux-x86_64-server-slowdebug/jdk/lib/libzip.so
7f900f56a000-7f900f56b000 rw-p 00009000 08:01 2242338                    /home/dmitry/Downloads/LOOM/loom/build/linux-x86_64-server-slowdebug/jdk/lib/libzip.so
7f900f56b000-7f900f576000 r-xp 00000000 08:01 1184572                    /lib/x86_64-linux-gnu/libnss_files-2.27.so
7f900f576000-7f900f775000 ---p 0000b000 08:01 1184572                    /lib/x86_64-linux-gnu/libnss_files-2.27.so
7f900f775000-7f900f776000 r--p 0000a000 08:01 1184572                    /lib/x86_64-linux-gnu/libnss_files-2.27.so
7f900f776000-7f900f777000 rw-p 0000b000 08:01 1184572                    /lib/x86_64-linux-gnu/libnss_files-2.27.so
7f900f777000-7f900f77d000 rw-p 00000000 00:00 0 
7f900f77d000-7f900f794000 r-xp 00000000 08:01 1184566                    /lib/x86_64-linux-gnu/libnsl-2.27.so
7f900f794000-7f900f993000 ---p 00017000 08:01 1184566                    /lib/x86_64-linux-gnu/libnsl-2.27.so
7f900f993000-7f900f994000 r--p 00016000 08:01 1184566                    /lib/x86_64-linux-gnu/libnsl-2.27.so
7f900f994000-7f900f995000 rw-p 00017000 08:01 1184566                    /lib/x86_64-linux-gnu/libnsl-2.27.so
7f900f995000-7f900f997000 rw-p 00000000 00:00 0 
7f900f997000-7f900f9a2000 r-xp 00000000 08:01 1184583                    /lib/x86_64-linux-gnu/libnss_nis-2.27.so
7f900f9a2000-7f900fba1000 ---p 0000b000 08:01 1184583                    /lib/x86_64-linux-gnu/libnss_nis-2.27.so
7f900fba1000-7f900fba2000 r--p 0000a000 08:01 1184583                    /lib/x86_64-linux-gnu/libnss_nis-2.27.so
7f900fba2000-7f900fba3000 rw-p 0000b000 08:01 1184583                    /lib/x86_64-linux-gnu/libnss_nis-2.27.so
7f900fba3000-7f900fbab000 r-xp 00000000 08:01 1184568                    /lib/x86_64-linux-gnu/libnss_compat-2.27.so
7f900fbab000-7f900fdab000 ---p 00008000 08:01 1184568                    /lib/x86_64-linux-gnu/libnss_compat-2.27.so
7f900fdab000-7f900fdac000 r--p 00008000 08:01 1184568                    /lib/x86_64-linux-gnu/libnss_compat-2.27.so
7f900fdac000-7f900fdad000 rw-p 00009000 08:01 1184568                    /lib/x86_64-linux-gnu/libnss_compat-2.27.so
7f900fdad000-7f900fdfe000 r-xp 00000000 08:01 2242840                    /home/dmitry/Downloads/LOOM/loom/build/linux-x86_64-server-slowdebug/jdk/lib/libjdwp.so
7f900fdfe000-7f900fffd000 ---p 00051000 08:01 2242840                    /home/dmitry/Downloads/LOOM/loom/build/linux-x86_64-server-slowdebug/jdk/lib/libjdwp.so
7f900fffd000-7f900fffe000 r--p 00050000 08:01 2242840                    /home/dmitry/Downloads/LOOM/loom/build/linux-x86_64-server-slowdebug/jdk/lib/libjdwp.so
7f900fffe000-7f900ffff000 rw-p 00051000 08:01 2242840                    /home/dmitry/Downloads/LOOM/loom/build/linux-x86_64-server-slowdebug/jdk/lib/libjdwp.so
7f900ffff000-7f9010000000 rw-p 00000000 00:00 0 
7f9010000000-7f901068a000 rw-p 00000000 00:00 0 
7f901068a000-7f9014000000 ---p 00000000 00:00 0 
7f9014008000-7f9014039000 rw-p 00000000 00:00 0 
7f9014039000-7f9014069000 r-xp 00000000 08:01 2242336                    /home/dmitry/Downloads/LOOM/loom/build/linux-x86_64-server-slowdebug/jdk/lib/libjava.so
7f9014069000-7f9014268000 ---p 00030000 08:01 2242336                    /home/dmitry/Downloads/LOOM/loom/build/linux-x86_64-server-slowdebug/jdk/lib/libjava.so
7f9014268000-7f9014269000 r--p 0002f000 08:01 2242336                    /home/dmitry/Downloads/LOOM/loom/build/linux-x86_64-server-slowdebug/jdk/lib/libjava.so
7f9014269000-7f901426b000 rw-p 00030000 08:01 2242336                    /home/dmitry/Downloads/LOOM/loom/build/linux-x86_64-server-slowdebug/jdk/lib/libjava.so
7f901426b000-7f901427d000 r-xp 00000000 08:01 2242328                    /home/dmitry/Downloads/LOOM/loom/build/linux-x86_64-server-slowdebug/jdk/lib/libverify.so
7f901427d000-7f901447d000 ---p 00012000 08:01 2242328                    /home/dmitry/Downloads/LOOM/loom/build/linux-x86_64-server-slowdebug/jdk/lib/libverify.so
7f901447d000-7f901447f000 r--p 00012000 08:01 2242328                    /home/dmitry/Downloads/LOOM/loom/build/linux-x86_64-server-slowdebug/jdk/lib/libverify.so
7f901447f000-7f9014480000 rw-p 00014000 08:01 2242328                    /home/dmitry/Downloads/LOOM/loom/build/linux-x86_64-server-slowdebug/jdk/lib/libverify.so
7f9014480000-7f901461d000 r-xp 00000000 08:01 1184545                    /lib/x86_64-linux-gnu/libm-2.27.so
7f901461d000-7f901481c000 ---p 0019d000 08:01 1184545                    /lib/x86_64-linux-gnu/libm-2.27.so
7f901481c000-7f901481d000 r--p 0019c000 08:01 1184545                    /lib/x86_64-linux-gnu/libm-2.27.so
7f901481d000-7f901481e000 rw-p 0019d000 08:01 1184545                    /lib/x86_64-linux-gnu/libm-2.27.so
7f901481e000-7f9016704000 r-xp 00000000 08:01 2242326                    /home/dmitry/Downloads/LOOM/loom/build/linux-x86_64-server-slowdebug/jdk/lib/server/libjvm.so
7f9016704000-7f9016904000 ---p 01ee6000 08:01 2242326                    /home/dmitry/Downloads/LOOM/loom/build/linux-x86_64-server-slowdebug/jdk/lib/server/libjvm.so
7f9016904000-7f90169ff000 r--p 01ee6000 08:01 2242326                    /home/dmitry/Downloads/LOOM/loom/build/linux-x86_64-server-slowdebug/jdk/lib/server/libjvm.so
7f90169ff000-7f9016a3f000 rw-p 01fe1000 08:01 2242326                    /home/dmitry/Downloads/LOOM/loom/build/linux-x86_64-server-slowdebug/jdk/lib/server/libjvm.so
7f9016a3f000-7f9016b12000 rw-p 00000000 00:00 0 
7f9016b12000-7f9016b2c000 r-xp 00000000 08:01 1184615                    /lib/x86_64-linux-gnu/libpthread-2.27.so
7f9016b2c000-7f9016d2b000 ---p 0001a000 08:01 1184615                    /lib/x86_64-linux-gnu/libpthread-2.27.so
7f9016d2b000-7f9016d2c000 r--p 00019000 08:01 1184615                    /lib/x86_64-linux-gnu/libpthread-2.27.so
7f9016d2c000-7f9016d2d000 rw-p 0001a000 08:01 1184615                    /lib/x86_64-linux-gnu/libpthread-2.27.so
7f9016d2d000-7f9016d31000 rw-p 00000000 00:00 0 
7f9016d31000-7f9016d34000 r-xp 00000000 08:01 1184505                    /lib/x86_64-linux-gnu/libdl-2.27.so
7f9016d34000-7f9016f33000 ---p 00003000 08:01 1184505                    /lib/x86_64-linux-gnu/libdl-2.27.so
7f9016f33000-7f9016f34000 r--p 00002000 08:01 1184505                    /lib/x86_64-linux-gnu/libdl-2.27.so
7f9016f34000-7f9016f35000 rw-p 00003000 08:01 1184505                    /lib/x86_64-linux-gnu/libdl-2.27.so
7f9016f35000-7f9016f51000 r-xp 00000000 08:01 1184654                    /lib/x86_64-linux-gnu/libz.so.1.2.11
7f9016f51000-7f9017150000 ---p 0001c000 08:01 1184654                    /lib/x86_64-linux-gnu/libz.so.1.2.11
7f9017150000-7f9017151000 r--p 0001b000 08:01 1184654                    /lib/x86_64-linux-gnu/libz.so.1.2.11
7f9017151000-7f9017152000 rw-p 0001c000 08:01 1184654                    /lib/x86_64-linux-gnu/libz.so.1.2.11
7f9017152000-7f9017339000 r-xp 00000000 08:01 1184482                    /lib/x86_64-linux-gnu/libc-2.27.so
7f9017339000-7f9017539000 ---p 001e7000 08:01 1184482                    /lib/x86_64-linux-gnu/libc-2.27.so
7f9017539000-7f901753d000 r--p 001e7000 08:01 1184482                    /lib/x86_64-linux-gnu/libc-2.27.so
7f901753d000-7f901753f000 rw-p 001eb000 08:01 1184482                    /lib/x86_64-linux-gnu/libc-2.27.so
7f901753f000-7f9017543000 rw-p 00000000 00:00 0 
7f9017543000-7f9017556000 r-xp 00000000 08:01 2242330                    /home/dmitry/Downloads/LOOM/loom/build/linux-x86_64-server-slowdebug/jdk/lib/libjli.so
7f9017556000-7f9017755000 ---p 00013000 08:01 2242330                    /home/dmitry/Downloads/LOOM/loom/build/linux-x86_64-server-slowdebug/jdk/lib/libjli.so
7f9017755000-7f9017756000 r--p 00012000 08:01 2242330                    /home/dmitry/Downloads/LOOM/loom/build/linux-x86_64-server-slowdebug/jdk/lib/libjli.so
7f9017756000-7f9017757000 rw-p 00013000 08:01 2242330                    /home/dmitry/Downloads/LOOM/loom/build/linux-x86_64-server-slowdebug/jdk/lib/libjli.so
7f9017757000-7f901777e000 r-xp 00000000 08:01 1184454                    /lib/x86_64-linux-gnu/ld-2.27.so
7f90177ab000-7f901785e000 rw-p 00000000 00:00 0 
7f901785e000-7f9017865000 ---p 00000000 00:00 0 
7f9017865000-7f9017869000 ---p 00000000 00:00 0 
7f9017869000-7f9017968000 rw-p 00000000 00:00 0 
7f901796a000-7f9017971000 r--s 00000000 08:01 10488549                   /usr/lib/x86_64-linux-gnu/gconv/gconv-modules.cache
7f9017971000-7f9017979000 rw-s 00000000 08:01 524322                     /tmp/hsperfdata_dmitry/4855
7f9017979000-7f901797a000 ---p 00000000 00:00 0 
7f901797a000-7f901797b000 r--p 00000000 00:00 0 
7f901797b000-7f901797c000 rwxp 00000000 00:00 0 
7f901797c000-7f901797e000 rw-p 00000000 00:00 0 
7f901797e000-7f901797f000 r--p 00027000 08:01 1184454                    /lib/x86_64-linux-gnu/ld-2.27.so
7f901797f000-7f9017980000 rw-p 00028000 08:01 1184454                    /lib/x86_64-linux-gnu/ld-2.27.so
7f9017980000-7f9017981000 rw-p 00000000 00:00 0 
7ffd6401a000-7ffd6403d000 rw-p 00000000 00:00 0                          [stack]
7ffd641de000-7ffd641e1000 r--p 00000000 00:00 0                          [vvar]
7ffd641e1000-7ffd641e3000 r-xp 00000000 00:00 0                          [vdso]
ffffffffff600000-ffffffffff601000 r-xp 00000000 00:00 0                  [vsyscall]


VM Arguments:
jvm_args: -agentlib:jdwp=transport=dt_socket,address=127.0.0.1:24281,suspend=y,server=n -Dfile.encoding=UTF-8 
java_command: Main
java_class_path (initial): /home/dmitry/Downloads/LOOM/loom/build/linux-x86_64-server-slowdebug/jdk/modules/java.base:/home/dmitry/Downloads/LOOM/loom/build/linux-x86_64-server-slowdebug/jdk/modules/java.compiler:/home/dmitry/Downloads/LOOM/loom/build/linux-x86_64-server-slowdebug/jdk/modules/java.datatransfer:/home/dmitry/Downloads/LOOM/loom/build/linux-x86_64-server-slowdebug/jdk/modules/java.desktop:/home/dmitry/Downloads/LOOM/loom/build/linux-x86_64-server-slowdebug/jdk/modules/java.instrument:/home/dmitry/Downloads/LOOM/loom/build/linux-x86_64-server-slowdebug/jdk/modules/java.logging:/home/dmitry/Downloads/LOOM/loom/build/linux-x86_64-server-slowdebug/jdk/modules/java.management:/home/dmitry/Downloads/LOOM/loom/build/linux-x86_64-server-slowdebug/jdk/modules/java.management.rmi:/home/dmitry/Downloads/LOOM/loom/build/linux-x86_64-server-slowdebug/jdk/modules/java.naming:/home/dmitry/Downloads/LOOM/loom/build/linux-x86_64-server-slowdebug/jdk/modules/java.net.http:/home/dmitry/Downloads/LOOM/loom/build/linux-x86_64-server-slowdebug/jdk/modules/java.prefs:/home/dmitry/Downloads/LOOM/loom/build/linux-x86_64-server-slowdebug/jdk/modules/java.rmi:/home/dmitry/Downloads/LOOM/loom/build/linux-x86_64-server-slowdebug/jdk/modules/java.scripting:/home/dmitry/Downloads/LOOM/loom/build/linux-x86_64-server-slowdebug/jdk/modules/java.se:/home/dmitry/Downloads/LOOM/loom/build/linux-x86_64-server-slowdebug/jdk/modules/java.security.jgss:/home/dmitry/Downloads/LOOM/loom/build/linux-x86_64-server-slowdebug/jdk/modules/java.security.sasl:/home/dmitry/Downloads/LOOM/loom/build/linux-x86_64-server-slowdebug/jdk/modules/java.smartcardio:/home/dmitry/Downloads/LOOM/loom/build/linux-x86_64-server-slowdebug/jdk/modules/java.sql:/home/dmitry/Downloads/LOOM/loom/build/linux-x86_64-server-slowdebug/jdk/modules/java.sql.rowset:/home/dmitry/Downloads/LOOM/loom/build/linux-x86_64-server-slowdebug/jdk/modules/java.transaction.xa:/home/dmitry/Downloads/LOOM/loom/build/linux-x86_64-server-slo
Launcher Type: SUN_STANDARD

[Global flags]
     intx CICompilerCount                          = 3                                         {product} {ergonomic}     Number of compiler threads to run
     uint ConcGCThreads                            = 1                                         {product} {ergonomic}     Number of threads concurrent gc will use
     uint G1ConcRefinementThreads                  = 4                                         {product} {ergonomic}     The number of parallel rem set update threads. Will be set ergonomically by default.
   size_t G1HeapRegionSize                         = 1048576                                   {product} {ergonomic}     Size of the G1 regions.
    uintx GCDrainStackTargetSize                   = 64                                        {product} {ergonomic}     Number of entries we will try to leave on the stack during parallel gc
   size_t InitialHeapSize                          = 83886080                                  {product} {ergonomic}     Initial heap size (in bytes); zero means use ergonomics
   size_t MarkStackSize                            = 4194304                                   {product} {ergonomic}     Size of marking stack
   size_t MaxHeapSize                              = 1342177280                                {product} {ergonomic}     Maximum heap size (in bytes)
   size_t MaxNewSize                               = 805306368                                 {product} {ergonomic}     Maximum new generation size (in bytes), max_uintx means set ergonomically
   size_t MinHeapDeltaBytes                        = 1048576                                   {product} {ergonomic}     The minimum change in heap space due to GC (in bytes)
    uintx NonNMethodCodeHeapSize                   = 5830732                                {pd product} {ergonomic}     Size of code heap with non-nmethods (in bytes)
    uintx NonProfiledCodeHeapSize                  = 122913754                              {pd product} {ergonomic}     Size of code heap with non-profiled methods (in bytes)
    uintx ProfiledCodeHeapSize                     = 122913754                              {pd product} {ergonomic}     Size of code heap with profiled methods (in bytes)
    uintx ReservedCodeCacheSize                    = 251658240                              {pd product} {ergonomic}     Reserved code cache size (in bytes) - maximum code cache size
     bool SegmentedCodeCache                       = true                                      {product} {ergonomic}     Use a segmented code cache
     bool UseCompressedClassPointers               = true                                 {lp64_product} {ergonomic}     Use 32-bit class pointers in 64-bit VM. lp64_product means flag is always constant in 32 bit VM
     bool UseCompressedOops                        = true                                 {lp64_product} {ergonomic}     Use 32-bit object references in 64-bit VM. lp64_product means flag is always constant in 32 bit VM
     bool UseG1GC                                  = true                                      {product} {ergonomic}     Use the Garbage-First garbage collector

Logging:
Log output configuration:
 #0: stdout all=warning uptime,level,tags
 #1: stderr all=off uptime,level,tags

Environment Variables:
JAVA_HOME=/home/dmitry/usr/local/java/jdk1.8.0
PATH=/bin:/home/dmitry/Downloads/LOOM/loom/build/linux-x86_64-server-slowdebug/jdk/bin:/usr/local/sbin:/usr/local/bin:/usr/sbin:/usr/bin:/sbin:/bin:/usr/games:/usr/local/games:/snap/bin
USERNAME=dmitry
SHELL=/bin/bash
DISPLAY=:0

Signal Handlers:
SIGSEGV: [libjvm.so+0x13ad9a9], sa_mask[0]=11111111011111111101111111111110, sa_flags=SA_RESTART|SA_SIGINFO
SIGBUS: [libjvm.so+0x13ad9a9], sa_mask[0]=11111111011111111101111111111110, sa_flags=SA_RESTART|SA_SIGINFO
SIGFPE: [libjvm.so+0x13ad9a9], sa_mask[0]=11111111011111111101111111111110, sa_flags=SA_RESTART|SA_SIGINFO
SIGPIPE: [libjvm.so+0x107f0cc], sa_mask[0]=11111111011111111101111111111110, sa_flags=SA_RESTART|SA_SIGINFO
SIGXFSZ: [libjvm.so+0x107f0cc], sa_mask[0]=11111111011111111101111111111110, sa_flags=SA_RESTART|SA_SIGINFO
SIGILL: [libjvm.so+0x13ad9a9], sa_mask[0]=11111111011111111101111111111110, sa_flags=SA_RESTART|SA_SIGINFO
SIGUSR2: [libjvm.so+0x107e8e7], sa_mask[0]=00100000000000000000000000000000, sa_flags=SA_RESTART|SA_SIGINFO
SIGHUP: [libjvm.so+0x107a702], sa_mask[0]=11111111011111111101111111111110, sa_flags=SA_RESTART|SA_SIGINFO
SIGINT: [libjvm.so+0x107a702], sa_mask[0]=11111111011111111101111111111110, sa_flags=SA_RESTART|SA_SIGINFO
SIGTERM: [libjvm.so+0x107a702], sa_mask[0]=11111111011111111101111111111110, sa_flags=SA_RESTART|SA_SIGINFO
SIGQUIT: [libjvm.so+0x107a702], sa_mask[0]=11111111011111111101111111111110, sa_flags=SA_RESTART|SA_SIGINFO


---------------  S Y S T E M  ---------------

OS:DISTRIB_ID=Ubuntu
DISTRIB_RELEASE=18.04
DISTRIB_CODENAME=bionic
DISTRIB_DESCRIPTION="Ubuntu 18.04.2 LTS"
uname:Linux dmitry-VirtualBox 4.18.0-20-generic #21~18.04.1-Ubuntu SMP Wed May 8 08:43:37 UTC 2019 x86_64
libc:glibc 2.27 NPTL 2.27 
rlimit: STACK 8192k, CORE 0k, NPROC 20272, NOFILE 4096, AS infinity, DATA infinity, FSIZE infinity
load average:2,71 1,62 1,28

/proc/meminfo:
MemTotal:        5234996 kB
MemFree:          262812 kB
MemAvailable:    1621292 kB
Buffers:          432604 kB
Cached:          1304384 kB
SwapCached:           16 kB
Active:          3647636 kB
Inactive:         919368 kB
Active(anon):    2627680 kB
Inactive(anon):   536100 kB
Active(file):    1019956 kB
Inactive(file):   383268 kB
Unevictable:          32 kB
Mlocked:              32 kB
SwapTotal:       2097148 kB
SwapFree:        2096368 kB
Dirty:               632 kB
Writeback:             0 kB
AnonPages:       2830088 kB
Mapped:           680436 kB
Shmem:            333764 kB
Slab:             289656 kB
SReclaimable:     245992 kB
SUnreclaim:        43664 kB
KernelStack:       12080 kB
PageTables:        40964 kB
NFS_Unstable:          0 kB
Bounce:                0 kB
WritebackTmp:          0 kB
CommitLimit:     4714644 kB
Committed_AS:    6611612 kB
VmallocTotal:   34359738367 kB
VmallocUsed:           0 kB
VmallocChunk:          0 kB
HardwareCorrupted:     0 kB
AnonHugePages:         0 kB
ShmemHugePages:        0 kB
ShmemPmdMapped:        0 kB
CmaTotal:              0 kB
CmaFree:               0 kB
HugePages_Total:       0
HugePages_Free:        0
HugePages_Rsvd:        0
HugePages_Surp:        0
Hugepagesize:       2048 kB
Hugetlb:               0 kB
DirectMap4k:      143296 kB
DirectMap2M:     5267456 kB


/proc/sys/kernel/threads-max (system-wide limit on the number of threads):
40545


/proc/sys/vm/max_map_count (maximum number of memory map areas a process may have):
65530


/proc/sys/kernel/pid_max (system-wide limit on number of process identifiers):
32768



container (cgroup) information:
container_type: cgroupv1
cpu_cpuset_cpus: 0-3
cpu_memory_nodes: 0
active_processor_count: 4
cpu_quota: no quota
cpu_period: 100000
cpu_shares: no shares
memory_limit_in_bytes: unlimited
memory_and_swap_limit_in_bytes: not supported
memory_soft_limit_in_bytes: unlimited
memory_usage_in_bytes: 4676849664
memory_max_usage_in_bytes: unlimited

KVM virtualization detected
Steal ticks since vm start: 0
Steal ticks percentage since vm start:  0,000

CPU:total 4 (initial active 4) (4 cores per cpu, 1 threads per core) family 6 model 60 stepping 3, cmov, cx8, fxsr, mmx, sse, sse2, sse3, ssse3, sse4.1, sse4.2, popcnt, avx, avx2, aes, clmul, lzcnt, tsc, tscinvbit
CPU Model and flags from /proc/cpuinfo:
model name	: Intel(R) Core(TM) i7-4700HQ CPU @ 2.40GHz
flags		: fpu vme de pse tsc msr pae mce cx8 apic sep mtrr pge mca cmov pat pse36 clflush mmx fxsr sse sse2 ht syscall nx rdtscp lm constant_tsc rep_good nopl xtopology nonstop_tsc cpuid tsc_known_freq pni pclmulqdq ssse3 cx16 pcid sse4_1 sse4_2 x2apic movbe popcnt aes xsave avx rdrand hypervisor lahf_lm abm invpcid_single pti fsgsbase avx2 invpcid flush_l1d

Memory: 4k page, physical 5234996k(262812k free), swap 2097148k(2096368k free)

vm_info: OpenJDK 64-Bit Server VM (slowdebug 13-internal+0-adhoc.dmitry.loom) for linux-amd64 JRE (13-internal+0-adhoc.dmitry.loom), built on Jun  6 2019 22:40:10 by "dmitry" with gcc 7.4.0

END.
