#
# A fatal error has been detected by the Java Runtime Environment:
#
#  SIGSEGV (0xb) at pc=0x00007f55048ebeca, pid=2810, tid=2850
#
# JRE version: OpenJDK Runtime Environment (13.0) (build 13-internal+0-adhoc.dmitry.loom)
# Java VM: OpenJDK 64-Bit Server VM (13-internal+0-adhoc.dmitry.loom, mixed mode, tiered, compressed oops, g1 gc, linux-amd64)
# Problematic frame:
# V  [libjvm.so+0x683eca]  ContMirror::read()+0x1a
#
# Core dump will be written. Default location: Core dumps may be processed with "/usr/share/apport/apport %p %s %c %d %P" (or dumping to /home/dmitry/Downloads/LoadDetector/core.2810)
#
# If you would like to submit a bug report, please visit:
#   http://bugreport.java.com/bugreport/crash.jsp
#

---------------  S U M M A R Y ------------

Command Line: -agentlib:jdwp=transport=dt_socket,address=127.0.0.1:15129,suspend=y,server=n -Dfile.encoding=UTF-8 Main

Host: Intel(R) Core(TM) i7-4700HQ CPU @ 2.40GHz, 4 cores, 4G, Ubuntu 18.04.2 LTS
Time: Wed May 15 15:12:12 2019 MSK elapsed time: 7 seconds (0d 0h 0m 7s)

---------------  T H R E A D  ---------------

Current thread (0x00007f54fc2bf000):  JavaThread "Thread-1" [_thread_in_vm, id=2850, stack(0x00007f54bb4da000,0x00007f54bb5db000)]

Stack: [0x00007f54bb4da000,0x00007f54bb5db000],  sp=0x00007f54bb5d71b0,  free space=1012k
Native frames: (J=compiled Java code, A=aot compiled Java code, j=interpreted, Vv=VM code, C=native code)
V  [libjvm.so+0x683eca]  ContMirror::read()+0x1a
V  [libjvm.so+0x688b27]  Continuation::freeze0(JavaThread*, FrameInfo*, bool) [clone .part.304]+0x507
V  [libjvm.so+0x689277]  Continuation::freeze(JavaThread*, FrameInfo*)+0x127
v  ~RuntimeStub::cont_doYield
C  0x00007f54bb5d9838
j  java.lang.Continuation.pause(Ljava/lang/ContinuationScope;)Z+3 java.base
j  Main.lambda$main$1(Ljava/lang/Continuation;Ljava/lang/ContinuationScope;Ljava/lang/Thread;)V+21
j  Main$$Lambda$42.run()V+12
j  java.lang.Thread.run()V+11 java.base
v  ~StubRoutines::call_stub
V  [libjvm.so+0x8bcf09]  JavaCalls::call_helper(JavaValue*, methodHandle const&, JavaCallArguments*, Thread*)+0x3c9
V  [libjvm.so+0x8baf25]  JavaCalls::call_virtual(JavaValue*, Handle, Klass*, Symbol*, Symbol*, Thread*)+0x1e5
V  [libjvm.so+0x965d9c]  thread_entry(JavaThread*, Thread*)+0x6c
V  [libjvm.so+0xf73852]  JavaThread::run()+0x232
V  [libjvm.so+0xf715cd]  Thread::call_run()+0x10d
V  [libjvm.so+0xc8b937]  thread_native_entry(Thread*)+0xe7

Java frames: (J=compiled Java code, j=interpreted, Vv=VM code)
v  ~RuntimeStub::cont_doYield
j  java.lang.Continuation.yield0(Ljava/lang/ContinuationScope;Ljava/lang/Continuation;)Z+60 java.base
j  java.lang.Continuation.pause(Ljava/lang/ContinuationScope;)Z+3 java.base
j  Main.lambda$main$1(Ljava/lang/Continuation;Ljava/lang/ContinuationScope;Ljava/lang/Thread;)V+21
j  Main$$Lambda$42.run()V+12
j  java.lang.Thread.run()V+11 java.base
v  ~StubRoutines::call_stub

siginfo: si_signo: 11 (SIGSEGV), si_code: 1 (SEGV_MAPERR), si_addr: 0x0000000000000020

Register to memory mapping:

RAX=0x0000000000000020 is an unknown value
RBX=0x00007f54bb5d8550 is pointing into the stack for thread: 0x00007f54fc2bf000
RCX=0x00007f54ed013c98 is pointing into interpreter code (not bytecode specific)
RDX=0x00007f55058e6b58: <offset 0x000000000167eb58> in /home/dmitry/Downloads/LOOM/loom/build/linux-x86_64-server-release/jdk/lib/server/libjvm.so at 0x00007f5504268000
RSP=0x00007f54bb5d71b0 is pointing into the stack for thread: 0x00007f54fc2bf000
RBP=0x00007f54bb5d71c0 is pointing into the stack for thread: 0x00007f54fc2bf000
RSI=0x00007f54bb5d9838 is pointing into the stack for thread: 0x00007f54fc2bf000
RDI=0x0 is NULL
R8 =0x00007f54ed000000 points into unknown readable memory: 04 00 00 00 00 00 00 00
R9 =0x000000000000000b is an unknown value
R10=0x0000000000000800 is an unknown value
R11=0x0000000000000400 is an unknown value
R12=0x00007f54a8000e40 points into unknown readable memory: 00 00 00 00 00 00 00 00
R13=0x00007f54bb5d8550 is pointing into the stack for thread: 0x00007f54fc2bf000
R14=0x00007f54fc2b99c0 points into unknown readable memory: 02 00 00 00 00 00 00 00
R15=0x00007f54bb5d9810 is pointing into the stack for thread: 0x00007f54fc2bf000


Registers:
RAX=0x0000000000000020, RBX=0x00007f54bb5d8550, RCX=0x00007f54ed013c98, RDX=0x00007f55058e6b58
RSP=0x00007f54bb5d71b0, RBP=0x00007f54bb5d71c0, RSI=0x00007f54bb5d9838, RDI=0x0000000000000000
R8 =0x00007f54ed000000, R9 =0x000000000000000b, R10=0x0000000000000800, R11=0x0000000000000400
R12=0x00007f54a8000e40, R13=0x00007f54bb5d8550, R14=0x00007f54fc2b99c0, R15=0x00007f54bb5d9810
RIP=0x00007f55048ebeca, EFLAGS=0x0000000000010202, CSGSFS=0x002b000000000033, ERR=0x0000000000000004
  TRAPNO=0x000000000000000e

Top of Stack: (sp=0x00007f54bb5d71b0)
0x00007f54bb5d71b0:   00007f54ed0194c0 00007f54fc2bf000
0x00007f54bb5d71c0:   00007f54bb5d97c0 00007f55048f0b27
0x00007f54bb5d71d0:   00007f54fc2bf000 00007f54bb5d72d0
0x00007f54bb5d71e0:   0000000000000000 00007f55058e4220 

Instructions: (pc=0x00007f55048ebeca)
0x00007f55048ebdca:   08 48 63 00 89 0c 02 48 8d 05 fc e4 fd 00 48 8b
0x00007f55048ebdda:   4b 30 48 8b 53 08 48 63 00 48 89 0c 02 48 8d 05
0x00007f55048ebdea:   de e4 fd 00 48 8b 53 08 48 8b 4b 38 48 63 00 48
0x00007f55048ebdfa:   89 0c 02 48 8d 05 c4 e4 fd 00 8b 4b 60 48 8b 53
0x00007f55048ebe0a:   08 48 63 00 89 0c 02 48 8d 05 c8 e4 fd 00 48 8b
0x00007f55048ebe1a:   53 08 48 8b 4b 10 48 63 00 48 89 0c 02 48 8d 05
0x00007f55048ebe2a:   ae e4 fd 00 48 8b 4b 18 48 8b 53 08 48 63 00 48
0x00007f55048ebe3a:   89 0c 02 48 8d 05 94 e4 fd 00 48 63 00 48 8b 53
0x00007f55048ebe4a:   08 48 8b 4b 20 48 89 0c 02 48 8d 05 9e e4 fd 00
0x00007f55048ebe5a:   48 8b 53 08 48 8b 4b 58 48 63 00 89 0c 02 48 8d
0x00007f55048ebe6a:   05 51 e4 fd 00 0f b6 4b 70 48 8b 53 08 48 63 00
0x00007f55048ebe7a:   88 0c 02 48 8d 05 70 e4 fd 00 0f b7 4b 74 48 8b
0x00007f55048ebe8a:   53 08 48 63 00 66 89 0c 02 48 8d 05 56 e4 fd 00
0x00007f55048ebe9a:   0f b7 4b 72 48 8b 53 08 48 63 00 66 89 0c 02 48
0x00007f55048ebeaa:   83 c4 08 5b 5d c3 55 48 89 e5 53 48 89 fb 48 83
0x00007f55048ebeba:   ec 08 48 8d 05 1d e4 fd 00 48 8b 7f 08 48 63 00
0x00007f55048ebeca:   48 8b 04 38 48 89 43 10 48 8d 05 03 e4 fd 00 48
0x00007f55048ebeda:   63 00 48 8b 04 38 48 89 43 18 48 8d 05 ed e3 fd
0x00007f55048ebeea:   00 48 63 00 48 8b 04 38 48 89 43 20 48 8d 05 d3
0x00007f55048ebefa:   e3 fd 00 48 63 00 8b 04 38 89 43 28 48 8d 05 c7
0x00007f55048ebf0a:   e3 fd 00 48 63 00 48 8b 04 38 48 89 43 30 48 8d
0x00007f55048ebf1a:   05 ad e3 fd 00 48 63 00 48 8b 04 38 48 89 43 38
0x00007f55048ebf2a:   48 8d 05 cb e3 fd 00 48 63 30 ff 15 06 41 f7 00
0x00007f55048ebf3a:   48 85 c0 48 89 43 40 0f 84 b9 01 00 00 48 8d 15
0x00007f55048ebf4a:   8e c8 fd 00 80 3a 01 48 19 c9 83 e1 04 80 3a 01
0x00007f55048ebf5a:   8b 4c 08 0c 48 19 d2 89 4b 48 83 e2 08 48 8d 44
0x00007f55048ebf6a:   10 10 48 89 43 50 48 8d 05 81 e3 fd 00 48 8b 7b
0x00007f55048ebf7a:   08 48 63 00 48 63 04 07 48 89 43 58 48 8d 05 5f
0x00007f55048ebf8a:   e3 fd 00 48 63 30 ff 15 aa 40 f7 00 48 8d 15 2b
0x00007f55048ebf9a:   e3 fd 00 48 89 43 68 48 8b 43 08 48 83 3d 83 ad
0x00007f55048ebfaa:   fb 00 00 48 63 12 8b 14 02 89 53 60 48 8d 15 03
0x00007f55048ebfba:   e3 fd 00 48 63 12 0f b6 14 02 88 53 70 48 8d 15 


Stack slot to memory mapping:
stack at sp + 0 slots: 0x00007f54ed0194c0 is at code_begin+3872 in an Interpreter codelet
invoke return entry points  [0x00007f54ed0185a0, 0x00007f54ed01adc0]  10272 bytes
stack at sp + 1 slots: 0x00007f54fc2bf000 is a thread
stack at sp + 2 slots: 0x00007f54bb5d97c0 is pointing into the stack for thread: 0x00007f54fc2bf000
stack at sp + 3 slots: 0x00007f55048f0b27: <offset 0x0000000000688b27> in /home/dmitry/Downloads/LOOM/loom/build/linux-x86_64-server-release/jdk/lib/server/libjvm.so at 0x00007f5504268000
stack at sp + 4 slots: 0x00007f54fc2bf000 is a thread
stack at sp + 5 slots: 0x00007f54bb5d72d0 is pointing into the stack for thread: 0x00007f54fc2bf000
stack at sp + 6 slots: 0x0 is NULL
stack at sp + 7 slots: 0x00007f55058e4220: <offset 0x000000000167c220> in /home/dmitry/Downloads/LOOM/loom/build/linux-x86_64-server-release/jdk/lib/server/libjvm.so at 0x00007f5504268000


---------------  P R O C E S S  ---------------

Threads class SMR info:
_java_thread_list=0x00007f54a8000b20, length=14, elements={
0x00007f54fc13b800, 0x00007f54fc13f000, 0x00007f54fc161000, 0x00007f54fc165800,
0x00007f54fc167800, 0x00007f54fc169800, 0x00007f54fc182000, 0x00007f54fc2a6800,
0x00007f54fc2a9800, 0x00007f54ac001800, 0x00007f54fc2ac000, 0x00007f54fc2bf000,
0x00007f54fc2c0800, 0x00007f54fc017800
}

Java Threads: ( => current thread )
  0x00007f54fc13b800 JavaThread "Reference Handler" daemon [_thread_blocked, id=2825, stack(0x00007f54e91fd000,0x00007f54e92fe000)]
  0x00007f54fc13f000 JavaThread "Finalizer" daemon [_thread_blocked, id=2826, stack(0x00007f54e90fc000,0x00007f54e91fd000)]
  0x00007f54fc161000 JavaThread "Signal Dispatcher" daemon [_thread_blocked, id=2829, stack(0x00007f54e862c000,0x00007f54e872d000)]
  0x00007f54fc165800 JavaThread "C2 CompilerThread0" daemon [_thread_blocked, id=2830, stack(0x00007f54e852b000,0x00007f54e862c000)]
  0x00007f54fc167800 JavaThread "C1 CompilerThread0" daemon [_thread_blocked, id=2831, stack(0x00007f54e842a000,0x00007f54e852b000)]
  0x00007f54fc169800 JavaThread "Sweeper thread" daemon [_thread_blocked, id=2833, stack(0x00007f54e8329000,0x00007f54e842a000)]
  0x00007f54fc182000 JavaThread "Common-Cleaner" daemon [_thread_blocked, id=2837, stack(0x00007f54e8016000,0x00007f54e8117000)]
  0x00007f54fc2a6800 JavaThread "JDWP Transport Listener: dt_socket" daemon [_thread_blocked, id=2844, stack(0x00007f54bb9e0000,0x00007f54bbae1000)]
  0x00007f54fc2a9800 JavaThread "JDWP Event Helper Thread" daemon [_thread_blocked, id=2846, stack(0x00007f54bb8df000,0x00007f54bb9e0000)]
  0x00007f54ac001800 JavaThread "JDWP Command Reader" daemon [_thread_in_native, id=2847, stack(0x00007f54bb7de000,0x00007f54bb8df000)]
  0x00007f54fc2ac000 JavaThread "Service Thread" daemon [_thread_blocked, id=2848, stack(0x00007f54bb6dd000,0x00007f54bb7de000)]
=>0x00007f54fc2bf000 JavaThread "Thread-1" [_thread_in_vm, id=2850, stack(0x00007f54bb4da000,0x00007f54bb5db000)]
  0x00007f54fc2c0800 JavaThread "Thread-0" [_thread_blocked, id=2851, stack(0x00007f54bb3d9000,0x00007f54bb4da000)]
  0x00007f54fc017800 JavaThread "DestroyJavaVM" [_thread_blocked, id=2811, stack(0x00007f550666c000,0x00007f550676d000)]

Other Threads:
  0x00007f54fc12f800 VMThread "VM Thread" [stack: 0x00007f54e9300000,0x00007f54e9400000] [id=2823] _threads_hazard_ptr=0x00007f54a8000b20
  0x00007f54fc2ae800 WatcherThread [stack: 0x00007f54bb5dd000,0x00007f54bb6dd000] [id=2849]
  0x00007f54fc05b000 GCTaskThread "GC Thread#0" [stack: 0x00007f550098e000,0x00007f5500a8e000] [id=2813]
  0x00007f54fc065000 ConcurrentGCThread "G1 Main Marker" [stack: 0x00007f550088c000,0x00007f550098c000] [id=2814]
  0x00007f54fc066800 ConcurrentGCThread "G1 Conc#0" [stack: 0x00007f550078a000,0x00007f550088a000] [id=2815]
  0x00007f54fc0bb000 ConcurrentGCThread "G1 Refine#0" [stack: 0x00007f5500284000,0x00007f5500384000] [id=2818]
  0x00007f54fc0bc800 ConcurrentGCThread "G1 Young RemSet Sampling" [stack: 0x00007f5500182000,0x00007f5500282000] [id=2820]

Threads with active compile tasks:

VM state:synchronizing (normal execution)

VM Mutex/Monitor currently owned by a thread:  ([mutex/lock_event])
[0x00007f54fc0128c0] Threads_lock - owner thread: 0x00007f54fc12f800

Heap address: 0x00000000b0000000, size: 1280 MB, Compressed Oops mode: 32-bit
Narrow klass base: 0x0000000000000000, Narrow klass shift: 3
Compressed class space size: 1073741824 Address: 0x0000000100000000

Heap:
 garbage-first heap   total 81920K, used 7168K [0x00000000b0000000, 0x0000000100000000)
  region size 1024K, 8 young (8192K), 0 survivors (0K)
 Metaspace       used 7064K, capacity 7212K, committed 7424K, reserved 1056768K
  class space    used 610K, capacity 663K, committed 768K, reserved 1048576K
Heap Regions: E=young(eden), S=young(survivor), O=old, HS=humongous(starts), HC=humongous(continues), CS=collection set, F=free, A=archive, TAMS=top-at-mark-start (previous, next)
|   0|0x00000000b0000000, 0x00000000b0000000, 0x00000000b0100000|  0%| F|  |TAMS 0x00000000b0000000, 0x00000000b0000000| Untracked 
|   1|0x00000000b0100000, 0x00000000b0100000, 0x00000000b0200000|  0%| F|  |TAMS 0x00000000b0100000, 0x00000000b0100000| Untracked 
|   2|0x00000000b0200000, 0x00000000b0200000, 0x00000000b0300000|  0%| F|  |TAMS 0x00000000b0200000, 0x00000000b0200000| Untracked 
|   3|0x00000000b0300000, 0x00000000b0300000, 0x00000000b0400000|  0%| F|  |TAMS 0x00000000b0300000, 0x00000000b0300000| Untracked 
|   4|0x00000000b0400000, 0x00000000b0400000, 0x00000000b0500000|  0%| F|  |TAMS 0x00000000b0400000, 0x00000000b0400000| Untracked 
|   5|0x00000000b0500000, 0x00000000b0500000, 0x00000000b0600000|  0%| F|  |TAMS 0x00000000b0500000, 0x00000000b0500000| Untracked 
|   6|0x00000000b0600000, 0x00000000b0600000, 0x00000000b0700000|  0%| F|  |TAMS 0x00000000b0600000, 0x00000000b0600000| Untracked 
|   7|0x00000000b0700000, 0x00000000b0700000, 0x00000000b0800000|  0%| F|  |TAMS 0x00000000b0700000, 0x00000000b0700000| Untracked 
|   8|0x00000000b0800000, 0x00000000b0800000, 0x00000000b0900000|  0%| F|  |TAMS 0x00000000b0800000, 0x00000000b0800000| Untracked 
|   9|0x00000000b0900000, 0x00000000b0900000, 0x00000000b0a00000|  0%| F|  |TAMS 0x00000000b0900000, 0x00000000b0900000| Untracked 
|  10|0x00000000b0a00000, 0x00000000b0a00000, 0x00000000b0b00000|  0%| F|  |TAMS 0x00000000b0a00000, 0x00000000b0a00000| Untracked 
|  11|0x00000000b0b00000, 0x00000000b0b00000, 0x00000000b0c00000|  0%| F|  |TAMS 0x00000000b0b00000, 0x00000000b0b00000| Untracked 
|  12|0x00000000b0c00000, 0x00000000b0c00000, 0x00000000b0d00000|  0%| F|  |TAMS 0x00000000b0c00000, 0x00000000b0c00000| Untracked 
|  13|0x00000000b0d00000, 0x00000000b0d00000, 0x00000000b0e00000|  0%| F|  |TAMS 0x00000000b0d00000, 0x00000000b0d00000| Untracked 
|  14|0x00000000b0e00000, 0x00000000b0e00000, 0x00000000b0f00000|  0%| F|  |TAMS 0x00000000b0e00000, 0x00000000b0e00000| Untracked 
|  15|0x00000000b0f00000, 0x00000000b0f00000, 0x00000000b1000000|  0%| F|  |TAMS 0x00000000b0f00000, 0x00000000b0f00000| Untracked 
|  16|0x00000000b1000000, 0x00000000b1000000, 0x00000000b1100000|  0%| F|  |TAMS 0x00000000b1000000, 0x00000000b1000000| Untracked 
|  17|0x00000000b1100000, 0x00000000b1100000, 0x00000000b1200000|  0%| F|  |TAMS 0x00000000b1100000, 0x00000000b1100000| Untracked 
|  18|0x00000000b1200000, 0x00000000b1200000, 0x00000000b1300000|  0%| F|  |TAMS 0x00000000b1200000, 0x00000000b1200000| Untracked 
|  19|0x00000000b1300000, 0x00000000b1300000, 0x00000000b1400000|  0%| F|  |TAMS 0x00000000b1300000, 0x00000000b1300000| Untracked 
|  20|0x00000000b1400000, 0x00000000b1400000, 0x00000000b1500000|  0%| F|  |TAMS 0x00000000b1400000, 0x00000000b1400000| Untracked 
|  21|0x00000000b1500000, 0x00000000b1500000, 0x00000000b1600000|  0%| F|  |TAMS 0x00000000b1500000, 0x00000000b1500000| Untracked 
|  22|0x00000000b1600000, 0x00000000b1600000, 0x00000000b1700000|  0%| F|  |TAMS 0x00000000b1600000, 0x00000000b1600000| Untracked 
|  23|0x00000000b1700000, 0x00000000b1700000, 0x00000000b1800000|  0%| F|  |TAMS 0x00000000b1700000, 0x00000000b1700000| Untracked 
|  24|0x00000000b1800000, 0x00000000b1800000, 0x00000000b1900000|  0%| F|  |TAMS 0x00000000b1800000, 0x00000000b1800000| Untracked 
|  25|0x00000000b1900000, 0x00000000b1900000, 0x00000000b1a00000|  0%| F|  |TAMS 0x00000000b1900000, 0x00000000b1900000| Untracked 
|  26|0x00000000b1a00000, 0x00000000b1a00000, 0x00000000b1b00000|  0%| F|  |TAMS 0x00000000b1a00000, 0x00000000b1a00000| Untracked 
|  27|0x00000000b1b00000, 0x00000000b1b00000, 0x00000000b1c00000|  0%| F|  |TAMS 0x00000000b1b00000, 0x00000000b1b00000| Untracked 
|  28|0x00000000b1c00000, 0x00000000b1c00000, 0x00000000b1d00000|  0%| F|  |TAMS 0x00000000b1c00000, 0x00000000b1c00000| Untracked 
|  29|0x00000000b1d00000, 0x00000000b1d00000, 0x00000000b1e00000|  0%| F|  |TAMS 0x00000000b1d00000, 0x00000000b1d00000| Untracked 
|  30|0x00000000b1e00000, 0x00000000b1e00000, 0x00000000b1f00000|  0%| F|  |TAMS 0x00000000b1e00000, 0x00000000b1e00000| Untracked 
|  31|0x00000000b1f00000, 0x00000000b1f00000, 0x00000000b2000000|  0%| F|  |TAMS 0x00000000b1f00000, 0x00000000b1f00000| Untracked 
|  32|0x00000000b2000000, 0x00000000b2000000, 0x00000000b2100000|  0%| F|  |TAMS 0x00000000b2000000, 0x00000000b2000000| Untracked 
|  33|0x00000000b2100000, 0x00000000b2100000, 0x00000000b2200000|  0%| F|  |TAMS 0x00000000b2100000, 0x00000000b2100000| Untracked 
|  34|0x00000000b2200000, 0x00000000b2200000, 0x00000000b2300000|  0%| F|  |TAMS 0x00000000b2200000, 0x00000000b2200000| Untracked 
|  35|0x00000000b2300000, 0x00000000b2300000, 0x00000000b2400000|  0%| F|  |TAMS 0x00000000b2300000, 0x00000000b2300000| Untracked 
|  36|0x00000000b2400000, 0x00000000b2400000, 0x00000000b2500000|  0%| F|  |TAMS 0x00000000b2400000, 0x00000000b2400000| Untracked 
|  37|0x00000000b2500000, 0x00000000b2500000, 0x00000000b2600000|  0%| F|  |TAMS 0x00000000b2500000, 0x00000000b2500000| Untracked 
|  38|0x00000000b2600000, 0x00000000b2600000, 0x00000000b2700000|  0%| F|  |TAMS 0x00000000b2600000, 0x00000000b2600000| Untracked 
|  39|0x00000000b2700000, 0x00000000b2700000, 0x00000000b2800000|  0%| F|  |TAMS 0x00000000b2700000, 0x00000000b2700000| Untracked 
|  40|0x00000000b2800000, 0x00000000b2800000, 0x00000000b2900000|  0%| F|  |TAMS 0x00000000b2800000, 0x00000000b2800000| Untracked 
|  41|0x00000000b2900000, 0x00000000b2900000, 0x00000000b2a00000|  0%| F|  |TAMS 0x00000000b2900000, 0x00000000b2900000| Untracked 
|  42|0x00000000b2a00000, 0x00000000b2a00000, 0x00000000b2b00000|  0%| F|  |TAMS 0x00000000b2a00000, 0x00000000b2a00000| Untracked 
|  43|0x00000000b2b00000, 0x00000000b2b00000, 0x00000000b2c00000|  0%| F|  |TAMS 0x00000000b2b00000, 0x00000000b2b00000| Untracked 
|  44|0x00000000b2c00000, 0x00000000b2c00000, 0x00000000b2d00000|  0%| F|  |TAMS 0x00000000b2c00000, 0x00000000b2c00000| Untracked 
|  45|0x00000000b2d00000, 0x00000000b2d00000, 0x00000000b2e00000|  0%| F|  |TAMS 0x00000000b2d00000, 0x00000000b2d00000| Untracked 
|  46|0x00000000b2e00000, 0x00000000b2e00000, 0x00000000b2f00000|  0%| F|  |TAMS 0x00000000b2e00000, 0x00000000b2e00000| Untracked 
|  47|0x00000000b2f00000, 0x00000000b2f00000, 0x00000000b3000000|  0%| F|  |TAMS 0x00000000b2f00000, 0x00000000b2f00000| Untracked 
|  48|0x00000000b3000000, 0x00000000b3000000, 0x00000000b3100000|  0%| F|  |TAMS 0x00000000b3000000, 0x00000000b3000000| Untracked 
|  49|0x00000000b3100000, 0x00000000b3100000, 0x00000000b3200000|  0%| F|  |TAMS 0x00000000b3100000, 0x00000000b3100000| Untracked 
|  50|0x00000000b3200000, 0x00000000b3200000, 0x00000000b3300000|  0%| F|  |TAMS 0x00000000b3200000, 0x00000000b3200000| Untracked 
|  51|0x00000000b3300000, 0x00000000b3300000, 0x00000000b3400000|  0%| F|  |TAMS 0x00000000b3300000, 0x00000000b3300000| Untracked 
|  52|0x00000000b3400000, 0x00000000b3400000, 0x00000000b3500000|  0%| F|  |TAMS 0x00000000b3400000, 0x00000000b3400000| Untracked 
|  53|0x00000000b3500000, 0x00000000b3500000, 0x00000000b3600000|  0%| F|  |TAMS 0x00000000b3500000, 0x00000000b3500000| Untracked 
|  54|0x00000000b3600000, 0x00000000b3600000, 0x00000000b3700000|  0%| F|  |TAMS 0x00000000b3600000, 0x00000000b3600000| Untracked 
|  55|0x00000000b3700000, 0x00000000b3700000, 0x00000000b3800000|  0%| F|  |TAMS 0x00000000b3700000, 0x00000000b3700000| Untracked 
|  56|0x00000000b3800000, 0x00000000b3800000, 0x00000000b3900000|  0%| F|  |TAMS 0x00000000b3800000, 0x00000000b3800000| Untracked 
|  57|0x00000000b3900000, 0x00000000b3900000, 0x00000000b3a00000|  0%| F|  |TAMS 0x00000000b3900000, 0x00000000b3900000| Untracked 
|  58|0x00000000b3a00000, 0x00000000b3a00000, 0x00000000b3b00000|  0%| F|  |TAMS 0x00000000b3a00000, 0x00000000b3a00000| Untracked 
|  59|0x00000000b3b00000, 0x00000000b3b00000, 0x00000000b3c00000|  0%| F|  |TAMS 0x00000000b3b00000, 0x00000000b3b00000| Untracked 
|  60|0x00000000b3c00000, 0x00000000b3c00000, 0x00000000b3d00000|  0%| F|  |TAMS 0x00000000b3c00000, 0x00000000b3c00000| Untracked 
|  61|0x00000000b3d00000, 0x00000000b3d00000, 0x00000000b3e00000|  0%| F|  |TAMS 0x00000000b3d00000, 0x00000000b3d00000| Untracked 
|  62|0x00000000b3e00000, 0x00000000b3e00000, 0x00000000b3f00000|  0%| F|  |TAMS 0x00000000b3e00000, 0x00000000b3e00000| Untracked 
|  63|0x00000000b3f00000, 0x00000000b3f00000, 0x00000000b4000000|  0%| F|  |TAMS 0x00000000b3f00000, 0x00000000b3f00000| Untracked 
|  64|0x00000000b4000000, 0x00000000b4000000, 0x00000000b4100000|  0%| F|  |TAMS 0x00000000b4000000, 0x00000000b4000000| Untracked 
|  65|0x00000000b4100000, 0x00000000b4100000, 0x00000000b4200000|  0%| F|  |TAMS 0x00000000b4100000, 0x00000000b4100000| Untracked 
|  66|0x00000000b4200000, 0x00000000b4200000, 0x00000000b4300000|  0%| F|  |TAMS 0x00000000b4200000, 0x00000000b4200000| Untracked 
|  67|0x00000000b4300000, 0x00000000b4300000, 0x00000000b4400000|  0%| F|  |TAMS 0x00000000b4300000, 0x00000000b4300000| Untracked 
|  68|0x00000000b4400000, 0x00000000b4400000, 0x00000000b4500000|  0%| F|  |TAMS 0x00000000b4400000, 0x00000000b4400000| Untracked 
|  69|0x00000000b4500000, 0x00000000b4500000, 0x00000000b4600000|  0%| F|  |TAMS 0x00000000b4500000, 0x00000000b4500000| Untracked 
|  70|0x00000000b4600000, 0x00000000b4600000, 0x00000000b4700000|  0%| F|  |TAMS 0x00000000b4600000, 0x00000000b4600000| Untracked 
|  71|0x00000000b4700000, 0x00000000b4700000, 0x00000000b4800000|  0%| F|  |TAMS 0x00000000b4700000, 0x00000000b4700000| Untracked 
|  72|0x00000000b4800000, 0x00000000b4900000, 0x00000000b4900000|100%| E|  |TAMS 0x00000000b4800000, 0x00000000b4800000| Complete 
|  73|0x00000000b4900000, 0x00000000b4a00000, 0x00000000b4a00000|100%| E|CS|TAMS 0x00000000b4900000, 0x00000000b4900000| Complete 
|  74|0x00000000b4a00000, 0x00000000b4b00000, 0x00000000b4b00000|100%| E|CS|TAMS 0x00000000b4a00000, 0x00000000b4a00000| Complete 
|  75|0x00000000b4b00000, 0x00000000b4c00000, 0x00000000b4c00000|100%| E|CS|TAMS 0x00000000b4b00000, 0x00000000b4b00000| Complete 
|  76|0x00000000b4c00000, 0x00000000b4d00000, 0x00000000b4d00000|100%| E|CS|TAMS 0x00000000b4c00000, 0x00000000b4c00000| Complete 
|  77|0x00000000b4d00000, 0x00000000b4e00000, 0x00000000b4e00000|100%| E|CS|TAMS 0x00000000b4d00000, 0x00000000b4d00000| Complete 
|  78|0x00000000b4e00000, 0x00000000b4f00000, 0x00000000b4f00000|100%| E|CS|TAMS 0x00000000b4e00000, 0x00000000b4e00000| Complete 
|  79|0x00000000b4f00000, 0x00000000b5000000, 0x00000000b5000000|100%| E|CS|TAMS 0x00000000b4f00000, 0x00000000b4f00000| Complete 

Card table byte_map: [0x00007f550210e000,0x00007f550238e000] _byte_map_base: 0x00007f5501b8e000

Marking Bits (Prev, Next): (CMBitMap*) 0x00007f54fc05c518, (CMBitMap*) 0x00007f54fc05c558
 Prev Bits: [0x00007f5500a8e000, 0x00007f5501e8e000)
 Next Bits: [0x00007f54ebc00000, 0x00007f54ed000000)

Polling page: 0x00007f5506780000

Metaspace:

Usage:
  Non-class:      6,40 MB capacity,     6,30 MB ( 99%) used,    84,16 KB (  1%) free+waste,    10,69 KB ( <1%) overhead. 
      Class:    663,00 KB capacity,   610,20 KB ( 92%) used,    47,23 KB (  7%) free+waste,     5,56 KB ( <1%) overhead. 
       Both:      7,04 MB capacity,     6,90 MB ( 98%) used,   131,39 KB (  2%) free+waste,    16,25 KB ( <1%) overhead. 

Virtual space:
  Non-class space:        8,00 MB reserved,       6,50 MB ( 81%) committed 
      Class space:        1,00 GB reserved,     768,00 KB ( <1%) committed 
             Both:        1,01 GB reserved,       7,25 MB ( <1%) committed 

Chunk freelists:
   Non-Class:  43,00 KB
       Class:  9,00 KB
        Both:  52,00 KB

MaxMetaspaceSize: unlimited
CompressedClassSpaceSize: 1,00 GB

CodeHeap 'non-profiled nmethods': size=120032Kb used=200Kb max_used=200Kb free=119831Kb
 bounds [0x00007f54f4ac8000, 0x00007f54f4d38000, 0x00007f54fc000000]
CodeHeap 'profiled nmethods': size=120032Kb used=847Kb max_used=847Kb free=119184Kb
 bounds [0x00007f54ed590000, 0x00007f54ed800000, 0x00007f54f4ac8000]
CodeHeap 'non-nmethods': size=5696Kb used=1183Kb max_used=1200Kb free=4512Kb
 bounds [0x00007f54ed000000, 0x00007f54ed270000, 0x00007f54ed590000]
 total_blobs=1032 nmethods=554 adapters=248
 compilation: enabled
              stopped_count=0, restarted_count=0
 full_count=0

Compilation events (10 events):
Event: 1,412 Thread 0x00007f54fc167800  554       3       jdk.internal.reflect.ReflectionFactory::langReflectAccess (15 bytes)
Event: 1,413 Thread 0x00007f54fc167800 nmethod 554 0x00007f54ed662610 code [0x00007f54ed6627c0, 0x00007f54ed6629d0]
Event: 1,451 Thread 0x00007f54fc167800  557       3       java.lang.invoke.MemberName::isConstructor (8 bytes)
Event: 1,451 Thread 0x00007f54fc167800 nmethod 557 0x00007f54ed662a90 code [0x00007f54ed662c40, 0x00007f54ed662ed0]
Event: 1,451 Thread 0x00007f54fc167800  558       3       java.lang.invoke.MethodType::toMethodDescriptorString (28 bytes)
Event: 1,452 Thread 0x00007f54fc167800 nmethod 558 0x00007f54ed662f90 code [0x00007f54ed663140, 0x00007f54ed663388]
Event: 1,452 Thread 0x00007f54fc167800  556       3       java.lang.ref.SoftReference::get (29 bytes)
Event: 1,452 Thread 0x00007f54fc167800 nmethod 556 0x00007f54ed663410 code [0x00007f54ed6635c0, 0x00007f54ed6637f0]
Event: 1,454 Thread 0x00007f54fc167800  559       3       jdk.internal.org.objectweb.asm.ByteVector::put122 (93 bytes)
Event: 1,455 Thread 0x00007f54fc167800 nmethod 559 0x00007f54ed663890 code [0x00007f54ed663a40, 0x00007f54ed663d48]

GC Heap History (0 events):
No events

Deoptimization events (1 events):
Event: 1,226 Thread 0x00007f54fc017800 Uncommon trap: reason=unstable_if action=reinterpret pc=0x00007f54f4ae169c method=java.util.HashMap.putVal(ILjava/lang/Object;Ljava/lang/Object;ZZ)Ljava/lang/Object; @ 236 c2

Classes unloaded (0 events):
No events

Classes redefined (0 events):
No events

Internal exceptions (10 events):
Event: 0,691 Thread 0x00007f54fc017800 Exception <a 'java/lang/NoSuchMethodError'{0x00000000b4c10010}: 'java.lang.Object java.lang.invoke.DirectMethodHandle$Holder.invokeInterface(java.lang.Object, java.lang.Object)'> (0x00000000b4c10010) 
thrown [/home/dmitry/Downloads/LOOM/loom/src/hotspot/share/interpreter/linkResolver.cpp, line 768]
for thread 0x00007f54fc017800
Event: 0,698 Thread 0x00007f54fc017800 Exception <a 'java/lang/NoSuchMethodError'{0x00000000b4c16bd8}: 'int java.lang.invoke.DirectMethodHandle$Holder.invokeStatic(java.lang.Object, java.lang.Object)'> (0x00000000b4c16bd8) 
thrown [/home/dmitry/Downloads/LOOM/loom/src/hotspot/share/interpreter/linkResolver.cpp, line 768]
for thread 0x00007f54fc017800
Event: 0,721 Thread 0x00007f54fc017800 Exception <a 'java/lang/NoSuchMethodError'{0x00000000b4c21218}: 'java.lang.Object java.lang.invoke.DirectMethodHandle$Holder.invokeVirtual(java.lang.Object, java.lang.Object)'> (0x00000000b4c21218) 
thrown [/home/dmitry/Downloads/LOOM/loom/src/hotspot/share/interpreter/linkResolver.cpp, line 768]
for thread 0x00007f54fc017800
Event: 0,728 Thread 0x00007f54fc017800 Exception <a 'java/lang/NoSuchMethodError'{0x00000000b4c28de0}: 'int java.lang.invoke.DirectMethodHandle$Holder.invokeSpecial(java.lang.Object, java.lang.Object)'> (0x00000000b4c28de0) 
thrown [/home/dmitry/Downloads/LOOM/loom/src/hotspot/share/interpreter/linkResolver.cpp, line 768]
for thread 0x00007f54fc017800
Event: 1,077 Thread 0x00007f54fc017800 Exception <a 'java/lang/NoSuchMethodError'{0x00000000b4ab9c70}: 'void java.lang.invoke.DirectMethodHandle$Holder.invokeStatic(java.lang.Object, java.lang.Object, java.lang.Object)'> (0x00000000b4ab9c70) 
thrown [/home/dmitry/Downloads/LOOM/loom/src/hotspot/share/interpreter/linkResolver.cpp, line 768]
for thread 0x00007f54fc017800
Event: 1,107 Thread 0x00007f54fc017800 Exception <a 'java/lang/NoSuchMethodError'{0x00000000b4ae5220}: 'java.lang.Object java.lang.invoke.Invokers$Holder.linkToTargetMethod(java.lang.Object, java.lang.Object, java.lang.Object, java.lang.Object)'> (0x00000000b4ae5220) 
thrown [/home/dmitry/Downloads/LOOM/loom/src/hotspot/share/interpreter/linkResolver.cpp, line 768]
for thread 0x00007f54fc017800
Event: 1,240 Thread 0x00007f54fc017800 Exception <a 'java/lang/NoSuchMethodError'{0x00000000b4960e58}: 'java.lang.Object java.lang.invoke.DirectMethodHandle$Holder.invokeStaticInit(java.lang.Object, java.lang.Object)'> (0x00000000b4960e58) 
thrown [/home/dmitry/Downloads/LOOM/loom/src/hotspot/share/interpreter/linkResolver.cpp, line 768]
for thread 0x00007f54fc017800
Event: 1,242 Thread 0x00007f54fc017800 Exception <a 'java/lang/NoSuchMethodError'{0x00000000b4968b88}: 'void java.lang.invoke.DirectMethodHandle$Holder.invokeStaticInit(java.lang.Object, java.lang.Object, java.lang.Object)'> (0x00000000b4968b88) 
thrown [/home/dmitry/Downloads/LOOM/loom/src/hotspot/share/interpreter/linkResolver.cpp, line 768]
for thread 0x00007f54fc017800
Event: 1,440 Thread 0x00007f54fc017800 Exception <a 'java/lang/NoSuchMethodError'{0x00000000b4802bb8}: 'void java.lang.invoke.DirectMethodHandle$Holder.invokeStatic(java.lang.Object)'> (0x00000000b4802bb8) 
thrown [/home/dmitry/Downloads/LOOM/loom/src/hotspot/share/interpreter/linkResolver.cpp, line 768]
for thread 0x00007f54fc017800
Event: 1,441 Thread 0x00007f54fc017800 Exception <a 'java/lang/NoSuchMethodError'{0x00000000b4807300}: 'void java.lang.invoke.DirectMethodHandle$Holder.invokeSpecial(java.lang.Object, java.lang.Object)'> (0x00000000b4807300) 
thrown [/home/dmitry/Downloads/LOOM/loom/src/hotspot/share/interpreter/linkResolver.cpp, line 768]
for thread 0x00007f54fc017800

Events (10 events):
Event: 7,123 Executing VM operation: GetFrameCount
Event: 7,123 Executing VM operation: GetFrameCount done
Event: 7,123 Executing VM operation: SetFramePop
Event: 7,124 Executing VM operation: SetFramePop done
Event: 7,124 Executing VM operation: GetFrameLocation
Event: 7,124 Executing VM operation: GetFrameLocation done
Event: 7,124 Executing VM operation: GetCurrentLocation
Event: 7,124 Executing VM operation: GetCurrentLocation done
Event: 7,124 Executing VM operation: ChangeSingleStep
Event: 7,124 Executing VM operation: ChangeSingleStep done


Dynamic libraries:
b0000000-b5000000 rw-p 00000000 00:00 0 
b5000000-100000000 ---p 00000000 00:00 0 
100000000-1000c0000 rw-p 00000000 00:00 0 
1000c0000-140000000 ---p 00000000 00:00 0 
55aef44ab000-55aef44ac000 r-xp 00000000 08:01 3809121                    /home/dmitry/Downloads/LOOM/loom/build/linux-x86_64-server-release/jdk/bin/java
55aef46ac000-55aef46ad000 r--p 00001000 08:01 3809121                    /home/dmitry/Downloads/LOOM/loom/build/linux-x86_64-server-release/jdk/bin/java
55aef46ad000-55aef46ae000 rw-p 00002000 08:01 3809121                    /home/dmitry/Downloads/LOOM/loom/build/linux-x86_64-server-release/jdk/bin/java
55aef5dfa000-55aef5e1b000 rw-p 00000000 00:00 0                          [heap]
7f5490000000-7f5490021000 rw-p 00000000 00:00 0 
7f5490021000-7f5494000000 ---p 00000000 00:00 0 
7f5494000000-7f5494021000 rw-p 00000000 00:00 0 
7f5494021000-7f5498000000 ---p 00000000 00:00 0 
7f5498000000-7f5498021000 rw-p 00000000 00:00 0 
7f5498021000-7f549c000000 ---p 00000000 00:00 0 
7f549c000000-7f549c021000 rw-p 00000000 00:00 0 
7f549c021000-7f54a0000000 ---p 00000000 00:00 0 
7f54a0000000-7f54a0021000 rw-p 00000000 00:00 0 
7f54a0021000-7f54a4000000 ---p 00000000 00:00 0 
7f54a4000000-7f54a4021000 rw-p 00000000 00:00 0 
7f54a4021000-7f54a8000000 ---p 00000000 00:00 0 
7f54a8000000-7f54a815c000 rw-p 00000000 00:00 0 
7f54a815c000-7f54ac000000 ---p 00000000 00:00 0 
7f54ac000000-7f54ac044000 rw-p 00000000 00:00 0 
7f54ac044000-7f54b0000000 ---p 00000000 00:00 0 
7f54b0000000-7f54b0021000 rw-p 00000000 00:00 0 
7f54b0021000-7f54b4000000 ---p 00000000 00:00 0 
7f54b4000000-7f54b4021000 rw-p 00000000 00:00 0 
7f54b4021000-7f54b8000000 ---p 00000000 00:00 0 
7f54bafde000-7f54bb3d9000 rw-p 00000000 00:00 0 
7f54bb3d9000-7f54bb3dd000 ---p 00000000 00:00 0 
7f54bb3dd000-7f54bb4da000 rw-p 00000000 00:00 0 
7f54bb4da000-7f54bb4de000 ---p 00000000 00:00 0 
7f54bb4de000-7f54bb5db000 rw-p 00000000 00:00 0 
7f54bb5db000-7f54bb5dc000 ---p 00000000 00:00 0 
7f54bb5dc000-7f54bb6dd000 rw-p 00000000 00:00 0 
7f54bb6dd000-7f54bb6e1000 ---p 00000000 00:00 0 
7f54bb6e1000-7f54bb7de000 rw-p 00000000 00:00 0 
7f54bb7de000-7f54bb7e2000 ---p 00000000 00:00 0 
7f54bb7e2000-7f54bb8df000 rw-p 00000000 00:00 0 
7f54bb8df000-7f54bb8e3000 ---p 00000000 00:00 0 
7f54bb8e3000-7f54bb9e0000 rw-p 00000000 00:00 0 
7f54bb9e0000-7f54bb9e4000 ---p 00000000 00:00 0 
7f54bb9e4000-7f54bbae1000 rw-p 00000000 00:00 0 
7f54bbae1000-7f54bbae6000 r-xp 00000000 08:01 3284816                    /home/dmitry/Downloads/LOOM/loom/build/linux-x86_64-server-release/jdk/lib/libdt_socket.so
7f54bbae6000-7f54bbce5000 ---p 00005000 08:01 3284816                    /home/dmitry/Downloads/LOOM/loom/build/linux-x86_64-server-release/jdk/lib/libdt_socket.so
7f54bbce5000-7f54bbce6000 r--p 00004000 08:01 3284816                    /home/dmitry/Downloads/LOOM/loom/build/linux-x86_64-server-release/jdk/lib/libdt_socket.so
7f54bbce6000-7f54bbce7000 rw-p 00005000 08:01 3284816                    /home/dmitry/Downloads/LOOM/loom/build/linux-x86_64-server-release/jdk/lib/libdt_socket.so
7f54bbce7000-7f54bbceb000 ---p 00000000 00:00 0 
7f54bbceb000-7f54bbde8000 rw-p 00000000 00:00 0 
7f54bbde8000-7f54bbdfe000 r-xp 00000000 08:01 3284773                    /home/dmitry/Downloads/LOOM/loom/build/linux-x86_64-server-release/jdk/lib/libnet.so
7f54bbdfe000-7f54bbffe000 ---p 00016000 08:01 3284773                    /home/dmitry/Downloads/LOOM/loom/build/linux-x86_64-server-release/jdk/lib/libnet.so
7f54bbffe000-7f54bbfff000 r--p 00016000 08:01 3284773                    /home/dmitry/Downloads/LOOM/loom/build/linux-x86_64-server-release/jdk/lib/libnet.so
7f54bbfff000-7f54bc000000 rw-p 00017000 08:01 3284773                    /home/dmitry/Downloads/LOOM/loom/build/linux-x86_64-server-release/jdk/lib/libnet.so
7f54bc000000-7f54bc386000 rw-p 00000000 00:00 0 
7f54bc386000-7f54c0000000 ---p 00000000 00:00 0 
7f54c0000000-7f54c031c000 rw-p 00000000 00:00 0 
7f54c031c000-7f54c4000000 ---p 00000000 00:00 0 
7f54c4000000-7f54c4021000 rw-p 00000000 00:00 0 
7f54c4021000-7f54c8000000 ---p 00000000 00:00 0 
7f54c8000000-7f54c8021000 rw-p 00000000 00:00 0 
7f54c8021000-7f54cc000000 ---p 00000000 00:00 0 
7f54cc000000-7f54cc021000 rw-p 00000000 00:00 0 
7f54cc021000-7f54d0000000 ---p 00000000 00:00 0 
7f54d0000000-7f54d0021000 rw-p 00000000 00:00 0 
7f54d0021000-7f54d4000000 ---p 00000000 00:00 0 
7f54d4000000-7f54d4021000 rw-p 00000000 00:00 0 
7f54d4021000-7f54d8000000 ---p 00000000 00:00 0 
7f54d8000000-7f54d8021000 rw-p 00000000 00:00 0 
7f54d8021000-7f54dc000000 ---p 00000000 00:00 0 
7f54dc000000-7f54dc021000 rw-p 00000000 00:00 0 
7f54dc021000-7f54e0000000 ---p 00000000 00:00 0 
7f54e0000000-7f54e0021000 rw-p 00000000 00:00 0 
7f54e0021000-7f54e4000000 ---p 00000000 00:00 0 
7f54e4000000-7f54e4021000 rw-p 00000000 00:00 0 
7f54e4021000-7f54e8000000 ---p 00000000 00:00 0 
7f54e8016000-7f54e801a000 ---p 00000000 00:00 0 
7f54e801a000-7f54e8117000 rw-p 00000000 00:00 0 
7f54e8117000-7f54e8128000 r-xp 00000000 08:01 3284778                    /home/dmitry/Downloads/LOOM/loom/build/linux-x86_64-server-release/jdk/lib/libnio.so
7f54e8128000-7f54e8327000 ---p 00011000 08:01 3284778                    /home/dmitry/Downloads/LOOM/loom/build/linux-x86_64-server-release/jdk/lib/libnio.so
7f54e8327000-7f54e8328000 r--p 00010000 08:01 3284778                    /home/dmitry/Downloads/LOOM/loom/build/linux-x86_64-server-release/jdk/lib/libnio.so
7f54e8328000-7f54e8329000 rw-p 00011000 08:01 3284778                    /home/dmitry/Downloads/LOOM/loom/build/linux-x86_64-server-release/jdk/lib/libnio.so
7f54e8329000-7f54e832d000 ---p 00000000 00:00 0 
7f54e832d000-7f54e842a000 rw-p 00000000 00:00 0 
7f54e842a000-7f54e842e000 ---p 00000000 00:00 0 
7f54e842e000-7f54e852b000 rw-p 00000000 00:00 0 
7f54e852b000-7f54e852f000 ---p 00000000 00:00 0 
7f54e852f000-7f54e862c000 rw-p 00000000 00:00 0 
7f54e862c000-7f54e8630000 ---p 00000000 00:00 0 
7f54e8630000-7f54e872d000 rw-p 00000000 00:00 0 
7f54e872d000-7f54e90fc000 r--p 00000000 08:01 10230401                   /usr/lib/locale/locale-archive
7f54e90fc000-7f54e9100000 ---p 00000000 00:00 0 
7f54e9100000-7f54e91fd000 rw-p 00000000 00:00 0 
7f54e91fd000-7f54e9201000 ---p 00000000 00:00 0 
7f54e9201000-7f54e92fe000 rw-p 00000000 00:00 0 
7f54e92fe000-7f54e92ff000 ---p 00000000 00:00 0 
7f54e92ff000-7f54e9a80000 rw-p 00000000 00:00 0 
7f54e9a80000-7f54e9c00000 ---p 00000000 00:00 0 
7f54e9c00000-7f54ebd40000 rw-p 00000000 00:00 0 
7f54ebd40000-7f54ed000000 ---p 00000000 00:00 0 
7f54ed000000-7f54ed270000 rwxp 00000000 00:00 0 
7f54ed270000-7f54ed590000 ---p 00000000 00:00 0 
7f54ed590000-7f54ed800000 rwxp 00000000 00:00 0 
7f54ed800000-7f54f4ac8000 ---p 00000000 00:00 0 
7f54f4ac8000-7f54f4d38000 rwxp 00000000 00:00 0 
7f54f4d38000-7f54fc000000 ---p 00000000 00:00 0 
7f54fc000000-7f54fc2c5000 rw-p 00000000 00:00 0 
7f54fc2c5000-7f5500000000 ---p 00000000 00:00 0 
7f5500073000-7f5500180000 rw-p 00000000 00:00 0 
7f5500180000-7f5500181000 ---p 00000000 00:00 0 
7f5500181000-7f5500282000 rw-p 00000000 00:00 0 
7f5500282000-7f5500283000 ---p 00000000 00:00 0 
7f5500283000-7f5500788000 rw-p 00000000 00:00 0 
7f5500788000-7f5500789000 ---p 00000000 00:00 0 
7f5500789000-7f550088a000 rw-p 00000000 00:00 0 
7f550088a000-7f550088b000 ---p 00000000 00:00 0 
7f550088b000-7f550098c000 rw-p 00000000 00:00 0 
7f550098c000-7f550098d000 ---p 00000000 00:00 0 
7f550098d000-7f5500bce000 rw-p 00000000 00:00 0 
7f5500bce000-7f5501e8e000 ---p 00000000 00:00 0 
7f5501e8e000-7f5501eb6000 rw-p 00000000 00:00 0 
7f5501eb6000-7f550210e000 ---p 00000000 00:00 0 
7f550210e000-7f5502136000 rw-p 00000000 00:00 0 
7f5502136000-7f550238e000 ---p 00000000 00:00 0 
7f550238e000-7f55023b6000 rw-p 00000000 00:00 0 
7f55023b6000-7f550260e000 ---p 00000000 00:00 0 
7f550260e000-7f5502a17000 rw-p 00000000 00:00 0 
7f5502a17000-7f5502afd000 ---p 00000000 00:00 0 
7f5502afd000-7f5502b02000 rw-p 00000000 00:00 0 
7f5502b02000-7f5502be8000 ---p 00000000 00:00 0 
7f5502be8000-7f5502c03000 r-xp 00000000 08:01 3284776                    /home/dmitry/Downloads/LOOM/loom/build/linux-x86_64-server-release/jdk/lib/libjimage.so
7f5502c03000-7f5502e02000 ---p 0001b000 08:01 3284776                    /home/dmitry/Downloads/LOOM/loom/build/linux-x86_64-server-release/jdk/lib/libjimage.so
7f5502e02000-7f5502e04000 r--p 0001a000 08:01 3284776                    /home/dmitry/Downloads/LOOM/loom/build/linux-x86_64-server-release/jdk/lib/libjimage.so
7f5502e04000-7f5502e05000 rw-p 0001c000 08:01 3284776                    /home/dmitry/Downloads/LOOM/loom/build/linux-x86_64-server-release/jdk/lib/libjimage.so
7f5502e05000-7f5502e0c000 r-xp 00000000 08:01 3284771                    /home/dmitry/Downloads/LOOM/loom/build/linux-x86_64-server-release/jdk/lib/libzip.so
7f5502e0c000-7f550300b000 ---p 00007000 08:01 3284771                    /home/dmitry/Downloads/LOOM/loom/build/linux-x86_64-server-release/jdk/lib/libzip.so
7f550300b000-7f550300c000 r--p 00006000 08:01 3284771                    /home/dmitry/Downloads/LOOM/loom/build/linux-x86_64-server-release/jdk/lib/libzip.so
7f550300c000-7f550300d000 rw-p 00007000 08:01 3284771                    /home/dmitry/Downloads/LOOM/loom/build/linux-x86_64-server-release/jdk/lib/libzip.so
7f550300d000-7f5503018000 r-xp 00000000 08:01 1184572                    /lib/x86_64-linux-gnu/libnss_files-2.27.so
7f5503018000-7f5503217000 ---p 0000b000 08:01 1184572                    /lib/x86_64-linux-gnu/libnss_files-2.27.so
7f5503217000-7f5503218000 r--p 0000a000 08:01 1184572                    /lib/x86_64-linux-gnu/libnss_files-2.27.so
7f5503218000-7f5503219000 rw-p 0000b000 08:01 1184572                    /lib/x86_64-linux-gnu/libnss_files-2.27.so
7f5503219000-7f550321f000 rw-p 00000000 00:00 0 
7f550321f000-7f5503236000 r-xp 00000000 08:01 1184566                    /lib/x86_64-linux-gnu/libnsl-2.27.so
7f5503236000-7f5503435000 ---p 00017000 08:01 1184566                    /lib/x86_64-linux-gnu/libnsl-2.27.so
7f5503435000-7f5503436000 r--p 00016000 08:01 1184566                    /lib/x86_64-linux-gnu/libnsl-2.27.so
7f5503436000-7f5503437000 rw-p 00017000 08:01 1184566                    /lib/x86_64-linux-gnu/libnsl-2.27.so
7f5503437000-7f5503439000 rw-p 00000000 00:00 0 
7f5503439000-7f5503444000 r-xp 00000000 08:01 1184583                    /lib/x86_64-linux-gnu/libnss_nis-2.27.so
7f5503444000-7f5503643000 ---p 0000b000 08:01 1184583                    /lib/x86_64-linux-gnu/libnss_nis-2.27.so
7f5503643000-7f5503644000 r--p 0000a000 08:01 1184583                    /lib/x86_64-linux-gnu/libnss_nis-2.27.so
7f5503644000-7f5503645000 rw-p 0000b000 08:01 1184583                    /lib/x86_64-linux-gnu/libnss_nis-2.27.so
7f5503645000-7f550364d000 r-xp 00000000 08:01 1184568                    /lib/x86_64-linux-gnu/libnss_compat-2.27.so
7f550364d000-7f550384d000 ---p 00008000 08:01 1184568                    /lib/x86_64-linux-gnu/libnss_compat-2.27.so
7f550384d000-7f550384e000 r--p 00008000 08:01 1184568                    /lib/x86_64-linux-gnu/libnss_compat-2.27.so
7f550384e000-7f550384f000 rw-p 00009000 08:01 1184568                    /lib/x86_64-linux-gnu/libnss_compat-2.27.so
7f550384f000-7f550388e000 r-xp 00000000 08:01 3284817                    /home/dmitry/Downloads/LOOM/loom/build/linux-x86_64-server-release/jdk/lib/libjdwp.so
7f550388e000-7f5503a8d000 ---p 0003f000 08:01 3284817                    /home/dmitry/Downloads/LOOM/loom/build/linux-x86_64-server-release/jdk/lib/libjdwp.so
7f5503a8d000-7f5503a8e000 r--p 0003e000 08:01 3284817                    /home/dmitry/Downloads/LOOM/loom/build/linux-x86_64-server-release/jdk/lib/libjdwp.so
7f5503a8e000-7f5503a8f000 rw-p 0003f000 08:01 3284817                    /home/dmitry/Downloads/LOOM/loom/build/linux-x86_64-server-release/jdk/lib/libjdwp.so
7f5503a8f000-7f5503a90000 rw-p 00000000 00:00 0 
7f5503a90000-7f5503ab9000 r-xp 00000000 08:01 3284770                    /home/dmitry/Downloads/LOOM/loom/build/linux-x86_64-server-release/jdk/lib/libjava.so
7f5503ab9000-7f5503cb8000 ---p 00029000 08:01 3284770                    /home/dmitry/Downloads/LOOM/loom/build/linux-x86_64-server-release/jdk/lib/libjava.so
7f5503cb8000-7f5503cb9000 r--p 00028000 08:01 3284770                    /home/dmitry/Downloads/LOOM/loom/build/linux-x86_64-server-release/jdk/lib/libjava.so
7f5503cb9000-7f5503cbb000 rw-p 00029000 08:01 3284770                    /home/dmitry/Downloads/LOOM/loom/build/linux-x86_64-server-release/jdk/lib/libjava.so
7f5503cbb000-7f5503cc8000 r-xp 00000000 08:01 3284763                    /home/dmitry/Downloads/LOOM/loom/build/linux-x86_64-server-release/jdk/lib/libverify.so
7f5503cc8000-7f5503ec7000 ---p 0000d000 08:01 3284763                    /home/dmitry/Downloads/LOOM/loom/build/linux-x86_64-server-release/jdk/lib/libverify.so
7f5503ec7000-7f5503ec9000 r--p 0000c000 08:01 3284763                    /home/dmitry/Downloads/LOOM/loom/build/linux-x86_64-server-release/jdk/lib/libverify.so
7f5503ec9000-7f5503eca000 rw-p 0000e000 08:01 3284763                    /home/dmitry/Downloads/LOOM/loom/build/linux-x86_64-server-release/jdk/lib/libverify.so
7f5503eca000-7f5504067000 r-xp 00000000 08:01 1184545                    /lib/x86_64-linux-gnu/libm-2.27.so
7f5504067000-7f5504266000 ---p 0019d000 08:01 1184545                    /lib/x86_64-linux-gnu/libm-2.27.so
7f5504266000-7f5504267000 r--p 0019c000 08:01 1184545                    /lib/x86_64-linux-gnu/libm-2.27.so
7f5504267000-7f5504268000 rw-p 0019d000 08:01 1184545                    /lib/x86_64-linux-gnu/libm-2.27.so
7f5504268000-7f5505594000 r-xp 00000000 08:01 3284761                    /home/dmitry/Downloads/LOOM/loom/build/linux-x86_64-server-release/jdk/lib/server/libjvm.so
7f5505594000-7f5505793000 ---p 0132c000 08:01 3284761                    /home/dmitry/Downloads/LOOM/loom/build/linux-x86_64-server-release/jdk/lib/server/libjvm.so
7f5505793000-7f550585b000 r--p 0132b000 08:01 3284761                    /home/dmitry/Downloads/LOOM/loom/build/linux-x86_64-server-release/jdk/lib/server/libjvm.so
7f550585b000-7f5505896000 rw-p 013f3000 08:01 3284761                    /home/dmitry/Downloads/LOOM/loom/build/linux-x86_64-server-release/jdk/lib/server/libjvm.so
7f5505896000-7f550591c000 rw-p 00000000 00:00 0 
7f550591c000-7f5505936000 r-xp 00000000 08:01 1184615                    /lib/x86_64-linux-gnu/libpthread-2.27.so
7f5505936000-7f5505b35000 ---p 0001a000 08:01 1184615                    /lib/x86_64-linux-gnu/libpthread-2.27.so
7f5505b35000-7f5505b36000 r--p 00019000 08:01 1184615                    /lib/x86_64-linux-gnu/libpthread-2.27.so
7f5505b36000-7f5505b37000 rw-p 0001a000 08:01 1184615                    /lib/x86_64-linux-gnu/libpthread-2.27.so
7f5505b37000-7f5505b3b000 rw-p 00000000 00:00 0 
7f5505b3b000-7f5505b3e000 r-xp 00000000 08:01 1184505                    /lib/x86_64-linux-gnu/libdl-2.27.so
7f5505b3e000-7f5505d3d000 ---p 00003000 08:01 1184505                    /lib/x86_64-linux-gnu/libdl-2.27.so
7f5505d3d000-7f5505d3e000 r--p 00002000 08:01 1184505                    /lib/x86_64-linux-gnu/libdl-2.27.so
7f5505d3e000-7f5505d3f000 rw-p 00003000 08:01 1184505                    /lib/x86_64-linux-gnu/libdl-2.27.so
7f5505d3f000-7f5505d5b000 r-xp 00000000 08:01 1184654                    /lib/x86_64-linux-gnu/libz.so.1.2.11
7f5505d5b000-7f5505f5a000 ---p 0001c000 08:01 1184654                    /lib/x86_64-linux-gnu/libz.so.1.2.11
7f5505f5a000-7f5505f5b000 r--p 0001b000 08:01 1184654                    /lib/x86_64-linux-gnu/libz.so.1.2.11
7f5505f5b000-7f5505f5c000 rw-p 0001c000 08:01 1184654                    /lib/x86_64-linux-gnu/libz.so.1.2.11
7f5505f5c000-7f5506143000 r-xp 00000000 08:01 1184482                    /lib/x86_64-linux-gnu/libc-2.27.so
7f5506143000-7f5506343000 ---p 001e7000 08:01 1184482                    /lib/x86_64-linux-gnu/libc-2.27.so
7f5506343000-7f5506347000 r--p 001e7000 08:01 1184482                    /lib/x86_64-linux-gnu/libc-2.27.so
7f5506347000-7f5506349000 rw-p 001eb000 08:01 1184482                    /lib/x86_64-linux-gnu/libc-2.27.so
7f5506349000-7f550634d000 rw-p 00000000 00:00 0 
7f550634d000-7f550635d000 r-xp 00000000 08:01 3284765                    /home/dmitry/Downloads/LOOM/loom/build/linux-x86_64-server-release/jdk/lib/libjli.so
7f550635d000-7f550655c000 ---p 00010000 08:01 3284765                    /home/dmitry/Downloads/LOOM/loom/build/linux-x86_64-server-release/jdk/lib/libjli.so
7f550655c000-7f550655d000 r--p 0000f000 08:01 3284765                    /home/dmitry/Downloads/LOOM/loom/build/linux-x86_64-server-release/jdk/lib/libjli.so
7f550655d000-7f550655e000 rw-p 00010000 08:01 3284765                    /home/dmitry/Downloads/LOOM/loom/build/linux-x86_64-server-release/jdk/lib/libjli.so
7f550655e000-7f5506585000 r-xp 00000000 08:01 1184454                    /lib/x86_64-linux-gnu/ld-2.27.so
7f55065b2000-7f5506665000 rw-p 00000000 00:00 0 
7f5506665000-7f550666c000 ---p 00000000 00:00 0 
7f550666c000-7f5506670000 ---p 00000000 00:00 0 
7f5506670000-7f550676f000 rw-p 00000000 00:00 0 
7f5506771000-7f5506778000 r--s 00000000 08:01 10488549                   /usr/lib/x86_64-linux-gnu/gconv/gconv-modules.cache
7f5506778000-7f5506780000 rw-s 00000000 08:01 524310                     /tmp/hsperfdata_dmitry/2810
7f5506780000-7f5506781000 ---p 00000000 00:00 0 
7f5506781000-7f5506782000 r--p 00000000 00:00 0 
7f5506782000-7f5506783000 ---p 00000000 00:00 0 
7f5506783000-7f5506785000 rw-p 00000000 00:00 0 
7f5506785000-7f5506786000 r--p 00027000 08:01 1184454                    /lib/x86_64-linux-gnu/ld-2.27.so
7f5506786000-7f5506787000 rw-p 00028000 08:01 1184454                    /lib/x86_64-linux-gnu/ld-2.27.so
7f5506787000-7f5506788000 rw-p 00000000 00:00 0 
7ffdc885c000-7ffdc887f000 rw-p 00000000 00:00 0                          [stack]
7ffdc8970000-7ffdc8973000 r--p 00000000 00:00 0                          [vvar]
7ffdc8973000-7ffdc8975000 r-xp 00000000 00:00 0                          [vdso]
ffffffffff600000-ffffffffff601000 r-xp 00000000 00:00 0                  [vsyscall]


VM Arguments:
jvm_args: -agentlib:jdwp=transport=dt_socket,address=127.0.0.1:15129,suspend=y,server=n -Dfile.encoding=UTF-8 
java_command: Main
java_class_path (initial): /home/dmitry/Downloads/LOOM/loom/build/linux-x86_64-server-release/jdk/modules/java.base:/home/dmitry/Downloads/LOOM/loom/build/linux-x86_64-server-release/jdk/modules/java.compiler:/home/dmitry/Downloads/LOOM/loom/build/linux-x86_64-server-release/jdk/modules/java.datatransfer:/home/dmitry/Downloads/LOOM/loom/build/linux-x86_64-server-release/jdk/modules/java.desktop:/home/dmitry/Downloads/LOOM/loom/build/linux-x86_64-server-release/jdk/modules/java.instrument:/home/dmitry/Downloads/LOOM/loom/build/linux-x86_64-server-release/jdk/modules/java.logging:/home/dmitry/Downloads/LOOM/loom/build/linux-x86_64-server-release/jdk/modules/java.management:/home/dmitry/Downloads/LOOM/loom/build/linux-x86_64-server-release/jdk/modules/java.management.rmi:/home/dmitry/Downloads/LOOM/loom/build/linux-x86_64-server-release/jdk/modules/java.naming:/home/dmitry/Downloads/LOOM/loom/build/linux-x86_64-server-release/jdk/modules/java.net.http:/home/dmitry/Downloads/LOOM/loom/build/linux-x86_64-server-release/jdk/modules/java.prefs:/home/dmitry/Downloads/LOOM/loom/build/linux-x86_64-server-release/jdk/modules/java.rmi:/home/dmitry/Downloads/LOOM/loom/build/linux-x86_64-server-release/jdk/modules/java.scripting:/home/dmitry/Downloads/LOOM/loom/build/linux-x86_64-server-release/jdk/modules/java.se:/home/dmitry/Downloads/LOOM/loom/build/linux-x86_64-server-release/jdk/modules/java.security.jgss:/home/dmitry/Downloads/LOOM/loom/build/linux-x86_64-server-release/jdk/modules/java.security.sasl:/home/dmitry/Downloads/LOOM/loom/build/linux-x86_64-server-release/jdk/modules/java.smartcardio:/home/dmitry/Downloads/LOOM/loom/build/linux-x86_64-server-release/jdk/modules/java.sql:/home/dmitry/Downloads/LOOM/loom/build/linux-x86_64-server-release/jdk/modules/java.sql.rowset:/home/dmitry/Downloads/LOOM/loom/build/linux-x86_64-server-release/jdk/modules/java.transaction.xa:/home/dmitry/Downloads/LOOM/loom/build/linux-x86_64-server-release/jdk/modules/java.xml:/home/dmitry/D
Launcher Type: SUN_STANDARD

[Global flags]
     intx CICompilerCount                          = 3                                         {product} {ergonomic}
     uint ConcGCThreads                            = 1                                         {product} {ergonomic}
     uint G1ConcRefinementThreads                  = 4                                         {product} {ergonomic}
   size_t G1HeapRegionSize                         = 1048576                                   {product} {ergonomic}
    uintx GCDrainStackTargetSize                   = 64                                        {product} {ergonomic}
   size_t InitialHeapSize                          = 83886080                                  {product} {ergonomic}
   size_t MarkStackSize                            = 4194304                                   {product} {ergonomic}
   size_t MaxHeapSize                              = 1342177280                                {product} {ergonomic}
   size_t MaxNewSize                               = 805306368                                 {product} {ergonomic}
   size_t MinHeapDeltaBytes                        = 1048576                                   {product} {ergonomic}
    uintx NonNMethodCodeHeapSize                   = 5830732                                {pd product} {ergonomic}
    uintx NonProfiledCodeHeapSize                  = 122913754                              {pd product} {ergonomic}
    uintx ProfiledCodeHeapSize                     = 122913754                              {pd product} {ergonomic}
    uintx ReservedCodeCacheSize                    = 251658240                              {pd product} {ergonomic}
     bool SegmentedCodeCache                       = true                                      {product} {ergonomic}
     bool UseCompressedClassPointers               = true                                 {lp64_product} {ergonomic}
     bool UseCompressedOops                        = true                                 {lp64_product} {ergonomic}
     bool UseG1GC                                  = true                                      {product} {ergonomic}

Logging:
Log output configuration:
 #0: stdout all=warning uptime,level,tags
 #1: stderr all=off uptime,level,tags

Environment Variables:
JAVA_HOME=/home/dmitry/usr/local/java/jdk1.8.0
PATH=/bin:/bin:/usr/local/sbin:/usr/local/bin:/usr/sbin:/usr/bin:/sbin:/bin:/usr/games:/usr/local/games:/snap/bin
USERNAME=dmitry
SHELL=/bin/bash
DISPLAY=:0

Signal Handlers:
SIGSEGV: [libjvm.so+0xfe38e0], sa_mask[0]=11111111011111111101111111111110, sa_flags=SA_RESTART|SA_SIGINFO
SIGBUS: [libjvm.so+0xfe38e0], sa_mask[0]=11111111011111111101111111111110, sa_flags=SA_RESTART|SA_SIGINFO
SIGFPE: [libjvm.so+0xfe38e0], sa_mask[0]=11111111011111111101111111111110, sa_flags=SA_RESTART|SA_SIGINFO
SIGPIPE: [libjvm.so+0xc81160], sa_mask[0]=11111111011111111101111111111110, sa_flags=SA_RESTART|SA_SIGINFO
SIGXFSZ: [libjvm.so+0xc81160], sa_mask[0]=11111111011111111101111111111110, sa_flags=SA_RESTART|SA_SIGINFO
SIGILL: [libjvm.so+0xfe38e0], sa_mask[0]=11111111011111111101111111111110, sa_flags=SA_RESTART|SA_SIGINFO
SIGUSR2: [libjvm.so+0xc81000], sa_mask[0]=00100000000000000000000000000000, sa_flags=SA_RESTART|SA_SIGINFO
SIGHUP: [libjvm.so+0xc81600], sa_mask[0]=11111111011111111101111111111110, sa_flags=SA_RESTART|SA_SIGINFO
SIGINT: [libjvm.so+0xc81600], sa_mask[0]=11111111011111111101111111111110, sa_flags=SA_RESTART|SA_SIGINFO
SIGTERM: [libjvm.so+0xc81600], sa_mask[0]=11111111011111111101111111111110, sa_flags=SA_RESTART|SA_SIGINFO
SIGQUIT: [libjvm.so+0xc81600], sa_mask[0]=11111111011111111101111111111110, sa_flags=SA_RESTART|SA_SIGINFO


---------------  S Y S T E M  ---------------

OS:DISTRIB_ID=Ubuntu
DISTRIB_RELEASE=18.04
DISTRIB_CODENAME=bionic
DISTRIB_DESCRIPTION="Ubuntu 18.04.2 LTS"
uname:Linux 4.18.0-18-generic #19~18.04.1-Ubuntu SMP Fri Apr 5 10:22:13 UTC 2019 x86_64
libc:glibc 2.27 NPTL 2.27 
rlimit: STACK 8192k, CORE 0k, NPROC 20276, NOFILE 4096, AS infinity, DATA infinity, FSIZE infinity
load average:1,65 1,98 1,22

/proc/meminfo:
MemTotal:        5234984 kB
MemFree:         1661808 kB
MemAvailable:    3042524 kB
Buffers:           96840 kB
Cached:          1470928 kB
SwapCached:            0 kB
Active:          2238516 kB
Inactive:        1070860 kB
Active(anon):    1742524 kB
Inactive(anon):    40340 kB
Active(file):     495992 kB
Inactive(file):  1030520 kB
Unevictable:          32 kB
Mlocked:              32 kB
SwapTotal:       2097148 kB
SwapFree:        2097148 kB
Dirty:               272 kB
Writeback:             0 kB
AnonPages:       1741536 kB
Mapped:           300644 kB
Shmem:             41260 kB
Slab:             160320 kB
SReclaimable:     121588 kB
SUnreclaim:        38732 kB
KernelStack:        9440 kB
PageTables:        33520 kB
NFS_Unstable:          0 kB
Bounce:                0 kB
WritebackTmp:          0 kB
CommitLimit:     4714640 kB
Committed_AS:    4899116 kB
VmallocTotal:   34359738367 kB
VmallocUsed:           0 kB
VmallocChunk:          0 kB
HardwareCorrupted:     0 kB
AnonHugePages:         0 kB
ShmemHugePages:        0 kB
ShmemPmdMapped:        0 kB
CmaTotal:              0 kB
CmaFree:               0 kB
HugePages_Total:       0
HugePages_Free:        0
HugePages_Rsvd:        0
HugePages_Surp:        0
Hugepagesize:       2048 kB
Hugetlb:               0 kB
DirectMap4k:      124864 kB
DirectMap2M:     5285888 kB


/proc/sys/kernel/threads-max (system-wide limit on the number of threads):
40552


/proc/sys/vm/max_map_count (maximum number of memory map areas a process may have):
65530


/proc/sys/kernel/pid_max (system-wide limit on number of process identifiers):
32768



container (cgroup) information:
container_type: cgroupv1
cpu_cpuset_cpus: 0-3
cpu_memory_nodes: 0
active_processor_count: 4
cpu_quota: no quota
cpu_period: 100000
cpu_shares: no shares
memory_limit_in_bytes: unlimited
memory_and_swap_limit_in_bytes: not supported
memory_soft_limit_in_bytes: unlimited
memory_usage_in_bytes: 3388747776
memory_max_usage_in_bytes: unlimited

KVM virtualization detected
Steal ticks since vm start: 0
Steal ticks percentage since vm start:  0,000

CPU:total 4 (initial active 4) (4 cores per cpu, 1 threads per core) family 6 model 60 stepping 3, cmov, cx8, fxsr, mmx, sse, sse2, sse3, ssse3, sse4.1, sse4.2, popcnt, avx, avx2, aes, clmul, lzcnt, tsc, tscinvbit
CPU Model and flags from /proc/cpuinfo:
model name	: Intel(R) Core(TM) i7-4700HQ CPU @ 2.40GHz
flags		: fpu vme de pse tsc msr pae mce cx8 apic sep mtrr pge mca cmov pat pse36 clflush mmx fxsr sse sse2 ht syscall nx rdtscp lm constant_tsc rep_good nopl xtopology nonstop_tsc cpuid tsc_known_freq pni pclmulqdq ssse3 cx16 pcid sse4_1 sse4_2 x2apic movbe popcnt aes xsave avx rdrand hypervisor lahf_lm abm invpcid_single pti fsgsbase avx2 invpcid flush_l1d

Memory: 4k page, physical 5234984k(1661808k free), swap 2097148k(2097148k free)

vm_info: OpenJDK 64-Bit Server VM (13-internal+0-adhoc.dmitry.loom) for linux-amd64 JRE (13-internal+0-adhoc.dmitry.loom), built on May 15 2019 03:47:32 by "dmitry" with gcc 7.4.0

END.
