#
# A fatal error has been detected by the Java Runtime Environment:
#
#  SIGSEGV (0xb) at pc=0x00007f5d10dc0b6a, pid=20771, tid=20802
#
# JRE version: OpenJDK Runtime Environment (13.0) (build 13-internal+0-adhoc.dmitry.loom)
# Java VM: OpenJDK 64-Bit Server VM (13-internal+0-adhoc.dmitry.loom, mixed mode, tiered, compressed oops, g1 gc, linux-amd64)
# Problematic frame:
# V  [libjvm.so+0x683b6a]  ContMirror::read()+0x1a
#
# Core dump will be written. Default location: Core dumps may be processed with "/usr/share/apport/apport %p %s %c %d %P" (or dumping to /home/dmitry/Downloads/LoadDetector/core.20771)
#
# If you would like to submit a bug report, please visit:
#   http://bugreport.java.com/bugreport/crash.jsp
#

---------------  S U M M A R Y ------------

Command Line: -Didea.launcher.port=10373 -Didea.launcher.bin.path=/home/dmitry/Downloads/idea-IC-183.5912.21/bin -Dfile.encoding=UTF-8 com.intellij.rt.execution.application.AppMainV2 Main

Host: Intel(R) Core(TM) i7-4700HQ CPU @ 2.40GHz, 4 cores, 4G, Ubuntu 18.04.2 LTS
Time: Sun May 19 00:55:10 2019 MSK elapsed time: 2 seconds (0d 0h 0m 2s)

---------------  T H R E A D  ---------------

Current thread (0x00007f5d0c282800):  JavaThread "Thread-1" [_thread_in_vm, id=20802, stack(0x00007f5cb3bfb000,0x00007f5cb3cfc000)]

Stack: [0x00007f5cb3bfb000,0x00007f5cb3cfc000],  sp=0x00007f5cb3cf81c0,  free space=1012k
Native frames: (J=compiled Java code, A=aot compiled Java code, j=interpreted, Vv=VM code, C=native code)
V  [libjvm.so+0x683b6a]  ContMirror::read()+0x1a
V  [libjvm.so+0x689217]  Continuation::freeze0(JavaThread*, FrameInfo*, bool) [clone .part.305]+0x507
V  [libjvm.so+0x689957]  Continuation::freeze(JavaThread*, FrameInfo*)+0x127
v  ~RuntimeStub::cont_doYield
C  0x00007f5cb3cfa848
j  java.lang.Continuation.yield(Ljava/lang/Continuation;)Z+6 java.base
j  Main.lambda$main$1(Ljava/lang/Thread;Ljava/lang/Continuation;)V+24
j  Main$$Lambda$39.run()V+8
j  java.lang.Thread.run()V+11 java.base
v  ~StubRoutines::call_stub
V  [libjvm.so+0x8bcbd9]  JavaCalls::call_helper(JavaValue*, methodHandle const&, JavaCallArguments*, Thread*)+0x3c9
V  [libjvm.so+0x8babf5]  JavaCalls::call_virtual(JavaValue*, Handle, Klass*, Symbol*, Symbol*, Thread*)+0x1e5
V  [libjvm.so+0x96580c]  thread_entry(JavaThread*, Thread*)+0x6c
V  [libjvm.so+0xf71a42]  JavaThread::run()+0x232
V  [libjvm.so+0xf6f7bd]  Thread::call_run()+0x10d
V  [libjvm.so+0xc89b27]  thread_native_entry(Thread*)+0xe7

Java frames: (J=compiled Java code, j=interpreted, Vv=VM code)
v  ~RuntimeStub::cont_doYield
j  java.lang.Continuation.yield0(Ljava/lang/ContinuationScope;Ljava/lang/Continuation;)Z+60 java.base
j  java.lang.Continuation.yield(Ljava/lang/Continuation;)Z+6 java.base
j  Main.lambda$main$1(Ljava/lang/Thread;Ljava/lang/Continuation;)V+24
j  Main$$Lambda$39.run()V+8
j  java.lang.Thread.run()V+11 java.base
v  ~StubRoutines::call_stub

siginfo: si_signo: 11 (SIGSEGV), si_code: 1 (SEGV_MAPERR), si_addr: 0x0000000000000020

Register to memory mapping:

RAX=0x0000000000000020 is an unknown value
RBX=0x00007f5cb3cf9560 is pointing into the stack for thread: 0x00007f5d0c282800
RCX=0x00007f5cfc181c98 is pointing into interpreter code (not bytecode specific)
RDX=0x00007f5d11db8af8: <offset 0x000000000167baf8> in /home/dmitry/Downloads/LOOM/loom/build/linux-x86_64-server-release/jdk/lib/server/libjvm.so at 0x00007f5d1073d000
RSP=0x00007f5cb3cf81c0 is pointing into the stack for thread: 0x00007f5d0c282800
RBP=0x00007f5cb3cf81d0 is pointing into the stack for thread: 0x00007f5d0c282800
RSI=0x00007f5cb3cfa848 is pointing into the stack for thread: 0x00007f5d0c282800
RDI=0x0 is NULL
R8 =0x00007f5cfc16e000 points into unknown readable memory: 04 00 00 00 00 00 00 00
R9 =0x000000000000000b is an unknown value
R10=0x0000000000000800 is an unknown value
R11=0x0000000000000400 is an unknown value
R12=0x00007f5cd0021ce0 points into unknown readable memory: 00 00 00 00 00 00 00 00
R13=0x00007f5cb3cf9560 is pointing into the stack for thread: 0x00007f5d0c282800
R14=0x00007f5cb3cfa820 is pointing into the stack for thread: 0x00007f5d0c282800
R15=0x00007f5d0c281e60 points into unknown readable memory: 02 00 00 00 5d 7f 00 00


Registers:
RAX=0x0000000000000020, RBX=0x00007f5cb3cf9560, RCX=0x00007f5cfc181c98, RDX=0x00007f5d11db8af8
RSP=0x00007f5cb3cf81c0, RBP=0x00007f5cb3cf81d0, RSI=0x00007f5cb3cfa848, RDI=0x0000000000000000
R8 =0x00007f5cfc16e000, R9 =0x000000000000000b, R10=0x0000000000000800, R11=0x0000000000000400
R12=0x00007f5cd0021ce0, R13=0x00007f5cb3cf9560, R14=0x00007f5cb3cfa820, R15=0x00007f5d0c281e60
RIP=0x00007f5d10dc0b6a, EFLAGS=0x0000000000010206, CSGSFS=0x002b000000000033, ERR=0x0000000000000004
  TRAPNO=0x000000000000000e

Top of Stack: (sp=0x00007f5cb3cf81c0)
0x00007f5cb3cf81c0:   00007f5cfc1849b0 00007f5d0c282800
0x00007f5cb3cf81d0:   00007f5cb3cfa7d0 00007f5d10dc6217
0x00007f5cb3cf81e0:   00007f5d0c282800 00007f5cb3cf82e0
0x00007f5cb3cf81f0:   0000000000000000 00007f5d11db61c0 

Instructions: (pc=0x00007f5d10dc0b6a)
0x00007f5d10dc0a6a:   08 48 63 00 89 0c 02 48 8d 05 1c b8 fd 00 48 8b
0x00007f5d10dc0a7a:   4b 30 48 8b 53 08 48 63 00 48 89 0c 02 48 8d 05
0x00007f5d10dc0a8a:   fe b7 fd 00 48 8b 53 08 48 8b 4b 38 48 63 00 48
0x00007f5d10dc0a9a:   89 0c 02 48 8d 05 e4 b7 fd 00 8b 4b 60 48 8b 53
0x00007f5d10dc0aaa:   08 48 63 00 89 0c 02 48 8d 05 e8 b7 fd 00 48 8b
0x00007f5d10dc0aba:   53 08 48 8b 4b 10 48 63 00 48 89 0c 02 48 8d 05
0x00007f5d10dc0aca:   ce b7 fd 00 48 8b 4b 18 48 8b 53 08 48 63 00 48
0x00007f5d10dc0ada:   89 0c 02 48 8d 05 b4 b7 fd 00 48 63 00 48 8b 53
0x00007f5d10dc0aea:   08 48 8b 4b 20 48 89 0c 02 48 8d 05 be b7 fd 00
0x00007f5d10dc0afa:   48 8b 53 08 48 8b 4b 58 48 63 00 89 0c 02 48 8d
0x00007f5d10dc0b0a:   05 71 b7 fd 00 0f b6 4b 70 48 8b 53 08 48 63 00
0x00007f5d10dc0b1a:   88 0c 02 48 8d 05 90 b7 fd 00 0f b7 4b 74 48 8b
0x00007f5d10dc0b2a:   53 08 48 63 00 66 89 0c 02 48 8d 05 76 b7 fd 00
0x00007f5d10dc0b3a:   0f b7 4b 72 48 8b 53 08 48 63 00 66 89 0c 02 48
0x00007f5d10dc0b4a:   83 c4 08 5b 5d c3 55 48 89 e5 53 48 89 fb 48 83
0x00007f5d10dc0b5a:   ec 08 48 8d 05 3d b7 fd 00 48 8b 7f 08 48 63 00
0x00007f5d10dc0b6a:   48 8b 04 38 48 89 43 10 48 8d 05 23 b7 fd 00 48
0x00007f5d10dc0b7a:   63 00 48 8b 04 38 48 89 43 18 48 8d 05 0d b7 fd
0x00007f5d10dc0b8a:   00 48 63 00 48 8b 04 38 48 89 43 20 48 8d 05 f3
0x00007f5d10dc0b9a:   b6 fd 00 48 63 00 8b 04 38 89 43 28 48 8d 05 e7
0x00007f5d10dc0baa:   b6 fd 00 48 63 00 48 8b 04 38 48 89 43 30 48 8d
0x00007f5d10dc0bba:   05 cd b6 fd 00 48 63 00 48 8b 04 38 48 89 43 38
0x00007f5d10dc0bca:   48 8d 05 eb b6 fd 00 48 63 30 ff 15 66 14 f7 00
0x00007f5d10dc0bda:   48 85 c0 48 89 43 40 0f 84 b9 01 00 00 48 8d 15
0x00007f5d10dc0bea:   ae 9b fd 00 80 3a 01 48 19 c9 83 e1 04 80 3a 01
0x00007f5d10dc0bfa:   8b 4c 08 0c 48 19 d2 89 4b 48 83 e2 08 48 8d 44
0x00007f5d10dc0c0a:   10 10 48 89 43 50 48 8d 05 a1 b6 fd 00 48 8b 7b
0x00007f5d10dc0c1a:   08 48 63 00 48 63 04 07 48 89 43 58 48 8d 05 7f
0x00007f5d10dc0c2a:   b6 fd 00 48 63 30 ff 15 0a 14 f7 00 48 8d 15 4b
0x00007f5d10dc0c3a:   b6 fd 00 48 89 43 68 48 8b 43 08 48 83 3d a3 80
0x00007f5d10dc0c4a:   fb 00 00 48 63 12 8b 14 02 89 53 60 48 8d 15 23
0x00007f5d10dc0c5a:   b6 fd 00 48 63 12 0f b6 14 02 88 53 70 48 8d 15 


Stack slot to memory mapping:
stack at sp + 0 slots: 0x00007f5cfc1849b0 is at code_begin+1584 in an Interpreter codelet
invoke return entry points  [0x00007f5cfc184380, 0x00007f5cfc185540]  4544 bytes
stack at sp + 1 slots: 0x00007f5d0c282800 is a thread
stack at sp + 2 slots: 0x00007f5cb3cfa7d0 is pointing into the stack for thread: 0x00007f5d0c282800
stack at sp + 3 slots: 0x00007f5d10dc6217: <offset 0x0000000000689217> in /home/dmitry/Downloads/LOOM/loom/build/linux-x86_64-server-release/jdk/lib/server/libjvm.so at 0x00007f5d1073d000
stack at sp + 4 slots: 0x00007f5d0c282800 is a thread
stack at sp + 5 slots: 0x00007f5cb3cf82e0 is pointing into the stack for thread: 0x00007f5d0c282800
stack at sp + 6 slots: 0x0 is NULL
stack at sp + 7 slots: 0x00007f5d11db61c0: <offset 0x00000000016791c0> in /home/dmitry/Downloads/LOOM/loom/build/linux-x86_64-server-release/jdk/lib/server/libjvm.so at 0x00007f5d1073d000


---------------  P R O C E S S  ---------------

Threads class SMR info:
_java_thread_list=0x00007f5cc0000b20, length=13, elements={
0x00007f5d0c138800, 0x00007f5d0c13b800, 0x00007f5d0c15d800, 0x00007f5d0c162800,
0x00007f5d0c164800, 0x00007f5d0c166000, 0x00007f5d0c17f000, 0x00007f5d0c264800,
0x00007f5d0c27c000, 0x00007f5ccc001000, 0x00007f5d0c282800, 0x00007f5d0c016800,
0x00007f5ca4001800
}

Java Threads: ( => current thread )
  0x00007f5d0c138800 JavaThread "Reference Handler" daemon [_thread_blocked, id=20784, stack(0x00007f5cf816d000,0x00007f5cf826e000)]
  0x00007f5d0c13b800 JavaThread "Finalizer" daemon [_thread_blocked, id=20785, stack(0x00007f5cf806c000,0x00007f5cf816d000)]
  0x00007f5d0c15d800 JavaThread "Signal Dispatcher" daemon [_thread_blocked, id=20788, stack(0x00007f5ce8d30000,0x00007f5ce8e31000)]
  0x00007f5d0c162800 JavaThread "C2 CompilerThread0" daemon [_thread_blocked, id=20789, stack(0x00007f5ce8c2f000,0x00007f5ce8d30000)]
  0x00007f5d0c164800 JavaThread "C1 CompilerThread0" daemon [_thread_blocked, id=20790, stack(0x00007f5ce8b2e000,0x00007f5ce8c2f000)]
  0x00007f5d0c166000 JavaThread "Sweeper thread" daemon [_thread_blocked, id=20791, stack(0x00007f5ce8a2d000,0x00007f5ce8b2e000)]
  0x00007f5d0c17f000 JavaThread "Common-Cleaner" daemon [_thread_blocked, id=20793, stack(0x00007f5ce8502000,0x00007f5ce8603000)]
  0x00007f5d0c264800 JavaThread "Service Thread" daemon [_thread_blocked, id=20796, stack(0x00007f5ce8300000,0x00007f5ce8401000)]
  0x00007f5d0c27c000 JavaThread "Monitor Ctrl-Break" daemon [_thread_in_native, id=20799, stack(0x00007f5ce80fd000,0x00007f5ce81fe000)]
  0x00007f5ccc001000 JavaThread "Attach Listener" daemon [_thread_blocked, id=20801, stack(0x00007f5cb3eff000,0x00007f5cb4000000)]
=>0x00007f5d0c282800 JavaThread "Thread-1" [_thread_in_vm, id=20802, stack(0x00007f5cb3bfb000,0x00007f5cb3cfc000)]
  0x00007f5d0c016800 JavaThread "DestroyJavaVM" [_thread_blocked, id=20772, stack(0x00007f5d12b3e000,0x00007f5d12c3f000)]
  0x00007f5ca4001800 JavaThread "Timer-0" [_thread_blocked, id=20804, stack(0x00007f5cb39f9000,0x00007f5cb3afa000)]

Other Threads:
  0x00007f5d0c12c800 VMThread "VM Thread" [stack: 0x00007f5cf8270000,0x00007f5cf8370000] [id=20782] _threads_hazard_ptr=0x00007f5cc0000b20
  0x00007f5d0c26b000 WatcherThread [stack: 0x00007f5ce8200000,0x00007f5ce8300000] [id=20797]
  0x00007f5d0c05a800 GCTaskThread "GC Thread#0" [stack: 0x00007f5cf8bff000,0x00007f5cf8cff000] [id=20773]
  0x00007f5d0c064000 ConcurrentGCThread "G1 Main Marker" [stack: 0x00007f5cf8afd000,0x00007f5cf8bfd000] [id=20774]
  0x00007f5d0c066000 ConcurrentGCThread "G1 Conc#0" [stack: 0x00007f5cf89fb000,0x00007f5cf8afb000] [id=20775]
  0x00007f5d0c0ba000 ConcurrentGCThread "G1 Refine#0" [stack: 0x00007f5cf84f5000,0x00007f5cf85f5000] [id=20776]
  0x00007f5d0c0bc000 ConcurrentGCThread "G1 Young RemSet Sampling" [stack: 0x00007f5cf83f3000,0x00007f5cf84f3000] [id=20778]

Threads with active compile tasks:

VM state:synchronizing (normal execution)

VM Mutex/Monitor currently owned by a thread:  ([mutex/lock_event])
[0x00007f5d0c011ce0] Threads_lock - owner thread: 0x00007f5d0c12c800

Heap address: 0x00000000b0000000, size: 1280 MB, Compressed Oops mode: 32-bit
Narrow klass base: 0x0000000000000000, Narrow klass shift: 3
Compressed class space size: 1073741824 Address: 0x0000000100000000

Heap:
 garbage-first heap   total 81920K, used 8192K [0x00000000b0000000, 0x0000000100000000)
  region size 1024K, 9 young (9216K), 0 survivors (0K)
 Metaspace       used 8149K, capacity 8268K, committed 8576K, reserved 1056768K
  class space    used 734K, capacity 797K, committed 896K, reserved 1048576K
Heap Regions: E=young(eden), S=young(survivor), O=old, HS=humongous(starts), HC=humongous(continues), CS=collection set, F=free, A=archive, TAMS=top-at-mark-start (previous, next)
|   0|0x00000000b0000000, 0x00000000b0000000, 0x00000000b0100000|  0%| F|  |TAMS 0x00000000b0000000, 0x00000000b0000000| Untracked 
|   1|0x00000000b0100000, 0x00000000b0100000, 0x00000000b0200000|  0%| F|  |TAMS 0x00000000b0100000, 0x00000000b0100000| Untracked 
|   2|0x00000000b0200000, 0x00000000b0200000, 0x00000000b0300000|  0%| F|  |TAMS 0x00000000b0200000, 0x00000000b0200000| Untracked 
|   3|0x00000000b0300000, 0x00000000b0300000, 0x00000000b0400000|  0%| F|  |TAMS 0x00000000b0300000, 0x00000000b0300000| Untracked 
|   4|0x00000000b0400000, 0x00000000b0400000, 0x00000000b0500000|  0%| F|  |TAMS 0x00000000b0400000, 0x00000000b0400000| Untracked 
|   5|0x00000000b0500000, 0x00000000b0500000, 0x00000000b0600000|  0%| F|  |TAMS 0x00000000b0500000, 0x00000000b0500000| Untracked 
|   6|0x00000000b0600000, 0x00000000b0600000, 0x00000000b0700000|  0%| F|  |TAMS 0x00000000b0600000, 0x00000000b0600000| Untracked 
|   7|0x00000000b0700000, 0x00000000b0700000, 0x00000000b0800000|  0%| F|  |TAMS 0x00000000b0700000, 0x00000000b0700000| Untracked 
|   8|0x00000000b0800000, 0x00000000b0800000, 0x00000000b0900000|  0%| F|  |TAMS 0x00000000b0800000, 0x00000000b0800000| Untracked 
|   9|0x00000000b0900000, 0x00000000b0900000, 0x00000000b0a00000|  0%| F|  |TAMS 0x00000000b0900000, 0x00000000b0900000| Untracked 
|  10|0x00000000b0a00000, 0x00000000b0a00000, 0x00000000b0b00000|  0%| F|  |TAMS 0x00000000b0a00000, 0x00000000b0a00000| Untracked 
|  11|0x00000000b0b00000, 0x00000000b0b00000, 0x00000000b0c00000|  0%| F|  |TAMS 0x00000000b0b00000, 0x00000000b0b00000| Untracked 
|  12|0x00000000b0c00000, 0x00000000b0c00000, 0x00000000b0d00000|  0%| F|  |TAMS 0x00000000b0c00000, 0x00000000b0c00000| Untracked 
|  13|0x00000000b0d00000, 0x00000000b0d00000, 0x00000000b0e00000|  0%| F|  |TAMS 0x00000000b0d00000, 0x00000000b0d00000| Untracked 
|  14|0x00000000b0e00000, 0x00000000b0e00000, 0x00000000b0f00000|  0%| F|  |TAMS 0x00000000b0e00000, 0x00000000b0e00000| Untracked 
|  15|0x00000000b0f00000, 0x00000000b0f00000, 0x00000000b1000000|  0%| F|  |TAMS 0x00000000b0f00000, 0x00000000b0f00000| Untracked 
|  16|0x00000000b1000000, 0x00000000b1000000, 0x00000000b1100000|  0%| F|  |TAMS 0x00000000b1000000, 0x00000000b1000000| Untracked 
|  17|0x00000000b1100000, 0x00000000b1100000, 0x00000000b1200000|  0%| F|  |TAMS 0x00000000b1100000, 0x00000000b1100000| Untracked 
|  18|0x00000000b1200000, 0x00000000b1200000, 0x00000000b1300000|  0%| F|  |TAMS 0x00000000b1200000, 0x00000000b1200000| Untracked 
|  19|0x00000000b1300000, 0x00000000b1300000, 0x00000000b1400000|  0%| F|  |TAMS 0x00000000b1300000, 0x00000000b1300000| Untracked 
|  20|0x00000000b1400000, 0x00000000b1400000, 0x00000000b1500000|  0%| F|  |TAMS 0x00000000b1400000, 0x00000000b1400000| Untracked 
|  21|0x00000000b1500000, 0x00000000b1500000, 0x00000000b1600000|  0%| F|  |TAMS 0x00000000b1500000, 0x00000000b1500000| Untracked 
|  22|0x00000000b1600000, 0x00000000b1600000, 0x00000000b1700000|  0%| F|  |TAMS 0x00000000b1600000, 0x00000000b1600000| Untracked 
|  23|0x00000000b1700000, 0x00000000b1700000, 0x00000000b1800000|  0%| F|  |TAMS 0x00000000b1700000, 0x00000000b1700000| Untracked 
|  24|0x00000000b1800000, 0x00000000b1800000, 0x00000000b1900000|  0%| F|  |TAMS 0x00000000b1800000, 0x00000000b1800000| Untracked 
|  25|0x00000000b1900000, 0x00000000b1900000, 0x00000000b1a00000|  0%| F|  |TAMS 0x00000000b1900000, 0x00000000b1900000| Untracked 
|  26|0x00000000b1a00000, 0x00000000b1a00000, 0x00000000b1b00000|  0%| F|  |TAMS 0x00000000b1a00000, 0x00000000b1a00000| Untracked 
|  27|0x00000000b1b00000, 0x00000000b1b00000, 0x00000000b1c00000|  0%| F|  |TAMS 0x00000000b1b00000, 0x00000000b1b00000| Untracked 
|  28|0x00000000b1c00000, 0x00000000b1c00000, 0x00000000b1d00000|  0%| F|  |TAMS 0x00000000b1c00000, 0x00000000b1c00000| Untracked 
|  29|0x00000000b1d00000, 0x00000000b1d00000, 0x00000000b1e00000|  0%| F|  |TAMS 0x00000000b1d00000, 0x00000000b1d00000| Untracked 
|  30|0x00000000b1e00000, 0x00000000b1e00000, 0x00000000b1f00000|  0%| F|  |TAMS 0x00000000b1e00000, 0x00000000b1e00000| Untracked 
|  31|0x00000000b1f00000, 0x00000000b1f00000, 0x00000000b2000000|  0%| F|  |TAMS 0x00000000b1f00000, 0x00000000b1f00000| Untracked 
|  32|0x00000000b2000000, 0x00000000b2000000, 0x00000000b2100000|  0%| F|  |TAMS 0x00000000b2000000, 0x00000000b2000000| Untracked 
|  33|0x00000000b2100000, 0x00000000b2100000, 0x00000000b2200000|  0%| F|  |TAMS 0x00000000b2100000, 0x00000000b2100000| Untracked 
|  34|0x00000000b2200000, 0x00000000b2200000, 0x00000000b2300000|  0%| F|  |TAMS 0x00000000b2200000, 0x00000000b2200000| Untracked 
|  35|0x00000000b2300000, 0x00000000b2300000, 0x00000000b2400000|  0%| F|  |TAMS 0x00000000b2300000, 0x00000000b2300000| Untracked 
|  36|0x00000000b2400000, 0x00000000b2400000, 0x00000000b2500000|  0%| F|  |TAMS 0x00000000b2400000, 0x00000000b2400000| Untracked 
|  37|0x00000000b2500000, 0x00000000b2500000, 0x00000000b2600000|  0%| F|  |TAMS 0x00000000b2500000, 0x00000000b2500000| Untracked 
|  38|0x00000000b2600000, 0x00000000b2600000, 0x00000000b2700000|  0%| F|  |TAMS 0x00000000b2600000, 0x00000000b2600000| Untracked 
|  39|0x00000000b2700000, 0x00000000b2700000, 0x00000000b2800000|  0%| F|  |TAMS 0x00000000b2700000, 0x00000000b2700000| Untracked 
|  40|0x00000000b2800000, 0x00000000b2800000, 0x00000000b2900000|  0%| F|  |TAMS 0x00000000b2800000, 0x00000000b2800000| Untracked 
|  41|0x00000000b2900000, 0x00000000b2900000, 0x00000000b2a00000|  0%| F|  |TAMS 0x00000000b2900000, 0x00000000b2900000| Untracked 
|  42|0x00000000b2a00000, 0x00000000b2a00000, 0x00000000b2b00000|  0%| F|  |TAMS 0x00000000b2a00000, 0x00000000b2a00000| Untracked 
|  43|0x00000000b2b00000, 0x00000000b2b00000, 0x00000000b2c00000|  0%| F|  |TAMS 0x00000000b2b00000, 0x00000000b2b00000| Untracked 
|  44|0x00000000b2c00000, 0x00000000b2c00000, 0x00000000b2d00000|  0%| F|  |TAMS 0x00000000b2c00000, 0x00000000b2c00000| Untracked 
|  45|0x00000000b2d00000, 0x00000000b2d00000, 0x00000000b2e00000|  0%| F|  |TAMS 0x00000000b2d00000, 0x00000000b2d00000| Untracked 
|  46|0x00000000b2e00000, 0x00000000b2e00000, 0x00000000b2f00000|  0%| F|  |TAMS 0x00000000b2e00000, 0x00000000b2e00000| Untracked 
|  47|0x00000000b2f00000, 0x00000000b2f00000, 0x00000000b3000000|  0%| F|  |TAMS 0x00000000b2f00000, 0x00000000b2f00000| Untracked 
|  48|0x00000000b3000000, 0x00000000b3000000, 0x00000000b3100000|  0%| F|  |TAMS 0x00000000b3000000, 0x00000000b3000000| Untracked 
|  49|0x00000000b3100000, 0x00000000b3100000, 0x00000000b3200000|  0%| F|  |TAMS 0x00000000b3100000, 0x00000000b3100000| Untracked 
|  50|0x00000000b3200000, 0x00000000b3200000, 0x00000000b3300000|  0%| F|  |TAMS 0x00000000b3200000, 0x00000000b3200000| Untracked 
|  51|0x00000000b3300000, 0x00000000b3300000, 0x00000000b3400000|  0%| F|  |TAMS 0x00000000b3300000, 0x00000000b3300000| Untracked 
|  52|0x00000000b3400000, 0x00000000b3400000, 0x00000000b3500000|  0%| F|  |TAMS 0x00000000b3400000, 0x00000000b3400000| Untracked 
|  53|0x00000000b3500000, 0x00000000b3500000, 0x00000000b3600000|  0%| F|  |TAMS 0x00000000b3500000, 0x00000000b3500000| Untracked 
|  54|0x00000000b3600000, 0x00000000b3600000, 0x00000000b3700000|  0%| F|  |TAMS 0x00000000b3600000, 0x00000000b3600000| Untracked 
|  55|0x00000000b3700000, 0x00000000b3700000, 0x00000000b3800000|  0%| F|  |TAMS 0x00000000b3700000, 0x00000000b3700000| Untracked 
|  56|0x00000000b3800000, 0x00000000b3800000, 0x00000000b3900000|  0%| F|  |TAMS 0x00000000b3800000, 0x00000000b3800000| Untracked 
|  57|0x00000000b3900000, 0x00000000b3900000, 0x00000000b3a00000|  0%| F|  |TAMS 0x00000000b3900000, 0x00000000b3900000| Untracked 
|  58|0x00000000b3a00000, 0x00000000b3a00000, 0x00000000b3b00000|  0%| F|  |TAMS 0x00000000b3a00000, 0x00000000b3a00000| Untracked 
|  59|0x00000000b3b00000, 0x00000000b3b00000, 0x00000000b3c00000|  0%| F|  |TAMS 0x00000000b3b00000, 0x00000000b3b00000| Untracked 
|  60|0x00000000b3c00000, 0x00000000b3c00000, 0x00000000b3d00000|  0%| F|  |TAMS 0x00000000b3c00000, 0x00000000b3c00000| Untracked 
|  61|0x00000000b3d00000, 0x00000000b3d00000, 0x00000000b3e00000|  0%| F|  |TAMS 0x00000000b3d00000, 0x00000000b3d00000| Untracked 
|  62|0x00000000b3e00000, 0x00000000b3e00000, 0x00000000b3f00000|  0%| F|  |TAMS 0x00000000b3e00000, 0x00000000b3e00000| Untracked 
|  63|0x00000000b3f00000, 0x00000000b3f00000, 0x00000000b4000000|  0%| F|  |TAMS 0x00000000b3f00000, 0x00000000b3f00000| Untracked 
|  64|0x00000000b4000000, 0x00000000b4000000, 0x00000000b4100000|  0%| F|  |TAMS 0x00000000b4000000, 0x00000000b4000000| Untracked 
|  65|0x00000000b4100000, 0x00000000b4100000, 0x00000000b4200000|  0%| F|  |TAMS 0x00000000b4100000, 0x00000000b4100000| Untracked 
|  66|0x00000000b4200000, 0x00000000b4200000, 0x00000000b4300000|  0%| F|  |TAMS 0x00000000b4200000, 0x00000000b4200000| Untracked 
|  67|0x00000000b4300000, 0x00000000b4300000, 0x00000000b4400000|  0%| F|  |TAMS 0x00000000b4300000, 0x00000000b4300000| Untracked 
|  68|0x00000000b4400000, 0x00000000b4400000, 0x00000000b4500000|  0%| F|  |TAMS 0x00000000b4400000, 0x00000000b4400000| Untracked 
|  69|0x00000000b4500000, 0x00000000b4500000, 0x00000000b4600000|  0%| F|  |TAMS 0x00000000b4500000, 0x00000000b4500000| Untracked 
|  70|0x00000000b4600000, 0x00000000b4600000, 0x00000000b4700000|  0%| F|  |TAMS 0x00000000b4600000, 0x00000000b4600000| Untracked 
|  71|0x00000000b4700000, 0x00000000b4800000, 0x00000000b4800000|100%| E|  |TAMS 0x00000000b4700000, 0x00000000b4700000| Complete 
|  72|0x00000000b4800000, 0x00000000b4900000, 0x00000000b4900000|100%| E|CS|TAMS 0x00000000b4800000, 0x00000000b4800000| Complete 
|  73|0x00000000b4900000, 0x00000000b4a00000, 0x00000000b4a00000|100%| E|CS|TAMS 0x00000000b4900000, 0x00000000b4900000| Complete 
|  74|0x00000000b4a00000, 0x00000000b4b00000, 0x00000000b4b00000|100%| E|CS|TAMS 0x00000000b4a00000, 0x00000000b4a00000| Complete 
|  75|0x00000000b4b00000, 0x00000000b4c00000, 0x00000000b4c00000|100%| E|CS|TAMS 0x00000000b4b00000, 0x00000000b4b00000| Complete 
|  76|0x00000000b4c00000, 0x00000000b4d00000, 0x00000000b4d00000|100%| E|CS|TAMS 0x00000000b4c00000, 0x00000000b4c00000| Complete 
|  77|0x00000000b4d00000, 0x00000000b4e00000, 0x00000000b4e00000|100%| E|CS|TAMS 0x00000000b4d00000, 0x00000000b4d00000| Complete 
|  78|0x00000000b4e00000, 0x00000000b4f00000, 0x00000000b4f00000|100%| E|CS|TAMS 0x00000000b4e00000, 0x00000000b4e00000| Complete 
|  79|0x00000000b4f00000, 0x00000000b5000000, 0x00000000b5000000|100%| E|CS|TAMS 0x00000000b4f00000, 0x00000000b4f00000| Complete 

Card table byte_map: [0x00007f5cfb77f000,0x00007f5cfb9ff000] _byte_map_base: 0x00007f5cfb1ff000

Marking Bits (Prev, Next): (CMBitMap*) 0x00007f5d0c05b9d8, (CMBitMap*) 0x00007f5d0c05ba18
 Prev Bits: [0x00007f5cfa0ff000, 0x00007f5cfb4ff000)
 Next Bits: [0x00007f5cf8cff000, 0x00007f5cfa0ff000)

Polling page: 0x00007f5d12c52000

Metaspace:

Usage:
  Non-class:      7,30 MB capacity,     7,24 MB (>99%) used,    43,11 KB ( <1%) free+waste,    12,25 KB ( <1%) overhead. 
      Class:    797,00 KB capacity,   734,26 KB ( 92%) used,    56,68 KB (  7%) free+waste,     6,06 KB ( <1%) overhead. 
       Both:      8,07 MB capacity,     7,96 MB ( 99%) used,    99,79 KB (  1%) free+waste,    18,31 KB ( <1%) overhead. 

Virtual space:
  Non-class space:        8,00 MB reserved,       7,50 MB ( 94%) committed 
      Class space:        1,00 GB reserved,     896,00 KB ( <1%) committed 
             Both:        1,01 GB reserved,       8,38 MB ( <1%) committed 

Chunk freelists:
   Non-Class:  17,00 KB
       Class:  3,00 KB
        Both:  20,00 KB

MaxMetaspaceSize: unlimited
CompressedClassSpaceSize: 1,00 GB

CodeHeap 'non-profiled nmethods': size=120032Kb used=195Kb max_used=195Kb free=119836Kb
 bounds [0x00007f5d03c36000, 0x00007f5d03ea6000, 0x00007f5d0b16e000]
CodeHeap 'profiled nmethods': size=120032Kb used=837Kb max_used=837Kb free=119195Kb
 bounds [0x00007f5cfc6fe000, 0x00007f5cfc96e000, 0x00007f5d03c36000]
CodeHeap 'non-nmethods': size=5696Kb used=1116Kb max_used=1138Kb free=4579Kb
 bounds [0x00007f5cfc16e000, 0x00007f5cfc3de000, 0x00007f5cfc6fe000]
 total_blobs=1069 nmethods=558 adapters=255
 compilation: enabled
              stopped_count=0, restarted_count=0
 full_count=0

Compilation events (10 events):
Event: 1,343 Thread 0x00007f5d0c164800  553       3       java.util.LinkedHashMap$Entry::<init> (10 bytes)
Event: 1,344 Thread 0x00007f5d0c164800 nmethod 553 0x00007f5cfc7cda10 code [0x00007f5cfc7cdbc0, 0x00007f5cfc7cdef0]
Event: 1,344 Thread 0x00007f5d0c164800  554       3       java.util.LinkedHashMap::afterNodeInsertion (40 bytes)
Event: 1,344 Thread 0x00007f5d0c164800 nmethod 554 0x00007f5cfc7ce010 code [0x00007f5cfc7ce1c0, 0x00007f5cfc7ce3f0]
Event: 1,344 Thread 0x00007f5d0c164800  555       3       java.util.LinkedHashMap::linkNodeLast (33 bytes)
Event: 1,345 Thread 0x00007f5d0c164800 nmethod 555 0x00007f5cfc7ce490 code [0x00007f5cfc7ce640, 0x00007f5cfc7ce970]
Event: 1,346 Thread 0x00007f5d0c164800  556       3       jdk.internal.misc.Unsafe::putReferenceRelease (9 bytes)
Event: 1,346 Thread 0x00007f5d0c164800 nmethod 556 0x00007f5cfc7cea90 code [0x00007f5cfc7cec40, 0x00007f5cfc7cedf0]
Event: 1,346 Thread 0x00007f5d0c164800  558       3       java.util.concurrent.ConcurrentHashMap::setTabAt (20 bytes)
Event: 1,346 Thread 0x00007f5d0c164800 nmethod 558 0x00007f5cfc7cee90 code [0x00007f5cfc7cf040, 0x00007f5cfc7cf310]

GC Heap History (0 events):
No events

Deoptimization events (2 events):
Event: 0,876 Thread 0x00007f5d0c016800 Uncommon trap: reason=unstable_if action=reinterpret pc=0x00007f5d03c482b0 method=java.io.DataInputStream.readUTF(Ljava/io/DataInput;)Ljava/lang/String; @ 31 c2
Event: 0,974 Thread 0x00007f5d0c016800 Uncommon trap: reason=unstable_if action=reinterpret pc=0x00007f5d03c4f91c method=java.util.HashMap.putVal(ILjava/lang/Object;Ljava/lang/Object;ZZ)Ljava/lang/Object; @ 236 c2

Classes unloaded (0 events):
No events

Classes redefined (0 events):
No events

Internal exceptions (10 events):
Event: 0,703 Thread 0x00007f5d0c016800 Exception <a 'java/lang/NoSuchMethodError'{0x00000000b4c0faf8}: 'java.lang.Object java.lang.invoke.DirectMethodHandle$Holder.invokeInterface(java.lang.Object, java.lang.Object)'> (0x00000000b4c0faf8) 
thrown [/home/dmitry/Downloads/LOOM/loom/src/hotspot/share/interpreter/linkResolver.cpp, line 768]
for thread 0x00007f5d0c016800
Event: 0,715 Thread 0x00007f5d0c016800 Exception <a 'java/lang/NoSuchMethodError'{0x00000000b4c166c0}: 'int java.lang.invoke.DirectMethodHandle$Holder.invokeStatic(java.lang.Object, java.lang.Object)'> (0x00000000b4c166c0) 
thrown [/home/dmitry/Downloads/LOOM/loom/src/hotspot/share/interpreter/linkResolver.cpp, line 768]
for thread 0x00007f5d0c016800
Event: 0,719 Thread 0x00007f5d0c016800 Exception <a 'java/lang/NoSuchMethodError'{0x00000000b4c20d00}: 'java.lang.Object java.lang.invoke.DirectMethodHandle$Holder.invokeVirtual(java.lang.Object, java.lang.Object)'> (0x00000000b4c20d00) 
thrown [/home/dmitry/Downloads/LOOM/loom/src/hotspot/share/interpreter/linkResolver.cpp, line 768]
for thread 0x00007f5d0c016800
Event: 0,722 Thread 0x00007f5d0c016800 Exception <a 'java/lang/NoSuchMethodError'{0x00000000b4c288c8}: 'int java.lang.invoke.DirectMethodHandle$Holder.invokeSpecial(java.lang.Object, java.lang.Object)'> (0x00000000b4c288c8) 
thrown [/home/dmitry/Downloads/LOOM/loom/src/hotspot/share/interpreter/linkResolver.cpp, line 768]
for thread 0x00007f5d0c016800
Event: 0,894 Thread 0x00007f5d0c016800 Exception <a 'java/lang/NoSuchMethodError'{0x00000000b4ab98f8}: 'void java.lang.invoke.DirectMethodHandle$Holder.invokeStatic(java.lang.Object, java.lang.Object, java.lang.Object)'> (0x00000000b4ab98f8) 
thrown [/home/dmitry/Downloads/LOOM/loom/src/hotspot/share/interpreter/linkResolver.cpp, line 768]
for thread 0x00007f5d0c016800
Event: 0,906 Thread 0x00007f5d0c016800 Exception <a 'java/lang/NoSuchMethodError'{0x00000000b4ae4eb0}: 'java.lang.Object java.lang.invoke.Invokers$Holder.linkToTargetMethod(java.lang.Object, java.lang.Object, java.lang.Object, java.lang.Object)'> (0x00000000b4ae4eb0) 
thrown [/home/dmitry/Downloads/LOOM/loom/src/hotspot/share/interpreter/linkResolver.cpp, line 768]
for thread 0x00007f5d0c016800
Event: 1,091 Thread 0x00007f5d0c27c000 Exception <a 'java/lang/NoSuchMethodError'{0x00000000b4805190}: 'java.lang.Object java.lang.invoke.DirectMethodHandle$Holder.invokeStatic(java.lang.Object)'> (0x00000000b4805190) 
thrown [/home/dmitry/Downloads/LOOM/loom/src/hotspot/share/interpreter/linkResolver.cpp, line 768]
for thread 0x00007f5d0c27c000
Event: 1,092 Thread 0x00007f5d0c27c000 Exception <a 'java/lang/NoSuchMethodError'{0x00000000b4807fa8}: 'java.lang.Object java.lang.invoke.DirectMethodHandle$Holder.invokeStaticInit(java.lang.Object)'> (0x00000000b4807fa8) 
thrown [/home/dmitry/Downloads/LOOM/loom/src/hotspot/share/interpreter/linkResolver.cpp, line 768]
for thread 0x00007f5d0c27c000
Event: 1,113 Thread 0x00007f5d0c016800 Exception <a 'java/lang/NoSuchMethodError'{0x00000000b4882470}: 'void java.lang.invoke.DirectMethodHandle$Holder.invokeStatic(java.lang.Object)'> (0x00000000b4882470) 
thrown [/home/dmitry/Downloads/LOOM/loom/src/hotspot/share/interpreter/linkResolver.cpp, line 768]
for thread 0x00007f5d0c016800
Event: 1,115 Thread 0x00007f5d0c016800 Exception <a 'java/lang/NoSuchMethodError'{0x00000000b4886bb0}: 'void java.lang.invoke.DirectMethodHandle$Holder.invokeSpecial(java.lang.Object, java.lang.Object)'> (0x00000000b4886bb0) 
thrown [/home/dmitry/Downloads/LOOM/loom/src/hotspot/share/interpreter/linkResolver.cpp, line 768]
for thread 0x00007f5d0c016800

Events (10 events):
Event: 1,334 loading class sun/util/resources/Bundles$CacheKeyReference done
Event: 1,334 loading class sun/util/resources/Bundles$BundleReference done
Event: 1,334 loading class sun/util/resources/cldr/TimeZoneNames_en
Event: 1,336 loading class sun/util/resources/cldr/TimeZoneNames_en done
Event: 1,337 loading class sun/util/resources/cldr/TimeZoneNames_en_US
Event: 1,337 loading class sun/util/resources/cldr/TimeZoneNames_en_US done
Event: 1,344 loading class java/util/LinkedHashMap$LinkedKeySet
Event: 1,344 loading class java/util/LinkedHashMap$LinkedKeySet done
Event: 1,344 loading class sun/util/locale/provider/LocaleResources$ResourceReference
Event: 1,344 loading class sun/util/locale/provider/LocaleResources$ResourceReference done


Dynamic libraries:
b0000000-b5000000 rw-p 00000000 00:00 0 
b5000000-100000000 ---p 00000000 00:00 0 
100000000-1000e0000 rw-p 00000000 00:00 0 
1000e0000-140000000 ---p 00000000 00:00 0 
55d07d410000-55d07d411000 r-xp 00000000 08:01 2499756                    /home/dmitry/Downloads/LOOM/loom/build/linux-x86_64-server-release/jdk/bin/java
55d07d611000-55d07d612000 r--p 00001000 08:01 2499756                    /home/dmitry/Downloads/LOOM/loom/build/linux-x86_64-server-release/jdk/bin/java
55d07d612000-55d07d613000 rw-p 00002000 08:01 2499756                    /home/dmitry/Downloads/LOOM/loom/build/linux-x86_64-server-release/jdk/bin/java
55d07dd4b000-55d07dd6c000 rw-p 00000000 00:00 0                          [heap]
7f5c98000000-7f5c98021000 rw-p 00000000 00:00 0 
7f5c98021000-7f5c9c000000 ---p 00000000 00:00 0 
7f5ca0000000-7f5ca0021000 rw-p 00000000 00:00 0 
7f5ca0021000-7f5ca4000000 ---p 00000000 00:00 0 
7f5ca4000000-7f5ca4021000 rw-p 00000000 00:00 0 
7f5ca4021000-7f5ca8000000 ---p 00000000 00:00 0 
7f5ca8000000-7f5ca8044000 rw-p 00000000 00:00 0 
7f5ca8044000-7f5cac000000 ---p 00000000 00:00 0 
7f5cac000000-7f5cac021000 rw-p 00000000 00:00 0 
7f5cac021000-7f5cb0000000 ---p 00000000 00:00 0 
7f5cb35fe000-7f5cb39f9000 rw-p 00000000 00:00 0 
7f5cb39f9000-7f5cb39fd000 ---p 00000000 00:00 0 
7f5cb39fd000-7f5cb3afa000 rw-p 00000000 00:00 0 
7f5cb3afa000-7f5cb3afe000 ---p 00000000 00:00 0 
7f5cb3afe000-7f5cb3bfb000 rw-p 00000000 00:00 0 
7f5cb3bfb000-7f5cb3bff000 ---p 00000000 00:00 0 
7f5cb3bff000-7f5cb3cfc000 rw-p 00000000 00:00 0 
7f5cb3cfc000-7f5cb3cfe000 r-xp 00000000 08:01 2636451                    /home/dmitry/Downloads/LOOM/loom/build/linux-x86_64-server-release/jdk/lib/libextnet.so
7f5cb3cfe000-7f5cb3efd000 ---p 00002000 08:01 2636451                    /home/dmitry/Downloads/LOOM/loom/build/linux-x86_64-server-release/jdk/lib/libextnet.so
7f5cb3efd000-7f5cb3efe000 r--p 00001000 08:01 2636451                    /home/dmitry/Downloads/LOOM/loom/build/linux-x86_64-server-release/jdk/lib/libextnet.so
7f5cb3efe000-7f5cb3eff000 rw-p 00002000 08:01 2636451                    /home/dmitry/Downloads/LOOM/loom/build/linux-x86_64-server-release/jdk/lib/libextnet.so
7f5cb3eff000-7f5cb3f03000 ---p 00000000 00:00 0 
7f5cb3f03000-7f5cb4000000 rw-p 00000000 00:00 0 
7f5cb4000000-7f5cb4021000 rw-p 00000000 00:00 0 
7f5cb4021000-7f5cb8000000 ---p 00000000 00:00 0 
7f5cb8000000-7f5cb8021000 rw-p 00000000 00:00 0 
7f5cb8021000-7f5cbc000000 ---p 00000000 00:00 0 
7f5cbc000000-7f5cbc021000 rw-p 00000000 00:00 0 
7f5cbc021000-7f5cc0000000 ---p 00000000 00:00 0 
7f5cc0000000-7f5cc01e7000 rw-p 00000000 00:00 0 
7f5cc01e7000-7f5cc4000000 ---p 00000000 00:00 0 
7f5cc4000000-7f5cc4101000 rw-p 00000000 00:00 0 
7f5cc4101000-7f5cc8000000 ---p 00000000 00:00 0 
7f5cc8000000-7f5cc8021000 rw-p 00000000 00:00 0 
7f5cc8021000-7f5ccc000000 ---p 00000000 00:00 0 
7f5ccc000000-7f5ccc021000 rw-p 00000000 00:00 0 
7f5ccc021000-7f5cd0000000 ---p 00000000 00:00 0 
7f5cd0000000-7f5cd02d1000 rw-p 00000000 00:00 0 
7f5cd02d1000-7f5cd4000000 ---p 00000000 00:00 0 
7f5cd4000000-7f5cd4021000 rw-p 00000000 00:00 0 
7f5cd4021000-7f5cd8000000 ---p 00000000 00:00 0 
7f5cd8000000-7f5cd8021000 rw-p 00000000 00:00 0 
7f5cd8021000-7f5cdc000000 ---p 00000000 00:00 0 
7f5cdc000000-7f5cdc021000 rw-p 00000000 00:00 0 
7f5cdc021000-7f5ce0000000 ---p 00000000 00:00 0 
7f5ce0000000-7f5ce0021000 rw-p 00000000 00:00 0 
7f5ce0021000-7f5ce4000000 ---p 00000000 00:00 0 
7f5ce4000000-7f5ce4021000 rw-p 00000000 00:00 0 
7f5ce4021000-7f5ce8000000 ---p 00000000 00:00 0 
7f5ce80fd000-7f5ce8101000 ---p 00000000 00:00 0 
7f5ce8101000-7f5ce81fe000 rw-p 00000000 00:00 0 
7f5ce81fe000-7f5ce81ff000 ---p 00000000 00:00 0 
7f5ce81ff000-7f5ce8300000 rw-p 00000000 00:00 0 
7f5ce8300000-7f5ce8304000 ---p 00000000 00:00 0 
7f5ce8304000-7f5ce8401000 rw-p 00000000 00:00 0 
7f5ce8401000-7f5ce8405000 ---p 00000000 00:00 0 
7f5ce8405000-7f5ce8502000 rw-p 00000000 00:00 0 
7f5ce8502000-7f5ce8506000 ---p 00000000 00:00 0 
7f5ce8506000-7f5ce8603000 rw-p 00000000 00:00 0 
7f5ce8603000-7f5ce8619000 r-xp 00000000 08:01 2636264                    /home/dmitry/Downloads/LOOM/loom/build/linux-x86_64-server-release/jdk/lib/libnet.so
7f5ce8619000-7f5ce8819000 ---p 00016000 08:01 2636264                    /home/dmitry/Downloads/LOOM/loom/build/linux-x86_64-server-release/jdk/lib/libnet.so
7f5ce8819000-7f5ce881a000 r--p 00016000 08:01 2636264                    /home/dmitry/Downloads/LOOM/loom/build/linux-x86_64-server-release/jdk/lib/libnet.so
7f5ce881a000-7f5ce881b000 rw-p 00017000 08:01 2636264                    /home/dmitry/Downloads/LOOM/loom/build/linux-x86_64-server-release/jdk/lib/libnet.so
7f5ce881b000-7f5ce882c000 r-xp 00000000 08:01 2636266                    /home/dmitry/Downloads/LOOM/loom/build/linux-x86_64-server-release/jdk/lib/libnio.so
7f5ce882c000-7f5ce8a2b000 ---p 00011000 08:01 2636266                    /home/dmitry/Downloads/LOOM/loom/build/linux-x86_64-server-release/jdk/lib/libnio.so
7f5ce8a2b000-7f5ce8a2c000 r--p 00010000 08:01 2636266                    /home/dmitry/Downloads/LOOM/loom/build/linux-x86_64-server-release/jdk/lib/libnio.so
7f5ce8a2c000-7f5ce8a2d000 rw-p 00011000 08:01 2636266                    /home/dmitry/Downloads/LOOM/loom/build/linux-x86_64-server-release/jdk/lib/libnio.so
7f5ce8a2d000-7f5ce8a31000 ---p 00000000 00:00 0 
7f5ce8a31000-7f5ce8b2e000 rw-p 00000000 00:00 0 
7f5ce8b2e000-7f5ce8b32000 ---p 00000000 00:00 0 
7f5ce8b32000-7f5ce8c2f000 rw-p 00000000 00:00 0 
7f5ce8c2f000-7f5ce8c33000 ---p 00000000 00:00 0 
7f5ce8c33000-7f5ce8d30000 rw-p 00000000 00:00 0 
7f5ce8d30000-7f5ce8d34000 ---p 00000000 00:00 0 
7f5ce8d34000-7f5ce8e31000 rw-p 00000000 00:00 0 
7f5ce8e31000-7f5ce9800000 r--p 00000000 08:01 10230401                   /usr/lib/locale/locale-archive
7f5ce9800000-7f5ce9f80000 rw-p 00000000 00:00 0 
7f5ce9f80000-7f5cea000000 ---p 00000000 00:00 0 
7f5cea000000-7f5cec000000 rw-p 00000000 00:00 0 
7f5cec000000-7f5cec021000 rw-p 00000000 00:00 0 
7f5cec021000-7f5cf0000000 ---p 00000000 00:00 0 
7f5cf0000000-7f5cf0021000 rw-p 00000000 00:00 0 
7f5cf0021000-7f5cf4000000 ---p 00000000 00:00 0 
7f5cf4000000-7f5cf4021000 rw-p 00000000 00:00 0 
7f5cf4021000-7f5cf8000000 ---p 00000000 00:00 0 
7f5cf806c000-7f5cf8070000 ---p 00000000 00:00 0 
7f5cf8070000-7f5cf816d000 rw-p 00000000 00:00 0 
7f5cf816d000-7f5cf8171000 ---p 00000000 00:00 0 
7f5cf8171000-7f5cf826e000 rw-p 00000000 00:00 0 
7f5cf826e000-7f5cf826f000 ---p 00000000 00:00 0 
7f5cf826f000-7f5cf83f1000 rw-p 00000000 00:00 0 
7f5cf83f1000-7f5cf83f2000 ---p 00000000 00:00 0 
7f5cf83f2000-7f5cf84f3000 rw-p 00000000 00:00 0 
7f5cf84f3000-7f5cf84f4000 ---p 00000000 00:00 0 
7f5cf84f4000-7f5cf89f9000 rw-p 00000000 00:00 0 
7f5cf89f9000-7f5cf89fa000 ---p 00000000 00:00 0 
7f5cf89fa000-7f5cf8afb000 rw-p 00000000 00:00 0 
7f5cf8afb000-7f5cf8afc000 ---p 00000000 00:00 0 
7f5cf8afc000-7f5cf8bfd000 rw-p 00000000 00:00 0 
7f5cf8bfd000-7f5cf8bfe000 ---p 00000000 00:00 0 
7f5cf8bfe000-7f5cf8e3f000 rw-p 00000000 00:00 0 
7f5cf8e3f000-7f5cfa0ff000 ---p 00000000 00:00 0 
7f5cfa0ff000-7f5cfa23f000 rw-p 00000000 00:00 0 
7f5cfa23f000-7f5cfb4ff000 ---p 00000000 00:00 0 
7f5cfb4ff000-7f5cfb527000 rw-p 00000000 00:00 0 
7f5cfb527000-7f5cfb77f000 ---p 00000000 00:00 0 
7f5cfb77f000-7f5cfb7a7000 rw-p 00000000 00:00 0 
7f5cfb7a7000-7f5cfb9ff000 ---p 00000000 00:00 0 
7f5cfb9ff000-7f5cfba27000 rw-p 00000000 00:00 0 
7f5cfba27000-7f5cfbc7f000 ---p 00000000 00:00 0 
7f5cfbc7f000-7f5cfc088000 rw-p 00000000 00:00 0 
7f5cfc088000-7f5cfc16e000 ---p 00000000 00:00 0 
7f5cfc16e000-7f5cfc3de000 rwxp 00000000 00:00 0 
7f5cfc3de000-7f5cfc6fe000 ---p 00000000 00:00 0 
7f5cfc6fe000-7f5cfc96e000 rwxp 00000000 00:00 0 
7f5cfc96e000-7f5d03c36000 ---p 00000000 00:00 0 
7f5d03c36000-7f5d03ea6000 rwxp 00000000 00:00 0 
7f5d03ea6000-7f5d0b16e000 ---p 00000000 00:00 0 
7f5d0b16e000-7f5d0b189000 r-xp 00000000 08:01 2636262                    /home/dmitry/Downloads/LOOM/loom/build/linux-x86_64-server-release/jdk/lib/libjimage.so
7f5d0b189000-7f5d0b388000 ---p 0001b000 08:01 2636262                    /home/dmitry/Downloads/LOOM/loom/build/linux-x86_64-server-release/jdk/lib/libjimage.so
7f5d0b388000-7f5d0b38a000 r--p 0001a000 08:01 2636262                    /home/dmitry/Downloads/LOOM/loom/build/linux-x86_64-server-release/jdk/lib/libjimage.so
7f5d0b38a000-7f5d0b38b000 rw-p 0001c000 08:01 2636262                    /home/dmitry/Downloads/LOOM/loom/build/linux-x86_64-server-release/jdk/lib/libjimage.so
7f5d0b38b000-7f5d0b392000 r-xp 00000000 08:01 2636259                    /home/dmitry/Downloads/LOOM/loom/build/linux-x86_64-server-release/jdk/lib/libzip.so
7f5d0b392000-7f5d0b591000 ---p 00007000 08:01 2636259                    /home/dmitry/Downloads/LOOM/loom/build/linux-x86_64-server-release/jdk/lib/libzip.so
7f5d0b591000-7f5d0b592000 r--p 00006000 08:01 2636259                    /home/dmitry/Downloads/LOOM/loom/build/linux-x86_64-server-release/jdk/lib/libzip.so
7f5d0b592000-7f5d0b593000 rw-p 00007000 08:01 2636259                    /home/dmitry/Downloads/LOOM/loom/build/linux-x86_64-server-release/jdk/lib/libzip.so
7f5d0b593000-7f5d0b59e000 r-xp 00000000 08:01 1184572                    /lib/x86_64-linux-gnu/libnss_files-2.27.so
7f5d0b59e000-7f5d0b79d000 ---p 0000b000 08:01 1184572                    /lib/x86_64-linux-gnu/libnss_files-2.27.so
7f5d0b79d000-7f5d0b79e000 r--p 0000a000 08:01 1184572                    /lib/x86_64-linux-gnu/libnss_files-2.27.so
7f5d0b79e000-7f5d0b79f000 rw-p 0000b000 08:01 1184572                    /lib/x86_64-linux-gnu/libnss_files-2.27.so
7f5d0b79f000-7f5d0b7a5000 rw-p 00000000 00:00 0 
7f5d0b7a5000-7f5d0b7bc000 r-xp 00000000 08:01 1184566                    /lib/x86_64-linux-gnu/libnsl-2.27.so
7f5d0b7bc000-7f5d0b9bb000 ---p 00017000 08:01 1184566                    /lib/x86_64-linux-gnu/libnsl-2.27.so
7f5d0b9bb000-7f5d0b9bc000 r--p 00016000 08:01 1184566                    /lib/x86_64-linux-gnu/libnsl-2.27.so
7f5d0b9bc000-7f5d0b9bd000 rw-p 00017000 08:01 1184566                    /lib/x86_64-linux-gnu/libnsl-2.27.so
7f5d0b9bd000-7f5d0b9bf000 rw-p 00000000 00:00 0 
7f5d0b9bf000-7f5d0b9ca000 r-xp 00000000 08:01 1184583                    /lib/x86_64-linux-gnu/libnss_nis-2.27.so
7f5d0b9ca000-7f5d0bbc9000 ---p 0000b000 08:01 1184583                    /lib/x86_64-linux-gnu/libnss_nis-2.27.so
7f5d0bbc9000-7f5d0bbca000 r--p 0000a000 08:01 1184583                    /lib/x86_64-linux-gnu/libnss_nis-2.27.so
7f5d0bbca000-7f5d0bbcb000 rw-p 0000b000 08:01 1184583                    /lib/x86_64-linux-gnu/libnss_nis-2.27.so
7f5d0bbcb000-7f5d0bbd3000 r-xp 00000000 08:01 1184568                    /lib/x86_64-linux-gnu/libnss_compat-2.27.so
7f5d0bbd3000-7f5d0bdd3000 ---p 00008000 08:01 1184568                    /lib/x86_64-linux-gnu/libnss_compat-2.27.so
7f5d0bdd3000-7f5d0bdd4000 r--p 00008000 08:01 1184568                    /lib/x86_64-linux-gnu/libnss_compat-2.27.so
7f5d0bdd4000-7f5d0bdd5000 rw-p 00009000 08:01 1184568                    /lib/x86_64-linux-gnu/libnss_compat-2.27.so
7f5d0bdd5000-7f5d0bdfd000 r-xp 00000000 08:01 2636258                    /home/dmitry/Downloads/LOOM/loom/build/linux-x86_64-server-release/jdk/lib/libjava.so
7f5d0bdfd000-7f5d0bffd000 ---p 00028000 08:01 2636258                    /home/dmitry/Downloads/LOOM/loom/build/linux-x86_64-server-release/jdk/lib/libjava.so
7f5d0bffd000-7f5d0bffe000 r--p 00028000 08:01 2636258                    /home/dmitry/Downloads/LOOM/loom/build/linux-x86_64-server-release/jdk/lib/libjava.so
7f5d0bffe000-7f5d0c000000 rw-p 00029000 08:01 2636258                    /home/dmitry/Downloads/LOOM/loom/build/linux-x86_64-server-release/jdk/lib/libjava.so
7f5d0c000000-7f5d0c28b000 rw-p 00000000 00:00 0 
7f5d0c28b000-7f5d10000000 ---p 00000000 00:00 0 
7f5d10019000-7f5d100aa000 rw-p 00000000 00:00 0 
7f5d100aa000-7f5d10190000 ---p 00000000 00:00 0 
7f5d10190000-7f5d1019d000 r-xp 00000000 08:01 2636248                    /home/dmitry/Downloads/LOOM/loom/build/linux-x86_64-server-release/jdk/lib/libverify.so
7f5d1019d000-7f5d1039c000 ---p 0000d000 08:01 2636248                    /home/dmitry/Downloads/LOOM/loom/build/linux-x86_64-server-release/jdk/lib/libverify.so
7f5d1039c000-7f5d1039e000 r--p 0000c000 08:01 2636248                    /home/dmitry/Downloads/LOOM/loom/build/linux-x86_64-server-release/jdk/lib/libverify.so
7f5d1039e000-7f5d1039f000 rw-p 0000e000 08:01 2636248                    /home/dmitry/Downloads/LOOM/loom/build/linux-x86_64-server-release/jdk/lib/libverify.so
7f5d1039f000-7f5d1053c000 r-xp 00000000 08:01 1184545                    /lib/x86_64-linux-gnu/libm-2.27.so
7f5d1053c000-7f5d1073b000 ---p 0019d000 08:01 1184545                    /lib/x86_64-linux-gnu/libm-2.27.so
7f5d1073b000-7f5d1073c000 r--p 0019c000 08:01 1184545                    /lib/x86_64-linux-gnu/libm-2.27.so
7f5d1073c000-7f5d1073d000 rw-p 0019d000 08:01 1184545                    /lib/x86_64-linux-gnu/libm-2.27.so
7f5d1073d000-7f5d11a66000 r-xp 00000000 08:01 2636244                    /home/dmitry/Downloads/LOOM/loom/build/linux-x86_64-server-release/jdk/lib/server/libjvm.so
7f5d11a66000-7f5d11c66000 ---p 01329000 08:01 2636244                    /home/dmitry/Downloads/LOOM/loom/build/linux-x86_64-server-release/jdk/lib/server/libjvm.so
7f5d11c66000-7f5d11d2d000 r--p 01329000 08:01 2636244                    /home/dmitry/Downloads/LOOM/loom/build/linux-x86_64-server-release/jdk/lib/server/libjvm.so
7f5d11d2d000-7f5d11d68000 rw-p 013f0000 08:01 2636244                    /home/dmitry/Downloads/LOOM/loom/build/linux-x86_64-server-release/jdk/lib/server/libjvm.so
7f5d11d68000-7f5d11dee000 rw-p 00000000 00:00 0 
7f5d11dee000-7f5d11e08000 r-xp 00000000 08:01 1184615                    /lib/x86_64-linux-gnu/libpthread-2.27.so
7f5d11e08000-7f5d12007000 ---p 0001a000 08:01 1184615                    /lib/x86_64-linux-gnu/libpthread-2.27.so
7f5d12007000-7f5d12008000 r--p 00019000 08:01 1184615                    /lib/x86_64-linux-gnu/libpthread-2.27.so
7f5d12008000-7f5d12009000 rw-p 0001a000 08:01 1184615                    /lib/x86_64-linux-gnu/libpthread-2.27.so
7f5d12009000-7f5d1200d000 rw-p 00000000 00:00 0 
7f5d1200d000-7f5d12010000 r-xp 00000000 08:01 1184505                    /lib/x86_64-linux-gnu/libdl-2.27.so
7f5d12010000-7f5d1220f000 ---p 00003000 08:01 1184505                    /lib/x86_64-linux-gnu/libdl-2.27.so
7f5d1220f000-7f5d12210000 r--p 00002000 08:01 1184505                    /lib/x86_64-linux-gnu/libdl-2.27.so
7f5d12210000-7f5d12211000 rw-p 00003000 08:01 1184505                    /lib/x86_64-linux-gnu/libdl-2.27.so
7f5d12211000-7f5d1222d000 r-xp 00000000 08:01 1184654                    /lib/x86_64-linux-gnu/libz.so.1.2.11
7f5d1222d000-7f5d1242c000 ---p 0001c000 08:01 1184654                    /lib/x86_64-linux-gnu/libz.so.1.2.11
7f5d1242c000-7f5d1242d000 r--p 0001b000 08:01 1184654                    /lib/x86_64-linux-gnu/libz.so.1.2.11
7f5d1242d000-7f5d1242e000 rw-p 0001c000 08:01 1184654                    /lib/x86_64-linux-gnu/libz.so.1.2.11
7f5d1242e000-7f5d12615000 r-xp 00000000 08:01 1184482                    /lib/x86_64-linux-gnu/libc-2.27.so
7f5d12615000-7f5d12815000 ---p 001e7000 08:01 1184482                    /lib/x86_64-linux-gnu/libc-2.27.so
7f5d12815000-7f5d12819000 r--p 001e7000 08:01 1184482                    /lib/x86_64-linux-gnu/libc-2.27.so
7f5d12819000-7f5d1281b000 rw-p 001eb000 08:01 1184482                    /lib/x86_64-linux-gnu/libc-2.27.so
7f5d1281b000-7f5d1281f000 rw-p 00000000 00:00 0 
7f5d1281f000-7f5d1282f000 r-xp 00000000 08:01 2636251                    /home/dmitry/Downloads/LOOM/loom/build/linux-x86_64-server-release/jdk/lib/libjli.so
7f5d1282f000-7f5d12a2e000 ---p 00010000 08:01 2636251                    /home/dmitry/Downloads/LOOM/loom/build/linux-x86_64-server-release/jdk/lib/libjli.so
7f5d12a2e000-7f5d12a2f000 r--p 0000f000 08:01 2636251                    /home/dmitry/Downloads/LOOM/loom/build/linux-x86_64-server-release/jdk/lib/libjli.so
7f5d12a2f000-7f5d12a30000 rw-p 00010000 08:01 2636251                    /home/dmitry/Downloads/LOOM/loom/build/linux-x86_64-server-release/jdk/lib/libjli.so
7f5d12a30000-7f5d12a57000 r-xp 00000000 08:01 1184454                    /lib/x86_64-linux-gnu/ld-2.27.so
7f5d12a84000-7f5d12b37000 rw-p 00000000 00:00 0 
7f5d12b37000-7f5d12b3e000 ---p 00000000 00:00 0 
7f5d12b3e000-7f5d12b42000 ---p 00000000 00:00 0 
7f5d12b42000-7f5d12c41000 rw-p 00000000 00:00 0 
7f5d12c4a000-7f5d12c52000 rw-s 00000000 08:01 524334                     /tmp/hsperfdata_dmitry/20771
7f5d12c52000-7f5d12c53000 ---p 00000000 00:00 0 
7f5d12c53000-7f5d12c54000 r--p 00000000 00:00 0 
7f5d12c54000-7f5d12c55000 ---p 00000000 00:00 0 
7f5d12c55000-7f5d12c57000 rw-p 00000000 00:00 0 
7f5d12c57000-7f5d12c58000 r--p 00027000 08:01 1184454                    /lib/x86_64-linux-gnu/ld-2.27.so
7f5d12c58000-7f5d12c59000 rw-p 00028000 08:01 1184454                    /lib/x86_64-linux-gnu/ld-2.27.so
7f5d12c59000-7f5d12c5a000 rw-p 00000000 00:00 0 
7ffd01d7d000-7ffd01da0000 rw-p 00000000 00:00 0                          [stack]
7ffd01db4000-7ffd01db7000 r--p 00000000 00:00 0                          [vvar]
7ffd01db7000-7ffd01db9000 r-xp 00000000 00:00 0                          [vdso]
ffffffffff600000-ffffffffff601000 r-xp 00000000 00:00 0                  [vsyscall]


VM Arguments:
jvm_args: -Didea.launcher.port=10373 -Didea.launcher.bin.path=/home/dmitry/Downloads/idea-IC-183.5912.21/bin -Dfile.encoding=UTF-8 
java_command: com.intellij.rt.execution.application.AppMainV2 Main
java_class_path (initial): /home/dmitry/Downloads/LOOM/loom/build/linux-x86_64-server-release/jdk/modules/java.base:/home/dmitry/Downloads/LOOM/loom/build/linux-x86_64-server-release/jdk/modules/java.compiler:/home/dmitry/Downloads/LOOM/loom/build/linux-x86_64-server-release/jdk/modules/java.datatransfer:/home/dmitry/Downloads/LOOM/loom/build/linux-x86_64-server-release/jdk/modules/java.desktop:/home/dmitry/Downloads/LOOM/loom/build/linux-x86_64-server-release/jdk/modules/java.instrument:/home/dmitry/Downloads/LOOM/loom/build/linux-x86_64-server-release/jdk/modules/java.logging:/home/dmitry/Downloads/LOOM/loom/build/linux-x86_64-server-release/jdk/modules/java.management:/home/dmitry/Downloads/LOOM/loom/build/linux-x86_64-server-release/jdk/modules/java.management.rmi:/home/dmitry/Downloads/LOOM/loom/build/linux-x86_64-server-release/jdk/modules/java.naming:/home/dmitry/Downloads/LOOM/loom/build/linux-x86_64-server-release/jdk/modules/java.net.http:/home/dmitry/Downloads/LOOM/loom/build/linux-x86_64-server-release/jdk/modules/java.prefs:/home/dmitry/Downloads/LOOM/loom/build/linux-x86_64-server-release/jdk/modules/java.rmi:/home/dmitry/Downloads/LOOM/loom/build/linux-x86_64-server-release/jdk/modules/java.scripting:/home/dmitry/Downloads/LOOM/loom/build/linux-x86_64-server-release/jdk/modules/java.se:/home/dmitry/Downloads/LOOM/loom/build/linux-x86_64-server-release/jdk/modules/java.security.jgss:/home/dmitry/Downloads/LOOM/loom/build/linux-x86_64-server-release/jdk/modules/java.security.sasl:/home/dmitry/Downloads/LOOM/loom/build/linux-x86_64-server-release/jdk/modules/java.smartcardio:/home/dmitry/Downloads/LOOM/loom/build/linux-x86_64-server-release/jdk/modules/java.sql:/home/dmitry/Downloads/LOOM/loom/build/linux-x86_64-server-release/jdk/modules/java.sql.rowset:/home/dmitry/Downloads/LOOM/loom/build/linux-x86_64-server-release/jdk/modules/java.transaction.xa:/home/dmitry/Downloads/LOOM/loom/build/linux-x86_64-server-release/jdk/modules/java.xml:/home/dmitry/D
Launcher Type: SUN_STANDARD

[Global flags]
     intx CICompilerCount                          = 3                                         {product} {ergonomic}
     uint ConcGCThreads                            = 1                                         {product} {ergonomic}
     uint G1ConcRefinementThreads                  = 4                                         {product} {ergonomic}
   size_t G1HeapRegionSize                         = 1048576                                   {product} {ergonomic}
    uintx GCDrainStackTargetSize                   = 64                                        {product} {ergonomic}
   size_t InitialHeapSize                          = 83886080                                  {product} {ergonomic}
   size_t MarkStackSize                            = 4194304                                   {product} {ergonomic}
   size_t MaxHeapSize                              = 1342177280                                {product} {ergonomic}
   size_t MaxNewSize                               = 805306368                                 {product} {ergonomic}
   size_t MinHeapDeltaBytes                        = 1048576                                   {product} {ergonomic}
    uintx NonNMethodCodeHeapSize                   = 5830732                                {pd product} {ergonomic}
    uintx NonProfiledCodeHeapSize                  = 122913754                              {pd product} {ergonomic}
    uintx ProfiledCodeHeapSize                     = 122913754                              {pd product} {ergonomic}
    uintx ReservedCodeCacheSize                    = 251658240                              {pd product} {ergonomic}
     bool SegmentedCodeCache                       = true                                      {product} {ergonomic}
     bool UseCompressedClassPointers               = true                                 {lp64_product} {ergonomic}
     bool UseCompressedOops                        = true                                 {lp64_product} {ergonomic}
     bool UseG1GC                                  = true                                      {product} {ergonomic}

Logging:
Log output configuration:
 #0: stdout all=warning uptime,level,tags
 #1: stderr all=off uptime,level,tags

Environment Variables:
JAVA_HOME=/home/dmitry/usr/local/java/jdk1.8.0
PATH=/bin:/bin:/usr/local/sbin:/usr/local/bin:/usr/sbin:/usr/bin:/sbin:/bin:/usr/games:/usr/local/games:/snap/bin
USERNAME=dmitry
SHELL=/bin/bash
DISPLAY=:0

Signal Handlers:
SIGSEGV: [libjvm.so+0xfe1ad0], sa_mask[0]=11111111011111111101111111111110, sa_flags=SA_RESTART|SA_SIGINFO
SIGBUS: [libjvm.so+0xfe1ad0], sa_mask[0]=11111111011111111101111111111110, sa_flags=SA_RESTART|SA_SIGINFO
SIGFPE: [libjvm.so+0xfe1ad0], sa_mask[0]=11111111011111111101111111111110, sa_flags=SA_RESTART|SA_SIGINFO
SIGPIPE: [libjvm.so+0xc7f350], sa_mask[0]=11111111011111111101111111111110, sa_flags=SA_RESTART|SA_SIGINFO
SIGXFSZ: [libjvm.so+0xc7f350], sa_mask[0]=11111111011111111101111111111110, sa_flags=SA_RESTART|SA_SIGINFO
SIGILL: [libjvm.so+0xfe1ad0], sa_mask[0]=11111111011111111101111111111110, sa_flags=SA_RESTART|SA_SIGINFO
SIGUSR2: [libjvm.so+0xc7f1f0], sa_mask[0]=00100000000000000000000000000000, sa_flags=SA_RESTART|SA_SIGINFO
SIGHUP: [libjvm.so+0xc7f7f0], sa_mask[0]=11111111011111111101111111111110, sa_flags=SA_RESTART|SA_SIGINFO
SIGINT: [libjvm.so+0xc7f7f0], sa_mask[0]=11111111011111111101111111111110, sa_flags=SA_RESTART|SA_SIGINFO
SIGTERM: [libjvm.so+0xc7f7f0], sa_mask[0]=11111111011111111101111111111110, sa_flags=SA_RESTART|SA_SIGINFO
SIGQUIT: [libjvm.so+0xc7f7f0], sa_mask[0]=11111111011111111101111111111110, sa_flags=SA_RESTART|SA_SIGINFO


---------------  S Y S T E M  ---------------

OS:DISTRIB_ID=Ubuntu
DISTRIB_RELEASE=18.04
DISTRIB_CODENAME=bionic
DISTRIB_DESCRIPTION="Ubuntu 18.04.2 LTS"
uname:Linux 4.18.0-20-generic #21~18.04.1-Ubuntu SMP Wed May 8 08:43:37 UTC 2019 x86_64
libc:glibc 2.27 NPTL 2.27 
rlimit: STACK 8192k, CORE 0k, NPROC 20273, NOFILE 4096, AS infinity, DATA infinity, FSIZE infinity
load average:1,09 2,39 3,40

/proc/meminfo:
MemTotal:        5234996 kB
MemFree:          674464 kB
MemAvailable:    3246180 kB
Buffers:           54856 kB
Cached:          2717220 kB
SwapCached:        12628 kB
Active:          2031688 kB
Inactive:        2228544 kB
Active(anon):     848884 kB
Inactive(anon):   705312 kB
Active(file):    1182804 kB
Inactive(file):  1523232 kB
Unevictable:          32 kB
Mlocked:              32 kB
SwapTotal:       2097148 kB
SwapFree:         926588 kB
Dirty:              1544 kB
Writeback:             0 kB
AnonPages:       1484044 kB
Mapped:           146968 kB
Shmem:             66040 kB
Slab:             189860 kB
SReclaimable:     145360 kB
SUnreclaim:        44500 kB
KernelStack:        9888 kB
PageTables:        38012 kB
NFS_Unstable:          0 kB
Bounce:                0 kB
WritebackTmp:          0 kB
CommitLimit:     4714644 kB
Committed_AS:    5815104 kB
VmallocTotal:   34359738367 kB
VmallocUsed:           0 kB
VmallocChunk:          0 kB
HardwareCorrupted:     0 kB
AnonHugePages:         0 kB
ShmemHugePages:        0 kB
ShmemPmdMapped:        0 kB
CmaTotal:              0 kB
CmaFree:               0 kB
HugePages_Total:       0
HugePages_Free:        0
HugePages_Rsvd:        0
HugePages_Surp:        0
Hugepagesize:       2048 kB
Hugetlb:               0 kB
DirectMap4k:      176064 kB
DirectMap2M:     5234688 kB


/proc/sys/kernel/threads-max (system-wide limit on the number of threads):
40547


/proc/sys/vm/max_map_count (maximum number of memory map areas a process may have):
65530


/proc/sys/kernel/pid_max (system-wide limit on number of process identifiers):
32768



container (cgroup) information:
container_type: cgroupv1
cpu_cpuset_cpus: 0-3
cpu_memory_nodes: 0
active_processor_count: 4
cpu_quota: no quota
cpu_period: 100000
cpu_shares: no shares
memory_limit_in_bytes: unlimited
memory_and_swap_limit_in_bytes: not supported
memory_soft_limit_in_bytes: unlimited
memory_usage_in_bytes: 4359069696
memory_max_usage_in_bytes: 48168960

KVM virtualization detected
Steal ticks since vm start: 0
Steal ticks percentage since vm start:  0,000

CPU:total 4 (initial active 4) (4 cores per cpu, 1 threads per core) family 6 model 60 stepping 3, cmov, cx8, fxsr, mmx, sse, sse2, sse3, ssse3, sse4.1, sse4.2, popcnt, avx, avx2, aes, clmul, lzcnt, tsc, tscinvbit
CPU Model and flags from /proc/cpuinfo:
model name	: Intel(R) Core(TM) i7-4700HQ CPU @ 2.40GHz
flags		: fpu vme de pse tsc msr pae mce cx8 apic sep mtrr pge mca cmov pat pse36 clflush mmx fxsr sse sse2 ht syscall nx rdtscp lm constant_tsc rep_good nopl xtopology nonstop_tsc cpuid tsc_known_freq pni pclmulqdq ssse3 cx16 pcid sse4_1 sse4_2 x2apic movbe popcnt aes xsave avx rdrand hypervisor lahf_lm abm invpcid_single pti fsgsbase avx2 invpcid flush_l1d

Memory: 4k page, physical 5234996k(674464k free), swap 2097148k(926588k free)

vm_info: OpenJDK 64-Bit Server VM (13-internal+0-adhoc.dmitry.loom) for linux-amd64 JRE (13-internal+0-adhoc.dmitry.loom), built on May 19 2019 00:42:28 by "dmitry" with gcc 7.4.0

END.
