#
# A fatal error has been detected by the Java Runtime Environment:
#
#  SIGSEGV (0xb) at pc=0x00007f689fa38f7a, pid=25262, tid=25288
#
# JRE version: OpenJDK Runtime Environment (13.0) (build 13-internal+0-adhoc.dmitry.loom)
# Java VM: OpenJDK 64-Bit Server VM (13-internal+0-adhoc.dmitry.loom, mixed mode, tiered, compressed oops, g1 gc, linux-amd64)
# Problematic frame:
# V  [libjvm.so+0x683f7a]  ContMirror::read()+0x1a
#
# Core dump will be written. Default location: Core dumps may be processed with "/usr/share/apport/apport %p %s %c %d %P" (or dumping to /home/dmitry/Downloads/LoadDetector/core.25262)
#
# If you would like to submit a bug report, please visit:
#   http://bugreport.java.com/bugreport/crash.jsp
#

---------------  S U M M A R Y ------------

Command Line: -Didea.launcher.port=17567 -Didea.launcher.bin.path=/home/dmitry/Downloads/idea-IC-183.5912.21/bin -Dfile.encoding=UTF-8 com.intellij.rt.execution.application.AppMainV2 NewMain

Host: Intel(R) Core(TM) i7-4700HQ CPU @ 2.40GHz, 4 cores, 4G, Ubuntu 18.04.2 LTS
Time: Sun May 26 10:18:12 2019 MSK elapsed time: 2 seconds (0d 0h 0m 2s)

---------------  T H R E A D  ---------------

Current thread (0x00007f68982e0000):  JavaThread "Timer-0" daemon [_thread_in_vm, id=25288, stack(0x00007f68665f2000,0x00007f68666f3000)]

Stack: [0x00007f68665f2000,0x00007f68666f3000],  sp=0x00007f68666ef110,  free space=1012k
Native frames: (J=compiled Java code, A=aot compiled Java code, j=interpreted, Vv=VM code, C=native code)
V  [libjvm.so+0x683f7a]  ContMirror::read()+0x1a
V  [libjvm.so+0x688cec]  Continuation::freeze0(JavaThread*, FrameInfo*, bool) [clone .part.305]+0x52c
V  [libjvm.so+0x689437]  Continuation::freeze(JavaThread*, FrameInfo*)+0x127
v  ~RuntimeStub::cont_doYield
C  0x00007f68666f17a8
j  java.lang.Continuation.myPause(Ljava/lang/ContinuationScope;)Z+3 java.base
j  balancer.Balancer$1.run()V+48
j  java.util.TimerThread.mainLoop()V+221 java.base
j  java.util.TimerThread.run()V+1 java.base
v  ~StubRoutines::call_stub
V  [libjvm.so+0x8bd249]  JavaCalls::call_helper(JavaValue*, methodHandle const&, JavaCallArguments*, Thread*)+0x3c9
V  [libjvm.so+0x8bb265]  JavaCalls::call_virtual(JavaValue*, Handle, Klass*, Symbol*, Symbol*, Thread*)+0x1e5
V  [libjvm.so+0x9660dc]  thread_entry(JavaThread*, Thread*)+0x6c
V  [libjvm.so+0xf73b92]  JavaThread::run()+0x232
V  [libjvm.so+0xf7190d]  Thread::call_run()+0x10d
V  [libjvm.so+0xc8bc77]  thread_native_entry(Thread*)+0xe7

Java frames: (J=compiled Java code, j=interpreted, Vv=VM code)
v  ~RuntimeStub::cont_doYield
j  java.lang.Continuation.yield0(Ljava/lang/ContinuationScope;Ljava/lang/Continuation;)Z+60 java.base
j  java.lang.Continuation.myPause(Ljava/lang/ContinuationScope;)Z+3 java.base
j  balancer.Balancer$1.run()V+48
j  java.util.TimerThread.mainLoop()V+221 java.base
j  java.util.TimerThread.run()V+1 java.base
v  ~StubRoutines::call_stub

siginfo: si_signo: 11 (SIGSEGV), si_code: 1 (SEGV_MAPERR), si_addr: 0x0000000000000020

Register to memory mapping:

RAX=0x0000000000000020 is an unknown value
RBX=0x00007f68666f04c0 is pointing into the stack for thread: 0x00007f68982e0000
RCX=0x00007f6889013c98 is pointing into interpreter code (not bytecode specific)
RDX=0x0 is NULL
RSP=0x00007f68666ef110 is pointing into the stack for thread: 0x00007f68982e0000
RBP=0x00007f68666ef120 is pointing into the stack for thread: 0x00007f68982e0000
RSI=0x00007f689d4bfa67 points into unknown readable memory: 20
RDI=0x0 is NULL
R8 =0x00007f6889000000 points into unknown readable memory: 04 00 00 00 00 00 00 00
R9 =0x000000000000000b is an unknown value
R10=0x0000000000000800 is an unknown value
R11=0x0000000000000400 is an unknown value
R12=0x00007f685806afb0 points into unknown readable memory: 00 00 00 00 00 00 00 00
R13=0x00007f68666f04c0 is pointing into the stack for thread: 0x00007f68982e0000
R14=0x00007f68666f1780 is pointing into the stack for thread: 0x00007f68982e0000
R15=0x00007f68982e0840 points into unknown readable memory: 02 00 00 00 00 00 00 00


Registers:
RAX=0x0000000000000020, RBX=0x00007f68666f04c0, RCX=0x00007f6889013c98, RDX=0x0000000000000000
RSP=0x00007f68666ef110, RBP=0x00007f68666ef120, RSI=0x00007f689d4bfa67, RDI=0x0000000000000000
R8 =0x00007f6889000000, R9 =0x000000000000000b, R10=0x0000000000000800, R11=0x0000000000000400
R12=0x00007f685806afb0, R13=0x00007f68666f04c0, R14=0x00007f68666f1780, R15=0x00007f68982e0840
RIP=0x00007f689fa38f7a, EFLAGS=0x0000000000010202, CSGSFS=0x002b000000000033, ERR=0x0000000000000004
  TRAPNO=0x000000000000000e

Top of Stack: (sp=0x00007f68666ef110)
0x00007f68666ef110:   00007f68982e0000 00007f68982e0000
0x00007f68666ef120:   00007f68666f1730 00007f689fa3dcec
0x00007f68666ef130:   00007f68982e0000 0000000000000000
0x00007f68666ef140:   0000000000000000 00007f68666ef240 

Instructions: (pc=0x00007f689fa38f7a)
0x00007f689fa38e7a:   08 48 63 00 89 0c 02 48 8d 05 4c e4 fd 00 48 8b
0x00007f689fa38e8a:   4b 30 48 8b 53 08 48 63 00 48 89 0c 02 48 8d 05
0x00007f689fa38e9a:   2e e4 fd 00 48 8b 53 08 48 8b 4b 38 48 63 00 48
0x00007f689fa38eaa:   89 0c 02 48 8d 05 14 e4 fd 00 8b 4b 60 48 8b 53
0x00007f689fa38eba:   08 48 63 00 89 0c 02 48 8d 05 18 e4 fd 00 48 8b
0x00007f689fa38eca:   53 08 48 8b 4b 10 48 63 00 48 89 0c 02 48 8d 05
0x00007f689fa38eda:   fe e3 fd 00 48 8b 4b 18 48 8b 53 08 48 63 00 48
0x00007f689fa38eea:   89 0c 02 48 8d 05 e4 e3 fd 00 48 63 00 48 8b 53
0x00007f689fa38efa:   08 48 8b 4b 20 48 89 0c 02 48 8d 05 ee e3 fd 00
0x00007f689fa38f0a:   48 8b 53 08 48 8b 4b 58 48 63 00 89 0c 02 48 8d
0x00007f689fa38f1a:   05 a1 e3 fd 00 0f b6 4b 70 48 8b 53 08 48 63 00
0x00007f689fa38f2a:   88 0c 02 48 8d 05 c0 e3 fd 00 0f b7 4b 74 48 8b
0x00007f689fa38f3a:   53 08 48 63 00 66 89 0c 02 48 8d 05 a6 e3 fd 00
0x00007f689fa38f4a:   0f b7 4b 72 48 8b 53 08 48 63 00 66 89 0c 02 48
0x00007f689fa38f5a:   83 c4 08 5b 5d c3 55 48 89 e5 53 48 89 fb 48 83
0x00007f689fa38f6a:   ec 08 48 8d 05 6d e3 fd 00 48 8b 7f 08 48 63 00
0x00007f689fa38f7a:   48 8b 04 38 48 89 43 10 48 8d 05 53 e3 fd 00 48
0x00007f689fa38f8a:   63 00 48 8b 04 38 48 89 43 18 48 8d 05 3d e3 fd
0x00007f689fa38f9a:   00 48 63 00 48 8b 04 38 48 89 43 20 48 8d 05 23
0x00007f689fa38faa:   e3 fd 00 48 63 00 8b 04 38 89 43 28 48 8d 05 17
0x00007f689fa38fba:   e3 fd 00 48 63 00 48 8b 04 38 48 89 43 30 48 8d
0x00007f689fa38fca:   05 fd e2 fd 00 48 63 00 48 8b 04 38 48 89 43 38
0x00007f689fa38fda:   48 8d 05 1b e3 fd 00 48 63 30 ff 15 56 40 f7 00
0x00007f689fa38fea:   48 85 c0 48 89 43 40 0f 84 b9 01 00 00 48 8d 15
0x00007f689fa38ffa:   de c7 fd 00 80 3a 01 48 19 c9 83 e1 04 80 3a 01
0x00007f689fa3900a:   8b 4c 08 0c 48 19 d2 89 4b 48 83 e2 08 48 8d 44
0x00007f689fa3901a:   10 10 48 89 43 50 48 8d 05 d1 e2 fd 00 48 8b 7b
0x00007f689fa3902a:   08 48 63 00 48 63 04 07 48 89 43 58 48 8d 05 af
0x00007f689fa3903a:   e2 fd 00 48 63 30 ff 15 fa 3f f7 00 48 8d 15 7b
0x00007f689fa3904a:   e2 fd 00 48 89 43 68 48 8b 43 08 48 83 3d d3 ac
0x00007f689fa3905a:   fb 00 00 48 63 12 8b 14 02 89 53 60 48 8d 15 53
0x00007f689fa3906a:   e2 fd 00 48 63 12 0f b6 14 02 88 53 70 48 8d 15 


Stack slot to memory mapping:
stack at sp + 0 slots: 0x00007f68982e0000 is a thread
stack at sp + 1 slots: 0x00007f68982e0000 is a thread
stack at sp + 2 slots: 0x00007f68666f1730 is pointing into the stack for thread: 0x00007f68982e0000
stack at sp + 3 slots: 0x00007f689fa3dcec: <offset 0x0000000000688cec> in /home/dmitry/Downloads/LOOM/loom/build/linux-x86_64-server-release/jdk/lib/server/libjvm.so at 0x00007f689f3b5000
stack at sp + 4 slots: 0x00007f68982e0000 is a thread
stack at sp + 5 slots: 0x0 is NULL
stack at sp + 6 slots: 0x0 is NULL
stack at sp + 7 slots: 0x00007f68666ef240 is pointing into the stack for thread: 0x00007f68982e0000


---------------  P R O C E S S  ---------------

Threads class SMR info:
_java_thread_list=0x00007f685c0028a0, length=15, elements={
0x00007f6898016800, 0x00007f689813b000, 0x00007f689813e000, 0x00007f6898160800,
0x00007f6898165000, 0x00007f6898167000, 0x00007f6898169000, 0x00007f6898191800,
0x00007f689826b800, 0x00007f68982bd800, 0x00007f68982e0000, 0x00007f68982e3800,
0x00007f68982e4800, 0x00007f68982e6000, 0x00007f685c001000
}

Java Threads: ( => current thread )
  0x00007f6898016800 JavaThread "main" [_thread_blocked, id=25264, stack(0x00007f68a17b9000,0x00007f68a18ba000)]
  0x00007f689813b000 JavaThread "Reference Handler" daemon [_thread_blocked, id=25272, stack(0x00007f68845fd000,0x00007f68846fe000)]
  0x00007f689813e000 JavaThread "Finalizer" daemon [_thread_blocked, id=25273, stack(0x00007f68844fc000,0x00007f68845fd000)]
  0x00007f6898160800 JavaThread "Signal Dispatcher" daemon [_thread_blocked, id=25275, stack(0x00007f68843fb000,0x00007f68844fc000)]
  0x00007f6898165000 JavaThread "C2 CompilerThread0" daemon [_thread_blocked, id=25276, stack(0x00007f68842fa000,0x00007f68843fb000)]
  0x00007f6898167000 JavaThread "C1 CompilerThread0" daemon [_thread_blocked, id=25277, stack(0x00007f68841f9000,0x00007f68842fa000)]
  0x00007f6898169000 JavaThread "Sweeper thread" daemon [_thread_blocked, id=25278, stack(0x00007f68840f8000,0x00007f68841f9000)]
  0x00007f6898191800 JavaThread "Common-Cleaner" daemon [_thread_blocked, id=25279, stack(0x00007f6867106000,0x00007f6867207000)]
  0x00007f689826b800 JavaThread "Service Thread" daemon [_thread_blocked, id=25284, stack(0x00007f6866f04000,0x00007f6867005000)]
  0x00007f68982bd800 JavaThread "Monitor Ctrl-Break" daemon [_thread_in_native, id=25287, stack(0x00007f6866d01000,0x00007f6866e02000)]
=>0x00007f68982e0000 JavaThread "Timer-0" daemon [_thread_in_vm, id=25288, stack(0x00007f68665f2000,0x00007f68666f3000)]
  0x00007f68982e3800 JavaThread "pool-1-thread-1" [_thread_blocked, id=25289, stack(0x00007f6867005000,0x00007f6867106000)]
  0x00007f68982e4800 JavaThread "pool-1-thread-2" [_thread_blocked, id=25290, stack(0x00007f68664f1000,0x00007f68665f2000)]
  0x00007f68982e6000 JavaThread "pool-1-thread-3" [_thread_blocked, id=25291, stack(0x00007f68663f0000,0x00007f68664f1000)]
  0x00007f685c001000 JavaThread "Attach Listener" daemon [_thread_blocked, id=25294, stack(0x00007f68662ef000,0x00007f68663f0000)]

Other Threads:
  0x00007f689812f000 VMThread "VM Thread" [stack: 0x00007f6884700000,0x00007f6884800000] [id=25271] _threads_hazard_ptr=0x00007f685c0028a0
  0x00007f6898276000 WatcherThread [stack: 0x00007f6866e04000,0x00007f6866f04000] [id=25285]
  0x00007f689805a800 GCTaskThread "GC Thread#0" [stack: 0x00007f689d11c000,0x00007f689d21c000] [id=25266]
  0x00007f6898064000 ConcurrentGCThread "G1 Main Marker" [stack: 0x00007f689d01a000,0x00007f689d11a000] [id=25267]
  0x00007f6898066000 ConcurrentGCThread "G1 Conc#0" [stack: 0x00007f689cf18000,0x00007f689d018000] [id=25268]
  0x00007f68980ba800 ConcurrentGCThread "G1 Refine#0" [stack: 0x00007f689ca12000,0x00007f689cb12000] [id=25269]
  0x00007f68980bc000 ConcurrentGCThread "G1 Young RemSet Sampling" [stack: 0x00007f689c910000,0x00007f689ca10000] [id=25270]

Threads with active compile tasks:

VM state:synchronizing (normal execution)

VM Mutex/Monitor currently owned by a thread:  ([mutex/lock_event])
[0x00007f6898011e60] Threads_lock - owner thread: 0x00007f689812f000

Heap address: 0x00000000b0000000, size: 1280 MB, Compressed Oops mode: 32-bit
Narrow klass base: 0x0000000000000000, Narrow klass shift: 3
Compressed class space size: 1073741824 Address: 0x0000000100000000

Heap:
 garbage-first heap   total 81920K, used 10240K [0x00000000b0000000, 0x0000000100000000)
  region size 1024K, 11 young (11264K), 0 survivors (0K)
 Metaspace       used 8385K, capacity 8589K, committed 8832K, reserved 1056768K
  class space    used 759K, capacity 846K, committed 896K, reserved 1048576K
Heap Regions: E=young(eden), S=young(survivor), O=old, HS=humongous(starts), HC=humongous(continues), CS=collection set, F=free, A=archive, TAMS=top-at-mark-start (previous, next)
|   0|0x00000000b0000000, 0x00000000b0000000, 0x00000000b0100000|  0%| F|  |TAMS 0x00000000b0000000, 0x00000000b0000000| Untracked 
|   1|0x00000000b0100000, 0x00000000b0100000, 0x00000000b0200000|  0%| F|  |TAMS 0x00000000b0100000, 0x00000000b0100000| Untracked 
|   2|0x00000000b0200000, 0x00000000b0200000, 0x00000000b0300000|  0%| F|  |TAMS 0x00000000b0200000, 0x00000000b0200000| Untracked 
|   3|0x00000000b0300000, 0x00000000b0300000, 0x00000000b0400000|  0%| F|  |TAMS 0x00000000b0300000, 0x00000000b0300000| Untracked 
|   4|0x00000000b0400000, 0x00000000b0400000, 0x00000000b0500000|  0%| F|  |TAMS 0x00000000b0400000, 0x00000000b0400000| Untracked 
|   5|0x00000000b0500000, 0x00000000b0500000, 0x00000000b0600000|  0%| F|  |TAMS 0x00000000b0500000, 0x00000000b0500000| Untracked 
|   6|0x00000000b0600000, 0x00000000b0600000, 0x00000000b0700000|  0%| F|  |TAMS 0x00000000b0600000, 0x00000000b0600000| Untracked 
|   7|0x00000000b0700000, 0x00000000b0700000, 0x00000000b0800000|  0%| F|  |TAMS 0x00000000b0700000, 0x00000000b0700000| Untracked 
|   8|0x00000000b0800000, 0x00000000b0800000, 0x00000000b0900000|  0%| F|  |TAMS 0x00000000b0800000, 0x00000000b0800000| Untracked 
|   9|0x00000000b0900000, 0x00000000b0900000, 0x00000000b0a00000|  0%| F|  |TAMS 0x00000000b0900000, 0x00000000b0900000| Untracked 
|  10|0x00000000b0a00000, 0x00000000b0a00000, 0x00000000b0b00000|  0%| F|  |TAMS 0x00000000b0a00000, 0x00000000b0a00000| Untracked 
|  11|0x00000000b0b00000, 0x00000000b0b00000, 0x00000000b0c00000|  0%| F|  |TAMS 0x00000000b0b00000, 0x00000000b0b00000| Untracked 
|  12|0x00000000b0c00000, 0x00000000b0c00000, 0x00000000b0d00000|  0%| F|  |TAMS 0x00000000b0c00000, 0x00000000b0c00000| Untracked 
|  13|0x00000000b0d00000, 0x00000000b0d00000, 0x00000000b0e00000|  0%| F|  |TAMS 0x00000000b0d00000, 0x00000000b0d00000| Untracked 
|  14|0x00000000b0e00000, 0x00000000b0e00000, 0x00000000b0f00000|  0%| F|  |TAMS 0x00000000b0e00000, 0x00000000b0e00000| Untracked 
|  15|0x00000000b0f00000, 0x00000000b0f00000, 0x00000000b1000000|  0%| F|  |TAMS 0x00000000b0f00000, 0x00000000b0f00000| Untracked 
|  16|0x00000000b1000000, 0x00000000b1000000, 0x00000000b1100000|  0%| F|  |TAMS 0x00000000b1000000, 0x00000000b1000000| Untracked 
|  17|0x00000000b1100000, 0x00000000b1100000, 0x00000000b1200000|  0%| F|  |TAMS 0x00000000b1100000, 0x00000000b1100000| Untracked 
|  18|0x00000000b1200000, 0x00000000b1200000, 0x00000000b1300000|  0%| F|  |TAMS 0x00000000b1200000, 0x00000000b1200000| Untracked 
|  19|0x00000000b1300000, 0x00000000b1300000, 0x00000000b1400000|  0%| F|  |TAMS 0x00000000b1300000, 0x00000000b1300000| Untracked 
|  20|0x00000000b1400000, 0x00000000b1400000, 0x00000000b1500000|  0%| F|  |TAMS 0x00000000b1400000, 0x00000000b1400000| Untracked 
|  21|0x00000000b1500000, 0x00000000b1500000, 0x00000000b1600000|  0%| F|  |TAMS 0x00000000b1500000, 0x00000000b1500000| Untracked 
|  22|0x00000000b1600000, 0x00000000b1600000, 0x00000000b1700000|  0%| F|  |TAMS 0x00000000b1600000, 0x00000000b1600000| Untracked 
|  23|0x00000000b1700000, 0x00000000b1700000, 0x00000000b1800000|  0%| F|  |TAMS 0x00000000b1700000, 0x00000000b1700000| Untracked 
|  24|0x00000000b1800000, 0x00000000b1800000, 0x00000000b1900000|  0%| F|  |TAMS 0x00000000b1800000, 0x00000000b1800000| Untracked 
|  25|0x00000000b1900000, 0x00000000b1900000, 0x00000000b1a00000|  0%| F|  |TAMS 0x00000000b1900000, 0x00000000b1900000| Untracked 
|  26|0x00000000b1a00000, 0x00000000b1a00000, 0x00000000b1b00000|  0%| F|  |TAMS 0x00000000b1a00000, 0x00000000b1a00000| Untracked 
|  27|0x00000000b1b00000, 0x00000000b1b00000, 0x00000000b1c00000|  0%| F|  |TAMS 0x00000000b1b00000, 0x00000000b1b00000| Untracked 
|  28|0x00000000b1c00000, 0x00000000b1c00000, 0x00000000b1d00000|  0%| F|  |TAMS 0x00000000b1c00000, 0x00000000b1c00000| Untracked 
|  29|0x00000000b1d00000, 0x00000000b1d00000, 0x00000000b1e00000|  0%| F|  |TAMS 0x00000000b1d00000, 0x00000000b1d00000| Untracked 
|  30|0x00000000b1e00000, 0x00000000b1e00000, 0x00000000b1f00000|  0%| F|  |TAMS 0x00000000b1e00000, 0x00000000b1e00000| Untracked 
|  31|0x00000000b1f00000, 0x00000000b1f00000, 0x00000000b2000000|  0%| F|  |TAMS 0x00000000b1f00000, 0x00000000b1f00000| Untracked 
|  32|0x00000000b2000000, 0x00000000b2000000, 0x00000000b2100000|  0%| F|  |TAMS 0x00000000b2000000, 0x00000000b2000000| Untracked 
|  33|0x00000000b2100000, 0x00000000b2100000, 0x00000000b2200000|  0%| F|  |TAMS 0x00000000b2100000, 0x00000000b2100000| Untracked 
|  34|0x00000000b2200000, 0x00000000b2200000, 0x00000000b2300000|  0%| F|  |TAMS 0x00000000b2200000, 0x00000000b2200000| Untracked 
|  35|0x00000000b2300000, 0x00000000b2300000, 0x00000000b2400000|  0%| F|  |TAMS 0x00000000b2300000, 0x00000000b2300000| Untracked 
|  36|0x00000000b2400000, 0x00000000b2400000, 0x00000000b2500000|  0%| F|  |TAMS 0x00000000b2400000, 0x00000000b2400000| Untracked 
|  37|0x00000000b2500000, 0x00000000b2500000, 0x00000000b2600000|  0%| F|  |TAMS 0x00000000b2500000, 0x00000000b2500000| Untracked 
|  38|0x00000000b2600000, 0x00000000b2600000, 0x00000000b2700000|  0%| F|  |TAMS 0x00000000b2600000, 0x00000000b2600000| Untracked 
|  39|0x00000000b2700000, 0x00000000b2700000, 0x00000000b2800000|  0%| F|  |TAMS 0x00000000b2700000, 0x00000000b2700000| Untracked 
|  40|0x00000000b2800000, 0x00000000b2800000, 0x00000000b2900000|  0%| F|  |TAMS 0x00000000b2800000, 0x00000000b2800000| Untracked 
|  41|0x00000000b2900000, 0x00000000b2900000, 0x00000000b2a00000|  0%| F|  |TAMS 0x00000000b2900000, 0x00000000b2900000| Untracked 
|  42|0x00000000b2a00000, 0x00000000b2a00000, 0x00000000b2b00000|  0%| F|  |TAMS 0x00000000b2a00000, 0x00000000b2a00000| Untracked 
|  43|0x00000000b2b00000, 0x00000000b2b00000, 0x00000000b2c00000|  0%| F|  |TAMS 0x00000000b2b00000, 0x00000000b2b00000| Untracked 
|  44|0x00000000b2c00000, 0x00000000b2c00000, 0x00000000b2d00000|  0%| F|  |TAMS 0x00000000b2c00000, 0x00000000b2c00000| Untracked 
|  45|0x00000000b2d00000, 0x00000000b2d00000, 0x00000000b2e00000|  0%| F|  |TAMS 0x00000000b2d00000, 0x00000000b2d00000| Untracked 
|  46|0x00000000b2e00000, 0x00000000b2e00000, 0x00000000b2f00000|  0%| F|  |TAMS 0x00000000b2e00000, 0x00000000b2e00000| Untracked 
|  47|0x00000000b2f00000, 0x00000000b2f00000, 0x00000000b3000000|  0%| F|  |TAMS 0x00000000b2f00000, 0x00000000b2f00000| Untracked 
|  48|0x00000000b3000000, 0x00000000b3000000, 0x00000000b3100000|  0%| F|  |TAMS 0x00000000b3000000, 0x00000000b3000000| Untracked 
|  49|0x00000000b3100000, 0x00000000b3100000, 0x00000000b3200000|  0%| F|  |TAMS 0x00000000b3100000, 0x00000000b3100000| Untracked 
|  50|0x00000000b3200000, 0x00000000b3200000, 0x00000000b3300000|  0%| F|  |TAMS 0x00000000b3200000, 0x00000000b3200000| Untracked 
|  51|0x00000000b3300000, 0x00000000b3300000, 0x00000000b3400000|  0%| F|  |TAMS 0x00000000b3300000, 0x00000000b3300000| Untracked 
|  52|0x00000000b3400000, 0x00000000b3400000, 0x00000000b3500000|  0%| F|  |TAMS 0x00000000b3400000, 0x00000000b3400000| Untracked 
|  53|0x00000000b3500000, 0x00000000b3500000, 0x00000000b3600000|  0%| F|  |TAMS 0x00000000b3500000, 0x00000000b3500000| Untracked 
|  54|0x00000000b3600000, 0x00000000b3600000, 0x00000000b3700000|  0%| F|  |TAMS 0x00000000b3600000, 0x00000000b3600000| Untracked 
|  55|0x00000000b3700000, 0x00000000b3700000, 0x00000000b3800000|  0%| F|  |TAMS 0x00000000b3700000, 0x00000000b3700000| Untracked 
|  56|0x00000000b3800000, 0x00000000b3800000, 0x00000000b3900000|  0%| F|  |TAMS 0x00000000b3800000, 0x00000000b3800000| Untracked 
|  57|0x00000000b3900000, 0x00000000b3900000, 0x00000000b3a00000|  0%| F|  |TAMS 0x00000000b3900000, 0x00000000b3900000| Untracked 
|  58|0x00000000b3a00000, 0x00000000b3a00000, 0x00000000b3b00000|  0%| F|  |TAMS 0x00000000b3a00000, 0x00000000b3a00000| Untracked 
|  59|0x00000000b3b00000, 0x00000000b3b00000, 0x00000000b3c00000|  0%| F|  |TAMS 0x00000000b3b00000, 0x00000000b3b00000| Untracked 
|  60|0x00000000b3c00000, 0x00000000b3c00000, 0x00000000b3d00000|  0%| F|  |TAMS 0x00000000b3c00000, 0x00000000b3c00000| Untracked 
|  61|0x00000000b3d00000, 0x00000000b3d00000, 0x00000000b3e00000|  0%| F|  |TAMS 0x00000000b3d00000, 0x00000000b3d00000| Untracked 
|  62|0x00000000b3e00000, 0x00000000b3e00000, 0x00000000b3f00000|  0%| F|  |TAMS 0x00000000b3e00000, 0x00000000b3e00000| Untracked 
|  63|0x00000000b3f00000, 0x00000000b3f00000, 0x00000000b4000000|  0%| F|  |TAMS 0x00000000b3f00000, 0x00000000b3f00000| Untracked 
|  64|0x00000000b4000000, 0x00000000b4000000, 0x00000000b4100000|  0%| F|  |TAMS 0x00000000b4000000, 0x00000000b4000000| Untracked 
|  65|0x00000000b4100000, 0x00000000b4100000, 0x00000000b4200000|  0%| F|  |TAMS 0x00000000b4100000, 0x00000000b4100000| Untracked 
|  66|0x00000000b4200000, 0x00000000b4200000, 0x00000000b4300000|  0%| F|  |TAMS 0x00000000b4200000, 0x00000000b4200000| Untracked 
|  67|0x00000000b4300000, 0x00000000b4300000, 0x00000000b4400000|  0%| F|  |TAMS 0x00000000b4300000, 0x00000000b4300000| Untracked 
|  68|0x00000000b4400000, 0x00000000b4400000, 0x00000000b4500000|  0%| F|  |TAMS 0x00000000b4400000, 0x00000000b4400000| Untracked 
|  69|0x00000000b4500000, 0x00000000b45d7950, 0x00000000b4600000| 84%| E|  |TAMS 0x00000000b4500000, 0x00000000b4500000| Complete 
|  70|0x00000000b4600000, 0x00000000b4700000, 0x00000000b4700000|100%| E|CS|TAMS 0x00000000b4600000, 0x00000000b4600000| Complete 
|  71|0x00000000b4700000, 0x00000000b4800000, 0x00000000b4800000|100%| E|CS|TAMS 0x00000000b4700000, 0x00000000b4700000| Complete 
|  72|0x00000000b4800000, 0x00000000b4900000, 0x00000000b4900000|100%| E|CS|TAMS 0x00000000b4800000, 0x00000000b4800000| Complete 
|  73|0x00000000b4900000, 0x00000000b4a00000, 0x00000000b4a00000|100%| E|CS|TAMS 0x00000000b4900000, 0x00000000b4900000| Complete 
|  74|0x00000000b4a00000, 0x00000000b4b00000, 0x00000000b4b00000|100%| E|CS|TAMS 0x00000000b4a00000, 0x00000000b4a00000| Complete 
|  75|0x00000000b4b00000, 0x00000000b4c00000, 0x00000000b4c00000|100%| E|CS|TAMS 0x00000000b4b00000, 0x00000000b4b00000| Complete 
|  76|0x00000000b4c00000, 0x00000000b4d00000, 0x00000000b4d00000|100%| E|CS|TAMS 0x00000000b4c00000, 0x00000000b4c00000| Complete 
|  77|0x00000000b4d00000, 0x00000000b4e00000, 0x00000000b4e00000|100%| E|CS|TAMS 0x00000000b4d00000, 0x00000000b4d00000| Complete 
|  78|0x00000000b4e00000, 0x00000000b4f00000, 0x00000000b4f00000|100%| E|CS|TAMS 0x00000000b4e00000, 0x00000000b4e00000| Complete 
|  79|0x00000000b4f00000, 0x00000000b5000000, 0x00000000b5000000|100%| E|CS|TAMS 0x00000000b4f00000, 0x00000000b4f00000| Complete 

Card table byte_map: [0x00007f689d49c000,0x00007f689d71c000] _byte_map_base: 0x00007f689cf1c000

Marking Bits (Prev, Next): (CMBitMap*) 0x00007f689805bb58, (CMBitMap*) 0x00007f689805bb98
 Prev Bits: [0x00007f6887c00000, 0x00007f6889000000)
 Next Bits: [0x00007f6886800000, 0x00007f6887c00000)

Polling page: 0x00007f68a18cd000

Metaspace:

Usage:
  Non-class:      7,56 MB capacity,     7,45 MB ( 98%) used,   102,69 KB (  1%) free+waste,    14,06 KB ( <1%) overhead. 
      Class:    846,00 KB capacity,   759,32 KB ( 90%) used,    79,55 KB (  9%) free+waste,     7,12 KB ( <1%) overhead. 
       Both:      8,39 MB capacity,     8,19 MB ( 98%) used,   182,24 KB (  2%) free+waste,    21,19 KB ( <1%) overhead. 

Virtual space:
  Non-class space:        8,00 MB reserved,       7,75 MB ( 97%) committed 
      Class space:        1,00 GB reserved,     896,00 KB ( <1%) committed 
             Both:        1,01 GB reserved,       8,62 MB ( <1%) committed 

Chunk freelists:
   Non-Class:  9,00 KB
       Class:  18,00 KB
        Both:  27,00 KB

MaxMetaspaceSize: unlimited
CompressedClassSpaceSize: 1,00 GB

CodeHeap 'non-profiled nmethods': size=120032Kb used=221Kb max_used=221Kb free=119810Kb
 bounds [0x00007f6890ac8000, 0x00007f6890d38000, 0x00007f6898000000]
CodeHeap 'profiled nmethods': size=120032Kb used=1084Kb max_used=1084Kb free=118947Kb
 bounds [0x00007f6889590000, 0x00007f6889800000, 0x00007f6890ac8000]
CodeHeap 'non-nmethods': size=5696Kb used=1126Kb max_used=1145Kb free=4569Kb
 bounds [0x00007f6889000000, 0x00007f6889270000, 0x00007f6889590000]
 total_blobs=1190 nmethods=642 adapters=270
 compilation: enabled
              stopped_count=0, restarted_count=0
 full_count=0

Compilation events (10 events):
Event: 1,862 Thread 0x00007f6898167000  635       3       jdk.internal.math.FDBigInteger::<init> (30 bytes)
Event: 1,862 Thread 0x00007f6898167000 nmethod 635 0x00007f6889697f10 code [0x00007f68896980c0, 0x00007f6889698328]
Event: 1,864 Thread 0x00007f6898167000  637       3       sun.invoke.util.VerifyAccess::isClassAccessible (182 bytes)
Event: 1,867 Thread 0x00007f6898167000 nmethod 637 0x00007f6889698410 code [0x00007f68896987c0, 0x00007f6889699f78]
Event: 1,868 Thread 0x00007f6898167000  638   !   3       java.lang.invoke.MemberName$Factory::resolve (157 bytes)
Event: 1,869 Thread 0x00007f6898167000 nmethod 638 0x00007f688969a690 code [0x00007f688969a8c0, 0x00007f688969af88]
Event: 1,869 Thread 0x00007f6898167000  640       3       sun.invoke.util.VerifyAccess::isTypeVisible (118 bytes)
Event: 1,873 Thread 0x00007f6898167000 nmethod 640 0x00007f688969b290 code [0x00007f688969b6a0, 0x00007f688969d678]
Event: 1,874 Thread 0x00007f6898167000  641       3       java.lang.invoke.MethodType::checkPtypes (61 bytes)
Event: 1,875 Thread 0x00007f6898167000 nmethod 641 0x00007f688969e010 code [0x00007f688969e2a0, 0x00007f688969ece8]

GC Heap History (0 events):
No events

Deoptimization events (3 events):
Event: 0,922 Thread 0x00007f6898016800 Uncommon trap: reason=unstable_if action=reinterpret pc=0x00007f6890add064 method=java.util.HashMap.putVal(ILjava/lang/Object;Ljava/lang/Object;ZZ)Ljava/lang/Object; @ 236 c2
Event: 1,083 Thread 0x00007f6898016800 Uncommon trap: reason=unstable_if action=reinterpret pc=0x00007f6890af40bc method=java.lang.String.<init>([CIILjava/lang/Void;)V @ 5 c2
Event: 1,167 Thread 0x00007f68982bd800 Uncommon trap: reason=unstable_if action=reinterpret pc=0x00007f6890ae4f1c method=java.net.URI.match(CJJ)Z @ 19 c2

Classes unloaded (0 events):
No events

Classes redefined (0 events):
No events

Internal exceptions (10 events):
Event: 0,506 Thread 0x00007f6898016800 Exception <a 'java/lang/NoSuchMethodError'{0x00000000b4c17200}: 'int java.lang.invoke.DirectMethodHandle$Holder.invokeStatic(java.lang.Object, java.lang.Object)'> (0x00000000b4c17200) 
thrown [/home/dmitry/Downloads/LOOM/loom/src/hotspot/share/interpreter/linkResolver.cpp, line 768]
for thread 0x00007f6898016800
Event: 0,531 Thread 0x00007f6898016800 Exception <a 'java/lang/NoSuchMethodError'{0x00000000b4c21840}: 'java.lang.Object java.lang.invoke.DirectMethodHandle$Holder.invokeVirtual(java.lang.Object, java.lang.Object)'> (0x00000000b4c21840) 
thrown [/home/dmitry/Downloads/LOOM/loom/src/hotspot/share/interpreter/linkResolver.cpp, line 768]
for thread 0x00007f6898016800
Event: 0,534 Thread 0x00007f6898016800 Exception <a 'java/lang/NoSuchMethodError'{0x00000000b4c29408}: 'int java.lang.invoke.DirectMethodHandle$Holder.invokeSpecial(java.lang.Object, java.lang.Object)'> (0x00000000b4c29408) 
thrown [/home/dmitry/Downloads/LOOM/loom/src/hotspot/share/interpreter/linkResolver.cpp, line 768]
for thread 0x00007f6898016800
Event: 0,768 Thread 0x00007f6898016800 Exception <a 'java/lang/NoSuchMethodError'{0x00000000b4aba138}: 'void java.lang.invoke.DirectMethodHandle$Holder.invokeStatic(java.lang.Object, java.lang.Object, java.lang.Object)'> (0x00000000b4aba138) 
thrown [/home/dmitry/Downloads/LOOM/loom/src/hotspot/share/interpreter/linkResolver.cpp, line 768]
for thread 0x00007f6898016800
Event: 0,806 Thread 0x00007f6898016800 Exception <a 'java/lang/NoSuchMethodError'{0x00000000b4ae56f0}: 'java.lang.Object java.lang.invoke.Invokers$Holder.linkToTargetMethod(java.lang.Object, java.lang.Object, java.lang.Object, java.lang.Object)'> (0x00000000b4ae56f0) 
thrown [/home/dmitry/Downloads/LOOM/loom/src/hotspot/share/interpreter/linkResolver.cpp, line 768]
for thread 0x00007f6898016800
Event: 1,158 Thread 0x00007f68982bd800 Exception <a 'java/lang/NoSuchMethodError'{0x00000000b4804ef8}: 'java.lang.Object java.lang.invoke.DirectMethodHandle$Holder.invokeStatic(java.lang.Object)'> (0x00000000b4804ef8) 
thrown [/home/dmitry/Downloads/LOOM/loom/src/hotspot/share/interpreter/linkResolver.cpp, line 768]
for thread 0x00007f68982bd800
Event: 1,158 Thread 0x00007f68982bd800 Exception <a 'java/lang/NoSuchMethodError'{0x00000000b4807d10}: 'java.lang.Object java.lang.invoke.DirectMethodHandle$Holder.invokeStaticInit(java.lang.Object)'> (0x00000000b4807d10) 
thrown [/home/dmitry/Downloads/LOOM/loom/src/hotspot/share/interpreter/linkResolver.cpp, line 768]
for thread 0x00007f68982bd800
Event: 1,424 Thread 0x00007f6898016800 Exception <a 'java/lang/NoSuchMethodError'{0x00000000b4716d60}: 'java.lang.Object java.lang.invoke.DirectMethodHandle$Holder.invokeStaticInit(java.lang.Object, java.lang.Object)'> (0x00000000b4716d60) 
thrown [/home/dmitry/Downloads/LOOM/loom/src/hotspot/share/interpreter/linkResolver.cpp, line 768]
for thread 0x00007f6898016800
Event: 1,426 Thread 0x00007f6898016800 Exception <a 'java/lang/NoSuchMethodError'{0x00000000b4720218}: 'java.lang.Object java.lang.invoke.DirectMethodHandle$Holder.invokeStaticInit(java.lang.Object, java.lang.Object, java.lang.Object)'> (0x00000000b4720218) 
thrown [/home/dmitry/Downloads/LOOM/loom/src/hotspot/share/interpreter/linkResolver.cpp, line 768]
for thread 0x00007f6898016800
Event: 1,452 Thread 0x00007f6898016800 Exception <a 'java/lang/NoSuchMethodError'{0x00000000b473f778}: 'int java.lang.invoke.DirectMethodHandle$Holder.invokeSpecial(java.lang.Object, java.lang.Object, java.lang.Object)'> (0x00000000b473f778) 
thrown [/home/dmitry/Downloads/LOOM/loom/src/hotspot/share/interpreter/linkResolver.cpp, line 768]
for thread 0x00007f6898016800

Events (10 events):
Event: 2,460 loading class java/util/Collections$SynchronizedCollection
Event: 2,460 loading class java/util/Collections$SynchronizedCollection done
Event: 2,460 loading class java/util/Collections$SynchronizedSet done
Event: 2,460 loading class java/util/concurrent/ConcurrentHashMap$EntryIterator
Event: 2,460 loading class java/util/concurrent/ConcurrentHashMap$EntryIterator done
Event: 2,460 loading class java/util/concurrent/ConcurrentHashMap$MapEntry
Event: 2,460 loading class java/util/concurrent/ConcurrentHashMap$MapEntry done
Event: 2,460 loading class sun/nio/cs/ISO_8859_1$Encoder
Event: 2,464 loading class sun/nio/cs/ISO_8859_1$Encoder done
Event: 2,464 loading class sun/nio/cs/Surrogate$Parser


Dynamic libraries:
b0000000-b5000000 rw-p 00000000 00:00 0 
b5000000-100000000 ---p 00000000 00:00 0 
100000000-1000e0000 rw-p 00000000 00:00 0 
1000e0000-140000000 ---p 00000000 00:00 0 
562d14666000-562d14667000 r-xp 00000000 08:01 2499595                    /home/dmitry/Downloads/LOOM/loom/build/linux-x86_64-server-release/jdk/bin/java
562d14867000-562d14868000 r--p 00001000 08:01 2499595                    /home/dmitry/Downloads/LOOM/loom/build/linux-x86_64-server-release/jdk/bin/java
562d14868000-562d14869000 rw-p 00002000 08:01 2499595                    /home/dmitry/Downloads/LOOM/loom/build/linux-x86_64-server-release/jdk/bin/java
562d15a04000-562d15a25000 rw-p 00000000 00:00 0                          [heap]
7f682c000000-7f682c021000 rw-p 00000000 00:00 0 
7f682c021000-7f6830000000 ---p 00000000 00:00 0 
7f6830000000-7f6830021000 rw-p 00000000 00:00 0 
7f6830021000-7f6834000000 ---p 00000000 00:00 0 
7f6834000000-7f6834021000 rw-p 00000000 00:00 0 
7f6834021000-7f6838000000 ---p 00000000 00:00 0 
7f6838000000-7f6838021000 rw-p 00000000 00:00 0 
7f6838021000-7f683c000000 ---p 00000000 00:00 0 
7f683c000000-7f683c021000 rw-p 00000000 00:00 0 
7f683c021000-7f6840000000 ---p 00000000 00:00 0 
7f6840000000-7f6840021000 rw-p 00000000 00:00 0 
7f6840021000-7f6844000000 ---p 00000000 00:00 0 
7f6844000000-7f6844240000 rw-p 00000000 00:00 0 
7f6844240000-7f6848000000 ---p 00000000 00:00 0 
7f6848000000-7f6848021000 rw-p 00000000 00:00 0 
7f6848021000-7f684c000000 ---p 00000000 00:00 0 
7f684c000000-7f684c021000 rw-p 00000000 00:00 0 
7f684c021000-7f6850000000 ---p 00000000 00:00 0 
7f6850000000-7f6850021000 rw-p 00000000 00:00 0 
7f6850021000-7f6854000000 ---p 00000000 00:00 0 
7f6854000000-7f685438d000 rw-p 00000000 00:00 0 
7f685438d000-7f6858000000 ---p 00000000 00:00 0 
7f6858000000-7f6858289000 rw-p 00000000 00:00 0 
7f6858289000-7f685c000000 ---p 00000000 00:00 0 
7f685c000000-7f685c021000 rw-p 00000000 00:00 0 
7f685c021000-7f6860000000 ---p 00000000 00:00 0 
7f6860000000-7f6860021000 rw-p 00000000 00:00 0 
7f6860021000-7f6864000000 ---p 00000000 00:00 0 
7f6865ef4000-7f68662ef000 rw-p 00000000 00:00 0 
7f68662ef000-7f68662f3000 ---p 00000000 00:00 0 
7f68662f3000-7f68663f0000 rw-p 00000000 00:00 0 
7f68663f0000-7f68663f4000 ---p 00000000 00:00 0 
7f68663f4000-7f68664f1000 rw-p 00000000 00:00 0 
7f68664f1000-7f68664f5000 ---p 00000000 00:00 0 
7f68664f5000-7f68665f2000 rw-p 00000000 00:00 0 
7f68665f2000-7f68665f6000 ---p 00000000 00:00 0 
7f68665f6000-7f68666f3000 rw-p 00000000 00:00 0 
7f68666f3000-7f68666f8000 r-xp 00000000 08:01 2636673                    /home/dmitry/Downloads/LOOM/loom/build/linux-x86_64-server-release/jdk/lib/libmanagement_ext.so
7f68666f8000-7f68668f7000 ---p 00005000 08:01 2636673                    /home/dmitry/Downloads/LOOM/loom/build/linux-x86_64-server-release/jdk/lib/libmanagement_ext.so
7f68668f7000-7f68668f8000 r--p 00004000 08:01 2636673                    /home/dmitry/Downloads/LOOM/loom/build/linux-x86_64-server-release/jdk/lib/libmanagement_ext.so
7f68668f8000-7f68668f9000 rw-p 00005000 08:01 2636673                    /home/dmitry/Downloads/LOOM/loom/build/linux-x86_64-server-release/jdk/lib/libmanagement_ext.so
7f68668f9000-7f68668fd000 r-xp 00000000 08:01 2636274                    /home/dmitry/Downloads/LOOM/loom/build/linux-x86_64-server-release/jdk/lib/libmanagement.so
7f68668fd000-7f6866afc000 ---p 00004000 08:01 2636274                    /home/dmitry/Downloads/LOOM/loom/build/linux-x86_64-server-release/jdk/lib/libmanagement.so
7f6866afc000-7f6866afd000 r--p 00003000 08:01 2636274                    /home/dmitry/Downloads/LOOM/loom/build/linux-x86_64-server-release/jdk/lib/libmanagement.so
7f6866afd000-7f6866afe000 rw-p 00004000 08:01 2636274                    /home/dmitry/Downloads/LOOM/loom/build/linux-x86_64-server-release/jdk/lib/libmanagement.so
7f6866afe000-7f6866b00000 r-xp 00000000 08:01 2636675                    /home/dmitry/Downloads/LOOM/loom/build/linux-x86_64-server-release/jdk/lib/libextnet.so
7f6866b00000-7f6866cff000 ---p 00002000 08:01 2636675                    /home/dmitry/Downloads/LOOM/loom/build/linux-x86_64-server-release/jdk/lib/libextnet.so
7f6866cff000-7f6866d00000 r--p 00001000 08:01 2636675                    /home/dmitry/Downloads/LOOM/loom/build/linux-x86_64-server-release/jdk/lib/libextnet.so
7f6866d00000-7f6866d01000 rw-p 00002000 08:01 2636675                    /home/dmitry/Downloads/LOOM/loom/build/linux-x86_64-server-release/jdk/lib/libextnet.so
7f6866d01000-7f6866d05000 ---p 00000000 00:00 0 
7f6866d05000-7f6866e02000 rw-p 00000000 00:00 0 
7f6866e02000-7f6866e03000 ---p 00000000 00:00 0 
7f6866e03000-7f6866f04000 rw-p 00000000 00:00 0 
7f6866f04000-7f6866f08000 ---p 00000000 00:00 0 
7f6866f08000-7f6867005000 rw-p 00000000 00:00 0 
7f6867005000-7f6867009000 ---p 00000000 00:00 0 
7f6867009000-7f6867106000 rw-p 00000000 00:00 0 
7f6867106000-7f686710a000 ---p 00000000 00:00 0 
7f686710a000-7f6867207000 rw-p 00000000 00:00 0 
7f6867207000-7f686721d000 r-xp 00000000 08:01 2636270                    /home/dmitry/Downloads/LOOM/loom/build/linux-x86_64-server-release/jdk/lib/libnet.so
7f686721d000-7f686741d000 ---p 00016000 08:01 2636270                    /home/dmitry/Downloads/LOOM/loom/build/linux-x86_64-server-release/jdk/lib/libnet.so
7f686741d000-7f686741e000 r--p 00016000 08:01 2636270                    /home/dmitry/Downloads/LOOM/loom/build/linux-x86_64-server-release/jdk/lib/libnet.so
7f686741e000-7f686741f000 rw-p 00017000 08:01 2636270                    /home/dmitry/Downloads/LOOM/loom/build/linux-x86_64-server-release/jdk/lib/libnet.so
7f686741f000-7f6867430000 r-xp 00000000 08:01 2636272                    /home/dmitry/Downloads/LOOM/loom/build/linux-x86_64-server-release/jdk/lib/libnio.so
7f6867430000-7f686762f000 ---p 00011000 08:01 2636272                    /home/dmitry/Downloads/LOOM/loom/build/linux-x86_64-server-release/jdk/lib/libnio.so
7f686762f000-7f6867630000 r--p 00010000 08:01 2636272                    /home/dmitry/Downloads/LOOM/loom/build/linux-x86_64-server-release/jdk/lib/libnio.so
7f6867630000-7f6867631000 rw-p 00011000 08:01 2636272                    /home/dmitry/Downloads/LOOM/loom/build/linux-x86_64-server-release/jdk/lib/libnio.so
7f6867631000-7f6868000000 r--p 00000000 08:01 10230401                   /usr/lib/locale/locale-archive
7f6868000000-7f6868021000 rw-p 00000000 00:00 0 
7f6868021000-7f686c000000 ---p 00000000 00:00 0 
7f686c000000-7f686c021000 rw-p 00000000 00:00 0 
7f686c021000-7f6870000000 ---p 00000000 00:00 0 
7f6870000000-7f6870021000 rw-p 00000000 00:00 0 
7f6870021000-7f6874000000 ---p 00000000 00:00 0 
7f6874000000-7f6874021000 rw-p 00000000 00:00 0 
7f6874021000-7f6878000000 ---p 00000000 00:00 0 
7f6878000000-7f6878021000 rw-p 00000000 00:00 0 
7f6878021000-7f687c000000 ---p 00000000 00:00 0 
7f687c000000-7f687c021000 rw-p 00000000 00:00 0 
7f687c021000-7f6880000000 ---p 00000000 00:00 0 
7f6880000000-7f6880021000 rw-p 00000000 00:00 0 
7f6880021000-7f6884000000 ---p 00000000 00:00 0 
7f68840f8000-7f68840fc000 ---p 00000000 00:00 0 
7f68840fc000-7f68841f9000 rw-p 00000000 00:00 0 
7f68841f9000-7f68841fd000 ---p 00000000 00:00 0 
7f68841fd000-7f68842fa000 rw-p 00000000 00:00 0 
7f68842fa000-7f68842fe000 ---p 00000000 00:00 0 
7f68842fe000-7f68843fb000 rw-p 00000000 00:00 0 
7f68843fb000-7f68843ff000 ---p 00000000 00:00 0 
7f68843ff000-7f68844fc000 rw-p 00000000 00:00 0 
7f68844fc000-7f6884500000 ---p 00000000 00:00 0 
7f6884500000-7f68845fd000 rw-p 00000000 00:00 0 
7f68845fd000-7f6884601000 ---p 00000000 00:00 0 
7f6884601000-7f68846fe000 rw-p 00000000 00:00 0 
7f68846fe000-7f68846ff000 ---p 00000000 00:00 0 
7f68846ff000-7f6886940000 rw-p 00000000 00:00 0 
7f6886940000-7f6887c00000 ---p 00000000 00:00 0 
7f6887c00000-7f6887d40000 rw-p 00000000 00:00 0 
7f6887d40000-7f6889000000 ---p 00000000 00:00 0 
7f6889000000-7f6889270000 rwxp 00000000 00:00 0 
7f6889270000-7f6889590000 ---p 00000000 00:00 0 
7f6889590000-7f6889800000 rwxp 00000000 00:00 0 
7f6889800000-7f6890ac8000 ---p 00000000 00:00 0 
7f6890ac8000-7f6890d38000 rwxp 00000000 00:00 0 
7f6890d38000-7f6898000000 ---p 00000000 00:00 0 
7f6898000000-7f68982ea000 rw-p 00000000 00:00 0 
7f68982ea000-7f689c000000 ---p 00000000 00:00 0 
7f689c001000-7f689c8ce000 rw-p 00000000 00:00 0 
7f689c8ce000-7f689c90e000 ---p 00000000 00:00 0 
7f689c90e000-7f689c90f000 ---p 00000000 00:00 0 
7f689c90f000-7f689ca10000 rw-p 00000000 00:00 0 
7f689ca10000-7f689ca11000 ---p 00000000 00:00 0 
7f689ca11000-7f689cf16000 rw-p 00000000 00:00 0 
7f689cf16000-7f689cf17000 ---p 00000000 00:00 0 
7f689cf17000-7f689d018000 rw-p 00000000 00:00 0 
7f689d018000-7f689d019000 ---p 00000000 00:00 0 
7f689d019000-7f689d11a000 rw-p 00000000 00:00 0 
7f689d11a000-7f689d11b000 ---p 00000000 00:00 0 
7f689d11b000-7f689d244000 rw-p 00000000 00:00 0 
7f689d244000-7f689d49c000 ---p 00000000 00:00 0 
7f689d49c000-7f689d4c4000 rw-p 00000000 00:00 0 
7f689d4c4000-7f689d71c000 ---p 00000000 00:00 0 
7f689d71c000-7f689d744000 rw-p 00000000 00:00 0 
7f689d744000-7f689d99c000 ---p 00000000 00:00 0 
7f689d99c000-7f689dda5000 rw-p 00000000 00:00 0 
7f689dda5000-7f689de8b000 ---p 00000000 00:00 0 
7f689de8b000-7f689de90000 rw-p 00000000 00:00 0 
7f689de90000-7f689df76000 ---p 00000000 00:00 0 
7f689df76000-7f689df91000 r-xp 00000000 08:01 2636268                    /home/dmitry/Downloads/LOOM/loom/build/linux-x86_64-server-release/jdk/lib/libjimage.so
7f689df91000-7f689e190000 ---p 0001b000 08:01 2636268                    /home/dmitry/Downloads/LOOM/loom/build/linux-x86_64-server-release/jdk/lib/libjimage.so
7f689e190000-7f689e192000 r--p 0001a000 08:01 2636268                    /home/dmitry/Downloads/LOOM/loom/build/linux-x86_64-server-release/jdk/lib/libjimage.so
7f689e192000-7f689e193000 rw-p 0001c000 08:01 2636268                    /home/dmitry/Downloads/LOOM/loom/build/linux-x86_64-server-release/jdk/lib/libjimage.so
7f689e193000-7f689e19a000 r-xp 00000000 08:01 2636265                    /home/dmitry/Downloads/LOOM/loom/build/linux-x86_64-server-release/jdk/lib/libzip.so
7f689e19a000-7f689e399000 ---p 00007000 08:01 2636265                    /home/dmitry/Downloads/LOOM/loom/build/linux-x86_64-server-release/jdk/lib/libzip.so
7f689e399000-7f689e39a000 r--p 00006000 08:01 2636265                    /home/dmitry/Downloads/LOOM/loom/build/linux-x86_64-server-release/jdk/lib/libzip.so
7f689e39a000-7f689e39b000 rw-p 00007000 08:01 2636265                    /home/dmitry/Downloads/LOOM/loom/build/linux-x86_64-server-release/jdk/lib/libzip.so
7f689e39b000-7f689e3a6000 r-xp 00000000 08:01 1184572                    /lib/x86_64-linux-gnu/libnss_files-2.27.so
7f689e3a6000-7f689e5a5000 ---p 0000b000 08:01 1184572                    /lib/x86_64-linux-gnu/libnss_files-2.27.so
7f689e5a5000-7f689e5a6000 r--p 0000a000 08:01 1184572                    /lib/x86_64-linux-gnu/libnss_files-2.27.so
7f689e5a6000-7f689e5a7000 rw-p 0000b000 08:01 1184572                    /lib/x86_64-linux-gnu/libnss_files-2.27.so
7f689e5a7000-7f689e5ad000 rw-p 00000000 00:00 0 
7f689e5ad000-7f689e5c4000 r-xp 00000000 08:01 1184566                    /lib/x86_64-linux-gnu/libnsl-2.27.so
7f689e5c4000-7f689e7c3000 ---p 00017000 08:01 1184566                    /lib/x86_64-linux-gnu/libnsl-2.27.so
7f689e7c3000-7f689e7c4000 r--p 00016000 08:01 1184566                    /lib/x86_64-linux-gnu/libnsl-2.27.so
7f689e7c4000-7f689e7c5000 rw-p 00017000 08:01 1184566                    /lib/x86_64-linux-gnu/libnsl-2.27.so
7f689e7c5000-7f689e7c7000 rw-p 00000000 00:00 0 
7f689e7c7000-7f689e7d2000 r-xp 00000000 08:01 1184583                    /lib/x86_64-linux-gnu/libnss_nis-2.27.so
7f689e7d2000-7f689e9d1000 ---p 0000b000 08:01 1184583                    /lib/x86_64-linux-gnu/libnss_nis-2.27.so
7f689e9d1000-7f689e9d2000 r--p 0000a000 08:01 1184583                    /lib/x86_64-linux-gnu/libnss_nis-2.27.so
7f689e9d2000-7f689e9d3000 rw-p 0000b000 08:01 1184583                    /lib/x86_64-linux-gnu/libnss_nis-2.27.so
7f689e9d3000-7f689e9db000 r-xp 00000000 08:01 1184568                    /lib/x86_64-linux-gnu/libnss_compat-2.27.so
7f689e9db000-7f689ebdb000 ---p 00008000 08:01 1184568                    /lib/x86_64-linux-gnu/libnss_compat-2.27.so
7f689ebdb000-7f689ebdc000 r--p 00008000 08:01 1184568                    /lib/x86_64-linux-gnu/libnss_compat-2.27.so
7f689ebdc000-7f689ebdd000 rw-p 00009000 08:01 1184568                    /lib/x86_64-linux-gnu/libnss_compat-2.27.so
7f689ebdd000-7f689ec06000 r-xp 00000000 08:01 2636264                    /home/dmitry/Downloads/LOOM/loom/build/linux-x86_64-server-release/jdk/lib/libjava.so
7f689ec06000-7f689ee05000 ---p 00029000 08:01 2636264                    /home/dmitry/Downloads/LOOM/loom/build/linux-x86_64-server-release/jdk/lib/libjava.so
7f689ee05000-7f689ee06000 r--p 00028000 08:01 2636264                    /home/dmitry/Downloads/LOOM/loom/build/linux-x86_64-server-release/jdk/lib/libjava.so
7f689ee06000-7f689ee08000 rw-p 00029000 08:01 2636264                    /home/dmitry/Downloads/LOOM/loom/build/linux-x86_64-server-release/jdk/lib/libjava.so
7f689ee08000-7f689ee15000 r-xp 00000000 08:01 2636257                    /home/dmitry/Downloads/LOOM/loom/build/linux-x86_64-server-release/jdk/lib/libverify.so
7f689ee15000-7f689f014000 ---p 0000d000 08:01 2636257                    /home/dmitry/Downloads/LOOM/loom/build/linux-x86_64-server-release/jdk/lib/libverify.so
7f689f014000-7f689f016000 r--p 0000c000 08:01 2636257                    /home/dmitry/Downloads/LOOM/loom/build/linux-x86_64-server-release/jdk/lib/libverify.so
7f689f016000-7f689f017000 rw-p 0000e000 08:01 2636257                    /home/dmitry/Downloads/LOOM/loom/build/linux-x86_64-server-release/jdk/lib/libverify.so
7f689f017000-7f689f1b4000 r-xp 00000000 08:01 1184545                    /lib/x86_64-linux-gnu/libm-2.27.so
7f689f1b4000-7f689f3b3000 ---p 0019d000 08:01 1184545                    /lib/x86_64-linux-gnu/libm-2.27.so
7f689f3b3000-7f689f3b4000 r--p 0019c000 08:01 1184545                    /lib/x86_64-linux-gnu/libm-2.27.so
7f689f3b4000-7f689f3b5000 rw-p 0019d000 08:01 1184545                    /lib/x86_64-linux-gnu/libm-2.27.so
7f689f3b5000-7f68a06e1000 r-xp 00000000 08:01 2636255                    /home/dmitry/Downloads/LOOM/loom/build/linux-x86_64-server-release/jdk/lib/server/libjvm.so
7f68a06e1000-7f68a08e0000 ---p 0132c000 08:01 2636255                    /home/dmitry/Downloads/LOOM/loom/build/linux-x86_64-server-release/jdk/lib/server/libjvm.so
7f68a08e0000-7f68a09a8000 r--p 0132b000 08:01 2636255                    /home/dmitry/Downloads/LOOM/loom/build/linux-x86_64-server-release/jdk/lib/server/libjvm.so
7f68a09a8000-7f68a09e3000 rw-p 013f3000 08:01 2636255                    /home/dmitry/Downloads/LOOM/loom/build/linux-x86_64-server-release/jdk/lib/server/libjvm.so
7f68a09e3000-7f68a0a69000 rw-p 00000000 00:00 0 
7f68a0a69000-7f68a0a83000 r-xp 00000000 08:01 1184615                    /lib/x86_64-linux-gnu/libpthread-2.27.so
7f68a0a83000-7f68a0c82000 ---p 0001a000 08:01 1184615                    /lib/x86_64-linux-gnu/libpthread-2.27.so
7f68a0c82000-7f68a0c83000 r--p 00019000 08:01 1184615                    /lib/x86_64-linux-gnu/libpthread-2.27.so
7f68a0c83000-7f68a0c84000 rw-p 0001a000 08:01 1184615                    /lib/x86_64-linux-gnu/libpthread-2.27.so
7f68a0c84000-7f68a0c88000 rw-p 00000000 00:00 0 
7f68a0c88000-7f68a0c8b000 r-xp 00000000 08:01 1184505                    /lib/x86_64-linux-gnu/libdl-2.27.so
7f68a0c8b000-7f68a0e8a000 ---p 00003000 08:01 1184505                    /lib/x86_64-linux-gnu/libdl-2.27.so
7f68a0e8a000-7f68a0e8b000 r--p 00002000 08:01 1184505                    /lib/x86_64-linux-gnu/libdl-2.27.so
7f68a0e8b000-7f68a0e8c000 rw-p 00003000 08:01 1184505                    /lib/x86_64-linux-gnu/libdl-2.27.so
7f68a0e8c000-7f68a0ea8000 r-xp 00000000 08:01 1184654                    /lib/x86_64-linux-gnu/libz.so.1.2.11
7f68a0ea8000-7f68a10a7000 ---p 0001c000 08:01 1184654                    /lib/x86_64-linux-gnu/libz.so.1.2.11
7f68a10a7000-7f68a10a8000 r--p 0001b000 08:01 1184654                    /lib/x86_64-linux-gnu/libz.so.1.2.11
7f68a10a8000-7f68a10a9000 rw-p 0001c000 08:01 1184654                    /lib/x86_64-linux-gnu/libz.so.1.2.11
7f68a10a9000-7f68a1290000 r-xp 00000000 08:01 1184482                    /lib/x86_64-linux-gnu/libc-2.27.so
7f68a1290000-7f68a1490000 ---p 001e7000 08:01 1184482                    /lib/x86_64-linux-gnu/libc-2.27.so
7f68a1490000-7f68a1494000 r--p 001e7000 08:01 1184482                    /lib/x86_64-linux-gnu/libc-2.27.so
7f68a1494000-7f68a1496000 rw-p 001eb000 08:01 1184482                    /lib/x86_64-linux-gnu/libc-2.27.so
7f68a1496000-7f68a149a000 rw-p 00000000 00:00 0 
7f68a149a000-7f68a14aa000 r-xp 00000000 08:01 2636258                    /home/dmitry/Downloads/LOOM/loom/build/linux-x86_64-server-release/jdk/lib/libjli.so
7f68a14aa000-7f68a16a9000 ---p 00010000 08:01 2636258                    /home/dmitry/Downloads/LOOM/loom/build/linux-x86_64-server-release/jdk/lib/libjli.so
7f68a16a9000-7f68a16aa000 r--p 0000f000 08:01 2636258                    /home/dmitry/Downloads/LOOM/loom/build/linux-x86_64-server-release/jdk/lib/libjli.so
7f68a16aa000-7f68a16ab000 rw-p 00010000 08:01 2636258                    /home/dmitry/Downloads/LOOM/loom/build/linux-x86_64-server-release/jdk/lib/libjli.so
7f68a16ab000-7f68a16d2000 r-xp 00000000 08:01 1184454                    /lib/x86_64-linux-gnu/ld-2.27.so
7f68a16ff000-7f68a17b2000 rw-p 00000000 00:00 0 
7f68a17b2000-7f68a17b9000 ---p 00000000 00:00 0 
7f68a17b9000-7f68a17bd000 ---p 00000000 00:00 0 
7f68a17bd000-7f68a18bc000 rw-p 00000000 00:00 0 
7f68a18c5000-7f68a18cd000 rw-s 00000000 08:01 524338                     /tmp/hsperfdata_dmitry/25262
7f68a18cd000-7f68a18ce000 ---p 00000000 00:00 0 
7f68a18ce000-7f68a18cf000 r--p 00000000 00:00 0 
7f68a18cf000-7f68a18d0000 ---p 00000000 00:00 0 
7f68a18d0000-7f68a18d2000 rw-p 00000000 00:00 0 
7f68a18d2000-7f68a18d3000 r--p 00027000 08:01 1184454                    /lib/x86_64-linux-gnu/ld-2.27.so
7f68a18d3000-7f68a18d4000 rw-p 00028000 08:01 1184454                    /lib/x86_64-linux-gnu/ld-2.27.so
7f68a18d4000-7f68a18d5000 rw-p 00000000 00:00 0 
7ffdb57c5000-7ffdb57e8000 rw-p 00000000 00:00 0                          [stack]
7ffdb57ec000-7ffdb57ef000 r--p 00000000 00:00 0                          [vvar]
7ffdb57ef000-7ffdb57f1000 r-xp 00000000 00:00 0                          [vdso]
ffffffffff600000-ffffffffff601000 r-xp 00000000 00:00 0                  [vsyscall]


VM Arguments:
jvm_args: -Didea.launcher.port=17567 -Didea.launcher.bin.path=/home/dmitry/Downloads/idea-IC-183.5912.21/bin -Dfile.encoding=UTF-8 
java_command: com.intellij.rt.execution.application.AppMainV2 NewMain
java_class_path (initial): /home/dmitry/Downloads/LOOM/loom/build/linux-x86_64-server-release/jdk/modules/java.base:/home/dmitry/Downloads/LOOM/loom/build/linux-x86_64-server-release/jdk/modules/java.compiler:/home/dmitry/Downloads/LOOM/loom/build/linux-x86_64-server-release/jdk/modules/java.datatransfer:/home/dmitry/Downloads/LOOM/loom/build/linux-x86_64-server-release/jdk/modules/java.desktop:/home/dmitry/Downloads/LOOM/loom/build/linux-x86_64-server-release/jdk/modules/java.instrument:/home/dmitry/Downloads/LOOM/loom/build/linux-x86_64-server-release/jdk/modules/java.logging:/home/dmitry/Downloads/LOOM/loom/build/linux-x86_64-server-release/jdk/modules/java.management:/home/dmitry/Downloads/LOOM/loom/build/linux-x86_64-server-release/jdk/modules/java.management.rmi:/home/dmitry/Downloads/LOOM/loom/build/linux-x86_64-server-release/jdk/modules/java.naming:/home/dmitry/Downloads/LOOM/loom/build/linux-x86_64-server-release/jdk/modules/java.net.http:/home/dmitry/Downloads/LOOM/loom/build/linux-x86_64-server-release/jdk/modules/java.prefs:/home/dmitry/Downloads/LOOM/loom/build/linux-x86_64-server-release/jdk/modules/java.rmi:/home/dmitry/Downloads/LOOM/loom/build/linux-x86_64-server-release/jdk/modules/java.scripting:/home/dmitry/Downloads/LOOM/loom/build/linux-x86_64-server-release/jdk/modules/java.se:/home/dmitry/Downloads/LOOM/loom/build/linux-x86_64-server-release/jdk/modules/java.security.jgss:/home/dmitry/Downloads/LOOM/loom/build/linux-x86_64-server-release/jdk/modules/java.security.sasl:/home/dmitry/Downloads/LOOM/loom/build/linux-x86_64-server-release/jdk/modules/java.smartcardio:/home/dmitry/Downloads/LOOM/loom/build/linux-x86_64-server-release/jdk/modules/java.sql:/home/dmitry/Downloads/LOOM/loom/build/linux-x86_64-server-release/jdk/modules/java.sql.rowset:/home/dmitry/Downloads/LOOM/loom/build/linux-x86_64-server-release/jdk/modules/java.transaction.xa:/home/dmitry/Downloads/LOOM/loom/build/linux-x86_64-server-release/jdk/modules/java.xml:/home/dmitry/D
Launcher Type: SUN_STANDARD

[Global flags]
     intx CICompilerCount                          = 3                                         {product} {ergonomic}
     uint ConcGCThreads                            = 1                                         {product} {ergonomic}
     uint G1ConcRefinementThreads                  = 4                                         {product} {ergonomic}
   size_t G1HeapRegionSize                         = 1048576                                   {product} {ergonomic}
    uintx GCDrainStackTargetSize                   = 64                                        {product} {ergonomic}
   size_t InitialHeapSize                          = 83886080                                  {product} {ergonomic}
   size_t MarkStackSize                            = 4194304                                   {product} {ergonomic}
   size_t MaxHeapSize                              = 1342177280                                {product} {ergonomic}
   size_t MaxNewSize                               = 805306368                                 {product} {ergonomic}
   size_t MinHeapDeltaBytes                        = 1048576                                   {product} {ergonomic}
    uintx NonNMethodCodeHeapSize                   = 5830732                                {pd product} {ergonomic}
    uintx NonProfiledCodeHeapSize                  = 122913754                              {pd product} {ergonomic}
    uintx ProfiledCodeHeapSize                     = 122913754                              {pd product} {ergonomic}
    uintx ReservedCodeCacheSize                    = 251658240                              {pd product} {ergonomic}
     bool SegmentedCodeCache                       = true                                      {product} {ergonomic}
     bool UseCompressedClassPointers               = true                                 {lp64_product} {ergonomic}
     bool UseCompressedOops                        = true                                 {lp64_product} {ergonomic}
     bool UseG1GC                                  = true                                      {product} {ergonomic}

Logging:
Log output configuration:
 #0: stdout all=warning uptime,level,tags
 #1: stderr all=off uptime,level,tags

Environment Variables:
JAVA_HOME=/home/dmitry/usr/local/java/jdk1.8.0
PATH=/bin:/home/dmitry/Downloads/LOOM/loom/build/linux-x86_64-server-slowdebug/jdk/bin:/usr/local/sbin:/usr/local/bin:/usr/sbin:/usr/bin:/sbin:/bin:/usr/games:/usr/local/games:/snap/bin
USERNAME=dmitry
SHELL=/bin/bash
DISPLAY=:0

Signal Handlers:
SIGSEGV: [libjvm.so+0xfe3c20], sa_mask[0]=11111111011111111101111111111110, sa_flags=SA_RESTART|SA_SIGINFO
SIGBUS: [libjvm.so+0xfe3c20], sa_mask[0]=11111111011111111101111111111110, sa_flags=SA_RESTART|SA_SIGINFO
SIGFPE: [libjvm.so+0xfe3c20], sa_mask[0]=11111111011111111101111111111110, sa_flags=SA_RESTART|SA_SIGINFO
SIGPIPE: [libjvm.so+0xc814a0], sa_mask[0]=11111111011111111101111111111110, sa_flags=SA_RESTART|SA_SIGINFO
SIGXFSZ: [libjvm.so+0xc814a0], sa_mask[0]=11111111011111111101111111111110, sa_flags=SA_RESTART|SA_SIGINFO
SIGILL: [libjvm.so+0xfe3c20], sa_mask[0]=11111111011111111101111111111110, sa_flags=SA_RESTART|SA_SIGINFO
SIGUSR2: [libjvm.so+0xc81340], sa_mask[0]=00100000000000000000000000000000, sa_flags=SA_RESTART|SA_SIGINFO
SIGHUP: [libjvm.so+0xc81940], sa_mask[0]=11111111011111111101111111111110, sa_flags=SA_RESTART|SA_SIGINFO
SIGINT: [libjvm.so+0xc81940], sa_mask[0]=11111111011111111101111111111110, sa_flags=SA_RESTART|SA_SIGINFO
SIGTERM: [libjvm.so+0xc81940], sa_mask[0]=11111111011111111101111111111110, sa_flags=SA_RESTART|SA_SIGINFO
SIGQUIT: [libjvm.so+0xc81940], sa_mask[0]=11111111011111111101111111111110, sa_flags=SA_RESTART|SA_SIGINFO


---------------  S Y S T E M  ---------------

OS:DISTRIB_ID=Ubuntu
DISTRIB_RELEASE=18.04
DISTRIB_CODENAME=bionic
DISTRIB_DESCRIPTION="Ubuntu 18.04.2 LTS"
uname:Linux 4.18.0-20-generic #21~18.04.1-Ubuntu SMP Wed May 8 08:43:37 UTC 2019 x86_64
libc:glibc 2.27 NPTL 2.27 
rlimit: STACK 8192k, CORE 0k, NPROC 20273, NOFILE 4096, AS infinity, DATA infinity, FSIZE infinity
load average:1,64 2,67 3,76

/proc/meminfo:
MemTotal:        5234980 kB
MemFree:          905292 kB
MemAvailable:    3004656 kB
Buffers:           67720 kB
Cached:          2235968 kB
SwapCached:          500 kB
Active:          1883968 kB
Inactive:        2154792 kB
Active(anon):    1103728 kB
Inactive(anon):   697332 kB
Active(file):     780240 kB
Inactive(file):  1457460 kB
Unevictable:          32 kB
Mlocked:              32 kB
SwapTotal:       2097148 kB
SwapFree:        2038768 kB
Dirty:               368 kB
Writeback:             0 kB
AnonPages:       1734976 kB
Mapped:           160768 kB
Shmem:             65764 kB
Slab:             180568 kB
SReclaimable:     137512 kB
SUnreclaim:        43056 kB
KernelStack:       10368 kB
PageTables:        36360 kB
NFS_Unstable:          0 kB
Bounce:                0 kB
WritebackTmp:          0 kB
CommitLimit:     4714636 kB
Committed_AS:    5259032 kB
VmallocTotal:   34359738367 kB
VmallocUsed:           0 kB
VmallocChunk:          0 kB
HardwareCorrupted:     0 kB
AnonHugePages:         0 kB
ShmemHugePages:        0 kB
ShmemPmdMapped:        0 kB
CmaTotal:              0 kB
CmaFree:               0 kB
HugePages_Total:       0
HugePages_Free:        0
HugePages_Rsvd:        0
HugePages_Surp:        0
Hugepagesize:       2048 kB
Hugetlb:               0 kB
DirectMap4k:      157632 kB
DirectMap2M:     5253120 kB


/proc/sys/kernel/threads-max (system-wide limit on the number of threads):
40547


/proc/sys/vm/max_map_count (maximum number of memory map areas a process may have):
65530


/proc/sys/kernel/pid_max (system-wide limit on number of process identifiers):
32768



container (cgroup) information:
container_type: cgroupv1
cpu_cpuset_cpus: 0-3
cpu_memory_nodes: 0
active_processor_count: 4
cpu_quota: no quota
cpu_period: 100000
cpu_shares: no shares
memory_limit_in_bytes: unlimited
memory_and_swap_limit_in_bytes: not supported
memory_soft_limit_in_bytes: unlimited
memory_usage_in_bytes: 4135518208
memory_max_usage_in_bytes: 2007040

KVM virtualization detected
Steal ticks since vm start: 0
Steal ticks percentage since vm start:  0,000

CPU:total 4 (initial active 4) (4 cores per cpu, 1 threads per core) family 6 model 60 stepping 3, cmov, cx8, fxsr, mmx, sse, sse2, sse3, ssse3, sse4.1, sse4.2, popcnt, avx, avx2, aes, clmul, lzcnt, tsc, tscinvbit
CPU Model and flags from /proc/cpuinfo:
model name	: Intel(R) Core(TM) i7-4700HQ CPU @ 2.40GHz
flags		: fpu vme de pse tsc msr pae mce cx8 apic sep mtrr pge mca cmov pat pse36 clflush mmx fxsr sse sse2 ht syscall nx rdtscp lm constant_tsc rep_good nopl xtopology nonstop_tsc cpuid tsc_known_freq pni pclmulqdq ssse3 cx16 pcid sse4_1 sse4_2 x2apic movbe popcnt aes xsave avx rdrand hypervisor lahf_lm abm invpcid_single pti fsgsbase avx2 invpcid flush_l1d

Memory: 4k page, physical 5234980k(905292k free), swap 2097148k(2038768k free)

vm_info: OpenJDK 64-Bit Server VM (13-internal+0-adhoc.dmitry.loom) for linux-amd64 JRE (13-internal+0-adhoc.dmitry.loom), built on May 26 2019 00:34:28 by "dmitry" with gcc 7.4.0

END.
