#
# A fatal error has been detected by the Java Runtime Environment:
#
#  SIGSEGV (0xb) at pc=0x00007fa7cc30bf7a, pid=5045, tid=5078
#
# JRE version: OpenJDK Runtime Environment (13.0) (build 13-internal+0-adhoc.dmitry.loom)
# Java VM: OpenJDK 64-Bit Server VM (13-internal+0-adhoc.dmitry.loom, mixed mode, tiered, compressed oops, g1 gc, linux-amd64)
# Problematic frame:
# V  [libjvm.so+0x683f7a]  ContMirror::read()+0x1a
#
# Core dump will be written. Default location: Core dumps may be processed with "/usr/share/apport/apport %p %s %c %d %P" (or dumping to /home/dmitry/Downloads/LoadDetector/core.5045)
#
# If you would like to submit a bug report, please visit:
#   http://bugreport.java.com/bugreport/crash.jsp
#

---------------  S U M M A R Y ------------

Command Line: -Didea.launcher.port=16441 -Didea.launcher.bin.path=/home/dmitry/Downloads/idea-IC-183.5912.21/bin -Dfile.encoding=UTF-8 com.intellij.rt.execution.application.AppMainV2 NewMain

Host: Intel(R) Core(TM) i7-4700HQ CPU @ 2.40GHz, 4 cores, 4G, Ubuntu 18.04.2 LTS
Time: Tue May 21 15:48:29 2019 MSK elapsed time: 1 seconds (0d 0h 0m 1s)

---------------  T H R E A D  ---------------

Current thread (0x00007fa7c4337000):  JavaThread "Timer-0" daemon [_thread_in_vm, id=5078, stack(0x00007fa783091000,0x00007fa783192000)]

Stack: [0x00007fa783091000,0x00007fa783192000],  sp=0x00007fa78318e120,  free space=1012k
Native frames: (J=compiled Java code, A=aot compiled Java code, j=interpreted, Vv=VM code, C=native code)
V  [libjvm.so+0x683f7a]  ContMirror::read()+0x1a
V  [libjvm.so+0x689627]  Continuation::freeze0(JavaThread*, FrameInfo*, bool) [clone .part.305]+0x507
V  [libjvm.so+0x689d67]  Continuation::freeze(JavaThread*, FrameInfo*)+0x127
v  ~RuntimeStub::cont_doYield
C  0x00007fa7831907a8
j  java.lang.Continuation.myPause(Ljava/lang/ContinuationScope;)Z+3 java.base
j  balancer.Balancer$1.run()V+64
j  java.util.TimerThread.mainLoop()V+221 java.base
j  java.util.TimerThread.run()V+1 java.base
v  ~StubRoutines::call_stub
V  [libjvm.so+0x8bcfe9]  JavaCalls::call_helper(JavaValue*, methodHandle const&, JavaCallArguments*, Thread*)+0x3c9
V  [libjvm.so+0x8bb005]  JavaCalls::call_virtual(JavaValue*, Handle, Klass*, Symbol*, Symbol*, Thread*)+0x1e5
V  [libjvm.so+0x965e7c]  thread_entry(JavaThread*, Thread*)+0x6c
V  [libjvm.so+0xf73932]  JavaThread::run()+0x232
V  [libjvm.so+0xf716ad]  Thread::call_run()+0x10d
V  [libjvm.so+0xc8ba17]  thread_native_entry(Thread*)+0xe7

Java frames: (J=compiled Java code, j=interpreted, Vv=VM code)
v  ~RuntimeStub::cont_doYield
j  java.lang.Continuation.yield0(Ljava/lang/ContinuationScope;Ljava/lang/Continuation;)Z+60 java.base
j  java.lang.Continuation.myPause(Ljava/lang/ContinuationScope;)Z+3 java.base
j  balancer.Balancer$1.run()V+64
j  java.util.TimerThread.mainLoop()V+221 java.base
j  java.util.TimerThread.run()V+1 java.base
v  ~StubRoutines::call_stub

siginfo: si_signo: 11 (SIGSEGV), si_code: 1 (SEGV_MAPERR), si_addr: 0x0000000000000020

Register to memory mapping:

RAX=0x0000000000000020 is an unknown value
RBX=0x00007fa78318f4c0 is pointing into the stack for thread: 0x00007fa7c4337000
RCX=0x00007fa7b5013c98 is pointing into interpreter code (not bytecode specific)
RDX=0x00007fa7cd306b58: <offset 0x000000000167eb58> in /home/dmitry/Downloads/LOOM/loom/build/linux-x86_64-server-release/jdk/lib/server/libjvm.so at 0x00007fa7cbc88000
RSP=0x00007fa78318e120 is pointing into the stack for thread: 0x00007fa7c4337000
RBP=0x00007fa78318e130 is pointing into the stack for thread: 0x00007fa7c4337000
RSI=0x00007fa7831907a8 is pointing into the stack for thread: 0x00007fa7c4337000
RDI=0x0 is NULL
R8 =0x00007fa7b5000000 points into unknown readable memory: 04 00 00 00 00 00 00 00
R9 =0x000000000000000b is an unknown value
R10=0x0000000000000800 is an unknown value
R11=0x0000000000000400 is an unknown value
R12=0x00007fa7881c3440 points into unknown readable memory: 00 00 00 00 00 00 00 00
R13=0x00007fa78318f4c0 is pointing into the stack for thread: 0x00007fa7c4337000
R14=0x00007fa783190780 is pointing into the stack for thread: 0x00007fa7c4337000
R15=0x00007fa7c4337c10 points into unknown readable memory: 02 00 00 00 00 00 00 00


Registers:
RAX=0x0000000000000020, RBX=0x00007fa78318f4c0, RCX=0x00007fa7b5013c98, RDX=0x00007fa7cd306b58
RSP=0x00007fa78318e120, RBP=0x00007fa78318e130, RSI=0x00007fa7831907a8, RDI=0x0000000000000000
R8 =0x00007fa7b5000000, R9 =0x000000000000000b, R10=0x0000000000000800, R11=0x0000000000000400
R12=0x00007fa7881c3440, R13=0x00007fa78318f4c0, R14=0x00007fa783190780, R15=0x00007fa7c4337c10
RIP=0x00007fa7cc30bf7a, EFLAGS=0x0000000000010202, CSGSFS=0x002b000000000033, ERR=0x0000000000000004
  TRAPNO=0x000000000000000e

Top of Stack: (sp=0x00007fa78318e120)
0x00007fa78318e120:   00007fa7b50169b0 00007fa7c4337000
0x00007fa78318e130:   00007fa783190730 00007fa7cc311627
0x00007fa78318e140:   00007fa7c4337000 00007fa78318e240
0x00007fa78318e150:   0000000000000000 00007fa7cd304220 

Instructions: (pc=0x00007fa7cc30bf7a)
0x00007fa7cc30be7a:   08 48 63 00 89 0c 02 48 8d 05 4c e4 fd 00 48 8b
0x00007fa7cc30be8a:   4b 30 48 8b 53 08 48 63 00 48 89 0c 02 48 8d 05
0x00007fa7cc30be9a:   2e e4 fd 00 48 8b 53 08 48 8b 4b 38 48 63 00 48
0x00007fa7cc30beaa:   89 0c 02 48 8d 05 14 e4 fd 00 8b 4b 60 48 8b 53
0x00007fa7cc30beba:   08 48 63 00 89 0c 02 48 8d 05 18 e4 fd 00 48 8b
0x00007fa7cc30beca:   53 08 48 8b 4b 10 48 63 00 48 89 0c 02 48 8d 05
0x00007fa7cc30beda:   fe e3 fd 00 48 8b 4b 18 48 8b 53 08 48 63 00 48
0x00007fa7cc30beea:   89 0c 02 48 8d 05 e4 e3 fd 00 48 63 00 48 8b 53
0x00007fa7cc30befa:   08 48 8b 4b 20 48 89 0c 02 48 8d 05 ee e3 fd 00
0x00007fa7cc30bf0a:   48 8b 53 08 48 8b 4b 58 48 63 00 89 0c 02 48 8d
0x00007fa7cc30bf1a:   05 a1 e3 fd 00 0f b6 4b 70 48 8b 53 08 48 63 00
0x00007fa7cc30bf2a:   88 0c 02 48 8d 05 c0 e3 fd 00 0f b7 4b 74 48 8b
0x00007fa7cc30bf3a:   53 08 48 63 00 66 89 0c 02 48 8d 05 a6 e3 fd 00
0x00007fa7cc30bf4a:   0f b7 4b 72 48 8b 53 08 48 63 00 66 89 0c 02 48
0x00007fa7cc30bf5a:   83 c4 08 5b 5d c3 55 48 89 e5 53 48 89 fb 48 83
0x00007fa7cc30bf6a:   ec 08 48 8d 05 6d e3 fd 00 48 8b 7f 08 48 63 00
0x00007fa7cc30bf7a:   48 8b 04 38 48 89 43 10 48 8d 05 53 e3 fd 00 48
0x00007fa7cc30bf8a:   63 00 48 8b 04 38 48 89 43 18 48 8d 05 3d e3 fd
0x00007fa7cc30bf9a:   00 48 63 00 48 8b 04 38 48 89 43 20 48 8d 05 23
0x00007fa7cc30bfaa:   e3 fd 00 48 63 00 8b 04 38 89 43 28 48 8d 05 17
0x00007fa7cc30bfba:   e3 fd 00 48 63 00 48 8b 04 38 48 89 43 30 48 8d
0x00007fa7cc30bfca:   05 fd e2 fd 00 48 63 00 48 8b 04 38 48 89 43 38
0x00007fa7cc30bfda:   48 8d 05 1b e3 fd 00 48 63 30 ff 15 56 40 f7 00
0x00007fa7cc30bfea:   48 85 c0 48 89 43 40 0f 84 b9 01 00 00 48 8d 15
0x00007fa7cc30bffa:   de c7 fd 00 80 3a 01 48 19 c9 83 e1 04 80 3a 01
0x00007fa7cc30c00a:   8b 4c 08 0c 48 19 d2 89 4b 48 83 e2 08 48 8d 44
0x00007fa7cc30c01a:   10 10 48 89 43 50 48 8d 05 d1 e2 fd 00 48 8b 7b
0x00007fa7cc30c02a:   08 48 63 00 48 63 04 07 48 89 43 58 48 8d 05 af
0x00007fa7cc30c03a:   e2 fd 00 48 63 30 ff 15 fa 3f f7 00 48 8d 15 7b
0x00007fa7cc30c04a:   e2 fd 00 48 89 43 68 48 8b 43 08 48 83 3d d3 ac
0x00007fa7cc30c05a:   fb 00 00 48 63 12 8b 14 02 89 53 60 48 8d 15 53
0x00007fa7cc30c06a:   e2 fd 00 48 63 12 0f b6 14 02 88 53 70 48 8d 15 


Stack slot to memory mapping:
stack at sp + 0 slots: 0x00007fa7b50169b0 is at code_begin+1584 in an Interpreter codelet
invoke return entry points  [0x00007fa7b5016380, 0x00007fa7b5017540]  4544 bytes
stack at sp + 1 slots: 0x00007fa7c4337000 is a thread
stack at sp + 2 slots: 0x00007fa783190730 is pointing into the stack for thread: 0x00007fa7c4337000
stack at sp + 3 slots: 0x00007fa7cc311627: <offset 0x0000000000689627> in /home/dmitry/Downloads/LOOM/loom/build/linux-x86_64-server-release/jdk/lib/server/libjvm.so at 0x00007fa7cbc88000
stack at sp + 4 slots: 0x00007fa7c4337000 is a thread
stack at sp + 5 slots: 0x00007fa78318e240 is pointing into the stack for thread: 0x00007fa7c4337000
stack at sp + 6 slots: 0x0 is NULL
stack at sp + 7 slots: 0x00007fa7cd304220: <offset 0x000000000167c220> in /home/dmitry/Downloads/LOOM/loom/build/linux-x86_64-server-release/jdk/lib/server/libjvm.so at 0x00007fa7cbc88000


---------------  P R O C E S S  ---------------

Threads class SMR info:
_java_thread_list=0x00007fa7900028a0, length=15, elements={
0x00007fa7c4016800, 0x00007fa7c413b000, 0x00007fa7c413e000, 0x00007fa7c4160800,
0x00007fa7c4165000, 0x00007fa7c4167000, 0x00007fa7c4169000, 0x00007fa7c4189800,
0x00007fa7c424a800, 0x00007fa7c429c800, 0x00007fa7c4337000, 0x00007fa7c42a8800,
0x00007fa7c437d000, 0x00007fa7c437e000, 0x00007fa790001000
}

Java Threads: ( => current thread )
  0x00007fa7c4016800 JavaThread "main" [_thread_blocked, id=5051, stack(0x00007fa7ce08c000,0x00007fa7ce18d000)]
  0x00007fa7c413b000 JavaThread "Reference Handler" daemon [_thread_blocked, id=5059, stack(0x00007fa7b0ef8000,0x00007fa7b0ff9000)]
  0x00007fa7c413e000 JavaThread "Finalizer" daemon [_thread_blocked, id=5062, stack(0x00007fa7b0df7000,0x00007fa7b0ef8000)]
  0x00007fa7c4160800 JavaThread "Signal Dispatcher" daemon [_thread_blocked, id=5064, stack(0x00007fa7b0327000,0x00007fa7b0428000)]
  0x00007fa7c4165000 JavaThread "C2 CompilerThread0" daemon [_thread_blocked, id=5066, stack(0x00007fa7b0226000,0x00007fa7b0327000)]
  0x00007fa7c4167000 JavaThread "C1 CompilerThread0" daemon [_thread_blocked, id=5068, stack(0x00007fa7b0125000,0x00007fa7b0226000)]
  0x00007fa7c4169000 JavaThread "Sweeper thread" daemon [_thread_blocked, id=5069, stack(0x00007fa7b0024000,0x00007fa7b0125000)]
  0x00007fa7c4189800 JavaThread "Common-Cleaner" daemon [_thread_blocked, id=5072, stack(0x00007fa783aa4000,0x00007fa783ba5000)]
  0x00007fa7c424a800 JavaThread "Service Thread" daemon [_thread_blocked, id=5075, stack(0x00007fa7839a3000,0x00007fa783aa4000)]
  0x00007fa7c429c800 JavaThread "Monitor Ctrl-Break" daemon [_thread_in_native, id=5077, stack(0x00007fa7837a0000,0x00007fa7838a1000)]
=>0x00007fa7c4337000 JavaThread "Timer-0" daemon [_thread_in_vm, id=5078, stack(0x00007fa783091000,0x00007fa783192000)]
  0x00007fa7c42a8800 JavaThread "pool-1-thread-1" [_thread_blocked, id=5079, stack(0x00007fa782f90000,0x00007fa783091000)]
  0x00007fa7c437d000 JavaThread "pool-1-thread-2" [_thread_blocked, id=5080, stack(0x00007fa782e8f000,0x00007fa782f90000)]
  0x00007fa7c437e000 JavaThread "pool-1-thread-3" [_thread_in_Java, id=5081, stack(0x00007fa782d8e000,0x00007fa782e8f000)]
  0x00007fa790001000 JavaThread "Attach Listener" daemon [_thread_blocked, id=5082, stack(0x00007fa782c8d000,0x00007fa782d8e000)]

Other Threads:
  0x00007fa7c412f000 VMThread "VM Thread" [stack: 0x00007fa7b0ffb000,0x00007fa7b10fb000] [id=5058]
  0x00007fa7c4255000 WatcherThread [stack: 0x00007fa7838a3000,0x00007fa7839a3000] [id=5076]
  0x00007fa7c405a800 GCTaskThread "GC Thread#0" [stack: 0x00007fa7c85ef000,0x00007fa7c86ef000] [id=5052]
  0x00007fa7c4064000 ConcurrentGCThread "G1 Main Marker" [stack: 0x00007fa7c84ed000,0x00007fa7c85ed000] [id=5053]
  0x00007fa7c4066000 ConcurrentGCThread "G1 Conc#0" [stack: 0x00007fa7c83eb000,0x00007fa7c84eb000] [id=5054]
  0x00007fa7c40ba800 ConcurrentGCThread "G1 Refine#0" [stack: 0x00007fa7b19ff000,0x00007fa7b1aff000] [id=5055]
  0x00007fa7c40bc000 ConcurrentGCThread "G1 Young RemSet Sampling" [stack: 0x00007fa7b18fd000,0x00007fa7b19fd000] [id=5056]

Threads with active compile tasks:

VM state:not at safepoint (normal execution)

VM Mutex/Monitor currently owned by a thread: None

Heap address: 0x00000000b0000000, size: 1280 MB, Compressed Oops mode: 32-bit
Narrow klass base: 0x0000000000000000, Narrow klass shift: 3
Compressed class space size: 1073741824 Address: 0x0000000100000000

Heap:
 garbage-first heap   total 81920K, used 11264K [0x00000000b0000000, 0x0000000100000000)
  region size 1024K, 12 young (12288K), 0 survivors (0K)
 Metaspace       used 8855K, capacity 9123K, committed 9472K, reserved 1058816K
  class space    used 810K, capacity 916K, committed 1024K, reserved 1048576K
Heap Regions: E=young(eden), S=young(survivor), O=old, HS=humongous(starts), HC=humongous(continues), CS=collection set, F=free, A=archive, TAMS=top-at-mark-start (previous, next)
|   0|0x00000000b0000000, 0x00000000b0000000, 0x00000000b0100000|  0%| F|  |TAMS 0x00000000b0000000, 0x00000000b0000000| Untracked 
|   1|0x00000000b0100000, 0x00000000b0100000, 0x00000000b0200000|  0%| F|  |TAMS 0x00000000b0100000, 0x00000000b0100000| Untracked 
|   2|0x00000000b0200000, 0x00000000b0200000, 0x00000000b0300000|  0%| F|  |TAMS 0x00000000b0200000, 0x00000000b0200000| Untracked 
|   3|0x00000000b0300000, 0x00000000b0300000, 0x00000000b0400000|  0%| F|  |TAMS 0x00000000b0300000, 0x00000000b0300000| Untracked 
|   4|0x00000000b0400000, 0x00000000b0400000, 0x00000000b0500000|  0%| F|  |TAMS 0x00000000b0400000, 0x00000000b0400000| Untracked 
|   5|0x00000000b0500000, 0x00000000b0500000, 0x00000000b0600000|  0%| F|  |TAMS 0x00000000b0500000, 0x00000000b0500000| Untracked 
|   6|0x00000000b0600000, 0x00000000b0600000, 0x00000000b0700000|  0%| F|  |TAMS 0x00000000b0600000, 0x00000000b0600000| Untracked 
|   7|0x00000000b0700000, 0x00000000b0700000, 0x00000000b0800000|  0%| F|  |TAMS 0x00000000b0700000, 0x00000000b0700000| Untracked 
|   8|0x00000000b0800000, 0x00000000b0800000, 0x00000000b0900000|  0%| F|  |TAMS 0x00000000b0800000, 0x00000000b0800000| Untracked 
|   9|0x00000000b0900000, 0x00000000b0900000, 0x00000000b0a00000|  0%| F|  |TAMS 0x00000000b0900000, 0x00000000b0900000| Untracked 
|  10|0x00000000b0a00000, 0x00000000b0a00000, 0x00000000b0b00000|  0%| F|  |TAMS 0x00000000b0a00000, 0x00000000b0a00000| Untracked 
|  11|0x00000000b0b00000, 0x00000000b0b00000, 0x00000000b0c00000|  0%| F|  |TAMS 0x00000000b0b00000, 0x00000000b0b00000| Untracked 
|  12|0x00000000b0c00000, 0x00000000b0c00000, 0x00000000b0d00000|  0%| F|  |TAMS 0x00000000b0c00000, 0x00000000b0c00000| Untracked 
|  13|0x00000000b0d00000, 0x00000000b0d00000, 0x00000000b0e00000|  0%| F|  |TAMS 0x00000000b0d00000, 0x00000000b0d00000| Untracked 
|  14|0x00000000b0e00000, 0x00000000b0e00000, 0x00000000b0f00000|  0%| F|  |TAMS 0x00000000b0e00000, 0x00000000b0e00000| Untracked 
|  15|0x00000000b0f00000, 0x00000000b0f00000, 0x00000000b1000000|  0%| F|  |TAMS 0x00000000b0f00000, 0x00000000b0f00000| Untracked 
|  16|0x00000000b1000000, 0x00000000b1000000, 0x00000000b1100000|  0%| F|  |TAMS 0x00000000b1000000, 0x00000000b1000000| Untracked 
|  17|0x00000000b1100000, 0x00000000b1100000, 0x00000000b1200000|  0%| F|  |TAMS 0x00000000b1100000, 0x00000000b1100000| Untracked 
|  18|0x00000000b1200000, 0x00000000b1200000, 0x00000000b1300000|  0%| F|  |TAMS 0x00000000b1200000, 0x00000000b1200000| Untracked 
|  19|0x00000000b1300000, 0x00000000b1300000, 0x00000000b1400000|  0%| F|  |TAMS 0x00000000b1300000, 0x00000000b1300000| Untracked 
|  20|0x00000000b1400000, 0x00000000b1400000, 0x00000000b1500000|  0%| F|  |TAMS 0x00000000b1400000, 0x00000000b1400000| Untracked 
|  21|0x00000000b1500000, 0x00000000b1500000, 0x00000000b1600000|  0%| F|  |TAMS 0x00000000b1500000, 0x00000000b1500000| Untracked 
|  22|0x00000000b1600000, 0x00000000b1600000, 0x00000000b1700000|  0%| F|  |TAMS 0x00000000b1600000, 0x00000000b1600000| Untracked 
|  23|0x00000000b1700000, 0x00000000b1700000, 0x00000000b1800000|  0%| F|  |TAMS 0x00000000b1700000, 0x00000000b1700000| Untracked 
|  24|0x00000000b1800000, 0x00000000b1800000, 0x00000000b1900000|  0%| F|  |TAMS 0x00000000b1800000, 0x00000000b1800000| Untracked 
|  25|0x00000000b1900000, 0x00000000b1900000, 0x00000000b1a00000|  0%| F|  |TAMS 0x00000000b1900000, 0x00000000b1900000| Untracked 
|  26|0x00000000b1a00000, 0x00000000b1a00000, 0x00000000b1b00000|  0%| F|  |TAMS 0x00000000b1a00000, 0x00000000b1a00000| Untracked 
|  27|0x00000000b1b00000, 0x00000000b1b00000, 0x00000000b1c00000|  0%| F|  |TAMS 0x00000000b1b00000, 0x00000000b1b00000| Untracked 
|  28|0x00000000b1c00000, 0x00000000b1c00000, 0x00000000b1d00000|  0%| F|  |TAMS 0x00000000b1c00000, 0x00000000b1c00000| Untracked 
|  29|0x00000000b1d00000, 0x00000000b1d00000, 0x00000000b1e00000|  0%| F|  |TAMS 0x00000000b1d00000, 0x00000000b1d00000| Untracked 
|  30|0x00000000b1e00000, 0x00000000b1e00000, 0x00000000b1f00000|  0%| F|  |TAMS 0x00000000b1e00000, 0x00000000b1e00000| Untracked 
|  31|0x00000000b1f00000, 0x00000000b1f00000, 0x00000000b2000000|  0%| F|  |TAMS 0x00000000b1f00000, 0x00000000b1f00000| Untracked 
|  32|0x00000000b2000000, 0x00000000b2000000, 0x00000000b2100000|  0%| F|  |TAMS 0x00000000b2000000, 0x00000000b2000000| Untracked 
|  33|0x00000000b2100000, 0x00000000b2100000, 0x00000000b2200000|  0%| F|  |TAMS 0x00000000b2100000, 0x00000000b2100000| Untracked 
|  34|0x00000000b2200000, 0x00000000b2200000, 0x00000000b2300000|  0%| F|  |TAMS 0x00000000b2200000, 0x00000000b2200000| Untracked 
|  35|0x00000000b2300000, 0x00000000b2300000, 0x00000000b2400000|  0%| F|  |TAMS 0x00000000b2300000, 0x00000000b2300000| Untracked 
|  36|0x00000000b2400000, 0x00000000b2400000, 0x00000000b2500000|  0%| F|  |TAMS 0x00000000b2400000, 0x00000000b2400000| Untracked 
|  37|0x00000000b2500000, 0x00000000b2500000, 0x00000000b2600000|  0%| F|  |TAMS 0x00000000b2500000, 0x00000000b2500000| Untracked 
|  38|0x00000000b2600000, 0x00000000b2600000, 0x00000000b2700000|  0%| F|  |TAMS 0x00000000b2600000, 0x00000000b2600000| Untracked 
|  39|0x00000000b2700000, 0x00000000b2700000, 0x00000000b2800000|  0%| F|  |TAMS 0x00000000b2700000, 0x00000000b2700000| Untracked 
|  40|0x00000000b2800000, 0x00000000b2800000, 0x00000000b2900000|  0%| F|  |TAMS 0x00000000b2800000, 0x00000000b2800000| Untracked 
|  41|0x00000000b2900000, 0x00000000b2900000, 0x00000000b2a00000|  0%| F|  |TAMS 0x00000000b2900000, 0x00000000b2900000| Untracked 
|  42|0x00000000b2a00000, 0x00000000b2a00000, 0x00000000b2b00000|  0%| F|  |TAMS 0x00000000b2a00000, 0x00000000b2a00000| Untracked 
|  43|0x00000000b2b00000, 0x00000000b2b00000, 0x00000000b2c00000|  0%| F|  |TAMS 0x00000000b2b00000, 0x00000000b2b00000| Untracked 
|  44|0x00000000b2c00000, 0x00000000b2c00000, 0x00000000b2d00000|  0%| F|  |TAMS 0x00000000b2c00000, 0x00000000b2c00000| Untracked 
|  45|0x00000000b2d00000, 0x00000000b2d00000, 0x00000000b2e00000|  0%| F|  |TAMS 0x00000000b2d00000, 0x00000000b2d00000| Untracked 
|  46|0x00000000b2e00000, 0x00000000b2e00000, 0x00000000b2f00000|  0%| F|  |TAMS 0x00000000b2e00000, 0x00000000b2e00000| Untracked 
|  47|0x00000000b2f00000, 0x00000000b2f00000, 0x00000000b3000000|  0%| F|  |TAMS 0x00000000b2f00000, 0x00000000b2f00000| Untracked 
|  48|0x00000000b3000000, 0x00000000b3000000, 0x00000000b3100000|  0%| F|  |TAMS 0x00000000b3000000, 0x00000000b3000000| Untracked 
|  49|0x00000000b3100000, 0x00000000b3100000, 0x00000000b3200000|  0%| F|  |TAMS 0x00000000b3100000, 0x00000000b3100000| Untracked 
|  50|0x00000000b3200000, 0x00000000b3200000, 0x00000000b3300000|  0%| F|  |TAMS 0x00000000b3200000, 0x00000000b3200000| Untracked 
|  51|0x00000000b3300000, 0x00000000b3300000, 0x00000000b3400000|  0%| F|  |TAMS 0x00000000b3300000, 0x00000000b3300000| Untracked 
|  52|0x00000000b3400000, 0x00000000b3400000, 0x00000000b3500000|  0%| F|  |TAMS 0x00000000b3400000, 0x00000000b3400000| Untracked 
|  53|0x00000000b3500000, 0x00000000b3500000, 0x00000000b3600000|  0%| F|  |TAMS 0x00000000b3500000, 0x00000000b3500000| Untracked 
|  54|0x00000000b3600000, 0x00000000b3600000, 0x00000000b3700000|  0%| F|  |TAMS 0x00000000b3600000, 0x00000000b3600000| Untracked 
|  55|0x00000000b3700000, 0x00000000b3700000, 0x00000000b3800000|  0%| F|  |TAMS 0x00000000b3700000, 0x00000000b3700000| Untracked 
|  56|0x00000000b3800000, 0x00000000b3800000, 0x00000000b3900000|  0%| F|  |TAMS 0x00000000b3800000, 0x00000000b3800000| Untracked 
|  57|0x00000000b3900000, 0x00000000b3900000, 0x00000000b3a00000|  0%| F|  |TAMS 0x00000000b3900000, 0x00000000b3900000| Untracked 
|  58|0x00000000b3a00000, 0x00000000b3a00000, 0x00000000b3b00000|  0%| F|  |TAMS 0x00000000b3a00000, 0x00000000b3a00000| Untracked 
|  59|0x00000000b3b00000, 0x00000000b3b00000, 0x00000000b3c00000|  0%| F|  |TAMS 0x00000000b3b00000, 0x00000000b3b00000| Untracked 
|  60|0x00000000b3c00000, 0x00000000b3c00000, 0x00000000b3d00000|  0%| F|  |TAMS 0x00000000b3c00000, 0x00000000b3c00000| Untracked 
|  61|0x00000000b3d00000, 0x00000000b3d00000, 0x00000000b3e00000|  0%| F|  |TAMS 0x00000000b3d00000, 0x00000000b3d00000| Untracked 
|  62|0x00000000b3e00000, 0x00000000b3e00000, 0x00000000b3f00000|  0%| F|  |TAMS 0x00000000b3e00000, 0x00000000b3e00000| Untracked 
|  63|0x00000000b3f00000, 0x00000000b3f00000, 0x00000000b4000000|  0%| F|  |TAMS 0x00000000b3f00000, 0x00000000b3f00000| Untracked 
|  64|0x00000000b4000000, 0x00000000b4000000, 0x00000000b4100000|  0%| F|  |TAMS 0x00000000b4000000, 0x00000000b4000000| Untracked 
|  65|0x00000000b4100000, 0x00000000b4100000, 0x00000000b4200000|  0%| F|  |TAMS 0x00000000b4100000, 0x00000000b4100000| Untracked 
|  66|0x00000000b4200000, 0x00000000b4200000, 0x00000000b4300000|  0%| F|  |TAMS 0x00000000b4200000, 0x00000000b4200000| Untracked 
|  67|0x00000000b4300000, 0x00000000b4300000, 0x00000000b4400000|  0%| F|  |TAMS 0x00000000b4300000, 0x00000000b4300000| Untracked 
|  68|0x00000000b4400000, 0x00000000b4448308, 0x00000000b4500000| 28%| E|  |TAMS 0x00000000b4400000, 0x00000000b4400000| Complete 
|  69|0x00000000b4500000, 0x00000000b4600000, 0x00000000b4600000|100%| E|CS|TAMS 0x00000000b4500000, 0x00000000b4500000| Complete 
|  70|0x00000000b4600000, 0x00000000b4700000, 0x00000000b4700000|100%| E|CS|TAMS 0x00000000b4600000, 0x00000000b4600000| Complete 
|  71|0x00000000b4700000, 0x00000000b4800000, 0x00000000b4800000|100%| E|CS|TAMS 0x00000000b4700000, 0x00000000b4700000| Complete 
|  72|0x00000000b4800000, 0x00000000b4900000, 0x00000000b4900000|100%| E|CS|TAMS 0x00000000b4800000, 0x00000000b4800000| Complete 
|  73|0x00000000b4900000, 0x00000000b4a00000, 0x00000000b4a00000|100%| E|CS|TAMS 0x00000000b4900000, 0x00000000b4900000| Complete 
|  74|0x00000000b4a00000, 0x00000000b4b00000, 0x00000000b4b00000|100%| E|CS|TAMS 0x00000000b4a00000, 0x00000000b4a00000| Complete 
|  75|0x00000000b4b00000, 0x00000000b4c00000, 0x00000000b4c00000|100%| E|CS|TAMS 0x00000000b4b00000, 0x00000000b4b00000| Complete 
|  76|0x00000000b4c00000, 0x00000000b4d00000, 0x00000000b4d00000|100%| E|CS|TAMS 0x00000000b4c00000, 0x00000000b4c00000| Complete 
|  77|0x00000000b4d00000, 0x00000000b4e00000, 0x00000000b4e00000|100%| E|CS|TAMS 0x00000000b4d00000, 0x00000000b4d00000| Complete 
|  78|0x00000000b4e00000, 0x00000000b4f00000, 0x00000000b4f00000|100%| E|CS|TAMS 0x00000000b4e00000, 0x00000000b4e00000| Complete 
|  79|0x00000000b4f00000, 0x00000000b5000000, 0x00000000b5000000|100%| E|CS|TAMS 0x00000000b4f00000, 0x00000000b4f00000| Complete 

Card table byte_map: [0x00007fa7c9d6f000,0x00007fa7c9fef000] _byte_map_base: 0x00007fa7c97ef000

Marking Bits (Prev, Next): (CMBitMap*) 0x00007fa7c405bb58, (CMBitMap*) 0x00007fa7c405bb98
 Prev Bits: [0x00007fa7c86ef000, 0x00007fa7c9aef000)
 Next Bits: [0x00007fa7b3c00000, 0x00007fa7b5000000)

Polling page: 0x00007fa7ce1a0000

Metaspace:

Usage:
  Non-class:      8,01 MB capacity,     7,86 MB ( 98%) used,   147,62 KB (  2%) free+waste,    15,12 KB ( <1%) overhead. 
      Class:    916,00 KB capacity,   810,83 KB ( 89%) used,    97,61 KB ( 11%) free+waste,     7,56 KB ( <1%) overhead. 
       Both:      8,91 MB capacity,     8,65 MB ( 97%) used,   245,23 KB (  3%) free+waste,    22,69 KB ( <1%) overhead. 

Virtual space:
  Non-class space:       10,00 MB reserved,       8,25 MB ( 82%) committed 
      Class space:        1,00 GB reserved,       1,00 MB ( <1%) committed 
             Both:        1,01 GB reserved,       9,25 MB ( <1%) committed 

Chunk freelists:
   Non-Class:  61,00 KB
       Class:  12,00 KB
        Both:  73,00 KB

MaxMetaspaceSize: unlimited
CompressedClassSpaceSize: 1,00 GB

CodeHeap 'non-profiled nmethods': size=120032Kb used=202Kb max_used=202Kb free=119829Kb
 bounds [0x00007fa7bcac8000, 0x00007fa7bcd38000, 0x00007fa7c4000000]
CodeHeap 'profiled nmethods': size=120032Kb used=974Kb max_used=974Kb free=119057Kb
 bounds [0x00007fa7b5590000, 0x00007fa7b5800000, 0x00007fa7bcac8000]
CodeHeap 'non-nmethods': size=5696Kb used=1125Kb max_used=1139Kb free=4570Kb
 bounds [0x00007fa7b5000000, 0x00007fa7b5270000, 0x00007fa7b5590000]
 total_blobs=1121 nmethods=600 adapters=271
 compilation: enabled
              stopped_count=0, restarted_count=0
 full_count=0

Compilation events (10 events):
Event: 1,318 Thread 0x00007fa7c4167000 nmethod 598 0x00007fa7b5682b10 code [0x00007fa7b5682cc0, 0x00007fa7b5682ef0]
Event: 1,318 Thread 0x00007fa7c4167000  599       3       jdk.internal.misc.Unsafe::putReferenceRelease (9 bytes)
Event: 1,318 Thread 0x00007fa7c4167000 nmethod 599 0x00007fa7b5682f90 code [0x00007fa7b5683140, 0x00007fa7b56832f0]
Event: 1,318 Thread 0x00007fa7c4167000  601       3       java.util.concurrent.ConcurrentHashMap::setTabAt (20 bytes)
Event: 1,318 Thread 0x00007fa7c4165000 nmethod 590 0x00007fa7bcaf8f10 code [0x00007fa7bcaf90a0, 0x00007fa7bcaf9158]
Event: 1,318 Thread 0x00007fa7c4167000 nmethod 601 0x00007fa7b5683390 code [0x00007fa7b5683540, 0x00007fa7b5683790]
Event: 1,325 Thread 0x00007fa7c4165000  602       4       java.lang.StringBuilder::append (8 bytes)
Event: 1,338 Thread 0x00007fa7c4165000 nmethod 602 0x00007fa7bcaf9210 code [0x00007fa7bcaf93c0, 0x00007fa7bcaf9a48]
Event: 1,338 Thread 0x00007fa7c4165000  603       4       java.lang.AbstractStringBuilder::append (45 bytes)
Event: 1,352 Thread 0x00007fa7c4165000 nmethod 603 0x00007fa7bcaf9d90 code [0x00007fa7bcaf9f40, 0x00007fa7bcafa5c8]

GC Heap History (0 events):
No events

Deoptimization events (4 events):
Event: 0,713 Thread 0x00007fa7c4016800 Uncommon trap: reason=unstable_if action=reinterpret pc=0x00007fa7bcae38fc method=java.util.HashMap.putVal(ILjava/lang/Object;Ljava/lang/Object;ZZ)Ljava/lang/Object; @ 236 c2
Event: 1,268 Thread 0x00007fa790001000 Uncommon trap: reason=class_check action=maybe_recompile pc=0x00007fa7bcadd42c method=java.io.BufferedInputStream.read([BII)I @ 101 c2
Event: 1,302 Thread 0x00007fa790001000 Uncommon trap: reason=unstable_if action=reinterpret pc=0x00007fa7bcaf5d50 method=java.lang.StringLatin1.indexOf([BI[BII)I @ 80 c2
Event: 1,306 Thread 0x00007fa790001000 Uncommon trap: reason=unstable_if action=reinterpret pc=0x00007fa7bcaf48ec method=java.lang.String.startsWith(Ljava/lang/String;I)Z @ 14 c2

Classes unloaded (0 events):
No events

Classes redefined (0 events):
No events

Internal exceptions (10 events):
Event: 0,480 Thread 0x00007fa7c4016800 Exception <a 'java/lang/NoSuchMethodError'{0x00000000b4c17098}: 'int java.lang.invoke.DirectMethodHandle$Holder.invokeStatic(java.lang.Object, java.lang.Object)'> (0x00000000b4c17098) 
thrown [/home/dmitry/Downloads/LOOM/loom/src/hotspot/share/interpreter/linkResolver.cpp, line 768]
for thread 0x00007fa7c4016800
Event: 0,483 Thread 0x00007fa7c4016800 Exception <a 'java/lang/NoSuchMethodError'{0x00000000b4c216d8}: 'java.lang.Object java.lang.invoke.DirectMethodHandle$Holder.invokeVirtual(java.lang.Object, java.lang.Object)'> (0x00000000b4c216d8) 
thrown [/home/dmitry/Downloads/LOOM/loom/src/hotspot/share/interpreter/linkResolver.cpp, line 768]
for thread 0x00007fa7c4016800
Event: 0,486 Thread 0x00007fa7c4016800 Exception <a 'java/lang/NoSuchMethodError'{0x00000000b4c292a0}: 'int java.lang.invoke.DirectMethodHandle$Holder.invokeSpecial(java.lang.Object, java.lang.Object)'> (0x00000000b4c292a0) 
thrown [/home/dmitry/Downloads/LOOM/loom/src/hotspot/share/interpreter/linkResolver.cpp, line 768]
for thread 0x00007fa7c4016800
Event: 0,639 Thread 0x00007fa7c4016800 Exception <a 'java/lang/NoSuchMethodError'{0x00000000b4ab9b78}: 'void java.lang.invoke.DirectMethodHandle$Holder.invokeStatic(java.lang.Object, java.lang.Object, java.lang.Object)'> (0x00000000b4ab9b78) 
thrown [/home/dmitry/Downloads/LOOM/loom/src/hotspot/share/interpreter/linkResolver.cpp, line 768]
for thread 0x00007fa7c4016800
Event: 0,658 Thread 0x00007fa7c4016800 Exception <a 'java/lang/NoSuchMethodError'{0x00000000b4ae5148}: 'java.lang.Object java.lang.invoke.Invokers$Holder.linkToTargetMethod(java.lang.Object, java.lang.Object, java.lang.Object, java.lang.Object)'> (0x00000000b4ae5148) 
thrown [/home/dmitry/Downloads/LOOM/loom/src/hotspot/share/interpreter/linkResolver.cpp, line 768]
for thread 0x00007fa7c4016800
Event: 0,811 Thread 0x00007fa7c429c800 Exception <a 'java/lang/NoSuchMethodError'{0x00000000b484cf68}: 'java.lang.Object java.lang.invoke.DirectMethodHandle$Holder.invokeStatic(java.lang.Object)'> (0x00000000b484cf68) 
thrown [/home/dmitry/Downloads/LOOM/loom/src/hotspot/share/interpreter/linkResolver.cpp, line 768]
for thread 0x00007fa7c429c800
Event: 0,812 Thread 0x00007fa7c429c800 Exception <a 'java/lang/NoSuchMethodError'{0x00000000b484fd80}: 'java.lang.Object java.lang.invoke.DirectMethodHandle$Holder.invokeStaticInit(java.lang.Object)'> (0x00000000b484fd80) 
thrown [/home/dmitry/Downloads/LOOM/loom/src/hotspot/share/interpreter/linkResolver.cpp, line 768]
for thread 0x00007fa7c429c800
Event: 0,849 Thread 0x00007fa7c4016800 Exception <a 'java/lang/NoSuchMethodError'{0x00000000b4716348}: 'java.lang.Object java.lang.invoke.DirectMethodHandle$Holder.invokeStaticInit(java.lang.Object, java.lang.Object)'> (0x00000000b4716348) 
thrown [/home/dmitry/Downloads/LOOM/loom/src/hotspot/share/interpreter/linkResolver.cpp, line 768]
for thread 0x00007fa7c4016800
Event: 0,851 Thread 0x00007fa7c4016800 Exception <a 'java/lang/NoSuchMethodError'{0x00000000b471f800}: 'java.lang.Object java.lang.invoke.DirectMethodHandle$Holder.invokeStaticInit(java.lang.Object, java.lang.Object, java.lang.Object)'> (0x00000000b471f800) 
thrown [/home/dmitry/Downloads/LOOM/loom/src/hotspot/share/interpreter/linkResolver.cpp, line 768]
for thread 0x00007fa7c4016800
Event: 0,860 Thread 0x00007fa7c4016800 Exception <a 'java/lang/NoSuchMethodError'{0x00000000b473ed60}: 'int java.lang.invoke.DirectMethodHandle$Holder.invokeSpecial(java.lang.Object, java.lang.Object, java.lang.Object)'> (0x00000000b473ed60) 
thrown [/home/dmitry/Downloads/LOOM/loom/src/hotspot/share/interpreter/linkResolver.cpp, line 768]
for thread 0x00007fa7c4016800

Events (10 events):
Event: 1,305 loading class sun/util/resources/cldr/TimeZoneNames_en done
Event: 1,306 loading class sun/util/resources/cldr/TimeZoneNames_en_US
Event: 1,306 loading class sun/util/resources/cldr/TimeZoneNames_en_US done
Event: 1,306 Thread 0x00007fa790001000 Uncommon trap: trap_request=0xffffff4d fr.pc=0x00007fa7bcaf48ec relative=0x000000000000024c
Event: 1,306 Thread 0x00007fa790001000 DEOPT PACKING pc=0x00007fa7bcaf48ec sp=0x00007fa782d8bf80
Event: 1,306 Thread 0x00007fa790001000 DEOPT UNPACKING pc=0x00007fa7b50368c5 sp=0x00007fa782d8bf00 mode 2
Event: 1,311 loading class java/util/LinkedHashMap$LinkedKeySet
Event: 1,311 loading class java/util/LinkedHashMap$LinkedKeySet done
Event: 1,311 loading class sun/util/locale/provider/LocaleResources$ResourceReference
Event: 1,311 loading class sun/util/locale/provider/LocaleResources$ResourceReference done


Dynamic libraries:
b0000000-b5000000 rw-p 00000000 00:00 0 
b5000000-100000000 ---p 00000000 00:00 0 
100000000-100100000 rw-p 00000000 00:00 0 
100100000-140000000 ---p 00000000 00:00 0 
559066f5b000-559066f5c000 r-xp 00000000 08:01 6044482                    /home/dmitry/Downloads/LOOM/loom/build/linux-x86_64-server-release/jdk/bin/java
55906715c000-55906715d000 r--p 00001000 08:01 6044482                    /home/dmitry/Downloads/LOOM/loom/build/linux-x86_64-server-release/jdk/bin/java
55906715d000-55906715e000 rw-p 00002000 08:01 6044482                    /home/dmitry/Downloads/LOOM/loom/build/linux-x86_64-server-release/jdk/bin/java
559068ef6000-559068f17000 rw-p 00000000 00:00 0                          [heap]
7fa758000000-7fa758021000 rw-p 00000000 00:00 0 
7fa758021000-7fa75c000000 ---p 00000000 00:00 0 
7fa75c000000-7fa75c040000 rw-p 00000000 00:00 0 
7fa75c040000-7fa760000000 ---p 00000000 00:00 0 
7fa760000000-7fa760021000 rw-p 00000000 00:00 0 
7fa760021000-7fa764000000 ---p 00000000 00:00 0 
7fa764000000-7fa764021000 rw-p 00000000 00:00 0 
7fa764021000-7fa768000000 ---p 00000000 00:00 0 
7fa768000000-7fa768021000 rw-p 00000000 00:00 0 
7fa768021000-7fa76c000000 ---p 00000000 00:00 0 
7fa76c000000-7fa76c021000 rw-p 00000000 00:00 0 
7fa76c021000-7fa770000000 ---p 00000000 00:00 0 
7fa770000000-7fa770021000 rw-p 00000000 00:00 0 
7fa770021000-7fa774000000 ---p 00000000 00:00 0 
7fa774000000-7fa774021000 rw-p 00000000 00:00 0 
7fa774021000-7fa778000000 ---p 00000000 00:00 0 
7fa778000000-7fa778021000 rw-p 00000000 00:00 0 
7fa778021000-7fa77c000000 ---p 00000000 00:00 0 
7fa77c000000-7fa77c021000 rw-p 00000000 00:00 0 
7fa77c021000-7fa780000000 ---p 00000000 00:00 0 
7fa782692000-7fa782acd000 rw-p 00000000 00:00 0 
7fa782acd000-7fa782c8d000 ---p 00000000 00:00 0 
7fa782c8d000-7fa782c91000 ---p 00000000 00:00 0 
7fa782c91000-7fa782d8e000 rw-p 00000000 00:00 0 
7fa782d8e000-7fa782d92000 ---p 00000000 00:00 0 
7fa782d92000-7fa782e8f000 rw-p 00000000 00:00 0 
7fa782e8f000-7fa782e93000 ---p 00000000 00:00 0 
7fa782e93000-7fa782f90000 rw-p 00000000 00:00 0 
7fa782f90000-7fa782f94000 ---p 00000000 00:00 0 
7fa782f94000-7fa783091000 rw-p 00000000 00:00 0 
7fa783091000-7fa783095000 ---p 00000000 00:00 0 
7fa783095000-7fa783192000 rw-p 00000000 00:00 0 
7fa783192000-7fa783197000 r-xp 00000000 08:01 2636459                    /home/dmitry/Downloads/LOOM/loom/build/linux-x86_64-server-release/jdk/lib/libmanagement_ext.so
7fa783197000-7fa783396000 ---p 00005000 08:01 2636459                    /home/dmitry/Downloads/LOOM/loom/build/linux-x86_64-server-release/jdk/lib/libmanagement_ext.so
7fa783396000-7fa783397000 r--p 00004000 08:01 2636459                    /home/dmitry/Downloads/LOOM/loom/build/linux-x86_64-server-release/jdk/lib/libmanagement_ext.so
7fa783397000-7fa783398000 rw-p 00005000 08:01 2636459                    /home/dmitry/Downloads/LOOM/loom/build/linux-x86_64-server-release/jdk/lib/libmanagement_ext.so
7fa783398000-7fa78339c000 r-xp 00000000 08:01 2636443                    /home/dmitry/Downloads/LOOM/loom/build/linux-x86_64-server-release/jdk/lib/libmanagement.so
7fa78339c000-7fa78359b000 ---p 00004000 08:01 2636443                    /home/dmitry/Downloads/LOOM/loom/build/linux-x86_64-server-release/jdk/lib/libmanagement.so
7fa78359b000-7fa78359c000 r--p 00003000 08:01 2636443                    /home/dmitry/Downloads/LOOM/loom/build/linux-x86_64-server-release/jdk/lib/libmanagement.so
7fa78359c000-7fa78359d000 rw-p 00004000 08:01 2636443                    /home/dmitry/Downloads/LOOM/loom/build/linux-x86_64-server-release/jdk/lib/libmanagement.so
7fa78359d000-7fa78359f000 r-xp 00000000 08:01 2636465                    /home/dmitry/Downloads/LOOM/loom/build/linux-x86_64-server-release/jdk/lib/libextnet.so
7fa78359f000-7fa78379e000 ---p 00002000 08:01 2636465                    /home/dmitry/Downloads/LOOM/loom/build/linux-x86_64-server-release/jdk/lib/libextnet.so
7fa78379e000-7fa78379f000 r--p 00001000 08:01 2636465                    /home/dmitry/Downloads/LOOM/loom/build/linux-x86_64-server-release/jdk/lib/libextnet.so
7fa78379f000-7fa7837a0000 rw-p 00002000 08:01 2636465                    /home/dmitry/Downloads/LOOM/loom/build/linux-x86_64-server-release/jdk/lib/libextnet.so
7fa7837a0000-7fa7837a4000 ---p 00000000 00:00 0 
7fa7837a4000-7fa7838a1000 rw-p 00000000 00:00 0 
7fa7838a1000-7fa7838a2000 ---p 00000000 00:00 0 
7fa7838a2000-7fa7839a3000 rw-p 00000000 00:00 0 
7fa7839a3000-7fa7839a7000 ---p 00000000 00:00 0 
7fa7839a7000-7fa783aa4000 rw-p 00000000 00:00 0 
7fa783aa4000-7fa783aa8000 ---p 00000000 00:00 0 
7fa783aa8000-7fa783bd6000 rw-p 00000000 00:00 0 
7fa783bd6000-7fa783bec000 r-xp 00000000 08:01 2636431                    /home/dmitry/Downloads/LOOM/loom/build/linux-x86_64-server-release/jdk/lib/libnet.so
7fa783bec000-7fa783dec000 ---p 00016000 08:01 2636431                    /home/dmitry/Downloads/LOOM/loom/build/linux-x86_64-server-release/jdk/lib/libnet.so
7fa783dec000-7fa783ded000 r--p 00016000 08:01 2636431                    /home/dmitry/Downloads/LOOM/loom/build/linux-x86_64-server-release/jdk/lib/libnet.so
7fa783ded000-7fa783dee000 rw-p 00017000 08:01 2636431                    /home/dmitry/Downloads/LOOM/loom/build/linux-x86_64-server-release/jdk/lib/libnet.so
7fa783dee000-7fa783dff000 r-xp 00000000 08:01 2636435                    /home/dmitry/Downloads/LOOM/loom/build/linux-x86_64-server-release/jdk/lib/libnio.so
7fa783dff000-7fa783ffe000 ---p 00011000 08:01 2636435                    /home/dmitry/Downloads/LOOM/loom/build/linux-x86_64-server-release/jdk/lib/libnio.so
7fa783ffe000-7fa783fff000 r--p 00010000 08:01 2636435                    /home/dmitry/Downloads/LOOM/loom/build/linux-x86_64-server-release/jdk/lib/libnio.so
7fa783fff000-7fa784000000 rw-p 00011000 08:01 2636435                    /home/dmitry/Downloads/LOOM/loom/build/linux-x86_64-server-release/jdk/lib/libnio.so
7fa784000000-7fa7843ef000 rw-p 00000000 00:00 0 
7fa7843ef000-7fa788000000 ---p 00000000 00:00 0 
7fa788000000-7fa788326000 rw-p 00000000 00:00 0 
7fa788326000-7fa78c000000 ---p 00000000 00:00 0 
7fa78c000000-7fa78c021000 rw-p 00000000 00:00 0 
7fa78c021000-7fa790000000 ---p 00000000 00:00 0 
7fa790000000-7fa790021000 rw-p 00000000 00:00 0 
7fa790021000-7fa794000000 ---p 00000000 00:00 0 
7fa794000000-7fa794021000 rw-p 00000000 00:00 0 
7fa794021000-7fa798000000 ---p 00000000 00:00 0 
7fa798000000-7fa798021000 rw-p 00000000 00:00 0 
7fa798021000-7fa79c000000 ---p 00000000 00:00 0 
7fa79c000000-7fa79c021000 rw-p 00000000 00:00 0 
7fa79c021000-7fa7a0000000 ---p 00000000 00:00 0 
7fa7a0000000-7fa7a0021000 rw-p 00000000 00:00 0 
7fa7a0021000-7fa7a4000000 ---p 00000000 00:00 0 
7fa7a4000000-7fa7a4021000 rw-p 00000000 00:00 0 
7fa7a4021000-7fa7a8000000 ---p 00000000 00:00 0 
7fa7a8000000-7fa7a8021000 rw-p 00000000 00:00 0 
7fa7a8021000-7fa7ac000000 ---p 00000000 00:00 0 
7fa7ac000000-7fa7ac021000 rw-p 00000000 00:00 0 
7fa7ac021000-7fa7b0000000 ---p 00000000 00:00 0 
7fa7b0024000-7fa7b0028000 ---p 00000000 00:00 0 
7fa7b0028000-7fa7b0125000 rw-p 00000000 00:00 0 
7fa7b0125000-7fa7b0129000 ---p 00000000 00:00 0 
7fa7b0129000-7fa7b0226000 rw-p 00000000 00:00 0 
7fa7b0226000-7fa7b022a000 ---p 00000000 00:00 0 
7fa7b022a000-7fa7b0327000 rw-p 00000000 00:00 0 
7fa7b0327000-7fa7b032b000 ---p 00000000 00:00 0 
7fa7b032b000-7fa7b0428000 rw-p 00000000 00:00 0 
7fa7b0428000-7fa7b0df7000 r--p 00000000 08:01 10230401                   /usr/lib/locale/locale-archive
7fa7b0df7000-7fa7b0dfb000 ---p 00000000 00:00 0 
7fa7b0dfb000-7fa7b0ef8000 rw-p 00000000 00:00 0 
7fa7b0ef8000-7fa7b0efc000 ---p 00000000 00:00 0 
7fa7b0efc000-7fa7b0ff9000 rw-p 00000000 00:00 0 
7fa7b0ff9000-7fa7b0ffa000 ---p 00000000 00:00 0 
7fa7b0ffa000-7fa7b18fb000 rw-p 00000000 00:00 0 
7fa7b18fb000-7fa7b18fc000 ---p 00000000 00:00 0 
7fa7b18fc000-7fa7b19fd000 rw-p 00000000 00:00 0 
7fa7b19fd000-7fa7b19fe000 ---p 00000000 00:00 0 
7fa7b19fe000-7fa7b3d40000 rw-p 00000000 00:00 0 
7fa7b3d40000-7fa7b5000000 ---p 00000000 00:00 0 
7fa7b5000000-7fa7b5270000 rwxp 00000000 00:00 0 
7fa7b5270000-7fa7b5590000 ---p 00000000 00:00 0 
7fa7b5590000-7fa7b5800000 rwxp 00000000 00:00 0 
7fa7b5800000-7fa7bcac8000 ---p 00000000 00:00 0 
7fa7bcac8000-7fa7bcd38000 rwxp 00000000 00:00 0 
7fa7bcd38000-7fa7c4000000 ---p 00000000 00:00 0 
7fa7c4000000-7fa7c4382000 rw-p 00000000 00:00 0 
7fa7c4382000-7fa7c8000000 ---p 00000000 00:00 0 
7fa7c800a000-7fa7c83e9000 rw-p 00000000 00:00 0 
7fa7c83e9000-7fa7c83ea000 ---p 00000000 00:00 0 
7fa7c83ea000-7fa7c84eb000 rw-p 00000000 00:00 0 
7fa7c84eb000-7fa7c84ec000 ---p 00000000 00:00 0 
7fa7c84ec000-7fa7c85ed000 rw-p 00000000 00:00 0 
7fa7c85ed000-7fa7c85ee000 ---p 00000000 00:00 0 
7fa7c85ee000-7fa7c882f000 rw-p 00000000 00:00 0 
7fa7c882f000-7fa7c9aef000 ---p 00000000 00:00 0 
7fa7c9aef000-7fa7c9b17000 rw-p 00000000 00:00 0 
7fa7c9b17000-7fa7c9d6f000 ---p 00000000 00:00 0 
7fa7c9d6f000-7fa7c9d97000 rw-p 00000000 00:00 0 
7fa7c9d97000-7fa7c9fef000 ---p 00000000 00:00 0 
7fa7c9fef000-7fa7ca017000 rw-p 00000000 00:00 0 
7fa7ca017000-7fa7ca26f000 ---p 00000000 00:00 0 
7fa7ca26f000-7fa7ca678000 rw-p 00000000 00:00 0 
7fa7ca678000-7fa7ca75e000 ---p 00000000 00:00 0 
7fa7ca75e000-7fa7ca763000 rw-p 00000000 00:00 0 
7fa7ca763000-7fa7ca849000 ---p 00000000 00:00 0 
7fa7ca849000-7fa7ca864000 r-xp 00000000 08:01 2636433                    /home/dmitry/Downloads/LOOM/loom/build/linux-x86_64-server-release/jdk/lib/libjimage.so
7fa7ca864000-7fa7caa63000 ---p 0001b000 08:01 2636433                    /home/dmitry/Downloads/LOOM/loom/build/linux-x86_64-server-release/jdk/lib/libjimage.so
7fa7caa63000-7fa7caa65000 r--p 0001a000 08:01 2636433                    /home/dmitry/Downloads/LOOM/loom/build/linux-x86_64-server-release/jdk/lib/libjimage.so
7fa7caa65000-7fa7caa66000 rw-p 0001c000 08:01 2636433                    /home/dmitry/Downloads/LOOM/loom/build/linux-x86_64-server-release/jdk/lib/libjimage.so
7fa7caa66000-7fa7caa6d000 r-xp 00000000 08:01 2636428                    /home/dmitry/Downloads/LOOM/loom/build/linux-x86_64-server-release/jdk/lib/libzip.so
7fa7caa6d000-7fa7cac6c000 ---p 00007000 08:01 2636428                    /home/dmitry/Downloads/LOOM/loom/build/linux-x86_64-server-release/jdk/lib/libzip.so
7fa7cac6c000-7fa7cac6d000 r--p 00006000 08:01 2636428                    /home/dmitry/Downloads/LOOM/loom/build/linux-x86_64-server-release/jdk/lib/libzip.so
7fa7cac6d000-7fa7cac6e000 rw-p 00007000 08:01 2636428                    /home/dmitry/Downloads/LOOM/loom/build/linux-x86_64-server-release/jdk/lib/libzip.so
7fa7cac6e000-7fa7cac79000 r-xp 00000000 08:01 1184572                    /lib/x86_64-linux-gnu/libnss_files-2.27.so
7fa7cac79000-7fa7cae78000 ---p 0000b000 08:01 1184572                    /lib/x86_64-linux-gnu/libnss_files-2.27.so
7fa7cae78000-7fa7cae79000 r--p 0000a000 08:01 1184572                    /lib/x86_64-linux-gnu/libnss_files-2.27.so
7fa7cae79000-7fa7cae7a000 rw-p 0000b000 08:01 1184572                    /lib/x86_64-linux-gnu/libnss_files-2.27.so
7fa7cae7a000-7fa7cae80000 rw-p 00000000 00:00 0 
7fa7cae80000-7fa7cae97000 r-xp 00000000 08:01 1184566                    /lib/x86_64-linux-gnu/libnsl-2.27.so
7fa7cae97000-7fa7cb096000 ---p 00017000 08:01 1184566                    /lib/x86_64-linux-gnu/libnsl-2.27.so
7fa7cb096000-7fa7cb097000 r--p 00016000 08:01 1184566                    /lib/x86_64-linux-gnu/libnsl-2.27.so
7fa7cb097000-7fa7cb098000 rw-p 00017000 08:01 1184566                    /lib/x86_64-linux-gnu/libnsl-2.27.so
7fa7cb098000-7fa7cb09a000 rw-p 00000000 00:00 0 
7fa7cb09a000-7fa7cb0a5000 r-xp 00000000 08:01 1184583                    /lib/x86_64-linux-gnu/libnss_nis-2.27.so
7fa7cb0a5000-7fa7cb2a4000 ---p 0000b000 08:01 1184583                    /lib/x86_64-linux-gnu/libnss_nis-2.27.so
7fa7cb2a4000-7fa7cb2a5000 r--p 0000a000 08:01 1184583                    /lib/x86_64-linux-gnu/libnss_nis-2.27.so
7fa7cb2a5000-7fa7cb2a6000 rw-p 0000b000 08:01 1184583                    /lib/x86_64-linux-gnu/libnss_nis-2.27.so
7fa7cb2a6000-7fa7cb2ae000 r-xp 00000000 08:01 1184568                    /lib/x86_64-linux-gnu/libnss_compat-2.27.so
7fa7cb2ae000-7fa7cb4ae000 ---p 00008000 08:01 1184568                    /lib/x86_64-linux-gnu/libnss_compat-2.27.so
7fa7cb4ae000-7fa7cb4af000 r--p 00008000 08:01 1184568                    /lib/x86_64-linux-gnu/libnss_compat-2.27.so
7fa7cb4af000-7fa7cb4b0000 rw-p 00009000 08:01 1184568                    /lib/x86_64-linux-gnu/libnss_compat-2.27.so
7fa7cb4b0000-7fa7cb4d9000 r-xp 00000000 08:01 2636427                    /home/dmitry/Downloads/LOOM/loom/build/linux-x86_64-server-release/jdk/lib/libjava.so
7fa7cb4d9000-7fa7cb6d8000 ---p 00029000 08:01 2636427                    /home/dmitry/Downloads/LOOM/loom/build/linux-x86_64-server-release/jdk/lib/libjava.so
7fa7cb6d8000-7fa7cb6d9000 r--p 00028000 08:01 2636427                    /home/dmitry/Downloads/LOOM/loom/build/linux-x86_64-server-release/jdk/lib/libjava.so
7fa7cb6d9000-7fa7cb6db000 rw-p 00029000 08:01 2636427                    /home/dmitry/Downloads/LOOM/loom/build/linux-x86_64-server-release/jdk/lib/libjava.so
7fa7cb6db000-7fa7cb6e8000 r-xp 00000000 08:01 2636419                    /home/dmitry/Downloads/LOOM/loom/build/linux-x86_64-server-release/jdk/lib/libverify.so
7fa7cb6e8000-7fa7cb8e7000 ---p 0000d000 08:01 2636419                    /home/dmitry/Downloads/LOOM/loom/build/linux-x86_64-server-release/jdk/lib/libverify.so
7fa7cb8e7000-7fa7cb8e9000 r--p 0000c000 08:01 2636419                    /home/dmitry/Downloads/LOOM/loom/build/linux-x86_64-server-release/jdk/lib/libverify.so
7fa7cb8e9000-7fa7cb8ea000 rw-p 0000e000 08:01 2636419                    /home/dmitry/Downloads/LOOM/loom/build/linux-x86_64-server-release/jdk/lib/libverify.so
7fa7cb8ea000-7fa7cba87000 r-xp 00000000 08:01 1184545                    /lib/x86_64-linux-gnu/libm-2.27.so
7fa7cba87000-7fa7cbc86000 ---p 0019d000 08:01 1184545                    /lib/x86_64-linux-gnu/libm-2.27.so
7fa7cbc86000-7fa7cbc87000 r--p 0019c000 08:01 1184545                    /lib/x86_64-linux-gnu/libm-2.27.so
7fa7cbc87000-7fa7cbc88000 rw-p 0019d000 08:01 1184545                    /lib/x86_64-linux-gnu/libm-2.27.so
7fa7cbc88000-7fa7ccfb4000 r-xp 00000000 08:01 2636416                    /home/dmitry/Downloads/LOOM/loom/build/linux-x86_64-server-release/jdk/lib/server/libjvm.so
7fa7ccfb4000-7fa7cd1b3000 ---p 0132c000 08:01 2636416                    /home/dmitry/Downloads/LOOM/loom/build/linux-x86_64-server-release/jdk/lib/server/libjvm.so
7fa7cd1b3000-7fa7cd27b000 r--p 0132b000 08:01 2636416                    /home/dmitry/Downloads/LOOM/loom/build/linux-x86_64-server-release/jdk/lib/server/libjvm.so
7fa7cd27b000-7fa7cd2b6000 rw-p 013f3000 08:01 2636416                    /home/dmitry/Downloads/LOOM/loom/build/linux-x86_64-server-release/jdk/lib/server/libjvm.so
7fa7cd2b6000-7fa7cd33c000 rw-p 00000000 00:00 0 
7fa7cd33c000-7fa7cd356000 r-xp 00000000 08:01 1184615                    /lib/x86_64-linux-gnu/libpthread-2.27.so
7fa7cd356000-7fa7cd555000 ---p 0001a000 08:01 1184615                    /lib/x86_64-linux-gnu/libpthread-2.27.so
7fa7cd555000-7fa7cd556000 r--p 00019000 08:01 1184615                    /lib/x86_64-linux-gnu/libpthread-2.27.so
7fa7cd556000-7fa7cd557000 rw-p 0001a000 08:01 1184615                    /lib/x86_64-linux-gnu/libpthread-2.27.so
7fa7cd557000-7fa7cd55b000 rw-p 00000000 00:00 0 
7fa7cd55b000-7fa7cd55e000 r-xp 00000000 08:01 1184505                    /lib/x86_64-linux-gnu/libdl-2.27.so
7fa7cd55e000-7fa7cd75d000 ---p 00003000 08:01 1184505                    /lib/x86_64-linux-gnu/libdl-2.27.so
7fa7cd75d000-7fa7cd75e000 r--p 00002000 08:01 1184505                    /lib/x86_64-linux-gnu/libdl-2.27.so
7fa7cd75e000-7fa7cd75f000 rw-p 00003000 08:01 1184505                    /lib/x86_64-linux-gnu/libdl-2.27.so
7fa7cd75f000-7fa7cd77b000 r-xp 00000000 08:01 1184654                    /lib/x86_64-linux-gnu/libz.so.1.2.11
7fa7cd77b000-7fa7cd97a000 ---p 0001c000 08:01 1184654                    /lib/x86_64-linux-gnu/libz.so.1.2.11
7fa7cd97a000-7fa7cd97b000 r--p 0001b000 08:01 1184654                    /lib/x86_64-linux-gnu/libz.so.1.2.11
7fa7cd97b000-7fa7cd97c000 rw-p 0001c000 08:01 1184654                    /lib/x86_64-linux-gnu/libz.so.1.2.11
7fa7cd97c000-7fa7cdb63000 r-xp 00000000 08:01 1184482                    /lib/x86_64-linux-gnu/libc-2.27.so
7fa7cdb63000-7fa7cdd63000 ---p 001e7000 08:01 1184482                    /lib/x86_64-linux-gnu/libc-2.27.so
7fa7cdd63000-7fa7cdd67000 r--p 001e7000 08:01 1184482                    /lib/x86_64-linux-gnu/libc-2.27.so
7fa7cdd67000-7fa7cdd69000 rw-p 001eb000 08:01 1184482                    /lib/x86_64-linux-gnu/libc-2.27.so
7fa7cdd69000-7fa7cdd6d000 rw-p 00000000 00:00 0 
7fa7cdd6d000-7fa7cdd7d000 r-xp 00000000 08:01 2636421                    /home/dmitry/Downloads/LOOM/loom/build/linux-x86_64-server-release/jdk/lib/libjli.so
7fa7cdd7d000-7fa7cdf7c000 ---p 00010000 08:01 2636421                    /home/dmitry/Downloads/LOOM/loom/build/linux-x86_64-server-release/jdk/lib/libjli.so
7fa7cdf7c000-7fa7cdf7d000 r--p 0000f000 08:01 2636421                    /home/dmitry/Downloads/LOOM/loom/build/linux-x86_64-server-release/jdk/lib/libjli.so
7fa7cdf7d000-7fa7cdf7e000 rw-p 00010000 08:01 2636421                    /home/dmitry/Downloads/LOOM/loom/build/linux-x86_64-server-release/jdk/lib/libjli.so
7fa7cdf7e000-7fa7cdfa5000 r-xp 00000000 08:01 1184454                    /lib/x86_64-linux-gnu/ld-2.27.so
7fa7cdfd2000-7fa7ce085000 rw-p 00000000 00:00 0 
7fa7ce085000-7fa7ce08c000 ---p 00000000 00:00 0 
7fa7ce08c000-7fa7ce090000 ---p 00000000 00:00 0 
7fa7ce090000-7fa7ce18f000 rw-p 00000000 00:00 0 
7fa7ce198000-7fa7ce1a0000 rw-s 00000000 08:01 786459                     /tmp/hsperfdata_dmitry/5045
7fa7ce1a0000-7fa7ce1a1000 ---p 00000000 00:00 0 
7fa7ce1a1000-7fa7ce1a2000 r--p 00000000 00:00 0 
7fa7ce1a2000-7fa7ce1a3000 ---p 00000000 00:00 0 
7fa7ce1a3000-7fa7ce1a5000 rw-p 00000000 00:00 0 
7fa7ce1a5000-7fa7ce1a6000 r--p 00027000 08:01 1184454                    /lib/x86_64-linux-gnu/ld-2.27.so
7fa7ce1a6000-7fa7ce1a7000 rw-p 00028000 08:01 1184454                    /lib/x86_64-linux-gnu/ld-2.27.so
7fa7ce1a7000-7fa7ce1a8000 rw-p 00000000 00:00 0 
7ffd9658c000-7ffd965af000 rw-p 00000000 00:00 0                          [stack]
7ffd965be000-7ffd965c1000 r--p 00000000 00:00 0                          [vvar]
7ffd965c1000-7ffd965c3000 r-xp 00000000 00:00 0                          [vdso]
ffffffffff600000-ffffffffff601000 r-xp 00000000 00:00 0                  [vsyscall]


VM Arguments:
jvm_args: -Didea.launcher.port=16441 -Didea.launcher.bin.path=/home/dmitry/Downloads/idea-IC-183.5912.21/bin -Dfile.encoding=UTF-8 
java_command: com.intellij.rt.execution.application.AppMainV2 NewMain
java_class_path (initial): /home/dmitry/Downloads/LOOM/loom/build/linux-x86_64-server-release/jdk/modules/java.base:/home/dmitry/Downloads/LOOM/loom/build/linux-x86_64-server-release/jdk/modules/java.compiler:/home/dmitry/Downloads/LOOM/loom/build/linux-x86_64-server-release/jdk/modules/java.datatransfer:/home/dmitry/Downloads/LOOM/loom/build/linux-x86_64-server-release/jdk/modules/java.desktop:/home/dmitry/Downloads/LOOM/loom/build/linux-x86_64-server-release/jdk/modules/java.instrument:/home/dmitry/Downloads/LOOM/loom/build/linux-x86_64-server-release/jdk/modules/java.logging:/home/dmitry/Downloads/LOOM/loom/build/linux-x86_64-server-release/jdk/modules/java.management:/home/dmitry/Downloads/LOOM/loom/build/linux-x86_64-server-release/jdk/modules/java.management.rmi:/home/dmitry/Downloads/LOOM/loom/build/linux-x86_64-server-release/jdk/modules/java.naming:/home/dmitry/Downloads/LOOM/loom/build/linux-x86_64-server-release/jdk/modules/java.net.http:/home/dmitry/Downloads/LOOM/loom/build/linux-x86_64-server-release/jdk/modules/java.prefs:/home/dmitry/Downloads/LOOM/loom/build/linux-x86_64-server-release/jdk/modules/java.rmi:/home/dmitry/Downloads/LOOM/loom/build/linux-x86_64-server-release/jdk/modules/java.scripting:/home/dmitry/Downloads/LOOM/loom/build/linux-x86_64-server-release/jdk/modules/java.se:/home/dmitry/Downloads/LOOM/loom/build/linux-x86_64-server-release/jdk/modules/java.security.jgss:/home/dmitry/Downloads/LOOM/loom/build/linux-x86_64-server-release/jdk/modules/java.security.sasl:/home/dmitry/Downloads/LOOM/loom/build/linux-x86_64-server-release/jdk/modules/java.smartcardio:/home/dmitry/Downloads/LOOM/loom/build/linux-x86_64-server-release/jdk/modules/java.sql:/home/dmitry/Downloads/LOOM/loom/build/linux-x86_64-server-release/jdk/modules/java.sql.rowset:/home/dmitry/Downloads/LOOM/loom/build/linux-x86_64-server-release/jdk/modules/java.transaction.xa:/home/dmitry/Downloads/LOOM/loom/build/linux-x86_64-server-release/jdk/modules/java.xml:/home/dmitry/D
Launcher Type: SUN_STANDARD

[Global flags]
     intx CICompilerCount                          = 3                                         {product} {ergonomic}
     uint ConcGCThreads                            = 1                                         {product} {ergonomic}
     uint G1ConcRefinementThreads                  = 4                                         {product} {ergonomic}
   size_t G1HeapRegionSize                         = 1048576                                   {product} {ergonomic}
    uintx GCDrainStackTargetSize                   = 64                                        {product} {ergonomic}
   size_t InitialHeapSize                          = 83886080                                  {product} {ergonomic}
   size_t MarkStackSize                            = 4194304                                   {product} {ergonomic}
   size_t MaxHeapSize                              = 1342177280                                {product} {ergonomic}
   size_t MaxNewSize                               = 805306368                                 {product} {ergonomic}
   size_t MinHeapDeltaBytes                        = 1048576                                   {product} {ergonomic}
    uintx NonNMethodCodeHeapSize                   = 5830732                                {pd product} {ergonomic}
    uintx NonProfiledCodeHeapSize                  = 122913754                              {pd product} {ergonomic}
    uintx ProfiledCodeHeapSize                     = 122913754                              {pd product} {ergonomic}
    uintx ReservedCodeCacheSize                    = 251658240                              {pd product} {ergonomic}
     bool SegmentedCodeCache                       = true                                      {product} {ergonomic}
     bool UseCompressedClassPointers               = true                                 {lp64_product} {ergonomic}
     bool UseCompressedOops                        = true                                 {lp64_product} {ergonomic}
     bool UseG1GC                                  = true                                      {product} {ergonomic}

Logging:
Log output configuration:
 #0: stdout all=warning uptime,level,tags
 #1: stderr all=off uptime,level,tags

Environment Variables:
JAVA_HOME=/home/dmitry/usr/local/java/jdk1.8.0
PATH=/bin:/bin:/usr/local/sbin:/usr/local/bin:/usr/sbin:/usr/bin:/sbin:/bin:/usr/games:/usr/local/games:/snap/bin
USERNAME=dmitry
SHELL=/bin/bash
DISPLAY=:0

Signal Handlers:
SIGSEGV: [libjvm.so+0xfe39c0], sa_mask[0]=11111111011111111101111111111110, sa_flags=SA_RESTART|SA_SIGINFO
SIGBUS: [libjvm.so+0xfe39c0], sa_mask[0]=11111111011111111101111111111110, sa_flags=SA_RESTART|SA_SIGINFO
SIGFPE: [libjvm.so+0xfe39c0], sa_mask[0]=11111111011111111101111111111110, sa_flags=SA_RESTART|SA_SIGINFO
SIGPIPE: [libjvm.so+0xc81240], sa_mask[0]=11111111011111111101111111111110, sa_flags=SA_RESTART|SA_SIGINFO
SIGXFSZ: [libjvm.so+0xc81240], sa_mask[0]=11111111011111111101111111111110, sa_flags=SA_RESTART|SA_SIGINFO
SIGILL: [libjvm.so+0xfe39c0], sa_mask[0]=11111111011111111101111111111110, sa_flags=SA_RESTART|SA_SIGINFO
SIGUSR2: [libjvm.so+0xc810e0], sa_mask[0]=00100000000000000000000000000000, sa_flags=SA_RESTART|SA_SIGINFO
SIGHUP: [libjvm.so+0xc816e0], sa_mask[0]=11111111011111111101111111111110, sa_flags=SA_RESTART|SA_SIGINFO
SIGINT: [libjvm.so+0xc816e0], sa_mask[0]=11111111011111111101111111111110, sa_flags=SA_RESTART|SA_SIGINFO
SIGTERM: [libjvm.so+0xc816e0], sa_mask[0]=11111111011111111101111111111110, sa_flags=SA_RESTART|SA_SIGINFO
SIGQUIT: [libjvm.so+0xc816e0], sa_mask[0]=11111111011111111101111111111110, sa_flags=SA_RESTART|SA_SIGINFO


---------------  S Y S T E M  ---------------

OS:DISTRIB_ID=Ubuntu
DISTRIB_RELEASE=18.04
DISTRIB_CODENAME=bionic
DISTRIB_DESCRIPTION="Ubuntu 18.04.2 LTS"
uname:Linux 4.18.0-20-generic #21~18.04.1-Ubuntu SMP Wed May 8 08:43:37 UTC 2019 x86_64
libc:glibc 2.27 NPTL 2.27 
rlimit: STACK 8192k, CORE 0k, NPROC 20273, NOFILE 4096, AS infinity, DATA infinity, FSIZE infinity
load average:1,25 1,18 1,09

/proc/meminfo:
MemTotal:        5234980 kB
MemFree:          213708 kB
MemAvailable:    2264320 kB
Buffers:          404684 kB
Cached:          1869064 kB
SwapCached:            0 kB
Active:          3207364 kB
Inactive:        1377756 kB
Active(anon):    2298800 kB
Inactive(anon):   235272 kB
Active(file):     908564 kB
Inactive(file):  1142484 kB
Unevictable:          32 kB
Mlocked:              32 kB
SwapTotal:       2097148 kB
SwapFree:        2097148 kB
Dirty:              1932 kB
Writeback:             0 kB
AnonPages:       2311488 kB
Mapped:           442464 kB
Shmem:            222704 kB
Slab:             330720 kB
SReclaimable:     291028 kB
SUnreclaim:        39692 kB
KernelStack:        9872 kB
PageTables:        35488 kB
NFS_Unstable:          0 kB
Bounce:                0 kB
WritebackTmp:          0 kB
CommitLimit:     4714636 kB
Committed_AS:    5606672 kB
VmallocTotal:   34359738367 kB
VmallocUsed:           0 kB
VmallocChunk:          0 kB
HardwareCorrupted:     0 kB
AnonHugePages:         0 kB
ShmemHugePages:        0 kB
ShmemPmdMapped:        0 kB
CmaTotal:              0 kB
CmaFree:               0 kB
HugePages_Total:       0
HugePages_Free:        0
HugePages_Rsvd:        0
HugePages_Surp:        0
Hugepagesize:       2048 kB
Hugetlb:               0 kB
DirectMap4k:      135104 kB
DirectMap2M:     5275648 kB


/proc/sys/kernel/threads-max (system-wide limit on the number of threads):
40547


/proc/sys/vm/max_map_count (maximum number of memory map areas a process may have):
65530


/proc/sys/kernel/pid_max (system-wide limit on number of process identifiers):
32768



container (cgroup) information:
container_type: cgroupv1
cpu_cpuset_cpus: 0-3
cpu_memory_nodes: 0
active_processor_count: 4
cpu_quota: no quota
cpu_period: 100000
cpu_shares: no shares
memory_limit_in_bytes: unlimited
memory_and_swap_limit_in_bytes: not supported
memory_soft_limit_in_bytes: unlimited
memory_usage_in_bytes: 4695207936
memory_max_usage_in_bytes: unlimited

KVM virtualization detected
Steal ticks since vm start: 0
Steal ticks percentage since vm start:  0,000

CPU:total 4 (initial active 4) (4 cores per cpu, 1 threads per core) family 6 model 60 stepping 3, cmov, cx8, fxsr, mmx, sse, sse2, sse3, ssse3, sse4.1, sse4.2, popcnt, avx, avx2, aes, clmul, lzcnt, tsc, tscinvbit
CPU Model and flags from /proc/cpuinfo:
model name	: Intel(R) Core(TM) i7-4700HQ CPU @ 2.40GHz
flags		: fpu vme de pse tsc msr pae mce cx8 apic sep mtrr pge mca cmov pat pse36 clflush mmx fxsr sse sse2 ht syscall nx rdtscp lm constant_tsc rep_good nopl xtopology nonstop_tsc cpuid tsc_known_freq pni pclmulqdq ssse3 cx16 pcid sse4_1 sse4_2 x2apic movbe popcnt aes xsave avx rdrand hypervisor lahf_lm abm invpcid_single pti fsgsbase avx2 invpcid flush_l1d

Memory: 4k page, physical 5234980k(213708k free), swap 2097148k(2097148k free)

vm_info: OpenJDK 64-Bit Server VM (13-internal+0-adhoc.dmitry.loom) for linux-amd64 JRE (13-internal+0-adhoc.dmitry.loom), built on May 19 2019 23:59:50 by "dmitry" with gcc 7.4.0

END.
