#
# A fatal error has been detected by the Java Runtime Environment:
#
#  SIGSEGV (0xb) at pc=0x00007fadbb026b6a, pid=26164, tid=26165
#
# JRE version: OpenJDK Runtime Environment (13.0) (build 13-internal+0-adhoc.dmitry.loom)
# Java VM: OpenJDK 64-Bit Server VM (13-internal+0-adhoc.dmitry.loom, mixed mode, tiered, compressed oops, g1 gc, linux-amd64)
# Problematic frame:
# V  [libjvm.so+0x683b6a]  ContMirror::read()+0x1a
#
# Core dump will be written. Default location: Core dumps may be processed with "/usr/share/apport/apport %p %s %c %d %P" (or dumping to /home/dmitry/Downloads/LoadDetector/core.26164)
#
# If you would like to submit a bug report, please visit:
#   http://bugreport.java.com/bugreport/crash.jsp
#

---------------  S U M M A R Y ------------

Command Line: -Didea.launcher.port=25769 -Didea.launcher.bin.path=/home/dmitry/Downloads/idea-IC-183.5912.21/bin -Dfile.encoding=UTF-8 com.intellij.rt.execution.application.AppMainV2 Main

Host: Intel(R) Core(TM) i7-4700HQ CPU @ 2.40GHz, 4 cores, 4G, Ubuntu 18.04.2 LTS
Time: Sun May 19 17:46:46 2019 MSK elapsed time: 1 seconds (0d 0h 0m 1s)

---------------  T H R E A D  ---------------

Current thread (0x00007fadb4016800):  JavaThread "main" [_thread_in_vm, id=26165, stack(0x00007fadbcda4000,0x00007fadbcea5000)]

Stack: [0x00007fadbcda4000,0x00007fadbcea5000],  sp=0x00007fadbcea0aa0,  free space=1010k
Native frames: (J=compiled Java code, A=aot compiled Java code, j=interpreted, Vv=VM code, C=native code)
V  [libjvm.so+0x683b6a]  ContMirror::read()+0x1a
V  [libjvm.so+0x689217]  Continuation::freeze0(JavaThread*, FrameInfo*, bool) [clone .part.305]+0x507
V  [libjvm.so+0x689957]  Continuation::freeze(JavaThread*, FrameInfo*)+0x127
v  ~RuntimeStub::cont_doYield
C  0x00007fadbcea3170

Java frames: (J=compiled Java code, j=interpreted, Vv=VM code)
v  ~RuntimeStub::cont_doYield
j  java.lang.Continuation.yield0(Ljava/lang/ContinuationScope;Ljava/lang/Continuation;)Z+60 java.base
j  java.lang.Continuation.pause(Ljava/lang/ContinuationScope;)Z+3 java.base
j  Main.main([Ljava/lang/String;)V+84
v  ~StubRoutines::call_stub
j  jdk.internal.reflect.NativeMethodAccessorImpl.invoke0(Ljava/lang/reflect/Method;Ljava/lang/Object;[Ljava/lang/Object;)Ljava/lang/Object;+0 java.base
j  jdk.internal.reflect.NativeMethodAccessorImpl.invoke(Ljava/lang/Object;[Ljava/lang/Object;)Ljava/lang/Object;+100 java.base
j  jdk.internal.reflect.DelegatingMethodAccessorImpl.invoke(Ljava/lang/Object;[Ljava/lang/Object;)Ljava/lang/Object;+6 java.base
j  java.lang.reflect.Method.invoke(Ljava/lang/Object;[Ljava/lang/Object;)Ljava/lang/Object;+59 java.base
j  com.intellij.rt.execution.application.AppMainV2.main([Ljava/lang/String;)V+184
v  ~StubRoutines::call_stub

siginfo: si_signo: 11 (SIGSEGV), si_code: 1 (SEGV_MAPERR), si_addr: 0x0000000000000020

Register to memory mapping:

RAX=0x0000000000000020 is an unknown value
RBX=0x00007fadbcea1e40 is pointing into the stack for thread: 0x00007fadb4016800
RCX=0x00007fada5013c98 is pointing into interpreter code (not bytecode specific)
RDX=0x00007fadbc01eaf8: <offset 0x000000000167baf8> in /home/dmitry/Downloads/LOOM/loom/build/linux-x86_64-server-release/jdk/lib/server/libjvm.so at 0x00007fadba9a3000
RSP=0x00007fadbcea0aa0 is pointing into the stack for thread: 0x00007fadb4016800
RBP=0x00007fadbcea0ab0 is pointing into the stack for thread: 0x00007fadb4016800
RSI=0x00007fadbcea3120 is pointing into the stack for thread: 0x00007fadb4016800
RDI=0x0 is NULL
R8 =0x00007fada5000000 points into unknown readable memory: 04 00 00 00 00 00 00 00
R9 =0x000000000000000b is an unknown value
R10=0x0000000000000800 is an unknown value
R11=0x0000000000000400 is an unknown value
R12=0x00007fadb4017290 points into unknown readable memory: 00 00 00 00 00 00 00 00
R13=0x00007fadbcea1e40 is pointing into the stack for thread: 0x00007fadb4016800
R14=0x00007fadbcea30f8 is pointing into the stack for thread: 0x00007fadb4016800
R15=0x00007fadb4017250 points into unknown readable memory: 02 00 00 00 00 00 00 00


Registers:
RAX=0x0000000000000020, RBX=0x00007fadbcea1e40, RCX=0x00007fada5013c98, RDX=0x00007fadbc01eaf8
RSP=0x00007fadbcea0aa0, RBP=0x00007fadbcea0ab0, RSI=0x00007fadbcea3120, RDI=0x0000000000000000
R8 =0x00007fada5000000, R9 =0x000000000000000b, R10=0x0000000000000800, R11=0x0000000000000400
R12=0x00007fadb4017290, R13=0x00007fadbcea1e40, R14=0x00007fadbcea30f8, R15=0x00007fadb4017250
RIP=0x00007fadbb026b6a, EFLAGS=0x0000000000010206, CSGSFS=0x002b000000000033, ERR=0x0000000000000004
  TRAPNO=0x000000000000000e

Top of Stack: (sp=0x00007fadbcea0aa0)
0x00007fadbcea0aa0:   00007fada50169b0 00007fadb4016800
0x00007fadbcea0ab0:   00007fadbcea30b0 00007fadbb02c217
0x00007fadbcea0ac0:   00007fadb4016800 00007fadbcea0bc0
0x00007fadbcea0ad0:   0000000000000000 00007fadbc01c1c0 

Instructions: (pc=0x00007fadbb026b6a)
0x00007fadbb026a6a:   08 48 63 00 89 0c 02 48 8d 05 1c b8 fd 00 48 8b
0x00007fadbb026a7a:   4b 30 48 8b 53 08 48 63 00 48 89 0c 02 48 8d 05
0x00007fadbb026a8a:   fe b7 fd 00 48 8b 53 08 48 8b 4b 38 48 63 00 48
0x00007fadbb026a9a:   89 0c 02 48 8d 05 e4 b7 fd 00 8b 4b 60 48 8b 53
0x00007fadbb026aaa:   08 48 63 00 89 0c 02 48 8d 05 e8 b7 fd 00 48 8b
0x00007fadbb026aba:   53 08 48 8b 4b 10 48 63 00 48 89 0c 02 48 8d 05
0x00007fadbb026aca:   ce b7 fd 00 48 8b 4b 18 48 8b 53 08 48 63 00 48
0x00007fadbb026ada:   89 0c 02 48 8d 05 b4 b7 fd 00 48 63 00 48 8b 53
0x00007fadbb026aea:   08 48 8b 4b 20 48 89 0c 02 48 8d 05 be b7 fd 00
0x00007fadbb026afa:   48 8b 53 08 48 8b 4b 58 48 63 00 89 0c 02 48 8d
0x00007fadbb026b0a:   05 71 b7 fd 00 0f b6 4b 70 48 8b 53 08 48 63 00
0x00007fadbb026b1a:   88 0c 02 48 8d 05 90 b7 fd 00 0f b7 4b 74 48 8b
0x00007fadbb026b2a:   53 08 48 63 00 66 89 0c 02 48 8d 05 76 b7 fd 00
0x00007fadbb026b3a:   0f b7 4b 72 48 8b 53 08 48 63 00 66 89 0c 02 48
0x00007fadbb026b4a:   83 c4 08 5b 5d c3 55 48 89 e5 53 48 89 fb 48 83
0x00007fadbb026b5a:   ec 08 48 8d 05 3d b7 fd 00 48 8b 7f 08 48 63 00
0x00007fadbb026b6a:   48 8b 04 38 48 89 43 10 48 8d 05 23 b7 fd 00 48
0x00007fadbb026b7a:   63 00 48 8b 04 38 48 89 43 18 48 8d 05 0d b7 fd
0x00007fadbb026b8a:   00 48 63 00 48 8b 04 38 48 89 43 20 48 8d 05 f3
0x00007fadbb026b9a:   b6 fd 00 48 63 00 8b 04 38 89 43 28 48 8d 05 e7
0x00007fadbb026baa:   b6 fd 00 48 63 00 48 8b 04 38 48 89 43 30 48 8d
0x00007fadbb026bba:   05 cd b6 fd 00 48 63 00 48 8b 04 38 48 89 43 38
0x00007fadbb026bca:   48 8d 05 eb b6 fd 00 48 63 30 ff 15 66 14 f7 00
0x00007fadbb026bda:   48 85 c0 48 89 43 40 0f 84 b9 01 00 00 48 8d 15
0x00007fadbb026bea:   ae 9b fd 00 80 3a 01 48 19 c9 83 e1 04 80 3a 01
0x00007fadbb026bfa:   8b 4c 08 0c 48 19 d2 89 4b 48 83 e2 08 48 8d 44
0x00007fadbb026c0a:   10 10 48 89 43 50 48 8d 05 a1 b6 fd 00 48 8b 7b
0x00007fadbb026c1a:   08 48 63 00 48 63 04 07 48 89 43 58 48 8d 05 7f
0x00007fadbb026c2a:   b6 fd 00 48 63 30 ff 15 0a 14 f7 00 48 8d 15 4b
0x00007fadbb026c3a:   b6 fd 00 48 89 43 68 48 8b 43 08 48 83 3d a3 80
0x00007fadbb026c4a:   fb 00 00 48 63 12 8b 14 02 89 53 60 48 8d 15 23
0x00007fadbb026c5a:   b6 fd 00 48 63 12 0f b6 14 02 88 53 70 48 8d 15 


Stack slot to memory mapping:
stack at sp + 0 slots: 0x00007fada50169b0 is at code_begin+1584 in an Interpreter codelet
invoke return entry points  [0x00007fada5016380, 0x00007fada5017540]  4544 bytes
stack at sp + 1 slots: 0x00007fadb4016800 is a thread
stack at sp + 2 slots: 0x00007fadbcea30b0 is pointing into the stack for thread: 0x00007fadb4016800
stack at sp + 3 slots: 0x00007fadbb02c217: <offset 0x0000000000689217> in /home/dmitry/Downloads/LOOM/loom/build/linux-x86_64-server-release/jdk/lib/server/libjvm.so at 0x00007fadba9a3000
stack at sp + 4 slots: 0x00007fadb4016800 is a thread
stack at sp + 5 slots: 0x00007fadbcea0bc0 is pointing into the stack for thread: 0x00007fadb4016800
stack at sp + 6 slots: 0x0 is NULL
stack at sp + 7 slots: 0x00007fadbc01c1c0: <offset 0x00000000016791c0> in /home/dmitry/Downloads/LOOM/loom/build/linux-x86_64-server-release/jdk/lib/server/libjvm.so at 0x00007fadba9a3000


---------------  P R O C E S S  ---------------

Threads class SMR info:
_java_thread_list=0x00007fadb4286880, length=11, elements={
0x00007fadb4016800, 0x00007fadb4138800, 0x00007fadb413b800, 0x00007fadb415d800,
0x00007fadb4162800, 0x00007fadb4164800, 0x00007fadb4166000, 0x00007fadb4187000,
0x00007fadb4261000, 0x00007fad74001000, 0x00007fadb427c000
}

Java Threads: ( => current thread )
=>0x00007fadb4016800 JavaThread "main" [_thread_in_vm, id=26165, stack(0x00007fadbcda4000,0x00007fadbcea5000)]
  0x00007fadb4138800 JavaThread "Reference Handler" daemon [_thread_blocked, id=26172, stack(0x00007fada03f9000,0x00007fada04fa000)]
  0x00007fadb413b800 JavaThread "Finalizer" daemon [_thread_blocked, id=26173, stack(0x00007fada02f8000,0x00007fada03f9000)]
  0x00007fadb415d800 JavaThread "Signal Dispatcher" daemon [_thread_blocked, id=26174, stack(0x00007fada01f7000,0x00007fada02f8000)]
  0x00007fadb4162800 JavaThread "C2 CompilerThread0" daemon [_thread_blocked, id=26175, stack(0x00007fada00f6000,0x00007fada01f7000)]
  0x00007fadb4164800 JavaThread "C1 CompilerThread0" daemon [_thread_in_native, id=26176, stack(0x00007fad8ad30000,0x00007fad8ae31000)]
  0x00007fadb4166000 JavaThread "Sweeper thread" daemon [_thread_blocked, id=26177, stack(0x00007fad8ac2f000,0x00007fad8ad30000)]
  0x00007fadb4187000 JavaThread "Common-Cleaner" daemon [_thread_blocked, id=26178, stack(0x00007fad8a704000,0x00007fad8a805000)]
  0x00007fadb4261000 JavaThread "Service Thread" daemon [_thread_blocked, id=26181, stack(0x00007fad8a603000,0x00007fad8a704000)]
  0x00007fad74001000 JavaThread "Attach Listener" daemon [_thread_in_Java, id=26183, stack(0x00007fad8a400000,0x00007fad8a501000)]
  0x00007fadb427c000 JavaThread "Monitor Ctrl-Break" daemon [_thread_in_native, id=26184, stack(0x00007fad8a2ff000,0x00007fad8a400000)]

Other Threads:
  0x00007fadb412c800 VMThread "VM Thread" [stack: 0x00007fada04fc000,0x00007fada05fc000] [id=26171]
  0x00007fadb426b800 WatcherThread [stack: 0x00007fad8a503000,0x00007fad8a603000] [id=26182]
  0x00007fadb405a800 GCTaskThread "GC Thread#0" [stack: 0x00007fadb870a000,0x00007fadb880a000] [id=26166]
  0x00007fadb4064000 ConcurrentGCThread "G1 Main Marker" [stack: 0x00007fadb8608000,0x00007fadb8708000] [id=26167]
  0x00007fadb4066000 ConcurrentGCThread "G1 Conc#0" [stack: 0x00007fadb8506000,0x00007fadb8606000] [id=26168]
  0x00007fadb40ba000 ConcurrentGCThread "G1 Refine#0" [stack: 0x00007fada0700000,0x00007fada0800000] [id=26169]
  0x00007fadb40bc000 ConcurrentGCThread "G1 Young RemSet Sampling" [stack: 0x00007fada05fe000,0x00007fada06fe000] [id=26170]

Threads with active compile tasks:
C1 CompilerThread0     1968  538       3       java.net.URLStreamHandler::parseURL (1201 bytes)

VM state:not at safepoint (normal execution)

VM Mutex/Monitor currently owned by a thread: None

Heap address: 0x00000000b0000000, size: 1280 MB, Compressed Oops mode: 32-bit
Narrow klass base: 0x0000000000000000, Narrow klass shift: 3
Compressed class space size: 1073741824 Address: 0x0000000100000000

Heap:
 garbage-first heap   total 81920K, used 8192K [0x00000000b0000000, 0x0000000100000000)
  region size 1024K, 9 young (9216K), 0 survivors (0K)
 Metaspace       used 8358K, capacity 8526K, committed 8832K, reserved 1056768K
  class space    used 757K, capacity 829K, committed 896K, reserved 1048576K
Heap Regions: E=young(eden), S=young(survivor), O=old, HS=humongous(starts), HC=humongous(continues), CS=collection set, F=free, A=archive, TAMS=top-at-mark-start (previous, next)
|   0|0x00000000b0000000, 0x00000000b0000000, 0x00000000b0100000|  0%| F|  |TAMS 0x00000000b0000000, 0x00000000b0000000| Untracked 
|   1|0x00000000b0100000, 0x00000000b0100000, 0x00000000b0200000|  0%| F|  |TAMS 0x00000000b0100000, 0x00000000b0100000| Untracked 
|   2|0x00000000b0200000, 0x00000000b0200000, 0x00000000b0300000|  0%| F|  |TAMS 0x00000000b0200000, 0x00000000b0200000| Untracked 
|   3|0x00000000b0300000, 0x00000000b0300000, 0x00000000b0400000|  0%| F|  |TAMS 0x00000000b0300000, 0x00000000b0300000| Untracked 
|   4|0x00000000b0400000, 0x00000000b0400000, 0x00000000b0500000|  0%| F|  |TAMS 0x00000000b0400000, 0x00000000b0400000| Untracked 
|   5|0x00000000b0500000, 0x00000000b0500000, 0x00000000b0600000|  0%| F|  |TAMS 0x00000000b0500000, 0x00000000b0500000| Untracked 
|   6|0x00000000b0600000, 0x00000000b0600000, 0x00000000b0700000|  0%| F|  |TAMS 0x00000000b0600000, 0x00000000b0600000| Untracked 
|   7|0x00000000b0700000, 0x00000000b0700000, 0x00000000b0800000|  0%| F|  |TAMS 0x00000000b0700000, 0x00000000b0700000| Untracked 
|   8|0x00000000b0800000, 0x00000000b0800000, 0x00000000b0900000|  0%| F|  |TAMS 0x00000000b0800000, 0x00000000b0800000| Untracked 
|   9|0x00000000b0900000, 0x00000000b0900000, 0x00000000b0a00000|  0%| F|  |TAMS 0x00000000b0900000, 0x00000000b0900000| Untracked 
|  10|0x00000000b0a00000, 0x00000000b0a00000, 0x00000000b0b00000|  0%| F|  |TAMS 0x00000000b0a00000, 0x00000000b0a00000| Untracked 
|  11|0x00000000b0b00000, 0x00000000b0b00000, 0x00000000b0c00000|  0%| F|  |TAMS 0x00000000b0b00000, 0x00000000b0b00000| Untracked 
|  12|0x00000000b0c00000, 0x00000000b0c00000, 0x00000000b0d00000|  0%| F|  |TAMS 0x00000000b0c00000, 0x00000000b0c00000| Untracked 
|  13|0x00000000b0d00000, 0x00000000b0d00000, 0x00000000b0e00000|  0%| F|  |TAMS 0x00000000b0d00000, 0x00000000b0d00000| Untracked 
|  14|0x00000000b0e00000, 0x00000000b0e00000, 0x00000000b0f00000|  0%| F|  |TAMS 0x00000000b0e00000, 0x00000000b0e00000| Untracked 
|  15|0x00000000b0f00000, 0x00000000b0f00000, 0x00000000b1000000|  0%| F|  |TAMS 0x00000000b0f00000, 0x00000000b0f00000| Untracked 
|  16|0x00000000b1000000, 0x00000000b1000000, 0x00000000b1100000|  0%| F|  |TAMS 0x00000000b1000000, 0x00000000b1000000| Untracked 
|  17|0x00000000b1100000, 0x00000000b1100000, 0x00000000b1200000|  0%| F|  |TAMS 0x00000000b1100000, 0x00000000b1100000| Untracked 
|  18|0x00000000b1200000, 0x00000000b1200000, 0x00000000b1300000|  0%| F|  |TAMS 0x00000000b1200000, 0x00000000b1200000| Untracked 
|  19|0x00000000b1300000, 0x00000000b1300000, 0x00000000b1400000|  0%| F|  |TAMS 0x00000000b1300000, 0x00000000b1300000| Untracked 
|  20|0x00000000b1400000, 0x00000000b1400000, 0x00000000b1500000|  0%| F|  |TAMS 0x00000000b1400000, 0x00000000b1400000| Untracked 
|  21|0x00000000b1500000, 0x00000000b1500000, 0x00000000b1600000|  0%| F|  |TAMS 0x00000000b1500000, 0x00000000b1500000| Untracked 
|  22|0x00000000b1600000, 0x00000000b1600000, 0x00000000b1700000|  0%| F|  |TAMS 0x00000000b1600000, 0x00000000b1600000| Untracked 
|  23|0x00000000b1700000, 0x00000000b1700000, 0x00000000b1800000|  0%| F|  |TAMS 0x00000000b1700000, 0x00000000b1700000| Untracked 
|  24|0x00000000b1800000, 0x00000000b1800000, 0x00000000b1900000|  0%| F|  |TAMS 0x00000000b1800000, 0x00000000b1800000| Untracked 
|  25|0x00000000b1900000, 0x00000000b1900000, 0x00000000b1a00000|  0%| F|  |TAMS 0x00000000b1900000, 0x00000000b1900000| Untracked 
|  26|0x00000000b1a00000, 0x00000000b1a00000, 0x00000000b1b00000|  0%| F|  |TAMS 0x00000000b1a00000, 0x00000000b1a00000| Untracked 
|  27|0x00000000b1b00000, 0x00000000b1b00000, 0x00000000b1c00000|  0%| F|  |TAMS 0x00000000b1b00000, 0x00000000b1b00000| Untracked 
|  28|0x00000000b1c00000, 0x00000000b1c00000, 0x00000000b1d00000|  0%| F|  |TAMS 0x00000000b1c00000, 0x00000000b1c00000| Untracked 
|  29|0x00000000b1d00000, 0x00000000b1d00000, 0x00000000b1e00000|  0%| F|  |TAMS 0x00000000b1d00000, 0x00000000b1d00000| Untracked 
|  30|0x00000000b1e00000, 0x00000000b1e00000, 0x00000000b1f00000|  0%| F|  |TAMS 0x00000000b1e00000, 0x00000000b1e00000| Untracked 
|  31|0x00000000b1f00000, 0x00000000b1f00000, 0x00000000b2000000|  0%| F|  |TAMS 0x00000000b1f00000, 0x00000000b1f00000| Untracked 
|  32|0x00000000b2000000, 0x00000000b2000000, 0x00000000b2100000|  0%| F|  |TAMS 0x00000000b2000000, 0x00000000b2000000| Untracked 
|  33|0x00000000b2100000, 0x00000000b2100000, 0x00000000b2200000|  0%| F|  |TAMS 0x00000000b2100000, 0x00000000b2100000| Untracked 
|  34|0x00000000b2200000, 0x00000000b2200000, 0x00000000b2300000|  0%| F|  |TAMS 0x00000000b2200000, 0x00000000b2200000| Untracked 
|  35|0x00000000b2300000, 0x00000000b2300000, 0x00000000b2400000|  0%| F|  |TAMS 0x00000000b2300000, 0x00000000b2300000| Untracked 
|  36|0x00000000b2400000, 0x00000000b2400000, 0x00000000b2500000|  0%| F|  |TAMS 0x00000000b2400000, 0x00000000b2400000| Untracked 
|  37|0x00000000b2500000, 0x00000000b2500000, 0x00000000b2600000|  0%| F|  |TAMS 0x00000000b2500000, 0x00000000b2500000| Untracked 
|  38|0x00000000b2600000, 0x00000000b2600000, 0x00000000b2700000|  0%| F|  |TAMS 0x00000000b2600000, 0x00000000b2600000| Untracked 
|  39|0x00000000b2700000, 0x00000000b2700000, 0x00000000b2800000|  0%| F|  |TAMS 0x00000000b2700000, 0x00000000b2700000| Untracked 
|  40|0x00000000b2800000, 0x00000000b2800000, 0x00000000b2900000|  0%| F|  |TAMS 0x00000000b2800000, 0x00000000b2800000| Untracked 
|  41|0x00000000b2900000, 0x00000000b2900000, 0x00000000b2a00000|  0%| F|  |TAMS 0x00000000b2900000, 0x00000000b2900000| Untracked 
|  42|0x00000000b2a00000, 0x00000000b2a00000, 0x00000000b2b00000|  0%| F|  |TAMS 0x00000000b2a00000, 0x00000000b2a00000| Untracked 
|  43|0x00000000b2b00000, 0x00000000b2b00000, 0x00000000b2c00000|  0%| F|  |TAMS 0x00000000b2b00000, 0x00000000b2b00000| Untracked 
|  44|0x00000000b2c00000, 0x00000000b2c00000, 0x00000000b2d00000|  0%| F|  |TAMS 0x00000000b2c00000, 0x00000000b2c00000| Untracked 
|  45|0x00000000b2d00000, 0x00000000b2d00000, 0x00000000b2e00000|  0%| F|  |TAMS 0x00000000b2d00000, 0x00000000b2d00000| Untracked 
|  46|0x00000000b2e00000, 0x00000000b2e00000, 0x00000000b2f00000|  0%| F|  |TAMS 0x00000000b2e00000, 0x00000000b2e00000| Untracked 
|  47|0x00000000b2f00000, 0x00000000b2f00000, 0x00000000b3000000|  0%| F|  |TAMS 0x00000000b2f00000, 0x00000000b2f00000| Untracked 
|  48|0x00000000b3000000, 0x00000000b3000000, 0x00000000b3100000|  0%| F|  |TAMS 0x00000000b3000000, 0x00000000b3000000| Untracked 
|  49|0x00000000b3100000, 0x00000000b3100000, 0x00000000b3200000|  0%| F|  |TAMS 0x00000000b3100000, 0x00000000b3100000| Untracked 
|  50|0x00000000b3200000, 0x00000000b3200000, 0x00000000b3300000|  0%| F|  |TAMS 0x00000000b3200000, 0x00000000b3200000| Untracked 
|  51|0x00000000b3300000, 0x00000000b3300000, 0x00000000b3400000|  0%| F|  |TAMS 0x00000000b3300000, 0x00000000b3300000| Untracked 
|  52|0x00000000b3400000, 0x00000000b3400000, 0x00000000b3500000|  0%| F|  |TAMS 0x00000000b3400000, 0x00000000b3400000| Untracked 
|  53|0x00000000b3500000, 0x00000000b3500000, 0x00000000b3600000|  0%| F|  |TAMS 0x00000000b3500000, 0x00000000b3500000| Untracked 
|  54|0x00000000b3600000, 0x00000000b3600000, 0x00000000b3700000|  0%| F|  |TAMS 0x00000000b3600000, 0x00000000b3600000| Untracked 
|  55|0x00000000b3700000, 0x00000000b3700000, 0x00000000b3800000|  0%| F|  |TAMS 0x00000000b3700000, 0x00000000b3700000| Untracked 
|  56|0x00000000b3800000, 0x00000000b3800000, 0x00000000b3900000|  0%| F|  |TAMS 0x00000000b3800000, 0x00000000b3800000| Untracked 
|  57|0x00000000b3900000, 0x00000000b3900000, 0x00000000b3a00000|  0%| F|  |TAMS 0x00000000b3900000, 0x00000000b3900000| Untracked 
|  58|0x00000000b3a00000, 0x00000000b3a00000, 0x00000000b3b00000|  0%| F|  |TAMS 0x00000000b3a00000, 0x00000000b3a00000| Untracked 
|  59|0x00000000b3b00000, 0x00000000b3b00000, 0x00000000b3c00000|  0%| F|  |TAMS 0x00000000b3b00000, 0x00000000b3b00000| Untracked 
|  60|0x00000000b3c00000, 0x00000000b3c00000, 0x00000000b3d00000|  0%| F|  |TAMS 0x00000000b3c00000, 0x00000000b3c00000| Untracked 
|  61|0x00000000b3d00000, 0x00000000b3d00000, 0x00000000b3e00000|  0%| F|  |TAMS 0x00000000b3d00000, 0x00000000b3d00000| Untracked 
|  62|0x00000000b3e00000, 0x00000000b3e00000, 0x00000000b3f00000|  0%| F|  |TAMS 0x00000000b3e00000, 0x00000000b3e00000| Untracked 
|  63|0x00000000b3f00000, 0x00000000b3f00000, 0x00000000b4000000|  0%| F|  |TAMS 0x00000000b3f00000, 0x00000000b3f00000| Untracked 
|  64|0x00000000b4000000, 0x00000000b4000000, 0x00000000b4100000|  0%| F|  |TAMS 0x00000000b4000000, 0x00000000b4000000| Untracked 
|  65|0x00000000b4100000, 0x00000000b4100000, 0x00000000b4200000|  0%| F|  |TAMS 0x00000000b4100000, 0x00000000b4100000| Untracked 
|  66|0x00000000b4200000, 0x00000000b4200000, 0x00000000b4300000|  0%| F|  |TAMS 0x00000000b4200000, 0x00000000b4200000| Untracked 
|  67|0x00000000b4300000, 0x00000000b4300000, 0x00000000b4400000|  0%| F|  |TAMS 0x00000000b4300000, 0x00000000b4300000| Untracked 
|  68|0x00000000b4400000, 0x00000000b4400000, 0x00000000b4500000|  0%| F|  |TAMS 0x00000000b4400000, 0x00000000b4400000| Untracked 
|  69|0x00000000b4500000, 0x00000000b4500000, 0x00000000b4600000|  0%| F|  |TAMS 0x00000000b4500000, 0x00000000b4500000| Untracked 
|  70|0x00000000b4600000, 0x00000000b4600000, 0x00000000b4700000|  0%| F|  |TAMS 0x00000000b4600000, 0x00000000b4600000| Untracked 
|  71|0x00000000b4700000, 0x00000000b4800000, 0x00000000b4800000|100%| E|  |TAMS 0x00000000b4700000, 0x00000000b4700000| Complete 
|  72|0x00000000b4800000, 0x00000000b4900000, 0x00000000b4900000|100%| E|CS|TAMS 0x00000000b4800000, 0x00000000b4800000| Complete 
|  73|0x00000000b4900000, 0x00000000b4a00000, 0x00000000b4a00000|100%| E|CS|TAMS 0x00000000b4900000, 0x00000000b4900000| Complete 
|  74|0x00000000b4a00000, 0x00000000b4b00000, 0x00000000b4b00000|100%| E|CS|TAMS 0x00000000b4a00000, 0x00000000b4a00000| Complete 
|  75|0x00000000b4b00000, 0x00000000b4c00000, 0x00000000b4c00000|100%| E|CS|TAMS 0x00000000b4b00000, 0x00000000b4b00000| Complete 
|  76|0x00000000b4c00000, 0x00000000b4d00000, 0x00000000b4d00000|100%| E|CS|TAMS 0x00000000b4c00000, 0x00000000b4c00000| Complete 
|  77|0x00000000b4d00000, 0x00000000b4e00000, 0x00000000b4e00000|100%| E|CS|TAMS 0x00000000b4d00000, 0x00000000b4d00000| Complete 
|  78|0x00000000b4e00000, 0x00000000b4f00000, 0x00000000b4f00000|100%| E|CS|TAMS 0x00000000b4e00000, 0x00000000b4e00000| Complete 
|  79|0x00000000b4f00000, 0x00000000b5000000, 0x00000000b5000000|100%| E|CS|TAMS 0x00000000b4f00000, 0x00000000b4f00000| Complete 

Card table byte_map: [0x00007fadb8a8a000,0x00007fadb8d0a000] _byte_map_base: 0x00007fadb850a000

Marking Bits (Prev, Next): (CMBitMap*) 0x00007fadb405b9d8, (CMBitMap*) 0x00007fadb405ba18
 Prev Bits: [0x00007fada3c00000, 0x00007fada5000000)
 Next Bits: [0x00007fada2800000, 0x00007fada3c00000)

Polling page: 0x00007fadbceb8000

Metaspace:

Usage:
  Non-class:      7,52 MB capacity,     7,42 MB ( 99%) used,    81,19 KB (  1%) free+waste,    14,56 KB ( <1%) overhead. 
      Class:    829,00 KB capacity,   757,41 KB ( 91%) used,    63,52 KB (  8%) free+waste,     8,06 KB ( <1%) overhead. 
       Both:      8,33 MB capacity,     8,16 MB ( 98%) used,   144,71 KB (  2%) free+waste,    22,62 KB ( <1%) overhead. 

Virtual space:
  Non-class space:        8,00 MB reserved,       7,75 MB ( 97%) committed 
      Class space:        1,00 GB reserved,     896,00 KB ( <1%) committed 
             Both:        1,01 GB reserved,       8,62 MB ( <1%) committed 

Chunk freelists:
   Non-Class:  47,00 KB
       Class:  3,00 KB
        Both:  50,00 KB

MaxMetaspaceSize: unlimited
CompressedClassSpaceSize: 1,00 GB

CodeHeap 'non-profiled nmethods': size=120032Kb used=199Kb max_used=199Kb free=119832Kb
 bounds [0x00007fadacac8000, 0x00007fadacd38000, 0x00007fadb4000000]
CodeHeap 'profiled nmethods': size=120032Kb used=883Kb max_used=883Kb free=119148Kb
 bounds [0x00007fada5590000, 0x00007fada5800000, 0x00007fadacac8000]
CodeHeap 'non-nmethods': size=5696Kb used=1122Kb max_used=1137Kb free=4574Kb
 bounds [0x00007fada5000000, 0x00007fada5270000, 0x00007fada5590000]
 total_blobs=1075 nmethods=574 adapters=263
 compilation: enabled
              stopped_count=0, restarted_count=0
 full_count=0

Compilation events (10 events):
Event: 1,929 Thread 0x00007fadb4162800 nmethod 543 0x00007fadacaf8390 code [0x00007fadacaf8520, 0x00007fadacaf8738]
Event: 1,929 Thread 0x00007fadb4162800  504       4       java.lang.StringLatin1::canEncode (13 bytes)
Event: 1,929 Thread 0x00007fadb4162800 nmethod 504 0x00007fadacaf8890 code [0x00007fadacaf8a20, 0x00007fadacaf8a78]
Event: 1,930 Thread 0x00007fadb4162800  530       4       java.lang.CharacterDataLatin1::getProperties (11 bytes)
Event: 1,930 Thread 0x00007fadb4162800 nmethod 530 0x00007fadacaf8b10 code [0x00007fadacaf8ca0, 0x00007fadacaf8d38]
Event: 1,937 Thread 0x00007fadb4162800  597       4       java.lang.String::checkBoundsBeginEnd (63 bytes)
Event: 1,938 Thread 0x00007fadb4162800 nmethod 597 0x00007fadacaf8e10 code [0x00007fadacaf8fa0, 0x00007fadacaf9058]
Event: 1,938 Thread 0x00007fadb4162800  598       4       java.util.HashMap::afterNodeInsertion (1 bytes)
Event: 1,939 Thread 0x00007fadb4162800 nmethod 598 0x00007fadacaf9110 code [0x00007fadacaf92a0, 0x00007fadacaf92f8]
Event: 1,939 Thread 0x00007fadb4162800  599       4       java.util.Arrays::copyOfRange (64 bytes)

GC Heap History (0 events):
No events

Deoptimization events (2 events):
Event: 1,624 Thread 0x00007fadb4016800 Uncommon trap: reason=unstable_if action=reinterpret pc=0x00007fadacae08fc method=java.util.HashMap.putVal(ILjava/lang/Object;Ljava/lang/Object;ZZ)Ljava/lang/Object; @ 236 c2
Event: 1,877 Thread 0x00007fad74001000 Uncommon trap: reason=class_check action=maybe_recompile pc=0x00007fadacadd534 method=java.io.BufferedInputStream.read([BII)I @ 101 c2

Classes unloaded (0 events):
No events

Classes redefined (0 events):
No events

Internal exceptions (10 events):
Event: 1,808 Thread 0x00007fadb4016800 Exception <a 'java/lang/NoSuchMethodError'{0x00000000b48adaa8}: 'java.lang.Object java.lang.invoke.DirectMethodHandle$Holder.invokeSpecial(java.lang.Object, java.lang.Object, java.lang.Object, java.lang.Object, java.lang.Object, java.lang.Object, java.lang.Object)'> (0x00000000b48adaa8) 
thrown [/home/dmitry/Downloads/LOOM/loom/src/hotspot/share/interpreter/linkResolver.cpp, line 768]
for thread 0x00007fadb4016800
Event: 1,809 Thread 0x00007fadb4016800 Exception <a 'java/lang/NoSuchMethodError'{0x00000000b48b0af8}: 'java.lang.Object java.lang.invoke.DelegatingMethodHandle$Holder.delegate(java.lang.Object, java.lang.Object, java.lang.Object, java.lang.Object, java.lang.Object, java.lang.Object)'> (0x00000000b48b0af8) 
thrown [/home/dmitry/Downloads/LOOM/loom/src/hotspot/share/interpreter/linkResolver.cpp, line 768]
for thread 0x00007fadb4016800
Event: 1,810 Thread 0x00007fadb4016800 Exception <a 'java/lang/NoSuchMethodError'{0x00000000b48b3e88}: 'java.lang.Object java.lang.invoke.Invokers$Holder.invokeExact_MT(java.lang.Object, java.lang.Object, java.lang.Object, java.lang.Object, java.lang.Object, java.lang.Object, java.lang.Object)'> (0x00000000b48b3e88) 
thrown [/home/dmitry/Downloads/LOOM/loom/src/hotspot/share/interpreter/linkResolver.cpp, line 768]
for thread 0x00007fadb4016800
Event: 1,812 Thread 0x00007fadb4016800 Exception <a 'java/lang/NoSuchMethodError'{0x00000000b48b7a50}: 'long java.lang.invoke.DirectMethodHandle$Holder.invokeStatic(java.lang.Object)'> (0x00000000b48b7a50) 
thrown [/home/dmitry/Downloads/LOOM/loom/src/hotspot/share/interpreter/linkResolver.cpp, line 768]
for thread 0x00007fadb4016800
Event: 1,816 Thread 0x00007fadb4016800 Exception <a 'java/lang/NoSuchMethodError'{0x00000000b48bd290}: 'long java.lang.invoke.Invokers$Holder.invoke_MT(java.lang.Object, java.lang.Object)'> (0x00000000b48bd290) 
thrown [/home/dmitry/Downloads/LOOM/loom/src/hotspot/share/interpreter/linkResolver.cpp, line 768]
for thread 0x00007fadb4016800
Event: 1,818 Thread 0x00007fadb4016800 Exception <a 'java/lang/NoSuchMethodError'{0x00000000b48c35d0}: 'java.lang.Object java.lang.invoke.DirectMethodHandle$Holder.invokeStatic(java.lang.Object, long)'> (0x00000000b48c35d0) 
thrown [/home/dmitry/Downloads/LOOM/loom/src/hotspot/share/interpreter/linkResolver.cpp, line 768]
for thread 0x00007fadb4016800
Event: 1,840 Thread 0x00007fadb4016800 Exception <a 'java/lang/NoSuchMethodError'{0x00000000b48ef338}: 'java.lang.Object java.lang.invoke.DirectMethodHandle$Holder.invokeStatic(java.lang.Object, java.lang.Object, java.lang.Object, java.lang.Object, java.lang.Object)'> (0x00000000b48ef338) 
thrown [/home/dmitry/Downloads/LOOM/loom/src/hotspot/share/interpreter/linkResolver.cpp, line 768]
for thread 0x00007fadb4016800
Event: 1,877 Thread 0x00007fadb4016800 Exception <a 'java/lang/NoSuchMethodError'{0x00000000b470d650}: 'java.lang.Object java.lang.invoke.DirectMethodHandle$Holder.invokeSpecial(java.lang.Object, java.lang.Object, long)'> (0x00000000b470d650) 
thrown [/home/dmitry/Downloads/LOOM/loom/src/hotspot/share/interpreter/linkResolver.cpp, line 768]
for thread 0x00007fadb4016800
Event: 1,916 Thread 0x00007fadb4016800 Exception <a 'java/lang/NoSuchMethodError'{0x00000000b4740be0}: 'long java.lang.invoke.DirectMethodHandle$Holder.getLong(java.lang.Object, java.lang.Object)'> (0x00000000b4740be0) 
thrown [/home/dmitry/Downloads/LOOM/loom/src/hotspot/share/interpreter/linkResolver.cpp, line 768]
for thread 0x00007fadb4016800
Event: 1,940 Thread 0x00007fadb4016800 Exception <a 'java/lang/NoSuchMethodError'{0x00000000b47d9df0}: 'java.lang.Object java.lang.invoke.Invokers$Holder.linkToTargetMethod(int, java.lang.Object)'> (0x00000000b47d9df0) 
thrown [/home/dmitry/Downloads/LOOM/loom/src/hotspot/share/interpreter/linkResolver.cpp, line 768]
for thread 0x00007fadb4016800

Events (10 events):
Event: 1,935 loading class java/util/ServiceLoader$ProviderImpl
Event: 1,935 loading class java/util/ServiceLoader$Provider
Event: 1,935 loading class java/util/ServiceLoader$Provider done
Event: 1,935 loading class java/util/ServiceLoader$ProviderImpl done
Event: 1,936 loading class sun/util/cldr/CLDRTimeZoneNameProviderImpl
Event: 1,936 loading class sun/util/locale/provider/TimeZoneNameProviderImpl
Event: 1,937 loading class sun/util/locale/provider/TimeZoneNameProviderImpl done
Event: 1,937 loading class sun/util/cldr/CLDRTimeZoneNameProviderImpl done
Event: 1,937 loading class java/util/StringTokenizer
Event: 1,937 loading class java/util/StringTokenizer done


Dynamic libraries:
b0000000-b5000000 rw-p 00000000 00:00 0 
b5000000-100000000 ---p 00000000 00:00 0 
100000000-1000e0000 rw-p 00000000 00:00 0 
1000e0000-140000000 ---p 00000000 00:00 0 
558296f7a000-558296f7b000 r-xp 00000000 08:01 3809567                    /home/dmitry/Downloads/LOOM/loom/build/linux-x86_64-server-release/jdk/bin/java
55829717b000-55829717c000 r--p 00001000 08:01 3809567                    /home/dmitry/Downloads/LOOM/loom/build/linux-x86_64-server-release/jdk/bin/java
55829717c000-55829717d000 rw-p 00002000 08:01 3809567                    /home/dmitry/Downloads/LOOM/loom/build/linux-x86_64-server-release/jdk/bin/java
5582972cf000-5582972f0000 rw-p 00000000 00:00 0                          [heap]
7fad54000000-7fad54021000 rw-p 00000000 00:00 0 
7fad54021000-7fad58000000 ---p 00000000 00:00 0 
7fad5c000000-7fad5c021000 rw-p 00000000 00:00 0 
7fad5c021000-7fad60000000 ---p 00000000 00:00 0 
7fad60000000-7fad60074000 rw-p 00000000 00:00 0 
7fad60074000-7fad64000000 ---p 00000000 00:00 0 
7fad64000000-7fad64021000 rw-p 00000000 00:00 0 
7fad64021000-7fad68000000 ---p 00000000 00:00 0 
7fad68000000-7fad68021000 rw-p 00000000 00:00 0 
7fad68021000-7fad6c000000 ---p 00000000 00:00 0 
7fad6c000000-7fad6c2c5000 rw-p 00000000 00:00 0 
7fad6c2c5000-7fad70000000 ---p 00000000 00:00 0 
7fad70000000-7fad70021000 rw-p 00000000 00:00 0 
7fad70021000-7fad74000000 ---p 00000000 00:00 0 
7fad74000000-7fad74021000 rw-p 00000000 00:00 0 
7fad74021000-7fad78000000 ---p 00000000 00:00 0 
7fad78000000-7fad783b5000 rw-p 00000000 00:00 0 
7fad783b5000-7fad7c000000 ---p 00000000 00:00 0 
7fad7c000000-7fad7c021000 rw-p 00000000 00:00 0 
7fad7c021000-7fad80000000 ---p 00000000 00:00 0 
7fad80000000-7fad80021000 rw-p 00000000 00:00 0 
7fad80021000-7fad84000000 ---p 00000000 00:00 0 
7fad84000000-7fad84021000 rw-p 00000000 00:00 0 
7fad84021000-7fad88000000 ---p 00000000 00:00 0 
7fad89d01000-7fad8a0fc000 rw-p 00000000 00:00 0 
7fad8a0fc000-7fad8a0fe000 r-xp 00000000 08:01 2636335                    /home/dmitry/Downloads/LOOM/loom/build/linux-x86_64-server-release/jdk/lib/libextnet.so
7fad8a0fe000-7fad8a2fd000 ---p 00002000 08:01 2636335                    /home/dmitry/Downloads/LOOM/loom/build/linux-x86_64-server-release/jdk/lib/libextnet.so
7fad8a2fd000-7fad8a2fe000 r--p 00001000 08:01 2636335                    /home/dmitry/Downloads/LOOM/loom/build/linux-x86_64-server-release/jdk/lib/libextnet.so
7fad8a2fe000-7fad8a2ff000 rw-p 00002000 08:01 2636335                    /home/dmitry/Downloads/LOOM/loom/build/linux-x86_64-server-release/jdk/lib/libextnet.so
7fad8a2ff000-7fad8a303000 ---p 00000000 00:00 0 
7fad8a303000-7fad8a400000 rw-p 00000000 00:00 0 
7fad8a400000-7fad8a404000 ---p 00000000 00:00 0 
7fad8a404000-7fad8a501000 rw-p 00000000 00:00 0 
7fad8a501000-7fad8a502000 ---p 00000000 00:00 0 
7fad8a502000-7fad8a603000 rw-p 00000000 00:00 0 
7fad8a603000-7fad8a607000 ---p 00000000 00:00 0 
7fad8a607000-7fad8a704000 rw-p 00000000 00:00 0 
7fad8a704000-7fad8a708000 ---p 00000000 00:00 0 
7fad8a708000-7fad8a805000 rw-p 00000000 00:00 0 
7fad8a805000-7fad8a81b000 r-xp 00000000 08:01 2636302                    /home/dmitry/Downloads/LOOM/loom/build/linux-x86_64-server-release/jdk/lib/libnet.so
7fad8a81b000-7fad8aa1b000 ---p 00016000 08:01 2636302                    /home/dmitry/Downloads/LOOM/loom/build/linux-x86_64-server-release/jdk/lib/libnet.so
7fad8aa1b000-7fad8aa1c000 r--p 00016000 08:01 2636302                    /home/dmitry/Downloads/LOOM/loom/build/linux-x86_64-server-release/jdk/lib/libnet.so
7fad8aa1c000-7fad8aa1d000 rw-p 00017000 08:01 2636302                    /home/dmitry/Downloads/LOOM/loom/build/linux-x86_64-server-release/jdk/lib/libnet.so
7fad8aa1d000-7fad8aa2e000 r-xp 00000000 08:01 2636304                    /home/dmitry/Downloads/LOOM/loom/build/linux-x86_64-server-release/jdk/lib/libnio.so
7fad8aa2e000-7fad8ac2d000 ---p 00011000 08:01 2636304                    /home/dmitry/Downloads/LOOM/loom/build/linux-x86_64-server-release/jdk/lib/libnio.so
7fad8ac2d000-7fad8ac2e000 r--p 00010000 08:01 2636304                    /home/dmitry/Downloads/LOOM/loom/build/linux-x86_64-server-release/jdk/lib/libnio.so
7fad8ac2e000-7fad8ac2f000 rw-p 00011000 08:01 2636304                    /home/dmitry/Downloads/LOOM/loom/build/linux-x86_64-server-release/jdk/lib/libnio.so
7fad8ac2f000-7fad8ac33000 ---p 00000000 00:00 0 
7fad8ac33000-7fad8ad30000 rw-p 00000000 00:00 0 
7fad8ad30000-7fad8ad34000 ---p 00000000 00:00 0 
7fad8ad34000-7fad8ae31000 rw-p 00000000 00:00 0 
7fad8ae31000-7fad8b800000 r--p 00000000 08:01 10230401                   /usr/lib/locale/locale-archive
7fad8b800000-7fad8bfc0000 rw-p 00000000 00:00 0 
7fad8bfc0000-7fad8c000000 ---p 00000000 00:00 0 
7fad8c000000-7fad8c021000 rw-p 00000000 00:00 0 
7fad8c021000-7fad90000000 ---p 00000000 00:00 0 
7fad90000000-7fad90021000 rw-p 00000000 00:00 0 
7fad90021000-7fad94000000 ---p 00000000 00:00 0 
7fad94000000-7fad94021000 rw-p 00000000 00:00 0 
7fad94021000-7fad98000000 ---p 00000000 00:00 0 
7fad98000000-7fad98021000 rw-p 00000000 00:00 0 
7fad98021000-7fad9c000000 ---p 00000000 00:00 0 
7fad9c000000-7fad9c021000 rw-p 00000000 00:00 0 
7fad9c021000-7fada0000000 ---p 00000000 00:00 0 
7fada00c5000-7fada00f6000 rw-p 00000000 00:00 0 
7fada00f6000-7fada00fa000 ---p 00000000 00:00 0 
7fada00fa000-7fada01f7000 rw-p 00000000 00:00 0 
7fada01f7000-7fada01fb000 ---p 00000000 00:00 0 
7fada01fb000-7fada02f8000 rw-p 00000000 00:00 0 
7fada02f8000-7fada02fc000 ---p 00000000 00:00 0 
7fada02fc000-7fada03f9000 rw-p 00000000 00:00 0 
7fada03f9000-7fada03fd000 ---p 00000000 00:00 0 
7fada03fd000-7fada04fa000 rw-p 00000000 00:00 0 
7fada04fa000-7fada04fb000 ---p 00000000 00:00 0 
7fada04fb000-7fada05fc000 rw-p 00000000 00:00 0 
7fada05fc000-7fada05fd000 ---p 00000000 00:00 0 
7fada05fd000-7fada06fe000 rw-p 00000000 00:00 0 
7fada06fe000-7fada06ff000 ---p 00000000 00:00 0 
7fada06ff000-7fada2940000 rw-p 00000000 00:00 0 
7fada2940000-7fada3c00000 ---p 00000000 00:00 0 
7fada3c00000-7fada3d40000 rw-p 00000000 00:00 0 
7fada3d40000-7fada5000000 ---p 00000000 00:00 0 
7fada5000000-7fada5270000 rwxp 00000000 00:00 0 
7fada5270000-7fada5590000 ---p 00000000 00:00 0 
7fada5590000-7fada5800000 rwxp 00000000 00:00 0 
7fada5800000-7fadacac8000 ---p 00000000 00:00 0 
7fadacac8000-7fadacd38000 rwxp 00000000 00:00 0 
7fadacd38000-7fadb4000000 ---p 00000000 00:00 0 
7fadb4000000-7fadb42ad000 rw-p 00000000 00:00 0 
7fadb42ad000-7fadb8000000 ---p 00000000 00:00 0 
7fadb8024000-7fadb8504000 rw-p 00000000 00:00 0 
7fadb8504000-7fadb8505000 ---p 00000000 00:00 0 
7fadb8505000-7fadb8606000 rw-p 00000000 00:00 0 
7fadb8606000-7fadb8607000 ---p 00000000 00:00 0 
7fadb8607000-7fadb8708000 rw-p 00000000 00:00 0 
7fadb8708000-7fadb8709000 ---p 00000000 00:00 0 
7fadb8709000-7fadb8832000 rw-p 00000000 00:00 0 
7fadb8832000-7fadb8a8a000 ---p 00000000 00:00 0 
7fadb8a8a000-7fadb8ab2000 rw-p 00000000 00:00 0 
7fadb8ab2000-7fadb8d0a000 ---p 00000000 00:00 0 
7fadb8d0a000-7fadb8d32000 rw-p 00000000 00:00 0 
7fadb8d32000-7fadb8f8a000 ---p 00000000 00:00 0 
7fadb8f8a000-7fadb9393000 rw-p 00000000 00:00 0 
7fadb9393000-7fadb9479000 ---p 00000000 00:00 0 
7fadb9479000-7fadb947e000 rw-p 00000000 00:00 0 
7fadb947e000-7fadb9564000 ---p 00000000 00:00 0 
7fadb9564000-7fadb957f000 r-xp 00000000 08:01 2636300                    /home/dmitry/Downloads/LOOM/loom/build/linux-x86_64-server-release/jdk/lib/libjimage.so
7fadb957f000-7fadb977e000 ---p 0001b000 08:01 2636300                    /home/dmitry/Downloads/LOOM/loom/build/linux-x86_64-server-release/jdk/lib/libjimage.so
7fadb977e000-7fadb9780000 r--p 0001a000 08:01 2636300                    /home/dmitry/Downloads/LOOM/loom/build/linux-x86_64-server-release/jdk/lib/libjimage.so
7fadb9780000-7fadb9781000 rw-p 0001c000 08:01 2636300                    /home/dmitry/Downloads/LOOM/loom/build/linux-x86_64-server-release/jdk/lib/libjimage.so
7fadb9781000-7fadb9788000 r-xp 00000000 08:01 2636297                    /home/dmitry/Downloads/LOOM/loom/build/linux-x86_64-server-release/jdk/lib/libzip.so
7fadb9788000-7fadb9987000 ---p 00007000 08:01 2636297                    /home/dmitry/Downloads/LOOM/loom/build/linux-x86_64-server-release/jdk/lib/libzip.so
7fadb9987000-7fadb9988000 r--p 00006000 08:01 2636297                    /home/dmitry/Downloads/LOOM/loom/build/linux-x86_64-server-release/jdk/lib/libzip.so
7fadb9988000-7fadb9989000 rw-p 00007000 08:01 2636297                    /home/dmitry/Downloads/LOOM/loom/build/linux-x86_64-server-release/jdk/lib/libzip.so
7fadb9989000-7fadb9994000 r-xp 00000000 08:01 1184572                    /lib/x86_64-linux-gnu/libnss_files-2.27.so
7fadb9994000-7fadb9b93000 ---p 0000b000 08:01 1184572                    /lib/x86_64-linux-gnu/libnss_files-2.27.so
7fadb9b93000-7fadb9b94000 r--p 0000a000 08:01 1184572                    /lib/x86_64-linux-gnu/libnss_files-2.27.so
7fadb9b94000-7fadb9b95000 rw-p 0000b000 08:01 1184572                    /lib/x86_64-linux-gnu/libnss_files-2.27.so
7fadb9b95000-7fadb9b9b000 rw-p 00000000 00:00 0 
7fadb9b9b000-7fadb9bb2000 r-xp 00000000 08:01 1184566                    /lib/x86_64-linux-gnu/libnsl-2.27.so
7fadb9bb2000-7fadb9db1000 ---p 00017000 08:01 1184566                    /lib/x86_64-linux-gnu/libnsl-2.27.so
7fadb9db1000-7fadb9db2000 r--p 00016000 08:01 1184566                    /lib/x86_64-linux-gnu/libnsl-2.27.so
7fadb9db2000-7fadb9db3000 rw-p 00017000 08:01 1184566                    /lib/x86_64-linux-gnu/libnsl-2.27.so
7fadb9db3000-7fadb9db5000 rw-p 00000000 00:00 0 
7fadb9db5000-7fadb9dc0000 r-xp 00000000 08:01 1184583                    /lib/x86_64-linux-gnu/libnss_nis-2.27.so
7fadb9dc0000-7fadb9fbf000 ---p 0000b000 08:01 1184583                    /lib/x86_64-linux-gnu/libnss_nis-2.27.so
7fadb9fbf000-7fadb9fc0000 r--p 0000a000 08:01 1184583                    /lib/x86_64-linux-gnu/libnss_nis-2.27.so
7fadb9fc0000-7fadb9fc1000 rw-p 0000b000 08:01 1184583                    /lib/x86_64-linux-gnu/libnss_nis-2.27.so
7fadb9fc1000-7fadb9fc9000 r-xp 00000000 08:01 1184568                    /lib/x86_64-linux-gnu/libnss_compat-2.27.so
7fadb9fc9000-7fadba1c9000 ---p 00008000 08:01 1184568                    /lib/x86_64-linux-gnu/libnss_compat-2.27.so
7fadba1c9000-7fadba1ca000 r--p 00008000 08:01 1184568                    /lib/x86_64-linux-gnu/libnss_compat-2.27.so
7fadba1ca000-7fadba1cb000 rw-p 00009000 08:01 1184568                    /lib/x86_64-linux-gnu/libnss_compat-2.27.so
7fadba1cb000-7fadba1f3000 r-xp 00000000 08:01 2636296                    /home/dmitry/Downloads/LOOM/loom/build/linux-x86_64-server-release/jdk/lib/libjava.so
7fadba1f3000-7fadba3f3000 ---p 00028000 08:01 2636296                    /home/dmitry/Downloads/LOOM/loom/build/linux-x86_64-server-release/jdk/lib/libjava.so
7fadba3f3000-7fadba3f4000 r--p 00028000 08:01 2636296                    /home/dmitry/Downloads/LOOM/loom/build/linux-x86_64-server-release/jdk/lib/libjava.so
7fadba3f4000-7fadba3f6000 rw-p 00029000 08:01 2636296                    /home/dmitry/Downloads/LOOM/loom/build/linux-x86_64-server-release/jdk/lib/libjava.so
7fadba3f6000-7fadba403000 r-xp 00000000 08:01 2636289                    /home/dmitry/Downloads/LOOM/loom/build/linux-x86_64-server-release/jdk/lib/libverify.so
7fadba403000-7fadba602000 ---p 0000d000 08:01 2636289                    /home/dmitry/Downloads/LOOM/loom/build/linux-x86_64-server-release/jdk/lib/libverify.so
7fadba602000-7fadba604000 r--p 0000c000 08:01 2636289                    /home/dmitry/Downloads/LOOM/loom/build/linux-x86_64-server-release/jdk/lib/libverify.so
7fadba604000-7fadba605000 rw-p 0000e000 08:01 2636289                    /home/dmitry/Downloads/LOOM/loom/build/linux-x86_64-server-release/jdk/lib/libverify.so
7fadba605000-7fadba7a2000 r-xp 00000000 08:01 1184545                    /lib/x86_64-linux-gnu/libm-2.27.so
7fadba7a2000-7fadba9a1000 ---p 0019d000 08:01 1184545                    /lib/x86_64-linux-gnu/libm-2.27.so
7fadba9a1000-7fadba9a2000 r--p 0019c000 08:01 1184545                    /lib/x86_64-linux-gnu/libm-2.27.so
7fadba9a2000-7fadba9a3000 rw-p 0019d000 08:01 1184545                    /lib/x86_64-linux-gnu/libm-2.27.so
7fadba9a3000-7fadbbccc000 r-xp 00000000 08:01 2636287                    /home/dmitry/Downloads/LOOM/loom/build/linux-x86_64-server-release/jdk/lib/server/libjvm.so
7fadbbccc000-7fadbbecc000 ---p 01329000 08:01 2636287                    /home/dmitry/Downloads/LOOM/loom/build/linux-x86_64-server-release/jdk/lib/server/libjvm.so
7fadbbecc000-7fadbbf93000 r--p 01329000 08:01 2636287                    /home/dmitry/Downloads/LOOM/loom/build/linux-x86_64-server-release/jdk/lib/server/libjvm.so
7fadbbf93000-7fadbbfce000 rw-p 013f0000 08:01 2636287                    /home/dmitry/Downloads/LOOM/loom/build/linux-x86_64-server-release/jdk/lib/server/libjvm.so
7fadbbfce000-7fadbc054000 rw-p 00000000 00:00 0 
7fadbc054000-7fadbc06e000 r-xp 00000000 08:01 1184615                    /lib/x86_64-linux-gnu/libpthread-2.27.so
7fadbc06e000-7fadbc26d000 ---p 0001a000 08:01 1184615                    /lib/x86_64-linux-gnu/libpthread-2.27.so
7fadbc26d000-7fadbc26e000 r--p 00019000 08:01 1184615                    /lib/x86_64-linux-gnu/libpthread-2.27.so
7fadbc26e000-7fadbc26f000 rw-p 0001a000 08:01 1184615                    /lib/x86_64-linux-gnu/libpthread-2.27.so
7fadbc26f000-7fadbc273000 rw-p 00000000 00:00 0 
7fadbc273000-7fadbc276000 r-xp 00000000 08:01 1184505                    /lib/x86_64-linux-gnu/libdl-2.27.so
7fadbc276000-7fadbc475000 ---p 00003000 08:01 1184505                    /lib/x86_64-linux-gnu/libdl-2.27.so
7fadbc475000-7fadbc476000 r--p 00002000 08:01 1184505                    /lib/x86_64-linux-gnu/libdl-2.27.so
7fadbc476000-7fadbc477000 rw-p 00003000 08:01 1184505                    /lib/x86_64-linux-gnu/libdl-2.27.so
7fadbc477000-7fadbc493000 r-xp 00000000 08:01 1184654                    /lib/x86_64-linux-gnu/libz.so.1.2.11
7fadbc493000-7fadbc692000 ---p 0001c000 08:01 1184654                    /lib/x86_64-linux-gnu/libz.so.1.2.11
7fadbc692000-7fadbc693000 r--p 0001b000 08:01 1184654                    /lib/x86_64-linux-gnu/libz.so.1.2.11
7fadbc693000-7fadbc694000 rw-p 0001c000 08:01 1184654                    /lib/x86_64-linux-gnu/libz.so.1.2.11
7fadbc694000-7fadbc87b000 r-xp 00000000 08:01 1184482                    /lib/x86_64-linux-gnu/libc-2.27.so
7fadbc87b000-7fadbca7b000 ---p 001e7000 08:01 1184482                    /lib/x86_64-linux-gnu/libc-2.27.so
7fadbca7b000-7fadbca7f000 r--p 001e7000 08:01 1184482                    /lib/x86_64-linux-gnu/libc-2.27.so
7fadbca7f000-7fadbca81000 rw-p 001eb000 08:01 1184482                    /lib/x86_64-linux-gnu/libc-2.27.so
7fadbca81000-7fadbca85000 rw-p 00000000 00:00 0 
7fadbca85000-7fadbca95000 r-xp 00000000 08:01 2636291                    /home/dmitry/Downloads/LOOM/loom/build/linux-x86_64-server-release/jdk/lib/libjli.so
7fadbca95000-7fadbcc94000 ---p 00010000 08:01 2636291                    /home/dmitry/Downloads/LOOM/loom/build/linux-x86_64-server-release/jdk/lib/libjli.so
7fadbcc94000-7fadbcc95000 r--p 0000f000 08:01 2636291                    /home/dmitry/Downloads/LOOM/loom/build/linux-x86_64-server-release/jdk/lib/libjli.so
7fadbcc95000-7fadbcc96000 rw-p 00010000 08:01 2636291                    /home/dmitry/Downloads/LOOM/loom/build/linux-x86_64-server-release/jdk/lib/libjli.so
7fadbcc96000-7fadbccbd000 r-xp 00000000 08:01 1184454                    /lib/x86_64-linux-gnu/ld-2.27.so
7fadbccea000-7fadbcd9d000 rw-p 00000000 00:00 0 
7fadbcd9d000-7fadbcda4000 ---p 00000000 00:00 0 
7fadbcda4000-7fadbcda8000 ---p 00000000 00:00 0 
7fadbcda8000-7fadbcea7000 rw-p 00000000 00:00 0 
7fadbceb0000-7fadbceb8000 rw-s 00000000 08:01 524314                     /tmp/hsperfdata_dmitry/26164
7fadbceb8000-7fadbceb9000 ---p 00000000 00:00 0 
7fadbceb9000-7fadbceba000 r--p 00000000 00:00 0 
7fadbceba000-7fadbcebb000 ---p 00000000 00:00 0 
7fadbcebb000-7fadbcebd000 rw-p 00000000 00:00 0 
7fadbcebd000-7fadbcebe000 r--p 00027000 08:01 1184454                    /lib/x86_64-linux-gnu/ld-2.27.so
7fadbcebe000-7fadbcebf000 rw-p 00028000 08:01 1184454                    /lib/x86_64-linux-gnu/ld-2.27.so
7fadbcebf000-7fadbcec0000 rw-p 00000000 00:00 0 
7ffd45eac000-7ffd45ecf000 rw-p 00000000 00:00 0                          [stack]
7ffd45f07000-7ffd45f0a000 r--p 00000000 00:00 0                          [vvar]
7ffd45f0a000-7ffd45f0c000 r-xp 00000000 00:00 0                          [vdso]
ffffffffff600000-ffffffffff601000 r-xp 00000000 00:00 0                  [vsyscall]


VM Arguments:
jvm_args: -Didea.launcher.port=25769 -Didea.launcher.bin.path=/home/dmitry/Downloads/idea-IC-183.5912.21/bin -Dfile.encoding=UTF-8 
java_command: com.intellij.rt.execution.application.AppMainV2 Main
java_class_path (initial): /home/dmitry/Downloads/LOOM/loom/build/linux-x86_64-server-release/jdk/modules/java.base:/home/dmitry/Downloads/LOOM/loom/build/linux-x86_64-server-release/jdk/modules/java.compiler:/home/dmitry/Downloads/LOOM/loom/build/linux-x86_64-server-release/jdk/modules/java.datatransfer:/home/dmitry/Downloads/LOOM/loom/build/linux-x86_64-server-release/jdk/modules/java.desktop:/home/dmitry/Downloads/LOOM/loom/build/linux-x86_64-server-release/jdk/modules/java.instrument:/home/dmitry/Downloads/LOOM/loom/build/linux-x86_64-server-release/jdk/modules/java.logging:/home/dmitry/Downloads/LOOM/loom/build/linux-x86_64-server-release/jdk/modules/java.management:/home/dmitry/Downloads/LOOM/loom/build/linux-x86_64-server-release/jdk/modules/java.management.rmi:/home/dmitry/Downloads/LOOM/loom/build/linux-x86_64-server-release/jdk/modules/java.naming:/home/dmitry/Downloads/LOOM/loom/build/linux-x86_64-server-release/jdk/modules/java.net.http:/home/dmitry/Downloads/LOOM/loom/build/linux-x86_64-server-release/jdk/modules/java.prefs:/home/dmitry/Downloads/LOOM/loom/build/linux-x86_64-server-release/jdk/modules/java.rmi:/home/dmitry/Downloads/LOOM/loom/build/linux-x86_64-server-release/jdk/modules/java.scripting:/home/dmitry/Downloads/LOOM/loom/build/linux-x86_64-server-release/jdk/modules/java.se:/home/dmitry/Downloads/LOOM/loom/build/linux-x86_64-server-release/jdk/modules/java.security.jgss:/home/dmitry/Downloads/LOOM/loom/build/linux-x86_64-server-release/jdk/modules/java.security.sasl:/home/dmitry/Downloads/LOOM/loom/build/linux-x86_64-server-release/jdk/modules/java.smartcardio:/home/dmitry/Downloads/LOOM/loom/build/linux-x86_64-server-release/jdk/modules/java.sql:/home/dmitry/Downloads/LOOM/loom/build/linux-x86_64-server-release/jdk/modules/java.sql.rowset:/home/dmitry/Downloads/LOOM/loom/build/linux-x86_64-server-release/jdk/modules/java.transaction.xa:/home/dmitry/Downloads/LOOM/loom/build/linux-x86_64-server-release/jdk/modules/java.xml:/home/dmitry/D
Launcher Type: SUN_STANDARD

[Global flags]
     intx CICompilerCount                          = 3                                         {product} {ergonomic}
     uint ConcGCThreads                            = 1                                         {product} {ergonomic}
     uint G1ConcRefinementThreads                  = 4                                         {product} {ergonomic}
   size_t G1HeapRegionSize                         = 1048576                                   {product} {ergonomic}
    uintx GCDrainStackTargetSize                   = 64                                        {product} {ergonomic}
   size_t InitialHeapSize                          = 83886080                                  {product} {ergonomic}
   size_t MarkStackSize                            = 4194304                                   {product} {ergonomic}
   size_t MaxHeapSize                              = 1342177280                                {product} {ergonomic}
   size_t MaxNewSize                               = 805306368                                 {product} {ergonomic}
   size_t MinHeapDeltaBytes                        = 1048576                                   {product} {ergonomic}
    uintx NonNMethodCodeHeapSize                   = 5830732                                {pd product} {ergonomic}
    uintx NonProfiledCodeHeapSize                  = 122913754                              {pd product} {ergonomic}
    uintx ProfiledCodeHeapSize                     = 122913754                              {pd product} {ergonomic}
    uintx ReservedCodeCacheSize                    = 251658240                              {pd product} {ergonomic}
     bool SegmentedCodeCache                       = true                                      {product} {ergonomic}
     bool UseCompressedClassPointers               = true                                 {lp64_product} {ergonomic}
     bool UseCompressedOops                        = true                                 {lp64_product} {ergonomic}
     bool UseG1GC                                  = true                                      {product} {ergonomic}

Logging:
Log output configuration:
 #0: stdout all=warning uptime,level,tags
 #1: stderr all=off uptime,level,tags

Environment Variables:
JAVA_HOME=/home/dmitry/usr/local/java/jdk1.8.0
PATH=/bin:/bin:/usr/local/sbin:/usr/local/bin:/usr/sbin:/usr/bin:/sbin:/bin:/usr/games:/usr/local/games:/snap/bin
USERNAME=dmitry
SHELL=/bin/bash
DISPLAY=:0

Signal Handlers:
SIGSEGV: [libjvm.so+0xfe1ad0], sa_mask[0]=11111111011111111101111111111110, sa_flags=SA_RESTART|SA_SIGINFO
SIGBUS: [libjvm.so+0xfe1ad0], sa_mask[0]=11111111011111111101111111111110, sa_flags=SA_RESTART|SA_SIGINFO
SIGFPE: [libjvm.so+0xfe1ad0], sa_mask[0]=11111111011111111101111111111110, sa_flags=SA_RESTART|SA_SIGINFO
SIGPIPE: [libjvm.so+0xc7f350], sa_mask[0]=11111111011111111101111111111110, sa_flags=SA_RESTART|SA_SIGINFO
SIGXFSZ: [libjvm.so+0xc7f350], sa_mask[0]=11111111011111111101111111111110, sa_flags=SA_RESTART|SA_SIGINFO
SIGILL: [libjvm.so+0xfe1ad0], sa_mask[0]=11111111011111111101111111111110, sa_flags=SA_RESTART|SA_SIGINFO
SIGUSR2: [libjvm.so+0xc7f1f0], sa_mask[0]=00100000000000000000000000000000, sa_flags=SA_RESTART|SA_SIGINFO
SIGHUP: [libjvm.so+0xc7f7f0], sa_mask[0]=11111111011111111101111111111110, sa_flags=SA_RESTART|SA_SIGINFO
SIGINT: [libjvm.so+0xc7f7f0], sa_mask[0]=11111111011111111101111111111110, sa_flags=SA_RESTART|SA_SIGINFO
SIGTERM: [libjvm.so+0xc7f7f0], sa_mask[0]=11111111011111111101111111111110, sa_flags=SA_RESTART|SA_SIGINFO
SIGQUIT: [libjvm.so+0xc7f7f0], sa_mask[0]=11111111011111111101111111111110, sa_flags=SA_RESTART|SA_SIGINFO


---------------  S Y S T E M  ---------------

OS:DISTRIB_ID=Ubuntu
DISTRIB_RELEASE=18.04
DISTRIB_CODENAME=bionic
DISTRIB_DESCRIPTION="Ubuntu 18.04.2 LTS"
uname:Linux 4.18.0-20-generic #21~18.04.1-Ubuntu SMP Wed May 8 08:43:37 UTC 2019 x86_64
libc:glibc 2.27 NPTL 2.27 
rlimit: STACK 8192k, CORE 0k, NPROC 20273, NOFILE 4096, AS infinity, DATA infinity, FSIZE infinity
load average:1,13 1,06 0,94

/proc/meminfo:
MemTotal:        5234980 kB
MemFree:          316404 kB
MemAvailable:    2888348 kB
Buffers:           62644 kB
Cached:          2709244 kB
SwapCached:        27236 kB
Active:          2336000 kB
Inactive:        2290408 kB
Active(anon):    1212032 kB
Inactive(anon):   707736 kB
Active(file):    1123968 kB
Inactive(file):  1582672 kB
Unevictable:          32 kB
Mlocked:              32 kB
SwapTotal:       2097148 kB
SwapFree:        1957360 kB
Dirty:              4376 kB
Writeback:             0 kB
AnonPages:       1830864 kB
Mapped:           170016 kB
Shmem:             65172 kB
Slab:             185216 kB
SReclaimable:     144764 kB
SUnreclaim:        40452 kB
KernelStack:        9416 kB
PageTables:        34536 kB
NFS_Unstable:          0 kB
Bounce:                0 kB
WritebackTmp:          0 kB
CommitLimit:     4714636 kB
Committed_AS:    5134428 kB
VmallocTotal:   34359738367 kB
VmallocUsed:           0 kB
VmallocChunk:          0 kB
HardwareCorrupted:     0 kB
AnonHugePages:         0 kB
ShmemHugePages:        0 kB
ShmemPmdMapped:        0 kB
CmaTotal:              0 kB
CmaFree:               0 kB
HugePages_Total:       0
HugePages_Free:        0
HugePages_Rsvd:        0
HugePages_Surp:        0
Hugepagesize:       2048 kB
Hugetlb:               0 kB
DirectMap4k:      143296 kB
DirectMap2M:     5267456 kB


/proc/sys/kernel/threads-max (system-wide limit on the number of threads):
40547


/proc/sys/vm/max_map_count (maximum number of memory map areas a process may have):
65530


/proc/sys/kernel/pid_max (system-wide limit on number of process identifiers):
32768



container (cgroup) information:
container_type: cgroupv1
cpu_cpuset_cpus: 0-3
cpu_memory_nodes: 0
active_processor_count: 4
cpu_quota: no quota
cpu_period: 100000
cpu_shares: no shares
memory_limit_in_bytes: unlimited
memory_and_swap_limit_in_bytes: not supported
memory_soft_limit_in_bytes: unlimited
memory_usage_in_bytes: 4736962560
memory_max_usage_in_bytes: unlimited

KVM virtualization detected
Steal ticks since vm start: 0
Steal ticks percentage since vm start:  0,000

CPU:total 4 (initial active 4) (4 cores per cpu, 1 threads per core) family 6 model 60 stepping 3, cmov, cx8, fxsr, mmx, sse, sse2, sse3, ssse3, sse4.1, sse4.2, popcnt, avx, avx2, aes, clmul, lzcnt, tsc, tscinvbit
CPU Model and flags from /proc/cpuinfo:
model name	: Intel(R) Core(TM) i7-4700HQ CPU @ 2.40GHz
flags		: fpu vme de pse tsc msr pae mce cx8 apic sep mtrr pge mca cmov pat pse36 clflush mmx fxsr sse sse2 ht syscall nx rdtscp lm constant_tsc rep_good nopl xtopology nonstop_tsc cpuid tsc_known_freq pni pclmulqdq ssse3 cx16 pcid sse4_1 sse4_2 x2apic movbe popcnt aes xsave avx rdrand hypervisor lahf_lm abm invpcid_single pti fsgsbase avx2 invpcid flush_l1d

Memory: 4k page, physical 5234980k(316404k free), swap 2097148k(1957360k free)

vm_info: OpenJDK 64-Bit Server VM (13-internal+0-adhoc.dmitry.loom) for linux-amd64 JRE (13-internal+0-adhoc.dmitry.loom), built on May 19 2019 16:59:33 by "dmitry" with gcc 7.4.0

END.
