#
# A fatal error has been detected by the Java Runtime Environment:
#
#  SIGSEGV (0xb) at pc=0x00007f181fcbd5ff, pid=27124, tid=27159
#
# JRE version: OpenJDK Runtime Environment (13.0) (slowdebug build 13-internal+0-adhoc.dmitry.loom)
# Java VM: OpenJDK 64-Bit Server VM (slowdebug 13-internal+0-adhoc.dmitry.loom, mixed mode, tiered, compressed oops, g1 gc, linux-amd64)
# Problematic frame:
# V  [libjvm.so+0x11625ff]  SafepointSynchronize::handle_polling_page_exception(JavaThread*)+0x17
#
# Core dump will be written. Default location: Core dumps may be processed with "/usr/share/apport/apport %p %s %c %d %P" (or dumping to /home/dmitry/Downloads/LoadDetector/core.27124)
#
# If you would like to submit a bug report, please visit:
#   http://bugreport.java.com/bugreport/crash.jsp
#

---------------  S U M M A R Y ------------

Command Line: -Didea.launcher.port=19151 -Didea.launcher.bin.path=/home/dmitry/Downloads/idea-IC-183.5912.21/bin -Dfile.encoding=UTF-8 com.intellij.rt.execution.application.AppMainV2 Main

Host: dmitry-VirtualBox, Intel(R) Core(TM) i7-4700HQ CPU @ 2.40GHz, 4 cores, 4G, Ubuntu 18.04.2 LTS
Time: Thu Jun 13 09:34:32 2019 MSK elapsed time: 12 seconds (0d 0h 0m 12s)

---------------  T H R E A D  ---------------

Current thread (0x00007f1818628000):  JavaThread "Thread-1" [_thread_in_Java, id=27159, stack(0x00007f17ee06f000,0x00007f17ee170000)]

Stack: [0x00007f17ee06f000,0x00007f17ee170000],  sp=0x00007f17ee16d850,  free space=1018k
Native frames: (J=compiled Java code, A=aot compiled Java code, j=interpreted, Vv=VM code, C=native code)
V  [libjvm.so+0x11625ff]  SafepointSynchronize::handle_polling_page_exception(JavaThread*)+0x17
v  ~SafepointBlob


siginfo: si_signo: 11 (SIGSEGV), si_code: 128 (SI_KERNEL), si_addr: 0x0000000000000000

Register to memory mapping:

RAX=0xbababababababb0a is an unknown value
RBX=0xbabababababababa is an unknown value
RCX=0x0000000030000001 is an unknown value
RDX=0x0000000000000004 is an unknown value
RSP=0x00007f17ee16d850 is pointing into the stack for thread: 0x00007f1818628000
RBP=0x00007f17ee16d870 is pointing into the stack for thread: 0x00007f1818628000
RSI=0x00007f17ee06d300 points into unknown readable memory: 20 d3 06 ee 17 7f 00 00
RDI=0x00007f181862a000 points into unknown readable memory: ba ba ba ba ba ba ba ba
R8 =0x000000001a3272b7 is an unknown value
R9 =0x00007f17ee06ad90 points into unknown readable memory: 00 00 00 00 00 00 00 00
R10=0x00007f1821cb1008 is an unknown value
R11=0x0000000017d78400 is an unknown value
R12=0x0 is NULL
R13=0x00007f1810afb5e8 is at entry_point+168 in (nmethod*)0x00007f1810afb390
R14=0x00007f17ee06d378 points into unknown readable memory: af d3 06 ee 17 7f 00 00
R15=0x00007f181862a000 points into unknown readable memory: ba ba ba ba ba ba ba ba


Registers:
RAX=0xbababababababb0a, RBX=0xbabababababababa, RCX=0x0000000030000001, RDX=0x0000000000000004
RSP=0x00007f17ee16d850, RBP=0x00007f17ee16d870, RSI=0x00007f17ee06d300, RDI=0x00007f181862a000
R8 =0x000000001a3272b7, R9 =0x00007f17ee06ad90, R10=0x00007f1821cb1008, R11=0x0000000017d78400
R12=0x0000000000000000, R13=0x00007f1810afb5e8, R14=0x00007f17ee06d378, R15=0x00007f181862a000
RIP=0x00007f181fcbd5ff, EFLAGS=0x0000000000010286, CSGSFS=0x002b000000000033, ERR=0x0000000000000000
  TRAPNO=0x000000000000000d

Top of Stack: (sp=0x00007f17ee16d850)
0x00007f17ee16d850:   00007f17ee16d880 00007f181862a000
0x00007f17ee16d860:   00007f17ee06d380 00007f17ee16d880
0x00007f17ee16d870:   00007f17ee16e390 00007f180905da4c
0x00007f17ee16d880:   000000000000037f 0000000000000000 

Instructions: (pc=0x00007f181fcbd5ff)
0x00007f181fcbd4ff:   ee 07 01 48 8b 00 c6 00 58 8b 45 f4 89 c1 48 8d
0x00007f181fcbd50f:   15 fc f8 7a 00 be 3f 03 00 00 48 8d 3d 40 ee 7a
0x00007f181fcbd51f:   00 b8 00 00 00 00 e8 33 60 79 ff e8 3d f6 f0 ff
0x00007f181fcbd52f:   48 8b 45 e8 48 89 c7 e8 df 1a 00 00 48 89 c7 e8
0x00007f181fcbd53f:   d3 05 00 00 48 85 c0 0f 95 c0 84 c0 74 36 48 8d
0x00007f181fcbd54f:   05 2c ee 07 01 48 8b 00 c6 00 58 48 8d 0d d7 f8
0x00007f181fcbd55f:   7a 00 48 8d 15 08 f9 7a 00 be 42 03 00 00 48 8d
0x00007f181fcbd56f:   3d ec ed 7a 00 b8 00 00 00 00 e8 74 5d 79 ff e8
0x00007f181fcbd57f:   e9 f5 f0 ff 83 7d f4 0b 74 1d 83 7d f4 07 74 17
0x00007f181fcbd58f:   48 8b 45 e8 48 89 c7 e8 89 e8 57 ff 84 c0 74 07
0x00007f181fcbd59f:   b8 01 00 00 00 eb 05 b8 00 00 00 00 84 c0 74 36
0x00007f181fcbd5af:   48 8b 45 e8 48 89 c7 e8 93 1a 00 00 83 f0 01 84
0x00007f181fcbd5bf:   c0 74 0d 83 7d f4 05 74 07 b8 01 00 00 00 eb 05
0x00007f181fcbd5cf:   b8 00 00 00 00 0f b6 d0 48 8b 45 e8 89 d6 48 89
0x00007f181fcbd5df:   c7 e8 ad 03 1c 00 c9 c3 90 55 48 89 e5 48 83 ec
0x00007f181fcbd5ef:   20 48 89 7d e8 48 8b 45 e8 48 8b 00 48 83 c0 50
0x00007f181fcbd5ff:   48 8b 00 48 8b 55 e8 48 89 d7 ff d0 83 f0 01 84
0x00007f181fcbd60f:   c0 74 36 48 8d 05 67 ed 07 01 48 8b 00 c6 00 58
0x00007f181fcbd61f:   48 8d 0d ca f8 7a 00 48 8d 15 83 f7 7a 00 be 64
0x00007f181fcbd62f:   03 00 00 48 8d 3d 27 ed 7a 00 b8 00 00 00 00 e8
0x00007f181fcbd63f:   af 5c 79 ff e8 24 f5 f0 ff 48 8b 45 e8 48 89 c7
0x00007f181fcbd64f:   e8 f6 89 45 ff 83 f8 08 0f 95 c0 84 c0 74 36 48
0x00007f181fcbd65f:   8d 05 1b ed 07 01 48 8b 00 c6 00 58 48 8d 0d a9
0x00007f181fcbd66f:   f8 7a 00 48 8d 15 47 ec 7a 00 be 65 03 00 00 48
0x00007f181fcbd67f:   8d 3d db ec 7a 00 b8 00 00 00 00 e8 63 5c 79 ff
0x00007f181fcbd68f:   e8 d8 f4 f0 ff 48 8d 05 de fc 07 01 0f b6 00 83
0x00007f181fcbd69f:   f0 01 84 c0 74 42 e8 2c e3 97 ff 83 f0 01 84 c0
0x00007f181fcbd6af:   74 36 48 8d 05 c8 ec 07 01 48 8b 00 c6 00 58 48
0x00007f181fcbd6bf:   8d 0d 73 f8 7a 00 48 8d 15 a4 f8 7a 00 be 67 03
0x00007f181fcbd6cf:   00 00 48 8d 3d 88 ec 7a 00 b8 00 00 00 00 e8 10
0x00007f181fcbd6df:   5c 79 ff e8 85 f4 f0 ff bf 03 00 00 00 e8 69 37
0x00007f181fcbd6ef:   00 00 84 c0 74 11 be 08 00 00 00 48 8d 3d 87 57 


Stack slot to memory mapping:
stack at sp + 0 slots: 0x00007f17ee16d880 is pointing into the stack for thread: 0x00007f1818628000
stack at sp + 1 slots: 0x00007f181862a000 points into unknown readable memory: ba ba ba ba ba ba ba ba
stack at sp + 2 slots: 0x00007f17ee06d380 points into unknown readable memory: b0 d3 06 ee 17 7f 00 00
stack at sp + 3 slots: 0x00007f17ee16d880 is pointing into the stack for thread: 0x00007f1818628000
stack at sp + 4 slots: 0x00007f17ee16e390 is pointing into the stack for thread: 0x00007f1818628000
stack at sp + 5 slots: 0x00007f180905da4c is at code_begin+140 in 
[CodeBlob (0x00007f180905d910)]
Framesize: 356
SafepointBlob
stack at sp + 6 slots: 0x000000000000037f is an unknown value
stack at sp + 7 slots: 0x0 is NULL


---------------  P R O C E S S  ---------------

uid  : 1000 euid : 1000 gid  : 1000 egid : 1000

umask: 0022 (----w--w-)

Threads class SMR info:
_java_thread_list=0x00007f17b0004ec0, length=12, elements={
0x00007f1818270800, 0x00007f1818276800, 0x00007f18182bb000, 0x00007f18182bd800,
0x00007f18182c0000, 0x00007f18182cb000, 0x00007f1818325000, 0x00007f1818550000,
0x00007f17d8001000, 0x00007f18185ba800, 0x00007f1818628000, 0x00007f1818021800
}
_java_thread_list_alloc_cnt=17, _java_thread_list_free_cnt=15, _java_thread_list_max=13, _nested_thread_list_max=0
_tlh_cnt=113, _tlh_times=22, avg_tlh_time=0,19, _tlh_time_max=8
_deleted_thread_cnt=2, _deleted_thread_times=0, avg_deleted_thread_time=0,00, _deleted_thread_time_max=0
_delete_lock_wait_cnt=0, _delete_lock_wait_max=0
_to_delete_list_cnt=0, _to_delete_list_max=1

Java Threads: ( => current thread )
  0x00007f1818270800 JavaThread "Reference Handler" daemon [_thread_blocked, id=27139, stack(0x00007f17efd7c000,0x00007f17efe7d000)]
  0x00007f1818276800 JavaThread "Finalizer" daemon [_thread_blocked, id=27140, stack(0x00007f17efc7b000,0x00007f17efd7c000)]
  0x00007f18182bb000 JavaThread "Signal Dispatcher" daemon [_thread_blocked, id=27143, stack(0x00007f17ef1ab000,0x00007f17ef2ac000)]
  0x00007f18182bd800 JavaThread "C2 CompilerThread0" daemon [_thread_blocked, id=27144, stack(0x00007f17ef0aa000,0x00007f17ef1ab000)]
  0x00007f18182c0000 JavaThread "C1 CompilerThread0" daemon [_thread_blocked, id=27145, stack(0x00007f17eefa9000,0x00007f17ef0aa000)]
  0x00007f18182cb000 JavaThread "Sweeper thread" daemon [_thread_blocked, id=27146, stack(0x00007f17eeea8000,0x00007f17eefa9000)]
  0x00007f1818325000 JavaThread "Common-Cleaner" daemon [_thread_blocked, id=27151, stack(0x00007f17ee978000,0x00007f17eea79000)]
  0x00007f1818550000 JavaThread "Service Thread" daemon [_thread_blocked, id=27153, stack(0x00007f17ee877000,0x00007f17ee978000)]
  0x00007f17d8001000 JavaThread "Attach Listener" daemon [_thread_blocked, id=27156, stack(0x00007f17ee674000,0x00007f17ee775000)]
  0x00007f18185ba800 JavaThread "Monitor Ctrl-Break" daemon [_thread_in_native, id=27158, stack(0x00007f17ee573000,0x00007f17ee674000)]
=>0x00007f1818628000 JavaThread "Thread-1" [_thread_in_Java, id=27159, stack(0x00007f17ee06f000,0x00007f17ee170000)]
  0x00007f1818021800 JavaThread "DestroyJavaVM" [_thread_blocked, id=27126, stack(0x00007f1821b9d000,0x00007f1821c9e000)]

Other Threads:
  0x00007f181824d000 VMThread "VM Thread" [stack: 0x00007f17efe7f000,0x00007f17eff7f000] [id=27137]
  0x00007f1818553000 WatcherThread [stack: 0x00007f17ee777000,0x00007f17ee877000] [id=27154]
  0x00007f181806d800 GCTaskThread "GC Thread#0" [stack: 0x00007f181c8ae000,0x00007f181c9ae000] [id=27130]
  0x00007f1818077800 ConcurrentGCThread "G1 Main Marker" [stack: 0x00007f181c7ac000,0x00007f181c8ac000] [id=27131]
  0x00007f1818079800 ConcurrentGCThread "G1 Conc#0" [stack: 0x00007f181c6aa000,0x00007f181c7aa000] [id=27133]
  0x00007f18180d9000 ConcurrentGCThread "G1 Refine#0" [stack: 0x00007f181c1a4000,0x00007f181c2a4000] [id=27135]
  0x00007f18180db000 ConcurrentGCThread "G1 Young RemSet Sampling" [stack: 0x00007f181c0a2000,0x00007f181c1a2000] [id=27136]

Threads with active compile tasks:

VM state:not at safepoint (normal execution)

VM Mutex/Monitor currently owned by a thread: None

Heap address: 0x00000000b0000000, size: 1280 MB, Compressed Oops mode: 32-bit
Narrow klass base: 0x0000000000000000, Narrow klass shift: 3
Compressed class space size: 1073741824 Address: 0x0000000100000000

Heap:
 garbage-first heap   total 81920K, used 10240K [0x00000000b0000000, 0x0000000100000000)
  region size 1024K, 11 young (11264K), 0 survivors (0K)
 Metaspace       used 9153K, capacity 9438K, committed 9728K, reserved 1058816K
  class space    used 839K, capacity 926K, committed 1024K, reserved 1048576K
Heap Regions: E=young(eden), S=young(survivor), O=old, HS=humongous(starts), HC=humongous(continues), CS=collection set, F=free, A=archive, TAMS=top-at-mark-start (previous, next)
|   0|0x00000000b0000000, 0x00000000b0000000, 0x00000000b0100000|  0%| F|  |TAMS 0x00000000b0000000, 0x00000000b0000000| Untracked 
|   1|0x00000000b0100000, 0x00000000b0100000, 0x00000000b0200000|  0%| F|  |TAMS 0x00000000b0100000, 0x00000000b0100000| Untracked 
|   2|0x00000000b0200000, 0x00000000b0200000, 0x00000000b0300000|  0%| F|  |TAMS 0x00000000b0200000, 0x00000000b0200000| Untracked 
|   3|0x00000000b0300000, 0x00000000b0300000, 0x00000000b0400000|  0%| F|  |TAMS 0x00000000b0300000, 0x00000000b0300000| Untracked 
|   4|0x00000000b0400000, 0x00000000b0400000, 0x00000000b0500000|  0%| F|  |TAMS 0x00000000b0400000, 0x00000000b0400000| Untracked 
|   5|0x00000000b0500000, 0x00000000b0500000, 0x00000000b0600000|  0%| F|  |TAMS 0x00000000b0500000, 0x00000000b0500000| Untracked 
|   6|0x00000000b0600000, 0x00000000b0600000, 0x00000000b0700000|  0%| F|  |TAMS 0x00000000b0600000, 0x00000000b0600000| Untracked 
|   7|0x00000000b0700000, 0x00000000b0700000, 0x00000000b0800000|  0%| F|  |TAMS 0x00000000b0700000, 0x00000000b0700000| Untracked 
|   8|0x00000000b0800000, 0x00000000b0800000, 0x00000000b0900000|  0%| F|  |TAMS 0x00000000b0800000, 0x00000000b0800000| Untracked 
|   9|0x00000000b0900000, 0x00000000b0900000, 0x00000000b0a00000|  0%| F|  |TAMS 0x00000000b0900000, 0x00000000b0900000| Untracked 
|  10|0x00000000b0a00000, 0x00000000b0a00000, 0x00000000b0b00000|  0%| F|  |TAMS 0x00000000b0a00000, 0x00000000b0a00000| Untracked 
|  11|0x00000000b0b00000, 0x00000000b0b00000, 0x00000000b0c00000|  0%| F|  |TAMS 0x00000000b0b00000, 0x00000000b0b00000| Untracked 
|  12|0x00000000b0c00000, 0x00000000b0c00000, 0x00000000b0d00000|  0%| F|  |TAMS 0x00000000b0c00000, 0x00000000b0c00000| Untracked 
|  13|0x00000000b0d00000, 0x00000000b0d00000, 0x00000000b0e00000|  0%| F|  |TAMS 0x00000000b0d00000, 0x00000000b0d00000| Untracked 
|  14|0x00000000b0e00000, 0x00000000b0e00000, 0x00000000b0f00000|  0%| F|  |TAMS 0x00000000b0e00000, 0x00000000b0e00000| Untracked 
|  15|0x00000000b0f00000, 0x00000000b0f00000, 0x00000000b1000000|  0%| F|  |TAMS 0x00000000b0f00000, 0x00000000b0f00000| Untracked 
|  16|0x00000000b1000000, 0x00000000b1000000, 0x00000000b1100000|  0%| F|  |TAMS 0x00000000b1000000, 0x00000000b1000000| Untracked 
|  17|0x00000000b1100000, 0x00000000b1100000, 0x00000000b1200000|  0%| F|  |TAMS 0x00000000b1100000, 0x00000000b1100000| Untracked 
|  18|0x00000000b1200000, 0x00000000b1200000, 0x00000000b1300000|  0%| F|  |TAMS 0x00000000b1200000, 0x00000000b1200000| Untracked 
|  19|0x00000000b1300000, 0x00000000b1300000, 0x00000000b1400000|  0%| F|  |TAMS 0x00000000b1300000, 0x00000000b1300000| Untracked 
|  20|0x00000000b1400000, 0x00000000b1400000, 0x00000000b1500000|  0%| F|  |TAMS 0x00000000b1400000, 0x00000000b1400000| Untracked 
|  21|0x00000000b1500000, 0x00000000b1500000, 0x00000000b1600000|  0%| F|  |TAMS 0x00000000b1500000, 0x00000000b1500000| Untracked 
|  22|0x00000000b1600000, 0x00000000b1600000, 0x00000000b1700000|  0%| F|  |TAMS 0x00000000b1600000, 0x00000000b1600000| Untracked 
|  23|0x00000000b1700000, 0x00000000b1700000, 0x00000000b1800000|  0%| F|  |TAMS 0x00000000b1700000, 0x00000000b1700000| Untracked 
|  24|0x00000000b1800000, 0x00000000b1800000, 0x00000000b1900000|  0%| F|  |TAMS 0x00000000b1800000, 0x00000000b1800000| Untracked 
|  25|0x00000000b1900000, 0x00000000b1900000, 0x00000000b1a00000|  0%| F|  |TAMS 0x00000000b1900000, 0x00000000b1900000| Untracked 
|  26|0x00000000b1a00000, 0x00000000b1a00000, 0x00000000b1b00000|  0%| F|  |TAMS 0x00000000b1a00000, 0x00000000b1a00000| Untracked 
|  27|0x00000000b1b00000, 0x00000000b1b00000, 0x00000000b1c00000|  0%| F|  |TAMS 0x00000000b1b00000, 0x00000000b1b00000| Untracked 
|  28|0x00000000b1c00000, 0x00000000b1c00000, 0x00000000b1d00000|  0%| F|  |TAMS 0x00000000b1c00000, 0x00000000b1c00000| Untracked 
|  29|0x00000000b1d00000, 0x00000000b1d00000, 0x00000000b1e00000|  0%| F|  |TAMS 0x00000000b1d00000, 0x00000000b1d00000| Untracked 
|  30|0x00000000b1e00000, 0x00000000b1e00000, 0x00000000b1f00000|  0%| F|  |TAMS 0x00000000b1e00000, 0x00000000b1e00000| Untracked 
|  31|0x00000000b1f00000, 0x00000000b1f00000, 0x00000000b2000000|  0%| F|  |TAMS 0x00000000b1f00000, 0x00000000b1f00000| Untracked 
|  32|0x00000000b2000000, 0x00000000b2000000, 0x00000000b2100000|  0%| F|  |TAMS 0x00000000b2000000, 0x00000000b2000000| Untracked 
|  33|0x00000000b2100000, 0x00000000b2100000, 0x00000000b2200000|  0%| F|  |TAMS 0x00000000b2100000, 0x00000000b2100000| Untracked 
|  34|0x00000000b2200000, 0x00000000b2200000, 0x00000000b2300000|  0%| F|  |TAMS 0x00000000b2200000, 0x00000000b2200000| Untracked 
|  35|0x00000000b2300000, 0x00000000b2300000, 0x00000000b2400000|  0%| F|  |TAMS 0x00000000b2300000, 0x00000000b2300000| Untracked 
|  36|0x00000000b2400000, 0x00000000b2400000, 0x00000000b2500000|  0%| F|  |TAMS 0x00000000b2400000, 0x00000000b2400000| Untracked 
|  37|0x00000000b2500000, 0x00000000b2500000, 0x00000000b2600000|  0%| F|  |TAMS 0x00000000b2500000, 0x00000000b2500000| Untracked 
|  38|0x00000000b2600000, 0x00000000b2600000, 0x00000000b2700000|  0%| F|  |TAMS 0x00000000b2600000, 0x00000000b2600000| Untracked 
|  39|0x00000000b2700000, 0x00000000b2700000, 0x00000000b2800000|  0%| F|  |TAMS 0x00000000b2700000, 0x00000000b2700000| Untracked 
|  40|0x00000000b2800000, 0x00000000b2800000, 0x00000000b2900000|  0%| F|  |TAMS 0x00000000b2800000, 0x00000000b2800000| Untracked 
|  41|0x00000000b2900000, 0x00000000b2900000, 0x00000000b2a00000|  0%| F|  |TAMS 0x00000000b2900000, 0x00000000b2900000| Untracked 
|  42|0x00000000b2a00000, 0x00000000b2a00000, 0x00000000b2b00000|  0%| F|  |TAMS 0x00000000b2a00000, 0x00000000b2a00000| Untracked 
|  43|0x00000000b2b00000, 0x00000000b2b00000, 0x00000000b2c00000|  0%| F|  |TAMS 0x00000000b2b00000, 0x00000000b2b00000| Untracked 
|  44|0x00000000b2c00000, 0x00000000b2c00000, 0x00000000b2d00000|  0%| F|  |TAMS 0x00000000b2c00000, 0x00000000b2c00000| Untracked 
|  45|0x00000000b2d00000, 0x00000000b2d00000, 0x00000000b2e00000|  0%| F|  |TAMS 0x00000000b2d00000, 0x00000000b2d00000| Untracked 
|  46|0x00000000b2e00000, 0x00000000b2e00000, 0x00000000b2f00000|  0%| F|  |TAMS 0x00000000b2e00000, 0x00000000b2e00000| Untracked 
|  47|0x00000000b2f00000, 0x00000000b2f00000, 0x00000000b3000000|  0%| F|  |TAMS 0x00000000b2f00000, 0x00000000b2f00000| Untracked 
|  48|0x00000000b3000000, 0x00000000b3000000, 0x00000000b3100000|  0%| F|  |TAMS 0x00000000b3000000, 0x00000000b3000000| Untracked 
|  49|0x00000000b3100000, 0x00000000b3100000, 0x00000000b3200000|  0%| F|  |TAMS 0x00000000b3100000, 0x00000000b3100000| Untracked 
|  50|0x00000000b3200000, 0x00000000b3200000, 0x00000000b3300000|  0%| F|  |TAMS 0x00000000b3200000, 0x00000000b3200000| Untracked 
|  51|0x00000000b3300000, 0x00000000b3300000, 0x00000000b3400000|  0%| F|  |TAMS 0x00000000b3300000, 0x00000000b3300000| Untracked 
|  52|0x00000000b3400000, 0x00000000b3400000, 0x00000000b3500000|  0%| F|  |TAMS 0x00000000b3400000, 0x00000000b3400000| Untracked 
|  53|0x00000000b3500000, 0x00000000b3500000, 0x00000000b3600000|  0%| F|  |TAMS 0x00000000b3500000, 0x00000000b3500000| Untracked 
|  54|0x00000000b3600000, 0x00000000b3600000, 0x00000000b3700000|  0%| F|  |TAMS 0x00000000b3600000, 0x00000000b3600000| Untracked 
|  55|0x00000000b3700000, 0x00000000b3700000, 0x00000000b3800000|  0%| F|  |TAMS 0x00000000b3700000, 0x00000000b3700000| Untracked 
|  56|0x00000000b3800000, 0x00000000b3800000, 0x00000000b3900000|  0%| F|  |TAMS 0x00000000b3800000, 0x00000000b3800000| Untracked 
|  57|0x00000000b3900000, 0x00000000b3900000, 0x00000000b3a00000|  0%| F|  |TAMS 0x00000000b3900000, 0x00000000b3900000| Untracked 
|  58|0x00000000b3a00000, 0x00000000b3a00000, 0x00000000b3b00000|  0%| F|  |TAMS 0x00000000b3a00000, 0x00000000b3a00000| Untracked 
|  59|0x00000000b3b00000, 0x00000000b3b00000, 0x00000000b3c00000|  0%| F|  |TAMS 0x00000000b3b00000, 0x00000000b3b00000| Untracked 
|  60|0x00000000b3c00000, 0x00000000b3c00000, 0x00000000b3d00000|  0%| F|  |TAMS 0x00000000b3c00000, 0x00000000b3c00000| Untracked 
|  61|0x00000000b3d00000, 0x00000000b3d00000, 0x00000000b3e00000|  0%| F|  |TAMS 0x00000000b3d00000, 0x00000000b3d00000| Untracked 
|  62|0x00000000b3e00000, 0x00000000b3e00000, 0x00000000b3f00000|  0%| F|  |TAMS 0x00000000b3e00000, 0x00000000b3e00000| Untracked 
|  63|0x00000000b3f00000, 0x00000000b3f00000, 0x00000000b4000000|  0%| F|  |TAMS 0x00000000b3f00000, 0x00000000b3f00000| Untracked 
|  64|0x00000000b4000000, 0x00000000b4000000, 0x00000000b4100000|  0%| F|  |TAMS 0x00000000b4000000, 0x00000000b4000000| Untracked 
|  65|0x00000000b4100000, 0x00000000b4100000, 0x00000000b4200000|  0%| F|  |TAMS 0x00000000b4100000, 0x00000000b4100000| Untracked 
|  66|0x00000000b4200000, 0x00000000b4200000, 0x00000000b4300000|  0%| F|  |TAMS 0x00000000b4200000, 0x00000000b4200000| Untracked 
|  67|0x00000000b4300000, 0x00000000b4300000, 0x00000000b4400000|  0%| F|  |TAMS 0x00000000b4300000, 0x00000000b4300000| Untracked 
|  68|0x00000000b4400000, 0x00000000b4400000, 0x00000000b4500000|  0%| F|  |TAMS 0x00000000b4400000, 0x00000000b4400000| Untracked 
|  69|0x00000000b4500000, 0x00000000b45482f8, 0x00000000b4600000| 28%| E|  |TAMS 0x00000000b4500000, 0x00000000b4500000| Complete 
|  70|0x00000000b4600000, 0x00000000b4700000, 0x00000000b4700000|100%| E|CS|TAMS 0x00000000b4600000, 0x00000000b4600000| Complete 
|  71|0x00000000b4700000, 0x00000000b4800000, 0x00000000b4800000|100%| E|CS|TAMS 0x00000000b4700000, 0x00000000b4700000| Complete 
|  72|0x00000000b4800000, 0x00000000b4900000, 0x00000000b4900000|100%| E|CS|TAMS 0x00000000b4800000, 0x00000000b4800000| Complete 
|  73|0x00000000b4900000, 0x00000000b4a00000, 0x00000000b4a00000|100%| E|CS|TAMS 0x00000000b4900000, 0x00000000b4900000| Complete 
|  74|0x00000000b4a00000, 0x00000000b4b00000, 0x00000000b4b00000|100%| E|CS|TAMS 0x00000000b4a00000, 0x00000000b4a00000| Complete 
|  75|0x00000000b4b00000, 0x00000000b4c00000, 0x00000000b4c00000|100%| E|CS|TAMS 0x00000000b4b00000, 0x00000000b4b00000| Complete 
|  76|0x00000000b4c00000, 0x00000000b4d00000, 0x00000000b4d00000|100%| E|CS|TAMS 0x00000000b4c00000, 0x00000000b4c00000| Complete 
|  77|0x00000000b4d00000, 0x00000000b4e00000, 0x00000000b4e00000|100%| E|CS|TAMS 0x00000000b4d00000, 0x00000000b4d00000| Complete 
|  78|0x00000000b4e00000, 0x00000000b4f00000, 0x00000000b4f00000|100%| E|CS|TAMS 0x00000000b4e00000, 0x00000000b4e00000| Complete 
|  79|0x00000000b4f00000, 0x00000000b5000000, 0x00000000b5000000|100%| E|CS|TAMS 0x00000000b4f00000, 0x00000000b4f00000| Complete 

Card table byte_map: [0x00007f181cc2e000,0x00007f181ceae000] _byte_map_base: 0x00007f181c6ae000

Marking Bits (Prev, Next): (CMBitMap*) 0x00007f181806ef20, (CMBitMap*) 0x00007f181806ef60
 Prev Bits: [0x00007f1807c00000, 0x00007f1809000000)
 Next Bits: [0x00007f1806800000, 0x00007f1807c00000)

Polling page: 0x00007f1821cb1000

Metaspace:

Usage:
  Non-class:      8,31 MB capacity,     8,12 MB ( 98%) used,   180,20 KB (  2%) free+waste,    18,44 KB ( <1%) overhead. 
      Class:    926,00 KB capacity,   839,95 KB ( 91%) used,    75,80 KB (  8%) free+waste,    10,25 KB (  1%) overhead. 
       Both:      9,22 MB capacity,     8,94 MB ( 97%) used,   256,00 KB (  3%) free+waste,    28,69 KB ( <1%) overhead. 

Virtual space:
  Non-class space:       10,00 MB reserved,       8,50 MB ( 85%) committed 
      Class space:        1,00 GB reserved,       1,00 MB ( <1%) committed 
             Both:        1,01 GB reserved,       9,50 MB ( <1%) committed 

Chunk freelists:
   Non-Class:  0 bytes
       Class:  0 bytes
        Both:  0 bytes

MaxMetaspaceSize: unlimited
CompressedClassSpaceSize: 1,00 GB

CodeHeap 'non-profiled nmethods': size=120032Kb used=224Kb max_used=224Kb free=119807Kb
 bounds [0x00007f1810ac8000, 0x00007f1810d38000, 0x00007f1818000000]
CodeHeap 'profiled nmethods': size=120032Kb used=614Kb max_used=614Kb free=119417Kb
 bounds [0x00007f1809590000, 0x00007f1809800000, 0x00007f1810ac8000]
CodeHeap 'non-nmethods': size=5696Kb used=2073Kb max_used=2085Kb free=3622Kb
 bounds [0x00007f1809000000, 0x00007f1809270000, 0x00007f1809590000]
 total_blobs=1399 nmethods=327 adapters=868
 compilation: enabled
              stopped_count=0, restarted_count=0
 full_count=0

Compilation events (10 events):
Event: 9,836 Thread 0x00007f18182c0000  615       3       sun.invoke.util.VerifyAccess::isTypeVisible (118 bytes)
Event: 9,893 Thread 0x00007f18182bd800  650       4       jdk.internal.org.objectweb.asm.ByteVector::putShort (52 bytes)
Event: 9,910 Thread 0x00007f18182bd800 nmethod 650 0x00007f1810aff210 code [0x00007f1810aff3a0, 0x00007f1810aff4d8]
Event: 9,976 Thread 0x00007f18182c0000 nmethod 615 0x00007f1809622b90 code [0x00007f18096231a0, 0x00007f1809625ce0]
Event: 9,977 Thread 0x00007f18182c0000  649       3       jdk.internal.org.objectweb.asm.Frame::push (109 bytes)
Event: 9,999 Thread 0x00007f18182c0000 nmethod 649 0x00007f1809627110 code [0x00007f1809627460, 0x00007f1809628270]
Event: 9,999 Thread 0x00007f18182c0000  644       3       java.lang.StringBuilder::<init> (7 bytes)
Event: 10,003 Thread 0x00007f18182c0000 nmethod 644 0x00007f1809628690 code [0x00007f1809628840, 0x00007f18096289f0]
Event: 10,003 Thread 0x00007f18182c0000  636       3       java.util.Arrays::equals (57 bytes)
Event: 10,029 Thread 0x00007f18182c0000 nmethod 636 0x00007f1809628b10 code [0x00007f1809628d80, 0x00007f1809629650]

GC Heap History (0 events):
No events

Deoptimization events (3 events):
Event: 4,198 Thread 0x00007f1818021800 Uncommon trap: reason=unstable_if action=reinterpret pc=0x00007f1810ad6000 method=java.io.DataInputStream.readUTF(Ljava/io/DataInput;)Ljava/lang/String; @ 31 c2
Event: 6,990 Thread 0x00007f181862a000 Uncommon trap: reason=unreached action=reinterpret pc=0x00007f1810afa8c8 method=Main$1.run()V @ 21 c2
Event: 7,601 Thread 0x00007f181862a000 Uncommon trap: reason=unstable_if action=reinterpret pc=0x00007f1810afb14c method=Main$1.run()V @ 21 c2

Classes unloaded (0 events):
No events

Classes redefined (0 events):
No events

Internal exceptions (10 events):
Event: 6,362 Thread 0x00007f1818021800 Exception <a 'java/lang/NoSuchMethodError'{0x00000000b47b4d48}: 'java.lang.Object java.lang.invoke.DirectMethodHandle$Holder.invokeStatic(java.lang.Object, long)'> (0x00000000b47b4d48) 
thrown [/home/dmitry/Downloads/LOOM/loom/src/hotspot/share/interpreter/linkResolver.cpp, line 768]
for thread 0x00007f1818021800
Event: 6,516 Thread 0x00007f1818021800 Exception <a 'java/lang/NoSuchMethodError'{0x00000000b4609458}: 'java.lang.Object java.lang.invoke.DirectMethodHandle$Holder.invokeStatic(java.lang.Object, java.lang.Object, java.lang.Object, java.lang.Object, java.lang.Object)'> (0x00000000b4609458) 
thrown [/home/dmitry/Downloads/LOOM/loom/src/hotspot/share/interpreter/linkResolver.cpp, line 768]
for thread 0x00007f1818021800
Event: 6,637 Thread 0x00007f1818021800 Exception <a 'java/lang/NoSuchMethodError'{0x00000000b464a830}: 'java.lang.Object java.lang.invoke.DirectMethodHandle$Holder.invokeSpecial(java.lang.Object, java.lang.Object, long)'> (0x00000000b464a830) 
thrown [/home/dmitry/Downloads/LOOM/loom/src/hotspot/share/interpreter/linkResolver.cpp, line 768]
for thread 0x00007f1818021800
Event: 6,647 Thread 0x00007f1818021800 Exception <a 'java/lang/NoSuchMethodError'{0x00000000b4651458}: 'long java.lang.invoke.DirectMethodHandle$Holder.invokeStatic(java.lang.Object, long, long)'> (0x00000000b4651458) 
thrown [/home/dmitry/Downloads/LOOM/loom/src/hotspot/share/interpreter/linkResolver.cpp, line 768]
for thread 0x00007f1818021800
Event: 6,661 Thread 0x00007f1818021800 Exception <a 'java/lang/NoSuchMethodError'{0x00000000b4663bb8}: 'java.lang.Object java.lang.invoke.DirectMethodHandle$Holder.invokeStatic(java.lang.Object, java.lang.Object, java.lang.Object, java.lang.Object, java.lang.Object, java.lang.Object, java.lang.Object, java.lang.Object)'> (0x00000000b4663bb8) 
thrown [/home/dmitry/Downloads/LOOM/loom/src/hotspot/share/interpreter/linkResolver.cpp, line 768]
for thread 0x00007f1818021800
Event: 6,687 Thread 0x00007f1818021800 Exception <a 'java/lang/NoSuchMethodError'{0x00000000b467eb98}: 'java.lang.Object java.lang.invoke.DirectMethodHandle$Holder.invokeStatic(java.lang.Object, java.lang.Object, java.lang.Object, java.lang.Object, java.lang.Object, java.lang.Object, java.lang.Object, java.lang.Object, java.lang.Object)'> (0x00000000b467eb98) 
thrown [/home/dmitry/Downloads/LOOM/loom/src/hotspot/share/interpreter/linkResolver.cpp, line 768]
for thread 0x00007f1818021800
Event: 6,721 Thread 0x00007f1818021800 Exception <a 'java/lang/NoSuchMethodError'{0x00000000b469e948}: 'long java.lang.invoke.DirectMethodHandle$Holder.getLong(java.lang.Object, java.lang.Object)'> (0x00000000b469e948) 
thrown [/home/dmitry/Downloads/LOOM/loom/src/hotspot/share/interpreter/linkResolver.cpp, line 768]
for thread 0x00007f1818021800
Event: 6,784 Thread 0x00007f1818021800 Exception <a 'java/lang/NoSuchMethodError'{0x00000000b46c6368}: 'void java.lang.invoke.DirectMethodHandle$Holder.invokeStatic(java.lang.Object, java.lang.Object)'> (0x00000000b46c6368) 
thrown [/home/dmitry/Downloads/LOOM/loom/src/hotspot/share/interpreter/linkResolver.cpp, line 768]
for thread 0x00007f1818021800
Event: 9,900 Thread 0x00007f1818628000 Exception <a 'java/lang/NoSuchMethodError'{0x00000000b4533f38}: 'java.lang.Object java.lang.invoke.DirectMethodHandle$Holder.invokeStatic(java.lang.Object, java.lang.Object, java.lang.Object, java.lang.Object, java.lang.Object, java.lang.Object, java.lang.Object, long)'> (0x00000000b4533f38) 
thrown [/home/dmitry/Downloads/LOOM/loom/src/hotspot/share/interpreter/linkResolver.cpp, line 768]
for thread 0x00007f1818628000
Event: 9,917 Thread 0x00007f1818628000 Exception <a 'java/lang/NoSuchMethodError'{0x00000000b453e650}: 'java.lang.Object java.lang.invoke.Invokers$Holder.linkToTargetMethod(int, java.lang.Object)'> (0x00000000b453e650) 
thrown [/home/dmitry/Downloads/LOOM/loom/src/hotspot/share/interpreter/linkResolver.cpp, line 768]
for thread 0x00007f1818628000

Events (10 events):
Event: 7,992 Thread 0x00007f181862a000 DEOPT UNPACKING pc=0x00007f180905e4bc sp=0x00007f17ee06c800 mode 0
Event: 9,804 Executing VM operation: HandshakeOneThread
Event: 9,813 Executing VM operation: HandshakeOneThread done
Event: 9,814 Executing VM operation: RevokeBias
Event: 9,815 Executing VM operation: RevokeBias done
Event: 9,815 Thread 0x00007f181862a000 Thread exited: 0x00007f181862a000
Event: 9,883 loading class java/lang/invoke/BoundMethodHandle$Species_LLLLJ
Event: 9,883 loading class java/lang/invoke/BoundMethodHandle$Species_LLLLJ done
Event: 9,887 Executing VM operation: RevokeBias
Event: 9,887 Executing VM operation: RevokeBias done


Dynamic libraries:
b0000000-b5000000 rw-p 00000000 00:00 0 
b5000000-100000000 ---p 00000000 00:00 0 
100000000-100100000 rw-p 00000000 00:00 0 
100100000-140000000 ---p 00000000 00:00 0 
55d81c2fb000-55d81c2fd000 r-xp 00000000 08:01 2249140                    /home/dmitry/Downloads/LOOM/loom/build/linux-x86_64-server-slowdebug/jdk/bin/java
55d81c4fc000-55d81c4fd000 r--p 00001000 08:01 2249140                    /home/dmitry/Downloads/LOOM/loom/build/linux-x86_64-server-slowdebug/jdk/bin/java
55d81c4fd000-55d81c4fe000 rw-p 00002000 08:01 2249140                    /home/dmitry/Downloads/LOOM/loom/build/linux-x86_64-server-slowdebug/jdk/bin/java
55d81c60a000-55d81c62b000 rw-p 00000000 00:00 0                          [heap]
7f17b0000000-7f17b0021000 rw-p 00000000 00:00 0 
7f17b0021000-7f17b4000000 ---p 00000000 00:00 0 
7f17b8000000-7f17b803e000 rw-p 00000000 00:00 0 
7f17b803e000-7f17bc000000 ---p 00000000 00:00 0 
7f17bc000000-7f17bc05c000 rw-p 00000000 00:00 0 
7f17bc05c000-7f17c0000000 ---p 00000000 00:00 0 
7f17c0000000-7f17c0021000 rw-p 00000000 00:00 0 
7f17c0021000-7f17c4000000 ---p 00000000 00:00 0 
7f17c4000000-7f17c40b0000 rw-p 00000000 00:00 0 
7f17c40b0000-7f17c8000000 ---p 00000000 00:00 0 
7f17c8000000-7f17c8021000 rw-p 00000000 00:00 0 
7f17c8021000-7f17cc000000 ---p 00000000 00:00 0 
7f17cc000000-7f17cc021000 rw-p 00000000 00:00 0 
7f17cc021000-7f17d0000000 ---p 00000000 00:00 0 
7f17d0000000-7f17d0283000 rw-p 00000000 00:00 0 
7f17d0283000-7f17d4000000 ---p 00000000 00:00 0 
7f17d4000000-7f17d4021000 rw-p 00000000 00:00 0 
7f17d4021000-7f17d8000000 ---p 00000000 00:00 0 
7f17d8000000-7f17d8021000 rw-p 00000000 00:00 0 
7f17d8021000-7f17dc000000 ---p 00000000 00:00 0 
7f17dc000000-7f17dc40e000 rw-p 00000000 00:00 0 
7f17dc40e000-7f17e0000000 ---p 00000000 00:00 0 
7f17e0000000-7f17e0021000 rw-p 00000000 00:00 0 
7f17e0021000-7f17e4000000 ---p 00000000 00:00 0 
7f17e4000000-7f17e4021000 rw-p 00000000 00:00 0 
7f17e4021000-7f17e8000000 ---p 00000000 00:00 0 
7f17e8000000-7f17e8021000 rw-p 00000000 00:00 0 
7f17e8021000-7f17ec000000 ---p 00000000 00:00 0 
7f17ed038000-7f17edf6e000 rw-p 00000000 00:00 0 
7f17edf6e000-7f17edf72000 ---p 00000000 00:00 0 
7f17edf72000-7f17ee06f000 rw-p 00000000 00:00 0 
7f17ee06f000-7f17ee073000 ---p 00000000 00:00 0 
7f17ee073000-7f17ee1f0000 rw-p 00000000 00:00 0 
7f17ee1f0000-7f17ee370000 ---p 00000000 00:00 0 
7f17ee370000-7f17ee372000 r-xp 00000000 08:01 1989531                    /home/dmitry/Downloads/LOOM/loom/build/linux-x86_64-server-slowdebug/jdk/lib/libextnet.so
7f17ee372000-7f17ee571000 ---p 00002000 08:01 1989531                    /home/dmitry/Downloads/LOOM/loom/build/linux-x86_64-server-slowdebug/jdk/lib/libextnet.so
7f17ee571000-7f17ee572000 r--p 00001000 08:01 1989531                    /home/dmitry/Downloads/LOOM/loom/build/linux-x86_64-server-slowdebug/jdk/lib/libextnet.so
7f17ee572000-7f17ee573000 rw-p 00002000 08:01 1989531                    /home/dmitry/Downloads/LOOM/loom/build/linux-x86_64-server-slowdebug/jdk/lib/libextnet.so
7f17ee573000-7f17ee577000 ---p 00000000 00:00 0 
7f17ee577000-7f17ee674000 rw-p 00000000 00:00 0 
7f17ee674000-7f17ee678000 ---p 00000000 00:00 0 
7f17ee678000-7f17ee775000 rw-p 00000000 00:00 0 
7f17ee775000-7f17ee776000 ---p 00000000 00:00 0 
7f17ee776000-7f17ee877000 rw-p 00000000 00:00 0 
7f17ee877000-7f17ee87b000 ---p 00000000 00:00 0 
7f17ee87b000-7f17ee978000 rw-p 00000000 00:00 0 
7f17ee978000-7f17ee97c000 ---p 00000000 00:00 0 
7f17ee97c000-7f17eea79000 rw-p 00000000 00:00 0 
7f17eea79000-7f17eea94000 r-xp 00000000 08:01 1989495                    /home/dmitry/Downloads/LOOM/loom/build/linux-x86_64-server-slowdebug/jdk/lib/libnet.so
7f17eea94000-7f17eec93000 ---p 0001b000 08:01 1989495                    /home/dmitry/Downloads/LOOM/loom/build/linux-x86_64-server-slowdebug/jdk/lib/libnet.so
7f17eec93000-7f17eec94000 r--p 0001a000 08:01 1989495                    /home/dmitry/Downloads/LOOM/loom/build/linux-x86_64-server-slowdebug/jdk/lib/libnet.so
7f17eec94000-7f17eec95000 rw-p 0001b000 08:01 1989495                    /home/dmitry/Downloads/LOOM/loom/build/linux-x86_64-server-slowdebug/jdk/lib/libnet.so
7f17eec95000-7f17eeca7000 r-xp 00000000 08:01 1989499                    /home/dmitry/Downloads/LOOM/loom/build/linux-x86_64-server-slowdebug/jdk/lib/libnio.so
7f17eeca7000-7f17eeea6000 ---p 00012000 08:01 1989499                    /home/dmitry/Downloads/LOOM/loom/build/linux-x86_64-server-slowdebug/jdk/lib/libnio.so
7f17eeea6000-7f17eeea7000 r--p 00011000 08:01 1989499                    /home/dmitry/Downloads/LOOM/loom/build/linux-x86_64-server-slowdebug/jdk/lib/libnio.so
7f17eeea7000-7f17eeea8000 rw-p 00012000 08:01 1989499                    /home/dmitry/Downloads/LOOM/loom/build/linux-x86_64-server-slowdebug/jdk/lib/libnio.so
7f17eeea8000-7f17eeeac000 ---p 00000000 00:00 0 
7f17eeeac000-7f17eefa9000 rw-p 00000000 00:00 0 
7f17eefa9000-7f17eefad000 ---p 00000000 00:00 0 
7f17eefad000-7f17ef0aa000 rw-p 00000000 00:00 0 
7f17ef0aa000-7f17ef0ae000 ---p 00000000 00:00 0 
7f17ef0ae000-7f17ef1ab000 rw-p 00000000 00:00 0 
7f17ef1ab000-7f17ef1af000 ---p 00000000 00:00 0 
7f17ef1af000-7f17ef2ac000 rw-p 00000000 00:00 0 
7f17ef2ac000-7f17efc7b000 r--p 00000000 08:01 10230401                   /usr/lib/locale/locale-archive
7f17efc7b000-7f17efc7f000 ---p 00000000 00:00 0 
7f17efc7f000-7f17efd7c000 rw-p 00000000 00:00 0 
7f17efd7c000-7f17efd80000 ---p 00000000 00:00 0 
7f17efd80000-7f17efe7d000 rw-p 00000000 00:00 0 
7f17efe7d000-7f17efe7e000 ---p 00000000 00:00 0 
7f17efe7e000-7f17f0000000 rw-p 00000000 00:00 0 
7f17f0000000-7f17f0021000 rw-p 00000000 00:00 0 
7f17f0021000-7f17f4000000 ---p 00000000 00:00 0 
7f17f4000000-7f17f4021000 rw-p 00000000 00:00 0 
7f17f4021000-7f17f8000000 ---p 00000000 00:00 0 
7f17f8000000-7f17f8021000 rw-p 00000000 00:00 0 
7f17f8021000-7f17fc000000 ---p 00000000 00:00 0 
7f17fc000000-7f17fc021000 rw-p 00000000 00:00 0 
7f17fc021000-7f1800000000 ---p 00000000 00:00 0 
7f1800000000-7f1800021000 rw-p 00000000 00:00 0 
7f1800021000-7f1804000000 ---p 00000000 00:00 0 
7f1804000000-7f1806940000 rw-p 00000000 00:00 0 
7f1806940000-7f1807c00000 ---p 00000000 00:00 0 
7f1807c00000-7f1807d40000 rw-p 00000000 00:00 0 
7f1807d40000-7f1809000000 ---p 00000000 00:00 0 
7f1809000000-7f1809270000 rwxp 00000000 00:00 0 
7f1809270000-7f1809590000 ---p 00000000 00:00 0 
7f1809590000-7f1809800000 rwxp 00000000 00:00 0 
7f1809800000-7f1810ac8000 ---p 00000000 00:00 0 
7f1810ac8000-7f1810d38000 rwxp 00000000 00:00 0 
7f1810d38000-7f1818000000 ---p 00000000 00:00 0 
7f1818000000-7f1818643000 rw-p 00000000 00:00 0 
7f1818643000-7f181c000000 ---p 00000000 00:00 0 
7f181c014000-7f181c0a0000 rw-p 00000000 00:00 0 
7f181c0a0000-7f181c0a1000 ---p 00000000 00:00 0 
7f181c0a1000-7f181c1a2000 rw-p 00000000 00:00 0 
7f181c1a2000-7f181c1a3000 ---p 00000000 00:00 0 
7f181c1a3000-7f181c6a8000 rw-p 00000000 00:00 0 
7f181c6a8000-7f181c6a9000 ---p 00000000 00:00 0 
7f181c6a9000-7f181c7aa000 rw-p 00000000 00:00 0 
7f181c7aa000-7f181c7ab000 ---p 00000000 00:00 0 
7f181c7ab000-7f181c8ac000 rw-p 00000000 00:00 0 
7f181c8ac000-7f181c8ad000 ---p 00000000 00:00 0 
7f181c8ad000-7f181c9d6000 rw-p 00000000 00:00 0 
7f181c9d6000-7f181cc2e000 ---p 00000000 00:00 0 
7f181cc2e000-7f181cc56000 rw-p 00000000 00:00 0 
7f181cc56000-7f181ceae000 ---p 00000000 00:00 0 
7f181ceae000-7f181ced6000 rw-p 00000000 00:00 0 
7f181ced6000-7f181d12e000 ---p 00000000 00:00 0 
7f181d12e000-7f181d537000 rw-p 00000000 00:00 0 
7f181d537000-7f181d61d000 ---p 00000000 00:00 0 
7f181d61d000-7f181d622000 rw-p 00000000 00:00 0 
7f181d622000-7f181d708000 ---p 00000000 00:00 0 
7f181d708000-7f181d728000 r-xp 00000000 08:01 1989492                    /home/dmitry/Downloads/LOOM/loom/build/linux-x86_64-server-slowdebug/jdk/lib/libjimage.so
7f181d728000-7f181d927000 ---p 00020000 08:01 1989492                    /home/dmitry/Downloads/LOOM/loom/build/linux-x86_64-server-slowdebug/jdk/lib/libjimage.so
7f181d927000-7f181d929000 r--p 0001f000 08:01 1989492                    /home/dmitry/Downloads/LOOM/loom/build/linux-x86_64-server-slowdebug/jdk/lib/libjimage.so
7f181d929000-7f181d92a000 rw-p 00021000 08:01 1989492                    /home/dmitry/Downloads/LOOM/loom/build/linux-x86_64-server-slowdebug/jdk/lib/libjimage.so
7f181d92a000-7f181d933000 r-xp 00000000 08:01 1989488                    /home/dmitry/Downloads/LOOM/loom/build/linux-x86_64-server-slowdebug/jdk/lib/libzip.so
7f181d933000-7f181db32000 ---p 00009000 08:01 1989488                    /home/dmitry/Downloads/LOOM/loom/build/linux-x86_64-server-slowdebug/jdk/lib/libzip.so
7f181db32000-7f181db33000 r--p 00008000 08:01 1989488                    /home/dmitry/Downloads/LOOM/loom/build/linux-x86_64-server-slowdebug/jdk/lib/libzip.so
7f181db33000-7f181db34000 rw-p 00009000 08:01 1989488                    /home/dmitry/Downloads/LOOM/loom/build/linux-x86_64-server-slowdebug/jdk/lib/libzip.so
7f181db34000-7f181db3f000 r-xp 00000000 08:01 1184572                    /lib/x86_64-linux-gnu/libnss_files-2.27.so
7f181db3f000-7f181dd3e000 ---p 0000b000 08:01 1184572                    /lib/x86_64-linux-gnu/libnss_files-2.27.so
7f181dd3e000-7f181dd3f000 r--p 0000a000 08:01 1184572                    /lib/x86_64-linux-gnu/libnss_files-2.27.so
7f181dd3f000-7f181dd40000 rw-p 0000b000 08:01 1184572                    /lib/x86_64-linux-gnu/libnss_files-2.27.so
7f181dd40000-7f181dd46000 rw-p 00000000 00:00 0 
7f181dd46000-7f181dd5d000 r-xp 00000000 08:01 1184566                    /lib/x86_64-linux-gnu/libnsl-2.27.so
7f181dd5d000-7f181df5c000 ---p 00017000 08:01 1184566                    /lib/x86_64-linux-gnu/libnsl-2.27.so
7f181df5c000-7f181df5d000 r--p 00016000 08:01 1184566                    /lib/x86_64-linux-gnu/libnsl-2.27.so
7f181df5d000-7f181df5e000 rw-p 00017000 08:01 1184566                    /lib/x86_64-linux-gnu/libnsl-2.27.so
7f181df5e000-7f181df60000 rw-p 00000000 00:00 0 
7f181df60000-7f181df6b000 r-xp 00000000 08:01 1184583                    /lib/x86_64-linux-gnu/libnss_nis-2.27.so
7f181df6b000-7f181e16a000 ---p 0000b000 08:01 1184583                    /lib/x86_64-linux-gnu/libnss_nis-2.27.so
7f181e16a000-7f181e16b000 r--p 0000a000 08:01 1184583                    /lib/x86_64-linux-gnu/libnss_nis-2.27.so
7f181e16b000-7f181e16c000 rw-p 0000b000 08:01 1184583                    /lib/x86_64-linux-gnu/libnss_nis-2.27.so
7f181e16c000-7f181e174000 r-xp 00000000 08:01 1184568                    /lib/x86_64-linux-gnu/libnss_compat-2.27.so
7f181e174000-7f181e374000 ---p 00008000 08:01 1184568                    /lib/x86_64-linux-gnu/libnss_compat-2.27.so
7f181e374000-7f181e375000 r--p 00008000 08:01 1184568                    /lib/x86_64-linux-gnu/libnss_compat-2.27.so
7f181e375000-7f181e376000 rw-p 00009000 08:01 1184568                    /lib/x86_64-linux-gnu/libnss_compat-2.27.so
7f181e376000-7f181e3a6000 r-xp 00000000 08:01 1989483                    /home/dmitry/Downloads/LOOM/loom/build/linux-x86_64-server-slowdebug/jdk/lib/libjava.so
7f181e3a6000-7f181e5a5000 ---p 00030000 08:01 1989483                    /home/dmitry/Downloads/LOOM/loom/build/linux-x86_64-server-slowdebug/jdk/lib/libjava.so
7f181e5a5000-7f181e5a6000 r--p 0002f000 08:01 1989483                    /home/dmitry/Downloads/LOOM/loom/build/linux-x86_64-server-slowdebug/jdk/lib/libjava.so
7f181e5a6000-7f181e5a8000 rw-p 00030000 08:01 1989483                    /home/dmitry/Downloads/LOOM/loom/build/linux-x86_64-server-slowdebug/jdk/lib/libjava.so
7f181e5a8000-7f181e5ba000 r-xp 00000000 08:01 1989472                    /home/dmitry/Downloads/LOOM/loom/build/linux-x86_64-server-slowdebug/jdk/lib/libverify.so
7f181e5ba000-7f181e7ba000 ---p 00012000 08:01 1989472                    /home/dmitry/Downloads/LOOM/loom/build/linux-x86_64-server-slowdebug/jdk/lib/libverify.so
7f181e7ba000-7f181e7bc000 r--p 00012000 08:01 1989472                    /home/dmitry/Downloads/LOOM/loom/build/linux-x86_64-server-slowdebug/jdk/lib/libverify.so
7f181e7bc000-7f181e7bd000 rw-p 00014000 08:01 1989472                    /home/dmitry/Downloads/LOOM/loom/build/linux-x86_64-server-slowdebug/jdk/lib/libverify.so
7f181e7bd000-7f181e95a000 r-xp 00000000 08:01 1184545                    /lib/x86_64-linux-gnu/libm-2.27.so
7f181e95a000-7f181eb59000 ---p 0019d000 08:01 1184545                    /lib/x86_64-linux-gnu/libm-2.27.so
7f181eb59000-7f181eb5a000 r--p 0019c000 08:01 1184545                    /lib/x86_64-linux-gnu/libm-2.27.so
7f181eb5a000-7f181eb5b000 rw-p 0019d000 08:01 1184545                    /lib/x86_64-linux-gnu/libm-2.27.so
7f181eb5b000-7f1820a3c000 r-xp 00000000 08:01 2135513                    /home/dmitry/Downloads/LOOM/loom/build/linux-x86_64-server-slowdebug/jdk/lib/server/libjvm.so
7f1820a3c000-7f1820c3c000 ---p 01ee1000 08:01 2135513                    /home/dmitry/Downloads/LOOM/loom/build/linux-x86_64-server-slowdebug/jdk/lib/server/libjvm.so
7f1820c3c000-7f1820d37000 r--p 01ee1000 08:01 2135513                    /home/dmitry/Downloads/LOOM/loom/build/linux-x86_64-server-slowdebug/jdk/lib/server/libjvm.so
7f1820d37000-7f1820d77000 rw-p 01fdc000 08:01 2135513                    /home/dmitry/Downloads/LOOM/loom/build/linux-x86_64-server-slowdebug/jdk/lib/server/libjvm.so
7f1820d77000-7f1820e4a000 rw-p 00000000 00:00 0 
7f1820e4a000-7f1820e64000 r-xp 00000000 08:01 1184615                    /lib/x86_64-linux-gnu/libpthread-2.27.so
7f1820e64000-7f1821063000 ---p 0001a000 08:01 1184615                    /lib/x86_64-linux-gnu/libpthread-2.27.so
7f1821063000-7f1821064000 r--p 00019000 08:01 1184615                    /lib/x86_64-linux-gnu/libpthread-2.27.so
7f1821064000-7f1821065000 rw-p 0001a000 08:01 1184615                    /lib/x86_64-linux-gnu/libpthread-2.27.so
7f1821065000-7f1821069000 rw-p 00000000 00:00 0 
7f1821069000-7f182106c000 r-xp 00000000 08:01 1184505                    /lib/x86_64-linux-gnu/libdl-2.27.so
7f182106c000-7f182126b000 ---p 00003000 08:01 1184505                    /lib/x86_64-linux-gnu/libdl-2.27.so
7f182126b000-7f182126c000 r--p 00002000 08:01 1184505                    /lib/x86_64-linux-gnu/libdl-2.27.so
7f182126c000-7f182126d000 rw-p 00003000 08:01 1184505                    /lib/x86_64-linux-gnu/libdl-2.27.so
7f182126d000-7f1821289000 r-xp 00000000 08:01 1184654                    /lib/x86_64-linux-gnu/libz.so.1.2.11
7f1821289000-7f1821488000 ---p 0001c000 08:01 1184654                    /lib/x86_64-linux-gnu/libz.so.1.2.11
7f1821488000-7f1821489000 r--p 0001b000 08:01 1184654                    /lib/x86_64-linux-gnu/libz.so.1.2.11
7f1821489000-7f182148a000 rw-p 0001c000 08:01 1184654                    /lib/x86_64-linux-gnu/libz.so.1.2.11
7f182148a000-7f1821671000 r-xp 00000000 08:01 1184482                    /lib/x86_64-linux-gnu/libc-2.27.so
7f1821671000-7f1821871000 ---p 001e7000 08:01 1184482                    /lib/x86_64-linux-gnu/libc-2.27.so
7f1821871000-7f1821875000 r--p 001e7000 08:01 1184482                    /lib/x86_64-linux-gnu/libc-2.27.so
7f1821875000-7f1821877000 rw-p 001eb000 08:01 1184482                    /lib/x86_64-linux-gnu/libc-2.27.so
7f1821877000-7f182187b000 rw-p 00000000 00:00 0 
7f182187b000-7f182188e000 r-xp 00000000 08:01 1989476                    /home/dmitry/Downloads/LOOM/loom/build/linux-x86_64-server-slowdebug/jdk/lib/libjli.so
7f182188e000-7f1821a8d000 ---p 00013000 08:01 1989476                    /home/dmitry/Downloads/LOOM/loom/build/linux-x86_64-server-slowdebug/jdk/lib/libjli.so
7f1821a8d000-7f1821a8e000 r--p 00012000 08:01 1989476                    /home/dmitry/Downloads/LOOM/loom/build/linux-x86_64-server-slowdebug/jdk/lib/libjli.so
7f1821a8e000-7f1821a8f000 rw-p 00013000 08:01 1989476                    /home/dmitry/Downloads/LOOM/loom/build/linux-x86_64-server-slowdebug/jdk/lib/libjli.so
7f1821a8f000-7f1821ab6000 r-xp 00000000 08:01 1184454                    /lib/x86_64-linux-gnu/ld-2.27.so
7f1821ae3000-7f1821b96000 rw-p 00000000 00:00 0 
7f1821b96000-7f1821b9d000 ---p 00000000 00:00 0 
7f1821b9d000-7f1821ba1000 ---p 00000000 00:00 0 
7f1821ba1000-7f1821ca0000 rw-p 00000000 00:00 0 
7f1821ca9000-7f1821cb1000 rw-s 00000000 08:01 525055                     /tmp/hsperfdata_dmitry/27124
7f1821cb1000-7f1821cb2000 ---p 00000000 00:00 0 
7f1821cb2000-7f1821cb3000 r--p 00000000 00:00 0 
7f1821cb3000-7f1821cb4000 ---p 00000000 00:00 0 
7f1821cb4000-7f1821cb6000 rw-p 00000000 00:00 0 
7f1821cb6000-7f1821cb7000 r--p 00027000 08:01 1184454                    /lib/x86_64-linux-gnu/ld-2.27.so
7f1821cb7000-7f1821cb8000 rw-p 00028000 08:01 1184454                    /lib/x86_64-linux-gnu/ld-2.27.so
7f1821cb8000-7f1821cb9000 rw-p 00000000 00:00 0 
7ffc93adb000-7ffc93afe000 rw-p 00000000 00:00 0                          [stack]
7ffc93b51000-7ffc93b54000 r--p 00000000 00:00 0                          [vvar]
7ffc93b54000-7ffc93b56000 r-xp 00000000 00:00 0                          [vdso]
ffffffffff600000-ffffffffff601000 r-xp 00000000 00:00 0                  [vsyscall]


VM Arguments:
jvm_args: -Didea.launcher.port=19151 -Didea.launcher.bin.path=/home/dmitry/Downloads/idea-IC-183.5912.21/bin -Dfile.encoding=UTF-8 
java_command: com.intellij.rt.execution.application.AppMainV2 Main
java_class_path (initial): /home/dmitry/Downloads/LOOM/loom/build/linux-x86_64-server-slowdebug/jdk/modules/java.base:/home/dmitry/Downloads/LOOM/loom/build/linux-x86_64-server-slowdebug/jdk/modules/java.compiler:/home/dmitry/Downloads/LOOM/loom/build/linux-x86_64-server-slowdebug/jdk/modules/java.datatransfer:/home/dmitry/Downloads/LOOM/loom/build/linux-x86_64-server-slowdebug/jdk/modules/java.desktop:/home/dmitry/Downloads/LOOM/loom/build/linux-x86_64-server-slowdebug/jdk/modules/java.instrument:/home/dmitry/Downloads/LOOM/loom/build/linux-x86_64-server-slowdebug/jdk/modules/java.logging:/home/dmitry/Downloads/LOOM/loom/build/linux-x86_64-server-slowdebug/jdk/modules/java.management:/home/dmitry/Downloads/LOOM/loom/build/linux-x86_64-server-slowdebug/jdk/modules/java.management.rmi:/home/dmitry/Downloads/LOOM/loom/build/linux-x86_64-server-slowdebug/jdk/modules/java.naming:/home/dmitry/Downloads/LOOM/loom/build/linux-x86_64-server-slowdebug/jdk/modules/java.net.http:/home/dmitry/Downloads/LOOM/loom/build/linux-x86_64-server-slowdebug/jdk/modules/java.prefs:/home/dmitry/Downloads/LOOM/loom/build/linux-x86_64-server-slowdebug/jdk/modules/java.rmi:/home/dmitry/Downloads/LOOM/loom/build/linux-x86_64-server-slowdebug/jdk/modules/java.scripting:/home/dmitry/Downloads/LOOM/loom/build/linux-x86_64-server-slowdebug/jdk/modules/java.se:/home/dmitry/Downloads/LOOM/loom/build/linux-x86_64-server-slowdebug/jdk/modules/java.security.jgss:/home/dmitry/Downloads/LOOM/loom/build/linux-x86_64-server-slowdebug/jdk/modules/java.security.sasl:/home/dmitry/Downloads/LOOM/loom/build/linux-x86_64-server-slowdebug/jdk/modules/java.smartcardio:/home/dmitry/Downloads/LOOM/loom/build/linux-x86_64-server-slowdebug/jdk/modules/java.sql:/home/dmitry/Downloads/LOOM/loom/build/linux-x86_64-server-slowdebug/jdk/modules/java.sql.rowset:/home/dmitry/Downloads/LOOM/loom/build/linux-x86_64-server-slowdebug/jdk/modules/java.transaction.xa:/home/dmitry/Downloads/LOOM/loom/build/linux-x86_64-server-slo
Launcher Type: SUN_STANDARD

[Global flags]
     intx CICompilerCount                          = 3                                         {product} {ergonomic}     Number of compiler threads to run
     uint ConcGCThreads                            = 1                                         {product} {ergonomic}     Number of threads concurrent gc will use
     uint G1ConcRefinementThreads                  = 4                                         {product} {ergonomic}     The number of parallel rem set update threads. Will be set ergonomically by default.
   size_t G1HeapRegionSize                         = 1048576                                   {product} {ergonomic}     Size of the G1 regions.
    uintx GCDrainStackTargetSize                   = 64                                        {product} {ergonomic}     Number of entries we will try to leave on the stack during parallel gc
   size_t InitialHeapSize                          = 83886080                                  {product} {ergonomic}     Initial heap size (in bytes); zero means use ergonomics
   size_t MarkStackSize                            = 4194304                                   {product} {ergonomic}     Size of marking stack
   size_t MaxHeapSize                              = 1342177280                                {product} {ergonomic}     Maximum heap size (in bytes)
   size_t MaxNewSize                               = 805306368                                 {product} {ergonomic}     Maximum new generation size (in bytes), max_uintx means set ergonomically
   size_t MinHeapDeltaBytes                        = 1048576                                   {product} {ergonomic}     The minimum change in heap space due to GC (in bytes)
    uintx NonNMethodCodeHeapSize                   = 5830732                                {pd product} {ergonomic}     Size of code heap with non-nmethods (in bytes)
    uintx NonProfiledCodeHeapSize                  = 122913754                              {pd product} {ergonomic}     Size of code heap with non-profiled methods (in bytes)
    uintx ProfiledCodeHeapSize                     = 122913754                              {pd product} {ergonomic}     Size of code heap with profiled methods (in bytes)
    uintx ReservedCodeCacheSize                    = 251658240                              {pd product} {ergonomic}     Reserved code cache size (in bytes) - maximum code cache size
     bool SegmentedCodeCache                       = true                                      {product} {ergonomic}     Use a segmented code cache
     bool UseCompressedClassPointers               = true                                 {lp64_product} {ergonomic}     Use 32-bit class pointers in 64-bit VM. lp64_product means flag is always constant in 32 bit VM
     bool UseCompressedOops                        = true                                 {lp64_product} {ergonomic}     Use 32-bit object references in 64-bit VM. lp64_product means flag is always constant in 32 bit VM
     bool UseG1GC                                  = true                                      {product} {ergonomic}     Use the Garbage-First garbage collector

Logging:
Log output configuration:
 #0: stdout all=warning uptime,level,tags
 #1: stderr all=off uptime,level,tags

Environment Variables:
JAVA_HOME=/home/dmitry/usr/local/java/jdk1.8.0
PATH=/bin:/home/dmitry/Downloads/LOOM/loom/build/linux-x86_64-server-slowdebug/jdk/bin:/usr/local/sbin:/usr/local/bin:/usr/sbin:/usr/bin:/sbin:/bin:/usr/games:/usr/local/games:/snap/bin
USERNAME=dmitry
SHELL=/bin/bash
DISPLAY=:0

Signal Handlers:
SIGSEGV: [libjvm.so+0x13a978f], sa_mask[0]=11111111011111111101111111111110, sa_flags=SA_RESTART|SA_SIGINFO
SIGBUS: [libjvm.so+0x13a978f], sa_mask[0]=11111111011111111101111111111110, sa_flags=SA_RESTART|SA_SIGINFO
SIGFPE: [libjvm.so+0x13a978f], sa_mask[0]=11111111011111111101111111111110, sa_flags=SA_RESTART|SA_SIGINFO
SIGPIPE: [libjvm.so+0x107aecc], sa_mask[0]=11111111011111111101111111111110, sa_flags=SA_RESTART|SA_SIGINFO
SIGXFSZ: [libjvm.so+0x107aecc], sa_mask[0]=11111111011111111101111111111110, sa_flags=SA_RESTART|SA_SIGINFO
SIGILL: [libjvm.so+0x13a978f], sa_mask[0]=11111111011111111101111111111110, sa_flags=SA_RESTART|SA_SIGINFO
SIGUSR2: [libjvm.so+0x107a6e7], sa_mask[0]=00100000000000000000000000000000, sa_flags=SA_RESTART|SA_SIGINFO
SIGHUP: [libjvm.so+0x1076502], sa_mask[0]=11111111011111111101111111111110, sa_flags=SA_RESTART|SA_SIGINFO
SIGINT: [libjvm.so+0x1076502], sa_mask[0]=11111111011111111101111111111110, sa_flags=SA_RESTART|SA_SIGINFO
SIGTERM: [libjvm.so+0x1076502], sa_mask[0]=11111111011111111101111111111110, sa_flags=SA_RESTART|SA_SIGINFO
SIGQUIT: [libjvm.so+0x1076502], sa_mask[0]=11111111011111111101111111111110, sa_flags=SA_RESTART|SA_SIGINFO


---------------  S Y S T E M  ---------------

OS:DISTRIB_ID=Ubuntu
DISTRIB_RELEASE=18.04
DISTRIB_CODENAME=bionic
DISTRIB_DESCRIPTION="Ubuntu 18.04.2 LTS"
uname:Linux dmitry-VirtualBox 4.18.0-21-generic #22~18.04.1-Ubuntu SMP Thu May 16 15:07:19 UTC 2019 x86_64
libc:glibc 2.27 NPTL 2.27 
rlimit: STACK 8192k, CORE 0k, NPROC 20272, NOFILE 4096, AS infinity, DATA infinity, FSIZE infinity
load average:2,76 2,96 2,51

/proc/meminfo:
MemTotal:        5234988 kB
MemFree:          238168 kB
MemAvailable:    2292368 kB
Buffers:          165340 kB
Cached:          2001936 kB
SwapCached:            0 kB
Active:          2936372 kB
Inactive:        1664732 kB
Active(anon):    1917584 kB
Inactive(anon):   572836 kB
Active(file):    1018788 kB
Inactive(file):  1091896 kB
Unevictable:          32 kB
Mlocked:              32 kB
SwapTotal:       2097148 kB
SwapFree:        2096624 kB
Dirty:               148 kB
Writeback:             0 kB
AnonPages:       2433900 kB
Mapped:           253828 kB
Shmem:             56592 kB
Slab:             277524 kB
SReclaimable:     234752 kB
SUnreclaim:        42772 kB
KernelStack:        9872 kB
PageTables:        35604 kB
NFS_Unstable:          0 kB
Bounce:                0 kB
WritebackTmp:          0 kB
CommitLimit:     4714640 kB
Committed_AS:    5614820 kB
VmallocTotal:   34359738367 kB
VmallocUsed:           0 kB
VmallocChunk:          0 kB
HardwareCorrupted:     0 kB
AnonHugePages:         0 kB
ShmemHugePages:        0 kB
ShmemPmdMapped:        0 kB
CmaTotal:              0 kB
CmaFree:               0 kB
HugePages_Total:       0
HugePages_Free:        0
HugePages_Rsvd:        0
HugePages_Surp:        0
Hugepagesize:       2048 kB
Hugetlb:               0 kB
DirectMap4k:      153536 kB
DirectMap2M:     5257216 kB


/proc/sys/kernel/threads-max (system-wide limit on the number of threads):
40544


/proc/sys/vm/max_map_count (maximum number of memory map areas a process may have):
65530


/proc/sys/kernel/pid_max (system-wide limit on number of process identifiers):
32768



container (cgroup) information:
container_type: cgroupv1
cpu_cpuset_cpus: 0-3
cpu_memory_nodes: 0
active_processor_count: 4
cpu_quota: no quota
cpu_period: 100000
cpu_shares: no shares
memory_limit_in_bytes: unlimited
memory_and_swap_limit_in_bytes: not supported
memory_soft_limit_in_bytes: unlimited
memory_usage_in_bytes: 4711428096
memory_max_usage_in_bytes: 2060288

KVM virtualization detected
Steal ticks since vm start: 0
Steal ticks percentage since vm start:  0,000

CPU:total 4 (initial active 4) (4 cores per cpu, 1 threads per core) family 6 model 60 stepping 3, cmov, cx8, fxsr, mmx, sse, sse2, sse3, ssse3, sse4.1, sse4.2, popcnt, avx, avx2, aes, clmul, lzcnt, tsc, tscinvbit
CPU Model and flags from /proc/cpuinfo:
model name	: Intel(R) Core(TM) i7-4700HQ CPU @ 2.40GHz
flags		: fpu vme de pse tsc msr pae mce cx8 apic sep mtrr pge mca cmov pat pse36 clflush mmx fxsr sse sse2 ht syscall nx rdtscp lm constant_tsc rep_good nopl xtopology nonstop_tsc cpuid tsc_known_freq pni pclmulqdq ssse3 cx16 pcid sse4_1 sse4_2 x2apic movbe popcnt aes xsave avx rdrand hypervisor lahf_lm abm invpcid_single pti fsgsbase avx2 invpcid flush_l1d

Memory: 4k page, physical 5234988k(238168k free), swap 2097148k(2096624k free)

vm_info: OpenJDK 64-Bit Server VM (slowdebug 13-internal+0-adhoc.dmitry.loom) for linux-amd64 JRE (13-internal+0-adhoc.dmitry.loom), built on Jun 13 2019 08:40:47 by "dmitry" with gcc 7.4.0

END.
