#
# A fatal error has been detected by the Java Runtime Environment:
#
#  SIGSEGV (0xb) at pc=0x00007ff54f602eca, pid=22207, tid=22235
#
# JRE version: OpenJDK Runtime Environment (13.0) (build 13-internal+0-adhoc.dmitry.loom)
# Java VM: OpenJDK 64-Bit Server VM (13-internal+0-adhoc.dmitry.loom, mixed mode, tiered, compressed oops, g1 gc, linux-amd64)
# Problematic frame:
# V  [libjvm.so+0x683eca]  ContMirror::read()+0x1a
#
# Core dump will be written. Default location: Core dumps may be processed with "/usr/share/apport/apport %p %s %c %d %P" (or dumping to /home/dmitry/Downloads/LoadDetector/core.22207)
#
# If you would like to submit a bug report, please visit:
#   http://bugreport.java.com/bugreport/crash.jsp
#

---------------  S U M M A R Y ------------

Command Line: -agentlib:jdwp=transport=dt_socket,address=127.0.0.1:19907,suspend=y,server=n -Dfile.encoding=UTF-8 Main

Host: Intel(R) Core(TM) i7-4700HQ CPU @ 2.40GHz, 4 cores, 4G, Ubuntu 18.04.2 LTS
Time: Wed May 15 17:59:32 2019 MSK elapsed time: 37 seconds (0d 0h 0m 37s)

---------------  T H R E A D  ---------------

Current thread (0x00007ff5482bf800):  JavaThread "Thread-1" [_thread_in_vm, id=22235, stack(0x00007ff51e9ff000,0x00007ff51eb00000)]

Stack: [0x00007ff51e9ff000,0x00007ff51eb00000],  sp=0x00007ff51eafc1a0,  free space=1012k
Native frames: (J=compiled Java code, A=aot compiled Java code, j=interpreted, Vv=VM code, C=native code)
V  [libjvm.so+0x683eca]  ContMirror::read()+0x1a
V  [libjvm.so+0x688b27]  Continuation::freeze0(JavaThread*, FrameInfo*, bool) [clone .part.304]+0x507
V  [libjvm.so+0x689277]  Continuation::freeze(JavaThread*, FrameInfo*)+0x127
v  ~RuntimeStub::cont_doYield
C  0x00007ff51eafe870

Java frames: (J=compiled Java code, j=interpreted, Vv=VM code)
v  ~RuntimeStub::cont_doYield
j  java.lang.Continuation.yield0(Ljava/lang/ContinuationScope;Ljava/lang/Continuation;)Z+60 java.base
j  java.lang.Continuation.yield(Ljava/lang/Thread;Ljava/lang/ContinuationScope;)Z+71 java.base
j  Main.lambda$main$1(Ljava/lang/Thread;Ljava/lang/ContinuationScope;Ljava/lang/Continuation;)V+21
j  Main$$Lambda$42.run()V+12
j  java.lang.Thread.run()V+11 java.base
v  ~StubRoutines::call_stub

siginfo: si_signo: 11 (SIGSEGV), si_code: 1 (SEGV_MAPERR), si_addr: 0x0000000000000020

Register to memory mapping:

RAX=0x0000000000000020 is an unknown value
RBX=0x00007ff51eafd540 is pointing into the stack for thread: 0x00007ff5482bf800
RCX=0x00007ff539013c98 is pointing into interpreter code (not bytecode specific)
RDX=0x00007ff5505fdb58: <offset 0x000000000167eb58> in /home/dmitry/Downloads/LOOM/loom/build/linux-x86_64-server-release/jdk/lib/server/libjvm.so at 0x00007ff54ef7f000
RSP=0x00007ff51eafc1a0 is pointing into the stack for thread: 0x00007ff5482bf800
RBP=0x00007ff51eafc1b0 is pointing into the stack for thread: 0x00007ff5482bf800
RSI=0x00007ff51eafe820 is pointing into the stack for thread: 0x00007ff5482bf800
RDI=0x0 is NULL
R8 =0x00007ff539000000 points into unknown readable memory: 04 00 00 00 00 00 00 00
R9 =0x000000000000000b is an unknown value
R10=0x0000000000000800 is an unknown value
R11=0x0000000000000400 is an unknown value
R12=0x00007ff4f4001a10 points into unknown readable memory: 00 00 00 00 00 00 00 00
R13=0x00007ff51eafd540 is pointing into the stack for thread: 0x00007ff5482bf800
R14=0x00007ff5482ba1c0 points into unknown readable memory: 02 00 00 00 00 00 00 00
R15=0x00007ff51eafe7f8 is pointing into the stack for thread: 0x00007ff5482bf800


Registers:
RAX=0x0000000000000020, RBX=0x00007ff51eafd540, RCX=0x00007ff539013c98, RDX=0x00007ff5505fdb58
RSP=0x00007ff51eafc1a0, RBP=0x00007ff51eafc1b0, RSI=0x00007ff51eafe820, RDI=0x0000000000000000
R8 =0x00007ff539000000, R9 =0x000000000000000b, R10=0x0000000000000800, R11=0x0000000000000400
R12=0x00007ff4f4001a10, R13=0x00007ff51eafd540, R14=0x00007ff5482ba1c0, R15=0x00007ff51eafe7f8
RIP=0x00007ff54f602eca, EFLAGS=0x0000000000010206, CSGSFS=0x002b000000000033, ERR=0x0000000000000004
  TRAPNO=0x000000000000000e

Top of Stack: (sp=0x00007ff51eafc1a0)
0x00007ff51eafc1a0:   00007ff5390194c0 00007ff5482bf800
0x00007ff51eafc1b0:   00007ff51eafe7b0 00007ff54f607b27
0x00007ff51eafc1c0:   00007ff5482bf800 00007ff51eafc2c0
0x00007ff51eafc1d0:   0000000000000000 00007ff5505fb220 

Instructions: (pc=0x00007ff54f602eca)
0x00007ff54f602dca:   08 48 63 00 89 0c 02 48 8d 05 fc e4 fd 00 48 8b
0x00007ff54f602dda:   4b 30 48 8b 53 08 48 63 00 48 89 0c 02 48 8d 05
0x00007ff54f602dea:   de e4 fd 00 48 8b 53 08 48 8b 4b 38 48 63 00 48
0x00007ff54f602dfa:   89 0c 02 48 8d 05 c4 e4 fd 00 8b 4b 60 48 8b 53
0x00007ff54f602e0a:   08 48 63 00 89 0c 02 48 8d 05 c8 e4 fd 00 48 8b
0x00007ff54f602e1a:   53 08 48 8b 4b 10 48 63 00 48 89 0c 02 48 8d 05
0x00007ff54f602e2a:   ae e4 fd 00 48 8b 4b 18 48 8b 53 08 48 63 00 48
0x00007ff54f602e3a:   89 0c 02 48 8d 05 94 e4 fd 00 48 63 00 48 8b 53
0x00007ff54f602e4a:   08 48 8b 4b 20 48 89 0c 02 48 8d 05 9e e4 fd 00
0x00007ff54f602e5a:   48 8b 53 08 48 8b 4b 58 48 63 00 89 0c 02 48 8d
0x00007ff54f602e6a:   05 51 e4 fd 00 0f b6 4b 70 48 8b 53 08 48 63 00
0x00007ff54f602e7a:   88 0c 02 48 8d 05 70 e4 fd 00 0f b7 4b 74 48 8b
0x00007ff54f602e8a:   53 08 48 63 00 66 89 0c 02 48 8d 05 56 e4 fd 00
0x00007ff54f602e9a:   0f b7 4b 72 48 8b 53 08 48 63 00 66 89 0c 02 48
0x00007ff54f602eaa:   83 c4 08 5b 5d c3 55 48 89 e5 53 48 89 fb 48 83
0x00007ff54f602eba:   ec 08 48 8d 05 1d e4 fd 00 48 8b 7f 08 48 63 00
0x00007ff54f602eca:   48 8b 04 38 48 89 43 10 48 8d 05 03 e4 fd 00 48
0x00007ff54f602eda:   63 00 48 8b 04 38 48 89 43 18 48 8d 05 ed e3 fd
0x00007ff54f602eea:   00 48 63 00 48 8b 04 38 48 89 43 20 48 8d 05 d3
0x00007ff54f602efa:   e3 fd 00 48 63 00 8b 04 38 89 43 28 48 8d 05 c7
0x00007ff54f602f0a:   e3 fd 00 48 63 00 48 8b 04 38 48 89 43 30 48 8d
0x00007ff54f602f1a:   05 ad e3 fd 00 48 63 00 48 8b 04 38 48 89 43 38
0x00007ff54f602f2a:   48 8d 05 cb e3 fd 00 48 63 30 ff 15 06 41 f7 00
0x00007ff54f602f3a:   48 85 c0 48 89 43 40 0f 84 b9 01 00 00 48 8d 15
0x00007ff54f602f4a:   8e c8 fd 00 80 3a 01 48 19 c9 83 e1 04 80 3a 01
0x00007ff54f602f5a:   8b 4c 08 0c 48 19 d2 89 4b 48 83 e2 08 48 8d 44
0x00007ff54f602f6a:   10 10 48 89 43 50 48 8d 05 81 e3 fd 00 48 8b 7b
0x00007ff54f602f7a:   08 48 63 00 48 63 04 07 48 89 43 58 48 8d 05 5f
0x00007ff54f602f8a:   e3 fd 00 48 63 30 ff 15 aa 40 f7 00 48 8d 15 2b
0x00007ff54f602f9a:   e3 fd 00 48 89 43 68 48 8b 43 08 48 83 3d 83 ad
0x00007ff54f602faa:   fb 00 00 48 63 12 8b 14 02 89 53 60 48 8d 15 03
0x00007ff54f602fba:   e3 fd 00 48 63 12 0f b6 14 02 88 53 70 48 8d 15 


Stack slot to memory mapping:
stack at sp + 0 slots: 0x00007ff5390194c0 is at code_begin+3872 in an Interpreter codelet
invoke return entry points  [0x00007ff5390185a0, 0x00007ff53901adc0]  10272 bytes
stack at sp + 1 slots: 0x00007ff5482bf800 is a thread
stack at sp + 2 slots: 0x00007ff51eafe7b0 is pointing into the stack for thread: 0x00007ff5482bf800
stack at sp + 3 slots: 0x00007ff54f607b27: <offset 0x0000000000688b27> in /home/dmitry/Downloads/LOOM/loom/build/linux-x86_64-server-release/jdk/lib/server/libjvm.so at 0x00007ff54ef7f000
stack at sp + 4 slots: 0x00007ff5482bf800 is a thread
stack at sp + 5 slots: 0x00007ff51eafc2c0 is pointing into the stack for thread: 0x00007ff5482bf800
stack at sp + 6 slots: 0x0 is NULL
stack at sp + 7 slots: 0x00007ff5505fb220: <offset 0x000000000167c220> in /home/dmitry/Downloads/LOOM/loom/build/linux-x86_64-server-release/jdk/lib/server/libjvm.so at 0x00007ff54ef7f000


---------------  P R O C E S S  ---------------

Threads class SMR info:
_java_thread_list=0x00007ff4dc001b60, length=13, elements={
0x00007ff54813b800, 0x00007ff54813f000, 0x00007ff548161000, 0x00007ff548165800,
0x00007ff548167800, 0x00007ff548169800, 0x00007ff548192000, 0x00007ff5482a7800,
0x00007ff5482aa800, 0x00007ff4f8001800, 0x00007ff5482ac800, 0x00007ff5482bf800,
0x00007ff548017800
}
_to_delete_list=0x00007ff5482c1d70, length=14, elements={
0x00007ff54813b800, 0x00007ff54813f000, 0x00007ff548161000, 0x00007ff548165800,
0x00007ff548167800, 0x00007ff548169800, 0x00007ff548192000, 0x00007ff5482a7800,
0x00007ff5482aa800, 0x00007ff4f8001800, 0x00007ff5482ac800, 0x00007ff5482bf800,
0x00007ff5482c0800, 0x00007ff548017800
}

Java Threads: ( => current thread )
  0x00007ff54813b800 JavaThread "Reference Handler" daemon [_thread_blocked, id=22216, stack(0x00007ff51feff000,0x00007ff520000000)]
  0x00007ff54813f000 JavaThread "Finalizer" daemon [_thread_blocked, id=22217, stack(0x00007ff51fdfe000,0x00007ff51feff000)]
  0x00007ff548161000 JavaThread "Signal Dispatcher" daemon [_thread_blocked, id=22218, stack(0x00007ff51f32e000,0x00007ff51f42f000)]
  0x00007ff548165800 JavaThread "C2 CompilerThread0" daemon [_thread_blocked, id=22219, stack(0x00007ff51f22d000,0x00007ff51f32e000)]
  0x00007ff548167800 JavaThread "C1 CompilerThread0" daemon [_thread_blocked, id=22220, stack(0x00007ff51f12c000,0x00007ff51f22d000)]
  0x00007ff548169800 JavaThread "Sweeper thread" daemon [_thread_blocked, id=22221, stack(0x00007ff51f02b000,0x00007ff51f12c000)]
  0x00007ff548192000 JavaThread "Common-Cleaner" daemon [_thread_blocked, id=22222, stack(0x00007ff51eb00000,0x00007ff51ec01000)]
  0x00007ff5482a7800 JavaThread "JDWP Transport Listener: dt_socket" daemon [_thread_blocked, id=22227, stack(0x00007ff51e6f8000,0x00007ff51e7f9000)]
  0x00007ff5482aa800 JavaThread "JDWP Event Helper Thread" daemon [_thread_blocked, id=22228, stack(0x00007ff51e5f7000,0x00007ff51e6f8000)]
  0x00007ff4f8001800 JavaThread "JDWP Command Reader" daemon [_thread_in_native, id=22229, stack(0x00007ff51e4f6000,0x00007ff51e5f7000)]
  0x00007ff5482ac800 JavaThread "Service Thread" daemon [_thread_blocked, id=22232, stack(0x00007ff51e3f5000,0x00007ff51e4f6000)]
=>0x00007ff5482bf800 JavaThread "Thread-1" [_thread_in_vm, id=22235, stack(0x00007ff51e9ff000,0x00007ff51eb00000)]
  0x00007ff548017800 JavaThread "DestroyJavaVM" [_thread_blocked, id=22208, stack(0x00007ff551383000,0x00007ff551484000)]

Other Threads:
  0x00007ff54812f800 VMThread "VM Thread" [stack: 0x00007ff54c0bb000,0x00007ff54c1bb000] [id=22215]
  0x00007ff5482af000 WatcherThread [stack: 0x00007ff51e2f5000,0x00007ff51e3f5000] [id=22233]
  0x00007ff54805b000 GCTaskThread "GC Thread#0" [stack: 0x00007ff54caa5000,0x00007ff54cba5000] [id=22209]
  0x00007ff548065000 ConcurrentGCThread "G1 Main Marker" [stack: 0x00007ff54c9a3000,0x00007ff54caa3000] [id=22210]
  0x00007ff548066800 ConcurrentGCThread "G1 Conc#0" [stack: 0x00007ff54c8a1000,0x00007ff54c9a1000] [id=22211]
  0x00007ff5480bb000 ConcurrentGCThread "G1 Refine#0" [stack: 0x00007ff54c39b000,0x00007ff54c49b000] [id=22212]
  0x00007ff5480bc800 ConcurrentGCThread "G1 Young RemSet Sampling" [stack: 0x00007ff54c299000,0x00007ff54c399000] [id=22213]

Threads with active compile tasks:

VM state:not at safepoint (normal execution)

VM Mutex/Monitor currently owned by a thread: None

Heap address: 0x00000000b0000000, size: 1280 MB, Compressed Oops mode: 32-bit
Narrow klass base: 0x0000000000000000, Narrow klass shift: 3
Compressed class space size: 1073741824 Address: 0x0000000100000000

Heap:
 garbage-first heap   total 81920K, used 7168K [0x00000000b0000000, 0x0000000100000000)
  region size 1024K, 8 young (8192K), 0 survivors (0K)
 Metaspace       used 7062K, capacity 7216K, committed 7424K, reserved 1056768K
  class space    used 611K, capacity 663K, committed 768K, reserved 1048576K
Heap Regions: E=young(eden), S=young(survivor), O=old, HS=humongous(starts), HC=humongous(continues), CS=collection set, F=free, A=archive, TAMS=top-at-mark-start (previous, next)
|   0|0x00000000b0000000, 0x00000000b0000000, 0x00000000b0100000|  0%| F|  |TAMS 0x00000000b0000000, 0x00000000b0000000| Untracked 
|   1|0x00000000b0100000, 0x00000000b0100000, 0x00000000b0200000|  0%| F|  |TAMS 0x00000000b0100000, 0x00000000b0100000| Untracked 
|   2|0x00000000b0200000, 0x00000000b0200000, 0x00000000b0300000|  0%| F|  |TAMS 0x00000000b0200000, 0x00000000b0200000| Untracked 
|   3|0x00000000b0300000, 0x00000000b0300000, 0x00000000b0400000|  0%| F|  |TAMS 0x00000000b0300000, 0x00000000b0300000| Untracked 
|   4|0x00000000b0400000, 0x00000000b0400000, 0x00000000b0500000|  0%| F|  |TAMS 0x00000000b0400000, 0x00000000b0400000| Untracked 
|   5|0x00000000b0500000, 0x00000000b0500000, 0x00000000b0600000|  0%| F|  |TAMS 0x00000000b0500000, 0x00000000b0500000| Untracked 
|   6|0x00000000b0600000, 0x00000000b0600000, 0x00000000b0700000|  0%| F|  |TAMS 0x00000000b0600000, 0x00000000b0600000| Untracked 
|   7|0x00000000b0700000, 0x00000000b0700000, 0x00000000b0800000|  0%| F|  |TAMS 0x00000000b0700000, 0x00000000b0700000| Untracked 
|   8|0x00000000b0800000, 0x00000000b0800000, 0x00000000b0900000|  0%| F|  |TAMS 0x00000000b0800000, 0x00000000b0800000| Untracked 
|   9|0x00000000b0900000, 0x00000000b0900000, 0x00000000b0a00000|  0%| F|  |TAMS 0x00000000b0900000, 0x00000000b0900000| Untracked 
|  10|0x00000000b0a00000, 0x00000000b0a00000, 0x00000000b0b00000|  0%| F|  |TAMS 0x00000000b0a00000, 0x00000000b0a00000| Untracked 
|  11|0x00000000b0b00000, 0x00000000b0b00000, 0x00000000b0c00000|  0%| F|  |TAMS 0x00000000b0b00000, 0x00000000b0b00000| Untracked 
|  12|0x00000000b0c00000, 0x00000000b0c00000, 0x00000000b0d00000|  0%| F|  |TAMS 0x00000000b0c00000, 0x00000000b0c00000| Untracked 
|  13|0x00000000b0d00000, 0x00000000b0d00000, 0x00000000b0e00000|  0%| F|  |TAMS 0x00000000b0d00000, 0x00000000b0d00000| Untracked 
|  14|0x00000000b0e00000, 0x00000000b0e00000, 0x00000000b0f00000|  0%| F|  |TAMS 0x00000000b0e00000, 0x00000000b0e00000| Untracked 
|  15|0x00000000b0f00000, 0x00000000b0f00000, 0x00000000b1000000|  0%| F|  |TAMS 0x00000000b0f00000, 0x00000000b0f00000| Untracked 
|  16|0x00000000b1000000, 0x00000000b1000000, 0x00000000b1100000|  0%| F|  |TAMS 0x00000000b1000000, 0x00000000b1000000| Untracked 
|  17|0x00000000b1100000, 0x00000000b1100000, 0x00000000b1200000|  0%| F|  |TAMS 0x00000000b1100000, 0x00000000b1100000| Untracked 
|  18|0x00000000b1200000, 0x00000000b1200000, 0x00000000b1300000|  0%| F|  |TAMS 0x00000000b1200000, 0x00000000b1200000| Untracked 
|  19|0x00000000b1300000, 0x00000000b1300000, 0x00000000b1400000|  0%| F|  |TAMS 0x00000000b1300000, 0x00000000b1300000| Untracked 
|  20|0x00000000b1400000, 0x00000000b1400000, 0x00000000b1500000|  0%| F|  |TAMS 0x00000000b1400000, 0x00000000b1400000| Untracked 
|  21|0x00000000b1500000, 0x00000000b1500000, 0x00000000b1600000|  0%| F|  |TAMS 0x00000000b1500000, 0x00000000b1500000| Untracked 
|  22|0x00000000b1600000, 0x00000000b1600000, 0x00000000b1700000|  0%| F|  |TAMS 0x00000000b1600000, 0x00000000b1600000| Untracked 
|  23|0x00000000b1700000, 0x00000000b1700000, 0x00000000b1800000|  0%| F|  |TAMS 0x00000000b1700000, 0x00000000b1700000| Untracked 
|  24|0x00000000b1800000, 0x00000000b1800000, 0x00000000b1900000|  0%| F|  |TAMS 0x00000000b1800000, 0x00000000b1800000| Untracked 
|  25|0x00000000b1900000, 0x00000000b1900000, 0x00000000b1a00000|  0%| F|  |TAMS 0x00000000b1900000, 0x00000000b1900000| Untracked 
|  26|0x00000000b1a00000, 0x00000000b1a00000, 0x00000000b1b00000|  0%| F|  |TAMS 0x00000000b1a00000, 0x00000000b1a00000| Untracked 
|  27|0x00000000b1b00000, 0x00000000b1b00000, 0x00000000b1c00000|  0%| F|  |TAMS 0x00000000b1b00000, 0x00000000b1b00000| Untracked 
|  28|0x00000000b1c00000, 0x00000000b1c00000, 0x00000000b1d00000|  0%| F|  |TAMS 0x00000000b1c00000, 0x00000000b1c00000| Untracked 
|  29|0x00000000b1d00000, 0x00000000b1d00000, 0x00000000b1e00000|  0%| F|  |TAMS 0x00000000b1d00000, 0x00000000b1d00000| Untracked 
|  30|0x00000000b1e00000, 0x00000000b1e00000, 0x00000000b1f00000|  0%| F|  |TAMS 0x00000000b1e00000, 0x00000000b1e00000| Untracked 
|  31|0x00000000b1f00000, 0x00000000b1f00000, 0x00000000b2000000|  0%| F|  |TAMS 0x00000000b1f00000, 0x00000000b1f00000| Untracked 
|  32|0x00000000b2000000, 0x00000000b2000000, 0x00000000b2100000|  0%| F|  |TAMS 0x00000000b2000000, 0x00000000b2000000| Untracked 
|  33|0x00000000b2100000, 0x00000000b2100000, 0x00000000b2200000|  0%| F|  |TAMS 0x00000000b2100000, 0x00000000b2100000| Untracked 
|  34|0x00000000b2200000, 0x00000000b2200000, 0x00000000b2300000|  0%| F|  |TAMS 0x00000000b2200000, 0x00000000b2200000| Untracked 
|  35|0x00000000b2300000, 0x00000000b2300000, 0x00000000b2400000|  0%| F|  |TAMS 0x00000000b2300000, 0x00000000b2300000| Untracked 
|  36|0x00000000b2400000, 0x00000000b2400000, 0x00000000b2500000|  0%| F|  |TAMS 0x00000000b2400000, 0x00000000b2400000| Untracked 
|  37|0x00000000b2500000, 0x00000000b2500000, 0x00000000b2600000|  0%| F|  |TAMS 0x00000000b2500000, 0x00000000b2500000| Untracked 
|  38|0x00000000b2600000, 0x00000000b2600000, 0x00000000b2700000|  0%| F|  |TAMS 0x00000000b2600000, 0x00000000b2600000| Untracked 
|  39|0x00000000b2700000, 0x00000000b2700000, 0x00000000b2800000|  0%| F|  |TAMS 0x00000000b2700000, 0x00000000b2700000| Untracked 
|  40|0x00000000b2800000, 0x00000000b2800000, 0x00000000b2900000|  0%| F|  |TAMS 0x00000000b2800000, 0x00000000b2800000| Untracked 
|  41|0x00000000b2900000, 0x00000000b2900000, 0x00000000b2a00000|  0%| F|  |TAMS 0x00000000b2900000, 0x00000000b2900000| Untracked 
|  42|0x00000000b2a00000, 0x00000000b2a00000, 0x00000000b2b00000|  0%| F|  |TAMS 0x00000000b2a00000, 0x00000000b2a00000| Untracked 
|  43|0x00000000b2b00000, 0x00000000b2b00000, 0x00000000b2c00000|  0%| F|  |TAMS 0x00000000b2b00000, 0x00000000b2b00000| Untracked 
|  44|0x00000000b2c00000, 0x00000000b2c00000, 0x00000000b2d00000|  0%| F|  |TAMS 0x00000000b2c00000, 0x00000000b2c00000| Untracked 
|  45|0x00000000b2d00000, 0x00000000b2d00000, 0x00000000b2e00000|  0%| F|  |TAMS 0x00000000b2d00000, 0x00000000b2d00000| Untracked 
|  46|0x00000000b2e00000, 0x00000000b2e00000, 0x00000000b2f00000|  0%| F|  |TAMS 0x00000000b2e00000, 0x00000000b2e00000| Untracked 
|  47|0x00000000b2f00000, 0x00000000b2f00000, 0x00000000b3000000|  0%| F|  |TAMS 0x00000000b2f00000, 0x00000000b2f00000| Untracked 
|  48|0x00000000b3000000, 0x00000000b3000000, 0x00000000b3100000|  0%| F|  |TAMS 0x00000000b3000000, 0x00000000b3000000| Untracked 
|  49|0x00000000b3100000, 0x00000000b3100000, 0x00000000b3200000|  0%| F|  |TAMS 0x00000000b3100000, 0x00000000b3100000| Untracked 
|  50|0x00000000b3200000, 0x00000000b3200000, 0x00000000b3300000|  0%| F|  |TAMS 0x00000000b3200000, 0x00000000b3200000| Untracked 
|  51|0x00000000b3300000, 0x00000000b3300000, 0x00000000b3400000|  0%| F|  |TAMS 0x00000000b3300000, 0x00000000b3300000| Untracked 
|  52|0x00000000b3400000, 0x00000000b3400000, 0x00000000b3500000|  0%| F|  |TAMS 0x00000000b3400000, 0x00000000b3400000| Untracked 
|  53|0x00000000b3500000, 0x00000000b3500000, 0x00000000b3600000|  0%| F|  |TAMS 0x00000000b3500000, 0x00000000b3500000| Untracked 
|  54|0x00000000b3600000, 0x00000000b3600000, 0x00000000b3700000|  0%| F|  |TAMS 0x00000000b3600000, 0x00000000b3600000| Untracked 
|  55|0x00000000b3700000, 0x00000000b3700000, 0x00000000b3800000|  0%| F|  |TAMS 0x00000000b3700000, 0x00000000b3700000| Untracked 
|  56|0x00000000b3800000, 0x00000000b3800000, 0x00000000b3900000|  0%| F|  |TAMS 0x00000000b3800000, 0x00000000b3800000| Untracked 
|  57|0x00000000b3900000, 0x00000000b3900000, 0x00000000b3a00000|  0%| F|  |TAMS 0x00000000b3900000, 0x00000000b3900000| Untracked 
|  58|0x00000000b3a00000, 0x00000000b3a00000, 0x00000000b3b00000|  0%| F|  |TAMS 0x00000000b3a00000, 0x00000000b3a00000| Untracked 
|  59|0x00000000b3b00000, 0x00000000b3b00000, 0x00000000b3c00000|  0%| F|  |TAMS 0x00000000b3b00000, 0x00000000b3b00000| Untracked 
|  60|0x00000000b3c00000, 0x00000000b3c00000, 0x00000000b3d00000|  0%| F|  |TAMS 0x00000000b3c00000, 0x00000000b3c00000| Untracked 
|  61|0x00000000b3d00000, 0x00000000b3d00000, 0x00000000b3e00000|  0%| F|  |TAMS 0x00000000b3d00000, 0x00000000b3d00000| Untracked 
|  62|0x00000000b3e00000, 0x00000000b3e00000, 0x00000000b3f00000|  0%| F|  |TAMS 0x00000000b3e00000, 0x00000000b3e00000| Untracked 
|  63|0x00000000b3f00000, 0x00000000b3f00000, 0x00000000b4000000|  0%| F|  |TAMS 0x00000000b3f00000, 0x00000000b3f00000| Untracked 
|  64|0x00000000b4000000, 0x00000000b4000000, 0x00000000b4100000|  0%| F|  |TAMS 0x00000000b4000000, 0x00000000b4000000| Untracked 
|  65|0x00000000b4100000, 0x00000000b4100000, 0x00000000b4200000|  0%| F|  |TAMS 0x00000000b4100000, 0x00000000b4100000| Untracked 
|  66|0x00000000b4200000, 0x00000000b4200000, 0x00000000b4300000|  0%| F|  |TAMS 0x00000000b4200000, 0x00000000b4200000| Untracked 
|  67|0x00000000b4300000, 0x00000000b4300000, 0x00000000b4400000|  0%| F|  |TAMS 0x00000000b4300000, 0x00000000b4300000| Untracked 
|  68|0x00000000b4400000, 0x00000000b4400000, 0x00000000b4500000|  0%| F|  |TAMS 0x00000000b4400000, 0x00000000b4400000| Untracked 
|  69|0x00000000b4500000, 0x00000000b4500000, 0x00000000b4600000|  0%| F|  |TAMS 0x00000000b4500000, 0x00000000b4500000| Untracked 
|  70|0x00000000b4600000, 0x00000000b4600000, 0x00000000b4700000|  0%| F|  |TAMS 0x00000000b4600000, 0x00000000b4600000| Untracked 
|  71|0x00000000b4700000, 0x00000000b4700000, 0x00000000b4800000|  0%| F|  |TAMS 0x00000000b4700000, 0x00000000b4700000| Untracked 
|  72|0x00000000b4800000, 0x00000000b4900000, 0x00000000b4900000|100%| E|  |TAMS 0x00000000b4800000, 0x00000000b4800000| Complete 
|  73|0x00000000b4900000, 0x00000000b4a00000, 0x00000000b4a00000|100%| E|CS|TAMS 0x00000000b4900000, 0x00000000b4900000| Complete 
|  74|0x00000000b4a00000, 0x00000000b4b00000, 0x00000000b4b00000|100%| E|CS|TAMS 0x00000000b4a00000, 0x00000000b4a00000| Complete 
|  75|0x00000000b4b00000, 0x00000000b4c00000, 0x00000000b4c00000|100%| E|CS|TAMS 0x00000000b4b00000, 0x00000000b4b00000| Complete 
|  76|0x00000000b4c00000, 0x00000000b4d00000, 0x00000000b4d00000|100%| E|CS|TAMS 0x00000000b4c00000, 0x00000000b4c00000| Complete 
|  77|0x00000000b4d00000, 0x00000000b4e00000, 0x00000000b4e00000|100%| E|CS|TAMS 0x00000000b4d00000, 0x00000000b4d00000| Complete 
|  78|0x00000000b4e00000, 0x00000000b4f00000, 0x00000000b4f00000|100%| E|CS|TAMS 0x00000000b4e00000, 0x00000000b4e00000| Complete 
|  79|0x00000000b4f00000, 0x00000000b5000000, 0x00000000b5000000|100%| E|CS|TAMS 0x00000000b4f00000, 0x00000000b4f00000| Complete 

Card table byte_map: [0x00007ff54ce25000,0x00007ff54d0a5000] _byte_map_base: 0x00007ff54c8a5000

Marking Bits (Prev, Next): (CMBitMap*) 0x00007ff54805c518, (CMBitMap*) 0x00007ff54805c558
 Prev Bits: [0x00007ff537c00000, 0x00007ff539000000)
 Next Bits: [0x00007ff536800000, 0x00007ff537c00000)

Polling page: 0x00007ff551497000

Metaspace:

Usage:
  Non-class:      6,40 MB capacity,     6,30 MB ( 98%) used,    91,05 KB (  1%) free+waste,    10,75 KB ( <1%) overhead. 
      Class:    663,00 KB capacity,   611,79 KB ( 92%) used,    45,65 KB (  7%) free+waste,     5,56 KB ( <1%) overhead. 
       Both:      7,05 MB capacity,     6,90 MB ( 98%) used,   136,70 KB (  2%) free+waste,    16,31 KB ( <1%) overhead. 

Virtual space:
  Non-class space:        8,00 MB reserved,       6,50 MB ( 81%) committed 
      Class space:        1,00 GB reserved,     768,00 KB ( <1%) committed 
             Both:        1,01 GB reserved,       7,25 MB ( <1%) committed 

Chunk freelists:
   Non-Class:  39,00 KB
       Class:  9,00 KB
        Both:  48,00 KB

MaxMetaspaceSize: unlimited
CompressedClassSpaceSize: 1,00 GB

CodeHeap 'non-profiled nmethods': size=120032Kb used=206Kb max_used=206Kb free=119825Kb
 bounds [0x00007ff540ac8000, 0x00007ff540d38000, 0x00007ff548000000]
CodeHeap 'profiled nmethods': size=120032Kb used=802Kb max_used=802Kb free=119229Kb
 bounds [0x00007ff539590000, 0x00007ff539800000, 0x00007ff540ac8000]
CodeHeap 'non-nmethods': size=5696Kb used=1182Kb max_used=1196Kb free=4513Kb
 bounds [0x00007ff539000000, 0x00007ff539270000, 0x00007ff539590000]
 total_blobs=1025 nmethods=543 adapters=248
 compilation: enabled
              stopped_count=0, restarted_count=0
 full_count=0

Compilation events (10 events):
Event: 1,477 Thread 0x00007ff548167800  544       3       java.lang.ref.Reference::<init> (25 bytes)
Event: 1,478 Thread 0x00007ff548167800 nmethod 544 0x00007ff539656e10 code [0x00007ff539656fc0, 0x00007ff539657290]
Event: 1,478 Thread 0x00007ff548167800  545       3       java.lang.invoke.MemberName::isConstructor (8 bytes)
Event: 1,478 Thread 0x00007ff548167800 nmethod 545 0x00007ff539657390 code [0x00007ff539657540, 0x00007ff5396577d0]
Event: 1,478 Thread 0x00007ff548167800  543       3       java.lang.ref.SoftReference::get (29 bytes)
Event: 1,479 Thread 0x00007ff548167800 nmethod 543 0x00007ff539657890 code [0x00007ff539657a40, 0x00007ff539657c70]
Event: 1,479 Thread 0x00007ff548167800  546       3       jdk.internal.org.objectweb.asm.ByteVector::put122 (93 bytes)
Event: 1,479 Thread 0x00007ff548167800 nmethod 546 0x00007ff539657d10 code [0x00007ff539657ec0, 0x00007ff5396581c8]
Event: 20,915 Thread 0x00007ff548167800  547       3       java.nio.ByteBuffer::arrayOffset (35 bytes)
Event: 20,916 Thread 0x00007ff548167800 nmethod 547 0x00007ff539658390 code [0x00007ff539658560, 0x00007ff539658858]

GC Heap History (0 events):
No events

Deoptimization events (2 events):
Event: 0,984 Thread 0x00007ff548017800 Uncommon trap: reason=unstable_if action=reinterpret pc=0x00007ff540ad6d60 method=java.io.DataInputStream.readUTF(Ljava/io/DataInput;)Ljava/lang/String; @ 31 c2
Event: 1,089 Thread 0x00007ff548017800 Uncommon trap: reason=unstable_if action=reinterpret pc=0x00007ff540ae3888 method=java.util.HashMap.putVal(ILjava/lang/Object;Ljava/lang/Object;ZZ)Ljava/lang/Object; @ 236 c2

Classes unloaded (0 events):
No events

Classes redefined (0 events):
No events

Internal exceptions (10 events):
Event: 0,773 Thread 0x00007ff548017800 Exception <a 'java/lang/NoSuchMethodError'{0x00000000b4c0fbb0}: 'java.lang.Object java.lang.invoke.DirectMethodHandle$Holder.invokeInterface(java.lang.Object, java.lang.Object)'> (0x00000000b4c0fbb0) 
thrown [/home/dmitry/Downloads/LOOM/loom/src/hotspot/share/interpreter/linkResolver.cpp, line 768]
for thread 0x00007ff548017800
Event: 0,795 Thread 0x00007ff548017800 Exception <a 'java/lang/NoSuchMethodError'{0x00000000b4c16778}: 'int java.lang.invoke.DirectMethodHandle$Holder.invokeStatic(java.lang.Object, java.lang.Object)'> (0x00000000b4c16778) 
thrown [/home/dmitry/Downloads/LOOM/loom/src/hotspot/share/interpreter/linkResolver.cpp, line 768]
for thread 0x00007ff548017800
Event: 0,807 Thread 0x00007ff548017800 Exception <a 'java/lang/NoSuchMethodError'{0x00000000b4c20db8}: 'java.lang.Object java.lang.invoke.DirectMethodHandle$Holder.invokeVirtual(java.lang.Object, java.lang.Object)'> (0x00000000b4c20db8) 
thrown [/home/dmitry/Downloads/LOOM/loom/src/hotspot/share/interpreter/linkResolver.cpp, line 768]
for thread 0x00007ff548017800
Event: 0,824 Thread 0x00007ff548017800 Exception <a 'java/lang/NoSuchMethodError'{0x00000000b4c28980}: 'int java.lang.invoke.DirectMethodHandle$Holder.invokeSpecial(java.lang.Object, java.lang.Object)'> (0x00000000b4c28980) 
thrown [/home/dmitry/Downloads/LOOM/loom/src/hotspot/share/interpreter/linkResolver.cpp, line 768]
for thread 0x00007ff548017800
Event: 0,999 Thread 0x00007ff548017800 Exception <a 'java/lang/NoSuchMethodError'{0x00000000b4ab9a68}: 'void java.lang.invoke.DirectMethodHandle$Holder.invokeStatic(java.lang.Object, java.lang.Object, java.lang.Object)'> (0x00000000b4ab9a68) 
thrown [/home/dmitry/Downloads/LOOM/loom/src/hotspot/share/interpreter/linkResolver.cpp, line 768]
for thread 0x00007ff548017800
Event: 1,011 Thread 0x00007ff548017800 Exception <a 'java/lang/NoSuchMethodError'{0x00000000b4ae5010}: 'java.lang.Object java.lang.invoke.Invokers$Holder.linkToTargetMethod(java.lang.Object, java.lang.Object, java.lang.Object, java.lang.Object)'> (0x00000000b4ae5010) 
thrown [/home/dmitry/Downloads/LOOM/loom/src/hotspot/share/interpreter/linkResolver.cpp, line 768]
for thread 0x00007ff548017800
Event: 1,098 Thread 0x00007ff548017800 Exception <a 'java/lang/NoSuchMethodError'{0x00000000b4960ca8}: 'java.lang.Object java.lang.invoke.DirectMethodHandle$Holder.invokeStaticInit(java.lang.Object, java.lang.Object)'> (0x00000000b4960ca8) 
thrown [/home/dmitry/Downloads/LOOM/loom/src/hotspot/share/interpreter/linkResolver.cpp, line 768]
for thread 0x00007ff548017800
Event: 1,100 Thread 0x00007ff548017800 Exception <a 'java/lang/NoSuchMethodError'{0x00000000b49689d8}: 'void java.lang.invoke.DirectMethodHandle$Holder.invokeStaticInit(java.lang.Object, java.lang.Object, java.lang.Object)'> (0x00000000b49689d8) 
thrown [/home/dmitry/Downloads/LOOM/loom/src/hotspot/share/interpreter/linkResolver.cpp, line 768]
for thread 0x00007ff548017800
Event: 1,476 Thread 0x00007ff548017800 Exception <a 'java/lang/NoSuchMethodError'{0x00000000b4802a80}: 'void java.lang.invoke.DirectMethodHandle$Holder.invokeStatic(java.lang.Object)'> (0x00000000b4802a80) 
thrown [/home/dmitry/Downloads/LOOM/loom/src/hotspot/share/interpreter/linkResolver.cpp, line 768]
for thread 0x00007ff548017800
Event: 1,477 Thread 0x00007ff548017800 Exception <a 'java/lang/NoSuchMethodError'{0x00000000b48071c8}: 'void java.lang.invoke.DirectMethodHandle$Holder.invokeSpecial(java.lang.Object, java.lang.Object)'> (0x00000000b48071c8) 
thrown [/home/dmitry/Downloads/LOOM/loom/src/hotspot/share/interpreter/linkResolver.cpp, line 768]
for thread 0x00007ff548017800

Events (10 events):
Event: 37,869 Executing VM operation: GetFrameCount
Event: 37,870 Executing VM operation: GetFrameCount done
Event: 37,870 Executing VM operation: SetFramePop
Event: 37,870 Executing VM operation: SetFramePop done
Event: 37,870 Executing VM operation: GetFrameLocation
Event: 37,870 Executing VM operation: GetFrameLocation done
Event: 37,870 Executing VM operation: GetCurrentLocation
Event: 37,870 Executing VM operation: GetCurrentLocation done
Event: 37,870 Executing VM operation: ChangeSingleStep
Event: 37,870 Executing VM operation: ChangeSingleStep done


Dynamic libraries:
b0000000-b5000000 rw-p 00000000 00:00 0 
b5000000-100000000 ---p 00000000 00:00 0 
100000000-1000c0000 rw-p 00000000 00:00 0 
1000c0000-140000000 ---p 00000000 00:00 0 
55fe96cd6000-55fe96cd7000 r-xp 00000000 08:01 3284661                    /home/dmitry/Downloads/LOOM/loom/build/linux-x86_64-server-release/jdk/bin/java
55fe96ed7000-55fe96ed8000 r--p 00001000 08:01 3284661                    /home/dmitry/Downloads/LOOM/loom/build/linux-x86_64-server-release/jdk/bin/java
55fe96ed8000-55fe96ed9000 rw-p 00002000 08:01 3284661                    /home/dmitry/Downloads/LOOM/loom/build/linux-x86_64-server-release/jdk/bin/java
55fe98d5f000-55fe98d80000 rw-p 00000000 00:00 0                          [heap]
7ff4dc000000-7ff4dc021000 rw-p 00000000 00:00 0 
7ff4dc021000-7ff4e0000000 ---p 00000000 00:00 0 
7ff4e4000000-7ff4e4021000 rw-p 00000000 00:00 0 
7ff4e4021000-7ff4e8000000 ---p 00000000 00:00 0 
7ff4e8000000-7ff4e8021000 rw-p 00000000 00:00 0 
7ff4e8021000-7ff4ec000000 ---p 00000000 00:00 0 
7ff4ec000000-7ff4ec021000 rw-p 00000000 00:00 0 
7ff4ec021000-7ff4f0000000 ---p 00000000 00:00 0 
7ff4f0000000-7ff4f0021000 rw-p 00000000 00:00 0 
7ff4f0021000-7ff4f4000000 ---p 00000000 00:00 0 
7ff4f4000000-7ff4f4159000 rw-p 00000000 00:00 0 
7ff4f4159000-7ff4f8000000 ---p 00000000 00:00 0 
7ff4f8000000-7ff4f8044000 rw-p 00000000 00:00 0 
7ff4f8044000-7ff4fc000000 ---p 00000000 00:00 0 
7ff4fc000000-7ff4fc021000 rw-p 00000000 00:00 0 
7ff4fc021000-7ff500000000 ---p 00000000 00:00 0 
7ff500000000-7ff500021000 rw-p 00000000 00:00 0 
7ff500021000-7ff504000000 ---p 00000000 00:00 0 
7ff504000000-7ff50431a000 rw-p 00000000 00:00 0 
7ff50431a000-7ff508000000 ---p 00000000 00:00 0 
7ff508000000-7ff508141000 rw-p 00000000 00:00 0 
7ff508141000-7ff50c000000 ---p 00000000 00:00 0 
7ff50c000000-7ff50c021000 rw-p 00000000 00:00 0 
7ff50c021000-7ff510000000 ---p 00000000 00:00 0 
7ff510000000-7ff510021000 rw-p 00000000 00:00 0 
7ff510021000-7ff514000000 ---p 00000000 00:00 0 
7ff514000000-7ff514021000 rw-p 00000000 00:00 0 
7ff514021000-7ff518000000 ---p 00000000 00:00 0 
7ff518000000-7ff518021000 rw-p 00000000 00:00 0 
7ff518021000-7ff51c000000 ---p 00000000 00:00 0 
7ff51ddf7000-7ff51e1f2000 rw-p 00000000 00:00 0 
7ff51e1f2000-7ff51e1f6000 ---p 00000000 00:00 0 
7ff51e1f6000-7ff51e2f3000 rw-p 00000000 00:00 0 
7ff51e2f3000-7ff51e2f4000 ---p 00000000 00:00 0 
7ff51e2f4000-7ff51e3f5000 rw-p 00000000 00:00 0 
7ff51e3f5000-7ff51e3f9000 ---p 00000000 00:00 0 
7ff51e3f9000-7ff51e4f6000 rw-p 00000000 00:00 0 
7ff51e4f6000-7ff51e4fa000 ---p 00000000 00:00 0 
7ff51e4fa000-7ff51e5f7000 rw-p 00000000 00:00 0 
7ff51e5f7000-7ff51e5fb000 ---p 00000000 00:00 0 
7ff51e5fb000-7ff51e6f8000 rw-p 00000000 00:00 0 
7ff51e6f8000-7ff51e6fc000 ---p 00000000 00:00 0 
7ff51e6fc000-7ff51e7f9000 rw-p 00000000 00:00 0 
7ff51e7f9000-7ff51e7fe000 r-xp 00000000 08:01 3284977                    /home/dmitry/Downloads/LOOM/loom/build/linux-x86_64-server-release/jdk/lib/libdt_socket.so
7ff51e7fe000-7ff51e9fd000 ---p 00005000 08:01 3284977                    /home/dmitry/Downloads/LOOM/loom/build/linux-x86_64-server-release/jdk/lib/libdt_socket.so
7ff51e9fd000-7ff51e9fe000 r--p 00004000 08:01 3284977                    /home/dmitry/Downloads/LOOM/loom/build/linux-x86_64-server-release/jdk/lib/libdt_socket.so
7ff51e9fe000-7ff51e9ff000 rw-p 00005000 08:01 3284977                    /home/dmitry/Downloads/LOOM/loom/build/linux-x86_64-server-release/jdk/lib/libdt_socket.so
7ff51e9ff000-7ff51ea03000 ---p 00000000 00:00 0 
7ff51ea03000-7ff51eb00000 rw-p 00000000 00:00 0 
7ff51eb00000-7ff51eb04000 ---p 00000000 00:00 0 
7ff51eb04000-7ff51ec01000 rw-p 00000000 00:00 0 
7ff51ec01000-7ff51ec17000 r-xp 00000000 08:01 3284639                    /home/dmitry/Downloads/LOOM/loom/build/linux-x86_64-server-release/jdk/lib/libnet.so
7ff51ec17000-7ff51ee17000 ---p 00016000 08:01 3284639                    /home/dmitry/Downloads/LOOM/loom/build/linux-x86_64-server-release/jdk/lib/libnet.so
7ff51ee17000-7ff51ee18000 r--p 00016000 08:01 3284639                    /home/dmitry/Downloads/LOOM/loom/build/linux-x86_64-server-release/jdk/lib/libnet.so
7ff51ee18000-7ff51ee19000 rw-p 00017000 08:01 3284639                    /home/dmitry/Downloads/LOOM/loom/build/linux-x86_64-server-release/jdk/lib/libnet.so
7ff51ee19000-7ff51ee2a000 r-xp 00000000 08:01 3284642                    /home/dmitry/Downloads/LOOM/loom/build/linux-x86_64-server-release/jdk/lib/libnio.so
7ff51ee2a000-7ff51f029000 ---p 00011000 08:01 3284642                    /home/dmitry/Downloads/LOOM/loom/build/linux-x86_64-server-release/jdk/lib/libnio.so
7ff51f029000-7ff51f02a000 r--p 00010000 08:01 3284642                    /home/dmitry/Downloads/LOOM/loom/build/linux-x86_64-server-release/jdk/lib/libnio.so
7ff51f02a000-7ff51f02b000 rw-p 00011000 08:01 3284642                    /home/dmitry/Downloads/LOOM/loom/build/linux-x86_64-server-release/jdk/lib/libnio.so
7ff51f02b000-7ff51f02f000 ---p 00000000 00:00 0 
7ff51f02f000-7ff51f12c000 rw-p 00000000 00:00 0 
7ff51f12c000-7ff51f130000 ---p 00000000 00:00 0 
7ff51f130000-7ff51f22d000 rw-p 00000000 00:00 0 
7ff51f22d000-7ff51f231000 ---p 00000000 00:00 0 
7ff51f231000-7ff51f32e000 rw-p 00000000 00:00 0 
7ff51f32e000-7ff51f332000 ---p 00000000 00:00 0 
7ff51f332000-7ff51f42f000 rw-p 00000000 00:00 0 
7ff51f42f000-7ff51fdfe000 r--p 00000000 08:01 10230401                   /usr/lib/locale/locale-archive
7ff51fdfe000-7ff51fe02000 ---p 00000000 00:00 0 
7ff51fe02000-7ff51feff000 rw-p 00000000 00:00 0 
7ff51feff000-7ff51ff03000 ---p 00000000 00:00 0 
7ff51ff03000-7ff520000000 rw-p 00000000 00:00 0 
7ff520000000-7ff520021000 rw-p 00000000 00:00 0 
7ff520021000-7ff524000000 ---p 00000000 00:00 0 
7ff524000000-7ff524021000 rw-p 00000000 00:00 0 
7ff524021000-7ff528000000 ---p 00000000 00:00 0 
7ff528000000-7ff528021000 rw-p 00000000 00:00 0 
7ff528021000-7ff52c000000 ---p 00000000 00:00 0 
7ff52c000000-7ff52c021000 rw-p 00000000 00:00 0 
7ff52c021000-7ff530000000 ---p 00000000 00:00 0 
7ff530000000-7ff530021000 rw-p 00000000 00:00 0 
7ff530021000-7ff534000000 ---p 00000000 00:00 0 
7ff534000000-7ff534680000 rw-p 00000000 00:00 0 
7ff534680000-7ff534800000 ---p 00000000 00:00 0 
7ff534800000-7ff536940000 rw-p 00000000 00:00 0 
7ff536940000-7ff537c00000 ---p 00000000 00:00 0 
7ff537c00000-7ff537d40000 rw-p 00000000 00:00 0 
7ff537d40000-7ff539000000 ---p 00000000 00:00 0 
7ff539000000-7ff539270000 rwxp 00000000 00:00 0 
7ff539270000-7ff539590000 ---p 00000000 00:00 0 
7ff539590000-7ff539800000 rwxp 00000000 00:00 0 
7ff539800000-7ff540ac8000 ---p 00000000 00:00 0 
7ff540ac8000-7ff540d38000 rwxp 00000000 00:00 0 
7ff540d38000-7ff548000000 ---p 00000000 00:00 0 
7ff548000000-7ff5482c5000 rw-p 00000000 00:00 0 
7ff5482c5000-7ff54c000000 ---p 00000000 00:00 0 
7ff54c088000-7ff54c0b9000 rw-p 00000000 00:00 0 
7ff54c0b9000-7ff54c0ba000 ---p 00000000 00:00 0 
7ff54c0ba000-7ff54c297000 rw-p 00000000 00:00 0 
7ff54c297000-7ff54c298000 ---p 00000000 00:00 0 
7ff54c298000-7ff54c399000 rw-p 00000000 00:00 0 
7ff54c399000-7ff54c39a000 ---p 00000000 00:00 0 
7ff54c39a000-7ff54c89f000 rw-p 00000000 00:00 0 
7ff54c89f000-7ff54c8a0000 ---p 00000000 00:00 0 
7ff54c8a0000-7ff54c9a1000 rw-p 00000000 00:00 0 
7ff54c9a1000-7ff54c9a2000 ---p 00000000 00:00 0 
7ff54c9a2000-7ff54caa3000 rw-p 00000000 00:00 0 
7ff54caa3000-7ff54caa4000 ---p 00000000 00:00 0 
7ff54caa4000-7ff54cbcd000 rw-p 00000000 00:00 0 
7ff54cbcd000-7ff54ce25000 ---p 00000000 00:00 0 
7ff54ce25000-7ff54ce4d000 rw-p 00000000 00:00 0 
7ff54ce4d000-7ff54d0a5000 ---p 00000000 00:00 0 
7ff54d0a5000-7ff54d0cd000 rw-p 00000000 00:00 0 
7ff54d0cd000-7ff54d325000 ---p 00000000 00:00 0 
7ff54d325000-7ff54d72e000 rw-p 00000000 00:00 0 
7ff54d72e000-7ff54d814000 ---p 00000000 00:00 0 
7ff54d814000-7ff54d819000 rw-p 00000000 00:00 0 
7ff54d819000-7ff54d8ff000 ---p 00000000 00:00 0 
7ff54d8ff000-7ff54d91a000 r-xp 00000000 08:01 3284638                    /home/dmitry/Downloads/LOOM/loom/build/linux-x86_64-server-release/jdk/lib/libjimage.so
7ff54d91a000-7ff54db19000 ---p 0001b000 08:01 3284638                    /home/dmitry/Downloads/LOOM/loom/build/linux-x86_64-server-release/jdk/lib/libjimage.so
7ff54db19000-7ff54db1b000 r--p 0001a000 08:01 3284638                    /home/dmitry/Downloads/LOOM/loom/build/linux-x86_64-server-release/jdk/lib/libjimage.so
7ff54db1b000-7ff54db1c000 rw-p 0001c000 08:01 3284638                    /home/dmitry/Downloads/LOOM/loom/build/linux-x86_64-server-release/jdk/lib/libjimage.so
7ff54db1c000-7ff54db23000 r-xp 00000000 08:01 3284635                    /home/dmitry/Downloads/LOOM/loom/build/linux-x86_64-server-release/jdk/lib/libzip.so
7ff54db23000-7ff54dd22000 ---p 00007000 08:01 3284635                    /home/dmitry/Downloads/LOOM/loom/build/linux-x86_64-server-release/jdk/lib/libzip.so
7ff54dd22000-7ff54dd23000 r--p 00006000 08:01 3284635                    /home/dmitry/Downloads/LOOM/loom/build/linux-x86_64-server-release/jdk/lib/libzip.so
7ff54dd23000-7ff54dd24000 rw-p 00007000 08:01 3284635                    /home/dmitry/Downloads/LOOM/loom/build/linux-x86_64-server-release/jdk/lib/libzip.so
7ff54dd24000-7ff54dd2f000 r-xp 00000000 08:01 1184572                    /lib/x86_64-linux-gnu/libnss_files-2.27.so
7ff54dd2f000-7ff54df2e000 ---p 0000b000 08:01 1184572                    /lib/x86_64-linux-gnu/libnss_files-2.27.so
7ff54df2e000-7ff54df2f000 r--p 0000a000 08:01 1184572                    /lib/x86_64-linux-gnu/libnss_files-2.27.so
7ff54df2f000-7ff54df30000 rw-p 0000b000 08:01 1184572                    /lib/x86_64-linux-gnu/libnss_files-2.27.so
7ff54df30000-7ff54df36000 rw-p 00000000 00:00 0 
7ff54df36000-7ff54df4d000 r-xp 00000000 08:01 1184566                    /lib/x86_64-linux-gnu/libnsl-2.27.so
7ff54df4d000-7ff54e14c000 ---p 00017000 08:01 1184566                    /lib/x86_64-linux-gnu/libnsl-2.27.so
7ff54e14c000-7ff54e14d000 r--p 00016000 08:01 1184566                    /lib/x86_64-linux-gnu/libnsl-2.27.so
7ff54e14d000-7ff54e14e000 rw-p 00017000 08:01 1184566                    /lib/x86_64-linux-gnu/libnsl-2.27.so
7ff54e14e000-7ff54e150000 rw-p 00000000 00:00 0 
7ff54e150000-7ff54e15b000 r-xp 00000000 08:01 1184583                    /lib/x86_64-linux-gnu/libnss_nis-2.27.so
7ff54e15b000-7ff54e35a000 ---p 0000b000 08:01 1184583                    /lib/x86_64-linux-gnu/libnss_nis-2.27.so
7ff54e35a000-7ff54e35b000 r--p 0000a000 08:01 1184583                    /lib/x86_64-linux-gnu/libnss_nis-2.27.so
7ff54e35b000-7ff54e35c000 rw-p 0000b000 08:01 1184583                    /lib/x86_64-linux-gnu/libnss_nis-2.27.so
7ff54e35c000-7ff54e364000 r-xp 00000000 08:01 1184568                    /lib/x86_64-linux-gnu/libnss_compat-2.27.so
7ff54e364000-7ff54e564000 ---p 00008000 08:01 1184568                    /lib/x86_64-linux-gnu/libnss_compat-2.27.so
7ff54e564000-7ff54e565000 r--p 00008000 08:01 1184568                    /lib/x86_64-linux-gnu/libnss_compat-2.27.so
7ff54e565000-7ff54e566000 rw-p 00009000 08:01 1184568                    /lib/x86_64-linux-gnu/libnss_compat-2.27.so
7ff54e566000-7ff54e5a5000 r-xp 00000000 08:01 3284979                    /home/dmitry/Downloads/LOOM/loom/build/linux-x86_64-server-release/jdk/lib/libjdwp.so
7ff54e5a5000-7ff54e7a4000 ---p 0003f000 08:01 3284979                    /home/dmitry/Downloads/LOOM/loom/build/linux-x86_64-server-release/jdk/lib/libjdwp.so
7ff54e7a4000-7ff54e7a5000 r--p 0003e000 08:01 3284979                    /home/dmitry/Downloads/LOOM/loom/build/linux-x86_64-server-release/jdk/lib/libjdwp.so
7ff54e7a5000-7ff54e7a6000 rw-p 0003f000 08:01 3284979                    /home/dmitry/Downloads/LOOM/loom/build/linux-x86_64-server-release/jdk/lib/libjdwp.so
7ff54e7a6000-7ff54e7a7000 rw-p 00000000 00:00 0 
7ff54e7a7000-7ff54e7d0000 r-xp 00000000 08:01 3284634                    /home/dmitry/Downloads/LOOM/loom/build/linux-x86_64-server-release/jdk/lib/libjava.so
7ff54e7d0000-7ff54e9cf000 ---p 00029000 08:01 3284634                    /home/dmitry/Downloads/LOOM/loom/build/linux-x86_64-server-release/jdk/lib/libjava.so
7ff54e9cf000-7ff54e9d0000 r--p 00028000 08:01 3284634                    /home/dmitry/Downloads/LOOM/loom/build/linux-x86_64-server-release/jdk/lib/libjava.so
7ff54e9d0000-7ff54e9d2000 rw-p 00029000 08:01 3284634                    /home/dmitry/Downloads/LOOM/loom/build/linux-x86_64-server-release/jdk/lib/libjava.so
7ff54e9d2000-7ff54e9df000 r-xp 00000000 08:01 3284627                    /home/dmitry/Downloads/LOOM/loom/build/linux-x86_64-server-release/jdk/lib/libverify.so
7ff54e9df000-7ff54ebde000 ---p 0000d000 08:01 3284627                    /home/dmitry/Downloads/LOOM/loom/build/linux-x86_64-server-release/jdk/lib/libverify.so
7ff54ebde000-7ff54ebe0000 r--p 0000c000 08:01 3284627                    /home/dmitry/Downloads/LOOM/loom/build/linux-x86_64-server-release/jdk/lib/libverify.so
7ff54ebe0000-7ff54ebe1000 rw-p 0000e000 08:01 3284627                    /home/dmitry/Downloads/LOOM/loom/build/linux-x86_64-server-release/jdk/lib/libverify.so
7ff54ebe1000-7ff54ed7e000 r-xp 00000000 08:01 1184545                    /lib/x86_64-linux-gnu/libm-2.27.so
7ff54ed7e000-7ff54ef7d000 ---p 0019d000 08:01 1184545                    /lib/x86_64-linux-gnu/libm-2.27.so
7ff54ef7d000-7ff54ef7e000 r--p 0019c000 08:01 1184545                    /lib/x86_64-linux-gnu/libm-2.27.so
7ff54ef7e000-7ff54ef7f000 rw-p 0019d000 08:01 1184545                    /lib/x86_64-linux-gnu/libm-2.27.so
7ff54ef7f000-7ff5502ab000 r-xp 00000000 08:01 3284625                    /home/dmitry/Downloads/LOOM/loom/build/linux-x86_64-server-release/jdk/lib/server/libjvm.so
7ff5502ab000-7ff5504aa000 ---p 0132c000 08:01 3284625                    /home/dmitry/Downloads/LOOM/loom/build/linux-x86_64-server-release/jdk/lib/server/libjvm.so
7ff5504aa000-7ff550572000 r--p 0132b000 08:01 3284625                    /home/dmitry/Downloads/LOOM/loom/build/linux-x86_64-server-release/jdk/lib/server/libjvm.so
7ff550572000-7ff5505ad000 rw-p 013f3000 08:01 3284625                    /home/dmitry/Downloads/LOOM/loom/build/linux-x86_64-server-release/jdk/lib/server/libjvm.so
7ff5505ad000-7ff550633000 rw-p 00000000 00:00 0 
7ff550633000-7ff55064d000 r-xp 00000000 08:01 1184615                    /lib/x86_64-linux-gnu/libpthread-2.27.so
7ff55064d000-7ff55084c000 ---p 0001a000 08:01 1184615                    /lib/x86_64-linux-gnu/libpthread-2.27.so
7ff55084c000-7ff55084d000 r--p 00019000 08:01 1184615                    /lib/x86_64-linux-gnu/libpthread-2.27.so
7ff55084d000-7ff55084e000 rw-p 0001a000 08:01 1184615                    /lib/x86_64-linux-gnu/libpthread-2.27.so
7ff55084e000-7ff550852000 rw-p 00000000 00:00 0 
7ff550852000-7ff550855000 r-xp 00000000 08:01 1184505                    /lib/x86_64-linux-gnu/libdl-2.27.so
7ff550855000-7ff550a54000 ---p 00003000 08:01 1184505                    /lib/x86_64-linux-gnu/libdl-2.27.so
7ff550a54000-7ff550a55000 r--p 00002000 08:01 1184505                    /lib/x86_64-linux-gnu/libdl-2.27.so
7ff550a55000-7ff550a56000 rw-p 00003000 08:01 1184505                    /lib/x86_64-linux-gnu/libdl-2.27.so
7ff550a56000-7ff550a72000 r-xp 00000000 08:01 1184654                    /lib/x86_64-linux-gnu/libz.so.1.2.11
7ff550a72000-7ff550c71000 ---p 0001c000 08:01 1184654                    /lib/x86_64-linux-gnu/libz.so.1.2.11
7ff550c71000-7ff550c72000 r--p 0001b000 08:01 1184654                    /lib/x86_64-linux-gnu/libz.so.1.2.11
7ff550c72000-7ff550c73000 rw-p 0001c000 08:01 1184654                    /lib/x86_64-linux-gnu/libz.so.1.2.11
7ff550c73000-7ff550e5a000 r-xp 00000000 08:01 1184482                    /lib/x86_64-linux-gnu/libc-2.27.so
7ff550e5a000-7ff55105a000 ---p 001e7000 08:01 1184482                    /lib/x86_64-linux-gnu/libc-2.27.so
7ff55105a000-7ff55105e000 r--p 001e7000 08:01 1184482                    /lib/x86_64-linux-gnu/libc-2.27.so
7ff55105e000-7ff551060000 rw-p 001eb000 08:01 1184482                    /lib/x86_64-linux-gnu/libc-2.27.so
7ff551060000-7ff551064000 rw-p 00000000 00:00 0 
7ff551064000-7ff551074000 r-xp 00000000 08:01 3284629                    /home/dmitry/Downloads/LOOM/loom/build/linux-x86_64-server-release/jdk/lib/libjli.so
7ff551074000-7ff551273000 ---p 00010000 08:01 3284629                    /home/dmitry/Downloads/LOOM/loom/build/linux-x86_64-server-release/jdk/lib/libjli.so
7ff551273000-7ff551274000 r--p 0000f000 08:01 3284629                    /home/dmitry/Downloads/LOOM/loom/build/linux-x86_64-server-release/jdk/lib/libjli.so
7ff551274000-7ff551275000 rw-p 00010000 08:01 3284629                    /home/dmitry/Downloads/LOOM/loom/build/linux-x86_64-server-release/jdk/lib/libjli.so
7ff551275000-7ff55129c000 r-xp 00000000 08:01 1184454                    /lib/x86_64-linux-gnu/ld-2.27.so
7ff5512c9000-7ff55137c000 rw-p 00000000 00:00 0 
7ff55137c000-7ff551383000 ---p 00000000 00:00 0 
7ff551383000-7ff551387000 ---p 00000000 00:00 0 
7ff551387000-7ff551486000 rw-p 00000000 00:00 0 
7ff551488000-7ff55148f000 r--s 00000000 08:01 10488549                   /usr/lib/x86_64-linux-gnu/gconv/gconv-modules.cache
7ff55148f000-7ff551497000 rw-s 00000000 08:01 524312                     /tmp/hsperfdata_dmitry/22207
7ff551497000-7ff551498000 ---p 00000000 00:00 0 
7ff551498000-7ff551499000 r--p 00000000 00:00 0 
7ff551499000-7ff55149a000 ---p 00000000 00:00 0 
7ff55149a000-7ff55149c000 rw-p 00000000 00:00 0 
7ff55149c000-7ff55149d000 r--p 00027000 08:01 1184454                    /lib/x86_64-linux-gnu/ld-2.27.so
7ff55149d000-7ff55149e000 rw-p 00028000 08:01 1184454                    /lib/x86_64-linux-gnu/ld-2.27.so
7ff55149e000-7ff55149f000 rw-p 00000000 00:00 0 
7ffd810c6000-7ffd810e9000 rw-p 00000000 00:00 0                          [stack]
7ffd811e4000-7ffd811e7000 r--p 00000000 00:00 0                          [vvar]
7ffd811e7000-7ffd811e9000 r-xp 00000000 00:00 0                          [vdso]
ffffffffff600000-ffffffffff601000 r-xp 00000000 00:00 0                  [vsyscall]


VM Arguments:
jvm_args: -agentlib:jdwp=transport=dt_socket,address=127.0.0.1:19907,suspend=y,server=n -Dfile.encoding=UTF-8 
java_command: Main
java_class_path (initial): /home/dmitry/Downloads/LOOM/loom/build/linux-x86_64-server-release/jdk/modules/java.base:/home/dmitry/Downloads/LOOM/loom/build/linux-x86_64-server-release/jdk/modules/java.compiler:/home/dmitry/Downloads/LOOM/loom/build/linux-x86_64-server-release/jdk/modules/java.datatransfer:/home/dmitry/Downloads/LOOM/loom/build/linux-x86_64-server-release/jdk/modules/java.desktop:/home/dmitry/Downloads/LOOM/loom/build/linux-x86_64-server-release/jdk/modules/java.instrument:/home/dmitry/Downloads/LOOM/loom/build/linux-x86_64-server-release/jdk/modules/java.logging:/home/dmitry/Downloads/LOOM/loom/build/linux-x86_64-server-release/jdk/modules/java.management:/home/dmitry/Downloads/LOOM/loom/build/linux-x86_64-server-release/jdk/modules/java.management.rmi:/home/dmitry/Downloads/LOOM/loom/build/linux-x86_64-server-release/jdk/modules/java.naming:/home/dmitry/Downloads/LOOM/loom/build/linux-x86_64-server-release/jdk/modules/java.net.http:/home/dmitry/Downloads/LOOM/loom/build/linux-x86_64-server-release/jdk/modules/java.prefs:/home/dmitry/Downloads/LOOM/loom/build/linux-x86_64-server-release/jdk/modules/java.rmi:/home/dmitry/Downloads/LOOM/loom/build/linux-x86_64-server-release/jdk/modules/java.scripting:/home/dmitry/Downloads/LOOM/loom/build/linux-x86_64-server-release/jdk/modules/java.se:/home/dmitry/Downloads/LOOM/loom/build/linux-x86_64-server-release/jdk/modules/java.security.jgss:/home/dmitry/Downloads/LOOM/loom/build/linux-x86_64-server-release/jdk/modules/java.security.sasl:/home/dmitry/Downloads/LOOM/loom/build/linux-x86_64-server-release/jdk/modules/java.smartcardio:/home/dmitry/Downloads/LOOM/loom/build/linux-x86_64-server-release/jdk/modules/java.sql:/home/dmitry/Downloads/LOOM/loom/build/linux-x86_64-server-release/jdk/modules/java.sql.rowset:/home/dmitry/Downloads/LOOM/loom/build/linux-x86_64-server-release/jdk/modules/java.transaction.xa:/home/dmitry/Downloads/LOOM/loom/build/linux-x86_64-server-release/jdk/modules/java.xml:/home/dmitry/D
Launcher Type: SUN_STANDARD

[Global flags]
     intx CICompilerCount                          = 3                                         {product} {ergonomic}
     uint ConcGCThreads                            = 1                                         {product} {ergonomic}
     uint G1ConcRefinementThreads                  = 4                                         {product} {ergonomic}
   size_t G1HeapRegionSize                         = 1048576                                   {product} {ergonomic}
    uintx GCDrainStackTargetSize                   = 64                                        {product} {ergonomic}
   size_t InitialHeapSize                          = 83886080                                  {product} {ergonomic}
   size_t MarkStackSize                            = 4194304                                   {product} {ergonomic}
   size_t MaxHeapSize                              = 1342177280                                {product} {ergonomic}
   size_t MaxNewSize                               = 805306368                                 {product} {ergonomic}
   size_t MinHeapDeltaBytes                        = 1048576                                   {product} {ergonomic}
    uintx NonNMethodCodeHeapSize                   = 5830732                                {pd product} {ergonomic}
    uintx NonProfiledCodeHeapSize                  = 122913754                              {pd product} {ergonomic}
    uintx ProfiledCodeHeapSize                     = 122913754                              {pd product} {ergonomic}
    uintx ReservedCodeCacheSize                    = 251658240                              {pd product} {ergonomic}
     bool SegmentedCodeCache                       = true                                      {product} {ergonomic}
     bool UseCompressedClassPointers               = true                                 {lp64_product} {ergonomic}
     bool UseCompressedOops                        = true                                 {lp64_product} {ergonomic}
     bool UseG1GC                                  = true                                      {product} {ergonomic}

Logging:
Log output configuration:
 #0: stdout all=warning uptime,level,tags
 #1: stderr all=off uptime,level,tags

Environment Variables:
JAVA_HOME=/home/dmitry/usr/local/java/jdk1.8.0
PATH=/bin:/bin:/usr/local/sbin:/usr/local/bin:/usr/sbin:/usr/bin:/sbin:/bin:/usr/games:/usr/local/games:/snap/bin
USERNAME=dmitry
SHELL=/bin/bash
DISPLAY=:0

Signal Handlers:
SIGSEGV: [libjvm.so+0xfe38e0], sa_mask[0]=11111111011111111101111111111110, sa_flags=SA_RESTART|SA_SIGINFO
SIGBUS: [libjvm.so+0xfe38e0], sa_mask[0]=11111111011111111101111111111110, sa_flags=SA_RESTART|SA_SIGINFO
SIGFPE: [libjvm.so+0xfe38e0], sa_mask[0]=11111111011111111101111111111110, sa_flags=SA_RESTART|SA_SIGINFO
SIGPIPE: [libjvm.so+0xc81160], sa_mask[0]=11111111011111111101111111111110, sa_flags=SA_RESTART|SA_SIGINFO
SIGXFSZ: [libjvm.so+0xc81160], sa_mask[0]=11111111011111111101111111111110, sa_flags=SA_RESTART|SA_SIGINFO
SIGILL: [libjvm.so+0xfe38e0], sa_mask[0]=11111111011111111101111111111110, sa_flags=SA_RESTART|SA_SIGINFO
SIGUSR2: [libjvm.so+0xc81000], sa_mask[0]=00100000000000000000000000000000, sa_flags=SA_RESTART|SA_SIGINFO
SIGHUP: [libjvm.so+0xc81600], sa_mask[0]=11111111011111111101111111111110, sa_flags=SA_RESTART|SA_SIGINFO
SIGINT: [libjvm.so+0xc81600], sa_mask[0]=11111111011111111101111111111110, sa_flags=SA_RESTART|SA_SIGINFO
SIGTERM: [libjvm.so+0xc81600], sa_mask[0]=11111111011111111101111111111110, sa_flags=SA_RESTART|SA_SIGINFO
SIGQUIT: [libjvm.so+0xc81600], sa_mask[0]=11111111011111111101111111111110, sa_flags=SA_RESTART|SA_SIGINFO


---------------  S Y S T E M  ---------------

OS:DISTRIB_ID=Ubuntu
DISTRIB_RELEASE=18.04
DISTRIB_CODENAME=bionic
DISTRIB_DESCRIPTION="Ubuntu 18.04.2 LTS"
uname:Linux 4.18.0-18-generic #19~18.04.1-Ubuntu SMP Fri Apr 5 10:22:13 UTC 2019 x86_64
libc:glibc 2.27 NPTL 2.27 
rlimit: STACK 8192k, CORE 0k, NPROC 20276, NOFILE 4096, AS infinity, DATA infinity, FSIZE infinity
load average:1,51 2,77 3,93

/proc/meminfo:
MemTotal:        5234984 kB
MemFree:          426752 kB
MemAvailable:    3272464 kB
Buffers:           52852 kB
Cached:          2954732 kB
SwapCached:       128672 kB
Active:          2234180 kB
Inactive:        2280656 kB
Active(anon):    1007576 kB
Inactive(anon):   526748 kB
Active(file):    1226604 kB
Inactive(file):  1753908 kB
Unevictable:          32 kB
Mlocked:              32 kB
SwapTotal:       2097148 kB
SwapFree:        1285628 kB
Dirty:               104 kB
Writeback:             0 kB
AnonPages:       1462036 kB
Mapped:           121052 kB
Shmem:             27068 kB
Slab:             186760 kB
SReclaimable:     144644 kB
SUnreclaim:        42116 kB
KernelStack:        9632 kB
PageTables:        35832 kB
NFS_Unstable:          0 kB
Bounce:                0 kB
WritebackTmp:          0 kB
CommitLimit:     4714640 kB
Committed_AS:    5352004 kB
VmallocTotal:   34359738367 kB
VmallocUsed:           0 kB
VmallocChunk:          0 kB
HardwareCorrupted:     0 kB
AnonHugePages:         0 kB
ShmemHugePages:        0 kB
ShmemPmdMapped:        0 kB
CmaTotal:              0 kB
CmaFree:               0 kB
HugePages_Total:       0
HugePages_Free:        0
HugePages_Rsvd:        0
HugePages_Surp:        0
Hugepagesize:       2048 kB
Hugetlb:               0 kB
DirectMap4k:      131008 kB
DirectMap2M:     5279744 kB


/proc/sys/kernel/threads-max (system-wide limit on the number of threads):
40552


/proc/sys/vm/max_map_count (maximum number of memory map areas a process may have):
65530


/proc/sys/kernel/pid_max (system-wide limit on number of process identifiers):
32768



container (cgroup) information:
container_type: cgroupv1
cpu_cpuset_cpus: 0-3
cpu_memory_nodes: 0
active_processor_count: 4
cpu_quota: no quota
cpu_period: 100000
cpu_shares: no shares
memory_limit_in_bytes: unlimited
memory_and_swap_limit_in_bytes: not supported
memory_soft_limit_in_bytes: unlimited
memory_usage_in_bytes: 4590837760
memory_max_usage_in_bytes: 9842688

KVM virtualization detected
Steal ticks since vm start: 0
Steal ticks percentage since vm start:  0,000

CPU:total 4 (initial active 4) (4 cores per cpu, 1 threads per core) family 6 model 60 stepping 3, cmov, cx8, fxsr, mmx, sse, sse2, sse3, ssse3, sse4.1, sse4.2, popcnt, avx, avx2, aes, clmul, lzcnt, tsc, tscinvbit
CPU Model and flags from /proc/cpuinfo:
model name	: Intel(R) Core(TM) i7-4700HQ CPU @ 2.40GHz
flags		: fpu vme de pse tsc msr pae mce cx8 apic sep mtrr pge mca cmov pat pse36 clflush mmx fxsr sse sse2 ht syscall nx rdtscp lm constant_tsc rep_good nopl xtopology nonstop_tsc cpuid tsc_known_freq pni pclmulqdq ssse3 cx16 pcid sse4_1 sse4_2 x2apic movbe popcnt aes xsave avx rdrand hypervisor lahf_lm abm invpcid_single pti fsgsbase avx2 invpcid flush_l1d

Memory: 4k page, physical 5234984k(426752k free), swap 2097148k(1285628k free)

vm_info: OpenJDK 64-Bit Server VM (13-internal+0-adhoc.dmitry.loom) for linux-amd64 JRE (13-internal+0-adhoc.dmitry.loom), built on May 15 2019 17:47:22 by "dmitry" with gcc 7.4.0

END.
