#
# A fatal error has been detected by the Java Runtime Environment:
#
#  SIGSEGV (0xb) at pc=0x00007f3768838f7a, pid=18784, tid=18817
#
# JRE version: OpenJDK Runtime Environment (13.0) (build 13-internal+0-adhoc.dmitry.loom)
# Java VM: OpenJDK 64-Bit Server VM (13-internal+0-adhoc.dmitry.loom, mixed mode, tiered, compressed oops, g1 gc, linux-amd64)
# Problematic frame:
# V  [libjvm.so+0x683f7a]  ContMirror::read()+0x1a
#
# Core dump will be written. Default location: Core dumps may be processed with "/usr/share/apport/apport %p %s %c %d %P" (or dumping to /home/dmitry/Downloads/LoadDetector/core.18784)
#
# If you would like to submit a bug report, please visit:
#   http://bugreport.java.com/bugreport/crash.jsp
#

---------------  S U M M A R Y ------------

Command Line: -agentlib:jdwp=transport=dt_socket,address=127.0.0.1:18305,suspend=y,server=n -Dfile.encoding=UTF-8 Main

Host: Intel(R) Core(TM) i7-4700HQ CPU @ 2.40GHz, 4 cores, 4G, Ubuntu 18.04.2 LTS
Time: Sun May 19 22:58:19 2019 MSK elapsed time: 88 seconds (0d 0h 1m 28s)

---------------  T H R E A D  ---------------

Current thread (0x00007f37602ea000):  JavaThread "Thread-1" [_thread_in_vm, id=18817, stack(0x00007f371f3d9000,0x00007f371f4da000)]

Stack: [0x00007f371f3d9000,0x00007f371f4da000],  sp=0x00007f371f4d61c0,  free space=1012k
Native frames: (J=compiled Java code, A=aot compiled Java code, j=interpreted, Vv=VM code, C=native code)
V  [libjvm.so+0x683f7a]  ContMirror::read()+0x1a
V  [libjvm.so+0x689627]  Continuation::freeze0(JavaThread*, FrameInfo*, bool) [clone .part.305]+0x507
V  [libjvm.so+0x689d67]  Continuation::freeze(JavaThread*, FrameInfo*)+0x127
v  ~RuntimeStub::cont_doYield
C  0x00007f371f4d8848
j  java.lang.Continuation.pause(Ljava/lang/ContinuationScope;)Z+3 java.base
j  Main.lambda$main$1(Ljava/lang/Continuation;)V+24
j  Main$$Lambda$42.run()V+4
j  java.lang.Thread.run()V+11 java.base
v  ~StubRoutines::call_stub
V  [libjvm.so+0x8bcfe9]  JavaCalls::call_helper(JavaValue*, methodHandle const&, JavaCallArguments*, Thread*)+0x3c9
V  [libjvm.so+0x8bb005]  JavaCalls::call_virtual(JavaValue*, Handle, Klass*, Symbol*, Symbol*, Thread*)+0x1e5
V  [libjvm.so+0x965e7c]  thread_entry(JavaThread*, Thread*)+0x6c
V  [libjvm.so+0xf73932]  JavaThread::run()+0x232
V  [libjvm.so+0xf716ad]  Thread::call_run()+0x10d
V  [libjvm.so+0xc8ba17]  thread_native_entry(Thread*)+0xe7

Java frames: (J=compiled Java code, j=interpreted, Vv=VM code)
v  ~RuntimeStub::cont_doYield
j  java.lang.Continuation.yield0(Ljava/lang/ContinuationScope;Ljava/lang/Continuation;)Z+60 java.base
j  java.lang.Continuation.pause(Ljava/lang/ContinuationScope;)Z+3 java.base
j  Main.lambda$main$1(Ljava/lang/Continuation;)V+24
j  Main$$Lambda$42.run()V+4
j  java.lang.Thread.run()V+11 java.base
v  ~StubRoutines::call_stub

siginfo: si_signo: 11 (SIGSEGV), si_code: 1 (SEGV_MAPERR), si_addr: 0x0000000000000020

Register to memory mapping:

RAX=0x0000000000000020 is an unknown value
RBX=0x00007f371f4d7560 is pointing into the stack for thread: 0x00007f37602ea000
RCX=0x00007f3751013c98 is pointing into interpreter code (not bytecode specific)
RDX=0x00007f3769833b58: <offset 0x000000000167eb58> in /home/dmitry/Downloads/LOOM/loom/build/linux-x86_64-server-release/jdk/lib/server/libjvm.so at 0x00007f37681b5000
RSP=0x00007f371f4d61c0 is pointing into the stack for thread: 0x00007f37602ea000
RBP=0x00007f371f4d61d0 is pointing into the stack for thread: 0x00007f37602ea000
RSI=0x00007f371f4d8848 is pointing into the stack for thread: 0x00007f37602ea000
RDI=0x0 is NULL
R8 =0x00007f3751000000 points into unknown readable memory: 04 00 00 00 00 00 00 00
R9 =0x000000000000000b is an unknown value
R10=0x0000000000000800 is an unknown value
R11=0x0000000000000400 is an unknown value
R12=0x00007f37602ea960 points into unknown readable memory: 00 00 00 00 00 00 00 00
R13=0x00007f371f4d7560 is pointing into the stack for thread: 0x00007f37602ea000
R14=0x00007f371f4d8820 is pointing into the stack for thread: 0x00007f37602ea000
R15=0x00007f37602e97c0 points into unknown readable memory: 02 00 00 00 00 00 00 00


Registers:
RAX=0x0000000000000020, RBX=0x00007f371f4d7560, RCX=0x00007f3751013c98, RDX=0x00007f3769833b58
RSP=0x00007f371f4d61c0, RBP=0x00007f371f4d61d0, RSI=0x00007f371f4d8848, RDI=0x0000000000000000
R8 =0x00007f3751000000, R9 =0x000000000000000b, R10=0x0000000000000800, R11=0x0000000000000400
R12=0x00007f37602ea960, R13=0x00007f371f4d7560, R14=0x00007f371f4d8820, R15=0x00007f37602e97c0
RIP=0x00007f3768838f7a, EFLAGS=0x0000000000010206, CSGSFS=0x002b000000000033, ERR=0x0000000000000004
  TRAPNO=0x000000000000000e

Top of Stack: (sp=0x00007f371f4d61c0)
0x00007f371f4d61c0:   00007f37510194c0 00007f37602ea000
0x00007f371f4d61d0:   00007f371f4d87d0 00007f376883e627
0x00007f371f4d61e0:   00007f37602ea000 00007f371f4d62e0
0x00007f371f4d61f0:   0000000000000000 00007f3769831220 

Instructions: (pc=0x00007f3768838f7a)
0x00007f3768838e7a:   08 48 63 00 89 0c 02 48 8d 05 4c e4 fd 00 48 8b
0x00007f3768838e8a:   4b 30 48 8b 53 08 48 63 00 48 89 0c 02 48 8d 05
0x00007f3768838e9a:   2e e4 fd 00 48 8b 53 08 48 8b 4b 38 48 63 00 48
0x00007f3768838eaa:   89 0c 02 48 8d 05 14 e4 fd 00 8b 4b 60 48 8b 53
0x00007f3768838eba:   08 48 63 00 89 0c 02 48 8d 05 18 e4 fd 00 48 8b
0x00007f3768838eca:   53 08 48 8b 4b 10 48 63 00 48 89 0c 02 48 8d 05
0x00007f3768838eda:   fe e3 fd 00 48 8b 4b 18 48 8b 53 08 48 63 00 48
0x00007f3768838eea:   89 0c 02 48 8d 05 e4 e3 fd 00 48 63 00 48 8b 53
0x00007f3768838efa:   08 48 8b 4b 20 48 89 0c 02 48 8d 05 ee e3 fd 00
0x00007f3768838f0a:   48 8b 53 08 48 8b 4b 58 48 63 00 89 0c 02 48 8d
0x00007f3768838f1a:   05 a1 e3 fd 00 0f b6 4b 70 48 8b 53 08 48 63 00
0x00007f3768838f2a:   88 0c 02 48 8d 05 c0 e3 fd 00 0f b7 4b 74 48 8b
0x00007f3768838f3a:   53 08 48 63 00 66 89 0c 02 48 8d 05 a6 e3 fd 00
0x00007f3768838f4a:   0f b7 4b 72 48 8b 53 08 48 63 00 66 89 0c 02 48
0x00007f3768838f5a:   83 c4 08 5b 5d c3 55 48 89 e5 53 48 89 fb 48 83
0x00007f3768838f6a:   ec 08 48 8d 05 6d e3 fd 00 48 8b 7f 08 48 63 00
0x00007f3768838f7a:   48 8b 04 38 48 89 43 10 48 8d 05 53 e3 fd 00 48
0x00007f3768838f8a:   63 00 48 8b 04 38 48 89 43 18 48 8d 05 3d e3 fd
0x00007f3768838f9a:   00 48 63 00 48 8b 04 38 48 89 43 20 48 8d 05 23
0x00007f3768838faa:   e3 fd 00 48 63 00 8b 04 38 89 43 28 48 8d 05 17
0x00007f3768838fba:   e3 fd 00 48 63 00 48 8b 04 38 48 89 43 30 48 8d
0x00007f3768838fca:   05 fd e2 fd 00 48 63 00 48 8b 04 38 48 89 43 38
0x00007f3768838fda:   48 8d 05 1b e3 fd 00 48 63 30 ff 15 56 40 f7 00
0x00007f3768838fea:   48 85 c0 48 89 43 40 0f 84 b9 01 00 00 48 8d 15
0x00007f3768838ffa:   de c7 fd 00 80 3a 01 48 19 c9 83 e1 04 80 3a 01
0x00007f376883900a:   8b 4c 08 0c 48 19 d2 89 4b 48 83 e2 08 48 8d 44
0x00007f376883901a:   10 10 48 89 43 50 48 8d 05 d1 e2 fd 00 48 8b 7b
0x00007f376883902a:   08 48 63 00 48 63 04 07 48 89 43 58 48 8d 05 af
0x00007f376883903a:   e2 fd 00 48 63 30 ff 15 fa 3f f7 00 48 8d 15 7b
0x00007f376883904a:   e2 fd 00 48 89 43 68 48 8b 43 08 48 83 3d d3 ac
0x00007f376883905a:   fb 00 00 48 63 12 8b 14 02 89 53 60 48 8d 15 53
0x00007f376883906a:   e2 fd 00 48 63 12 0f b6 14 02 88 53 70 48 8d 15 


Stack slot to memory mapping:
stack at sp + 0 slots: 0x00007f37510194c0 is at code_begin+3872 in an Interpreter codelet
invoke return entry points  [0x00007f37510185a0, 0x00007f375101adc0]  10272 bytes
stack at sp + 1 slots: 0x00007f37602ea000 is a thread
stack at sp + 2 slots: 0x00007f371f4d87d0 is pointing into the stack for thread: 0x00007f37602ea000
stack at sp + 3 slots: 0x00007f376883e627: <offset 0x0000000000689627> in /home/dmitry/Downloads/LOOM/loom/build/linux-x86_64-server-release/jdk/lib/server/libjvm.so at 0x00007f37681b5000
stack at sp + 4 slots: 0x00007f37602ea000 is a thread
stack at sp + 5 slots: 0x00007f371f4d62e0 is pointing into the stack for thread: 0x00007f37602ea000
stack at sp + 6 slots: 0x0 is NULL
stack at sp + 7 slots: 0x00007f3769831220: <offset 0x000000000167c220> in /home/dmitry/Downloads/LOOM/loom/build/linux-x86_64-server-release/jdk/lib/server/libjvm.so at 0x00007f37681b5000


---------------  P R O C E S S  ---------------

Threads class SMR info:
_java_thread_list=0x00007f37602ebac0, length=14, elements={
0x00007f376013b800, 0x00007f376013f000, 0x00007f3760161000, 0x00007f3760165800,
0x00007f3760167800, 0x00007f3760169800, 0x00007f376019a000, 0x00007f37602d0000,
0x00007f37602d3000, 0x00007f370c001800, 0x00007f37602d5800, 0x00007f37602e8000,
0x00007f37602ea000, 0x00007f3760017800
}

Java Threads: ( => current thread )
  0x00007f376013b800 JavaThread "Reference Handler" daemon [_thread_blocked, id=18795, stack(0x00007f374d17c000,0x00007f374d27d000)]
  0x00007f376013f000 JavaThread "Finalizer" daemon [_thread_blocked, id=18796, stack(0x00007f374d07b000,0x00007f374d17c000)]
  0x00007f3760161000 JavaThread "Signal Dispatcher" daemon [_thread_blocked, id=18800, stack(0x00007f374c5ab000,0x00007f374c6ac000)]
  0x00007f3760165800 JavaThread "C2 CompilerThread0" daemon [_thread_blocked, id=18801, stack(0x00007f374c4aa000,0x00007f374c5ab000)]
  0x00007f3760167800 JavaThread "C1 CompilerThread0" daemon [_thread_blocked, id=18803, stack(0x00007f374c3a9000,0x00007f374c4aa000)]
  0x00007f3760169800 JavaThread "Sweeper thread" daemon [_thread_blocked, id=18804, stack(0x00007f374c2a8000,0x00007f374c3a9000)]
  0x00007f376019a000 JavaThread "Common-Cleaner" daemon [_thread_blocked, id=18806, stack(0x00007f371fce7000,0x00007f371fde8000)]
  0x00007f37602d0000 JavaThread "JDWP Transport Listener: dt_socket" daemon [_thread_blocked, id=18809, stack(0x00007f371f9e0000,0x00007f371fae1000)]
  0x00007f37602d3000 JavaThread "JDWP Event Helper Thread" daemon [_thread_blocked, id=18810, stack(0x00007f371f8df000,0x00007f371f9e0000)]
  0x00007f370c001800 JavaThread "JDWP Command Reader" daemon [_thread_blocked, id=18811, stack(0x00007f371f7de000,0x00007f371f8df000)]
  0x00007f37602d5800 JavaThread "Service Thread" daemon [_thread_blocked, id=18814, stack(0x00007f371f6dd000,0x00007f371f7de000)]
  0x00007f37602e8000 JavaThread "Thread-0" [_thread_blocked, id=18816, stack(0x00007f371f4da000,0x00007f371f5db000)]
=>0x00007f37602ea000 JavaThread "Thread-1" [_thread_in_vm, id=18817, stack(0x00007f371f3d9000,0x00007f371f4da000)]
  0x00007f3760017800 JavaThread "DestroyJavaVM" [_thread_blocked, id=18785, stack(0x00007f376a5b9000,0x00007f376a6ba000)]

Other Threads:
  0x00007f376012f800 VMThread "VM Thread" [stack: 0x00007f374d27f000,0x00007f374d37f000] [id=18792] _threads_hazard_ptr=0x00007f37602ebac0
  0x00007f37602d7800 WatcherThread [stack: 0x00007f371f5dd000,0x00007f371f6dd000] [id=18815]
  0x00007f376005b000 GCTaskThread "GC Thread#0" [stack: 0x00007f37648db000,0x00007f37649db000] [id=18786]
  0x00007f3760065000 ConcurrentGCThread "G1 Main Marker" [stack: 0x00007f37647d9000,0x00007f37648d9000] [id=18787]
  0x00007f3760066800 ConcurrentGCThread "G1 Conc#0" [stack: 0x00007f37646d7000,0x00007f37647d7000] [id=18788]
  0x00007f37600bb000 ConcurrentGCThread "G1 Refine#0" [stack: 0x00007f37641d1000,0x00007f37642d1000] [id=18789]
  0x00007f37600bc800 ConcurrentGCThread "G1 Young RemSet Sampling" [stack: 0x00007f37640cf000,0x00007f37641cf000] [id=18790]

Threads with active compile tasks:

VM state:synchronizing (normal execution)

VM Mutex/Monitor currently owned by a thread:  ([mutex/lock_event])
[0x00007f37600128c0] Threads_lock - owner thread: 0x00007f376012f800

Heap address: 0x00000000b0000000, size: 1280 MB, Compressed Oops mode: 32-bit
Narrow klass base: 0x0000000000000000, Narrow klass shift: 3
Compressed class space size: 1073741824 Address: 0x0000000100000000

Heap:
 garbage-first heap   total 81920K, used 7168K [0x00000000b0000000, 0x0000000100000000)
  region size 1024K, 8 young (8192K), 0 survivors (0K)
 Metaspace       used 7083K, capacity 7214K, committed 7424K, reserved 1056768K
  class space    used 611K, capacity 664K, committed 768K, reserved 1048576K
Heap Regions: E=young(eden), S=young(survivor), O=old, HS=humongous(starts), HC=humongous(continues), CS=collection set, F=free, A=archive, TAMS=top-at-mark-start (previous, next)
|   0|0x00000000b0000000, 0x00000000b0000000, 0x00000000b0100000|  0%| F|  |TAMS 0x00000000b0000000, 0x00000000b0000000| Untracked 
|   1|0x00000000b0100000, 0x00000000b0100000, 0x00000000b0200000|  0%| F|  |TAMS 0x00000000b0100000, 0x00000000b0100000| Untracked 
|   2|0x00000000b0200000, 0x00000000b0200000, 0x00000000b0300000|  0%| F|  |TAMS 0x00000000b0200000, 0x00000000b0200000| Untracked 
|   3|0x00000000b0300000, 0x00000000b0300000, 0x00000000b0400000|  0%| F|  |TAMS 0x00000000b0300000, 0x00000000b0300000| Untracked 
|   4|0x00000000b0400000, 0x00000000b0400000, 0x00000000b0500000|  0%| F|  |TAMS 0x00000000b0400000, 0x00000000b0400000| Untracked 
|   5|0x00000000b0500000, 0x00000000b0500000, 0x00000000b0600000|  0%| F|  |TAMS 0x00000000b0500000, 0x00000000b0500000| Untracked 
|   6|0x00000000b0600000, 0x00000000b0600000, 0x00000000b0700000|  0%| F|  |TAMS 0x00000000b0600000, 0x00000000b0600000| Untracked 
|   7|0x00000000b0700000, 0x00000000b0700000, 0x00000000b0800000|  0%| F|  |TAMS 0x00000000b0700000, 0x00000000b0700000| Untracked 
|   8|0x00000000b0800000, 0x00000000b0800000, 0x00000000b0900000|  0%| F|  |TAMS 0x00000000b0800000, 0x00000000b0800000| Untracked 
|   9|0x00000000b0900000, 0x00000000b0900000, 0x00000000b0a00000|  0%| F|  |TAMS 0x00000000b0900000, 0x00000000b0900000| Untracked 
|  10|0x00000000b0a00000, 0x00000000b0a00000, 0x00000000b0b00000|  0%| F|  |TAMS 0x00000000b0a00000, 0x00000000b0a00000| Untracked 
|  11|0x00000000b0b00000, 0x00000000b0b00000, 0x00000000b0c00000|  0%| F|  |TAMS 0x00000000b0b00000, 0x00000000b0b00000| Untracked 
|  12|0x00000000b0c00000, 0x00000000b0c00000, 0x00000000b0d00000|  0%| F|  |TAMS 0x00000000b0c00000, 0x00000000b0c00000| Untracked 
|  13|0x00000000b0d00000, 0x00000000b0d00000, 0x00000000b0e00000|  0%| F|  |TAMS 0x00000000b0d00000, 0x00000000b0d00000| Untracked 
|  14|0x00000000b0e00000, 0x00000000b0e00000, 0x00000000b0f00000|  0%| F|  |TAMS 0x00000000b0e00000, 0x00000000b0e00000| Untracked 
|  15|0x00000000b0f00000, 0x00000000b0f00000, 0x00000000b1000000|  0%| F|  |TAMS 0x00000000b0f00000, 0x00000000b0f00000| Untracked 
|  16|0x00000000b1000000, 0x00000000b1000000, 0x00000000b1100000|  0%| F|  |TAMS 0x00000000b1000000, 0x00000000b1000000| Untracked 
|  17|0x00000000b1100000, 0x00000000b1100000, 0x00000000b1200000|  0%| F|  |TAMS 0x00000000b1100000, 0x00000000b1100000| Untracked 
|  18|0x00000000b1200000, 0x00000000b1200000, 0x00000000b1300000|  0%| F|  |TAMS 0x00000000b1200000, 0x00000000b1200000| Untracked 
|  19|0x00000000b1300000, 0x00000000b1300000, 0x00000000b1400000|  0%| F|  |TAMS 0x00000000b1300000, 0x00000000b1300000| Untracked 
|  20|0x00000000b1400000, 0x00000000b1400000, 0x00000000b1500000|  0%| F|  |TAMS 0x00000000b1400000, 0x00000000b1400000| Untracked 
|  21|0x00000000b1500000, 0x00000000b1500000, 0x00000000b1600000|  0%| F|  |TAMS 0x00000000b1500000, 0x00000000b1500000| Untracked 
|  22|0x00000000b1600000, 0x00000000b1600000, 0x00000000b1700000|  0%| F|  |TAMS 0x00000000b1600000, 0x00000000b1600000| Untracked 
|  23|0x00000000b1700000, 0x00000000b1700000, 0x00000000b1800000|  0%| F|  |TAMS 0x00000000b1700000, 0x00000000b1700000| Untracked 
|  24|0x00000000b1800000, 0x00000000b1800000, 0x00000000b1900000|  0%| F|  |TAMS 0x00000000b1800000, 0x00000000b1800000| Untracked 
|  25|0x00000000b1900000, 0x00000000b1900000, 0x00000000b1a00000|  0%| F|  |TAMS 0x00000000b1900000, 0x00000000b1900000| Untracked 
|  26|0x00000000b1a00000, 0x00000000b1a00000, 0x00000000b1b00000|  0%| F|  |TAMS 0x00000000b1a00000, 0x00000000b1a00000| Untracked 
|  27|0x00000000b1b00000, 0x00000000b1b00000, 0x00000000b1c00000|  0%| F|  |TAMS 0x00000000b1b00000, 0x00000000b1b00000| Untracked 
|  28|0x00000000b1c00000, 0x00000000b1c00000, 0x00000000b1d00000|  0%| F|  |TAMS 0x00000000b1c00000, 0x00000000b1c00000| Untracked 
|  29|0x00000000b1d00000, 0x00000000b1d00000, 0x00000000b1e00000|  0%| F|  |TAMS 0x00000000b1d00000, 0x00000000b1d00000| Untracked 
|  30|0x00000000b1e00000, 0x00000000b1e00000, 0x00000000b1f00000|  0%| F|  |TAMS 0x00000000b1e00000, 0x00000000b1e00000| Untracked 
|  31|0x00000000b1f00000, 0x00000000b1f00000, 0x00000000b2000000|  0%| F|  |TAMS 0x00000000b1f00000, 0x00000000b1f00000| Untracked 
|  32|0x00000000b2000000, 0x00000000b2000000, 0x00000000b2100000|  0%| F|  |TAMS 0x00000000b2000000, 0x00000000b2000000| Untracked 
|  33|0x00000000b2100000, 0x00000000b2100000, 0x00000000b2200000|  0%| F|  |TAMS 0x00000000b2100000, 0x00000000b2100000| Untracked 
|  34|0x00000000b2200000, 0x00000000b2200000, 0x00000000b2300000|  0%| F|  |TAMS 0x00000000b2200000, 0x00000000b2200000| Untracked 
|  35|0x00000000b2300000, 0x00000000b2300000, 0x00000000b2400000|  0%| F|  |TAMS 0x00000000b2300000, 0x00000000b2300000| Untracked 
|  36|0x00000000b2400000, 0x00000000b2400000, 0x00000000b2500000|  0%| F|  |TAMS 0x00000000b2400000, 0x00000000b2400000| Untracked 
|  37|0x00000000b2500000, 0x00000000b2500000, 0x00000000b2600000|  0%| F|  |TAMS 0x00000000b2500000, 0x00000000b2500000| Untracked 
|  38|0x00000000b2600000, 0x00000000b2600000, 0x00000000b2700000|  0%| F|  |TAMS 0x00000000b2600000, 0x00000000b2600000| Untracked 
|  39|0x00000000b2700000, 0x00000000b2700000, 0x00000000b2800000|  0%| F|  |TAMS 0x00000000b2700000, 0x00000000b2700000| Untracked 
|  40|0x00000000b2800000, 0x00000000b2800000, 0x00000000b2900000|  0%| F|  |TAMS 0x00000000b2800000, 0x00000000b2800000| Untracked 
|  41|0x00000000b2900000, 0x00000000b2900000, 0x00000000b2a00000|  0%| F|  |TAMS 0x00000000b2900000, 0x00000000b2900000| Untracked 
|  42|0x00000000b2a00000, 0x00000000b2a00000, 0x00000000b2b00000|  0%| F|  |TAMS 0x00000000b2a00000, 0x00000000b2a00000| Untracked 
|  43|0x00000000b2b00000, 0x00000000b2b00000, 0x00000000b2c00000|  0%| F|  |TAMS 0x00000000b2b00000, 0x00000000b2b00000| Untracked 
|  44|0x00000000b2c00000, 0x00000000b2c00000, 0x00000000b2d00000|  0%| F|  |TAMS 0x00000000b2c00000, 0x00000000b2c00000| Untracked 
|  45|0x00000000b2d00000, 0x00000000b2d00000, 0x00000000b2e00000|  0%| F|  |TAMS 0x00000000b2d00000, 0x00000000b2d00000| Untracked 
|  46|0x00000000b2e00000, 0x00000000b2e00000, 0x00000000b2f00000|  0%| F|  |TAMS 0x00000000b2e00000, 0x00000000b2e00000| Untracked 
|  47|0x00000000b2f00000, 0x00000000b2f00000, 0x00000000b3000000|  0%| F|  |TAMS 0x00000000b2f00000, 0x00000000b2f00000| Untracked 
|  48|0x00000000b3000000, 0x00000000b3000000, 0x00000000b3100000|  0%| F|  |TAMS 0x00000000b3000000, 0x00000000b3000000| Untracked 
|  49|0x00000000b3100000, 0x00000000b3100000, 0x00000000b3200000|  0%| F|  |TAMS 0x00000000b3100000, 0x00000000b3100000| Untracked 
|  50|0x00000000b3200000, 0x00000000b3200000, 0x00000000b3300000|  0%| F|  |TAMS 0x00000000b3200000, 0x00000000b3200000| Untracked 
|  51|0x00000000b3300000, 0x00000000b3300000, 0x00000000b3400000|  0%| F|  |TAMS 0x00000000b3300000, 0x00000000b3300000| Untracked 
|  52|0x00000000b3400000, 0x00000000b3400000, 0x00000000b3500000|  0%| F|  |TAMS 0x00000000b3400000, 0x00000000b3400000| Untracked 
|  53|0x00000000b3500000, 0x00000000b3500000, 0x00000000b3600000|  0%| F|  |TAMS 0x00000000b3500000, 0x00000000b3500000| Untracked 
|  54|0x00000000b3600000, 0x00000000b3600000, 0x00000000b3700000|  0%| F|  |TAMS 0x00000000b3600000, 0x00000000b3600000| Untracked 
|  55|0x00000000b3700000, 0x00000000b3700000, 0x00000000b3800000|  0%| F|  |TAMS 0x00000000b3700000, 0x00000000b3700000| Untracked 
|  56|0x00000000b3800000, 0x00000000b3800000, 0x00000000b3900000|  0%| F|  |TAMS 0x00000000b3800000, 0x00000000b3800000| Untracked 
|  57|0x00000000b3900000, 0x00000000b3900000, 0x00000000b3a00000|  0%| F|  |TAMS 0x00000000b3900000, 0x00000000b3900000| Untracked 
|  58|0x00000000b3a00000, 0x00000000b3a00000, 0x00000000b3b00000|  0%| F|  |TAMS 0x00000000b3a00000, 0x00000000b3a00000| Untracked 
|  59|0x00000000b3b00000, 0x00000000b3b00000, 0x00000000b3c00000|  0%| F|  |TAMS 0x00000000b3b00000, 0x00000000b3b00000| Untracked 
|  60|0x00000000b3c00000, 0x00000000b3c00000, 0x00000000b3d00000|  0%| F|  |TAMS 0x00000000b3c00000, 0x00000000b3c00000| Untracked 
|  61|0x00000000b3d00000, 0x00000000b3d00000, 0x00000000b3e00000|  0%| F|  |TAMS 0x00000000b3d00000, 0x00000000b3d00000| Untracked 
|  62|0x00000000b3e00000, 0x00000000b3e00000, 0x00000000b3f00000|  0%| F|  |TAMS 0x00000000b3e00000, 0x00000000b3e00000| Untracked 
|  63|0x00000000b3f00000, 0x00000000b3f00000, 0x00000000b4000000|  0%| F|  |TAMS 0x00000000b3f00000, 0x00000000b3f00000| Untracked 
|  64|0x00000000b4000000, 0x00000000b4000000, 0x00000000b4100000|  0%| F|  |TAMS 0x00000000b4000000, 0x00000000b4000000| Untracked 
|  65|0x00000000b4100000, 0x00000000b4100000, 0x00000000b4200000|  0%| F|  |TAMS 0x00000000b4100000, 0x00000000b4100000| Untracked 
|  66|0x00000000b4200000, 0x00000000b4200000, 0x00000000b4300000|  0%| F|  |TAMS 0x00000000b4200000, 0x00000000b4200000| Untracked 
|  67|0x00000000b4300000, 0x00000000b4300000, 0x00000000b4400000|  0%| F|  |TAMS 0x00000000b4300000, 0x00000000b4300000| Untracked 
|  68|0x00000000b4400000, 0x00000000b4400000, 0x00000000b4500000|  0%| F|  |TAMS 0x00000000b4400000, 0x00000000b4400000| Untracked 
|  69|0x00000000b4500000, 0x00000000b4500000, 0x00000000b4600000|  0%| F|  |TAMS 0x00000000b4500000, 0x00000000b4500000| Untracked 
|  70|0x00000000b4600000, 0x00000000b4600000, 0x00000000b4700000|  0%| F|  |TAMS 0x00000000b4600000, 0x00000000b4600000| Untracked 
|  71|0x00000000b4700000, 0x00000000b4700000, 0x00000000b4800000|  0%| F|  |TAMS 0x00000000b4700000, 0x00000000b4700000| Untracked 
|  72|0x00000000b4800000, 0x00000000b4900000, 0x00000000b4900000|100%| E|  |TAMS 0x00000000b4800000, 0x00000000b4800000| Complete 
|  73|0x00000000b4900000, 0x00000000b4a00000, 0x00000000b4a00000|100%| E|CS|TAMS 0x00000000b4900000, 0x00000000b4900000| Complete 
|  74|0x00000000b4a00000, 0x00000000b4b00000, 0x00000000b4b00000|100%| E|CS|TAMS 0x00000000b4a00000, 0x00000000b4a00000| Complete 
|  75|0x00000000b4b00000, 0x00000000b4c00000, 0x00000000b4c00000|100%| E|CS|TAMS 0x00000000b4b00000, 0x00000000b4b00000| Complete 
|  76|0x00000000b4c00000, 0x00000000b4d00000, 0x00000000b4d00000|100%| E|CS|TAMS 0x00000000b4c00000, 0x00000000b4c00000| Complete 
|  77|0x00000000b4d00000, 0x00000000b4e00000, 0x00000000b4e00000|100%| E|CS|TAMS 0x00000000b4d00000, 0x00000000b4d00000| Complete 
|  78|0x00000000b4e00000, 0x00000000b4f00000, 0x00000000b4f00000|100%| E|CS|TAMS 0x00000000b4e00000, 0x00000000b4e00000| Complete 
|  79|0x00000000b4f00000, 0x00000000b5000000, 0x00000000b5000000|100%| E|CS|TAMS 0x00000000b4f00000, 0x00000000b4f00000| Complete 

Card table byte_map: [0x00007f376605b000,0x00007f37662db000] _byte_map_base: 0x00007f3765adb000

Marking Bits (Prev, Next): (CMBitMap*) 0x00007f376005c518, (CMBitMap*) 0x00007f376005c558
 Prev Bits: [0x00007f37649db000, 0x00007f3765ddb000)
 Next Bits: [0x00007f374fc00000, 0x00007f3751000000)

Polling page: 0x00007f376a6cd000

Metaspace:

Usage:
  Non-class:      6,40 MB capacity,     6,32 MB ( 99%) used,    68,00 KB (  1%) free+waste,    10,75 KB ( <1%) overhead. 
      Class:    664,00 KB capacity,   611,80 KB ( 92%) used,    46,58 KB (  7%) free+waste,     5,62 KB ( <1%) overhead. 
       Both:      7,04 MB capacity,     6,92 MB ( 98%) used,   114,58 KB (  2%) free+waste,    16,38 KB ( <1%) overhead. 

Virtual space:
  Non-class space:        8,00 MB reserved,       6,50 MB ( 81%) committed 
      Class space:        1,00 GB reserved,     768,00 KB ( <1%) committed 
             Both:        1,01 GB reserved,       7,25 MB ( <1%) committed 

Chunk freelists:
   Non-Class:  42,00 KB
       Class:  8,00 KB
        Both:  50,00 KB

MaxMetaspaceSize: unlimited
CompressedClassSpaceSize: 1,00 GB

CodeHeap 'non-profiled nmethods': size=120032Kb used=175Kb max_used=175Kb free=119856Kb
 bounds [0x00007f3758ac8000, 0x00007f3758d38000, 0x00007f3760000000]
CodeHeap 'profiled nmethods': size=120032Kb used=740Kb max_used=740Kb free=119291Kb
 bounds [0x00007f3751590000, 0x00007f3751800000, 0x00007f3758ac8000]
CodeHeap 'non-nmethods': size=5696Kb used=1183Kb max_used=1203Kb free=4512Kb
 bounds [0x00007f3751000000, 0x00007f3751270000, 0x00007f3751590000]
 total_blobs=995 nmethods=547 adapters=248
 compilation: enabled
              stopped_count=0, restarted_count=0
 full_count=0

Compilation events (10 events):
Event: 1,407 Thread 0x00007f3760165800  542       4       java.lang.AbstractStringBuilder::isLatin1 (19 bytes)
Event: 1,407 Thread 0x00007f3760165800 nmethod 542 0x00007f3758af2990 code [0x00007f3758af2b20, 0x00007f3758af2bb8]
Event: 1,407 Thread 0x00007f3760165800  525       4       java.lang.AbstractStringBuilder::append (77 bytes)
Event: 1,417 Thread 0x00007f3760165800 nmethod 525 0x00007f3758af2c90 code [0x00007f3758af2e20, 0x00007f3758af33b8]
Event: 1,417 Thread 0x00007f3760165800  318       4       java.util.concurrent.ConcurrentHashMap::spread (10 bytes)
Event: 1,418 Thread 0x00007f3760165800 nmethod 318 0x00007f3758af3690 code [0x00007f3758af3800, 0x00007f3758af3858]
Event: 1,418 Thread 0x00007f3760165800  298       4       java.util.HashMap::newNode (13 bytes)
Event: 1,420 Thread 0x00007f3760165800 nmethod 298 0x00007f3758af3910 code [0x00007f3758af3aa0, 0x00007f3758af3bb8]
Event: 1,420 Thread 0x00007f3760165800  299       4       java.util.HashMap::afterNodeInsertion (1 bytes)
Event: 1,421 Thread 0x00007f3760165800 nmethod 299 0x00007f3758af3c90 code [0x00007f3758af3e20, 0x00007f3758af3e78]

GC Heap History (0 events):
No events

Deoptimization events (1 events):
Event: 1,173 Thread 0x00007f3760017800 Uncommon trap: reason=unstable_if action=reinterpret pc=0x00007f3758adccac method=java.util.HashMap.putVal(ILjava/lang/Object;Ljava/lang/Object;ZZ)Ljava/lang/Object; @ 236 c2

Classes unloaded (0 events):
No events

Classes redefined (0 events):
No events

Internal exceptions (10 events):
Event: 0,788 Thread 0x00007f3760017800 Exception <a 'java/lang/NoSuchMethodError'{0x00000000b4c16810}: 'int java.lang.invoke.DirectMethodHandle$Holder.invokeStatic(java.lang.Object, java.lang.Object)'> (0x00000000b4c16810) 
thrown [/home/dmitry/Downloads/LOOM/loom/src/hotspot/share/interpreter/linkResolver.cpp, line 768]
for thread 0x00007f3760017800
Event: 0,794 Thread 0x00007f3760017800 Exception <a 'java/lang/NoSuchMethodError'{0x00000000b4c20e50}: 'java.lang.Object java.lang.invoke.DirectMethodHandle$Holder.invokeVirtual(java.lang.Object, java.lang.Object)'> (0x00000000b4c20e50) 
thrown [/home/dmitry/Downloads/LOOM/loom/src/hotspot/share/interpreter/linkResolver.cpp, line 768]
for thread 0x00007f3760017800
Event: 0,798 Thread 0x00007f3760017800 Exception <a 'java/lang/NoSuchMethodError'{0x00000000b4c28a18}: 'int java.lang.invoke.DirectMethodHandle$Holder.invokeSpecial(java.lang.Object, java.lang.Object)'> (0x00000000b4c28a18) 
thrown [/home/dmitry/Downloads/LOOM/loom/src/hotspot/share/interpreter/linkResolver.cpp, line 768]
for thread 0x00007f3760017800
Event: 1,062 Thread 0x00007f3760017800 Exception <a 'java/lang/NoSuchMethodError'{0x00000000b4ab95e8}: 'void java.lang.invoke.DirectMethodHandle$Holder.invokeStatic(java.lang.Object, java.lang.Object, java.lang.Object)'> (0x00000000b4ab95e8) 
thrown [/home/dmitry/Downloads/LOOM/loom/src/hotspot/share/interpreter/linkResolver.cpp, line 768]
for thread 0x00007f3760017800
Event: 1,089 Thread 0x00007f3760017800 Exception <a 'java/lang/NoSuchMethodError'{0x00000000b4ae4ba0}: 'java.lang.Object java.lang.invoke.Invokers$Holder.linkToTargetMethod(java.lang.Object, java.lang.Object, java.lang.Object, java.lang.Object)'> (0x00000000b4ae4ba0) 
thrown [/home/dmitry/Downloads/LOOM/loom/src/hotspot/share/interpreter/linkResolver.cpp, line 768]
for thread 0x00007f3760017800
Event: 1,186 Thread 0x00007f3760017800 Exception <a 'java/lang/NoSuchMethodError'{0x00000000b49605f0}: 'java.lang.Object java.lang.invoke.DirectMethodHandle$Holder.invokeStaticInit(java.lang.Object, java.lang.Object)'> (0x00000000b49605f0) 
thrown [/home/dmitry/Downloads/LOOM/loom/src/hotspot/share/interpreter/linkResolver.cpp, line 768]
for thread 0x00007f3760017800
Event: 1,188 Thread 0x00007f3760017800 Exception <a 'java/lang/NoSuchMethodError'{0x00000000b4968320}: 'void java.lang.invoke.DirectMethodHandle$Holder.invokeStaticInit(java.lang.Object, java.lang.Object, java.lang.Object)'> (0x00000000b4968320) 
thrown [/home/dmitry/Downloads/LOOM/loom/src/hotspot/share/interpreter/linkResolver.cpp, line 768]
for thread 0x00007f3760017800
Event: 1,399 Thread 0x00007f3760017800 Exception <a 'java/lang/NoSuchMethodError'{0x00000000b48013b0}: 'void java.lang.invoke.DirectMethodHandle$Holder.invokeStatic(java.lang.Object)'> (0x00000000b48013b0) 
thrown [/home/dmitry/Downloads/LOOM/loom/src/hotspot/share/interpreter/linkResolver.cpp, line 768]
for thread 0x00007f3760017800
Event: 1,400 Thread 0x00007f3760017800 Exception <a 'java/lang/NoSuchMethodError'{0x00000000b4805af8}: 'void java.lang.invoke.DirectMethodHandle$Holder.invokeSpecial(java.lang.Object, java.lang.Object)'> (0x00000000b4805af8) 
thrown [/home/dmitry/Downloads/LOOM/loom/src/hotspot/share/interpreter/linkResolver.cpp, line 768]
for thread 0x00007f3760017800
Event: 1,402 Thread 0x00007f3760017800 Exception <a 'java/lang/NoSuchMethodError'{0x00000000b480a808}: 'void java.lang.invoke.DirectMethodHandle$Holder.invokeStatic(java.lang.Object, java.lang.Object)'> (0x00000000b480a808) 
thrown [/home/dmitry/Downloads/LOOM/loom/src/hotspot/share/interpreter/linkResolver.cpp, line 768]
for thread 0x00007f3760017800

Events (10 events):
Event: 2,857 Executing VM operation: GetFrameCount
Event: 2,858 Executing VM operation: GetFrameCount done
Event: 2,858 Executing VM operation: GetStackTrace
Event: 2,858 Executing VM operation: GetStackTrace done
Event: 32,381 Executing VM operation: GetFrameCount
Event: 32,381 Executing VM operation: GetFrameCount done
Event: 32,382 Executing VM operation: GetFrameCount
Event: 32,382 Executing VM operation: GetFrameCount done
Event: 32,382 Executing VM operation: GetStackTrace
Event: 32,382 Executing VM operation: GetStackTrace done


Dynamic libraries:
b0000000-b5000000 rw-p 00000000 00:00 0 
b5000000-100000000 ---p 00000000 00:00 0 
100000000-1000c0000 rw-p 00000000 00:00 0 
1000c0000-140000000 ---p 00000000 00:00 0 
562662e86000-562662e87000 r-xp 00000000 08:01 2499823                    /home/dmitry/Downloads/LOOM/loom/build/linux-x86_64-server-release/jdk/bin/java
562663087000-562663088000 r--p 00001000 08:01 2499823                    /home/dmitry/Downloads/LOOM/loom/build/linux-x86_64-server-release/jdk/bin/java
562663088000-562663089000 rw-p 00002000 08:01 2499823                    /home/dmitry/Downloads/LOOM/loom/build/linux-x86_64-server-release/jdk/bin/java
562664fdf000-562665000000 rw-p 00000000 00:00 0                          [heap]
7f36f4000000-7f36f4021000 rw-p 00000000 00:00 0 
7f36f4021000-7f36f8000000 ---p 00000000 00:00 0 
7f36fc000000-7f36fc021000 rw-p 00000000 00:00 0 
7f36fc021000-7f3700000000 ---p 00000000 00:00 0 
7f3700000000-7f3700021000 rw-p 00000000 00:00 0 
7f3700021000-7f3704000000 ---p 00000000 00:00 0 
7f3704000000-7f3704021000 rw-p 00000000 00:00 0 
7f3704021000-7f3708000000 ---p 00000000 00:00 0 
7f3708000000-7f3708021000 rw-p 00000000 00:00 0 
7f3708021000-7f370c000000 ---p 00000000 00:00 0 
7f370c000000-7f370c044000 rw-p 00000000 00:00 0 
7f370c044000-7f3710000000 ---p 00000000 00:00 0 
7f3710000000-7f3710021000 rw-p 00000000 00:00 0 
7f3710021000-7f3714000000 ---p 00000000 00:00 0 
7f3714000000-7f3714021000 rw-p 00000000 00:00 0 
7f3714021000-7f3718000000 ---p 00000000 00:00 0 
7f3718000000-7f3718021000 rw-p 00000000 00:00 0 
7f3718021000-7f371c000000 ---p 00000000 00:00 0 
7f371efde000-7f371f3d9000 rw-p 00000000 00:00 0 
7f371f3d9000-7f371f3dd000 ---p 00000000 00:00 0 
7f371f3dd000-7f371f4da000 rw-p 00000000 00:00 0 
7f371f4da000-7f371f4de000 ---p 00000000 00:00 0 
7f371f4de000-7f371f5db000 rw-p 00000000 00:00 0 
7f371f5db000-7f371f5dc000 ---p 00000000 00:00 0 
7f371f5dc000-7f371f6dd000 rw-p 00000000 00:00 0 
7f371f6dd000-7f371f6e1000 ---p 00000000 00:00 0 
7f371f6e1000-7f371f7de000 rw-p 00000000 00:00 0 
7f371f7de000-7f371f7e2000 ---p 00000000 00:00 0 
7f371f7e2000-7f371f8df000 rw-p 00000000 00:00 0 
7f371f8df000-7f371f8e3000 ---p 00000000 00:00 0 
7f371f8e3000-7f371f9e0000 rw-p 00000000 00:00 0 
7f371f9e0000-7f371f9e4000 ---p 00000000 00:00 0 
7f371f9e4000-7f371fae1000 rw-p 00000000 00:00 0 
7f371fae1000-7f371fae6000 r-xp 00000000 08:01 2636454                    /home/dmitry/Downloads/LOOM/loom/build/linux-x86_64-server-release/jdk/lib/libdt_socket.so
7f371fae6000-7f371fce5000 ---p 00005000 08:01 2636454                    /home/dmitry/Downloads/LOOM/loom/build/linux-x86_64-server-release/jdk/lib/libdt_socket.so
7f371fce5000-7f371fce6000 r--p 00004000 08:01 2636454                    /home/dmitry/Downloads/LOOM/loom/build/linux-x86_64-server-release/jdk/lib/libdt_socket.so
7f371fce6000-7f371fce7000 rw-p 00005000 08:01 2636454                    /home/dmitry/Downloads/LOOM/loom/build/linux-x86_64-server-release/jdk/lib/libdt_socket.so
7f371fce7000-7f371fceb000 ---p 00000000 00:00 0 
7f371fceb000-7f371fde8000 rw-p 00000000 00:00 0 
7f371fde8000-7f371fdfe000 r-xp 00000000 08:01 2636329                    /home/dmitry/Downloads/LOOM/loom/build/linux-x86_64-server-release/jdk/lib/libnet.so
7f371fdfe000-7f371fffe000 ---p 00016000 08:01 2636329                    /home/dmitry/Downloads/LOOM/loom/build/linux-x86_64-server-release/jdk/lib/libnet.so
7f371fffe000-7f371ffff000 r--p 00016000 08:01 2636329                    /home/dmitry/Downloads/LOOM/loom/build/linux-x86_64-server-release/jdk/lib/libnet.so
7f371ffff000-7f3720000000 rw-p 00017000 08:01 2636329                    /home/dmitry/Downloads/LOOM/loom/build/linux-x86_64-server-release/jdk/lib/libnet.so
7f3720000000-7f37203ed000 rw-p 00000000 00:00 0 
7f37203ed000-7f3724000000 ---p 00000000 00:00 0 
7f3724000000-7f37241e0000 rw-p 00000000 00:00 0 
7f37241e0000-7f3728000000 ---p 00000000 00:00 0 
7f3728000000-7f3728021000 rw-p 00000000 00:00 0 
7f3728021000-7f372c000000 ---p 00000000 00:00 0 
7f372c000000-7f372c021000 rw-p 00000000 00:00 0 
7f372c021000-7f3730000000 ---p 00000000 00:00 0 
7f3730000000-7f3730021000 rw-p 00000000 00:00 0 
7f3730021000-7f3734000000 ---p 00000000 00:00 0 
7f3734000000-7f3734021000 rw-p 00000000 00:00 0 
7f3734021000-7f3738000000 ---p 00000000 00:00 0 
7f3738000000-7f3738021000 rw-p 00000000 00:00 0 
7f3738021000-7f373c000000 ---p 00000000 00:00 0 
7f373c000000-7f373c021000 rw-p 00000000 00:00 0 
7f373c021000-7f3740000000 ---p 00000000 00:00 0 
7f3740000000-7f3740021000 rw-p 00000000 00:00 0 
7f3740021000-7f3744000000 ---p 00000000 00:00 0 
7f3744000000-7f3744021000 rw-p 00000000 00:00 0 
7f3744021000-7f3748000000 ---p 00000000 00:00 0 
7f3748000000-7f3748021000 rw-p 00000000 00:00 0 
7f3748021000-7f374c000000 ---p 00000000 00:00 0 
7f374c096000-7f374c0a7000 r-xp 00000000 08:01 2636332                    /home/dmitry/Downloads/LOOM/loom/build/linux-x86_64-server-release/jdk/lib/libnio.so
7f374c0a7000-7f374c2a6000 ---p 00011000 08:01 2636332                    /home/dmitry/Downloads/LOOM/loom/build/linux-x86_64-server-release/jdk/lib/libnio.so
7f374c2a6000-7f374c2a7000 r--p 00010000 08:01 2636332                    /home/dmitry/Downloads/LOOM/loom/build/linux-x86_64-server-release/jdk/lib/libnio.so
7f374c2a7000-7f374c2a8000 rw-p 00011000 08:01 2636332                    /home/dmitry/Downloads/LOOM/loom/build/linux-x86_64-server-release/jdk/lib/libnio.so
7f374c2a8000-7f374c2ac000 ---p 00000000 00:00 0 
7f374c2ac000-7f374c3a9000 rw-p 00000000 00:00 0 
7f374c3a9000-7f374c3ad000 ---p 00000000 00:00 0 
7f374c3ad000-7f374c4aa000 rw-p 00000000 00:00 0 
7f374c4aa000-7f374c4ae000 ---p 00000000 00:00 0 
7f374c4ae000-7f374c5ab000 rw-p 00000000 00:00 0 
7f374c5ab000-7f374c5af000 ---p 00000000 00:00 0 
7f374c5af000-7f374c6ac000 rw-p 00000000 00:00 0 
7f374c6ac000-7f374d07b000 r--p 00000000 08:01 10230401                   /usr/lib/locale/locale-archive
7f374d07b000-7f374d07f000 ---p 00000000 00:00 0 
7f374d07f000-7f374d17c000 rw-p 00000000 00:00 0 
7f374d17c000-7f374d180000 ---p 00000000 00:00 0 
7f374d180000-7f374d27d000 rw-p 00000000 00:00 0 
7f374d27d000-7f374d27e000 ---p 00000000 00:00 0 
7f374d27e000-7f374da80000 rw-p 00000000 00:00 0 
7f374da80000-7f374dc00000 ---p 00000000 00:00 0 
7f374dc00000-7f374fd40000 rw-p 00000000 00:00 0 
7f374fd40000-7f3751000000 ---p 00000000 00:00 0 
7f3751000000-7f3751270000 rwxp 00000000 00:00 0 
7f3751270000-7f3751590000 ---p 00000000 00:00 0 
7f3751590000-7f3751800000 rwxp 00000000 00:00 0 
7f3751800000-7f3758ac8000 ---p 00000000 00:00 0 
7f3758ac8000-7f3758d38000 rwxp 00000000 00:00 0 
7f3758d38000-7f3760000000 ---p 00000000 00:00 0 
7f3760000000-7f37602ee000 rw-p 00000000 00:00 0 
7f37602ee000-7f3764000000 ---p 00000000 00:00 0 
7f3764041000-7f37640cd000 rw-p 00000000 00:00 0 
7f37640cd000-7f37640ce000 ---p 00000000 00:00 0 
7f37640ce000-7f37641cf000 rw-p 00000000 00:00 0 
7f37641cf000-7f37641d0000 ---p 00000000 00:00 0 
7f37641d0000-7f37646d5000 rw-p 00000000 00:00 0 
7f37646d5000-7f37646d6000 ---p 00000000 00:00 0 
7f37646d6000-7f37647d7000 rw-p 00000000 00:00 0 
7f37647d7000-7f37647d8000 ---p 00000000 00:00 0 
7f37647d8000-7f37648d9000 rw-p 00000000 00:00 0 
7f37648d9000-7f37648da000 ---p 00000000 00:00 0 
7f37648da000-7f3764b1b000 rw-p 00000000 00:00 0 
7f3764b1b000-7f3765ddb000 ---p 00000000 00:00 0 
7f3765ddb000-7f3765e03000 rw-p 00000000 00:00 0 
7f3765e03000-7f376605b000 ---p 00000000 00:00 0 
7f376605b000-7f3766083000 rw-p 00000000 00:00 0 
7f3766083000-7f37662db000 ---p 00000000 00:00 0 
7f37662db000-7f3766303000 rw-p 00000000 00:00 0 
7f3766303000-7f376655b000 ---p 00000000 00:00 0 
7f376655b000-7f3766964000 rw-p 00000000 00:00 0 
7f3766964000-7f3766a4a000 ---p 00000000 00:00 0 
7f3766a4a000-7f3766a4f000 rw-p 00000000 00:00 0 
7f3766a4f000-7f3766b35000 ---p 00000000 00:00 0 
7f3766b35000-7f3766b50000 r-xp 00000000 08:01 2636327                    /home/dmitry/Downloads/LOOM/loom/build/linux-x86_64-server-release/jdk/lib/libjimage.so
7f3766b50000-7f3766d4f000 ---p 0001b000 08:01 2636327                    /home/dmitry/Downloads/LOOM/loom/build/linux-x86_64-server-release/jdk/lib/libjimage.so
7f3766d4f000-7f3766d51000 r--p 0001a000 08:01 2636327                    /home/dmitry/Downloads/LOOM/loom/build/linux-x86_64-server-release/jdk/lib/libjimage.so
7f3766d51000-7f3766d52000 rw-p 0001c000 08:01 2636327                    /home/dmitry/Downloads/LOOM/loom/build/linux-x86_64-server-release/jdk/lib/libjimage.so
7f3766d52000-7f3766d59000 r-xp 00000000 08:01 2636324                    /home/dmitry/Downloads/LOOM/loom/build/linux-x86_64-server-release/jdk/lib/libzip.so
7f3766d59000-7f3766f58000 ---p 00007000 08:01 2636324                    /home/dmitry/Downloads/LOOM/loom/build/linux-x86_64-server-release/jdk/lib/libzip.so
7f3766f58000-7f3766f59000 r--p 00006000 08:01 2636324                    /home/dmitry/Downloads/LOOM/loom/build/linux-x86_64-server-release/jdk/lib/libzip.so
7f3766f59000-7f3766f5a000 rw-p 00007000 08:01 2636324                    /home/dmitry/Downloads/LOOM/loom/build/linux-x86_64-server-release/jdk/lib/libzip.so
7f3766f5a000-7f3766f65000 r-xp 00000000 08:01 1184572                    /lib/x86_64-linux-gnu/libnss_files-2.27.so
7f3766f65000-7f3767164000 ---p 0000b000 08:01 1184572                    /lib/x86_64-linux-gnu/libnss_files-2.27.so
7f3767164000-7f3767165000 r--p 0000a000 08:01 1184572                    /lib/x86_64-linux-gnu/libnss_files-2.27.so
7f3767165000-7f3767166000 rw-p 0000b000 08:01 1184572                    /lib/x86_64-linux-gnu/libnss_files-2.27.so
7f3767166000-7f376716c000 rw-p 00000000 00:00 0 
7f376716c000-7f3767183000 r-xp 00000000 08:01 1184566                    /lib/x86_64-linux-gnu/libnsl-2.27.so
7f3767183000-7f3767382000 ---p 00017000 08:01 1184566                    /lib/x86_64-linux-gnu/libnsl-2.27.so
7f3767382000-7f3767383000 r--p 00016000 08:01 1184566                    /lib/x86_64-linux-gnu/libnsl-2.27.so
7f3767383000-7f3767384000 rw-p 00017000 08:01 1184566                    /lib/x86_64-linux-gnu/libnsl-2.27.so
7f3767384000-7f3767386000 rw-p 00000000 00:00 0 
7f3767386000-7f3767391000 r-xp 00000000 08:01 1184583                    /lib/x86_64-linux-gnu/libnss_nis-2.27.so
7f3767391000-7f3767590000 ---p 0000b000 08:01 1184583                    /lib/x86_64-linux-gnu/libnss_nis-2.27.so
7f3767590000-7f3767591000 r--p 0000a000 08:01 1184583                    /lib/x86_64-linux-gnu/libnss_nis-2.27.so
7f3767591000-7f3767592000 rw-p 0000b000 08:01 1184583                    /lib/x86_64-linux-gnu/libnss_nis-2.27.so
7f3767592000-7f376759a000 r-xp 00000000 08:01 1184568                    /lib/x86_64-linux-gnu/libnss_compat-2.27.so
7f376759a000-7f376779a000 ---p 00008000 08:01 1184568                    /lib/x86_64-linux-gnu/libnss_compat-2.27.so
7f376779a000-7f376779b000 r--p 00008000 08:01 1184568                    /lib/x86_64-linux-gnu/libnss_compat-2.27.so
7f376779b000-7f376779c000 rw-p 00009000 08:01 1184568                    /lib/x86_64-linux-gnu/libnss_compat-2.27.so
7f376779c000-7f37677db000 r-xp 00000000 08:01 2636456                    /home/dmitry/Downloads/LOOM/loom/build/linux-x86_64-server-release/jdk/lib/libjdwp.so
7f37677db000-7f37679da000 ---p 0003f000 08:01 2636456                    /home/dmitry/Downloads/LOOM/loom/build/linux-x86_64-server-release/jdk/lib/libjdwp.so
7f37679da000-7f37679db000 r--p 0003e000 08:01 2636456                    /home/dmitry/Downloads/LOOM/loom/build/linux-x86_64-server-release/jdk/lib/libjdwp.so
7f37679db000-7f37679dc000 rw-p 0003f000 08:01 2636456                    /home/dmitry/Downloads/LOOM/loom/build/linux-x86_64-server-release/jdk/lib/libjdwp.so
7f37679dc000-7f37679dd000 rw-p 00000000 00:00 0 
7f37679dd000-7f3767a06000 r-xp 00000000 08:01 2636323                    /home/dmitry/Downloads/LOOM/loom/build/linux-x86_64-server-release/jdk/lib/libjava.so
7f3767a06000-7f3767c05000 ---p 00029000 08:01 2636323                    /home/dmitry/Downloads/LOOM/loom/build/linux-x86_64-server-release/jdk/lib/libjava.so
7f3767c05000-7f3767c06000 r--p 00028000 08:01 2636323                    /home/dmitry/Downloads/LOOM/loom/build/linux-x86_64-server-release/jdk/lib/libjava.so
7f3767c06000-7f3767c08000 rw-p 00029000 08:01 2636323                    /home/dmitry/Downloads/LOOM/loom/build/linux-x86_64-server-release/jdk/lib/libjava.so
7f3767c08000-7f3767c15000 r-xp 00000000 08:01 2636315                    /home/dmitry/Downloads/LOOM/loom/build/linux-x86_64-server-release/jdk/lib/libverify.so
7f3767c15000-7f3767e14000 ---p 0000d000 08:01 2636315                    /home/dmitry/Downloads/LOOM/loom/build/linux-x86_64-server-release/jdk/lib/libverify.so
7f3767e14000-7f3767e16000 r--p 0000c000 08:01 2636315                    /home/dmitry/Downloads/LOOM/loom/build/linux-x86_64-server-release/jdk/lib/libverify.so
7f3767e16000-7f3767e17000 rw-p 0000e000 08:01 2636315                    /home/dmitry/Downloads/LOOM/loom/build/linux-x86_64-server-release/jdk/lib/libverify.so
7f3767e17000-7f3767fb4000 r-xp 00000000 08:01 1184545                    /lib/x86_64-linux-gnu/libm-2.27.so
7f3767fb4000-7f37681b3000 ---p 0019d000 08:01 1184545                    /lib/x86_64-linux-gnu/libm-2.27.so
7f37681b3000-7f37681b4000 r--p 0019c000 08:01 1184545                    /lib/x86_64-linux-gnu/libm-2.27.so
7f37681b4000-7f37681b5000 rw-p 0019d000 08:01 1184545                    /lib/x86_64-linux-gnu/libm-2.27.so
7f37681b5000-7f37694e1000 r-xp 00000000 08:01 2636313                    /home/dmitry/Downloads/LOOM/loom/build/linux-x86_64-server-release/jdk/lib/server/libjvm.so
7f37694e1000-7f37696e0000 ---p 0132c000 08:01 2636313                    /home/dmitry/Downloads/LOOM/loom/build/linux-x86_64-server-release/jdk/lib/server/libjvm.so
7f37696e0000-7f37697a8000 r--p 0132b000 08:01 2636313                    /home/dmitry/Downloads/LOOM/loom/build/linux-x86_64-server-release/jdk/lib/server/libjvm.so
7f37697a8000-7f37697e3000 rw-p 013f3000 08:01 2636313                    /home/dmitry/Downloads/LOOM/loom/build/linux-x86_64-server-release/jdk/lib/server/libjvm.so
7f37697e3000-7f3769869000 rw-p 00000000 00:00 0 
7f3769869000-7f3769883000 r-xp 00000000 08:01 1184615                    /lib/x86_64-linux-gnu/libpthread-2.27.so
7f3769883000-7f3769a82000 ---p 0001a000 08:01 1184615                    /lib/x86_64-linux-gnu/libpthread-2.27.so
7f3769a82000-7f3769a83000 r--p 00019000 08:01 1184615                    /lib/x86_64-linux-gnu/libpthread-2.27.so
7f3769a83000-7f3769a84000 rw-p 0001a000 08:01 1184615                    /lib/x86_64-linux-gnu/libpthread-2.27.so
7f3769a84000-7f3769a88000 rw-p 00000000 00:00 0 
7f3769a88000-7f3769a8b000 r-xp 00000000 08:01 1184505                    /lib/x86_64-linux-gnu/libdl-2.27.so
7f3769a8b000-7f3769c8a000 ---p 00003000 08:01 1184505                    /lib/x86_64-linux-gnu/libdl-2.27.so
7f3769c8a000-7f3769c8b000 r--p 00002000 08:01 1184505                    /lib/x86_64-linux-gnu/libdl-2.27.so
7f3769c8b000-7f3769c8c000 rw-p 00003000 08:01 1184505                    /lib/x86_64-linux-gnu/libdl-2.27.so
7f3769c8c000-7f3769ca8000 r-xp 00000000 08:01 1184654                    /lib/x86_64-linux-gnu/libz.so.1.2.11
7f3769ca8000-7f3769ea7000 ---p 0001c000 08:01 1184654                    /lib/x86_64-linux-gnu/libz.so.1.2.11
7f3769ea7000-7f3769ea8000 r--p 0001b000 08:01 1184654                    /lib/x86_64-linux-gnu/libz.so.1.2.11
7f3769ea8000-7f3769ea9000 rw-p 0001c000 08:01 1184654                    /lib/x86_64-linux-gnu/libz.so.1.2.11
7f3769ea9000-7f376a090000 r-xp 00000000 08:01 1184482                    /lib/x86_64-linux-gnu/libc-2.27.so
7f376a090000-7f376a290000 ---p 001e7000 08:01 1184482                    /lib/x86_64-linux-gnu/libc-2.27.so
7f376a290000-7f376a294000 r--p 001e7000 08:01 1184482                    /lib/x86_64-linux-gnu/libc-2.27.so
7f376a294000-7f376a296000 rw-p 001eb000 08:01 1184482                    /lib/x86_64-linux-gnu/libc-2.27.so
7f376a296000-7f376a29a000 rw-p 00000000 00:00 0 
7f376a29a000-7f376a2aa000 r-xp 00000000 08:01 2636316                    /home/dmitry/Downloads/LOOM/loom/build/linux-x86_64-server-release/jdk/lib/libjli.so
7f376a2aa000-7f376a4a9000 ---p 00010000 08:01 2636316                    /home/dmitry/Downloads/LOOM/loom/build/linux-x86_64-server-release/jdk/lib/libjli.so
7f376a4a9000-7f376a4aa000 r--p 0000f000 08:01 2636316                    /home/dmitry/Downloads/LOOM/loom/build/linux-x86_64-server-release/jdk/lib/libjli.so
7f376a4aa000-7f376a4ab000 rw-p 00010000 08:01 2636316                    /home/dmitry/Downloads/LOOM/loom/build/linux-x86_64-server-release/jdk/lib/libjli.so
7f376a4ab000-7f376a4d2000 r-xp 00000000 08:01 1184454                    /lib/x86_64-linux-gnu/ld-2.27.so
7f376a4ff000-7f376a5b2000 rw-p 00000000 00:00 0 
7f376a5b2000-7f376a5b9000 ---p 00000000 00:00 0 
7f376a5b9000-7f376a5bd000 ---p 00000000 00:00 0 
7f376a5bd000-7f376a6bc000 rw-p 00000000 00:00 0 
7f376a6be000-7f376a6c5000 r--s 00000000 08:01 10488549                   /usr/lib/x86_64-linux-gnu/gconv/gconv-modules.cache
7f376a6c5000-7f376a6cd000 rw-s 00000000 08:01 524313                     /tmp/hsperfdata_dmitry/18784
7f376a6cd000-7f376a6ce000 ---p 00000000 00:00 0 
7f376a6ce000-7f376a6cf000 r--p 00000000 00:00 0 
7f376a6cf000-7f376a6d0000 ---p 00000000 00:00 0 
7f376a6d0000-7f376a6d2000 rw-p 00000000 00:00 0 
7f376a6d2000-7f376a6d3000 r--p 00027000 08:01 1184454                    /lib/x86_64-linux-gnu/ld-2.27.so
7f376a6d3000-7f376a6d4000 rw-p 00028000 08:01 1184454                    /lib/x86_64-linux-gnu/ld-2.27.so
7f376a6d4000-7f376a6d5000 rw-p 00000000 00:00 0 
7ffe05f00000-7ffe05f23000 rw-p 00000000 00:00 0                          [stack]
7ffe05f72000-7ffe05f75000 r--p 00000000 00:00 0                          [vvar]
7ffe05f75000-7ffe05f77000 r-xp 00000000 00:00 0                          [vdso]
ffffffffff600000-ffffffffff601000 r-xp 00000000 00:00 0                  [vsyscall]


VM Arguments:
jvm_args: -agentlib:jdwp=transport=dt_socket,address=127.0.0.1:18305,suspend=y,server=n -Dfile.encoding=UTF-8 
java_command: Main
java_class_path (initial): /home/dmitry/Downloads/LOOM/loom/build/linux-x86_64-server-release/jdk/modules/java.base:/home/dmitry/Downloads/LOOM/loom/build/linux-x86_64-server-release/jdk/modules/java.compiler:/home/dmitry/Downloads/LOOM/loom/build/linux-x86_64-server-release/jdk/modules/java.datatransfer:/home/dmitry/Downloads/LOOM/loom/build/linux-x86_64-server-release/jdk/modules/java.desktop:/home/dmitry/Downloads/LOOM/loom/build/linux-x86_64-server-release/jdk/modules/java.instrument:/home/dmitry/Downloads/LOOM/loom/build/linux-x86_64-server-release/jdk/modules/java.logging:/home/dmitry/Downloads/LOOM/loom/build/linux-x86_64-server-release/jdk/modules/java.management:/home/dmitry/Downloads/LOOM/loom/build/linux-x86_64-server-release/jdk/modules/java.management.rmi:/home/dmitry/Downloads/LOOM/loom/build/linux-x86_64-server-release/jdk/modules/java.naming:/home/dmitry/Downloads/LOOM/loom/build/linux-x86_64-server-release/jdk/modules/java.net.http:/home/dmitry/Downloads/LOOM/loom/build/linux-x86_64-server-release/jdk/modules/java.prefs:/home/dmitry/Downloads/LOOM/loom/build/linux-x86_64-server-release/jdk/modules/java.rmi:/home/dmitry/Downloads/LOOM/loom/build/linux-x86_64-server-release/jdk/modules/java.scripting:/home/dmitry/Downloads/LOOM/loom/build/linux-x86_64-server-release/jdk/modules/java.se:/home/dmitry/Downloads/LOOM/loom/build/linux-x86_64-server-release/jdk/modules/java.security.jgss:/home/dmitry/Downloads/LOOM/loom/build/linux-x86_64-server-release/jdk/modules/java.security.sasl:/home/dmitry/Downloads/LOOM/loom/build/linux-x86_64-server-release/jdk/modules/java.smartcardio:/home/dmitry/Downloads/LOOM/loom/build/linux-x86_64-server-release/jdk/modules/java.sql:/home/dmitry/Downloads/LOOM/loom/build/linux-x86_64-server-release/jdk/modules/java.sql.rowset:/home/dmitry/Downloads/LOOM/loom/build/linux-x86_64-server-release/jdk/modules/java.transaction.xa:/home/dmitry/Downloads/LOOM/loom/build/linux-x86_64-server-release/jdk/modules/java.xml:/home/dmitry/D
Launcher Type: SUN_STANDARD

[Global flags]
     intx CICompilerCount                          = 3                                         {product} {ergonomic}
     uint ConcGCThreads                            = 1                                         {product} {ergonomic}
     uint G1ConcRefinementThreads                  = 4                                         {product} {ergonomic}
   size_t G1HeapRegionSize                         = 1048576                                   {product} {ergonomic}
    uintx GCDrainStackTargetSize                   = 64                                        {product} {ergonomic}
   size_t InitialHeapSize                          = 83886080                                  {product} {ergonomic}
   size_t MarkStackSize                            = 4194304                                   {product} {ergonomic}
   size_t MaxHeapSize                              = 1342177280                                {product} {ergonomic}
   size_t MaxNewSize                               = 805306368                                 {product} {ergonomic}
   size_t MinHeapDeltaBytes                        = 1048576                                   {product} {ergonomic}
    uintx NonNMethodCodeHeapSize                   = 5830732                                {pd product} {ergonomic}
    uintx NonProfiledCodeHeapSize                  = 122913754                              {pd product} {ergonomic}
    uintx ProfiledCodeHeapSize                     = 122913754                              {pd product} {ergonomic}
    uintx ReservedCodeCacheSize                    = 251658240                              {pd product} {ergonomic}
     bool SegmentedCodeCache                       = true                                      {product} {ergonomic}
     bool UseCompressedClassPointers               = true                                 {lp64_product} {ergonomic}
     bool UseCompressedOops                        = true                                 {lp64_product} {ergonomic}
     bool UseG1GC                                  = true                                      {product} {ergonomic}

Logging:
Log output configuration:
 #0: stdout all=warning uptime,level,tags
 #1: stderr all=off uptime,level,tags

Environment Variables:
JAVA_HOME=/home/dmitry/usr/local/java/jdk1.8.0
PATH=/bin:/bin:/usr/local/sbin:/usr/local/bin:/usr/sbin:/usr/bin:/sbin:/bin:/usr/games:/usr/local/games:/snap/bin
USERNAME=dmitry
SHELL=/bin/bash
DISPLAY=:0

Signal Handlers:
SIGSEGV: [libjvm.so+0xfe39c0], sa_mask[0]=11111111011111111101111111111110, sa_flags=SA_RESTART|SA_SIGINFO
SIGBUS: [libjvm.so+0xfe39c0], sa_mask[0]=11111111011111111101111111111110, sa_flags=SA_RESTART|SA_SIGINFO
SIGFPE: [libjvm.so+0xfe39c0], sa_mask[0]=11111111011111111101111111111110, sa_flags=SA_RESTART|SA_SIGINFO
SIGPIPE: [libjvm.so+0xc81240], sa_mask[0]=11111111011111111101111111111110, sa_flags=SA_RESTART|SA_SIGINFO
SIGXFSZ: [libjvm.so+0xc81240], sa_mask[0]=11111111011111111101111111111110, sa_flags=SA_RESTART|SA_SIGINFO
SIGILL: [libjvm.so+0xfe39c0], sa_mask[0]=11111111011111111101111111111110, sa_flags=SA_RESTART|SA_SIGINFO
SIGUSR2: [libjvm.so+0xc810e0], sa_mask[0]=00100000000000000000000000000000, sa_flags=SA_RESTART|SA_SIGINFO
SIGHUP: [libjvm.so+0xc816e0], sa_mask[0]=11111111011111111101111111111110, sa_flags=SA_RESTART|SA_SIGINFO
SIGINT: [libjvm.so+0xc816e0], sa_mask[0]=11111111011111111101111111111110, sa_flags=SA_RESTART|SA_SIGINFO
SIGTERM: [libjvm.so+0xc816e0], sa_mask[0]=11111111011111111101111111111110, sa_flags=SA_RESTART|SA_SIGINFO
SIGQUIT: [libjvm.so+0xc816e0], sa_mask[0]=11111111011111111101111111111110, sa_flags=SA_RESTART|SA_SIGINFO


---------------  S Y S T E M  ---------------

OS:DISTRIB_ID=Ubuntu
DISTRIB_RELEASE=18.04
DISTRIB_CODENAME=bionic
DISTRIB_DESCRIPTION="Ubuntu 18.04.2 LTS"
uname:Linux 4.18.0-20-generic #21~18.04.1-Ubuntu SMP Wed May 8 08:43:37 UTC 2019 x86_64
libc:glibc 2.27 NPTL 2.27 
rlimit: STACK 8192k, CORE 0k, NPROC 20273, NOFILE 4096, AS infinity, DATA infinity, FSIZE infinity
load average:0,73 1,75 1,16

/proc/meminfo:
MemTotal:        5234980 kB
MemFree:          124300 kB
MemAvailable:    2913172 kB
Buffers:          101332 kB
Cached:          2919804 kB
SwapCached:       101756 kB
Active:          2344864 kB
Inactive:        2464072 kB
Active(anon):    1107608 kB
Inactive(anon):   781244 kB
Active(file):    1237256 kB
Inactive(file):  1682828 kB
Unevictable:          48 kB
Mlocked:              48 kB
SwapTotal:       2097148 kB
SwapFree:        1510396 kB
Dirty:                40 kB
Writeback:             0 kB
AnonPages:       1773812 kB
Mapped:           270976 kB
Shmem:            101036 kB
Slab:             193768 kB
SReclaimable:     151708 kB
SUnreclaim:        42060 kB
KernelStack:        9472 kB
PageTables:        36680 kB
NFS_Unstable:          0 kB
Bounce:                0 kB
WritebackTmp:          0 kB
CommitLimit:     4714636 kB
Committed_AS:    5404528 kB
VmallocTotal:   34359738367 kB
VmallocUsed:           0 kB
VmallocChunk:          0 kB
HardwareCorrupted:     0 kB
AnonHugePages:         0 kB
ShmemHugePages:        0 kB
ShmemPmdMapped:        0 kB
CmaTotal:              0 kB
CmaFree:               0 kB
HugePages_Total:       0
HugePages_Free:        0
HugePages_Rsvd:        0
HugePages_Surp:        0
Hugepagesize:       2048 kB
Hugetlb:               0 kB
DirectMap4k:      153536 kB
DirectMap2M:     5257216 kB


/proc/sys/kernel/threads-max (system-wide limit on the number of threads):
40547


/proc/sys/vm/max_map_count (maximum number of memory map areas a process may have):
65530


/proc/sys/kernel/pid_max (system-wide limit on number of process identifiers):
32768



container (cgroup) information:
container_type: cgroupv1
cpu_cpuset_cpus: 0-3
cpu_memory_nodes: 0
active_processor_count: 4
cpu_quota: no quota
cpu_period: 100000
cpu_shares: no shares
memory_limit_in_bytes: unlimited
memory_and_swap_limit_in_bytes: not supported
memory_soft_limit_in_bytes: unlimited
memory_usage_in_bytes: 4910755840
memory_max_usage_in_bytes: unlimited

KVM virtualization detected
Steal ticks since vm start: 0
Steal ticks percentage since vm start:  0,000

CPU:total 4 (initial active 4) (4 cores per cpu, 1 threads per core) family 6 model 60 stepping 3, cmov, cx8, fxsr, mmx, sse, sse2, sse3, ssse3, sse4.1, sse4.2, popcnt, avx, avx2, aes, clmul, lzcnt, tsc, tscinvbit
CPU Model and flags from /proc/cpuinfo:
model name	: Intel(R) Core(TM) i7-4700HQ CPU @ 2.40GHz
flags		: fpu vme de pse tsc msr pae mce cx8 apic sep mtrr pge mca cmov pat pse36 clflush mmx fxsr sse sse2 ht syscall nx rdtscp lm constant_tsc rep_good nopl xtopology nonstop_tsc cpuid tsc_known_freq pni pclmulqdq ssse3 cx16 pcid sse4_1 sse4_2 x2apic movbe popcnt aes xsave avx rdrand hypervisor lahf_lm abm invpcid_single pti fsgsbase avx2 invpcid flush_l1d

Memory: 4k page, physical 5234980k(124300k free), swap 2097148k(1510396k free)

vm_info: OpenJDK 64-Bit Server VM (13-internal+0-adhoc.dmitry.loom) for linux-amd64 JRE (13-internal+0-adhoc.dmitry.loom), built on May 19 2019 19:11:29 by "dmitry" with gcc 7.4.0

END.
