#
# A fatal error has been detected by the Java Runtime Environment:
#
#  SIGSEGV (0xb) at pc=0x00007fc26b245f7a, pid=27003, tid=27033
#
# JRE version: OpenJDK Runtime Environment (13.0) (build 13-internal+0-adhoc.dmitry.loom)
# Java VM: OpenJDK 64-Bit Server VM (13-internal+0-adhoc.dmitry.loom, mixed mode, tiered, compressed oops, g1 gc, linux-amd64)
# Problematic frame:
# V  [libjvm.so+0x683f7a]  ContMirror::read()+0x1a
#
# Core dump will be written. Default location: Core dumps may be processed with "/usr/share/apport/apport %p %s %c %d %P" (or dumping to /home/dmitry/Downloads/LoadDetector/core.27003)
#
# If you would like to submit a bug report, please visit:
#   http://bugreport.java.com/bugreport/crash.jsp
#

---------------  S U M M A R Y ------------

Command Line: -agentlib:jdwp=transport=dt_socket,address=127.0.0.1:6223,suspend=y,server=n -Dfile.encoding=UTF-8 NewMain

Host: Intel(R) Core(TM) i7-4700HQ CPU @ 2.40GHz, 4 cores, 4G, Ubuntu 18.04.2 LTS
Time: Sun May 26 12:05:01 2019 MSK elapsed time: 56 seconds (0d 0h 0m 56s)

---------------  T H R E A D  ---------------

Current thread (0x00007fc2642da800):  JavaThread "Timer-0" daemon [_thread_in_vm, id=27033, stack(0x00007fc239aec000,0x00007fc239bed000)]

Stack: [0x00007fc239aec000,0x00007fc239bed000],  sp=0x00007fc239be9110,  free space=1012k
Native frames: (J=compiled Java code, A=aot compiled Java code, j=interpreted, Vv=VM code, C=native code)
V  [libjvm.so+0x683f7a]  ContMirror::read()+0x1a
V  [libjvm.so+0x688cec]  Continuation::freeze0(JavaThread*, FrameInfo*, bool) [clone .part.305]+0x52c
V  [libjvm.so+0x689437]  Continuation::freeze(JavaThread*, FrameInfo*)+0x127
v  ~RuntimeStub::cont_doYield
C  0x00007fc239beb7a8
j  java.lang.Continuation.myPause(Ljava/lang/ContinuationScope;)Z+3 java.base
j  balancer.Balancer$1.run()V+48
j  java.util.TimerThread.mainLoop()V+221 java.base
j  java.util.TimerThread.run()V+1 java.base
v  ~StubRoutines::call_stub
V  [libjvm.so+0x8bd249]  JavaCalls::call_helper(JavaValue*, methodHandle const&, JavaCallArguments*, Thread*)+0x3c9
V  [libjvm.so+0x8bb265]  JavaCalls::call_virtual(JavaValue*, Handle, Klass*, Symbol*, Symbol*, Thread*)+0x1e5
V  [libjvm.so+0x9660dc]  thread_entry(JavaThread*, Thread*)+0x6c
V  [libjvm.so+0xf73b92]  JavaThread::run()+0x232
V  [libjvm.so+0xf7190d]  Thread::call_run()+0x10d
V  [libjvm.so+0xc8bc77]  thread_native_entry(Thread*)+0xe7

Java frames: (J=compiled Java code, j=interpreted, Vv=VM code)
v  ~RuntimeStub::cont_doYield
j  java.lang.Continuation.yield0(Ljava/lang/ContinuationScope;Ljava/lang/Continuation;)Z+60 java.base
j  java.lang.Continuation.myPause(Ljava/lang/ContinuationScope;)Z+3 java.base
j  balancer.Balancer$1.run()V+48
j  java.util.TimerThread.mainLoop()V+221 java.base
j  java.util.TimerThread.run()V+1 java.base
v  ~StubRoutines::call_stub

siginfo: si_signo: 11 (SIGSEGV), si_code: 1 (SEGV_MAPERR), si_addr: 0x0000000000000020

Register to memory mapping:

RAX=0x0000000000000020 is an unknown value
RBX=0x00007fc239bea4c0 is pointing into the stack for thread: 0x00007fc2642da800
RCX=0x00007fc255013c98 is pointing into interpreter code (not bytecode specific)
RDX=0x0 is NULL
RSP=0x00007fc239be9110 is pointing into the stack for thread: 0x00007fc2642da800
RBP=0x00007fc239be9120 is pointing into the stack for thread: 0x00007fc2642da800
RSI=0x00007fc268a8c7c9 points into unknown readable memory: 20 20 20 20 20 20 20
RDI=0x0 is NULL
R8 =0x00007fc255000000 points into unknown readable memory: 04 00 00 00 00 00 00 00
R9 =0x000000000000000b is an unknown value
R10=0x0000000000000800 is an unknown value
R11=0x0000000000000400 is an unknown value
R12=0x00007fc264234c60 points into unknown readable memory: 00 00 00 00 00 00 00 00
R13=0x00007fc239bea4c0 is pointing into the stack for thread: 0x00007fc2642da800
R14=0x00007fc239beb780 is pointing into the stack for thread: 0x00007fc2642da800
R15=0x00007fc2642d96e0 points into unknown readable memory: 02 00 00 00 00 00 00 00


Registers:
RAX=0x0000000000000020, RBX=0x00007fc239bea4c0, RCX=0x00007fc255013c98, RDX=0x0000000000000000
RSP=0x00007fc239be9110, RBP=0x00007fc239be9120, RSI=0x00007fc268a8c7c9, RDI=0x0000000000000000
R8 =0x00007fc255000000, R9 =0x000000000000000b, R10=0x0000000000000800, R11=0x0000000000000400
R12=0x00007fc264234c60, R13=0x00007fc239bea4c0, R14=0x00007fc239beb780, R15=0x00007fc2642d96e0
RIP=0x00007fc26b245f7a, EFLAGS=0x0000000000010202, CSGSFS=0x002b000000000033, ERR=0x0000000000000004
  TRAPNO=0x000000000000000e

Top of Stack: (sp=0x00007fc239be9110)
0x00007fc239be9110:   00007fc2642da800 00007fc2642da800
0x00007fc239be9120:   00007fc239beb730 00007fc26b24acec
0x00007fc239be9130:   00007fc2642da800 0000000000000000
0x00007fc239be9140:   0000000000000000 00007fc239be9240 

Instructions: (pc=0x00007fc26b245f7a)
0x00007fc26b245e7a:   08 48 63 00 89 0c 02 48 8d 05 4c e4 fd 00 48 8b
0x00007fc26b245e8a:   4b 30 48 8b 53 08 48 63 00 48 89 0c 02 48 8d 05
0x00007fc26b245e9a:   2e e4 fd 00 48 8b 53 08 48 8b 4b 38 48 63 00 48
0x00007fc26b245eaa:   89 0c 02 48 8d 05 14 e4 fd 00 8b 4b 60 48 8b 53
0x00007fc26b245eba:   08 48 63 00 89 0c 02 48 8d 05 18 e4 fd 00 48 8b
0x00007fc26b245eca:   53 08 48 8b 4b 10 48 63 00 48 89 0c 02 48 8d 05
0x00007fc26b245eda:   fe e3 fd 00 48 8b 4b 18 48 8b 53 08 48 63 00 48
0x00007fc26b245eea:   89 0c 02 48 8d 05 e4 e3 fd 00 48 63 00 48 8b 53
0x00007fc26b245efa:   08 48 8b 4b 20 48 89 0c 02 48 8d 05 ee e3 fd 00
0x00007fc26b245f0a:   48 8b 53 08 48 8b 4b 58 48 63 00 89 0c 02 48 8d
0x00007fc26b245f1a:   05 a1 e3 fd 00 0f b6 4b 70 48 8b 53 08 48 63 00
0x00007fc26b245f2a:   88 0c 02 48 8d 05 c0 e3 fd 00 0f b7 4b 74 48 8b
0x00007fc26b245f3a:   53 08 48 63 00 66 89 0c 02 48 8d 05 a6 e3 fd 00
0x00007fc26b245f4a:   0f b7 4b 72 48 8b 53 08 48 63 00 66 89 0c 02 48
0x00007fc26b245f5a:   83 c4 08 5b 5d c3 55 48 89 e5 53 48 89 fb 48 83
0x00007fc26b245f6a:   ec 08 48 8d 05 6d e3 fd 00 48 8b 7f 08 48 63 00
0x00007fc26b245f7a:   48 8b 04 38 48 89 43 10 48 8d 05 53 e3 fd 00 48
0x00007fc26b245f8a:   63 00 48 8b 04 38 48 89 43 18 48 8d 05 3d e3 fd
0x00007fc26b245f9a:   00 48 63 00 48 8b 04 38 48 89 43 20 48 8d 05 23
0x00007fc26b245faa:   e3 fd 00 48 63 00 8b 04 38 89 43 28 48 8d 05 17
0x00007fc26b245fba:   e3 fd 00 48 63 00 48 8b 04 38 48 89 43 30 48 8d
0x00007fc26b245fca:   05 fd e2 fd 00 48 63 00 48 8b 04 38 48 89 43 38
0x00007fc26b245fda:   48 8d 05 1b e3 fd 00 48 63 30 ff 15 56 40 f7 00
0x00007fc26b245fea:   48 85 c0 48 89 43 40 0f 84 b9 01 00 00 48 8d 15
0x00007fc26b245ffa:   de c7 fd 00 80 3a 01 48 19 c9 83 e1 04 80 3a 01
0x00007fc26b24600a:   8b 4c 08 0c 48 19 d2 89 4b 48 83 e2 08 48 8d 44
0x00007fc26b24601a:   10 10 48 89 43 50 48 8d 05 d1 e2 fd 00 48 8b 7b
0x00007fc26b24602a:   08 48 63 00 48 63 04 07 48 89 43 58 48 8d 05 af
0x00007fc26b24603a:   e2 fd 00 48 63 30 ff 15 fa 3f f7 00 48 8d 15 7b
0x00007fc26b24604a:   e2 fd 00 48 89 43 68 48 8b 43 08 48 83 3d d3 ac
0x00007fc26b24605a:   fb 00 00 48 63 12 8b 14 02 89 53 60 48 8d 15 53
0x00007fc26b24606a:   e2 fd 00 48 63 12 0f b6 14 02 88 53 70 48 8d 15 


Stack slot to memory mapping:
stack at sp + 0 slots: 0x00007fc2642da800 is a thread
stack at sp + 1 slots: 0x00007fc2642da800 is a thread
stack at sp + 2 slots: 0x00007fc239beb730 is pointing into the stack for thread: 0x00007fc2642da800
stack at sp + 3 slots: 0x00007fc26b24acec: <offset 0x0000000000688cec> in /home/dmitry/Downloads/LOOM/loom/build/linux-x86_64-server-release/jdk/lib/server/libjvm.so at 0x00007fc26abc2000
stack at sp + 4 slots: 0x00007fc2642da800 is a thread
stack at sp + 5 slots: 0x0 is NULL
stack at sp + 6 slots: 0x0 is NULL
stack at sp + 7 slots: 0x00007fc239be9240 is pointing into the stack for thread: 0x00007fc2642da800


---------------  P R O C E S S  ---------------

Threads class SMR info:
_java_thread_list=0x00007fc1f4001e40, length=15, elements={
0x00007fc26413c000, 0x00007fc26413f000, 0x00007fc264161000, 0x00007fc264166000,
0x00007fc264168000, 0x00007fc264169800, 0x00007fc264182000, 0x00007fc2642a7800,
0x00007fc2642aa800, 0x00007fc218001800, 0x00007fc2642ad000, 0x00007fc2642da800,
0x00007fc26430e000, 0x00007fc264311800, 0x00007fc264017800
}

Java Threads: ( => current thread )
  0x00007fc26413c000 JavaThread "Reference Handler" daemon [_thread_blocked, id=27013, stack(0x00007fc2503f9000,0x00007fc2504fa000)]
  0x00007fc26413f000 JavaThread "Finalizer" daemon [_thread_blocked, id=27014, stack(0x00007fc2502f8000,0x00007fc2503f9000)]
  0x00007fc264161000 JavaThread "Signal Dispatcher" daemon [_thread_blocked, id=27015, stack(0x00007fc2501f7000,0x00007fc2502f8000)]
  0x00007fc264166000 JavaThread "C2 CompilerThread0" daemon [_thread_blocked, id=27016, stack(0x00007fc2500f6000,0x00007fc2501f7000)]
  0x00007fc264168000 JavaThread "C1 CompilerThread0" daemon [_thread_blocked, id=27017, stack(0x00007fc23ad30000,0x00007fc23ae31000)]
  0x00007fc264169800 JavaThread "Sweeper thread" daemon [_thread_blocked, id=27018, stack(0x00007fc23ac2f000,0x00007fc23ad30000)]
  0x00007fc264182000 JavaThread "Common-Cleaner" daemon [_thread_blocked, id=27019, stack(0x00007fc23a704000,0x00007fc23a805000)]
  0x00007fc2642a7800 JavaThread "JDWP Transport Listener: dt_socket" daemon [_thread_blocked, id=27021, stack(0x00007fc23a3fd000,0x00007fc23a4fe000)]
  0x00007fc2642aa800 JavaThread "JDWP Event Helper Thread" daemon [_thread_blocked, id=27022, stack(0x00007fc23a2fc000,0x00007fc23a3fd000)]
  0x00007fc218001800 JavaThread "JDWP Command Reader" daemon [_thread_in_native, id=27024, stack(0x00007fc23a1fb000,0x00007fc23a2fc000)]
  0x00007fc2642ad000 JavaThread "Service Thread" daemon [_thread_blocked, id=27031, stack(0x00007fc23a0fa000,0x00007fc23a1fb000)]
=>0x00007fc2642da800 JavaThread "Timer-0" daemon [_thread_in_vm, id=27033, stack(0x00007fc239aec000,0x00007fc239bed000)]
  0x00007fc26430e000 JavaThread "pool-1-thread-1" [_thread_blocked, id=27034, stack(0x00007fc2399eb000,0x00007fc239aec000)]
  0x00007fc264311800 JavaThread "pool-1-thread-3" [_thread_in_vm_trans, id=27042, stack(0x00007fc2397e9000,0x00007fc2398ea000)]
  0x00007fc264017800 JavaThread "DestroyJavaVM" [_thread_blocked, id=27004, stack(0x00007fc26cfc6000,0x00007fc26d0c7000)]

Other Threads:
  0x00007fc26412f800 VMThread "VM Thread" [stack: 0x00007fc2504fc000,0x00007fc2505fc000] [id=27012]
  0x00007fc2642af000 WatcherThread [stack: 0x00007fc239ffa000,0x00007fc23a0fa000] [id=27032]
  0x00007fc26405b000 GCTaskThread "GC Thread#0" [stack: 0x00007fc2686e8000,0x00007fc2687e8000] [id=27007]
  0x00007fc264065000 ConcurrentGCThread "G1 Main Marker" [stack: 0x00007fc2685e6000,0x00007fc2686e6000] [id=27008]
  0x00007fc264066800 ConcurrentGCThread "G1 Conc#0" [stack: 0x00007fc2684e4000,0x00007fc2685e4000] [id=27009]
  0x00007fc2640bb000 ConcurrentGCThread "G1 Refine#0" [stack: 0x00007fc250700000,0x00007fc250800000] [id=27010]
  0x00007fc2640bc800 ConcurrentGCThread "G1 Young RemSet Sampling" [stack: 0x00007fc2505fe000,0x00007fc2506fe000] [id=27011]

Threads with active compile tasks:

VM state:not at safepoint (normal execution)

VM Mutex/Monitor currently owned by a thread: None

Heap address: 0x00000000b0000000, size: 1280 MB, Compressed Oops mode: 32-bit
Narrow klass base: 0x0000000000000000, Narrow klass shift: 3
Compressed class space size: 1073741824 Address: 0x0000000100000000

Heap:
 garbage-first heap   total 81920K, used 10240K [0x00000000b0000000, 0x0000000100000000)
  region size 1024K, 11 young (11264K), 0 survivors (0K)
 Metaspace       used 7761K, capacity 7962K, committed 8320K, reserved 1056768K
  class space    used 690K, capacity 786K, committed 896K, reserved 1048576K
Heap Regions: E=young(eden), S=young(survivor), O=old, HS=humongous(starts), HC=humongous(continues), CS=collection set, F=free, A=archive, TAMS=top-at-mark-start (previous, next)
|   0|0x00000000b0000000, 0x00000000b0000000, 0x00000000b0100000|  0%| F|  |TAMS 0x00000000b0000000, 0x00000000b0000000| Untracked 
|   1|0x00000000b0100000, 0x00000000b0100000, 0x00000000b0200000|  0%| F|  |TAMS 0x00000000b0100000, 0x00000000b0100000| Untracked 
|   2|0x00000000b0200000, 0x00000000b0200000, 0x00000000b0300000|  0%| F|  |TAMS 0x00000000b0200000, 0x00000000b0200000| Untracked 
|   3|0x00000000b0300000, 0x00000000b0300000, 0x00000000b0400000|  0%| F|  |TAMS 0x00000000b0300000, 0x00000000b0300000| Untracked 
|   4|0x00000000b0400000, 0x00000000b0400000, 0x00000000b0500000|  0%| F|  |TAMS 0x00000000b0400000, 0x00000000b0400000| Untracked 
|   5|0x00000000b0500000, 0x00000000b0500000, 0x00000000b0600000|  0%| F|  |TAMS 0x00000000b0500000, 0x00000000b0500000| Untracked 
|   6|0x00000000b0600000, 0x00000000b0600000, 0x00000000b0700000|  0%| F|  |TAMS 0x00000000b0600000, 0x00000000b0600000| Untracked 
|   7|0x00000000b0700000, 0x00000000b0700000, 0x00000000b0800000|  0%| F|  |TAMS 0x00000000b0700000, 0x00000000b0700000| Untracked 
|   8|0x00000000b0800000, 0x00000000b0800000, 0x00000000b0900000|  0%| F|  |TAMS 0x00000000b0800000, 0x00000000b0800000| Untracked 
|   9|0x00000000b0900000, 0x00000000b0900000, 0x00000000b0a00000|  0%| F|  |TAMS 0x00000000b0900000, 0x00000000b0900000| Untracked 
|  10|0x00000000b0a00000, 0x00000000b0a00000, 0x00000000b0b00000|  0%| F|  |TAMS 0x00000000b0a00000, 0x00000000b0a00000| Untracked 
|  11|0x00000000b0b00000, 0x00000000b0b00000, 0x00000000b0c00000|  0%| F|  |TAMS 0x00000000b0b00000, 0x00000000b0b00000| Untracked 
|  12|0x00000000b0c00000, 0x00000000b0c00000, 0x00000000b0d00000|  0%| F|  |TAMS 0x00000000b0c00000, 0x00000000b0c00000| Untracked 
|  13|0x00000000b0d00000, 0x00000000b0d00000, 0x00000000b0e00000|  0%| F|  |TAMS 0x00000000b0d00000, 0x00000000b0d00000| Untracked 
|  14|0x00000000b0e00000, 0x00000000b0e00000, 0x00000000b0f00000|  0%| F|  |TAMS 0x00000000b0e00000, 0x00000000b0e00000| Untracked 
|  15|0x00000000b0f00000, 0x00000000b0f00000, 0x00000000b1000000|  0%| F|  |TAMS 0x00000000b0f00000, 0x00000000b0f00000| Untracked 
|  16|0x00000000b1000000, 0x00000000b1000000, 0x00000000b1100000|  0%| F|  |TAMS 0x00000000b1000000, 0x00000000b1000000| Untracked 
|  17|0x00000000b1100000, 0x00000000b1100000, 0x00000000b1200000|  0%| F|  |TAMS 0x00000000b1100000, 0x00000000b1100000| Untracked 
|  18|0x00000000b1200000, 0x00000000b1200000, 0x00000000b1300000|  0%| F|  |TAMS 0x00000000b1200000, 0x00000000b1200000| Untracked 
|  19|0x00000000b1300000, 0x00000000b1300000, 0x00000000b1400000|  0%| F|  |TAMS 0x00000000b1300000, 0x00000000b1300000| Untracked 
|  20|0x00000000b1400000, 0x00000000b1400000, 0x00000000b1500000|  0%| F|  |TAMS 0x00000000b1400000, 0x00000000b1400000| Untracked 
|  21|0x00000000b1500000, 0x00000000b1500000, 0x00000000b1600000|  0%| F|  |TAMS 0x00000000b1500000, 0x00000000b1500000| Untracked 
|  22|0x00000000b1600000, 0x00000000b1600000, 0x00000000b1700000|  0%| F|  |TAMS 0x00000000b1600000, 0x00000000b1600000| Untracked 
|  23|0x00000000b1700000, 0x00000000b1700000, 0x00000000b1800000|  0%| F|  |TAMS 0x00000000b1700000, 0x00000000b1700000| Untracked 
|  24|0x00000000b1800000, 0x00000000b1800000, 0x00000000b1900000|  0%| F|  |TAMS 0x00000000b1800000, 0x00000000b1800000| Untracked 
|  25|0x00000000b1900000, 0x00000000b1900000, 0x00000000b1a00000|  0%| F|  |TAMS 0x00000000b1900000, 0x00000000b1900000| Untracked 
|  26|0x00000000b1a00000, 0x00000000b1a00000, 0x00000000b1b00000|  0%| F|  |TAMS 0x00000000b1a00000, 0x00000000b1a00000| Untracked 
|  27|0x00000000b1b00000, 0x00000000b1b00000, 0x00000000b1c00000|  0%| F|  |TAMS 0x00000000b1b00000, 0x00000000b1b00000| Untracked 
|  28|0x00000000b1c00000, 0x00000000b1c00000, 0x00000000b1d00000|  0%| F|  |TAMS 0x00000000b1c00000, 0x00000000b1c00000| Untracked 
|  29|0x00000000b1d00000, 0x00000000b1d00000, 0x00000000b1e00000|  0%| F|  |TAMS 0x00000000b1d00000, 0x00000000b1d00000| Untracked 
|  30|0x00000000b1e00000, 0x00000000b1e00000, 0x00000000b1f00000|  0%| F|  |TAMS 0x00000000b1e00000, 0x00000000b1e00000| Untracked 
|  31|0x00000000b1f00000, 0x00000000b1f00000, 0x00000000b2000000|  0%| F|  |TAMS 0x00000000b1f00000, 0x00000000b1f00000| Untracked 
|  32|0x00000000b2000000, 0x00000000b2000000, 0x00000000b2100000|  0%| F|  |TAMS 0x00000000b2000000, 0x00000000b2000000| Untracked 
|  33|0x00000000b2100000, 0x00000000b2100000, 0x00000000b2200000|  0%| F|  |TAMS 0x00000000b2100000, 0x00000000b2100000| Untracked 
|  34|0x00000000b2200000, 0x00000000b2200000, 0x00000000b2300000|  0%| F|  |TAMS 0x00000000b2200000, 0x00000000b2200000| Untracked 
|  35|0x00000000b2300000, 0x00000000b2300000, 0x00000000b2400000|  0%| F|  |TAMS 0x00000000b2300000, 0x00000000b2300000| Untracked 
|  36|0x00000000b2400000, 0x00000000b2400000, 0x00000000b2500000|  0%| F|  |TAMS 0x00000000b2400000, 0x00000000b2400000| Untracked 
|  37|0x00000000b2500000, 0x00000000b2500000, 0x00000000b2600000|  0%| F|  |TAMS 0x00000000b2500000, 0x00000000b2500000| Untracked 
|  38|0x00000000b2600000, 0x00000000b2600000, 0x00000000b2700000|  0%| F|  |TAMS 0x00000000b2600000, 0x00000000b2600000| Untracked 
|  39|0x00000000b2700000, 0x00000000b2700000, 0x00000000b2800000|  0%| F|  |TAMS 0x00000000b2700000, 0x00000000b2700000| Untracked 
|  40|0x00000000b2800000, 0x00000000b2800000, 0x00000000b2900000|  0%| F|  |TAMS 0x00000000b2800000, 0x00000000b2800000| Untracked 
|  41|0x00000000b2900000, 0x00000000b2900000, 0x00000000b2a00000|  0%| F|  |TAMS 0x00000000b2900000, 0x00000000b2900000| Untracked 
|  42|0x00000000b2a00000, 0x00000000b2a00000, 0x00000000b2b00000|  0%| F|  |TAMS 0x00000000b2a00000, 0x00000000b2a00000| Untracked 
|  43|0x00000000b2b00000, 0x00000000b2b00000, 0x00000000b2c00000|  0%| F|  |TAMS 0x00000000b2b00000, 0x00000000b2b00000| Untracked 
|  44|0x00000000b2c00000, 0x00000000b2c00000, 0x00000000b2d00000|  0%| F|  |TAMS 0x00000000b2c00000, 0x00000000b2c00000| Untracked 
|  45|0x00000000b2d00000, 0x00000000b2d00000, 0x00000000b2e00000|  0%| F|  |TAMS 0x00000000b2d00000, 0x00000000b2d00000| Untracked 
|  46|0x00000000b2e00000, 0x00000000b2e00000, 0x00000000b2f00000|  0%| F|  |TAMS 0x00000000b2e00000, 0x00000000b2e00000| Untracked 
|  47|0x00000000b2f00000, 0x00000000b2f00000, 0x00000000b3000000|  0%| F|  |TAMS 0x00000000b2f00000, 0x00000000b2f00000| Untracked 
|  48|0x00000000b3000000, 0x00000000b3000000, 0x00000000b3100000|  0%| F|  |TAMS 0x00000000b3000000, 0x00000000b3000000| Untracked 
|  49|0x00000000b3100000, 0x00000000b3100000, 0x00000000b3200000|  0%| F|  |TAMS 0x00000000b3100000, 0x00000000b3100000| Untracked 
|  50|0x00000000b3200000, 0x00000000b3200000, 0x00000000b3300000|  0%| F|  |TAMS 0x00000000b3200000, 0x00000000b3200000| Untracked 
|  51|0x00000000b3300000, 0x00000000b3300000, 0x00000000b3400000|  0%| F|  |TAMS 0x00000000b3300000, 0x00000000b3300000| Untracked 
|  52|0x00000000b3400000, 0x00000000b3400000, 0x00000000b3500000|  0%| F|  |TAMS 0x00000000b3400000, 0x00000000b3400000| Untracked 
|  53|0x00000000b3500000, 0x00000000b3500000, 0x00000000b3600000|  0%| F|  |TAMS 0x00000000b3500000, 0x00000000b3500000| Untracked 
|  54|0x00000000b3600000, 0x00000000b3600000, 0x00000000b3700000|  0%| F|  |TAMS 0x00000000b3600000, 0x00000000b3600000| Untracked 
|  55|0x00000000b3700000, 0x00000000b3700000, 0x00000000b3800000|  0%| F|  |TAMS 0x00000000b3700000, 0x00000000b3700000| Untracked 
|  56|0x00000000b3800000, 0x00000000b3800000, 0x00000000b3900000|  0%| F|  |TAMS 0x00000000b3800000, 0x00000000b3800000| Untracked 
|  57|0x00000000b3900000, 0x00000000b3900000, 0x00000000b3a00000|  0%| F|  |TAMS 0x00000000b3900000, 0x00000000b3900000| Untracked 
|  58|0x00000000b3a00000, 0x00000000b3a00000, 0x00000000b3b00000|  0%| F|  |TAMS 0x00000000b3a00000, 0x00000000b3a00000| Untracked 
|  59|0x00000000b3b00000, 0x00000000b3b00000, 0x00000000b3c00000|  0%| F|  |TAMS 0x00000000b3b00000, 0x00000000b3b00000| Untracked 
|  60|0x00000000b3c00000, 0x00000000b3c00000, 0x00000000b3d00000|  0%| F|  |TAMS 0x00000000b3c00000, 0x00000000b3c00000| Untracked 
|  61|0x00000000b3d00000, 0x00000000b3d00000, 0x00000000b3e00000|  0%| F|  |TAMS 0x00000000b3d00000, 0x00000000b3d00000| Untracked 
|  62|0x00000000b3e00000, 0x00000000b3e00000, 0x00000000b3f00000|  0%| F|  |TAMS 0x00000000b3e00000, 0x00000000b3e00000| Untracked 
|  63|0x00000000b3f00000, 0x00000000b3f00000, 0x00000000b4000000|  0%| F|  |TAMS 0x00000000b3f00000, 0x00000000b3f00000| Untracked 
|  64|0x00000000b4000000, 0x00000000b4000000, 0x00000000b4100000|  0%| F|  |TAMS 0x00000000b4000000, 0x00000000b4000000| Untracked 
|  65|0x00000000b4100000, 0x00000000b4100000, 0x00000000b4200000|  0%| F|  |TAMS 0x00000000b4100000, 0x00000000b4100000| Untracked 
|  66|0x00000000b4200000, 0x00000000b4200000, 0x00000000b4300000|  0%| F|  |TAMS 0x00000000b4200000, 0x00000000b4200000| Untracked 
|  67|0x00000000b4300000, 0x00000000b4300000, 0x00000000b4400000|  0%| F|  |TAMS 0x00000000b4300000, 0x00000000b4300000| Untracked 
|  68|0x00000000b4400000, 0x00000000b4400000, 0x00000000b4500000|  0%| F|  |TAMS 0x00000000b4400000, 0x00000000b4400000| Untracked 
|  69|0x00000000b4500000, 0x00000000b4500800, 0x00000000b4600000|  0%| E|  |TAMS 0x00000000b4500000, 0x00000000b4500000| Complete 
|  70|0x00000000b4600000, 0x00000000b4700000, 0x00000000b4700000|100%| E|CS|TAMS 0x00000000b4600000, 0x00000000b4600000| Complete 
|  71|0x00000000b4700000, 0x00000000b4800000, 0x00000000b4800000|100%| E|CS|TAMS 0x00000000b4700000, 0x00000000b4700000| Complete 
|  72|0x00000000b4800000, 0x00000000b4900000, 0x00000000b4900000|100%| E|CS|TAMS 0x00000000b4800000, 0x00000000b4800000| Complete 
|  73|0x00000000b4900000, 0x00000000b4a00000, 0x00000000b4a00000|100%| E|CS|TAMS 0x00000000b4900000, 0x00000000b4900000| Complete 
|  74|0x00000000b4a00000, 0x00000000b4b00000, 0x00000000b4b00000|100%| E|CS|TAMS 0x00000000b4a00000, 0x00000000b4a00000| Complete 
|  75|0x00000000b4b00000, 0x00000000b4c00000, 0x00000000b4c00000|100%| E|CS|TAMS 0x00000000b4b00000, 0x00000000b4b00000| Complete 
|  76|0x00000000b4c00000, 0x00000000b4d00000, 0x00000000b4d00000|100%| E|CS|TAMS 0x00000000b4c00000, 0x00000000b4c00000| Complete 
|  77|0x00000000b4d00000, 0x00000000b4e00000, 0x00000000b4e00000|100%| E|CS|TAMS 0x00000000b4d00000, 0x00000000b4d00000| Complete 
|  78|0x00000000b4e00000, 0x00000000b4f00000, 0x00000000b4f00000|100%| E|CS|TAMS 0x00000000b4e00000, 0x00000000b4e00000| Complete 
|  79|0x00000000b4f00000, 0x00000000b5000000, 0x00000000b5000000|100%| E|CS|TAMS 0x00000000b4f00000, 0x00000000b4f00000| Complete 

Card table byte_map: [0x00007fc268a68000,0x00007fc268ce8000] _byte_map_base: 0x00007fc2684e8000

Marking Bits (Prev, Next): (CMBitMap*) 0x00007fc26405c698, (CMBitMap*) 0x00007fc26405c6d8
 Prev Bits: [0x00007fc253c00000, 0x00007fc255000000)
 Next Bits: [0x00007fc252800000, 0x00007fc253c00000)

Polling page: 0x00007fc26d0da000

Metaspace:

Usage:
  Non-class:      7,01 MB capacity,     6,91 MB ( 99%) used,    90,95 KB (  1%) free+waste,    13,88 KB ( <1%) overhead. 
      Class:    786,00 KB capacity,   690,15 KB ( 88%) used,    88,60 KB ( 11%) free+waste,     7,25 KB ( <1%) overhead. 
       Both:      7,78 MB capacity,     7,58 MB ( 97%) used,   179,55 KB (  2%) free+waste,    21,12 KB ( <1%) overhead. 

Virtual space:
  Non-class space:        8,00 MB reserved,       7,25 MB ( 91%) committed 
      Class space:        1,00 GB reserved,     896,00 KB ( <1%) committed 
             Both:        1,01 GB reserved,       8,12 MB ( <1%) committed 

Chunk freelists:
   Non-Class:  56,00 KB
       Class:  14,00 KB
        Both:  70,00 KB

MaxMetaspaceSize: unlimited
CompressedClassSpaceSize: 1,00 GB

CodeHeap 'non-profiled nmethods': size=120032Kb used=208Kb max_used=208Kb free=119824Kb
 bounds [0x00007fc25cac8000, 0x00007fc25cd38000, 0x00007fc264000000]
CodeHeap 'profiled nmethods': size=120032Kb used=1060Kb max_used=1060Kb free=118972Kb
 bounds [0x00007fc255590000, 0x00007fc255800000, 0x00007fc25cac8000]
CodeHeap 'non-nmethods': size=5696Kb used=1186Kb max_used=1200Kb free=4509Kb
 bounds [0x00007fc255000000, 0x00007fc255270000, 0x00007fc255590000]
 total_blobs=1066 nmethods=574 adapters=256
 compilation: enabled
              stopped_count=0, restarted_count=0
 full_count=0

Compilation events (10 events):
Event: 23,222 Thread 0x00007fc264168000  582       3       java.lang.StringLatin1::inflate (34 bytes)
Event: 23,222 Thread 0x00007fc264168000 nmethod 582 0x00007fc255692290 code [0x00007fc255692440, 0x00007fc255692690]
Event: 23,222 Thread 0x00007fc264168000  583       3       sun.nio.cs.UTF_8$Encoder::encodeArrayLoop (489 bytes)
Event: 23,230 Thread 0x00007fc264168000 nmethod 583 0x00007fc255692810 code [0x00007fc255692e60, 0x00007fc255696268]
Event: 34,524 Thread 0x00007fc264168000  585       3       java.lang.invoke.MethodType::checkPtypes (61 bytes)
Event: 34,526 Thread 0x00007fc264168000 nmethod 585 0x00007fc255697590 code [0x00007fc255697820, 0x00007fc2556982a8]
Event: 34,526 Thread 0x00007fc264168000  584       3       jdk.internal.math.FDBigInteger::size (10 bytes)
Event: 34,527 Thread 0x00007fc264168000 nmethod 584 0x00007fc255698710 code [0x00007fc2556988a0, 0x00007fc2556989f0]
Event: 56,388 Thread 0x00007fc264168000  586       3       java.lang.invoke.VarForm::getMemberName (21 bytes)
Event: 56,388 Thread 0x00007fc264168000 nmethod 586 0x00007fc255698a90 code [0x00007fc255698c60, 0x00007fc255698ec8]

GC Heap History (0 events):
No events

Deoptimization events (2 events):
Event: 0,827 Thread 0x00007fc264017800 Uncommon trap: reason=unstable_if action=reinterpret pc=0x00007fc25cad943c method=java.io.DataInputStream.readUTF(Ljava/io/DataInput;)Ljava/lang/String; @ 31 c2
Event: 0,944 Thread 0x00007fc264017800 Uncommon trap: reason=unstable_if action=reinterpret pc=0x00007fc25cae021c method=java.util.HashMap.putVal(ILjava/lang/Object;Ljava/lang/Object;ZZ)Ljava/lang/Object; @ 236 c2

Classes unloaded (0 events):
No events

Classes redefined (0 events):
No events

Internal exceptions (10 events):
Event: 0,602 Thread 0x00007fc264017800 Exception <a 'java/lang/NoSuchMethodError'{0x00000000b4c21408}: 'java.lang.Object java.lang.invoke.DirectMethodHandle$Holder.invokeVirtual(java.lang.Object, java.lang.Object)'> (0x00000000b4c21408) 
thrown [/home/dmitry/Downloads/LOOM/loom/src/hotspot/share/interpreter/linkResolver.cpp, line 768]
for thread 0x00007fc264017800
Event: 0,605 Thread 0x00007fc264017800 Exception <a 'java/lang/NoSuchMethodError'{0x00000000b4c28fd0}: 'int java.lang.invoke.DirectMethodHandle$Holder.invokeSpecial(java.lang.Object, java.lang.Object)'> (0x00000000b4c28fd0) 
thrown [/home/dmitry/Downloads/LOOM/loom/src/hotspot/share/interpreter/linkResolver.cpp, line 768]
for thread 0x00007fc264017800
Event: 0,851 Thread 0x00007fc264017800 Exception <a 'java/lang/NoSuchMethodError'{0x00000000b4ab9a90}: 'void java.lang.invoke.DirectMethodHandle$Holder.invokeStatic(java.lang.Object, java.lang.Object, java.lang.Object)'> (0x00000000b4ab9a90) 
thrown [/home/dmitry/Downloads/LOOM/loom/src/hotspot/share/interpreter/linkResolver.cpp, line 768]
for thread 0x00007fc264017800
Event: 0,863 Thread 0x00007fc264017800 Exception <a 'java/lang/NoSuchMethodError'{0x00000000b4ae5040}: 'java.lang.Object java.lang.invoke.Invokers$Holder.linkToTargetMethod(java.lang.Object, java.lang.Object, java.lang.Object, java.lang.Object)'> (0x00000000b4ae5040) 
thrown [/home/dmitry/Downloads/LOOM/loom/src/hotspot/share/interpreter/linkResolver.cpp, line 768]
for thread 0x00007fc264017800
Event: 0,948 Thread 0x00007fc264017800 Exception <a 'java/lang/NoSuchMethodError'{0x00000000b4960d20}: 'java.lang.Object java.lang.invoke.DirectMethodHandle$Holder.invokeStaticInit(java.lang.Object, java.lang.Object)'> (0x00000000b4960d20) 
thrown [/home/dmitry/Downloads/LOOM/loom/src/hotspot/share/interpreter/linkResolver.cpp, line 768]
for thread 0x00007fc264017800
Event: 0,950 Thread 0x00007fc264017800 Exception <a 'java/lang/NoSuchMethodError'{0x00000000b4968a50}: 'void java.lang.invoke.DirectMethodHandle$Holder.invokeStaticInit(java.lang.Object, java.lang.Object, java.lang.Object)'> (0x00000000b4968a50) 
thrown [/home/dmitry/Downloads/LOOM/loom/src/hotspot/share/interpreter/linkResolver.cpp, line 768]
for thread 0x00007fc264017800
Event: 2,370 Thread 0x00007fc264017800 Exception <a 'java/lang/NoSuchMethodError'{0x00000000b48b2ad8}: 'java.lang.Object java.lang.invoke.DirectMethodHandle$Holder.invokeStatic(java.lang.Object)'> (0x00000000b48b2ad8) 
thrown [/home/dmitry/Downloads/LOOM/loom/src/hotspot/share/interpreter/linkResolver.cpp, line 768]
for thread 0x00007fc264017800
Event: 2,370 Thread 0x00007fc264017800 Exception <a 'java/lang/NoSuchMethodError'{0x00000000b48b54d8}: 'java.lang.Object java.lang.invoke.DirectMethodHandle$Holder.invokeStaticInit(java.lang.Object)'> (0x00000000b48b54d8) 
thrown [/home/dmitry/Downloads/LOOM/loom/src/hotspot/share/interpreter/linkResolver.cpp, line 768]
for thread 0x00007fc264017800
Event: 2,415 Thread 0x00007fc264017800 Exception <a 'java/lang/NoSuchMethodError'{0x00000000b48cc0f8}: 'java.lang.Object java.lang.invoke.DirectMethodHandle$Holder.invokeStaticInit(java.lang.Object, java.lang.Object, java.lang.Object)'> (0x00000000b48cc0f8) 
thrown [/home/dmitry/Downloads/LOOM/loom/src/hotspot/share/interpreter/linkResolver.cpp, line 768]
for thread 0x00007fc264017800
Event: 2,435 Thread 0x00007fc264017800 Exception <a 'java/lang/NoSuchMethodError'{0x00000000b48ebc58}: 'int java.lang.invoke.DirectMethodHandle$Holder.invokeSpecial(java.lang.Object, java.lang.Object, java.lang.Object)'> (0x00000000b48ebc58) 
thrown [/home/dmitry/Downloads/LOOM/loom/src/hotspot/share/interpreter/linkResolver.cpp, line 768]
for thread 0x00007fc264017800

Events (10 events):
Event: 56,387 Executing VM operation: ChangeSingleStep done
Event: 56,388 loading class java/util/IdentityHashMap$KeyIterator
Event: 56,388 loading class java/util/IdentityHashMap$IdentityHashMapIterator
Event: 56,388 loading class java/util/IdentityHashMap$IdentityHashMapIterator done
Event: 56,388 loading class java/util/IdentityHashMap$KeyIterator done
Event: 56,388 Thread 0x00007fc264017800 Thread exited: 0x00007fc264017800
Event: 56,388 Thread 0x00007fc264017800 Thread added: 0x00007fc264017800
Event: 56,389 Executing VM operation: RevokeBias
Event: 56,389 Executing VM operation: RevokeBias done
Event: 56,389 Thread 0x00007fc264310000 Thread exited: 0x00007fc264310000


Dynamic libraries:
b0000000-b5000000 rw-p 00000000 00:00 0 
b5000000-100000000 ---p 00000000 00:00 0 
100000000-1000e0000 rw-p 00000000 00:00 0 
1000e0000-140000000 ---p 00000000 00:00 0 
55d0eeb7b000-55d0eeb7c000 r-xp 00000000 08:01 2499595                    /home/dmitry/Downloads/LOOM/loom/build/linux-x86_64-server-release/jdk/bin/java
55d0eed7c000-55d0eed7d000 r--p 00001000 08:01 2499595                    /home/dmitry/Downloads/LOOM/loom/build/linux-x86_64-server-release/jdk/bin/java
55d0eed7d000-55d0eed7e000 rw-p 00002000 08:01 2499595                    /home/dmitry/Downloads/LOOM/loom/build/linux-x86_64-server-release/jdk/bin/java
55d0f007b000-55d0f009c000 rw-p 00000000 00:00 0                          [heap]
7fc1f4000000-7fc1f4021000 rw-p 00000000 00:00 0 
7fc1f4021000-7fc1f8000000 ---p 00000000 00:00 0 
7fc1f8000000-7fc1f8021000 rw-p 00000000 00:00 0 
7fc1f8021000-7fc1fc000000 ---p 00000000 00:00 0 
7fc1fc000000-7fc1fc021000 rw-p 00000000 00:00 0 
7fc1fc021000-7fc200000000 ---p 00000000 00:00 0 
7fc200000000-7fc200021000 rw-p 00000000 00:00 0 
7fc200021000-7fc204000000 ---p 00000000 00:00 0 
7fc204000000-7fc204021000 rw-p 00000000 00:00 0 
7fc204021000-7fc208000000 ---p 00000000 00:00 0 
7fc208000000-7fc208021000 rw-p 00000000 00:00 0 
7fc208021000-7fc20c000000 ---p 00000000 00:00 0 
7fc20c000000-7fc20c021000 rw-p 00000000 00:00 0 
7fc20c021000-7fc210000000 ---p 00000000 00:00 0 
7fc210000000-7fc210021000 rw-p 00000000 00:00 0 
7fc210021000-7fc214000000 ---p 00000000 00:00 0 
7fc214000000-7fc214021000 rw-p 00000000 00:00 0 
7fc214021000-7fc218000000 ---p 00000000 00:00 0 
7fc218000000-7fc218044000 rw-p 00000000 00:00 0 
7fc218044000-7fc21c000000 ---p 00000000 00:00 0 
7fc21c000000-7fc21c436000 rw-p 00000000 00:00 0 
7fc21c436000-7fc220000000 ---p 00000000 00:00 0 
7fc220000000-7fc220021000 rw-p 00000000 00:00 0 
7fc220021000-7fc224000000 ---p 00000000 00:00 0 
7fc224000000-7fc224021000 rw-p 00000000 00:00 0 
7fc224021000-7fc228000000 ---p 00000000 00:00 0 
7fc228000000-7fc22838d000 rw-p 00000000 00:00 0 
7fc22838d000-7fc22c000000 ---p 00000000 00:00 0 
7fc22c000000-7fc22c021000 rw-p 00000000 00:00 0 
7fc22c021000-7fc230000000 ---p 00000000 00:00 0 
7fc230000000-7fc230021000 rw-p 00000000 00:00 0 
7fc230021000-7fc234000000 ---p 00000000 00:00 0 
7fc234000000-7fc234021000 rw-p 00000000 00:00 0 
7fc234021000-7fc238000000 ---p 00000000 00:00 0 
7fc2393ee000-7fc2397e9000 rw-p 00000000 00:00 0 
7fc2397e9000-7fc2397ed000 ---p 00000000 00:00 0 
7fc2397ed000-7fc2398ea000 rw-p 00000000 00:00 0 
7fc2398ea000-7fc2398ee000 ---p 00000000 00:00 0 
7fc2398ee000-7fc2399eb000 rw-p 00000000 00:00 0 
7fc2399eb000-7fc2399ef000 ---p 00000000 00:00 0 
7fc2399ef000-7fc239aec000 rw-p 00000000 00:00 0 
7fc239aec000-7fc239af0000 ---p 00000000 00:00 0 
7fc239af0000-7fc239bed000 rw-p 00000000 00:00 0 
7fc239bed000-7fc239bf2000 r-xp 00000000 08:01 2636673                    /home/dmitry/Downloads/LOOM/loom/build/linux-x86_64-server-release/jdk/lib/libmanagement_ext.so
7fc239bf2000-7fc239df1000 ---p 00005000 08:01 2636673                    /home/dmitry/Downloads/LOOM/loom/build/linux-x86_64-server-release/jdk/lib/libmanagement_ext.so
7fc239df1000-7fc239df2000 r--p 00004000 08:01 2636673                    /home/dmitry/Downloads/LOOM/loom/build/linux-x86_64-server-release/jdk/lib/libmanagement_ext.so
7fc239df2000-7fc239df3000 rw-p 00005000 08:01 2636673                    /home/dmitry/Downloads/LOOM/loom/build/linux-x86_64-server-release/jdk/lib/libmanagement_ext.so
7fc239df3000-7fc239df7000 r-xp 00000000 08:01 2636274                    /home/dmitry/Downloads/LOOM/loom/build/linux-x86_64-server-release/jdk/lib/libmanagement.so
7fc239df7000-7fc239ff6000 ---p 00004000 08:01 2636274                    /home/dmitry/Downloads/LOOM/loom/build/linux-x86_64-server-release/jdk/lib/libmanagement.so
7fc239ff6000-7fc239ff7000 r--p 00003000 08:01 2636274                    /home/dmitry/Downloads/LOOM/loom/build/linux-x86_64-server-release/jdk/lib/libmanagement.so
7fc239ff7000-7fc239ff8000 rw-p 00004000 08:01 2636274                    /home/dmitry/Downloads/LOOM/loom/build/linux-x86_64-server-release/jdk/lib/libmanagement.so
7fc239ff8000-7fc239ff9000 ---p 00000000 00:00 0 
7fc239ff9000-7fc23a0fa000 rw-p 00000000 00:00 0 
7fc23a0fa000-7fc23a0fe000 ---p 00000000 00:00 0 
7fc23a0fe000-7fc23a1fb000 rw-p 00000000 00:00 0 
7fc23a1fb000-7fc23a1ff000 ---p 00000000 00:00 0 
7fc23a1ff000-7fc23a2fc000 rw-p 00000000 00:00 0 
7fc23a2fc000-7fc23a300000 ---p 00000000 00:00 0 
7fc23a300000-7fc23a3fd000 rw-p 00000000 00:00 0 
7fc23a3fd000-7fc23a401000 ---p 00000000 00:00 0 
7fc23a401000-7fc23a4fe000 rw-p 00000000 00:00 0 
7fc23a4fe000-7fc23a503000 r-xp 00000000 08:01 2636683                    /home/dmitry/Downloads/LOOM/loom/build/linux-x86_64-server-release/jdk/lib/libdt_socket.so
7fc23a503000-7fc23a702000 ---p 00005000 08:01 2636683                    /home/dmitry/Downloads/LOOM/loom/build/linux-x86_64-server-release/jdk/lib/libdt_socket.so
7fc23a702000-7fc23a703000 r--p 00004000 08:01 2636683                    /home/dmitry/Downloads/LOOM/loom/build/linux-x86_64-server-release/jdk/lib/libdt_socket.so
7fc23a703000-7fc23a704000 rw-p 00005000 08:01 2636683                    /home/dmitry/Downloads/LOOM/loom/build/linux-x86_64-server-release/jdk/lib/libdt_socket.so
7fc23a704000-7fc23a708000 ---p 00000000 00:00 0 
7fc23a708000-7fc23a805000 rw-p 00000000 00:00 0 
7fc23a805000-7fc23a81b000 r-xp 00000000 08:01 2636270                    /home/dmitry/Downloads/LOOM/loom/build/linux-x86_64-server-release/jdk/lib/libnet.so
7fc23a81b000-7fc23aa1b000 ---p 00016000 08:01 2636270                    /home/dmitry/Downloads/LOOM/loom/build/linux-x86_64-server-release/jdk/lib/libnet.so
7fc23aa1b000-7fc23aa1c000 r--p 00016000 08:01 2636270                    /home/dmitry/Downloads/LOOM/loom/build/linux-x86_64-server-release/jdk/lib/libnet.so
7fc23aa1c000-7fc23aa1d000 rw-p 00017000 08:01 2636270                    /home/dmitry/Downloads/LOOM/loom/build/linux-x86_64-server-release/jdk/lib/libnet.so
7fc23aa1d000-7fc23aa2e000 r-xp 00000000 08:01 2636272                    /home/dmitry/Downloads/LOOM/loom/build/linux-x86_64-server-release/jdk/lib/libnio.so
7fc23aa2e000-7fc23ac2d000 ---p 00011000 08:01 2636272                    /home/dmitry/Downloads/LOOM/loom/build/linux-x86_64-server-release/jdk/lib/libnio.so
7fc23ac2d000-7fc23ac2e000 r--p 00010000 08:01 2636272                    /home/dmitry/Downloads/LOOM/loom/build/linux-x86_64-server-release/jdk/lib/libnio.so
7fc23ac2e000-7fc23ac2f000 rw-p 00011000 08:01 2636272                    /home/dmitry/Downloads/LOOM/loom/build/linux-x86_64-server-release/jdk/lib/libnio.so
7fc23ac2f000-7fc23ac33000 ---p 00000000 00:00 0 
7fc23ac33000-7fc23ad30000 rw-p 00000000 00:00 0 
7fc23ad30000-7fc23ad34000 ---p 00000000 00:00 0 
7fc23ad34000-7fc23ae31000 rw-p 00000000 00:00 0 
7fc23ae31000-7fc23b800000 r--p 00000000 08:01 10230401                   /usr/lib/locale/locale-archive
7fc23b800000-7fc23bf40000 rw-p 00000000 00:00 0 
7fc23bf40000-7fc23c000000 ---p 00000000 00:00 0 
7fc23c000000-7fc23c021000 rw-p 00000000 00:00 0 
7fc23c021000-7fc240000000 ---p 00000000 00:00 0 
7fc240000000-7fc240021000 rw-p 00000000 00:00 0 
7fc240021000-7fc244000000 ---p 00000000 00:00 0 
7fc244000000-7fc244021000 rw-p 00000000 00:00 0 
7fc244021000-7fc248000000 ---p 00000000 00:00 0 
7fc248000000-7fc248021000 rw-p 00000000 00:00 0 
7fc248021000-7fc24c000000 ---p 00000000 00:00 0 
7fc24c000000-7fc24c021000 rw-p 00000000 00:00 0 
7fc24c021000-7fc250000000 ---p 00000000 00:00 0 
7fc2500c5000-7fc2500f6000 rw-p 00000000 00:00 0 
7fc2500f6000-7fc2500fa000 ---p 00000000 00:00 0 
7fc2500fa000-7fc2501f7000 rw-p 00000000 00:00 0 
7fc2501f7000-7fc2501fb000 ---p 00000000 00:00 0 
7fc2501fb000-7fc2502f8000 rw-p 00000000 00:00 0 
7fc2502f8000-7fc2502fc000 ---p 00000000 00:00 0 
7fc2502fc000-7fc2503f9000 rw-p 00000000 00:00 0 
7fc2503f9000-7fc2503fd000 ---p 00000000 00:00 0 
7fc2503fd000-7fc2504fa000 rw-p 00000000 00:00 0 
7fc2504fa000-7fc2504fb000 ---p 00000000 00:00 0 
7fc2504fb000-7fc2505fc000 rw-p 00000000 00:00 0 
7fc2505fc000-7fc2505fd000 ---p 00000000 00:00 0 
7fc2505fd000-7fc2506fe000 rw-p 00000000 00:00 0 
7fc2506fe000-7fc2506ff000 ---p 00000000 00:00 0 
7fc2506ff000-7fc252940000 rw-p 00000000 00:00 0 
7fc252940000-7fc253c00000 ---p 00000000 00:00 0 
7fc253c00000-7fc253d40000 rw-p 00000000 00:00 0 
7fc253d40000-7fc255000000 ---p 00000000 00:00 0 
7fc255000000-7fc255270000 rwxp 00000000 00:00 0 
7fc255270000-7fc255590000 ---p 00000000 00:00 0 
7fc255590000-7fc255800000 rwxp 00000000 00:00 0 
7fc255800000-7fc25cac8000 ---p 00000000 00:00 0 
7fc25cac8000-7fc25cd38000 rwxp 00000000 00:00 0 
7fc25cd38000-7fc264000000 ---p 00000000 00:00 0 
7fc264000000-7fc264314000 rw-p 00000000 00:00 0 
7fc264314000-7fc268000000 ---p 00000000 00:00 0 
7fc268002000-7fc2684e2000 rw-p 00000000 00:00 0 
7fc2684e2000-7fc2684e3000 ---p 00000000 00:00 0 
7fc2684e3000-7fc2685e4000 rw-p 00000000 00:00 0 
7fc2685e4000-7fc2685e5000 ---p 00000000 00:00 0 
7fc2685e5000-7fc2686e6000 rw-p 00000000 00:00 0 
7fc2686e6000-7fc2686e7000 ---p 00000000 00:00 0 
7fc2686e7000-7fc268810000 rw-p 00000000 00:00 0 
7fc268810000-7fc268a68000 ---p 00000000 00:00 0 
7fc268a68000-7fc268a90000 rw-p 00000000 00:00 0 
7fc268a90000-7fc268ce8000 ---p 00000000 00:00 0 
7fc268ce8000-7fc268d10000 rw-p 00000000 00:00 0 
7fc268d10000-7fc268f68000 ---p 00000000 00:00 0 
7fc268f68000-7fc269371000 rw-p 00000000 00:00 0 
7fc269371000-7fc269457000 ---p 00000000 00:00 0 
7fc269457000-7fc26945c000 rw-p 00000000 00:00 0 
7fc26945c000-7fc269542000 ---p 00000000 00:00 0 
7fc269542000-7fc26955d000 r-xp 00000000 08:01 2636268                    /home/dmitry/Downloads/LOOM/loom/build/linux-x86_64-server-release/jdk/lib/libjimage.so
7fc26955d000-7fc26975c000 ---p 0001b000 08:01 2636268                    /home/dmitry/Downloads/LOOM/loom/build/linux-x86_64-server-release/jdk/lib/libjimage.so
7fc26975c000-7fc26975e000 r--p 0001a000 08:01 2636268                    /home/dmitry/Downloads/LOOM/loom/build/linux-x86_64-server-release/jdk/lib/libjimage.so
7fc26975e000-7fc26975f000 rw-p 0001c000 08:01 2636268                    /home/dmitry/Downloads/LOOM/loom/build/linux-x86_64-server-release/jdk/lib/libjimage.so
7fc26975f000-7fc269766000 r-xp 00000000 08:01 2636265                    /home/dmitry/Downloads/LOOM/loom/build/linux-x86_64-server-release/jdk/lib/libzip.so
7fc269766000-7fc269965000 ---p 00007000 08:01 2636265                    /home/dmitry/Downloads/LOOM/loom/build/linux-x86_64-server-release/jdk/lib/libzip.so
7fc269965000-7fc269966000 r--p 00006000 08:01 2636265                    /home/dmitry/Downloads/LOOM/loom/build/linux-x86_64-server-release/jdk/lib/libzip.so
7fc269966000-7fc269967000 rw-p 00007000 08:01 2636265                    /home/dmitry/Downloads/LOOM/loom/build/linux-x86_64-server-release/jdk/lib/libzip.so
7fc269967000-7fc269972000 r-xp 00000000 08:01 1184572                    /lib/x86_64-linux-gnu/libnss_files-2.27.so
7fc269972000-7fc269b71000 ---p 0000b000 08:01 1184572                    /lib/x86_64-linux-gnu/libnss_files-2.27.so
7fc269b71000-7fc269b72000 r--p 0000a000 08:01 1184572                    /lib/x86_64-linux-gnu/libnss_files-2.27.so
7fc269b72000-7fc269b73000 rw-p 0000b000 08:01 1184572                    /lib/x86_64-linux-gnu/libnss_files-2.27.so
7fc269b73000-7fc269b79000 rw-p 00000000 00:00 0 
7fc269b79000-7fc269b90000 r-xp 00000000 08:01 1184566                    /lib/x86_64-linux-gnu/libnsl-2.27.so
7fc269b90000-7fc269d8f000 ---p 00017000 08:01 1184566                    /lib/x86_64-linux-gnu/libnsl-2.27.so
7fc269d8f000-7fc269d90000 r--p 00016000 08:01 1184566                    /lib/x86_64-linux-gnu/libnsl-2.27.so
7fc269d90000-7fc269d91000 rw-p 00017000 08:01 1184566                    /lib/x86_64-linux-gnu/libnsl-2.27.so
7fc269d91000-7fc269d93000 rw-p 00000000 00:00 0 
7fc269d93000-7fc269d9e000 r-xp 00000000 08:01 1184583                    /lib/x86_64-linux-gnu/libnss_nis-2.27.so
7fc269d9e000-7fc269f9d000 ---p 0000b000 08:01 1184583                    /lib/x86_64-linux-gnu/libnss_nis-2.27.so
7fc269f9d000-7fc269f9e000 r--p 0000a000 08:01 1184583                    /lib/x86_64-linux-gnu/libnss_nis-2.27.so
7fc269f9e000-7fc269f9f000 rw-p 0000b000 08:01 1184583                    /lib/x86_64-linux-gnu/libnss_nis-2.27.so
7fc269f9f000-7fc269fa7000 r-xp 00000000 08:01 1184568                    /lib/x86_64-linux-gnu/libnss_compat-2.27.so
7fc269fa7000-7fc26a1a7000 ---p 00008000 08:01 1184568                    /lib/x86_64-linux-gnu/libnss_compat-2.27.so
7fc26a1a7000-7fc26a1a8000 r--p 00008000 08:01 1184568                    /lib/x86_64-linux-gnu/libnss_compat-2.27.so
7fc26a1a8000-7fc26a1a9000 rw-p 00009000 08:01 1184568                    /lib/x86_64-linux-gnu/libnss_compat-2.27.so
7fc26a1a9000-7fc26a1e8000 r-xp 00000000 08:01 2636685                    /home/dmitry/Downloads/LOOM/loom/build/linux-x86_64-server-release/jdk/lib/libjdwp.so
7fc26a1e8000-7fc26a3e7000 ---p 0003f000 08:01 2636685                    /home/dmitry/Downloads/LOOM/loom/build/linux-x86_64-server-release/jdk/lib/libjdwp.so
7fc26a3e7000-7fc26a3e8000 r--p 0003e000 08:01 2636685                    /home/dmitry/Downloads/LOOM/loom/build/linux-x86_64-server-release/jdk/lib/libjdwp.so
7fc26a3e8000-7fc26a3e9000 rw-p 0003f000 08:01 2636685                    /home/dmitry/Downloads/LOOM/loom/build/linux-x86_64-server-release/jdk/lib/libjdwp.so
7fc26a3e9000-7fc26a3ea000 rw-p 00000000 00:00 0 
7fc26a3ea000-7fc26a413000 r-xp 00000000 08:01 2636264                    /home/dmitry/Downloads/LOOM/loom/build/linux-x86_64-server-release/jdk/lib/libjava.so
7fc26a413000-7fc26a612000 ---p 00029000 08:01 2636264                    /home/dmitry/Downloads/LOOM/loom/build/linux-x86_64-server-release/jdk/lib/libjava.so
7fc26a612000-7fc26a613000 r--p 00028000 08:01 2636264                    /home/dmitry/Downloads/LOOM/loom/build/linux-x86_64-server-release/jdk/lib/libjava.so
7fc26a613000-7fc26a615000 rw-p 00029000 08:01 2636264                    /home/dmitry/Downloads/LOOM/loom/build/linux-x86_64-server-release/jdk/lib/libjava.so
7fc26a615000-7fc26a622000 r-xp 00000000 08:01 2636257                    /home/dmitry/Downloads/LOOM/loom/build/linux-x86_64-server-release/jdk/lib/libverify.so
7fc26a622000-7fc26a821000 ---p 0000d000 08:01 2636257                    /home/dmitry/Downloads/LOOM/loom/build/linux-x86_64-server-release/jdk/lib/libverify.so
7fc26a821000-7fc26a823000 r--p 0000c000 08:01 2636257                    /home/dmitry/Downloads/LOOM/loom/build/linux-x86_64-server-release/jdk/lib/libverify.so
7fc26a823000-7fc26a824000 rw-p 0000e000 08:01 2636257                    /home/dmitry/Downloads/LOOM/loom/build/linux-x86_64-server-release/jdk/lib/libverify.so
7fc26a824000-7fc26a9c1000 r-xp 00000000 08:01 1184545                    /lib/x86_64-linux-gnu/libm-2.27.so
7fc26a9c1000-7fc26abc0000 ---p 0019d000 08:01 1184545                    /lib/x86_64-linux-gnu/libm-2.27.so
7fc26abc0000-7fc26abc1000 r--p 0019c000 08:01 1184545                    /lib/x86_64-linux-gnu/libm-2.27.so
7fc26abc1000-7fc26abc2000 rw-p 0019d000 08:01 1184545                    /lib/x86_64-linux-gnu/libm-2.27.so
7fc26abc2000-7fc26beee000 r-xp 00000000 08:01 2636255                    /home/dmitry/Downloads/LOOM/loom/build/linux-x86_64-server-release/jdk/lib/server/libjvm.so
7fc26beee000-7fc26c0ed000 ---p 0132c000 08:01 2636255                    /home/dmitry/Downloads/LOOM/loom/build/linux-x86_64-server-release/jdk/lib/server/libjvm.so
7fc26c0ed000-7fc26c1b5000 r--p 0132b000 08:01 2636255                    /home/dmitry/Downloads/LOOM/loom/build/linux-x86_64-server-release/jdk/lib/server/libjvm.so
7fc26c1b5000-7fc26c1f0000 rw-p 013f3000 08:01 2636255                    /home/dmitry/Downloads/LOOM/loom/build/linux-x86_64-server-release/jdk/lib/server/libjvm.so
7fc26c1f0000-7fc26c276000 rw-p 00000000 00:00 0 
7fc26c276000-7fc26c290000 r-xp 00000000 08:01 1184615                    /lib/x86_64-linux-gnu/libpthread-2.27.so
7fc26c290000-7fc26c48f000 ---p 0001a000 08:01 1184615                    /lib/x86_64-linux-gnu/libpthread-2.27.so
7fc26c48f000-7fc26c490000 r--p 00019000 08:01 1184615                    /lib/x86_64-linux-gnu/libpthread-2.27.so
7fc26c490000-7fc26c491000 rw-p 0001a000 08:01 1184615                    /lib/x86_64-linux-gnu/libpthread-2.27.so
7fc26c491000-7fc26c495000 rw-p 00000000 00:00 0 
7fc26c495000-7fc26c498000 r-xp 00000000 08:01 1184505                    /lib/x86_64-linux-gnu/libdl-2.27.so
7fc26c498000-7fc26c697000 ---p 00003000 08:01 1184505                    /lib/x86_64-linux-gnu/libdl-2.27.so
7fc26c697000-7fc26c698000 r--p 00002000 08:01 1184505                    /lib/x86_64-linux-gnu/libdl-2.27.so
7fc26c698000-7fc26c699000 rw-p 00003000 08:01 1184505                    /lib/x86_64-linux-gnu/libdl-2.27.so
7fc26c699000-7fc26c6b5000 r-xp 00000000 08:01 1184654                    /lib/x86_64-linux-gnu/libz.so.1.2.11
7fc26c6b5000-7fc26c8b4000 ---p 0001c000 08:01 1184654                    /lib/x86_64-linux-gnu/libz.so.1.2.11
7fc26c8b4000-7fc26c8b5000 r--p 0001b000 08:01 1184654                    /lib/x86_64-linux-gnu/libz.so.1.2.11
7fc26c8b5000-7fc26c8b6000 rw-p 0001c000 08:01 1184654                    /lib/x86_64-linux-gnu/libz.so.1.2.11
7fc26c8b6000-7fc26ca9d000 r-xp 00000000 08:01 1184482                    /lib/x86_64-linux-gnu/libc-2.27.so
7fc26ca9d000-7fc26cc9d000 ---p 001e7000 08:01 1184482                    /lib/x86_64-linux-gnu/libc-2.27.so
7fc26cc9d000-7fc26cca1000 r--p 001e7000 08:01 1184482                    /lib/x86_64-linux-gnu/libc-2.27.so
7fc26cca1000-7fc26cca3000 rw-p 001eb000 08:01 1184482                    /lib/x86_64-linux-gnu/libc-2.27.so
7fc26cca3000-7fc26cca7000 rw-p 00000000 00:00 0 
7fc26cca7000-7fc26ccb7000 r-xp 00000000 08:01 2636258                    /home/dmitry/Downloads/LOOM/loom/build/linux-x86_64-server-release/jdk/lib/libjli.so
7fc26ccb7000-7fc26ceb6000 ---p 00010000 08:01 2636258                    /home/dmitry/Downloads/LOOM/loom/build/linux-x86_64-server-release/jdk/lib/libjli.so
7fc26ceb6000-7fc26ceb7000 r--p 0000f000 08:01 2636258                    /home/dmitry/Downloads/LOOM/loom/build/linux-x86_64-server-release/jdk/lib/libjli.so
7fc26ceb7000-7fc26ceb8000 rw-p 00010000 08:01 2636258                    /home/dmitry/Downloads/LOOM/loom/build/linux-x86_64-server-release/jdk/lib/libjli.so
7fc26ceb8000-7fc26cedf000 r-xp 00000000 08:01 1184454                    /lib/x86_64-linux-gnu/ld-2.27.so
7fc26cf0c000-7fc26cfbf000 rw-p 00000000 00:00 0 
7fc26cfbf000-7fc26cfc6000 ---p 00000000 00:00 0 
7fc26cfc6000-7fc26cfca000 ---p 00000000 00:00 0 
7fc26cfca000-7fc26d0c9000 rw-p 00000000 00:00 0 
7fc26d0cb000-7fc26d0d2000 r--s 00000000 08:01 10488549                   /usr/lib/x86_64-linux-gnu/gconv/gconv-modules.cache
7fc26d0d2000-7fc26d0da000 rw-s 00000000 08:01 524339                     /tmp/hsperfdata_dmitry/27003
7fc26d0da000-7fc26d0db000 ---p 00000000 00:00 0 
7fc26d0db000-7fc26d0dc000 r--p 00000000 00:00 0 
7fc26d0dc000-7fc26d0dd000 ---p 00000000 00:00 0 
7fc26d0dd000-7fc26d0df000 rw-p 00000000 00:00 0 
7fc26d0df000-7fc26d0e0000 r--p 00027000 08:01 1184454                    /lib/x86_64-linux-gnu/ld-2.27.so
7fc26d0e0000-7fc26d0e1000 rw-p 00028000 08:01 1184454                    /lib/x86_64-linux-gnu/ld-2.27.so
7fc26d0e1000-7fc26d0e2000 rw-p 00000000 00:00 0 
7ffedce3a000-7ffedce5d000 rw-p 00000000 00:00 0                          [stack]
7ffedcece000-7ffedced1000 r--p 00000000 00:00 0                          [vvar]
7ffedced1000-7ffedced3000 r-xp 00000000 00:00 0                          [vdso]
ffffffffff600000-ffffffffff601000 r-xp 00000000 00:00 0                  [vsyscall]


VM Arguments:
jvm_args: -agentlib:jdwp=transport=dt_socket,address=127.0.0.1:6223,suspend=y,server=n -Dfile.encoding=UTF-8 
java_command: NewMain
java_class_path (initial): /home/dmitry/Downloads/LOOM/loom/build/linux-x86_64-server-release/jdk/modules/java.base:/home/dmitry/Downloads/LOOM/loom/build/linux-x86_64-server-release/jdk/modules/java.compiler:/home/dmitry/Downloads/LOOM/loom/build/linux-x86_64-server-release/jdk/modules/java.datatransfer:/home/dmitry/Downloads/LOOM/loom/build/linux-x86_64-server-release/jdk/modules/java.desktop:/home/dmitry/Downloads/LOOM/loom/build/linux-x86_64-server-release/jdk/modules/java.instrument:/home/dmitry/Downloads/LOOM/loom/build/linux-x86_64-server-release/jdk/modules/java.logging:/home/dmitry/Downloads/LOOM/loom/build/linux-x86_64-server-release/jdk/modules/java.management:/home/dmitry/Downloads/LOOM/loom/build/linux-x86_64-server-release/jdk/modules/java.management.rmi:/home/dmitry/Downloads/LOOM/loom/build/linux-x86_64-server-release/jdk/modules/java.naming:/home/dmitry/Downloads/LOOM/loom/build/linux-x86_64-server-release/jdk/modules/java.net.http:/home/dmitry/Downloads/LOOM/loom/build/linux-x86_64-server-release/jdk/modules/java.prefs:/home/dmitry/Downloads/LOOM/loom/build/linux-x86_64-server-release/jdk/modules/java.rmi:/home/dmitry/Downloads/LOOM/loom/build/linux-x86_64-server-release/jdk/modules/java.scripting:/home/dmitry/Downloads/LOOM/loom/build/linux-x86_64-server-release/jdk/modules/java.se:/home/dmitry/Downloads/LOOM/loom/build/linux-x86_64-server-release/jdk/modules/java.security.jgss:/home/dmitry/Downloads/LOOM/loom/build/linux-x86_64-server-release/jdk/modules/java.security.sasl:/home/dmitry/Downloads/LOOM/loom/build/linux-x86_64-server-release/jdk/modules/java.smartcardio:/home/dmitry/Downloads/LOOM/loom/build/linux-x86_64-server-release/jdk/modules/java.sql:/home/dmitry/Downloads/LOOM/loom/build/linux-x86_64-server-release/jdk/modules/java.sql.rowset:/home/dmitry/Downloads/LOOM/loom/build/linux-x86_64-server-release/jdk/modules/java.transaction.xa:/home/dmitry/Downloads/LOOM/loom/build/linux-x86_64-server-release/jdk/modules/java.xml:/home/dmitry/D
Launcher Type: SUN_STANDARD

[Global flags]
     intx CICompilerCount                          = 3                                         {product} {ergonomic}
     uint ConcGCThreads                            = 1                                         {product} {ergonomic}
     uint G1ConcRefinementThreads                  = 4                                         {product} {ergonomic}
   size_t G1HeapRegionSize                         = 1048576                                   {product} {ergonomic}
    uintx GCDrainStackTargetSize                   = 64                                        {product} {ergonomic}
   size_t InitialHeapSize                          = 83886080                                  {product} {ergonomic}
   size_t MarkStackSize                            = 4194304                                   {product} {ergonomic}
   size_t MaxHeapSize                              = 1342177280                                {product} {ergonomic}
   size_t MaxNewSize                               = 805306368                                 {product} {ergonomic}
   size_t MinHeapDeltaBytes                        = 1048576                                   {product} {ergonomic}
    uintx NonNMethodCodeHeapSize                   = 5830732                                {pd product} {ergonomic}
    uintx NonProfiledCodeHeapSize                  = 122913754                              {pd product} {ergonomic}
    uintx ProfiledCodeHeapSize                     = 122913754                              {pd product} {ergonomic}
    uintx ReservedCodeCacheSize                    = 251658240                              {pd product} {ergonomic}
     bool SegmentedCodeCache                       = true                                      {product} {ergonomic}
     bool UseCompressedClassPointers               = true                                 {lp64_product} {ergonomic}
     bool UseCompressedOops                        = true                                 {lp64_product} {ergonomic}
     bool UseG1GC                                  = true                                      {product} {ergonomic}

Logging:
Log output configuration:
 #0: stdout all=warning uptime,level,tags
 #1: stderr all=off uptime,level,tags

Environment Variables:
JAVA_HOME=/home/dmitry/usr/local/java/jdk1.8.0
PATH=/bin:/home/dmitry/Downloads/LOOM/loom/build/linux-x86_64-server-slowdebug/jdk/bin:/usr/local/sbin:/usr/local/bin:/usr/sbin:/usr/bin:/sbin:/bin:/usr/games:/usr/local/games:/snap/bin
USERNAME=dmitry
SHELL=/bin/bash
DISPLAY=:0

Signal Handlers:
SIGSEGV: [libjvm.so+0xfe3c20], sa_mask[0]=11111111011111111101111111111110, sa_flags=SA_RESTART|SA_SIGINFO
SIGBUS: [libjvm.so+0xfe3c20], sa_mask[0]=11111111011111111101111111111110, sa_flags=SA_RESTART|SA_SIGINFO
SIGFPE: [libjvm.so+0xfe3c20], sa_mask[0]=11111111011111111101111111111110, sa_flags=SA_RESTART|SA_SIGINFO
SIGPIPE: [libjvm.so+0xc814a0], sa_mask[0]=11111111011111111101111111111110, sa_flags=SA_RESTART|SA_SIGINFO
SIGXFSZ: [libjvm.so+0xc814a0], sa_mask[0]=11111111011111111101111111111110, sa_flags=SA_RESTART|SA_SIGINFO
SIGILL: [libjvm.so+0xfe3c20], sa_mask[0]=11111111011111111101111111111110, sa_flags=SA_RESTART|SA_SIGINFO
SIGUSR2: [libjvm.so+0xc81340], sa_mask[0]=00100000000000000000000000000000, sa_flags=SA_RESTART|SA_SIGINFO
SIGHUP: [libjvm.so+0xc81940], sa_mask[0]=11111111011111111101111111111110, sa_flags=SA_RESTART|SA_SIGINFO
SIGINT: [libjvm.so+0xc81940], sa_mask[0]=11111111011111111101111111111110, sa_flags=SA_RESTART|SA_SIGINFO
SIGTERM: [libjvm.so+0xc81940], sa_mask[0]=11111111011111111101111111111110, sa_flags=SA_RESTART|SA_SIGINFO
SIGQUIT: [libjvm.so+0xc81940], sa_mask[0]=11111111011111111101111111111110, sa_flags=SA_RESTART|SA_SIGINFO


---------------  S Y S T E M  ---------------

OS:DISTRIB_ID=Ubuntu
DISTRIB_RELEASE=18.04
DISTRIB_CODENAME=bionic
DISTRIB_DESCRIPTION="Ubuntu 18.04.2 LTS"
uname:Linux 4.18.0-20-generic #21~18.04.1-Ubuntu SMP Wed May 8 08:43:37 UTC 2019 x86_64
libc:glibc 2.27 NPTL 2.27 
rlimit: STACK 8192k, CORE 0k, NPROC 20273, NOFILE 4096, AS infinity, DATA infinity, FSIZE infinity
load average:1,24 0,75 0,47

/proc/meminfo:
MemTotal:        5234980 kB
MemFree:          138748 kB
MemAvailable:    2235108 kB
Buffers:          167788 kB
Cached:          2126844 kB
SwapCached:         1428 kB
Active:          2993228 kB
Inactive:        1724008 kB
Active(anon):    1789692 kB
Inactive(anon):   761664 kB
Active(file):    1203536 kB
Inactive(file):   962344 kB
Unevictable:          32 kB
Mlocked:              32 kB
SwapTotal:       2097148 kB
SwapFree:        2039792 kB
Dirty:              2556 kB
Writeback:             0 kB
AnonPages:       2422216 kB
Mapped:           542860 kB
Shmem:            128752 kB
Slab:             265776 kB
SReclaimable:     221664 kB
SUnreclaim:        44112 kB
KernelStack:       10928 kB
PageTables:        39056 kB
NFS_Unstable:          0 kB
Bounce:                0 kB
WritebackTmp:          0 kB
CommitLimit:     4714636 kB
Committed_AS:    5976332 kB
VmallocTotal:   34359738367 kB
VmallocUsed:           0 kB
VmallocChunk:          0 kB
HardwareCorrupted:     0 kB
AnonHugePages:         0 kB
ShmemHugePages:        0 kB
ShmemPmdMapped:        0 kB
CmaTotal:              0 kB
CmaFree:               0 kB
HugePages_Total:       0
HugePages_Free:        0
HugePages_Rsvd:        0
HugePages_Surp:        0
Hugepagesize:       2048 kB
Hugetlb:               0 kB
DirectMap4k:      167872 kB
DirectMap2M:     5242880 kB


/proc/sys/kernel/threads-max (system-wide limit on the number of threads):
40547


/proc/sys/vm/max_map_count (maximum number of memory map areas a process may have):
65530


/proc/sys/kernel/pid_max (system-wide limit on number of process identifiers):
32768



container (cgroup) information:
container_type: cgroupv1
cpu_cpuset_cpus: 0-3
cpu_memory_nodes: 0
active_processor_count: 4
cpu_quota: no quota
cpu_period: 100000
cpu_shares: no shares
memory_limit_in_bytes: unlimited
memory_and_swap_limit_in_bytes: not supported
memory_soft_limit_in_bytes: unlimited
memory_usage_in_bytes: 4830302208
memory_max_usage_in_bytes: 4018176

KVM virtualization detected
Steal ticks since vm start: 0
Steal ticks percentage since vm start:  0,000

CPU:total 4 (initial active 4) (4 cores per cpu, 1 threads per core) family 6 model 60 stepping 3, cmov, cx8, fxsr, mmx, sse, sse2, sse3, ssse3, sse4.1, sse4.2, popcnt, avx, avx2, aes, clmul, lzcnt, tsc, tscinvbit
CPU Model and flags from /proc/cpuinfo:
model name	: Intel(R) Core(TM) i7-4700HQ CPU @ 2.40GHz
flags		: fpu vme de pse tsc msr pae mce cx8 apic sep mtrr pge mca cmov pat pse36 clflush mmx fxsr sse sse2 ht syscall nx rdtscp lm constant_tsc rep_good nopl xtopology nonstop_tsc cpuid tsc_known_freq pni pclmulqdq ssse3 cx16 pcid sse4_1 sse4_2 x2apic movbe popcnt aes xsave avx rdrand hypervisor lahf_lm abm invpcid_single pti fsgsbase avx2 invpcid flush_l1d

Memory: 4k page, physical 5234980k(138748k free), swap 2097148k(2039792k free)

vm_info: OpenJDK 64-Bit Server VM (13-internal+0-adhoc.dmitry.loom) for linux-amd64 JRE (13-internal+0-adhoc.dmitry.loom), built on May 26 2019 00:34:28 by "dmitry" with gcc 7.4.0

END.
