#
# A fatal error has been detected by the Java Runtime Environment:
#
#  SIGSEGV (0xb) at pc=0x00007f2933f35e3a, pid=25659, tid=25681
#
# JRE version: OpenJDK Runtime Environment (13.0) (build 13-internal+0-adhoc.dmitry.loom)
# Java VM: OpenJDK 64-Bit Server VM (13-internal+0-adhoc.dmitry.loom, mixed mode, tiered, compressed oops, g1 gc, linux-amd64)
# Problematic frame:
# V  [libjvm.so+0x683e3a]  ContMirror::read()+0x1a
#
# Core dump will be written. Default location: Core dumps may be processed with "/usr/share/apport/apport %p %s %c %d %P" (or dumping to /home/dmitry/Downloads/LoadDetector/core.25659)
#
# If you would like to submit a bug report, please visit:
#   http://bugreport.java.com/bugreport/crash.jsp
#

---------------  S U M M A R Y ------------

Command Line: -Didea.launcher.port=26637 -Didea.launcher.bin.path=/home/dmitry/Downloads/idea-IC-183.5912.21/bin -Dfile.encoding=UTF-8 com.intellij.rt.execution.application.AppMainV2 Main

Host: Intel(R) Core(TM) i7-4700HQ CPU @ 2.40GHz, 4 cores, 4G, Ubuntu 18.04.2 LTS
Time: Sun May 12 23:29:19 2019 MSK elapsed time: 2 seconds (0d 0h 0m 2s)

---------------  T H R E A D  ---------------

Current thread (0x00007f292c287800):  JavaThread "Thread-1" [_thread_in_vm, id=25681, stack(0x00007f28fb1cb000,0x00007f28fb2cc000)]

Stack: [0x00007f28fb1cb000,0x00007f28fb2cc000],  sp=0x00007f28fb2c81b0,  free space=1012k
Native frames: (J=compiled Java code, A=aot compiled Java code, j=interpreted, Vv=VM code, C=native code)
V  [libjvm.so+0x683e3a]  ContMirror::read()+0x1a
V  [libjvm.so+0x689537]  Continuation::freeze0(JavaThread*, FrameInfo*, bool) [clone .part.304]+0x507
V  [libjvm.so+0x689c87]  Continuation::freeze(JavaThread*, FrameInfo*)+0x127
v  ~RuntimeStub::cont_doYield
C  0x00007f28fb2ca838
j  java.lang.Continuation.pause(Ljava/lang/ContinuationScope;)Z+3 java.base
j  Main.lambda$main$1(Ljava/lang/Continuation;Ljava/lang/ContinuationScope;Ljava/lang/Thread;)V+21
j  Main$$Lambda$38.run()V+12
j  java.lang.Thread.run()V+11 java.base
v  ~StubRoutines::call_stub
V  [libjvm.so+0x8bcd99]  JavaCalls::call_helper(JavaValue*, methodHandle const&, JavaCallArguments*, Thread*)+0x3c9
V  [libjvm.so+0x8badb5]  JavaCalls::call_virtual(JavaValue*, Handle, Klass*, Symbol*, Symbol*, Thread*)+0x1e5
V  [libjvm.so+0x965c2c]  thread_entry(JavaThread*, Thread*)+0x6c
V  [libjvm.so+0xf736e2]  JavaThread::run()+0x232
V  [libjvm.so+0xf7145d]  Thread::call_run()+0x10d
V  [libjvm.so+0xc8b7c7]  thread_native_entry(Thread*)+0xe7

Java frames: (J=compiled Java code, j=interpreted, Vv=VM code)
v  ~RuntimeStub::cont_doYield
j  java.lang.Continuation.yield0(Ljava/lang/ContinuationScope;Ljava/lang/Continuation;)Z+60 java.base
j  java.lang.Continuation.pause(Ljava/lang/ContinuationScope;)Z+3 java.base
j  Main.lambda$main$1(Ljava/lang/Continuation;Ljava/lang/ContinuationScope;Ljava/lang/Thread;)V+21
j  Main$$Lambda$38.run()V+12
j  java.lang.Thread.run()V+11 java.base
v  ~StubRoutines::call_stub

siginfo: si_signo: 11 (SIGSEGV), si_code: 1 (SEGV_MAPERR), si_addr: 0x0000000000000020

Register to memory mapping:

RAX=0x0000000000000020 is an unknown value
RBX=0x00007f28fb2c9550 is pointing into the stack for thread: 0x00007f292c287800
RCX=0x00007f28fb2ca888 is pointing into the stack for thread: 0x00007f292c287800
RDX=0x00007f2934f30b58: <offset 0x000000000167eb58> in /home/dmitry/Downloads/LOOM/loom/build/linux-x86_64-server-release/jdk/lib/server/libjvm.so at 0x00007f29338b2000
RSP=0x00007f28fb2c81b0 is pointing into the stack for thread: 0x00007f292c287800
RBP=0x00007f28fb2c81c0 is pointing into the stack for thread: 0x00007f292c287800
RSI=0x00007f291d0169b0 is at code_begin+1584 in an Interpreter codelet
invoke return entry points  [0x00007f291d016380, 0x00007f291d017540]  4544 bytes
RDI=0x0 is NULL
R8 =0x00007f291d000000 points into unknown readable memory: 04 00 00 00 00 00 00 00
R9 =0x000000000000000b is an unknown value
R10=0x0000000000000800 is an unknown value
R11=0x0000000000000400 is an unknown value
R12=0x00007f292c253950 points into unknown readable memory: 00 00 00 00 00 00 00 00
R13=0x00007f28fb2c9550 is pointing into the stack for thread: 0x00007f292c287800
R14=0x00007f292c2a35e0 points into unknown readable memory: 02 00 00 00 29 7f 00 00
R15=0x00007f28fb2ca810 is pointing into the stack for thread: 0x00007f292c287800


Registers:
RAX=0x0000000000000020, RBX=0x00007f28fb2c9550, RCX=0x00007f28fb2ca888, RDX=0x00007f2934f30b58
RSP=0x00007f28fb2c81b0, RBP=0x00007f28fb2c81c0, RSI=0x00007f291d0169b0, RDI=0x0000000000000000
R8 =0x00007f291d000000, R9 =0x000000000000000b, R10=0x0000000000000800, R11=0x0000000000000400
R12=0x00007f292c253950, R13=0x00007f28fb2c9550, R14=0x00007f292c2a35e0, R15=0x00007f28fb2ca810
RIP=0x00007f2933f35e3a, EFLAGS=0x0000000000010202, CSGSFS=0x002b000000000033, ERR=0x0000000000000004
  TRAPNO=0x000000000000000e

Top of Stack: (sp=0x00007f28fb2c81b0)
0x00007f28fb2c81b0:   00007f291d0169b0 00007f292c287800
0x00007f28fb2c81c0:   00007f28fb2ca7c0 00007f2933f3b537
0x00007f28fb2c81d0:   00007f292c287800 00007f28fb2c82d0
0x00007f28fb2c81e0:   0000000000000000 00007f2934f2e220 

Instructions: (pc=0x00007f2933f35e3a)
0x00007f2933f35d3a:   08 48 63 00 89 0c 02 48 8d 05 8c e5 fd 00 48 8b
0x00007f2933f35d4a:   4b 30 48 8b 53 08 48 63 00 48 89 0c 02 48 8d 05
0x00007f2933f35d5a:   6e e5 fd 00 48 8b 53 08 48 8b 4b 38 48 63 00 48
0x00007f2933f35d6a:   89 0c 02 48 8d 05 54 e5 fd 00 8b 4b 60 48 8b 53
0x00007f2933f35d7a:   08 48 63 00 89 0c 02 48 8d 05 58 e5 fd 00 48 8b
0x00007f2933f35d8a:   53 08 48 8b 4b 10 48 63 00 48 89 0c 02 48 8d 05
0x00007f2933f35d9a:   3e e5 fd 00 48 8b 4b 18 48 8b 53 08 48 63 00 48
0x00007f2933f35daa:   89 0c 02 48 8d 05 24 e5 fd 00 48 63 00 48 8b 53
0x00007f2933f35dba:   08 48 8b 4b 20 48 89 0c 02 48 8d 05 2e e5 fd 00
0x00007f2933f35dca:   48 8b 53 08 48 8b 4b 58 48 63 00 89 0c 02 48 8d
0x00007f2933f35dda:   05 e1 e4 fd 00 0f b6 4b 70 48 8b 53 08 48 63 00
0x00007f2933f35dea:   88 0c 02 48 8d 05 00 e5 fd 00 0f b7 4b 74 48 8b
0x00007f2933f35dfa:   53 08 48 63 00 66 89 0c 02 48 8d 05 e6 e4 fd 00
0x00007f2933f35e0a:   0f b7 4b 72 48 8b 53 08 48 63 00 66 89 0c 02 48
0x00007f2933f35e1a:   83 c4 08 5b 5d c3 55 48 89 e5 53 48 89 fb 48 83
0x00007f2933f35e2a:   ec 08 48 8d 05 ad e4 fd 00 48 8b 7f 08 48 63 00
0x00007f2933f35e3a:   48 8b 04 38 48 89 43 10 48 8d 05 93 e4 fd 00 48
0x00007f2933f35e4a:   63 00 48 8b 04 38 48 89 43 18 48 8d 05 7d e4 fd
0x00007f2933f35e5a:   00 48 63 00 48 8b 04 38 48 89 43 20 48 8d 05 63
0x00007f2933f35e6a:   e4 fd 00 48 63 00 8b 04 38 89 43 28 48 8d 05 57
0x00007f2933f35e7a:   e4 fd 00 48 63 00 48 8b 04 38 48 89 43 30 48 8d
0x00007f2933f35e8a:   05 3d e4 fd 00 48 63 00 48 8b 04 38 48 89 43 38
0x00007f2933f35e9a:   48 8d 05 5b e4 fd 00 48 63 30 ff 15 96 41 f7 00
0x00007f2933f35eaa:   48 85 c0 48 89 43 40 0f 84 b9 01 00 00 48 8d 15
0x00007f2933f35eba:   1e c9 fd 00 80 3a 01 48 19 c9 83 e1 04 80 3a 01
0x00007f2933f35eca:   8b 4c 08 0c 48 19 d2 89 4b 48 83 e2 08 48 8d 44
0x00007f2933f35eda:   10 10 48 89 43 50 48 8d 05 11 e4 fd 00 48 8b 7b
0x00007f2933f35eea:   08 48 63 00 48 63 04 07 48 89 43 58 48 8d 05 ef
0x00007f2933f35efa:   e3 fd 00 48 63 30 ff 15 3a 41 f7 00 48 8d 15 bb
0x00007f2933f35f0a:   e3 fd 00 48 89 43 68 48 8b 43 08 48 83 3d 13 ae
0x00007f2933f35f1a:   fb 00 00 48 63 12 8b 14 02 89 53 60 48 8d 15 93
0x00007f2933f35f2a:   e3 fd 00 48 63 12 0f b6 14 02 88 53 70 48 8d 15 


Stack slot to memory mapping:
stack at sp + 0 slots: 0x00007f291d0169b0 is at code_begin+1584 in an Interpreter codelet
invoke return entry points  [0x00007f291d016380, 0x00007f291d017540]  4544 bytes
stack at sp + 1 slots: 0x00007f292c287800 is a thread
stack at sp + 2 slots: 0x00007f28fb2ca7c0 is pointing into the stack for thread: 0x00007f292c287800
stack at sp + 3 slots: 0x00007f2933f3b537: <offset 0x0000000000689537> in /home/dmitry/Downloads/LOOM/loom/build/linux-x86_64-server-release/jdk/lib/server/libjvm.so at 0x00007f29338b2000
stack at sp + 4 slots: 0x00007f292c287800 is a thread
stack at sp + 5 slots: 0x00007f28fb2c82d0 is pointing into the stack for thread: 0x00007f292c287800
stack at sp + 6 slots: 0x0 is NULL
stack at sp + 7 slots: 0x00007f2934f2e220: <offset 0x000000000167c220> in /home/dmitry/Downloads/LOOM/loom/build/linux-x86_64-server-release/jdk/lib/server/libjvm.so at 0x00007f29338b2000


---------------  P R O C E S S  ---------------

Threads class SMR info:
_java_thread_list=0x00007f292c2aa380, length=13, elements={
0x00007f292c13b000, 0x00007f292c13e000, 0x00007f292c160000, 0x00007f292c165000,
0x00007f292c167000, 0x00007f292c168800, 0x00007f292c191800, 0x00007f28ec078000,
0x00007f292c28b000, 0x00007f292c29d800, 0x00007f292c287800, 0x00007f292c2a9800,
0x00007f292c016800
}

Java Threads: ( => current thread )
  0x00007f292c13b000 JavaThread "Reference Handler" daemon [_thread_blocked, id=25669, stack(0x00007f2918b19000,0x00007f2918c1a000)]
  0x00007f292c13e000 JavaThread "Finalizer" daemon [_thread_blocked, id=25670, stack(0x00007f2918a18000,0x00007f2918b19000)]
  0x00007f292c160000 JavaThread "Signal Dispatcher" daemon [_thread_blocked, id=25671, stack(0x00007f28fbeff000,0x00007f28fc000000)]
  0x00007f292c165000 JavaThread "C2 CompilerThread0" daemon [_thread_blocked, id=25672, stack(0x00007f28fbdfe000,0x00007f28fbeff000)]
  0x00007f292c167000 JavaThread "C1 CompilerThread0" daemon [_thread_blocked, id=25673, stack(0x00007f28fbcfd000,0x00007f28fbdfe000)]
  0x00007f292c168800 JavaThread "Sweeper thread" daemon [_thread_blocked, id=25674, stack(0x00007f28fbbfc000,0x00007f28fbcfd000)]
  0x00007f292c191800 JavaThread "Common-Cleaner" daemon [_thread_blocked, id=25675, stack(0x00007f28fb6d1000,0x00007f28fb7d2000)]
  0x00007f28ec078000 JavaThread "C2 CompilerThread1" daemon [_thread_blocked, id=25676, stack(0x00007f28fb5d0000,0x00007f28fb6d1000)]
  0x00007f292c28b000 JavaThread "Service Thread" daemon [_thread_blocked, id=25678, stack(0x00007f28fb4cf000,0x00007f28fb5d0000)]
  0x00007f292c29d800 JavaThread "Monitor Ctrl-Break" daemon [_thread_in_native, id=25680, stack(0x00007f28fb2cc000,0x00007f28fb3cd000)]
=>0x00007f292c287800 JavaThread "Thread-1" [_thread_in_vm, id=25681, stack(0x00007f28fb1cb000,0x00007f28fb2cc000)]
  0x00007f292c2a9800 JavaThread "Thread-0" [_thread_blocked, id=25682, stack(0x00007f28fb0ca000,0x00007f28fb1cb000)]
  0x00007f292c016800 JavaThread "DestroyJavaVM" [_thread_blocked, id=25662, stack(0x00007f2935cb6000,0x00007f2935db7000)]

Other Threads:
  0x00007f292c12e800 VMThread "VM Thread" [stack: 0x00007f2918c1c000,0x00007f2918d1c000] [id=25668] _threads_hazard_ptr=0x00007f292c2aa380
  0x00007f292c28d000 WatcherThread [stack: 0x00007f28fb3cf000,0x00007f28fb4cf000] [id=25679]
  0x00007f292c05a800 GCTaskThread "GC Thread#0" [stack: 0x00007f2930219000,0x00007f2930319000] [id=25663]
  0x00007f292c064000 ConcurrentGCThread "G1 Main Marker" [stack: 0x00007f2930117000,0x00007f2930217000] [id=25664]
  0x00007f292c066000 ConcurrentGCThread "G1 Conc#0" [stack: 0x00007f2930015000,0x00007f2930115000] [id=25665]
  0x00007f292c0ba000 ConcurrentGCThread "G1 Refine#0" [stack: 0x00007f29196fc000,0x00007f29197fc000] [id=25666]
  0x00007f292c0bc000 ConcurrentGCThread "G1 Young RemSet Sampling" [stack: 0x00007f29195fa000,0x00007f29196fa000] [id=25667]

Threads with active compile tasks:

VM state:synchronizing (normal execution)

VM Mutex/Monitor currently owned by a thread:  ([mutex/lock_event])
[0x00007f292c011ce0] Threads_lock - owner thread: 0x00007f292c12e800

Heap address: 0x00000000b0000000, size: 1280 MB, Compressed Oops mode: 32-bit
Narrow klass base: 0x0000000000000000, Narrow klass shift: 3
Compressed class space size: 1073741824 Address: 0x0000000100000000

Heap:
 garbage-first heap   total 81920K, used 7168K [0x00000000b0000000, 0x0000000100000000)
  region size 1024K, 8 young (8192K), 0 survivors (0K)
 Metaspace       used 7409K, capacity 7501K, committed 7680K, reserved 1056768K
  class space    used 650K, capacity 692K, committed 768K, reserved 1048576K
Heap Regions: E=young(eden), S=young(survivor), O=old, HS=humongous(starts), HC=humongous(continues), CS=collection set, F=free, A=archive, TAMS=top-at-mark-start (previous, next)
|   0|0x00000000b0000000, 0x00000000b0000000, 0x00000000b0100000|  0%| F|  |TAMS 0x00000000b0000000, 0x00000000b0000000| Untracked 
|   1|0x00000000b0100000, 0x00000000b0100000, 0x00000000b0200000|  0%| F|  |TAMS 0x00000000b0100000, 0x00000000b0100000| Untracked 
|   2|0x00000000b0200000, 0x00000000b0200000, 0x00000000b0300000|  0%| F|  |TAMS 0x00000000b0200000, 0x00000000b0200000| Untracked 
|   3|0x00000000b0300000, 0x00000000b0300000, 0x00000000b0400000|  0%| F|  |TAMS 0x00000000b0300000, 0x00000000b0300000| Untracked 
|   4|0x00000000b0400000, 0x00000000b0400000, 0x00000000b0500000|  0%| F|  |TAMS 0x00000000b0400000, 0x00000000b0400000| Untracked 
|   5|0x00000000b0500000, 0x00000000b0500000, 0x00000000b0600000|  0%| F|  |TAMS 0x00000000b0500000, 0x00000000b0500000| Untracked 
|   6|0x00000000b0600000, 0x00000000b0600000, 0x00000000b0700000|  0%| F|  |TAMS 0x00000000b0600000, 0x00000000b0600000| Untracked 
|   7|0x00000000b0700000, 0x00000000b0700000, 0x00000000b0800000|  0%| F|  |TAMS 0x00000000b0700000, 0x00000000b0700000| Untracked 
|   8|0x00000000b0800000, 0x00000000b0800000, 0x00000000b0900000|  0%| F|  |TAMS 0x00000000b0800000, 0x00000000b0800000| Untracked 
|   9|0x00000000b0900000, 0x00000000b0900000, 0x00000000b0a00000|  0%| F|  |TAMS 0x00000000b0900000, 0x00000000b0900000| Untracked 
|  10|0x00000000b0a00000, 0x00000000b0a00000, 0x00000000b0b00000|  0%| F|  |TAMS 0x00000000b0a00000, 0x00000000b0a00000| Untracked 
|  11|0x00000000b0b00000, 0x00000000b0b00000, 0x00000000b0c00000|  0%| F|  |TAMS 0x00000000b0b00000, 0x00000000b0b00000| Untracked 
|  12|0x00000000b0c00000, 0x00000000b0c00000, 0x00000000b0d00000|  0%| F|  |TAMS 0x00000000b0c00000, 0x00000000b0c00000| Untracked 
|  13|0x00000000b0d00000, 0x00000000b0d00000, 0x00000000b0e00000|  0%| F|  |TAMS 0x00000000b0d00000, 0x00000000b0d00000| Untracked 
|  14|0x00000000b0e00000, 0x00000000b0e00000, 0x00000000b0f00000|  0%| F|  |TAMS 0x00000000b0e00000, 0x00000000b0e00000| Untracked 
|  15|0x00000000b0f00000, 0x00000000b0f00000, 0x00000000b1000000|  0%| F|  |TAMS 0x00000000b0f00000, 0x00000000b0f00000| Untracked 
|  16|0x00000000b1000000, 0x00000000b1000000, 0x00000000b1100000|  0%| F|  |TAMS 0x00000000b1000000, 0x00000000b1000000| Untracked 
|  17|0x00000000b1100000, 0x00000000b1100000, 0x00000000b1200000|  0%| F|  |TAMS 0x00000000b1100000, 0x00000000b1100000| Untracked 
|  18|0x00000000b1200000, 0x00000000b1200000, 0x00000000b1300000|  0%| F|  |TAMS 0x00000000b1200000, 0x00000000b1200000| Untracked 
|  19|0x00000000b1300000, 0x00000000b1300000, 0x00000000b1400000|  0%| F|  |TAMS 0x00000000b1300000, 0x00000000b1300000| Untracked 
|  20|0x00000000b1400000, 0x00000000b1400000, 0x00000000b1500000|  0%| F|  |TAMS 0x00000000b1400000, 0x00000000b1400000| Untracked 
|  21|0x00000000b1500000, 0x00000000b1500000, 0x00000000b1600000|  0%| F|  |TAMS 0x00000000b1500000, 0x00000000b1500000| Untracked 
|  22|0x00000000b1600000, 0x00000000b1600000, 0x00000000b1700000|  0%| F|  |TAMS 0x00000000b1600000, 0x00000000b1600000| Untracked 
|  23|0x00000000b1700000, 0x00000000b1700000, 0x00000000b1800000|  0%| F|  |TAMS 0x00000000b1700000, 0x00000000b1700000| Untracked 
|  24|0x00000000b1800000, 0x00000000b1800000, 0x00000000b1900000|  0%| F|  |TAMS 0x00000000b1800000, 0x00000000b1800000| Untracked 
|  25|0x00000000b1900000, 0x00000000b1900000, 0x00000000b1a00000|  0%| F|  |TAMS 0x00000000b1900000, 0x00000000b1900000| Untracked 
|  26|0x00000000b1a00000, 0x00000000b1a00000, 0x00000000b1b00000|  0%| F|  |TAMS 0x00000000b1a00000, 0x00000000b1a00000| Untracked 
|  27|0x00000000b1b00000, 0x00000000b1b00000, 0x00000000b1c00000|  0%| F|  |TAMS 0x00000000b1b00000, 0x00000000b1b00000| Untracked 
|  28|0x00000000b1c00000, 0x00000000b1c00000, 0x00000000b1d00000|  0%| F|  |TAMS 0x00000000b1c00000, 0x00000000b1c00000| Untracked 
|  29|0x00000000b1d00000, 0x00000000b1d00000, 0x00000000b1e00000|  0%| F|  |TAMS 0x00000000b1d00000, 0x00000000b1d00000| Untracked 
|  30|0x00000000b1e00000, 0x00000000b1e00000, 0x00000000b1f00000|  0%| F|  |TAMS 0x00000000b1e00000, 0x00000000b1e00000| Untracked 
|  31|0x00000000b1f00000, 0x00000000b1f00000, 0x00000000b2000000|  0%| F|  |TAMS 0x00000000b1f00000, 0x00000000b1f00000| Untracked 
|  32|0x00000000b2000000, 0x00000000b2000000, 0x00000000b2100000|  0%| F|  |TAMS 0x00000000b2000000, 0x00000000b2000000| Untracked 
|  33|0x00000000b2100000, 0x00000000b2100000, 0x00000000b2200000|  0%| F|  |TAMS 0x00000000b2100000, 0x00000000b2100000| Untracked 
|  34|0x00000000b2200000, 0x00000000b2200000, 0x00000000b2300000|  0%| F|  |TAMS 0x00000000b2200000, 0x00000000b2200000| Untracked 
|  35|0x00000000b2300000, 0x00000000b2300000, 0x00000000b2400000|  0%| F|  |TAMS 0x00000000b2300000, 0x00000000b2300000| Untracked 
|  36|0x00000000b2400000, 0x00000000b2400000, 0x00000000b2500000|  0%| F|  |TAMS 0x00000000b2400000, 0x00000000b2400000| Untracked 
|  37|0x00000000b2500000, 0x00000000b2500000, 0x00000000b2600000|  0%| F|  |TAMS 0x00000000b2500000, 0x00000000b2500000| Untracked 
|  38|0x00000000b2600000, 0x00000000b2600000, 0x00000000b2700000|  0%| F|  |TAMS 0x00000000b2600000, 0x00000000b2600000| Untracked 
|  39|0x00000000b2700000, 0x00000000b2700000, 0x00000000b2800000|  0%| F|  |TAMS 0x00000000b2700000, 0x00000000b2700000| Untracked 
|  40|0x00000000b2800000, 0x00000000b2800000, 0x00000000b2900000|  0%| F|  |TAMS 0x00000000b2800000, 0x00000000b2800000| Untracked 
|  41|0x00000000b2900000, 0x00000000b2900000, 0x00000000b2a00000|  0%| F|  |TAMS 0x00000000b2900000, 0x00000000b2900000| Untracked 
|  42|0x00000000b2a00000, 0x00000000b2a00000, 0x00000000b2b00000|  0%| F|  |TAMS 0x00000000b2a00000, 0x00000000b2a00000| Untracked 
|  43|0x00000000b2b00000, 0x00000000b2b00000, 0x00000000b2c00000|  0%| F|  |TAMS 0x00000000b2b00000, 0x00000000b2b00000| Untracked 
|  44|0x00000000b2c00000, 0x00000000b2c00000, 0x00000000b2d00000|  0%| F|  |TAMS 0x00000000b2c00000, 0x00000000b2c00000| Untracked 
|  45|0x00000000b2d00000, 0x00000000b2d00000, 0x00000000b2e00000|  0%| F|  |TAMS 0x00000000b2d00000, 0x00000000b2d00000| Untracked 
|  46|0x00000000b2e00000, 0x00000000b2e00000, 0x00000000b2f00000|  0%| F|  |TAMS 0x00000000b2e00000, 0x00000000b2e00000| Untracked 
|  47|0x00000000b2f00000, 0x00000000b2f00000, 0x00000000b3000000|  0%| F|  |TAMS 0x00000000b2f00000, 0x00000000b2f00000| Untracked 
|  48|0x00000000b3000000, 0x00000000b3000000, 0x00000000b3100000|  0%| F|  |TAMS 0x00000000b3000000, 0x00000000b3000000| Untracked 
|  49|0x00000000b3100000, 0x00000000b3100000, 0x00000000b3200000|  0%| F|  |TAMS 0x00000000b3100000, 0x00000000b3100000| Untracked 
|  50|0x00000000b3200000, 0x00000000b3200000, 0x00000000b3300000|  0%| F|  |TAMS 0x00000000b3200000, 0x00000000b3200000| Untracked 
|  51|0x00000000b3300000, 0x00000000b3300000, 0x00000000b3400000|  0%| F|  |TAMS 0x00000000b3300000, 0x00000000b3300000| Untracked 
|  52|0x00000000b3400000, 0x00000000b3400000, 0x00000000b3500000|  0%| F|  |TAMS 0x00000000b3400000, 0x00000000b3400000| Untracked 
|  53|0x00000000b3500000, 0x00000000b3500000, 0x00000000b3600000|  0%| F|  |TAMS 0x00000000b3500000, 0x00000000b3500000| Untracked 
|  54|0x00000000b3600000, 0x00000000b3600000, 0x00000000b3700000|  0%| F|  |TAMS 0x00000000b3600000, 0x00000000b3600000| Untracked 
|  55|0x00000000b3700000, 0x00000000b3700000, 0x00000000b3800000|  0%| F|  |TAMS 0x00000000b3700000, 0x00000000b3700000| Untracked 
|  56|0x00000000b3800000, 0x00000000b3800000, 0x00000000b3900000|  0%| F|  |TAMS 0x00000000b3800000, 0x00000000b3800000| Untracked 
|  57|0x00000000b3900000, 0x00000000b3900000, 0x00000000b3a00000|  0%| F|  |TAMS 0x00000000b3900000, 0x00000000b3900000| Untracked 
|  58|0x00000000b3a00000, 0x00000000b3a00000, 0x00000000b3b00000|  0%| F|  |TAMS 0x00000000b3a00000, 0x00000000b3a00000| Untracked 
|  59|0x00000000b3b00000, 0x00000000b3b00000, 0x00000000b3c00000|  0%| F|  |TAMS 0x00000000b3b00000, 0x00000000b3b00000| Untracked 
|  60|0x00000000b3c00000, 0x00000000b3c00000, 0x00000000b3d00000|  0%| F|  |TAMS 0x00000000b3c00000, 0x00000000b3c00000| Untracked 
|  61|0x00000000b3d00000, 0x00000000b3d00000, 0x00000000b3e00000|  0%| F|  |TAMS 0x00000000b3d00000, 0x00000000b3d00000| Untracked 
|  62|0x00000000b3e00000, 0x00000000b3e00000, 0x00000000b3f00000|  0%| F|  |TAMS 0x00000000b3e00000, 0x00000000b3e00000| Untracked 
|  63|0x00000000b3f00000, 0x00000000b3f00000, 0x00000000b4000000|  0%| F|  |TAMS 0x00000000b3f00000, 0x00000000b3f00000| Untracked 
|  64|0x00000000b4000000, 0x00000000b4000000, 0x00000000b4100000|  0%| F|  |TAMS 0x00000000b4000000, 0x00000000b4000000| Untracked 
|  65|0x00000000b4100000, 0x00000000b4100000, 0x00000000b4200000|  0%| F|  |TAMS 0x00000000b4100000, 0x00000000b4100000| Untracked 
|  66|0x00000000b4200000, 0x00000000b4200000, 0x00000000b4300000|  0%| F|  |TAMS 0x00000000b4200000, 0x00000000b4200000| Untracked 
|  67|0x00000000b4300000, 0x00000000b4300000, 0x00000000b4400000|  0%| F|  |TAMS 0x00000000b4300000, 0x00000000b4300000| Untracked 
|  68|0x00000000b4400000, 0x00000000b4400000, 0x00000000b4500000|  0%| F|  |TAMS 0x00000000b4400000, 0x00000000b4400000| Untracked 
|  69|0x00000000b4500000, 0x00000000b4500000, 0x00000000b4600000|  0%| F|  |TAMS 0x00000000b4500000, 0x00000000b4500000| Untracked 
|  70|0x00000000b4600000, 0x00000000b4600000, 0x00000000b4700000|  0%| F|  |TAMS 0x00000000b4600000, 0x00000000b4600000| Untracked 
|  71|0x00000000b4700000, 0x00000000b4700000, 0x00000000b4800000|  0%| F|  |TAMS 0x00000000b4700000, 0x00000000b4700000| Untracked 
|  72|0x00000000b4800000, 0x00000000b48d7ab8, 0x00000000b4900000| 84%| E|  |TAMS 0x00000000b4800000, 0x00000000b4800000| Complete 
|  73|0x00000000b4900000, 0x00000000b4a00000, 0x00000000b4a00000|100%| E|CS|TAMS 0x00000000b4900000, 0x00000000b4900000| Complete 
|  74|0x00000000b4a00000, 0x00000000b4b00000, 0x00000000b4b00000|100%| E|CS|TAMS 0x00000000b4a00000, 0x00000000b4a00000| Complete 
|  75|0x00000000b4b00000, 0x00000000b4c00000, 0x00000000b4c00000|100%| E|CS|TAMS 0x00000000b4b00000, 0x00000000b4b00000| Complete 
|  76|0x00000000b4c00000, 0x00000000b4d00000, 0x00000000b4d00000|100%| E|CS|TAMS 0x00000000b4c00000, 0x00000000b4c00000| Complete 
|  77|0x00000000b4d00000, 0x00000000b4e00000, 0x00000000b4e00000|100%| E|CS|TAMS 0x00000000b4d00000, 0x00000000b4d00000| Complete 
|  78|0x00000000b4e00000, 0x00000000b4f00000, 0x00000000b4f00000|100%| E|CS|TAMS 0x00000000b4e00000, 0x00000000b4e00000| Complete 
|  79|0x00000000b4f00000, 0x00000000b5000000, 0x00000000b5000000|100%| E|CS|TAMS 0x00000000b4f00000, 0x00000000b4f00000| Complete 

Card table byte_map: [0x00007f2931999000,0x00007f2931c19000] _byte_map_base: 0x00007f2931419000

Marking Bits (Prev, Next): (CMBitMap*) 0x00007f292c05b9d8, (CMBitMap*) 0x00007f292c05ba18
 Prev Bits: [0x00007f2930319000, 0x00007f2931719000)
 Next Bits: [0x00007f291bc00000, 0x00007f291d000000)

Polling page: 0x00007f2935dca000

Metaspace:

Usage:
  Non-class:      6,65 MB capacity,     6,60 MB (>99%) used,    39,05 KB ( <1%) free+waste,    10,81 KB ( <1%) overhead. 
      Class:    692,00 KB capacity,   650,07 KB ( 94%) used,    36,49 KB (  5%) free+waste,     5,44 KB ( <1%) overhead. 
       Both:      7,33 MB capacity,     7,24 MB ( 99%) used,    75,55 KB (  1%) free+waste,    16,25 KB ( <1%) overhead. 

Virtual space:
  Non-class space:        8,00 MB reserved,       6,75 MB ( 84%) committed 
      Class space:        1,00 GB reserved,     768,00 KB ( <1%) committed 
             Both:        1,01 GB reserved,       7,50 MB ( <1%) committed 

Chunk freelists:
   Non-Class:  7,00 KB
       Class:  12,00 KB
        Both:  19,00 KB

MaxMetaspaceSize: unlimited
CompressedClassSpaceSize: 1,00 GB

CodeHeap 'non-profiled nmethods': size=120032Kb used=197Kb max_used=197Kb free=119834Kb
 bounds [0x00007f2924ac8000, 0x00007f2924d38000, 0x00007f292c000000]
CodeHeap 'profiled nmethods': size=120032Kb used=872Kb max_used=872Kb free=119159Kb
 bounds [0x00007f291d590000, 0x00007f291d800000, 0x00007f2924ac8000]
CodeHeap 'non-nmethods': size=5696Kb used=1114Kb max_used=1140Kb free=4581Kb
 bounds [0x00007f291d000000, 0x00007f291d270000, 0x00007f291d590000]
 total_blobs=1053 nmethods=548 adapters=251
 compilation: enabled
              stopped_count=0, restarted_count=0
 full_count=0

Compilation events (10 events):
Event: 1,082 Thread 0x00007f292c167000  541       3       java.lang.String::indexOf (113 bytes)
Event: 1,084 Thread 0x00007f292c167000 nmethod 541 0x00007f291d667a90 code [0x00007f291d667d20, 0x00007f291d6687c8]
Event: 1,084 Thread 0x00007f292c167000  550       3       jdk.internal.org.objectweb.asm.ByteVector::putInt (74 bytes)
Event: 1,084 Thread 0x00007f292c167000 nmethod 550 0x00007f291d668c10 code [0x00007f291d668dc0, 0x00007f291d669068]
Event: 1,084 Thread 0x00007f292c167000  546       3       sun.invoke.util.BytecodeDescriptor::unparseSig (91 bytes)
Event: 1,086 Thread 0x00007f292c167000 nmethod 546 0x00007f291d669210 code [0x00007f291d6694a0, 0x00007f291d669d68]
Event: 1,086 Thread 0x00007f292c167000  543       1       java.lang.reflect.Method::getName (5 bytes)
Event: 1,086 Thread 0x00007f292c167000 nmethod 543 0x00007f2924af9190 code [0x00007f2924af9320, 0x00007f2924af9430]
Event: 1,086 Thread 0x00007f292c167000  547       1       jdk.internal.org.objectweb.asm.MethodWriter::hasAsmInstructions (5 bytes)
Event: 1,086 Thread 0x00007f292c167000 nmethod 547 0x00007f2924af9490 code [0x00007f2924af9620, 0x00007f2924af9730]

GC Heap History (0 events):
No events

Deoptimization events (2 events):
Event: 0,861 Thread 0x00007f292c016800 Uncommon trap: reason=unstable_if action=reinterpret pc=0x00007f2924adc6f4 method=java.util.HashMap.putVal(ILjava/lang/Object;Ljava/lang/Object;ZZ)Ljava/lang/Object; @ 236 c2
Event: 1,060 Thread 0x00007f292c29d800 Uncommon trap: reason=unstable_if action=reinterpret pc=0x00007f2924ae6e9c method=java.net.URI.match(CJJ)Z @ 19 c2

Classes unloaded (0 events):
No events

Classes redefined (0 events):
No events

Internal exceptions (10 events):
Event: 0,413 Thread 0x00007f292c016800 Exception <a 'java/lang/NoSuchMethodError'{0x00000000b4c0fbd8}: 'java.lang.Object java.lang.invoke.DirectMethodHandle$Holder.invokeInterface(java.lang.Object, java.lang.Object)'> (0x00000000b4c0fbd8) 
thrown [/home/dmitry/Downloads/LOOM/loom/src/hotspot/share/interpreter/linkResolver.cpp, line 768]
for thread 0x00007f292c016800
Event: 0,425 Thread 0x00007f292c016800 Exception <a 'java/lang/NoSuchMethodError'{0x00000000b4c16818}: 'int java.lang.invoke.DirectMethodHandle$Holder.invokeStatic(java.lang.Object, java.lang.Object)'> (0x00000000b4c16818) 
thrown [/home/dmitry/Downloads/LOOM/loom/src/hotspot/share/interpreter/linkResolver.cpp, line 768]
for thread 0x00007f292c016800
Event: 0,428 Thread 0x00007f292c016800 Exception <a 'java/lang/NoSuchMethodError'{0x00000000b4c20e58}: 'java.lang.Object java.lang.invoke.DirectMethodHandle$Holder.invokeVirtual(java.lang.Object, java.lang.Object)'> (0x00000000b4c20e58) 
thrown [/home/dmitry/Downloads/LOOM/loom/src/hotspot/share/interpreter/linkResolver.cpp, line 768]
for thread 0x00007f292c016800
Event: 0,431 Thread 0x00007f292c016800 Exception <a 'java/lang/NoSuchMethodError'{0x00000000b4c28a20}: 'int java.lang.invoke.DirectMethodHandle$Holder.invokeSpecial(java.lang.Object, java.lang.Object)'> (0x00000000b4c28a20) 
thrown [/home/dmitry/Downloads/LOOM/loom/src/hotspot/share/interpreter/linkResolver.cpp, line 768]
for thread 0x00007f292c016800
Event: 0,675 Thread 0x00007f292c016800 Exception <a 'java/lang/NoSuchMethodError'{0x00000000b4ab9a68}: 'void java.lang.invoke.DirectMethodHandle$Holder.invokeStatic(java.lang.Object, java.lang.Object, java.lang.Object)'> (0x00000000b4ab9a68) 
thrown [/home/dmitry/Downloads/LOOM/loom/src/hotspot/share/interpreter/linkResolver.cpp, line 768]
for thread 0x00007f292c016800
Event: 0,724 Thread 0x00007f292c016800 Exception <a 'java/lang/NoSuchMethodError'{0x00000000b4ae5010}: 'java.lang.Object java.lang.invoke.Invokers$Holder.linkToTargetMethod(java.lang.Object, java.lang.Object, java.lang.Object, java.lang.Object)'> (0x00000000b4ae5010) 
thrown [/home/dmitry/Downloads/LOOM/loom/src/hotspot/share/interpreter/linkResolver.cpp, line 768]
for thread 0x00007f292c016800
Event: 1,011 Thread 0x00007f292c016800 Exception <a 'java/lang/NoSuchMethodError'{0x00000000b4818d00}: 'void java.lang.invoke.DirectMethodHandle$Holder.invokeStatic(java.lang.Object)'> (0x00000000b4818d00) 
thrown [/home/dmitry/Downloads/LOOM/loom/src/hotspot/share/interpreter/linkResolver.cpp, line 768]
for thread 0x00007f292c016800
Event: 1,012 Thread 0x00007f292c016800 Exception <a 'java/lang/NoSuchMethodError'{0x00000000b481d448}: 'void java.lang.invoke.DirectMethodHandle$Holder.invokeSpecial(java.lang.Object, java.lang.Object)'> (0x00000000b481d448) 
thrown [/home/dmitry/Downloads/LOOM/loom/src/hotspot/share/interpreter/linkResolver.cpp, line 768]
for thread 0x00007f292c016800
Event: 1,029 Thread 0x00007f292c29d800 Exception <a 'java/lang/NoSuchMethodError'{0x00000000b49dc530}: 'java.lang.Object java.lang.invoke.DirectMethodHandle$Holder.invokeStatic(java.lang.Object)'> (0x00000000b49dc530) 
thrown [/home/dmitry/Downloads/LOOM/loom/src/hotspot/share/interpreter/linkResolver.cpp, line 768]
for thread 0x00007f292c29d800
Event: 1,030 Thread 0x00007f292c29d800 Exception <a 'java/lang/NoSuchMethodError'{0x00000000b49df348}: 'java.lang.Object java.lang.invoke.DirectMethodHandle$Holder.invokeStaticInit(java.lang.Object)'> (0x00000000b49df348) 
thrown [/home/dmitry/Downloads/LOOM/loom/src/hotspot/share/interpreter/linkResolver.cpp, line 768]
for thread 0x00007f292c29d800

Events (10 events):
Event: 1,061 loading class sun/net/sdp/SdpProvider
Event: 1,061 loading class sun/net/NetHooks$Provider
Event: 1,061 loading class sun/net/NetHooks$Provider done
Event: 1,061 loading class sun/net/sdp/SdpProvider done
Event: 1,065 loading class java/net/Socket$SocketInputStream
Event: 1,065 loading class java/net/Socket$SocketInputStream done
Event: 1,065 loading class sun/nio/ch/NioSocketImpl$1
Event: 1,065 loading class sun/nio/ch/NioSocketImpl$1 done
Event: 1,065 loading class sun/nio/cs/US_ASCII$Decoder
Event: 1,065 loading class sun/nio/cs/US_ASCII$Decoder done


Dynamic libraries:
b0000000-b5000000 rw-p 00000000 00:00 0 
b5000000-100000000 ---p 00000000 00:00 0 
100000000-1000c0000 rw-p 00000000 00:00 0 
1000c0000-140000000 ---p 00000000 00:00 0 
55f41f3ba000-55f41f3bb000 r-xp 00000000 08:01 2499664                    /home/dmitry/Downloads/LOOM/loom/build/linux-x86_64-server-release/jdk/bin/java
55f41f5bb000-55f41f5bc000 r--p 00001000 08:01 2499664                    /home/dmitry/Downloads/LOOM/loom/build/linux-x86_64-server-release/jdk/bin/java
55f41f5bc000-55f41f5bd000 rw-p 00002000 08:01 2499664                    /home/dmitry/Downloads/LOOM/loom/build/linux-x86_64-server-release/jdk/bin/java
55f4214d2000-55f4214f3000 rw-p 00000000 00:00 0                          [heap]
7f28c8000000-7f28c8021000 rw-p 00000000 00:00 0 
7f28c8021000-7f28cc000000 ---p 00000000 00:00 0 
7f28cc000000-7f28cc021000 rw-p 00000000 00:00 0 
7f28cc021000-7f28d0000000 ---p 00000000 00:00 0 
7f28d0000000-7f28d0021000 rw-p 00000000 00:00 0 
7f28d0021000-7f28d4000000 ---p 00000000 00:00 0 
7f28d4000000-7f28d4032000 rw-p 00000000 00:00 0 
7f28d4032000-7f28d8000000 ---p 00000000 00:00 0 
7f28d8000000-7f28d82a8000 rw-p 00000000 00:00 0 
7f28d82a8000-7f28dc000000 ---p 00000000 00:00 0 
7f28dc000000-7f28dc021000 rw-p 00000000 00:00 0 
7f28dc021000-7f28e0000000 ---p 00000000 00:00 0 
7f28e0000000-7f28e0021000 rw-p 00000000 00:00 0 
7f28e0021000-7f28e4000000 ---p 00000000 00:00 0 
7f28e4000000-7f28e4021000 rw-p 00000000 00:00 0 
7f28e4021000-7f28e8000000 ---p 00000000 00:00 0 
7f28e8000000-7f28e83f8000 rw-p 00000000 00:00 0 
7f28e83f8000-7f28ec000000 ---p 00000000 00:00 0 
7f28ec000000-7f28ec19c000 rw-p 00000000 00:00 0 
7f28ec19c000-7f28f0000000 ---p 00000000 00:00 0 
7f28f0000000-7f28f0021000 rw-p 00000000 00:00 0 
7f28f0021000-7f28f4000000 ---p 00000000 00:00 0 
7f28f4000000-7f28f4021000 rw-p 00000000 00:00 0 
7f28f4021000-7f28f8000000 ---p 00000000 00:00 0 
7f28faacc000-7f28faec7000 rw-p 00000000 00:00 0 
7f28faec7000-7f28faec9000 r-xp 00000000 08:01 2766476                    /home/dmitry/Downloads/LOOM/loom/build/linux-x86_64-server-release/jdk/lib/libextnet.so
7f28faec9000-7f28fb0c8000 ---p 00002000 08:01 2766476                    /home/dmitry/Downloads/LOOM/loom/build/linux-x86_64-server-release/jdk/lib/libextnet.so
7f28fb0c8000-7f28fb0c9000 r--p 00001000 08:01 2766476                    /home/dmitry/Downloads/LOOM/loom/build/linux-x86_64-server-release/jdk/lib/libextnet.so
7f28fb0c9000-7f28fb0ca000 rw-p 00002000 08:01 2766476                    /home/dmitry/Downloads/LOOM/loom/build/linux-x86_64-server-release/jdk/lib/libextnet.so
7f28fb0ca000-7f28fb0ce000 ---p 00000000 00:00 0 
7f28fb0ce000-7f28fb1cb000 rw-p 00000000 00:00 0 
7f28fb1cb000-7f28fb1cf000 ---p 00000000 00:00 0 
7f28fb1cf000-7f28fb2cc000 rw-p 00000000 00:00 0 
7f28fb2cc000-7f28fb2d0000 ---p 00000000 00:00 0 
7f28fb2d0000-7f28fb3cd000 rw-p 00000000 00:00 0 
7f28fb3cd000-7f28fb3ce000 ---p 00000000 00:00 0 
7f28fb3ce000-7f28fb4cf000 rw-p 00000000 00:00 0 
7f28fb4cf000-7f28fb4d3000 ---p 00000000 00:00 0 
7f28fb4d3000-7f28fb5d0000 rw-p 00000000 00:00 0 
7f28fb5d0000-7f28fb5d4000 ---p 00000000 00:00 0 
7f28fb5d4000-7f28fb6d1000 rw-p 00000000 00:00 0 
7f28fb6d1000-7f28fb6d5000 ---p 00000000 00:00 0 
7f28fb6d5000-7f28fb7d2000 rw-p 00000000 00:00 0 
7f28fb7d2000-7f28fb7e8000 r-xp 00000000 08:01 2766080                    /home/dmitry/Downloads/LOOM/loom/build/linux-x86_64-server-release/jdk/lib/libnet.so
7f28fb7e8000-7f28fb9e8000 ---p 00016000 08:01 2766080                    /home/dmitry/Downloads/LOOM/loom/build/linux-x86_64-server-release/jdk/lib/libnet.so
7f28fb9e8000-7f28fb9e9000 r--p 00016000 08:01 2766080                    /home/dmitry/Downloads/LOOM/loom/build/linux-x86_64-server-release/jdk/lib/libnet.so
7f28fb9e9000-7f28fb9ea000 rw-p 00017000 08:01 2766080                    /home/dmitry/Downloads/LOOM/loom/build/linux-x86_64-server-release/jdk/lib/libnet.so
7f28fb9ea000-7f28fb9fb000 r-xp 00000000 08:01 2766082                    /home/dmitry/Downloads/LOOM/loom/build/linux-x86_64-server-release/jdk/lib/libnio.so
7f28fb9fb000-7f28fbbfa000 ---p 00011000 08:01 2766082                    /home/dmitry/Downloads/LOOM/loom/build/linux-x86_64-server-release/jdk/lib/libnio.so
7f28fbbfa000-7f28fbbfb000 r--p 00010000 08:01 2766082                    /home/dmitry/Downloads/LOOM/loom/build/linux-x86_64-server-release/jdk/lib/libnio.so
7f28fbbfb000-7f28fbbfc000 rw-p 00011000 08:01 2766082                    /home/dmitry/Downloads/LOOM/loom/build/linux-x86_64-server-release/jdk/lib/libnio.so
7f28fbbfc000-7f28fbc00000 ---p 00000000 00:00 0 
7f28fbc00000-7f28fbcfd000 rw-p 00000000 00:00 0 
7f28fbcfd000-7f28fbd01000 ---p 00000000 00:00 0 
7f28fbd01000-7f28fbdfe000 rw-p 00000000 00:00 0 
7f28fbdfe000-7f28fbe02000 ---p 00000000 00:00 0 
7f28fbe02000-7f28fbeff000 rw-p 00000000 00:00 0 
7f28fbeff000-7f28fbf03000 ---p 00000000 00:00 0 
7f28fbf03000-7f28fc000000 rw-p 00000000 00:00 0 
7f28fc000000-7f28fc021000 rw-p 00000000 00:00 0 
7f28fc021000-7f2900000000 ---p 00000000 00:00 0 
7f2900000000-7f2900021000 rw-p 00000000 00:00 0 
7f2900021000-7f2904000000 ---p 00000000 00:00 0 
7f2904000000-7f2904021000 rw-p 00000000 00:00 0 
7f2904021000-7f2908000000 ---p 00000000 00:00 0 
7f2908000000-7f2908021000 rw-p 00000000 00:00 0 
7f2908021000-7f290c000000 ---p 00000000 00:00 0 
7f290c000000-7f290c021000 rw-p 00000000 00:00 0 
7f290c021000-7f2910000000 ---p 00000000 00:00 0 
7f2910000000-7f2910021000 rw-p 00000000 00:00 0 
7f2910021000-7f2914000000 ---p 00000000 00:00 0 
7f2914000000-7f2914021000 rw-p 00000000 00:00 0 
7f2914021000-7f2918000000 ---p 00000000 00:00 0 
7f2918018000-7f2918049000 rw-p 00000000 00:00 0 
7f2918049000-7f2918a18000 r--p 00000000 08:01 10230401                   /usr/lib/locale/locale-archive
7f2918a18000-7f2918a1c000 ---p 00000000 00:00 0 
7f2918a1c000-7f2918b19000 rw-p 00000000 00:00 0 
7f2918b19000-7f2918b1d000 ---p 00000000 00:00 0 
7f2918b1d000-7f2918c1a000 rw-p 00000000 00:00 0 
7f2918c1a000-7f2918c1b000 ---p 00000000 00:00 0 
7f2918c1b000-7f29194b8000 rw-p 00000000 00:00 0 
7f29194b8000-7f29195f8000 ---p 00000000 00:00 0 
7f29195f8000-7f29195f9000 ---p 00000000 00:00 0 
7f29195f9000-7f29196fa000 rw-p 00000000 00:00 0 
7f29196fa000-7f29196fb000 ---p 00000000 00:00 0 
7f29196fb000-7f291bd40000 rw-p 00000000 00:00 0 
7f291bd40000-7f291d000000 ---p 00000000 00:00 0 
7f291d000000-7f291d270000 rwxp 00000000 00:00 0 
7f291d270000-7f291d590000 ---p 00000000 00:00 0 
7f291d590000-7f291d800000 rwxp 00000000 00:00 0 
7f291d800000-7f2924ac8000 ---p 00000000 00:00 0 
7f2924ac8000-7f2924d38000 rwxp 00000000 00:00 0 
7f2924d38000-7f292c000000 ---p 00000000 00:00 0 
7f292c000000-7f292c2ad000 rw-p 00000000 00:00 0 
7f292c2ad000-7f2930000000 ---p 00000000 00:00 0 
7f2930013000-7f2930014000 ---p 00000000 00:00 0 
7f2930014000-7f2930115000 rw-p 00000000 00:00 0 
7f2930115000-7f2930116000 ---p 00000000 00:00 0 
7f2930116000-7f2930217000 rw-p 00000000 00:00 0 
7f2930217000-7f2930218000 ---p 00000000 00:00 0 
7f2930218000-7f2930459000 rw-p 00000000 00:00 0 
7f2930459000-7f2931719000 ---p 00000000 00:00 0 
7f2931719000-7f2931741000 rw-p 00000000 00:00 0 
7f2931741000-7f2931999000 ---p 00000000 00:00 0 
7f2931999000-7f29319c1000 rw-p 00000000 00:00 0 
7f29319c1000-7f2931c19000 ---p 00000000 00:00 0 
7f2931c19000-7f2931c41000 rw-p 00000000 00:00 0 
7f2931c41000-7f2931e99000 ---p 00000000 00:00 0 
7f2931e99000-7f29322a2000 rw-p 00000000 00:00 0 
7f29322a2000-7f2932388000 ---p 00000000 00:00 0 
7f2932388000-7f293238d000 rw-p 00000000 00:00 0 
7f293238d000-7f2932473000 ---p 00000000 00:00 0 
7f2932473000-7f293248e000 r-xp 00000000 08:01 2766076                    /home/dmitry/Downloads/LOOM/loom/build/linux-x86_64-server-release/jdk/lib/libjimage.so
7f293248e000-7f293268d000 ---p 0001b000 08:01 2766076                    /home/dmitry/Downloads/LOOM/loom/build/linux-x86_64-server-release/jdk/lib/libjimage.so
7f293268d000-7f293268f000 r--p 0001a000 08:01 2766076                    /home/dmitry/Downloads/LOOM/loom/build/linux-x86_64-server-release/jdk/lib/libjimage.so
7f293268f000-7f2932690000 rw-p 0001c000 08:01 2766076                    /home/dmitry/Downloads/LOOM/loom/build/linux-x86_64-server-release/jdk/lib/libjimage.so
7f2932690000-7f2932697000 r-xp 00000000 08:01 2766075                    /home/dmitry/Downloads/LOOM/loom/build/linux-x86_64-server-release/jdk/lib/libzip.so
7f2932697000-7f2932896000 ---p 00007000 08:01 2766075                    /home/dmitry/Downloads/LOOM/loom/build/linux-x86_64-server-release/jdk/lib/libzip.so
7f2932896000-7f2932897000 r--p 00006000 08:01 2766075                    /home/dmitry/Downloads/LOOM/loom/build/linux-x86_64-server-release/jdk/lib/libzip.so
7f2932897000-7f2932898000 rw-p 00007000 08:01 2766075                    /home/dmitry/Downloads/LOOM/loom/build/linux-x86_64-server-release/jdk/lib/libzip.so
7f2932898000-7f29328a3000 r-xp 00000000 08:01 1184572                    /lib/x86_64-linux-gnu/libnss_files-2.27.so
7f29328a3000-7f2932aa2000 ---p 0000b000 08:01 1184572                    /lib/x86_64-linux-gnu/libnss_files-2.27.so
7f2932aa2000-7f2932aa3000 r--p 0000a000 08:01 1184572                    /lib/x86_64-linux-gnu/libnss_files-2.27.so
7f2932aa3000-7f2932aa4000 rw-p 0000b000 08:01 1184572                    /lib/x86_64-linux-gnu/libnss_files-2.27.so
7f2932aa4000-7f2932aaa000 rw-p 00000000 00:00 0 
7f2932aaa000-7f2932ac1000 r-xp 00000000 08:01 1184566                    /lib/x86_64-linux-gnu/libnsl-2.27.so
7f2932ac1000-7f2932cc0000 ---p 00017000 08:01 1184566                    /lib/x86_64-linux-gnu/libnsl-2.27.so
7f2932cc0000-7f2932cc1000 r--p 00016000 08:01 1184566                    /lib/x86_64-linux-gnu/libnsl-2.27.so
7f2932cc1000-7f2932cc2000 rw-p 00017000 08:01 1184566                    /lib/x86_64-linux-gnu/libnsl-2.27.so
7f2932cc2000-7f2932cc4000 rw-p 00000000 00:00 0 
7f2932cc4000-7f2932ccf000 r-xp 00000000 08:01 1184583                    /lib/x86_64-linux-gnu/libnss_nis-2.27.so
7f2932ccf000-7f2932ece000 ---p 0000b000 08:01 1184583                    /lib/x86_64-linux-gnu/libnss_nis-2.27.so
7f2932ece000-7f2932ecf000 r--p 0000a000 08:01 1184583                    /lib/x86_64-linux-gnu/libnss_nis-2.27.so
7f2932ecf000-7f2932ed0000 rw-p 0000b000 08:01 1184583                    /lib/x86_64-linux-gnu/libnss_nis-2.27.so
7f2932ed0000-7f2932ed8000 r-xp 00000000 08:01 1184568                    /lib/x86_64-linux-gnu/libnss_compat-2.27.so
7f2932ed8000-7f29330d8000 ---p 00008000 08:01 1184568                    /lib/x86_64-linux-gnu/libnss_compat-2.27.so
7f29330d8000-7f29330d9000 r--p 00008000 08:01 1184568                    /lib/x86_64-linux-gnu/libnss_compat-2.27.so
7f29330d9000-7f29330da000 rw-p 00009000 08:01 1184568                    /lib/x86_64-linux-gnu/libnss_compat-2.27.so
7f29330da000-7f2933103000 r-xp 00000000 08:01 2766074                    /home/dmitry/Downloads/LOOM/loom/build/linux-x86_64-server-release/jdk/lib/libjava.so
7f2933103000-7f2933302000 ---p 00029000 08:01 2766074                    /home/dmitry/Downloads/LOOM/loom/build/linux-x86_64-server-release/jdk/lib/libjava.so
7f2933302000-7f2933303000 r--p 00028000 08:01 2766074                    /home/dmitry/Downloads/LOOM/loom/build/linux-x86_64-server-release/jdk/lib/libjava.so
7f2933303000-7f2933305000 rw-p 00029000 08:01 2766074                    /home/dmitry/Downloads/LOOM/loom/build/linux-x86_64-server-release/jdk/lib/libjava.so
7f2933305000-7f2933312000 r-xp 00000000 08:01 2766068                    /home/dmitry/Downloads/LOOM/loom/build/linux-x86_64-server-release/jdk/lib/libverify.so
7f2933312000-7f2933511000 ---p 0000d000 08:01 2766068                    /home/dmitry/Downloads/LOOM/loom/build/linux-x86_64-server-release/jdk/lib/libverify.so
7f2933511000-7f2933513000 r--p 0000c000 08:01 2766068                    /home/dmitry/Downloads/LOOM/loom/build/linux-x86_64-server-release/jdk/lib/libverify.so
7f2933513000-7f2933514000 rw-p 0000e000 08:01 2766068                    /home/dmitry/Downloads/LOOM/loom/build/linux-x86_64-server-release/jdk/lib/libverify.so
7f2933514000-7f29336b1000 r-xp 00000000 08:01 1184545                    /lib/x86_64-linux-gnu/libm-2.27.so
7f29336b1000-7f29338b0000 ---p 0019d000 08:01 1184545                    /lib/x86_64-linux-gnu/libm-2.27.so
7f29338b0000-7f29338b1000 r--p 0019c000 08:01 1184545                    /lib/x86_64-linux-gnu/libm-2.27.so
7f29338b1000-7f29338b2000 rw-p 0019d000 08:01 1184545                    /lib/x86_64-linux-gnu/libm-2.27.so
7f29338b2000-7f2934bde000 r-xp 00000000 08:01 2766065                    /home/dmitry/Downloads/LOOM/loom/build/linux-x86_64-server-release/jdk/lib/server/libjvm.so
7f2934bde000-7f2934ddd000 ---p 0132c000 08:01 2766065                    /home/dmitry/Downloads/LOOM/loom/build/linux-x86_64-server-release/jdk/lib/server/libjvm.so
7f2934ddd000-7f2934ea5000 r--p 0132b000 08:01 2766065                    /home/dmitry/Downloads/LOOM/loom/build/linux-x86_64-server-release/jdk/lib/server/libjvm.so
7f2934ea5000-7f2934ee0000 rw-p 013f3000 08:01 2766065                    /home/dmitry/Downloads/LOOM/loom/build/linux-x86_64-server-release/jdk/lib/server/libjvm.so
7f2934ee0000-7f2934f66000 rw-p 00000000 00:00 0 
7f2934f66000-7f2934f80000 r-xp 00000000 08:01 1184615                    /lib/x86_64-linux-gnu/libpthread-2.27.so
7f2934f80000-7f293517f000 ---p 0001a000 08:01 1184615                    /lib/x86_64-linux-gnu/libpthread-2.27.so
7f293517f000-7f2935180000 r--p 00019000 08:01 1184615                    /lib/x86_64-linux-gnu/libpthread-2.27.so
7f2935180000-7f2935181000 rw-p 0001a000 08:01 1184615                    /lib/x86_64-linux-gnu/libpthread-2.27.so
7f2935181000-7f2935185000 rw-p 00000000 00:00 0 
7f2935185000-7f2935188000 r-xp 00000000 08:01 1184505                    /lib/x86_64-linux-gnu/libdl-2.27.so
7f2935188000-7f2935387000 ---p 00003000 08:01 1184505                    /lib/x86_64-linux-gnu/libdl-2.27.so
7f2935387000-7f2935388000 r--p 00002000 08:01 1184505                    /lib/x86_64-linux-gnu/libdl-2.27.so
7f2935388000-7f2935389000 rw-p 00003000 08:01 1184505                    /lib/x86_64-linux-gnu/libdl-2.27.so
7f2935389000-7f29353a5000 r-xp 00000000 08:01 1184654                    /lib/x86_64-linux-gnu/libz.so.1.2.11
7f29353a5000-7f29355a4000 ---p 0001c000 08:01 1184654                    /lib/x86_64-linux-gnu/libz.so.1.2.11
7f29355a4000-7f29355a5000 r--p 0001b000 08:01 1184654                    /lib/x86_64-linux-gnu/libz.so.1.2.11
7f29355a5000-7f29355a6000 rw-p 0001c000 08:01 1184654                    /lib/x86_64-linux-gnu/libz.so.1.2.11
7f29355a6000-7f293578d000 r-xp 00000000 08:01 1184482                    /lib/x86_64-linux-gnu/libc-2.27.so
7f293578d000-7f293598d000 ---p 001e7000 08:01 1184482                    /lib/x86_64-linux-gnu/libc-2.27.so
7f293598d000-7f2935991000 r--p 001e7000 08:01 1184482                    /lib/x86_64-linux-gnu/libc-2.27.so
7f2935991000-7f2935993000 rw-p 001eb000 08:01 1184482                    /lib/x86_64-linux-gnu/libc-2.27.so
7f2935993000-7f2935997000 rw-p 00000000 00:00 0 
7f2935997000-7f29359a7000 r-xp 00000000 08:01 2766070                    /home/dmitry/Downloads/LOOM/loom/build/linux-x86_64-server-release/jdk/lib/libjli.so
7f29359a7000-7f2935ba6000 ---p 00010000 08:01 2766070                    /home/dmitry/Downloads/LOOM/loom/build/linux-x86_64-server-release/jdk/lib/libjli.so
7f2935ba6000-7f2935ba7000 r--p 0000f000 08:01 2766070                    /home/dmitry/Downloads/LOOM/loom/build/linux-x86_64-server-release/jdk/lib/libjli.so
7f2935ba7000-7f2935ba8000 rw-p 00010000 08:01 2766070                    /home/dmitry/Downloads/LOOM/loom/build/linux-x86_64-server-release/jdk/lib/libjli.so
7f2935ba8000-7f2935bcf000 r-xp 00000000 08:01 1184454                    /lib/x86_64-linux-gnu/ld-2.27.so
7f2935bfc000-7f2935caf000 rw-p 00000000 00:00 0 
7f2935caf000-7f2935cb6000 ---p 00000000 00:00 0 
7f2935cb6000-7f2935cba000 ---p 00000000 00:00 0 
7f2935cba000-7f2935db9000 rw-p 00000000 00:00 0 
7f2935dc2000-7f2935dca000 rw-s 00000000 08:01 524311                     /tmp/hsperfdata_dmitry/25659
7f2935dca000-7f2935dcb000 ---p 00000000 00:00 0 
7f2935dcb000-7f2935dcc000 r--p 00000000 00:00 0 
7f2935dcc000-7f2935dcd000 ---p 00000000 00:00 0 
7f2935dcd000-7f2935dcf000 rw-p 00000000 00:00 0 
7f2935dcf000-7f2935dd0000 r--p 00027000 08:01 1184454                    /lib/x86_64-linux-gnu/ld-2.27.so
7f2935dd0000-7f2935dd1000 rw-p 00028000 08:01 1184454                    /lib/x86_64-linux-gnu/ld-2.27.so
7f2935dd1000-7f2935dd2000 rw-p 00000000 00:00 0 
7ffdb56da000-7ffdb56fd000 rw-p 00000000 00:00 0                          [stack]
7ffdb5705000-7ffdb5708000 r--p 00000000 00:00 0                          [vvar]
7ffdb5708000-7ffdb570a000 r-xp 00000000 00:00 0                          [vdso]
ffffffffff600000-ffffffffff601000 r-xp 00000000 00:00 0                  [vsyscall]


VM Arguments:
jvm_args: -Didea.launcher.port=26637 -Didea.launcher.bin.path=/home/dmitry/Downloads/idea-IC-183.5912.21/bin -Dfile.encoding=UTF-8 
java_command: com.intellij.rt.execution.application.AppMainV2 Main
java_class_path (initial): /home/dmitry/Downloads/LOOM/loom/build/linux-x86_64-server-release/jdk/modules/java.base:/home/dmitry/Downloads/LOOM/loom/build/linux-x86_64-server-release/jdk/modules/java.compiler:/home/dmitry/Downloads/LOOM/loom/build/linux-x86_64-server-release/jdk/modules/java.datatransfer:/home/dmitry/Downloads/LOOM/loom/build/linux-x86_64-server-release/jdk/modules/java.desktop:/home/dmitry/Downloads/LOOM/loom/build/linux-x86_64-server-release/jdk/modules/java.instrument:/home/dmitry/Downloads/LOOM/loom/build/linux-x86_64-server-release/jdk/modules/java.logging:/home/dmitry/Downloads/LOOM/loom/build/linux-x86_64-server-release/jdk/modules/java.management:/home/dmitry/Downloads/LOOM/loom/build/linux-x86_64-server-release/jdk/modules/java.management.rmi:/home/dmitry/Downloads/LOOM/loom/build/linux-x86_64-server-release/jdk/modules/java.naming:/home/dmitry/Downloads/LOOM/loom/build/linux-x86_64-server-release/jdk/modules/java.net.http:/home/dmitry/Downloads/LOOM/loom/build/linux-x86_64-server-release/jdk/modules/java.prefs:/home/dmitry/Downloads/LOOM/loom/build/linux-x86_64-server-release/jdk/modules/java.rmi:/home/dmitry/Downloads/LOOM/loom/build/linux-x86_64-server-release/jdk/modules/java.scripting:/home/dmitry/Downloads/LOOM/loom/build/linux-x86_64-server-release/jdk/modules/java.se:/home/dmitry/Downloads/LOOM/loom/build/linux-x86_64-server-release/jdk/modules/java.security.jgss:/home/dmitry/Downloads/LOOM/loom/build/linux-x86_64-server-release/jdk/modules/java.security.sasl:/home/dmitry/Downloads/LOOM/loom/build/linux-x86_64-server-release/jdk/modules/java.smartcardio:/home/dmitry/Downloads/LOOM/loom/build/linux-x86_64-server-release/jdk/modules/java.sql:/home/dmitry/Downloads/LOOM/loom/build/linux-x86_64-server-release/jdk/modules/java.sql.rowset:/home/dmitry/Downloads/LOOM/loom/build/linux-x86_64-server-release/jdk/modules/java.transaction.xa:/home/dmitry/Downloads/LOOM/loom/build/linux-x86_64-server-release/jdk/modules/java.xml:/home/dmitry/D
Launcher Type: SUN_STANDARD

[Global flags]
     intx CICompilerCount                          = 3                                         {product} {ergonomic}
     uint ConcGCThreads                            = 1                                         {product} {ergonomic}
     uint G1ConcRefinementThreads                  = 4                                         {product} {ergonomic}
   size_t G1HeapRegionSize                         = 1048576                                   {product} {ergonomic}
    uintx GCDrainStackTargetSize                   = 64                                        {product} {ergonomic}
   size_t InitialHeapSize                          = 83886080                                  {product} {ergonomic}
   size_t MarkStackSize                            = 4194304                                   {product} {ergonomic}
   size_t MaxHeapSize                              = 1342177280                                {product} {ergonomic}
   size_t MaxNewSize                               = 805306368                                 {product} {ergonomic}
   size_t MinHeapDeltaBytes                        = 1048576                                   {product} {ergonomic}
    uintx NonNMethodCodeHeapSize                   = 5830732                                {pd product} {ergonomic}
    uintx NonProfiledCodeHeapSize                  = 122913754                              {pd product} {ergonomic}
    uintx ProfiledCodeHeapSize                     = 122913754                              {pd product} {ergonomic}
    uintx ReservedCodeCacheSize                    = 251658240                              {pd product} {ergonomic}
     bool SegmentedCodeCache                       = true                                      {product} {ergonomic}
     bool UseCompressedClassPointers               = true                                 {lp64_product} {ergonomic}
     bool UseCompressedOops                        = true                                 {lp64_product} {ergonomic}
     bool UseG1GC                                  = true                                      {product} {ergonomic}

Logging:
Log output configuration:
 #0: stdout all=warning uptime,level,tags
 #1: stderr all=off uptime,level,tags

Environment Variables:
JAVA_HOME=/home/dmitry/usr/local/java/jdk1.8.0
PATH=/bin:/bin:/usr/local/sbin:/usr/local/bin:/usr/sbin:/usr/bin:/sbin:/bin:/usr/games:/usr/local/games:/snap/bin
USERNAME=dmitry
SHELL=/bin/bash
DISPLAY=:0

Signal Handlers:
SIGSEGV: [libjvm.so+0xfe3770], sa_mask[0]=11111111011111111101111111111110, sa_flags=SA_RESTART|SA_SIGINFO
SIGBUS: [libjvm.so+0xfe3770], sa_mask[0]=11111111011111111101111111111110, sa_flags=SA_RESTART|SA_SIGINFO
SIGFPE: [libjvm.so+0xfe3770], sa_mask[0]=11111111011111111101111111111110, sa_flags=SA_RESTART|SA_SIGINFO
SIGPIPE: [libjvm.so+0xc80ff0], sa_mask[0]=11111111011111111101111111111110, sa_flags=SA_RESTART|SA_SIGINFO
SIGXFSZ: [libjvm.so+0xc80ff0], sa_mask[0]=11111111011111111101111111111110, sa_flags=SA_RESTART|SA_SIGINFO
SIGILL: [libjvm.so+0xfe3770], sa_mask[0]=11111111011111111101111111111110, sa_flags=SA_RESTART|SA_SIGINFO
SIGUSR2: [libjvm.so+0xc80e90], sa_mask[0]=00100000000000000000000000000000, sa_flags=SA_RESTART|SA_SIGINFO
SIGHUP: [libjvm.so+0xc81490], sa_mask[0]=11111111011111111101111111111110, sa_flags=SA_RESTART|SA_SIGINFO
SIGINT: [libjvm.so+0xc81490], sa_mask[0]=11111111011111111101111111111110, sa_flags=SA_RESTART|SA_SIGINFO
SIGTERM: [libjvm.so+0xc81490], sa_mask[0]=11111111011111111101111111111110, sa_flags=SA_RESTART|SA_SIGINFO
SIGQUIT: [libjvm.so+0xc81490], sa_mask[0]=11111111011111111101111111111110, sa_flags=SA_RESTART|SA_SIGINFO


---------------  S Y S T E M  ---------------

OS:DISTRIB_ID=Ubuntu
DISTRIB_RELEASE=18.04
DISTRIB_CODENAME=bionic
DISTRIB_DESCRIPTION="Ubuntu 18.04.2 LTS"
uname:Linux 4.18.0-18-generic #19~18.04.1-Ubuntu SMP Fri Apr 5 10:22:13 UTC 2019 x86_64
libc:glibc 2.27 NPTL 2.27 
rlimit: STACK 8192k, CORE 0k, NPROC 20276, NOFILE 4096, AS infinity, DATA infinity, FSIZE infinity
load average:2,24 3,57 4,52

/proc/meminfo:
MemTotal:        5234996 kB
MemFree:          506128 kB
MemAvailable:    2883504 kB
Buffers:           52840 kB
Cached:          2604452 kB
SwapCached:        52124 kB
Active:          2196800 kB
Inactive:        2231604 kB
Active(anon):    1230692 kB
Inactive(anon):   683648 kB
Active(file):     966108 kB
Inactive(file):  1547956 kB
Unevictable:          32 kB
Mlocked:              32 kB
SwapTotal:       2097148 kB
SwapFree:        1755376 kB
Dirty:             12568 kB
Writeback:             0 kB
AnonPages:       1759080 kB
Mapped:           277388 kB
Shmem:            143216 kB
Slab:             185884 kB
SReclaimable:     140644 kB
SUnreclaim:        45240 kB
KernelStack:       11824 kB
PageTables:        39124 kB
NFS_Unstable:          0 kB
Bounce:                0 kB
WritebackTmp:          0 kB
CommitLimit:     4714644 kB
Committed_AS:    5715092 kB
VmallocTotal:   34359738367 kB
VmallocUsed:           0 kB
VmallocChunk:          0 kB
HardwareCorrupted:     0 kB
AnonHugePages:         0 kB
ShmemHugePages:        0 kB
ShmemPmdMapped:        0 kB
CmaTotal:              0 kB
CmaFree:               0 kB
HugePages_Total:       0
HugePages_Free:        0
HugePages_Rsvd:        0
HugePages_Surp:        0
Hugepagesize:       2048 kB
Hugetlb:               0 kB
DirectMap4k:      159680 kB
DirectMap2M:     5251072 kB


/proc/sys/kernel/threads-max (system-wide limit on the number of threads):
40552


/proc/sys/vm/max_map_count (maximum number of memory map areas a process may have):
65530


/proc/sys/kernel/pid_max (system-wide limit on number of process identifiers):
32768



container (cgroup) information:
container_type: cgroupv1
cpu_cpuset_cpus: 0-3
cpu_memory_nodes: 0
active_processor_count: 4
cpu_quota: no quota
cpu_period: 100000
cpu_shares: no shares
memory_limit_in_bytes: unlimited
memory_and_swap_limit_in_bytes: not supported
memory_soft_limit_in_bytes: unlimited
memory_usage_in_bytes: 4530761728
memory_max_usage_in_bytes: unlimited

KVM virtualization detected
Steal ticks since vm start: 0
Steal ticks percentage since vm start:  0,000

CPU:total 4 (initial active 4) (4 cores per cpu, 1 threads per core) family 6 model 60 stepping 3, cmov, cx8, fxsr, mmx, sse, sse2, sse3, ssse3, sse4.1, sse4.2, popcnt, avx, avx2, aes, clmul, lzcnt, tsc, tscinvbit
CPU Model and flags from /proc/cpuinfo:
model name	: Intel(R) Core(TM) i7-4700HQ CPU @ 2.40GHz
flags		: fpu vme de pse tsc msr pae mce cx8 apic sep mtrr pge mca cmov pat pse36 clflush mmx fxsr sse sse2 ht syscall nx rdtscp lm constant_tsc rep_good nopl xtopology nonstop_tsc cpuid tsc_known_freq pni pclmulqdq ssse3 cx16 pcid sse4_1 sse4_2 x2apic movbe popcnt aes xsave avx rdrand hypervisor lahf_lm abm invpcid_single pti fsgsbase avx2 invpcid flush_l1d

Memory: 4k page, physical 5234996k(506128k free), swap 2097148k(1755376k free)

vm_info: OpenJDK 64-Bit Server VM (13-internal+0-adhoc.dmitry.loom) for linux-amd64 JRE (13-internal+0-adhoc.dmitry.loom), built on May 12 2019 23:19:11 by "dmitry" with gcc 7.4.0

END.
