#
# A fatal error has been detected by the Java Runtime Environment:
#
#  SIGSEGV (0xb) at pc=0x00007f0d45edcf7a, pid=19013, tid=19037
#
# JRE version: OpenJDK Runtime Environment (13.0) (build 13-internal+0-adhoc.dmitry.loom)
# Java VM: OpenJDK 64-Bit Server VM (13-internal+0-adhoc.dmitry.loom, mixed mode, tiered, compressed oops, g1 gc, linux-amd64)
# Problematic frame:
# V  [libjvm.so+0x683f7a]  ContMirror::read()+0x1a
#
# Core dump will be written. Default location: Core dumps may be processed with "/usr/share/apport/apport %p %s %c %d %P" (or dumping to /home/dmitry/Downloads/LoadDetector/core.19013)
#
# If you would like to submit a bug report, please visit:
#   http://bugreport.java.com/bugreport/crash.jsp
#

---------------  S U M M A R Y ------------

Command Line: -Didea.launcher.port=18005 -Didea.launcher.bin.path=/home/dmitry/Downloads/idea-IC-183.5912.21/bin -Dfile.encoding=UTF-8 com.intellij.rt.execution.application.AppMainV2 NewMain

Host: Intel(R) Core(TM) i7-4700HQ CPU @ 2.40GHz, 4 cores, 4G, Ubuntu 18.04.2 LTS
Time: Sun May 26 00:46:02 2019 MSK elapsed time: 2 seconds (0d 0h 0m 2s)

---------------  T H R E A D  ---------------

Current thread (0x00007f0d402ef800):  JavaThread "Timer-0" daemon [_thread_in_vm, id=19037, stack(0x00007f0d1cb1d000,0x00007f0d1cc1e000)]

Stack: [0x00007f0d1cb1d000,0x00007f0d1cc1e000],  sp=0x00007f0d1cc1a110,  free space=1012k
Native frames: (J=compiled Java code, A=aot compiled Java code, j=interpreted, Vv=VM code, C=native code)
V  [libjvm.so+0x683f7a]  ContMirror::read()+0x1a
V  [libjvm.so+0x688cec]  Continuation::freeze0(JavaThread*, FrameInfo*, bool) [clone .part.305]+0x52c
V  [libjvm.so+0x689437]  Continuation::freeze(JavaThread*, FrameInfo*)+0x127
v  ~RuntimeStub::cont_doYield
C  0x00007f0d1cc1c7a8
j  java.lang.Continuation.myPause(Ljava/lang/ContinuationScope;)Z+3 java.base
j  balancer.Balancer$1.run()V+48
j  java.util.TimerThread.mainLoop()V+221 java.base
j  java.util.TimerThread.run()V+1 java.base
v  ~StubRoutines::call_stub
V  [libjvm.so+0x8bd249]  JavaCalls::call_helper(JavaValue*, methodHandle const&, JavaCallArguments*, Thread*)+0x3c9
V  [libjvm.so+0x8bb265]  JavaCalls::call_virtual(JavaValue*, Handle, Klass*, Symbol*, Symbol*, Thread*)+0x1e5
V  [libjvm.so+0x9660dc]  thread_entry(JavaThread*, Thread*)+0x6c
V  [libjvm.so+0xf73b92]  JavaThread::run()+0x232
V  [libjvm.so+0xf7190d]  Thread::call_run()+0x10d
V  [libjvm.so+0xc8bc77]  thread_native_entry(Thread*)+0xe7

Java frames: (J=compiled Java code, j=interpreted, Vv=VM code)
v  ~RuntimeStub::cont_doYield
j  java.lang.Continuation.yield0(Ljava/lang/ContinuationScope;Ljava/lang/Continuation;)Z+60 java.base
j  java.lang.Continuation.myPause(Ljava/lang/ContinuationScope;)Z+3 java.base
j  balancer.Balancer$1.run()V+48
j  java.util.TimerThread.mainLoop()V+221 java.base
j  java.util.TimerThread.run()V+1 java.base
v  ~StubRoutines::call_stub

siginfo: si_signo: 11 (SIGSEGV), si_code: 1 (SEGV_MAPERR), si_addr: 0x0000000000000020

Register to memory mapping:

RAX=0x0000000000000020 is an unknown value
RBX=0x00007f0d1cc1b4c0 is pointing into the stack for thread: 0x00007f0d402ef800
RCX=0x00007f0d31013c98 is pointing into interpreter code (not bytecode specific)
RDX=0x0 is NULL
RSP=0x00007f0d1cc1a110 is pointing into the stack for thread: 0x00007f0d402ef800
RBP=0x00007f0d1cc1a120 is pointing into the stack for thread: 0x00007f0d402ef800
RSI=0x00007f0d30921a65 points into unknown readable memory: 20 20 20
RDI=0x0 is NULL
R8 =0x00007f0d31000000 points into unknown readable memory: 04 00 00 00 00 00 00 00
R9 =0x000000000000000b is an unknown value
R10=0x0000000000000800 is an unknown value
R11=0x0000000000000400 is an unknown value
R12=0x00007f0d0404d090 points into unknown readable memory: 00 00 00 00 00 00 00 00
R13=0x00007f0d1cc1b4c0 is pointing into the stack for thread: 0x00007f0d402ef800
R14=0x00007f0d1cc1c780 is pointing into the stack for thread: 0x00007f0d402ef800
R15=0x00007f0d402f00c0 points into unknown readable memory: 02 00 00 00 00 00 00 00


Registers:
RAX=0x0000000000000020, RBX=0x00007f0d1cc1b4c0, RCX=0x00007f0d31013c98, RDX=0x0000000000000000
RSP=0x00007f0d1cc1a110, RBP=0x00007f0d1cc1a120, RSI=0x00007f0d30921a65, RDI=0x0000000000000000
R8 =0x00007f0d31000000, R9 =0x000000000000000b, R10=0x0000000000000800, R11=0x0000000000000400
R12=0x00007f0d0404d090, R13=0x00007f0d1cc1b4c0, R14=0x00007f0d1cc1c780, R15=0x00007f0d402f00c0
RIP=0x00007f0d45edcf7a, EFLAGS=0x0000000000010202, CSGSFS=0x002b000000000033, ERR=0x0000000000000004
  TRAPNO=0x000000000000000e

Top of Stack: (sp=0x00007f0d1cc1a110)
0x00007f0d1cc1a110:   00007f0d402ef800 00007f0d402ef800
0x00007f0d1cc1a120:   00007f0d1cc1c730 00007f0d45ee1cec
0x00007f0d1cc1a130:   00007f0d402ef800 0000000000000000
0x00007f0d1cc1a140:   0000000000000000 00007f0d1cc1a240 

Instructions: (pc=0x00007f0d45edcf7a)
0x00007f0d45edce7a:   08 48 63 00 89 0c 02 48 8d 05 4c e4 fd 00 48 8b
0x00007f0d45edce8a:   4b 30 48 8b 53 08 48 63 00 48 89 0c 02 48 8d 05
0x00007f0d45edce9a:   2e e4 fd 00 48 8b 53 08 48 8b 4b 38 48 63 00 48
0x00007f0d45edceaa:   89 0c 02 48 8d 05 14 e4 fd 00 8b 4b 60 48 8b 53
0x00007f0d45edceba:   08 48 63 00 89 0c 02 48 8d 05 18 e4 fd 00 48 8b
0x00007f0d45edceca:   53 08 48 8b 4b 10 48 63 00 48 89 0c 02 48 8d 05
0x00007f0d45edceda:   fe e3 fd 00 48 8b 4b 18 48 8b 53 08 48 63 00 48
0x00007f0d45edceea:   89 0c 02 48 8d 05 e4 e3 fd 00 48 63 00 48 8b 53
0x00007f0d45edcefa:   08 48 8b 4b 20 48 89 0c 02 48 8d 05 ee e3 fd 00
0x00007f0d45edcf0a:   48 8b 53 08 48 8b 4b 58 48 63 00 89 0c 02 48 8d
0x00007f0d45edcf1a:   05 a1 e3 fd 00 0f b6 4b 70 48 8b 53 08 48 63 00
0x00007f0d45edcf2a:   88 0c 02 48 8d 05 c0 e3 fd 00 0f b7 4b 74 48 8b
0x00007f0d45edcf3a:   53 08 48 63 00 66 89 0c 02 48 8d 05 a6 e3 fd 00
0x00007f0d45edcf4a:   0f b7 4b 72 48 8b 53 08 48 63 00 66 89 0c 02 48
0x00007f0d45edcf5a:   83 c4 08 5b 5d c3 55 48 89 e5 53 48 89 fb 48 83
0x00007f0d45edcf6a:   ec 08 48 8d 05 6d e3 fd 00 48 8b 7f 08 48 63 00
0x00007f0d45edcf7a:   48 8b 04 38 48 89 43 10 48 8d 05 53 e3 fd 00 48
0x00007f0d45edcf8a:   63 00 48 8b 04 38 48 89 43 18 48 8d 05 3d e3 fd
0x00007f0d45edcf9a:   00 48 63 00 48 8b 04 38 48 89 43 20 48 8d 05 23
0x00007f0d45edcfaa:   e3 fd 00 48 63 00 8b 04 38 89 43 28 48 8d 05 17
0x00007f0d45edcfba:   e3 fd 00 48 63 00 48 8b 04 38 48 89 43 30 48 8d
0x00007f0d45edcfca:   05 fd e2 fd 00 48 63 00 48 8b 04 38 48 89 43 38
0x00007f0d45edcfda:   48 8d 05 1b e3 fd 00 48 63 30 ff 15 56 40 f7 00
0x00007f0d45edcfea:   48 85 c0 48 89 43 40 0f 84 b9 01 00 00 48 8d 15
0x00007f0d45edcffa:   de c7 fd 00 80 3a 01 48 19 c9 83 e1 04 80 3a 01
0x00007f0d45edd00a:   8b 4c 08 0c 48 19 d2 89 4b 48 83 e2 08 48 8d 44
0x00007f0d45edd01a:   10 10 48 89 43 50 48 8d 05 d1 e2 fd 00 48 8b 7b
0x00007f0d45edd02a:   08 48 63 00 48 63 04 07 48 89 43 58 48 8d 05 af
0x00007f0d45edd03a:   e2 fd 00 48 63 30 ff 15 fa 3f f7 00 48 8d 15 7b
0x00007f0d45edd04a:   e2 fd 00 48 89 43 68 48 8b 43 08 48 83 3d d3 ac
0x00007f0d45edd05a:   fb 00 00 48 63 12 8b 14 02 89 53 60 48 8d 15 53
0x00007f0d45edd06a:   e2 fd 00 48 63 12 0f b6 14 02 88 53 70 48 8d 15 


Stack slot to memory mapping:
stack at sp + 0 slots: 0x00007f0d402ef800 is a thread
stack at sp + 1 slots: 0x00007f0d402ef800 is a thread
stack at sp + 2 slots: 0x00007f0d1cc1c730 is pointing into the stack for thread: 0x00007f0d402ef800
stack at sp + 3 slots: 0x00007f0d45ee1cec: <offset 0x0000000000688cec> in /home/dmitry/Downloads/LOOM/loom/build/linux-x86_64-server-release/jdk/lib/server/libjvm.so at 0x00007f0d45859000
stack at sp + 4 slots: 0x00007f0d402ef800 is a thread
stack at sp + 5 slots: 0x0 is NULL
stack at sp + 6 slots: 0x0 is NULL
stack at sp + 7 slots: 0x00007f0d1cc1a240 is pointing into the stack for thread: 0x00007f0d402ef800


---------------  P R O C E S S  ---------------

Threads class SMR info:
_java_thread_list=0x00007f0d402f7150, length=14, elements={
0x00007f0d40016800, 0x00007f0d4013b000, 0x00007f0d4013e000, 0x00007f0d40160800,
0x00007f0d40165000, 0x00007f0d40167000, 0x00007f0d40169000, 0x00007f0d40199800,
0x00007f0d40273000, 0x00007f0d402c5000, 0x00007f0d402ef800, 0x00007f0d402f3000,
0x00007f0d402f4000, 0x00007f0d402f5800
}

Java Threads: ( => current thread )
  0x00007f0d40016800 JavaThread "main" [_thread_blocked, id=19014, stack(0x00007f0d47c5d000,0x00007f0d47d5e000)]
  0x00007f0d4013b000 JavaThread "Reference Handler" daemon [_thread_blocked, id=19023, stack(0x00007f0d2ca91000,0x00007f0d2cb92000)]
  0x00007f0d4013e000 JavaThread "Finalizer" daemon [_thread_blocked, id=19024, stack(0x00007f0d2c990000,0x00007f0d2ca91000)]
  0x00007f0d40160800 JavaThread "Signal Dispatcher" daemon [_thread_blocked, id=19025, stack(0x00007f0d2c88f000,0x00007f0d2c990000)]
  0x00007f0d40165000 JavaThread "C2 CompilerThread0" daemon [_thread_blocked, id=19026, stack(0x00007f0d2c78e000,0x00007f0d2c88f000)]
  0x00007f0d40167000 JavaThread "C1 CompilerThread0" daemon [_thread_blocked, id=19027, stack(0x00007f0d2c68d000,0x00007f0d2c78e000)]
  0x00007f0d40169000 JavaThread "Sweeper thread" daemon [_thread_blocked, id=19028, stack(0x00007f0d2c58c000,0x00007f0d2c68d000)]
  0x00007f0d40199800 JavaThread "Common-Cleaner" daemon [_thread_blocked, id=19030, stack(0x00007f0d2c061000,0x00007f0d2c162000)]
  0x00007f0d40273000 JavaThread "Service Thread" daemon [_thread_blocked, id=19034, stack(0x00007f0d1d42f000,0x00007f0d1d530000)]
  0x00007f0d402c5000 JavaThread "Monitor Ctrl-Break" daemon [_thread_in_native, id=19036, stack(0x00007f0d1d22c000,0x00007f0d1d32d000)]
=>0x00007f0d402ef800 JavaThread "Timer-0" daemon [_thread_in_vm, id=19037, stack(0x00007f0d1cb1d000,0x00007f0d1cc1e000)]
  0x00007f0d402f3000 JavaThread "pool-1-thread-1" [_thread_blocked, id=19040, stack(0x00007f0d1d530000,0x00007f0d1d631000)]
  0x00007f0d402f4000 JavaThread "pool-1-thread-2" [_thread_blocked, id=19041, stack(0x00007f0d1ca1c000,0x00007f0d1cb1d000)]
  0x00007f0d402f5800 JavaThread "pool-1-thread-3" [_thread_in_Java, id=19042, stack(0x00007f0d1c91b000,0x00007f0d1ca1c000)]

Other Threads:
  0x00007f0d4012f000 VMThread "VM Thread" [stack: 0x00007f0d2cb94000,0x00007f0d2cc94000] [id=19022]
  0x00007f0d40277800 WatcherThread [stack: 0x00007f0d1d32f000,0x00007f0d1d42f000] [id=19035]
  0x00007f0d4005a800 GCTaskThread "GC Thread#0" [stack: 0x00007f0d2dd7e000,0x00007f0d2de7e000] [id=19017]
  0x00007f0d40064000 ConcurrentGCThread "G1 Main Marker" [stack: 0x00007f0d2dc7c000,0x00007f0d2dd7c000] [id=19018]
  0x00007f0d40066000 ConcurrentGCThread "G1 Conc#0" [stack: 0x00007f0d2db7a000,0x00007f0d2dc7a000] [id=19019]
  0x00007f0d400ba800 ConcurrentGCThread "G1 Refine#0" [stack: 0x00007f0d2d674000,0x00007f0d2d774000] [id=19020]
  0x00007f0d400bc000 ConcurrentGCThread "G1 Young RemSet Sampling" [stack: 0x00007f0d2d572000,0x00007f0d2d672000] [id=19021]

Threads with active compile tasks:

VM state:not at safepoint (normal execution)

VM Mutex/Monitor currently owned by a thread: None

Heap address: 0x00000000b0000000, size: 1280 MB, Compressed Oops mode: 32-bit
Narrow klass base: 0x0000000000000000, Narrow klass shift: 3
Compressed class space size: 1073741824 Address: 0x0000000100000000

Heap:
 garbage-first heap   total 81920K, used 10240K [0x00000000b0000000, 0x0000000100000000)
  region size 1024K, 11 young (11264K), 0 survivors (0K)
 Metaspace       used 8266K, capacity 8525K, committed 8576K, reserved 1056768K
  class space    used 746K, capacity 846K, committed 896K, reserved 1048576K
Heap Regions: E=young(eden), S=young(survivor), O=old, HS=humongous(starts), HC=humongous(continues), CS=collection set, F=free, A=archive, TAMS=top-at-mark-start (previous, next)
|   0|0x00000000b0000000, 0x00000000b0000000, 0x00000000b0100000|  0%| F|  |TAMS 0x00000000b0000000, 0x00000000b0000000| Untracked 
|   1|0x00000000b0100000, 0x00000000b0100000, 0x00000000b0200000|  0%| F|  |TAMS 0x00000000b0100000, 0x00000000b0100000| Untracked 
|   2|0x00000000b0200000, 0x00000000b0200000, 0x00000000b0300000|  0%| F|  |TAMS 0x00000000b0200000, 0x00000000b0200000| Untracked 
|   3|0x00000000b0300000, 0x00000000b0300000, 0x00000000b0400000|  0%| F|  |TAMS 0x00000000b0300000, 0x00000000b0300000| Untracked 
|   4|0x00000000b0400000, 0x00000000b0400000, 0x00000000b0500000|  0%| F|  |TAMS 0x00000000b0400000, 0x00000000b0400000| Untracked 
|   5|0x00000000b0500000, 0x00000000b0500000, 0x00000000b0600000|  0%| F|  |TAMS 0x00000000b0500000, 0x00000000b0500000| Untracked 
|   6|0x00000000b0600000, 0x00000000b0600000, 0x00000000b0700000|  0%| F|  |TAMS 0x00000000b0600000, 0x00000000b0600000| Untracked 
|   7|0x00000000b0700000, 0x00000000b0700000, 0x00000000b0800000|  0%| F|  |TAMS 0x00000000b0700000, 0x00000000b0700000| Untracked 
|   8|0x00000000b0800000, 0x00000000b0800000, 0x00000000b0900000|  0%| F|  |TAMS 0x00000000b0800000, 0x00000000b0800000| Untracked 
|   9|0x00000000b0900000, 0x00000000b0900000, 0x00000000b0a00000|  0%| F|  |TAMS 0x00000000b0900000, 0x00000000b0900000| Untracked 
|  10|0x00000000b0a00000, 0x00000000b0a00000, 0x00000000b0b00000|  0%| F|  |TAMS 0x00000000b0a00000, 0x00000000b0a00000| Untracked 
|  11|0x00000000b0b00000, 0x00000000b0b00000, 0x00000000b0c00000|  0%| F|  |TAMS 0x00000000b0b00000, 0x00000000b0b00000| Untracked 
|  12|0x00000000b0c00000, 0x00000000b0c00000, 0x00000000b0d00000|  0%| F|  |TAMS 0x00000000b0c00000, 0x00000000b0c00000| Untracked 
|  13|0x00000000b0d00000, 0x00000000b0d00000, 0x00000000b0e00000|  0%| F|  |TAMS 0x00000000b0d00000, 0x00000000b0d00000| Untracked 
|  14|0x00000000b0e00000, 0x00000000b0e00000, 0x00000000b0f00000|  0%| F|  |TAMS 0x00000000b0e00000, 0x00000000b0e00000| Untracked 
|  15|0x00000000b0f00000, 0x00000000b0f00000, 0x00000000b1000000|  0%| F|  |TAMS 0x00000000b0f00000, 0x00000000b0f00000| Untracked 
|  16|0x00000000b1000000, 0x00000000b1000000, 0x00000000b1100000|  0%| F|  |TAMS 0x00000000b1000000, 0x00000000b1000000| Untracked 
|  17|0x00000000b1100000, 0x00000000b1100000, 0x00000000b1200000|  0%| F|  |TAMS 0x00000000b1100000, 0x00000000b1100000| Untracked 
|  18|0x00000000b1200000, 0x00000000b1200000, 0x00000000b1300000|  0%| F|  |TAMS 0x00000000b1200000, 0x00000000b1200000| Untracked 
|  19|0x00000000b1300000, 0x00000000b1300000, 0x00000000b1400000|  0%| F|  |TAMS 0x00000000b1300000, 0x00000000b1300000| Untracked 
|  20|0x00000000b1400000, 0x00000000b1400000, 0x00000000b1500000|  0%| F|  |TAMS 0x00000000b1400000, 0x00000000b1400000| Untracked 
|  21|0x00000000b1500000, 0x00000000b1500000, 0x00000000b1600000|  0%| F|  |TAMS 0x00000000b1500000, 0x00000000b1500000| Untracked 
|  22|0x00000000b1600000, 0x00000000b1600000, 0x00000000b1700000|  0%| F|  |TAMS 0x00000000b1600000, 0x00000000b1600000| Untracked 
|  23|0x00000000b1700000, 0x00000000b1700000, 0x00000000b1800000|  0%| F|  |TAMS 0x00000000b1700000, 0x00000000b1700000| Untracked 
|  24|0x00000000b1800000, 0x00000000b1800000, 0x00000000b1900000|  0%| F|  |TAMS 0x00000000b1800000, 0x00000000b1800000| Untracked 
|  25|0x00000000b1900000, 0x00000000b1900000, 0x00000000b1a00000|  0%| F|  |TAMS 0x00000000b1900000, 0x00000000b1900000| Untracked 
|  26|0x00000000b1a00000, 0x00000000b1a00000, 0x00000000b1b00000|  0%| F|  |TAMS 0x00000000b1a00000, 0x00000000b1a00000| Untracked 
|  27|0x00000000b1b00000, 0x00000000b1b00000, 0x00000000b1c00000|  0%| F|  |TAMS 0x00000000b1b00000, 0x00000000b1b00000| Untracked 
|  28|0x00000000b1c00000, 0x00000000b1c00000, 0x00000000b1d00000|  0%| F|  |TAMS 0x00000000b1c00000, 0x00000000b1c00000| Untracked 
|  29|0x00000000b1d00000, 0x00000000b1d00000, 0x00000000b1e00000|  0%| F|  |TAMS 0x00000000b1d00000, 0x00000000b1d00000| Untracked 
|  30|0x00000000b1e00000, 0x00000000b1e00000, 0x00000000b1f00000|  0%| F|  |TAMS 0x00000000b1e00000, 0x00000000b1e00000| Untracked 
|  31|0x00000000b1f00000, 0x00000000b1f00000, 0x00000000b2000000|  0%| F|  |TAMS 0x00000000b1f00000, 0x00000000b1f00000| Untracked 
|  32|0x00000000b2000000, 0x00000000b2000000, 0x00000000b2100000|  0%| F|  |TAMS 0x00000000b2000000, 0x00000000b2000000| Untracked 
|  33|0x00000000b2100000, 0x00000000b2100000, 0x00000000b2200000|  0%| F|  |TAMS 0x00000000b2100000, 0x00000000b2100000| Untracked 
|  34|0x00000000b2200000, 0x00000000b2200000, 0x00000000b2300000|  0%| F|  |TAMS 0x00000000b2200000, 0x00000000b2200000| Untracked 
|  35|0x00000000b2300000, 0x00000000b2300000, 0x00000000b2400000|  0%| F|  |TAMS 0x00000000b2300000, 0x00000000b2300000| Untracked 
|  36|0x00000000b2400000, 0x00000000b2400000, 0x00000000b2500000|  0%| F|  |TAMS 0x00000000b2400000, 0x00000000b2400000| Untracked 
|  37|0x00000000b2500000, 0x00000000b2500000, 0x00000000b2600000|  0%| F|  |TAMS 0x00000000b2500000, 0x00000000b2500000| Untracked 
|  38|0x00000000b2600000, 0x00000000b2600000, 0x00000000b2700000|  0%| F|  |TAMS 0x00000000b2600000, 0x00000000b2600000| Untracked 
|  39|0x00000000b2700000, 0x00000000b2700000, 0x00000000b2800000|  0%| F|  |TAMS 0x00000000b2700000, 0x00000000b2700000| Untracked 
|  40|0x00000000b2800000, 0x00000000b2800000, 0x00000000b2900000|  0%| F|  |TAMS 0x00000000b2800000, 0x00000000b2800000| Untracked 
|  41|0x00000000b2900000, 0x00000000b2900000, 0x00000000b2a00000|  0%| F|  |TAMS 0x00000000b2900000, 0x00000000b2900000| Untracked 
|  42|0x00000000b2a00000, 0x00000000b2a00000, 0x00000000b2b00000|  0%| F|  |TAMS 0x00000000b2a00000, 0x00000000b2a00000| Untracked 
|  43|0x00000000b2b00000, 0x00000000b2b00000, 0x00000000b2c00000|  0%| F|  |TAMS 0x00000000b2b00000, 0x00000000b2b00000| Untracked 
|  44|0x00000000b2c00000, 0x00000000b2c00000, 0x00000000b2d00000|  0%| F|  |TAMS 0x00000000b2c00000, 0x00000000b2c00000| Untracked 
|  45|0x00000000b2d00000, 0x00000000b2d00000, 0x00000000b2e00000|  0%| F|  |TAMS 0x00000000b2d00000, 0x00000000b2d00000| Untracked 
|  46|0x00000000b2e00000, 0x00000000b2e00000, 0x00000000b2f00000|  0%| F|  |TAMS 0x00000000b2e00000, 0x00000000b2e00000| Untracked 
|  47|0x00000000b2f00000, 0x00000000b2f00000, 0x00000000b3000000|  0%| F|  |TAMS 0x00000000b2f00000, 0x00000000b2f00000| Untracked 
|  48|0x00000000b3000000, 0x00000000b3000000, 0x00000000b3100000|  0%| F|  |TAMS 0x00000000b3000000, 0x00000000b3000000| Untracked 
|  49|0x00000000b3100000, 0x00000000b3100000, 0x00000000b3200000|  0%| F|  |TAMS 0x00000000b3100000, 0x00000000b3100000| Untracked 
|  50|0x00000000b3200000, 0x00000000b3200000, 0x00000000b3300000|  0%| F|  |TAMS 0x00000000b3200000, 0x00000000b3200000| Untracked 
|  51|0x00000000b3300000, 0x00000000b3300000, 0x00000000b3400000|  0%| F|  |TAMS 0x00000000b3300000, 0x00000000b3300000| Untracked 
|  52|0x00000000b3400000, 0x00000000b3400000, 0x00000000b3500000|  0%| F|  |TAMS 0x00000000b3400000, 0x00000000b3400000| Untracked 
|  53|0x00000000b3500000, 0x00000000b3500000, 0x00000000b3600000|  0%| F|  |TAMS 0x00000000b3500000, 0x00000000b3500000| Untracked 
|  54|0x00000000b3600000, 0x00000000b3600000, 0x00000000b3700000|  0%| F|  |TAMS 0x00000000b3600000, 0x00000000b3600000| Untracked 
|  55|0x00000000b3700000, 0x00000000b3700000, 0x00000000b3800000|  0%| F|  |TAMS 0x00000000b3700000, 0x00000000b3700000| Untracked 
|  56|0x00000000b3800000, 0x00000000b3800000, 0x00000000b3900000|  0%| F|  |TAMS 0x00000000b3800000, 0x00000000b3800000| Untracked 
|  57|0x00000000b3900000, 0x00000000b3900000, 0x00000000b3a00000|  0%| F|  |TAMS 0x00000000b3900000, 0x00000000b3900000| Untracked 
|  58|0x00000000b3a00000, 0x00000000b3a00000, 0x00000000b3b00000|  0%| F|  |TAMS 0x00000000b3a00000, 0x00000000b3a00000| Untracked 
|  59|0x00000000b3b00000, 0x00000000b3b00000, 0x00000000b3c00000|  0%| F|  |TAMS 0x00000000b3b00000, 0x00000000b3b00000| Untracked 
|  60|0x00000000b3c00000, 0x00000000b3c00000, 0x00000000b3d00000|  0%| F|  |TAMS 0x00000000b3c00000, 0x00000000b3c00000| Untracked 
|  61|0x00000000b3d00000, 0x00000000b3d00000, 0x00000000b3e00000|  0%| F|  |TAMS 0x00000000b3d00000, 0x00000000b3d00000| Untracked 
|  62|0x00000000b3e00000, 0x00000000b3e00000, 0x00000000b3f00000|  0%| F|  |TAMS 0x00000000b3e00000, 0x00000000b3e00000| Untracked 
|  63|0x00000000b3f00000, 0x00000000b3f00000, 0x00000000b4000000|  0%| F|  |TAMS 0x00000000b3f00000, 0x00000000b3f00000| Untracked 
|  64|0x00000000b4000000, 0x00000000b4000000, 0x00000000b4100000|  0%| F|  |TAMS 0x00000000b4000000, 0x00000000b4000000| Untracked 
|  65|0x00000000b4100000, 0x00000000b4100000, 0x00000000b4200000|  0%| F|  |TAMS 0x00000000b4100000, 0x00000000b4100000| Untracked 
|  66|0x00000000b4200000, 0x00000000b4200000, 0x00000000b4300000|  0%| F|  |TAMS 0x00000000b4200000, 0x00000000b4200000| Untracked 
|  67|0x00000000b4300000, 0x00000000b4300000, 0x00000000b4400000|  0%| F|  |TAMS 0x00000000b4300000, 0x00000000b4300000| Untracked 
|  68|0x00000000b4400000, 0x00000000b4400000, 0x00000000b4500000|  0%| F|  |TAMS 0x00000000b4400000, 0x00000000b4400000| Untracked 
|  69|0x00000000b4500000, 0x00000000b4500800, 0x00000000b4600000|  0%| E|  |TAMS 0x00000000b4500000, 0x00000000b4500000| Complete 
|  70|0x00000000b4600000, 0x00000000b4700000, 0x00000000b4700000|100%| E|CS|TAMS 0x00000000b4600000, 0x00000000b4600000| Complete 
|  71|0x00000000b4700000, 0x00000000b4800000, 0x00000000b4800000|100%| E|CS|TAMS 0x00000000b4700000, 0x00000000b4700000| Complete 
|  72|0x00000000b4800000, 0x00000000b4900000, 0x00000000b4900000|100%| E|CS|TAMS 0x00000000b4800000, 0x00000000b4800000| Complete 
|  73|0x00000000b4900000, 0x00000000b4a00000, 0x00000000b4a00000|100%| E|CS|TAMS 0x00000000b4900000, 0x00000000b4900000| Complete 
|  74|0x00000000b4a00000, 0x00000000b4b00000, 0x00000000b4b00000|100%| E|CS|TAMS 0x00000000b4a00000, 0x00000000b4a00000| Complete 
|  75|0x00000000b4b00000, 0x00000000b4c00000, 0x00000000b4c00000|100%| E|CS|TAMS 0x00000000b4b00000, 0x00000000b4b00000| Complete 
|  76|0x00000000b4c00000, 0x00000000b4d00000, 0x00000000b4d00000|100%| E|CS|TAMS 0x00000000b4c00000, 0x00000000b4c00000| Complete 
|  77|0x00000000b4d00000, 0x00000000b4e00000, 0x00000000b4e00000|100%| E|CS|TAMS 0x00000000b4d00000, 0x00000000b4d00000| Complete 
|  78|0x00000000b4e00000, 0x00000000b4f00000, 0x00000000b4f00000|100%| E|CS|TAMS 0x00000000b4e00000, 0x00000000b4e00000| Complete 
|  79|0x00000000b4f00000, 0x00000000b5000000, 0x00000000b5000000|100%| E|CS|TAMS 0x00000000b4f00000, 0x00000000b4f00000| Complete 

Card table byte_map: [0x00007f0d308fe000,0x00007f0d30b7e000] _byte_map_base: 0x00007f0d3037e000

Marking Bits (Prev, Next): (CMBitMap*) 0x00007f0d4005bb58, (CMBitMap*) 0x00007f0d4005bb98
 Prev Bits: [0x00007f0d2f27e000, 0x00007f0d3067e000)
 Next Bits: [0x00007f0d2de7e000, 0x00007f0d2f27e000)

Polling page: 0x00007f0d47d71000

Metaspace:

Usage:
  Non-class:      7,50 MB capacity,     7,34 MB ( 98%) used,   144,72 KB (  2%) free+waste,    14,00 KB ( <1%) overhead. 
      Class:    846,00 KB capacity,   746,41 KB ( 88%) used,    92,46 KB ( 11%) free+waste,     7,12 KB ( <1%) overhead. 
       Both:      8,33 MB capacity,     8,07 MB ( 97%) used,   237,18 KB (  3%) free+waste,    21,12 KB ( <1%) overhead. 

Virtual space:
  Non-class space:        8,00 MB reserved,       7,50 MB ( 94%) committed 
      Class space:        1,00 GB reserved,     896,00 KB ( <1%) committed 
             Both:        1,01 GB reserved,       8,38 MB ( <1%) committed 

Chunk freelists:
   Non-Class:  1,00 KB
       Class:  18,00 KB
        Both:  19,00 KB

MaxMetaspaceSize: unlimited
CompressedClassSpaceSize: 1,00 GB

CodeHeap 'non-profiled nmethods': size=120032Kb used=221Kb max_used=221Kb free=119810Kb
 bounds [0x00007f0d38ac8000, 0x00007f0d38d38000, 0x00007f0d40000000]
CodeHeap 'profiled nmethods': size=120032Kb used=1171Kb max_used=1171Kb free=118860Kb
 bounds [0x00007f0d31590000, 0x00007f0d31800000, 0x00007f0d38ac8000]
CodeHeap 'non-nmethods': size=5696Kb used=1123Kb max_used=1136Kb free=4572Kb
 bounds [0x00007f0d31000000, 0x00007f0d31270000, 0x00007f0d31590000]
 total_blobs=1194 nmethods=649 adapters=267
 compilation: enabled
              stopped_count=0, restarted_count=0
 full_count=0

Compilation events (10 events):
Event: 1,416 Thread 0x00007f0d40167000  643       3       jdk.internal.org.objectweb.asm.Type::getArgumentsAndReturnSizes (132 bytes)
Event: 1,420 Thread 0x00007f0d40167000 nmethod 643 0x00007f0d316ac210 code [0x00007f0d316ac600, 0x00007f0d316ae358]
Event: 1,420 Thread 0x00007f0d40167000  648       3       java.util.Arrays::equals (57 bytes)
Event: 1,421 Thread 0x00007f0d40167000 nmethod 648 0x00007f0d316aee90 code [0x00007f0d316af080, 0x00007f0d316af648]
Event: 1,421 Thread 0x00007f0d40167000  647       3       sun.invoke.util.VerifyAccess::isTypeVisible (118 bytes)
Event: 1,425 Thread 0x00007f0d40167000 nmethod 647 0x00007f0d316af810 code [0x00007f0d316afc20, 0x00007f0d316b1bf8]
Event: 1,426 Thread 0x00007f0d40167000  645       3       sun.invoke.util.VerifyAccess::isClassAccessible (182 bytes)
Event: 1,429 Thread 0x00007f0d40167000 nmethod 645 0x00007f0d316b2590 code [0x00007f0d316b2940, 0x00007f0d316b40f8]
Event: 1,429 Thread 0x00007f0d40167000  646       3       sun.invoke.util.VerifyAccess::getClassModifiers (24 bytes)
Event: 1,429 Thread 0x00007f0d40167000 nmethod 646 0x00007f0d316b4810 code [0x00007f0d316b49e0, 0x00007f0d316b4c88]

GC Heap History (0 events):
No events

Deoptimization events (4 events):
Event: 0,797 Thread 0x00007f0d40016800 Uncommon trap: reason=unstable_if action=reinterpret pc=0x00007f0d38ad8c30 method=java.io.DataInputStream.readUTF(Ljava/io/DataInput;)Ljava/lang/String; @ 31 c2
Event: 0,904 Thread 0x00007f0d40016800 Uncommon trap: reason=unstable_if action=reinterpret pc=0x00007f0d38adfc64 method=java.util.HashMap.putVal(ILjava/lang/Object;Ljava/lang/Object;ZZ)Ljava/lang/Object; @ 236 c2
Event: 0,975 Thread 0x00007f0d40016800 Uncommon trap: reason=unstable_if action=reinterpret pc=0x00007f0d38af70bc method=java.lang.String.<init>([CIILjava/lang/Void;)V @ 5 c2
Event: 1,023 Thread 0x00007f0d402c5000 Uncommon trap: reason=unstable_if action=reinterpret pc=0x00007f0d38ae559c method=java.net.URI.match(CJJ)Z @ 19 c2

Classes unloaded (0 events):
No events

Classes redefined (0 events):
No events

Internal exceptions (10 events):
Event: 0,580 Thread 0x00007f0d40016800 Exception <a 'java/lang/NoSuchMethodError'{0x00000000b4c17108}: 'int java.lang.invoke.DirectMethodHandle$Holder.invokeStatic(java.lang.Object, java.lang.Object)'> (0x00000000b4c17108) 
thrown [/home/dmitry/Downloads/LOOM/loom/src/hotspot/share/interpreter/linkResolver.cpp, line 768]
for thread 0x00007f0d40016800
Event: 0,590 Thread 0x00007f0d40016800 Exception <a 'java/lang/NoSuchMethodError'{0x00000000b4c21748}: 'java.lang.Object java.lang.invoke.DirectMethodHandle$Holder.invokeVirtual(java.lang.Object, java.lang.Object)'> (0x00000000b4c21748) 
thrown [/home/dmitry/Downloads/LOOM/loom/src/hotspot/share/interpreter/linkResolver.cpp, line 768]
for thread 0x00007f0d40016800
Event: 0,593 Thread 0x00007f0d40016800 Exception <a 'java/lang/NoSuchMethodError'{0x00000000b4c29310}: 'int java.lang.invoke.DirectMethodHandle$Holder.invokeSpecial(java.lang.Object, java.lang.Object)'> (0x00000000b4c29310) 
thrown [/home/dmitry/Downloads/LOOM/loom/src/hotspot/share/interpreter/linkResolver.cpp, line 768]
for thread 0x00007f0d40016800
Event: 0,818 Thread 0x00007f0d40016800 Exception <a 'java/lang/NoSuchMethodError'{0x00000000b4aba158}: 'void java.lang.invoke.DirectMethodHandle$Holder.invokeStatic(java.lang.Object, java.lang.Object, java.lang.Object)'> (0x00000000b4aba158) 
thrown [/home/dmitry/Downloads/LOOM/loom/src/hotspot/share/interpreter/linkResolver.cpp, line 768]
for thread 0x00007f0d40016800
Event: 0,836 Thread 0x00007f0d40016800 Exception <a 'java/lang/NoSuchMethodError'{0x00000000b4ae5788}: 'java.lang.Object java.lang.invoke.Invokers$Holder.linkToTargetMethod(java.lang.Object, java.lang.Object, java.lang.Object, java.lang.Object)'> (0x00000000b4ae5788) 
thrown [/home/dmitry/Downloads/LOOM/loom/src/hotspot/share/interpreter/linkResolver.cpp, line 768]
for thread 0x00007f0d40016800
Event: 1,014 Thread 0x00007f0d402c5000 Exception <a 'java/lang/NoSuchMethodError'{0x00000000b484cfd8}: 'java.lang.Object java.lang.invoke.DirectMethodHandle$Holder.invokeStatic(java.lang.Object)'> (0x00000000b484cfd8) 
thrown [/home/dmitry/Downloads/LOOM/loom/src/hotspot/share/interpreter/linkResolver.cpp, line 768]
for thread 0x00007f0d402c5000
Event: 1,015 Thread 0x00007f0d402c5000 Exception <a 'java/lang/NoSuchMethodError'{0x00000000b484fdf0}: 'java.lang.Object java.lang.invoke.DirectMethodHandle$Holder.invokeStaticInit(java.lang.Object)'> (0x00000000b484fdf0) 
thrown [/home/dmitry/Downloads/LOOM/loom/src/hotspot/share/interpreter/linkResolver.cpp, line 768]
for thread 0x00007f0d402c5000
Event: 1,184 Thread 0x00007f0d40016800 Exception <a 'java/lang/NoSuchMethodError'{0x00000000b4716868}: 'java.lang.Object java.lang.invoke.DirectMethodHandle$Holder.invokeStaticInit(java.lang.Object, java.lang.Object)'> (0x00000000b4716868) 
thrown [/home/dmitry/Downloads/LOOM/loom/src/hotspot/share/interpreter/linkResolver.cpp, line 768]
for thread 0x00007f0d40016800
Event: 1,186 Thread 0x00007f0d40016800 Exception <a 'java/lang/NoSuchMethodError'{0x00000000b471fd20}: 'java.lang.Object java.lang.invoke.DirectMethodHandle$Holder.invokeStaticInit(java.lang.Object, java.lang.Object, java.lang.Object)'> (0x00000000b471fd20) 
thrown [/home/dmitry/Downloads/LOOM/loom/src/hotspot/share/interpreter/linkResolver.cpp, line 768]
for thread 0x00007f0d40016800
Event: 1,194 Thread 0x00007f0d40016800 Exception <a 'java/lang/NoSuchMethodError'{0x00000000b473f280}: 'int java.lang.invoke.DirectMethodHandle$Holder.invokeSpecial(java.lang.Object, java.lang.Object, java.lang.Object)'> (0x00000000b473f280) 
thrown [/home/dmitry/Downloads/LOOM/loom/src/hotspot/share/interpreter/linkResolver.cpp, line 768]
for thread 0x00007f0d40016800

Events (10 events):
Event: 1,416 loading class java/util/concurrent/FutureTask done
Event: 1,417 loading class java/util/concurrent/FutureTask$WaitNode
Event: 1,417 loading class java/util/concurrent/FutureTask$WaitNode done
Event: 1,417 loading class java/util/concurrent/Executors$RunnableAdapter
Event: 1,417 loading class java/util/concurrent/Executors$RunnableAdapter done
Event: 1,417 loading class java/util/concurrent/ThreadPoolExecutor$Worker
Event: 1,417 loading class java/util/concurrent/ThreadPoolExecutor$Worker done
Event: 1,417 Thread 0x00007f0d402f3000 Thread added: 0x00007f0d402f3000
Event: 1,418 Thread 0x00007f0d402f4000 Thread added: 0x00007f0d402f4000
Event: 1,418 Thread 0x00007f0d402f5800 Thread added: 0x00007f0d402f5800


Dynamic libraries:
b0000000-b5000000 rw-p 00000000 00:00 0 
b5000000-100000000 ---p 00000000 00:00 0 
100000000-1000e0000 rw-p 00000000 00:00 0 
1000e0000-140000000 ---p 00000000 00:00 0 
561163b78000-561163b79000 r-xp 00000000 08:01 2499595                    /home/dmitry/Downloads/LOOM/loom/build/linux-x86_64-server-release/jdk/bin/java
561163d79000-561163d7a000 r--p 00001000 08:01 2499595                    /home/dmitry/Downloads/LOOM/loom/build/linux-x86_64-server-release/jdk/bin/java
561163d7a000-561163d7b000 rw-p 00002000 08:01 2499595                    /home/dmitry/Downloads/LOOM/loom/build/linux-x86_64-server-release/jdk/bin/java
5611649dc000-5611649fd000 rw-p 00000000 00:00 0                          [heap]
7f0cd8000000-7f0cd8021000 rw-p 00000000 00:00 0 
7f0cd8021000-7f0cdc000000 ---p 00000000 00:00 0 
7f0cdc000000-7f0cdc021000 rw-p 00000000 00:00 0 
7f0cdc021000-7f0ce0000000 ---p 00000000 00:00 0 
7f0ce0000000-7f0ce0021000 rw-p 00000000 00:00 0 
7f0ce0021000-7f0ce4000000 ---p 00000000 00:00 0 
7f0ce4000000-7f0ce4021000 rw-p 00000000 00:00 0 
7f0ce4021000-7f0ce8000000 ---p 00000000 00:00 0 
7f0ce8000000-7f0ce8021000 rw-p 00000000 00:00 0 
7f0ce8021000-7f0cec000000 ---p 00000000 00:00 0 
7f0cec000000-7f0cec021000 rw-p 00000000 00:00 0 
7f0cec021000-7f0cf0000000 ---p 00000000 00:00 0 
7f0cf0000000-7f0cf0021000 rw-p 00000000 00:00 0 
7f0cf0021000-7f0cf4000000 ---p 00000000 00:00 0 
7f0cf4000000-7f0cf4168000 rw-p 00000000 00:00 0 
7f0cf4168000-7f0cf8000000 ---p 00000000 00:00 0 
7f0cf8000000-7f0cf82d5000 rw-p 00000000 00:00 0 
7f0cf82d5000-7f0cfc000000 ---p 00000000 00:00 0 
7f0cfc000000-7f0cfc021000 rw-p 00000000 00:00 0 
7f0cfc021000-7f0d00000000 ---p 00000000 00:00 0 
7f0d00000000-7f0d00021000 rw-p 00000000 00:00 0 
7f0d00021000-7f0d04000000 ---p 00000000 00:00 0 
7f0d04000000-7f0d04316000 rw-p 00000000 00:00 0 
7f0d04316000-7f0d08000000 ---p 00000000 00:00 0 
7f0d08000000-7f0d08021000 rw-p 00000000 00:00 0 
7f0d08021000-7f0d0c000000 ---p 00000000 00:00 0 
7f0d0c000000-7f0d0c021000 rw-p 00000000 00:00 0 
7f0d0c021000-7f0d10000000 ---p 00000000 00:00 0 
7f0d10000000-7f0d10021000 rw-p 00000000 00:00 0 
7f0d10021000-7f0d14000000 ---p 00000000 00:00 0 
7f0d14000000-7f0d14021000 rw-p 00000000 00:00 0 
7f0d14021000-7f0d18000000 ---p 00000000 00:00 0 
7f0d18000000-7f0d18021000 rw-p 00000000 00:00 0 
7f0d18021000-7f0d1c000000 ---p 00000000 00:00 0 
7f0d1c520000-7f0d1c91b000 rw-p 00000000 00:00 0 
7f0d1c91b000-7f0d1c91f000 ---p 00000000 00:00 0 
7f0d1c91f000-7f0d1ca1c000 rw-p 00000000 00:00 0 
7f0d1ca1c000-7f0d1ca20000 ---p 00000000 00:00 0 
7f0d1ca20000-7f0d1cb1d000 rw-p 00000000 00:00 0 
7f0d1cb1d000-7f0d1cb21000 ---p 00000000 00:00 0 
7f0d1cb21000-7f0d1cc1e000 rw-p 00000000 00:00 0 
7f0d1cc1e000-7f0d1cc23000 r-xp 00000000 08:01 2636673                    /home/dmitry/Downloads/LOOM/loom/build/linux-x86_64-server-release/jdk/lib/libmanagement_ext.so
7f0d1cc23000-7f0d1ce22000 ---p 00005000 08:01 2636673                    /home/dmitry/Downloads/LOOM/loom/build/linux-x86_64-server-release/jdk/lib/libmanagement_ext.so
7f0d1ce22000-7f0d1ce23000 r--p 00004000 08:01 2636673                    /home/dmitry/Downloads/LOOM/loom/build/linux-x86_64-server-release/jdk/lib/libmanagement_ext.so
7f0d1ce23000-7f0d1ce24000 rw-p 00005000 08:01 2636673                    /home/dmitry/Downloads/LOOM/loom/build/linux-x86_64-server-release/jdk/lib/libmanagement_ext.so
7f0d1ce24000-7f0d1ce28000 r-xp 00000000 08:01 2636274                    /home/dmitry/Downloads/LOOM/loom/build/linux-x86_64-server-release/jdk/lib/libmanagement.so
7f0d1ce28000-7f0d1d027000 ---p 00004000 08:01 2636274                    /home/dmitry/Downloads/LOOM/loom/build/linux-x86_64-server-release/jdk/lib/libmanagement.so
7f0d1d027000-7f0d1d028000 r--p 00003000 08:01 2636274                    /home/dmitry/Downloads/LOOM/loom/build/linux-x86_64-server-release/jdk/lib/libmanagement.so
7f0d1d028000-7f0d1d029000 rw-p 00004000 08:01 2636274                    /home/dmitry/Downloads/LOOM/loom/build/linux-x86_64-server-release/jdk/lib/libmanagement.so
7f0d1d029000-7f0d1d02b000 r-xp 00000000 08:01 2636675                    /home/dmitry/Downloads/LOOM/loom/build/linux-x86_64-server-release/jdk/lib/libextnet.so
7f0d1d02b000-7f0d1d22a000 ---p 00002000 08:01 2636675                    /home/dmitry/Downloads/LOOM/loom/build/linux-x86_64-server-release/jdk/lib/libextnet.so
7f0d1d22a000-7f0d1d22b000 r--p 00001000 08:01 2636675                    /home/dmitry/Downloads/LOOM/loom/build/linux-x86_64-server-release/jdk/lib/libextnet.so
7f0d1d22b000-7f0d1d22c000 rw-p 00002000 08:01 2636675                    /home/dmitry/Downloads/LOOM/loom/build/linux-x86_64-server-release/jdk/lib/libextnet.so
7f0d1d22c000-7f0d1d230000 ---p 00000000 00:00 0 
7f0d1d230000-7f0d1d32d000 rw-p 00000000 00:00 0 
7f0d1d32d000-7f0d1d32e000 ---p 00000000 00:00 0 
7f0d1d32e000-7f0d1d42f000 rw-p 00000000 00:00 0 
7f0d1d42f000-7f0d1d433000 ---p 00000000 00:00 0 
7f0d1d433000-7f0d1d530000 rw-p 00000000 00:00 0 
7f0d1d530000-7f0d1d534000 ---p 00000000 00:00 0 
7f0d1d534000-7f0d1d631000 rw-p 00000000 00:00 0 
7f0d1d631000-7f0d1e000000 r--p 00000000 08:01 10230401                   /usr/lib/locale/locale-archive
7f0d1e000000-7f0d20000000 rw-p 00000000 00:00 0 
7f0d20000000-7f0d20021000 rw-p 00000000 00:00 0 
7f0d20021000-7f0d24000000 ---p 00000000 00:00 0 
7f0d24000000-7f0d24021000 rw-p 00000000 00:00 0 
7f0d24021000-7f0d28000000 ---p 00000000 00:00 0 
7f0d28000000-7f0d28021000 rw-p 00000000 00:00 0 
7f0d28021000-7f0d2c000000 ---p 00000000 00:00 0 
7f0d2c061000-7f0d2c065000 ---p 00000000 00:00 0 
7f0d2c065000-7f0d2c162000 rw-p 00000000 00:00 0 
7f0d2c162000-7f0d2c178000 r-xp 00000000 08:01 2636270                    /home/dmitry/Downloads/LOOM/loom/build/linux-x86_64-server-release/jdk/lib/libnet.so
7f0d2c178000-7f0d2c378000 ---p 00016000 08:01 2636270                    /home/dmitry/Downloads/LOOM/loom/build/linux-x86_64-server-release/jdk/lib/libnet.so
7f0d2c378000-7f0d2c379000 r--p 00016000 08:01 2636270                    /home/dmitry/Downloads/LOOM/loom/build/linux-x86_64-server-release/jdk/lib/libnet.so
7f0d2c379000-7f0d2c37a000 rw-p 00017000 08:01 2636270                    /home/dmitry/Downloads/LOOM/loom/build/linux-x86_64-server-release/jdk/lib/libnet.so
7f0d2c37a000-7f0d2c38b000 r-xp 00000000 08:01 2636272                    /home/dmitry/Downloads/LOOM/loom/build/linux-x86_64-server-release/jdk/lib/libnio.so
7f0d2c38b000-7f0d2c58a000 ---p 00011000 08:01 2636272                    /home/dmitry/Downloads/LOOM/loom/build/linux-x86_64-server-release/jdk/lib/libnio.so
7f0d2c58a000-7f0d2c58b000 r--p 00010000 08:01 2636272                    /home/dmitry/Downloads/LOOM/loom/build/linux-x86_64-server-release/jdk/lib/libnio.so
7f0d2c58b000-7f0d2c58c000 rw-p 00011000 08:01 2636272                    /home/dmitry/Downloads/LOOM/loom/build/linux-x86_64-server-release/jdk/lib/libnio.so
7f0d2c58c000-7f0d2c590000 ---p 00000000 00:00 0 
7f0d2c590000-7f0d2c68d000 rw-p 00000000 00:00 0 
7f0d2c68d000-7f0d2c691000 ---p 00000000 00:00 0 
7f0d2c691000-7f0d2c78e000 rw-p 00000000 00:00 0 
7f0d2c78e000-7f0d2c792000 ---p 00000000 00:00 0 
7f0d2c792000-7f0d2c88f000 rw-p 00000000 00:00 0 
7f0d2c88f000-7f0d2c893000 ---p 00000000 00:00 0 
7f0d2c893000-7f0d2c990000 rw-p 00000000 00:00 0 
7f0d2c990000-7f0d2c994000 ---p 00000000 00:00 0 
7f0d2c994000-7f0d2ca91000 rw-p 00000000 00:00 0 
7f0d2ca91000-7f0d2ca95000 ---p 00000000 00:00 0 
7f0d2ca95000-7f0d2cb92000 rw-p 00000000 00:00 0 
7f0d2cb92000-7f0d2cb93000 ---p 00000000 00:00 0 
7f0d2cb93000-7f0d2d4f0000 rw-p 00000000 00:00 0 
7f0d2d4f0000-7f0d2d570000 ---p 00000000 00:00 0 
7f0d2d570000-7f0d2d571000 ---p 00000000 00:00 0 
7f0d2d571000-7f0d2d672000 rw-p 00000000 00:00 0 
7f0d2d672000-7f0d2d673000 ---p 00000000 00:00 0 
7f0d2d673000-7f0d2db78000 rw-p 00000000 00:00 0 
7f0d2db78000-7f0d2db79000 ---p 00000000 00:00 0 
7f0d2db79000-7f0d2dc7a000 rw-p 00000000 00:00 0 
7f0d2dc7a000-7f0d2dc7b000 ---p 00000000 00:00 0 
7f0d2dc7b000-7f0d2dd7c000 rw-p 00000000 00:00 0 
7f0d2dd7c000-7f0d2dd7d000 ---p 00000000 00:00 0 
7f0d2dd7d000-7f0d2dfbe000 rw-p 00000000 00:00 0 
7f0d2dfbe000-7f0d2f27e000 ---p 00000000 00:00 0 
7f0d2f27e000-7f0d2f3be000 rw-p 00000000 00:00 0 
7f0d2f3be000-7f0d3067e000 ---p 00000000 00:00 0 
7f0d3067e000-7f0d306a6000 rw-p 00000000 00:00 0 
7f0d306a6000-7f0d308fe000 ---p 00000000 00:00 0 
7f0d308fe000-7f0d30926000 rw-p 00000000 00:00 0 
7f0d30926000-7f0d30b7e000 ---p 00000000 00:00 0 
7f0d30b7e000-7f0d30ba6000 rw-p 00000000 00:00 0 
7f0d30ba6000-7f0d30dfe000 ---p 00000000 00:00 0 
7f0d30dfe000-7f0d31000000 rw-p 00000000 00:00 0 
7f0d31000000-7f0d31270000 rwxp 00000000 00:00 0 
7f0d31270000-7f0d31590000 ---p 00000000 00:00 0 
7f0d31590000-7f0d31800000 rwxp 00000000 00:00 0 
7f0d31800000-7f0d38ac8000 ---p 00000000 00:00 0 
7f0d38ac8000-7f0d38d38000 rwxp 00000000 00:00 0 
7f0d38d38000-7f0d40000000 ---p 00000000 00:00 0 
7f0d40000000-7f0d402fa000 rw-p 00000000 00:00 0 
7f0d402fa000-7f0d44000000 ---p 00000000 00:00 0 
7f0d44011000-7f0d44249000 rw-p 00000000 00:00 0 
7f0d44249000-7f0d4432f000 ---p 00000000 00:00 0 
7f0d4432f000-7f0d44334000 rw-p 00000000 00:00 0 
7f0d44334000-7f0d4441a000 ---p 00000000 00:00 0 
7f0d4441a000-7f0d44435000 r-xp 00000000 08:01 2636268                    /home/dmitry/Downloads/LOOM/loom/build/linux-x86_64-server-release/jdk/lib/libjimage.so
7f0d44435000-7f0d44634000 ---p 0001b000 08:01 2636268                    /home/dmitry/Downloads/LOOM/loom/build/linux-x86_64-server-release/jdk/lib/libjimage.so
7f0d44634000-7f0d44636000 r--p 0001a000 08:01 2636268                    /home/dmitry/Downloads/LOOM/loom/build/linux-x86_64-server-release/jdk/lib/libjimage.so
7f0d44636000-7f0d44637000 rw-p 0001c000 08:01 2636268                    /home/dmitry/Downloads/LOOM/loom/build/linux-x86_64-server-release/jdk/lib/libjimage.so
7f0d44637000-7f0d4463e000 r-xp 00000000 08:01 2636265                    /home/dmitry/Downloads/LOOM/loom/build/linux-x86_64-server-release/jdk/lib/libzip.so
7f0d4463e000-7f0d4483d000 ---p 00007000 08:01 2636265                    /home/dmitry/Downloads/LOOM/loom/build/linux-x86_64-server-release/jdk/lib/libzip.so
7f0d4483d000-7f0d4483e000 r--p 00006000 08:01 2636265                    /home/dmitry/Downloads/LOOM/loom/build/linux-x86_64-server-release/jdk/lib/libzip.so
7f0d4483e000-7f0d4483f000 rw-p 00007000 08:01 2636265                    /home/dmitry/Downloads/LOOM/loom/build/linux-x86_64-server-release/jdk/lib/libzip.so
7f0d4483f000-7f0d4484a000 r-xp 00000000 08:01 1184572                    /lib/x86_64-linux-gnu/libnss_files-2.27.so
7f0d4484a000-7f0d44a49000 ---p 0000b000 08:01 1184572                    /lib/x86_64-linux-gnu/libnss_files-2.27.so
7f0d44a49000-7f0d44a4a000 r--p 0000a000 08:01 1184572                    /lib/x86_64-linux-gnu/libnss_files-2.27.so
7f0d44a4a000-7f0d44a4b000 rw-p 0000b000 08:01 1184572                    /lib/x86_64-linux-gnu/libnss_files-2.27.so
7f0d44a4b000-7f0d44a51000 rw-p 00000000 00:00 0 
7f0d44a51000-7f0d44a68000 r-xp 00000000 08:01 1184566                    /lib/x86_64-linux-gnu/libnsl-2.27.so
7f0d44a68000-7f0d44c67000 ---p 00017000 08:01 1184566                    /lib/x86_64-linux-gnu/libnsl-2.27.so
7f0d44c67000-7f0d44c68000 r--p 00016000 08:01 1184566                    /lib/x86_64-linux-gnu/libnsl-2.27.so
7f0d44c68000-7f0d44c69000 rw-p 00017000 08:01 1184566                    /lib/x86_64-linux-gnu/libnsl-2.27.so
7f0d44c69000-7f0d44c6b000 rw-p 00000000 00:00 0 
7f0d44c6b000-7f0d44c76000 r-xp 00000000 08:01 1184583                    /lib/x86_64-linux-gnu/libnss_nis-2.27.so
7f0d44c76000-7f0d44e75000 ---p 0000b000 08:01 1184583                    /lib/x86_64-linux-gnu/libnss_nis-2.27.so
7f0d44e75000-7f0d44e76000 r--p 0000a000 08:01 1184583                    /lib/x86_64-linux-gnu/libnss_nis-2.27.so
7f0d44e76000-7f0d44e77000 rw-p 0000b000 08:01 1184583                    /lib/x86_64-linux-gnu/libnss_nis-2.27.so
7f0d44e77000-7f0d44e7f000 r-xp 00000000 08:01 1184568                    /lib/x86_64-linux-gnu/libnss_compat-2.27.so
7f0d44e7f000-7f0d4507f000 ---p 00008000 08:01 1184568                    /lib/x86_64-linux-gnu/libnss_compat-2.27.so
7f0d4507f000-7f0d45080000 r--p 00008000 08:01 1184568                    /lib/x86_64-linux-gnu/libnss_compat-2.27.so
7f0d45080000-7f0d45081000 rw-p 00009000 08:01 1184568                    /lib/x86_64-linux-gnu/libnss_compat-2.27.so
7f0d45081000-7f0d450aa000 r-xp 00000000 08:01 2636264                    /home/dmitry/Downloads/LOOM/loom/build/linux-x86_64-server-release/jdk/lib/libjava.so
7f0d450aa000-7f0d452a9000 ---p 00029000 08:01 2636264                    /home/dmitry/Downloads/LOOM/loom/build/linux-x86_64-server-release/jdk/lib/libjava.so
7f0d452a9000-7f0d452aa000 r--p 00028000 08:01 2636264                    /home/dmitry/Downloads/LOOM/loom/build/linux-x86_64-server-release/jdk/lib/libjava.so
7f0d452aa000-7f0d452ac000 rw-p 00029000 08:01 2636264                    /home/dmitry/Downloads/LOOM/loom/build/linux-x86_64-server-release/jdk/lib/libjava.so
7f0d452ac000-7f0d452b9000 r-xp 00000000 08:01 2636257                    /home/dmitry/Downloads/LOOM/loom/build/linux-x86_64-server-release/jdk/lib/libverify.so
7f0d452b9000-7f0d454b8000 ---p 0000d000 08:01 2636257                    /home/dmitry/Downloads/LOOM/loom/build/linux-x86_64-server-release/jdk/lib/libverify.so
7f0d454b8000-7f0d454ba000 r--p 0000c000 08:01 2636257                    /home/dmitry/Downloads/LOOM/loom/build/linux-x86_64-server-release/jdk/lib/libverify.so
7f0d454ba000-7f0d454bb000 rw-p 0000e000 08:01 2636257                    /home/dmitry/Downloads/LOOM/loom/build/linux-x86_64-server-release/jdk/lib/libverify.so
7f0d454bb000-7f0d45658000 r-xp 00000000 08:01 1184545                    /lib/x86_64-linux-gnu/libm-2.27.so
7f0d45658000-7f0d45857000 ---p 0019d000 08:01 1184545                    /lib/x86_64-linux-gnu/libm-2.27.so
7f0d45857000-7f0d45858000 r--p 0019c000 08:01 1184545                    /lib/x86_64-linux-gnu/libm-2.27.so
7f0d45858000-7f0d45859000 rw-p 0019d000 08:01 1184545                    /lib/x86_64-linux-gnu/libm-2.27.so
7f0d45859000-7f0d46b85000 r-xp 00000000 08:01 2636255                    /home/dmitry/Downloads/LOOM/loom/build/linux-x86_64-server-release/jdk/lib/server/libjvm.so
7f0d46b85000-7f0d46d84000 ---p 0132c000 08:01 2636255                    /home/dmitry/Downloads/LOOM/loom/build/linux-x86_64-server-release/jdk/lib/server/libjvm.so
7f0d46d84000-7f0d46e4c000 r--p 0132b000 08:01 2636255                    /home/dmitry/Downloads/LOOM/loom/build/linux-x86_64-server-release/jdk/lib/server/libjvm.so
7f0d46e4c000-7f0d46e87000 rw-p 013f3000 08:01 2636255                    /home/dmitry/Downloads/LOOM/loom/build/linux-x86_64-server-release/jdk/lib/server/libjvm.so
7f0d46e87000-7f0d46f0d000 rw-p 00000000 00:00 0 
7f0d46f0d000-7f0d46f27000 r-xp 00000000 08:01 1184615                    /lib/x86_64-linux-gnu/libpthread-2.27.so
7f0d46f27000-7f0d47126000 ---p 0001a000 08:01 1184615                    /lib/x86_64-linux-gnu/libpthread-2.27.so
7f0d47126000-7f0d47127000 r--p 00019000 08:01 1184615                    /lib/x86_64-linux-gnu/libpthread-2.27.so
7f0d47127000-7f0d47128000 rw-p 0001a000 08:01 1184615                    /lib/x86_64-linux-gnu/libpthread-2.27.so
7f0d47128000-7f0d4712c000 rw-p 00000000 00:00 0 
7f0d4712c000-7f0d4712f000 r-xp 00000000 08:01 1184505                    /lib/x86_64-linux-gnu/libdl-2.27.so
7f0d4712f000-7f0d4732e000 ---p 00003000 08:01 1184505                    /lib/x86_64-linux-gnu/libdl-2.27.so
7f0d4732e000-7f0d4732f000 r--p 00002000 08:01 1184505                    /lib/x86_64-linux-gnu/libdl-2.27.so
7f0d4732f000-7f0d47330000 rw-p 00003000 08:01 1184505                    /lib/x86_64-linux-gnu/libdl-2.27.so
7f0d47330000-7f0d4734c000 r-xp 00000000 08:01 1184654                    /lib/x86_64-linux-gnu/libz.so.1.2.11
7f0d4734c000-7f0d4754b000 ---p 0001c000 08:01 1184654                    /lib/x86_64-linux-gnu/libz.so.1.2.11
7f0d4754b000-7f0d4754c000 r--p 0001b000 08:01 1184654                    /lib/x86_64-linux-gnu/libz.so.1.2.11
7f0d4754c000-7f0d4754d000 rw-p 0001c000 08:01 1184654                    /lib/x86_64-linux-gnu/libz.so.1.2.11
7f0d4754d000-7f0d47734000 r-xp 00000000 08:01 1184482                    /lib/x86_64-linux-gnu/libc-2.27.so
7f0d47734000-7f0d47934000 ---p 001e7000 08:01 1184482                    /lib/x86_64-linux-gnu/libc-2.27.so
7f0d47934000-7f0d47938000 r--p 001e7000 08:01 1184482                    /lib/x86_64-linux-gnu/libc-2.27.so
7f0d47938000-7f0d4793a000 rw-p 001eb000 08:01 1184482                    /lib/x86_64-linux-gnu/libc-2.27.so
7f0d4793a000-7f0d4793e000 rw-p 00000000 00:00 0 
7f0d4793e000-7f0d4794e000 r-xp 00000000 08:01 2636258                    /home/dmitry/Downloads/LOOM/loom/build/linux-x86_64-server-release/jdk/lib/libjli.so
7f0d4794e000-7f0d47b4d000 ---p 00010000 08:01 2636258                    /home/dmitry/Downloads/LOOM/loom/build/linux-x86_64-server-release/jdk/lib/libjli.so
7f0d47b4d000-7f0d47b4e000 r--p 0000f000 08:01 2636258                    /home/dmitry/Downloads/LOOM/loom/build/linux-x86_64-server-release/jdk/lib/libjli.so
7f0d47b4e000-7f0d47b4f000 rw-p 00010000 08:01 2636258                    /home/dmitry/Downloads/LOOM/loom/build/linux-x86_64-server-release/jdk/lib/libjli.so
7f0d47b4f000-7f0d47b76000 r-xp 00000000 08:01 1184454                    /lib/x86_64-linux-gnu/ld-2.27.so
7f0d47ba3000-7f0d47c56000 rw-p 00000000 00:00 0 
7f0d47c56000-7f0d47c5d000 ---p 00000000 00:00 0 
7f0d47c5d000-7f0d47c61000 ---p 00000000 00:00 0 
7f0d47c61000-7f0d47d60000 rw-p 00000000 00:00 0 
7f0d47d69000-7f0d47d71000 rw-s 00000000 08:01 524339                     /tmp/hsperfdata_dmitry/19013
7f0d47d71000-7f0d47d72000 ---p 00000000 00:00 0 
7f0d47d72000-7f0d47d73000 r--p 00000000 00:00 0 
7f0d47d73000-7f0d47d74000 ---p 00000000 00:00 0 
7f0d47d74000-7f0d47d76000 rw-p 00000000 00:00 0 
7f0d47d76000-7f0d47d77000 r--p 00027000 08:01 1184454                    /lib/x86_64-linux-gnu/ld-2.27.so
7f0d47d77000-7f0d47d78000 rw-p 00028000 08:01 1184454                    /lib/x86_64-linux-gnu/ld-2.27.so
7f0d47d78000-7f0d47d79000 rw-p 00000000 00:00 0 
7ffdc3cf5000-7ffdc3d18000 rw-p 00000000 00:00 0                          [stack]
7ffdc3d79000-7ffdc3d7c000 r--p 00000000 00:00 0                          [vvar]
7ffdc3d7c000-7ffdc3d7e000 r-xp 00000000 00:00 0                          [vdso]
ffffffffff600000-ffffffffff601000 r-xp 00000000 00:00 0                  [vsyscall]


VM Arguments:
jvm_args: -Didea.launcher.port=18005 -Didea.launcher.bin.path=/home/dmitry/Downloads/idea-IC-183.5912.21/bin -Dfile.encoding=UTF-8 
java_command: com.intellij.rt.execution.application.AppMainV2 NewMain
java_class_path (initial): /home/dmitry/Downloads/LOOM/loom/build/linux-x86_64-server-release/jdk/modules/java.base:/home/dmitry/Downloads/LOOM/loom/build/linux-x86_64-server-release/jdk/modules/java.compiler:/home/dmitry/Downloads/LOOM/loom/build/linux-x86_64-server-release/jdk/modules/java.datatransfer:/home/dmitry/Downloads/LOOM/loom/build/linux-x86_64-server-release/jdk/modules/java.desktop:/home/dmitry/Downloads/LOOM/loom/build/linux-x86_64-server-release/jdk/modules/java.instrument:/home/dmitry/Downloads/LOOM/loom/build/linux-x86_64-server-release/jdk/modules/java.logging:/home/dmitry/Downloads/LOOM/loom/build/linux-x86_64-server-release/jdk/modules/java.management:/home/dmitry/Downloads/LOOM/loom/build/linux-x86_64-server-release/jdk/modules/java.management.rmi:/home/dmitry/Downloads/LOOM/loom/build/linux-x86_64-server-release/jdk/modules/java.naming:/home/dmitry/Downloads/LOOM/loom/build/linux-x86_64-server-release/jdk/modules/java.net.http:/home/dmitry/Downloads/LOOM/loom/build/linux-x86_64-server-release/jdk/modules/java.prefs:/home/dmitry/Downloads/LOOM/loom/build/linux-x86_64-server-release/jdk/modules/java.rmi:/home/dmitry/Downloads/LOOM/loom/build/linux-x86_64-server-release/jdk/modules/java.scripting:/home/dmitry/Downloads/LOOM/loom/build/linux-x86_64-server-release/jdk/modules/java.se:/home/dmitry/Downloads/LOOM/loom/build/linux-x86_64-server-release/jdk/modules/java.security.jgss:/home/dmitry/Downloads/LOOM/loom/build/linux-x86_64-server-release/jdk/modules/java.security.sasl:/home/dmitry/Downloads/LOOM/loom/build/linux-x86_64-server-release/jdk/modules/java.smartcardio:/home/dmitry/Downloads/LOOM/loom/build/linux-x86_64-server-release/jdk/modules/java.sql:/home/dmitry/Downloads/LOOM/loom/build/linux-x86_64-server-release/jdk/modules/java.sql.rowset:/home/dmitry/Downloads/LOOM/loom/build/linux-x86_64-server-release/jdk/modules/java.transaction.xa:/home/dmitry/Downloads/LOOM/loom/build/linux-x86_64-server-release/jdk/modules/java.xml:/home/dmitry/D
Launcher Type: SUN_STANDARD

[Global flags]
     intx CICompilerCount                          = 3                                         {product} {ergonomic}
     uint ConcGCThreads                            = 1                                         {product} {ergonomic}
     uint G1ConcRefinementThreads                  = 4                                         {product} {ergonomic}
   size_t G1HeapRegionSize                         = 1048576                                   {product} {ergonomic}
    uintx GCDrainStackTargetSize                   = 64                                        {product} {ergonomic}
   size_t InitialHeapSize                          = 83886080                                  {product} {ergonomic}
   size_t MarkStackSize                            = 4194304                                   {product} {ergonomic}
   size_t MaxHeapSize                              = 1342177280                                {product} {ergonomic}
   size_t MaxNewSize                               = 805306368                                 {product} {ergonomic}
   size_t MinHeapDeltaBytes                        = 1048576                                   {product} {ergonomic}
    uintx NonNMethodCodeHeapSize                   = 5830732                                {pd product} {ergonomic}
    uintx NonProfiledCodeHeapSize                  = 122913754                              {pd product} {ergonomic}
    uintx ProfiledCodeHeapSize                     = 122913754                              {pd product} {ergonomic}
    uintx ReservedCodeCacheSize                    = 251658240                              {pd product} {ergonomic}
     bool SegmentedCodeCache                       = true                                      {product} {ergonomic}
     bool UseCompressedClassPointers               = true                                 {lp64_product} {ergonomic}
     bool UseCompressedOops                        = true                                 {lp64_product} {ergonomic}
     bool UseG1GC                                  = true                                      {product} {ergonomic}

Logging:
Log output configuration:
 #0: stdout all=warning uptime,level,tags
 #1: stderr all=off uptime,level,tags

Environment Variables:
JAVA_HOME=/home/dmitry/usr/local/java/jdk1.8.0
PATH=/bin:/home/dmitry/Downloads/LOOM/loom/build/linux-x86_64-server-slowdebug/jdk/bin:/usr/local/sbin:/usr/local/bin:/usr/sbin:/usr/bin:/sbin:/bin:/usr/games:/usr/local/games:/snap/bin
USERNAME=dmitry
SHELL=/bin/bash
DISPLAY=:0

Signal Handlers:
SIGSEGV: [libjvm.so+0xfe3c20], sa_mask[0]=11111111011111111101111111111110, sa_flags=SA_RESTART|SA_SIGINFO
SIGBUS: [libjvm.so+0xfe3c20], sa_mask[0]=11111111011111111101111111111110, sa_flags=SA_RESTART|SA_SIGINFO
SIGFPE: [libjvm.so+0xfe3c20], sa_mask[0]=11111111011111111101111111111110, sa_flags=SA_RESTART|SA_SIGINFO
SIGPIPE: [libjvm.so+0xc814a0], sa_mask[0]=11111111011111111101111111111110, sa_flags=SA_RESTART|SA_SIGINFO
SIGXFSZ: [libjvm.so+0xc814a0], sa_mask[0]=11111111011111111101111111111110, sa_flags=SA_RESTART|SA_SIGINFO
SIGILL: [libjvm.so+0xfe3c20], sa_mask[0]=11111111011111111101111111111110, sa_flags=SA_RESTART|SA_SIGINFO
SIGUSR2: [libjvm.so+0xc81340], sa_mask[0]=00100000000000000000000000000000, sa_flags=SA_RESTART|SA_SIGINFO
SIGHUP: [libjvm.so+0xc81940], sa_mask[0]=11111111011111111101111111111110, sa_flags=SA_RESTART|SA_SIGINFO
SIGINT: [libjvm.so+0xc81940], sa_mask[0]=11111111011111111101111111111110, sa_flags=SA_RESTART|SA_SIGINFO
SIGTERM: [libjvm.so+0xc81940], sa_mask[0]=11111111011111111101111111111110, sa_flags=SA_RESTART|SA_SIGINFO
SIGQUIT: [libjvm.so+0xc81940], sa_mask[0]=11111111011111111101111111111110, sa_flags=SA_RESTART|SA_SIGINFO


---------------  S Y S T E M  ---------------

OS:DISTRIB_ID=Ubuntu
DISTRIB_RELEASE=18.04
DISTRIB_CODENAME=bionic
DISTRIB_DESCRIPTION="Ubuntu 18.04.2 LTS"
uname:Linux 4.18.0-20-generic #21~18.04.1-Ubuntu SMP Wed May 8 08:43:37 UTC 2019 x86_64
libc:glibc 2.27 NPTL 2.27 
rlimit: STACK 8192k, CORE 0k, NPROC 20273, NOFILE 4096, AS infinity, DATA infinity, FSIZE infinity
load average:2,66 2,47 3,87

/proc/meminfo:
MemTotal:        5234996 kB
MemFree:         1247608 kB
MemAvailable:    2632324 kB
Buffers:           53028 kB
Cached:          1656424 kB
SwapCached:        26216 kB
Active:          1796796 kB
Inactive:        1900472 kB
Active(anon):    1456384 kB
Inactive(anon):   706048 kB
Active(file):     340412 kB
Inactive(file):  1194424 kB
Unevictable:          32 kB
Mlocked:              32 kB
SwapTotal:       2097148 kB
SwapFree:          12476 kB
Dirty:             28444 kB
Writeback:             0 kB
AnonPages:       1961736 kB
Mapped:           255324 kB
Shmem:            174640 kB
Slab:             162384 kB
SReclaimable:     113860 kB
SUnreclaim:        48524 kB
KernelStack:       12992 kB
PageTables:        48528 kB
NFS_Unstable:          0 kB
Bounce:                0 kB
WritebackTmp:          0 kB
CommitLimit:     4714644 kB
Committed_AS:    8309976 kB
VmallocTotal:   34359738367 kB
VmallocUsed:           0 kB
VmallocChunk:          0 kB
HardwareCorrupted:     0 kB
AnonHugePages:         0 kB
ShmemHugePages:        0 kB
ShmemPmdMapped:        0 kB
CmaTotal:              0 kB
CmaFree:               0 kB
HugePages_Total:       0
HugePages_Free:        0
HugePages_Rsvd:        0
HugePages_Surp:        0
Hugepagesize:       2048 kB
Hugetlb:               0 kB
DirectMap4k:      192448 kB
DirectMap2M:     5218304 kB


/proc/sys/kernel/threads-max (system-wide limit on the number of threads):
40547


/proc/sys/vm/max_map_count (maximum number of memory map areas a process may have):
65530


/proc/sys/kernel/pid_max (system-wide limit on number of process identifiers):
32768



container (cgroup) information:
container_type: cgroupv1
cpu_cpuset_cpus: 0-3
cpu_memory_nodes: 0
active_processor_count: 4
cpu_quota: no quota
cpu_period: 100000
cpu_shares: no shares
memory_limit_in_bytes: unlimited
memory_and_swap_limit_in_bytes: not supported
memory_soft_limit_in_bytes: unlimited
memory_usage_in_bytes: 3761930240
memory_max_usage_in_bytes: 70242304

KVM virtualization detected
Steal ticks since vm start: 0
Steal ticks percentage since vm start:  0,000

CPU:total 4 (initial active 4) (4 cores per cpu, 1 threads per core) family 6 model 60 stepping 3, cmov, cx8, fxsr, mmx, sse, sse2, sse3, ssse3, sse4.1, sse4.2, popcnt, avx, avx2, aes, clmul, lzcnt, tsc, tscinvbit
CPU Model and flags from /proc/cpuinfo:
model name	: Intel(R) Core(TM) i7-4700HQ CPU @ 2.40GHz
flags		: fpu vme de pse tsc msr pae mce cx8 apic sep mtrr pge mca cmov pat pse36 clflush mmx fxsr sse sse2 ht syscall nx rdtscp lm constant_tsc rep_good nopl xtopology nonstop_tsc cpuid tsc_known_freq pni pclmulqdq ssse3 cx16 pcid sse4_1 sse4_2 x2apic movbe popcnt aes xsave avx rdrand hypervisor lahf_lm abm invpcid_single pti fsgsbase avx2 invpcid flush_l1d

Memory: 4k page, physical 5234996k(1247608k free), swap 2097148k(12476k free)

vm_info: OpenJDK 64-Bit Server VM (13-internal+0-adhoc.dmitry.loom) for linux-amd64 JRE (13-internal+0-adhoc.dmitry.loom), built on May 26 2019 00:34:28 by "dmitry" with gcc 7.4.0

END.
