#
# A fatal error has been detected by the Java Runtime Environment:
#
#  SIGSEGV (0xb) at pc=0x00007fb824050e3a, pid=25928, tid=25968
#
# JRE version: OpenJDK Runtime Environment (13.0) (build 13-internal+0-adhoc.dmitry.loom)
# Java VM: OpenJDK 64-Bit Server VM (13-internal+0-adhoc.dmitry.loom, mixed mode, tiered, compressed oops, g1 gc, linux-amd64)
# Problematic frame:
# V  [libjvm.so+0x683e3a]  ContMirror::read()+0x1a
#
# Core dump will be written. Default location: Core dumps may be processed with "/usr/share/apport/apport %p %s %c %d %P" (or dumping to /home/dmitry/Downloads/LoadDetector/core.25928)
#
# If you would like to submit a bug report, please visit:
#   http://bugreport.java.com/bugreport/crash.jsp
#

---------------  S U M M A R Y ------------

Command Line: -agentlib:jdwp=transport=dt_socket,address=127.0.0.1:30683,suspend=y,server=n -Dfile.encoding=UTF-8 Main

Host: Intel(R) Core(TM) i7-4700HQ CPU @ 2.40GHz, 4 cores, 4G, Ubuntu 18.04.2 LTS
Time: Sun May 12 23:31:13 2019 MSK elapsed time: 9 seconds (0d 0h 0m 9s)

---------------  T H R E A D  ---------------

Current thread (0x00007fb81c2cf800):  JavaThread "Thread-1" [_thread_in_vm, id=25968, stack(0x00007fb7eac22000,0x00007fb7ead23000)]

Stack: [0x00007fb7eac22000,0x00007fb7ead23000],  sp=0x00007fb7ead1f1b0,  free space=1012k
Native frames: (J=compiled Java code, A=aot compiled Java code, j=interpreted, Vv=VM code, C=native code)
V  [libjvm.so+0x683e3a]  ContMirror::read()+0x1a
V  [libjvm.so+0x689537]  Continuation::freeze0(JavaThread*, FrameInfo*, bool) [clone .part.304]+0x507
V  [libjvm.so+0x689c87]  Continuation::freeze(JavaThread*, FrameInfo*)+0x127
v  ~RuntimeStub::cont_doYield
C  0x00007fb7ead21838
j  java.lang.Continuation.pause(Ljava/lang/ContinuationScope;)Z+3 java.base
j  Main.lambda$main$1(Ljava/lang/Continuation;Ljava/lang/ContinuationScope;Ljava/lang/Thread;)V+21
j  Main$$Lambda$42.run()V+12
j  java.lang.Thread.run()V+11 java.base
v  ~StubRoutines::call_stub
V  [libjvm.so+0x8bcd99]  JavaCalls::call_helper(JavaValue*, methodHandle const&, JavaCallArguments*, Thread*)+0x3c9
V  [libjvm.so+0x8badb5]  JavaCalls::call_virtual(JavaValue*, Handle, Klass*, Symbol*, Symbol*, Thread*)+0x1e5
V  [libjvm.so+0x965c2c]  thread_entry(JavaThread*, Thread*)+0x6c
V  [libjvm.so+0xf736e2]  JavaThread::run()+0x232
V  [libjvm.so+0xf7145d]  Thread::call_run()+0x10d
V  [libjvm.so+0xc8b7c7]  thread_native_entry(Thread*)+0xe7

Java frames: (J=compiled Java code, j=interpreted, Vv=VM code)
v  ~RuntimeStub::cont_doYield
j  java.lang.Continuation.yield0(Ljava/lang/ContinuationScope;Ljava/lang/Continuation;)Z+60 java.base
j  java.lang.Continuation.pause(Ljava/lang/ContinuationScope;)Z+3 java.base
j  Main.lambda$main$1(Ljava/lang/Continuation;Ljava/lang/ContinuationScope;Ljava/lang/Thread;)V+21
j  Main$$Lambda$42.run()V+12
j  java.lang.Thread.run()V+11 java.base
v  ~StubRoutines::call_stub

siginfo: si_signo: 11 (SIGSEGV), si_code: 1 (SEGV_MAPERR), si_addr: 0x0000000000000020

Register to memory mapping:

RAX=0x0000000000000020 is an unknown value
RBX=0x00007fb7ead20550 is pointing into the stack for thread: 0x00007fb81c2cf800
RCX=0x00007fb7ead21888 is pointing into the stack for thread: 0x00007fb81c2cf800
RDX=0x00007fb82504bb58: <offset 0x000000000167eb58> in /home/dmitry/Downloads/LOOM/loom/build/linux-x86_64-server-release/jdk/lib/server/libjvm.so at 0x00007fb8239cd000
RSP=0x00007fb7ead1f1b0 is pointing into the stack for thread: 0x00007fb81c2cf800
RBP=0x00007fb7ead1f1c0 is pointing into the stack for thread: 0x00007fb81c2cf800
RSI=0x00007fb80d0194c0 is at code_begin+3872 in an Interpreter codelet
invoke return entry points  [0x00007fb80d0185a0, 0x00007fb80d01adc0]  10272 bytes
RDI=0x0 is NULL
R8 =0x00007fb80d000000 points into unknown readable memory: 04 00 00 00 00 00 00 00
R9 =0x000000000000000b is an unknown value
R10=0x0000000000000800 is an unknown value
R11=0x0000000000000400 is an unknown value
R12=0x00007fb7d8065580 points into unknown readable memory: 00 00 00 00 00 00 00 00
R13=0x00007fb7ead20550 is pointing into the stack for thread: 0x00007fb81c2cf800
R14=0x00007fb81c2c9f80 points into unknown readable memory: 02 00 00 00 00 00 00 00
R15=0x00007fb7ead21810 is pointing into the stack for thread: 0x00007fb81c2cf800


Registers:
RAX=0x0000000000000020, RBX=0x00007fb7ead20550, RCX=0x00007fb7ead21888, RDX=0x00007fb82504bb58
RSP=0x00007fb7ead1f1b0, RBP=0x00007fb7ead1f1c0, RSI=0x00007fb80d0194c0, RDI=0x0000000000000000
R8 =0x00007fb80d000000, R9 =0x000000000000000b, R10=0x0000000000000800, R11=0x0000000000000400
R12=0x00007fb7d8065580, R13=0x00007fb7ead20550, R14=0x00007fb81c2c9f80, R15=0x00007fb7ead21810
RIP=0x00007fb824050e3a, EFLAGS=0x0000000000010202, CSGSFS=0x002b000000000033, ERR=0x0000000000000004
  TRAPNO=0x000000000000000e

Top of Stack: (sp=0x00007fb7ead1f1b0)
0x00007fb7ead1f1b0:   00007fb80d0194c0 00007fb81c2cf800
0x00007fb7ead1f1c0:   00007fb7ead217c0 00007fb824056537
0x00007fb7ead1f1d0:   00007fb81c2cf800 00007fb7ead1f2d0
0x00007fb7ead1f1e0:   0000000000000000 00007fb825049220 

Instructions: (pc=0x00007fb824050e3a)
0x00007fb824050d3a:   08 48 63 00 89 0c 02 48 8d 05 8c e5 fd 00 48 8b
0x00007fb824050d4a:   4b 30 48 8b 53 08 48 63 00 48 89 0c 02 48 8d 05
0x00007fb824050d5a:   6e e5 fd 00 48 8b 53 08 48 8b 4b 38 48 63 00 48
0x00007fb824050d6a:   89 0c 02 48 8d 05 54 e5 fd 00 8b 4b 60 48 8b 53
0x00007fb824050d7a:   08 48 63 00 89 0c 02 48 8d 05 58 e5 fd 00 48 8b
0x00007fb824050d8a:   53 08 48 8b 4b 10 48 63 00 48 89 0c 02 48 8d 05
0x00007fb824050d9a:   3e e5 fd 00 48 8b 4b 18 48 8b 53 08 48 63 00 48
0x00007fb824050daa:   89 0c 02 48 8d 05 24 e5 fd 00 48 63 00 48 8b 53
0x00007fb824050dba:   08 48 8b 4b 20 48 89 0c 02 48 8d 05 2e e5 fd 00
0x00007fb824050dca:   48 8b 53 08 48 8b 4b 58 48 63 00 89 0c 02 48 8d
0x00007fb824050dda:   05 e1 e4 fd 00 0f b6 4b 70 48 8b 53 08 48 63 00
0x00007fb824050dea:   88 0c 02 48 8d 05 00 e5 fd 00 0f b7 4b 74 48 8b
0x00007fb824050dfa:   53 08 48 63 00 66 89 0c 02 48 8d 05 e6 e4 fd 00
0x00007fb824050e0a:   0f b7 4b 72 48 8b 53 08 48 63 00 66 89 0c 02 48
0x00007fb824050e1a:   83 c4 08 5b 5d c3 55 48 89 e5 53 48 89 fb 48 83
0x00007fb824050e2a:   ec 08 48 8d 05 ad e4 fd 00 48 8b 7f 08 48 63 00
0x00007fb824050e3a:   48 8b 04 38 48 89 43 10 48 8d 05 93 e4 fd 00 48
0x00007fb824050e4a:   63 00 48 8b 04 38 48 89 43 18 48 8d 05 7d e4 fd
0x00007fb824050e5a:   00 48 63 00 48 8b 04 38 48 89 43 20 48 8d 05 63
0x00007fb824050e6a:   e4 fd 00 48 63 00 8b 04 38 89 43 28 48 8d 05 57
0x00007fb824050e7a:   e4 fd 00 48 63 00 48 8b 04 38 48 89 43 30 48 8d
0x00007fb824050e8a:   05 3d e4 fd 00 48 63 00 48 8b 04 38 48 89 43 38
0x00007fb824050e9a:   48 8d 05 5b e4 fd 00 48 63 30 ff 15 96 41 f7 00
0x00007fb824050eaa:   48 85 c0 48 89 43 40 0f 84 b9 01 00 00 48 8d 15
0x00007fb824050eba:   1e c9 fd 00 80 3a 01 48 19 c9 83 e1 04 80 3a 01
0x00007fb824050eca:   8b 4c 08 0c 48 19 d2 89 4b 48 83 e2 08 48 8d 44
0x00007fb824050eda:   10 10 48 89 43 50 48 8d 05 11 e4 fd 00 48 8b 7b
0x00007fb824050eea:   08 48 63 00 48 63 04 07 48 89 43 58 48 8d 05 ef
0x00007fb824050efa:   e3 fd 00 48 63 30 ff 15 3a 41 f7 00 48 8d 15 bb
0x00007fb824050f0a:   e3 fd 00 48 89 43 68 48 8b 43 08 48 83 3d 13 ae
0x00007fb824050f1a:   fb 00 00 48 63 12 8b 14 02 89 53 60 48 8d 15 93
0x00007fb824050f2a:   e3 fd 00 48 63 12 0f b6 14 02 88 53 70 48 8d 15 


Stack slot to memory mapping:
stack at sp + 0 slots: 0x00007fb80d0194c0 is at code_begin+3872 in an Interpreter codelet
invoke return entry points  [0x00007fb80d0185a0, 0x00007fb80d01adc0]  10272 bytes
stack at sp + 1 slots: 0x00007fb81c2cf800 is a thread
stack at sp + 2 slots: 0x00007fb7ead217c0 is pointing into the stack for thread: 0x00007fb81c2cf800
stack at sp + 3 slots: 0x00007fb824056537: <offset 0x0000000000689537> in /home/dmitry/Downloads/LOOM/loom/build/linux-x86_64-server-release/jdk/lib/server/libjvm.so at 0x00007fb8239cd000
stack at sp + 4 slots: 0x00007fb81c2cf800 is a thread
stack at sp + 5 slots: 0x00007fb7ead1f2d0 is pointing into the stack for thread: 0x00007fb81c2cf800
stack at sp + 6 slots: 0x0 is NULL
stack at sp + 7 slots: 0x00007fb825049220: <offset 0x000000000167c220> in /home/dmitry/Downloads/LOOM/loom/build/linux-x86_64-server-release/jdk/lib/server/libjvm.so at 0x00007fb8239cd000


---------------  P R O C E S S  ---------------

Threads class SMR info:
_java_thread_list=0x00007fb7b4001890, length=13, elements={
0x00007fb81c13b800, 0x00007fb81c13f000, 0x00007fb81c161000, 0x00007fb81c165800,
0x00007fb81c167800, 0x00007fb81c169800, 0x00007fb81c182000, 0x00007fb81c2b7000,
0x00007fb81c2ba000, 0x00007fb7cc001800, 0x00007fb81c2bc800, 0x00007fb81c2cf800,
0x00007fb81c017800
}

Java Threads: ( => current thread )
  0x00007fb81c13b800 JavaThread "Reference Handler" daemon [_thread_blocked, id=25944, stack(0x00007fb8089f1000,0x00007fb808af2000)]
  0x00007fb81c13f000 JavaThread "Finalizer" daemon [_thread_blocked, id=25945, stack(0x00007fb8088f0000,0x00007fb8089f1000)]
  0x00007fb81c161000 JavaThread "Signal Dispatcher" daemon [_thread_blocked, id=25948, stack(0x00007fb8087ef000,0x00007fb8088f0000)]
  0x00007fb81c165800 JavaThread "C2 CompilerThread0" daemon [_thread_blocked, id=25950, stack(0x00007fb8086ee000,0x00007fb8087ef000)]
  0x00007fb81c167800 JavaThread "C1 CompilerThread0" daemon [_thread_blocked, id=25951, stack(0x00007fb8085ed000,0x00007fb8086ee000)]
  0x00007fb81c169800 JavaThread "Sweeper thread" daemon [_thread_blocked, id=25953, stack(0x00007fb8084ec000,0x00007fb8085ed000)]
  0x00007fb81c182000 JavaThread "Common-Cleaner" daemon [_thread_blocked, id=25955, stack(0x00007fb7eb530000,0x00007fb7eb631000)]
  0x00007fb81c2b7000 JavaThread "JDWP Transport Listener: dt_socket" daemon [_thread_blocked, id=25959, stack(0x00007fb7eb128000,0x00007fb7eb229000)]
  0x00007fb81c2ba000 JavaThread "JDWP Event Helper Thread" daemon [_thread_blocked, id=25961, stack(0x00007fb7eb027000,0x00007fb7eb128000)]
  0x00007fb7cc001800 JavaThread "JDWP Command Reader" daemon [_thread_in_native, id=25963, stack(0x00007fb7eaf26000,0x00007fb7eb027000)]
  0x00007fb81c2bc800 JavaThread "Service Thread" daemon [_thread_blocked, id=25966, stack(0x00007fb7eae25000,0x00007fb7eaf26000)]
=>0x00007fb81c2cf800 JavaThread "Thread-1" [_thread_in_vm, id=25968, stack(0x00007fb7eac22000,0x00007fb7ead23000)]
  0x00007fb81c017800 JavaThread "DestroyJavaVM" [_thread_blocked, id=25930, stack(0x00007fb825dd1000,0x00007fb825ed2000)]

Other Threads:
  0x00007fb81c12f800 VMThread "VM Thread" [stack: 0x00007fb808af4000,0x00007fb808bf4000] [id=25942]
  0x00007fb81c2be800 WatcherThread [stack: 0x00007fb7ead25000,0x00007fb7eae25000] [id=25967]
  0x00007fb81c05b000 GCTaskThread "GC Thread#0" [stack: 0x00007fb8200f3000,0x00007fb8201f3000] [id=25936]
  0x00007fb81c065000 ConcurrentGCThread "G1 Main Marker" [stack: 0x00007fb80bb00000,0x00007fb80bc00000] [id=25937]
  0x00007fb81c066800 ConcurrentGCThread "G1 Conc#0" [stack: 0x00007fb80b9fe000,0x00007fb80bafe000] [id=25938]
  0x00007fb81c0bb000 ConcurrentGCThread "G1 Refine#0" [stack: 0x00007fb8094f8000,0x00007fb8095f8000] [id=25939]
  0x00007fb81c0bc800 ConcurrentGCThread "G1 Young RemSet Sampling" [stack: 0x00007fb8093f6000,0x00007fb8094f6000] [id=25940]

Threads with active compile tasks:

VM state:not at safepoint (normal execution)

VM Mutex/Monitor currently owned by a thread: None

Heap address: 0x00000000b0000000, size: 1280 MB, Compressed Oops mode: 32-bit
Narrow klass base: 0x0000000000000000, Narrow klass shift: 3
Compressed class space size: 1073741824 Address: 0x0000000100000000

Heap:
 garbage-first heap   total 81920K, used 7168K [0x00000000b0000000, 0x0000000100000000)
  region size 1024K, 8 young (8192K), 0 survivors (0K)
 Metaspace       used 7077K, capacity 7212K, committed 7424K, reserved 1056768K
  class space    used 610K, capacity 663K, committed 768K, reserved 1048576K
Heap Regions: E=young(eden), S=young(survivor), O=old, HS=humongous(starts), HC=humongous(continues), CS=collection set, F=free, A=archive, TAMS=top-at-mark-start (previous, next)
|   0|0x00000000b0000000, 0x00000000b0000000, 0x00000000b0100000|  0%| F|  |TAMS 0x00000000b0000000, 0x00000000b0000000| Untracked 
|   1|0x00000000b0100000, 0x00000000b0100000, 0x00000000b0200000|  0%| F|  |TAMS 0x00000000b0100000, 0x00000000b0100000| Untracked 
|   2|0x00000000b0200000, 0x00000000b0200000, 0x00000000b0300000|  0%| F|  |TAMS 0x00000000b0200000, 0x00000000b0200000| Untracked 
|   3|0x00000000b0300000, 0x00000000b0300000, 0x00000000b0400000|  0%| F|  |TAMS 0x00000000b0300000, 0x00000000b0300000| Untracked 
|   4|0x00000000b0400000, 0x00000000b0400000, 0x00000000b0500000|  0%| F|  |TAMS 0x00000000b0400000, 0x00000000b0400000| Untracked 
|   5|0x00000000b0500000, 0x00000000b0500000, 0x00000000b0600000|  0%| F|  |TAMS 0x00000000b0500000, 0x00000000b0500000| Untracked 
|   6|0x00000000b0600000, 0x00000000b0600000, 0x00000000b0700000|  0%| F|  |TAMS 0x00000000b0600000, 0x00000000b0600000| Untracked 
|   7|0x00000000b0700000, 0x00000000b0700000, 0x00000000b0800000|  0%| F|  |TAMS 0x00000000b0700000, 0x00000000b0700000| Untracked 
|   8|0x00000000b0800000, 0x00000000b0800000, 0x00000000b0900000|  0%| F|  |TAMS 0x00000000b0800000, 0x00000000b0800000| Untracked 
|   9|0x00000000b0900000, 0x00000000b0900000, 0x00000000b0a00000|  0%| F|  |TAMS 0x00000000b0900000, 0x00000000b0900000| Untracked 
|  10|0x00000000b0a00000, 0x00000000b0a00000, 0x00000000b0b00000|  0%| F|  |TAMS 0x00000000b0a00000, 0x00000000b0a00000| Untracked 
|  11|0x00000000b0b00000, 0x00000000b0b00000, 0x00000000b0c00000|  0%| F|  |TAMS 0x00000000b0b00000, 0x00000000b0b00000| Untracked 
|  12|0x00000000b0c00000, 0x00000000b0c00000, 0x00000000b0d00000|  0%| F|  |TAMS 0x00000000b0c00000, 0x00000000b0c00000| Untracked 
|  13|0x00000000b0d00000, 0x00000000b0d00000, 0x00000000b0e00000|  0%| F|  |TAMS 0x00000000b0d00000, 0x00000000b0d00000| Untracked 
|  14|0x00000000b0e00000, 0x00000000b0e00000, 0x00000000b0f00000|  0%| F|  |TAMS 0x00000000b0e00000, 0x00000000b0e00000| Untracked 
|  15|0x00000000b0f00000, 0x00000000b0f00000, 0x00000000b1000000|  0%| F|  |TAMS 0x00000000b0f00000, 0x00000000b0f00000| Untracked 
|  16|0x00000000b1000000, 0x00000000b1000000, 0x00000000b1100000|  0%| F|  |TAMS 0x00000000b1000000, 0x00000000b1000000| Untracked 
|  17|0x00000000b1100000, 0x00000000b1100000, 0x00000000b1200000|  0%| F|  |TAMS 0x00000000b1100000, 0x00000000b1100000| Untracked 
|  18|0x00000000b1200000, 0x00000000b1200000, 0x00000000b1300000|  0%| F|  |TAMS 0x00000000b1200000, 0x00000000b1200000| Untracked 
|  19|0x00000000b1300000, 0x00000000b1300000, 0x00000000b1400000|  0%| F|  |TAMS 0x00000000b1300000, 0x00000000b1300000| Untracked 
|  20|0x00000000b1400000, 0x00000000b1400000, 0x00000000b1500000|  0%| F|  |TAMS 0x00000000b1400000, 0x00000000b1400000| Untracked 
|  21|0x00000000b1500000, 0x00000000b1500000, 0x00000000b1600000|  0%| F|  |TAMS 0x00000000b1500000, 0x00000000b1500000| Untracked 
|  22|0x00000000b1600000, 0x00000000b1600000, 0x00000000b1700000|  0%| F|  |TAMS 0x00000000b1600000, 0x00000000b1600000| Untracked 
|  23|0x00000000b1700000, 0x00000000b1700000, 0x00000000b1800000|  0%| F|  |TAMS 0x00000000b1700000, 0x00000000b1700000| Untracked 
|  24|0x00000000b1800000, 0x00000000b1800000, 0x00000000b1900000|  0%| F|  |TAMS 0x00000000b1800000, 0x00000000b1800000| Untracked 
|  25|0x00000000b1900000, 0x00000000b1900000, 0x00000000b1a00000|  0%| F|  |TAMS 0x00000000b1900000, 0x00000000b1900000| Untracked 
|  26|0x00000000b1a00000, 0x00000000b1a00000, 0x00000000b1b00000|  0%| F|  |TAMS 0x00000000b1a00000, 0x00000000b1a00000| Untracked 
|  27|0x00000000b1b00000, 0x00000000b1b00000, 0x00000000b1c00000|  0%| F|  |TAMS 0x00000000b1b00000, 0x00000000b1b00000| Untracked 
|  28|0x00000000b1c00000, 0x00000000b1c00000, 0x00000000b1d00000|  0%| F|  |TAMS 0x00000000b1c00000, 0x00000000b1c00000| Untracked 
|  29|0x00000000b1d00000, 0x00000000b1d00000, 0x00000000b1e00000|  0%| F|  |TAMS 0x00000000b1d00000, 0x00000000b1d00000| Untracked 
|  30|0x00000000b1e00000, 0x00000000b1e00000, 0x00000000b1f00000|  0%| F|  |TAMS 0x00000000b1e00000, 0x00000000b1e00000| Untracked 
|  31|0x00000000b1f00000, 0x00000000b1f00000, 0x00000000b2000000|  0%| F|  |TAMS 0x00000000b1f00000, 0x00000000b1f00000| Untracked 
|  32|0x00000000b2000000, 0x00000000b2000000, 0x00000000b2100000|  0%| F|  |TAMS 0x00000000b2000000, 0x00000000b2000000| Untracked 
|  33|0x00000000b2100000, 0x00000000b2100000, 0x00000000b2200000|  0%| F|  |TAMS 0x00000000b2100000, 0x00000000b2100000| Untracked 
|  34|0x00000000b2200000, 0x00000000b2200000, 0x00000000b2300000|  0%| F|  |TAMS 0x00000000b2200000, 0x00000000b2200000| Untracked 
|  35|0x00000000b2300000, 0x00000000b2300000, 0x00000000b2400000|  0%| F|  |TAMS 0x00000000b2300000, 0x00000000b2300000| Untracked 
|  36|0x00000000b2400000, 0x00000000b2400000, 0x00000000b2500000|  0%| F|  |TAMS 0x00000000b2400000, 0x00000000b2400000| Untracked 
|  37|0x00000000b2500000, 0x00000000b2500000, 0x00000000b2600000|  0%| F|  |TAMS 0x00000000b2500000, 0x00000000b2500000| Untracked 
|  38|0x00000000b2600000, 0x00000000b2600000, 0x00000000b2700000|  0%| F|  |TAMS 0x00000000b2600000, 0x00000000b2600000| Untracked 
|  39|0x00000000b2700000, 0x00000000b2700000, 0x00000000b2800000|  0%| F|  |TAMS 0x00000000b2700000, 0x00000000b2700000| Untracked 
|  40|0x00000000b2800000, 0x00000000b2800000, 0x00000000b2900000|  0%| F|  |TAMS 0x00000000b2800000, 0x00000000b2800000| Untracked 
|  41|0x00000000b2900000, 0x00000000b2900000, 0x00000000b2a00000|  0%| F|  |TAMS 0x00000000b2900000, 0x00000000b2900000| Untracked 
|  42|0x00000000b2a00000, 0x00000000b2a00000, 0x00000000b2b00000|  0%| F|  |TAMS 0x00000000b2a00000, 0x00000000b2a00000| Untracked 
|  43|0x00000000b2b00000, 0x00000000b2b00000, 0x00000000b2c00000|  0%| F|  |TAMS 0x00000000b2b00000, 0x00000000b2b00000| Untracked 
|  44|0x00000000b2c00000, 0x00000000b2c00000, 0x00000000b2d00000|  0%| F|  |TAMS 0x00000000b2c00000, 0x00000000b2c00000| Untracked 
|  45|0x00000000b2d00000, 0x00000000b2d00000, 0x00000000b2e00000|  0%| F|  |TAMS 0x00000000b2d00000, 0x00000000b2d00000| Untracked 
|  46|0x00000000b2e00000, 0x00000000b2e00000, 0x00000000b2f00000|  0%| F|  |TAMS 0x00000000b2e00000, 0x00000000b2e00000| Untracked 
|  47|0x00000000b2f00000, 0x00000000b2f00000, 0x00000000b3000000|  0%| F|  |TAMS 0x00000000b2f00000, 0x00000000b2f00000| Untracked 
|  48|0x00000000b3000000, 0x00000000b3000000, 0x00000000b3100000|  0%| F|  |TAMS 0x00000000b3000000, 0x00000000b3000000| Untracked 
|  49|0x00000000b3100000, 0x00000000b3100000, 0x00000000b3200000|  0%| F|  |TAMS 0x00000000b3100000, 0x00000000b3100000| Untracked 
|  50|0x00000000b3200000, 0x00000000b3200000, 0x00000000b3300000|  0%| F|  |TAMS 0x00000000b3200000, 0x00000000b3200000| Untracked 
|  51|0x00000000b3300000, 0x00000000b3300000, 0x00000000b3400000|  0%| F|  |TAMS 0x00000000b3300000, 0x00000000b3300000| Untracked 
|  52|0x00000000b3400000, 0x00000000b3400000, 0x00000000b3500000|  0%| F|  |TAMS 0x00000000b3400000, 0x00000000b3400000| Untracked 
|  53|0x00000000b3500000, 0x00000000b3500000, 0x00000000b3600000|  0%| F|  |TAMS 0x00000000b3500000, 0x00000000b3500000| Untracked 
|  54|0x00000000b3600000, 0x00000000b3600000, 0x00000000b3700000|  0%| F|  |TAMS 0x00000000b3600000, 0x00000000b3600000| Untracked 
|  55|0x00000000b3700000, 0x00000000b3700000, 0x00000000b3800000|  0%| F|  |TAMS 0x00000000b3700000, 0x00000000b3700000| Untracked 
|  56|0x00000000b3800000, 0x00000000b3800000, 0x00000000b3900000|  0%| F|  |TAMS 0x00000000b3800000, 0x00000000b3800000| Untracked 
|  57|0x00000000b3900000, 0x00000000b3900000, 0x00000000b3a00000|  0%| F|  |TAMS 0x00000000b3900000, 0x00000000b3900000| Untracked 
|  58|0x00000000b3a00000, 0x00000000b3a00000, 0x00000000b3b00000|  0%| F|  |TAMS 0x00000000b3a00000, 0x00000000b3a00000| Untracked 
|  59|0x00000000b3b00000, 0x00000000b3b00000, 0x00000000b3c00000|  0%| F|  |TAMS 0x00000000b3b00000, 0x00000000b3b00000| Untracked 
|  60|0x00000000b3c00000, 0x00000000b3c00000, 0x00000000b3d00000|  0%| F|  |TAMS 0x00000000b3c00000, 0x00000000b3c00000| Untracked 
|  61|0x00000000b3d00000, 0x00000000b3d00000, 0x00000000b3e00000|  0%| F|  |TAMS 0x00000000b3d00000, 0x00000000b3d00000| Untracked 
|  62|0x00000000b3e00000, 0x00000000b3e00000, 0x00000000b3f00000|  0%| F|  |TAMS 0x00000000b3e00000, 0x00000000b3e00000| Untracked 
|  63|0x00000000b3f00000, 0x00000000b3f00000, 0x00000000b4000000|  0%| F|  |TAMS 0x00000000b3f00000, 0x00000000b3f00000| Untracked 
|  64|0x00000000b4000000, 0x00000000b4000000, 0x00000000b4100000|  0%| F|  |TAMS 0x00000000b4000000, 0x00000000b4000000| Untracked 
|  65|0x00000000b4100000, 0x00000000b4100000, 0x00000000b4200000|  0%| F|  |TAMS 0x00000000b4100000, 0x00000000b4100000| Untracked 
|  66|0x00000000b4200000, 0x00000000b4200000, 0x00000000b4300000|  0%| F|  |TAMS 0x00000000b4200000, 0x00000000b4200000| Untracked 
|  67|0x00000000b4300000, 0x00000000b4300000, 0x00000000b4400000|  0%| F|  |TAMS 0x00000000b4300000, 0x00000000b4300000| Untracked 
|  68|0x00000000b4400000, 0x00000000b4400000, 0x00000000b4500000|  0%| F|  |TAMS 0x00000000b4400000, 0x00000000b4400000| Untracked 
|  69|0x00000000b4500000, 0x00000000b4500000, 0x00000000b4600000|  0%| F|  |TAMS 0x00000000b4500000, 0x00000000b4500000| Untracked 
|  70|0x00000000b4600000, 0x00000000b4600000, 0x00000000b4700000|  0%| F|  |TAMS 0x00000000b4600000, 0x00000000b4600000| Untracked 
|  71|0x00000000b4700000, 0x00000000b4700000, 0x00000000b4800000|  0%| F|  |TAMS 0x00000000b4700000, 0x00000000b4700000| Untracked 
|  72|0x00000000b4800000, 0x00000000b4900000, 0x00000000b4900000|100%| E|  |TAMS 0x00000000b4800000, 0x00000000b4800000| Complete 
|  73|0x00000000b4900000, 0x00000000b4a00000, 0x00000000b4a00000|100%| E|CS|TAMS 0x00000000b4900000, 0x00000000b4900000| Complete 
|  74|0x00000000b4a00000, 0x00000000b4b00000, 0x00000000b4b00000|100%| E|CS|TAMS 0x00000000b4a00000, 0x00000000b4a00000| Complete 
|  75|0x00000000b4b00000, 0x00000000b4c00000, 0x00000000b4c00000|100%| E|CS|TAMS 0x00000000b4b00000, 0x00000000b4b00000| Complete 
|  76|0x00000000b4c00000, 0x00000000b4d00000, 0x00000000b4d00000|100%| E|CS|TAMS 0x00000000b4c00000, 0x00000000b4c00000| Complete 
|  77|0x00000000b4d00000, 0x00000000b4e00000, 0x00000000b4e00000|100%| E|CS|TAMS 0x00000000b4d00000, 0x00000000b4d00000| Complete 
|  78|0x00000000b4e00000, 0x00000000b4f00000, 0x00000000b4f00000|100%| E|CS|TAMS 0x00000000b4e00000, 0x00000000b4e00000| Complete 
|  79|0x00000000b4f00000, 0x00000000b5000000, 0x00000000b5000000|100%| E|CS|TAMS 0x00000000b4f00000, 0x00000000b4f00000| Complete 

Card table byte_map: [0x00007fb821873000,0x00007fb821af3000] _byte_map_base: 0x00007fb8212f3000

Marking Bits (Prev, Next): (CMBitMap*) 0x00007fb81c05c518, (CMBitMap*) 0x00007fb81c05c558
 Prev Bits: [0x00007fb8201f3000, 0x00007fb8215f3000)
 Next Bits: [0x00007fb80bc00000, 0x00007fb80d000000)

Polling page: 0x00007fb825ee5000

Metaspace:

Usage:
  Non-class:      6,40 MB capacity,     6,32 MB ( 99%) used,    71,31 KB (  1%) free+waste,    10,69 KB ( <1%) overhead. 
      Class:    663,00 KB capacity,   610,20 KB ( 92%) used,    47,23 KB (  7%) free+waste,     5,56 KB ( <1%) overhead. 
       Both:      7,04 MB capacity,     6,91 MB ( 98%) used,   118,55 KB (  2%) free+waste,    16,25 KB ( <1%) overhead. 

Virtual space:
  Non-class space:        8,00 MB reserved,       6,50 MB ( 81%) committed 
      Class space:        1,00 GB reserved,     768,00 KB ( <1%) committed 
             Both:        1,01 GB reserved,       7,25 MB ( <1%) committed 

Chunk freelists:
   Non-Class:  27,00 KB
       Class:  9,00 KB
        Both:  36,00 KB

MaxMetaspaceSize: unlimited
CompressedClassSpaceSize: 1,00 GB

CodeHeap 'non-profiled nmethods': size=120032Kb used=193Kb max_used=193Kb free=119838Kb
 bounds [0x00007fb814ac8000, 0x00007fb814d38000, 0x00007fb81c000000]
CodeHeap 'profiled nmethods': size=120032Kb used=730Kb max_used=730Kb free=119302Kb
 bounds [0x00007fb80d590000, 0x00007fb80d800000, 0x00007fb814ac8000]
CodeHeap 'non-nmethods': size=5696Kb used=1183Kb max_used=1212Kb free=4513Kb
 bounds [0x00007fb80d000000, 0x00007fb80d270000, 0x00007fb80d590000]
 total_blobs=997 nmethods=521 adapters=248
 compilation: enabled
              stopped_count=0, restarted_count=0
 full_count=0

Compilation events (10 events):
Event: 1,192 Thread 0x00007fb81c167800  523       3       java.lang.invoke.MemberName::isStatic (8 bytes)
Event: 1,192 Thread 0x00007fb81c167800 nmethod 523 0x00007fb80d644d90 code [0x00007fb80d644f40, 0x00007fb80d645150]
Event: 1,192 Thread 0x00007fb81c167800  524       3       java.lang.invoke.MemberName::isConstructor (8 bytes)
Event: 1,193 Thread 0x00007fb81c167800 nmethod 524 0x00007fb80d645210 code [0x00007fb80d6453c0, 0x00007fb80d645650]
Event: 1,193 Thread 0x00007fb81c167800  521       3       java.lang.ref.SoftReference::get (29 bytes)
Event: 1,193 Thread 0x00007fb81c167800 nmethod 521 0x00007fb80d645710 code [0x00007fb80d6458c0, 0x00007fb80d645af0]
Event: 1,193 Thread 0x00007fb81c167800  525       3       jdk.internal.org.objectweb.asm.ByteVector::put122 (93 bytes)
Event: 1,194 Thread 0x00007fb81c167800 nmethod 525 0x00007fb80d645b90 code [0x00007fb80d645d40, 0x00007fb80d646048]
Event: 2,669 Thread 0x00007fb81c167800  526       3       java.nio.ByteBuffer::arrayOffset (35 bytes)
Event: 2,670 Thread 0x00007fb81c167800 nmethod 526 0x00007fb80d646210 code [0x00007fb80d6463e0, 0x00007fb80d6466d8]

GC Heap History (0 events):
No events

Deoptimization events (1 events):
Event: 0,938 Thread 0x00007fb81c017800 Uncommon trap: reason=unstable_if action=reinterpret pc=0x00007fb814add12c method=java.util.HashMap.putVal(ILjava/lang/Object;Ljava/lang/Object;ZZ)Ljava/lang/Object; @ 236 c2

Classes unloaded (0 events):
No events

Classes redefined (0 events):
No events

Internal exceptions (10 events):
Event: 0,564 Thread 0x00007fb81c017800 Exception <a 'java/lang/NoSuchMethodError'{0x00000000b4c0fbc0}: 'java.lang.Object java.lang.invoke.DirectMethodHandle$Holder.invokeInterface(java.lang.Object, java.lang.Object)'> (0x00000000b4c0fbc0) 
thrown [/home/dmitry/Downloads/LOOM/loom/src/hotspot/share/interpreter/linkResolver.cpp, line 768]
for thread 0x00007fb81c017800
Event: 0,570 Thread 0x00007fb81c017800 Exception <a 'java/lang/NoSuchMethodError'{0x00000000b4c16788}: 'int java.lang.invoke.DirectMethodHandle$Holder.invokeStatic(java.lang.Object, java.lang.Object)'> (0x00000000b4c16788) 
thrown [/home/dmitry/Downloads/LOOM/loom/src/hotspot/share/interpreter/linkResolver.cpp, line 768]
for thread 0x00007fb81c017800
Event: 0,582 Thread 0x00007fb81c017800 Exception <a 'java/lang/NoSuchMethodError'{0x00000000b4c20dc8}: 'java.lang.Object java.lang.invoke.DirectMethodHandle$Holder.invokeVirtual(java.lang.Object, java.lang.Object)'> (0x00000000b4c20dc8) 
thrown [/home/dmitry/Downloads/LOOM/loom/src/hotspot/share/interpreter/linkResolver.cpp, line 768]
for thread 0x00007fb81c017800
Event: 0,585 Thread 0x00007fb81c017800 Exception <a 'java/lang/NoSuchMethodError'{0x00000000b4c28990}: 'int java.lang.invoke.DirectMethodHandle$Holder.invokeSpecial(java.lang.Object, java.lang.Object)'> (0x00000000b4c28990) 
thrown [/home/dmitry/Downloads/LOOM/loom/src/hotspot/share/interpreter/linkResolver.cpp, line 768]
for thread 0x00007fb81c017800
Event: 0,806 Thread 0x00007fb81c017800 Exception <a 'java/lang/NoSuchMethodError'{0x00000000b4ab9ba8}: 'void java.lang.invoke.DirectMethodHandle$Holder.invokeStatic(java.lang.Object, java.lang.Object, java.lang.Object)'> (0x00000000b4ab9ba8) 
thrown [/home/dmitry/Downloads/LOOM/loom/src/hotspot/share/interpreter/linkResolver.cpp, line 768]
for thread 0x00007fb81c017800
Event: 0,832 Thread 0x00007fb81c017800 Exception <a 'java/lang/NoSuchMethodError'{0x00000000b4ae5158}: 'java.lang.Object java.lang.invoke.Invokers$Holder.linkToTargetMethod(java.lang.Object, java.lang.Object, java.lang.Object, java.lang.Object)'> (0x00000000b4ae5158) 
thrown [/home/dmitry/Downloads/LOOM/loom/src/hotspot/share/interpreter/linkResolver.cpp, line 768]
for thread 0x00007fb81c017800
Event: 0,957 Thread 0x00007fb81c017800 Exception <a 'java/lang/NoSuchMethodError'{0x00000000b4960d88}: 'java.lang.Object java.lang.invoke.DirectMethodHandle$Holder.invokeStaticInit(java.lang.Object, java.lang.Object)'> (0x00000000b4960d88) 
thrown [/home/dmitry/Downloads/LOOM/loom/src/hotspot/share/interpreter/linkResolver.cpp, line 768]
for thread 0x00007fb81c017800
Event: 0,960 Thread 0x00007fb81c017800 Exception <a 'java/lang/NoSuchMethodError'{0x00000000b4968ab8}: 'void java.lang.invoke.DirectMethodHandle$Holder.invokeStaticInit(java.lang.Object, java.lang.Object, java.lang.Object)'> (0x00000000b4968ab8) 
thrown [/home/dmitry/Downloads/LOOM/loom/src/hotspot/share/interpreter/linkResolver.cpp, line 768]
for thread 0x00007fb81c017800
Event: 1,190 Thread 0x00007fb81c017800 Exception <a 'java/lang/NoSuchMethodError'{0x00000000b4802b38}: 'void java.lang.invoke.DirectMethodHandle$Holder.invokeStatic(java.lang.Object)'> (0x00000000b4802b38) 
thrown [/home/dmitry/Downloads/LOOM/loom/src/hotspot/share/interpreter/linkResolver.cpp, line 768]
for thread 0x00007fb81c017800
Event: 1,192 Thread 0x00007fb81c017800 Exception <a 'java/lang/NoSuchMethodError'{0x00000000b4807280}: 'void java.lang.invoke.DirectMethodHandle$Holder.invokeSpecial(java.lang.Object, java.lang.Object)'> (0x00000000b4807280) 
thrown [/home/dmitry/Downloads/LOOM/loom/src/hotspot/share/interpreter/linkResolver.cpp, line 768]
for thread 0x00007fb81c017800

Events (10 events):
Event: 9,541 Executing VM operation: SetFramePop
Event: 9,542 Executing nested VM operation: EnterInterpOnlyMode
Event: 9,542 Executing nested VM operation: EnterInterpOnlyMode done
Event: 9,542 Executing VM operation: SetFramePop done
Event: 9,542 Executing VM operation: GetFrameLocation
Event: 9,542 Executing VM operation: GetFrameLocation done
Event: 9,542 Executing VM operation: GetCurrentLocation
Event: 9,542 Executing VM operation: GetCurrentLocation done
Event: 9,542 Executing VM operation: ChangeSingleStep
Event: 9,542 Executing VM operation: ChangeSingleStep done


Dynamic libraries:
b0000000-b5000000 rw-p 00000000 00:00 0 
b5000000-100000000 ---p 00000000 00:00 0 
100000000-1000c0000 rw-p 00000000 00:00 0 
1000c0000-140000000 ---p 00000000 00:00 0 
557b297d5000-557b297d6000 r-xp 00000000 08:01 2499664                    /home/dmitry/Downloads/LOOM/loom/build/linux-x86_64-server-release/jdk/bin/java
557b299d6000-557b299d7000 r--p 00001000 08:01 2499664                    /home/dmitry/Downloads/LOOM/loom/build/linux-x86_64-server-release/jdk/bin/java
557b299d7000-557b299d8000 rw-p 00002000 08:01 2499664                    /home/dmitry/Downloads/LOOM/loom/build/linux-x86_64-server-release/jdk/bin/java
557b2b0d1000-557b2b0f2000 rw-p 00000000 00:00 0                          [heap]
7fb7b0000000-7fb7b0021000 rw-p 00000000 00:00 0 
7fb7b0021000-7fb7b4000000 ---p 00000000 00:00 0 
7fb7b4000000-7fb7b4021000 rw-p 00000000 00:00 0 
7fb7b4021000-7fb7b8000000 ---p 00000000 00:00 0 
7fb7b8000000-7fb7b8021000 rw-p 00000000 00:00 0 
7fb7b8021000-7fb7bc000000 ---p 00000000 00:00 0 
7fb7bc000000-7fb7bc021000 rw-p 00000000 00:00 0 
7fb7bc021000-7fb7c0000000 ---p 00000000 00:00 0 
7fb7c0000000-7fb7c0021000 rw-p 00000000 00:00 0 
7fb7c0021000-7fb7c4000000 ---p 00000000 00:00 0 
7fb7c4000000-7fb7c4021000 rw-p 00000000 00:00 0 
7fb7c4021000-7fb7c8000000 ---p 00000000 00:00 0 
7fb7c8000000-7fb7c8236000 rw-p 00000000 00:00 0 
7fb7c8236000-7fb7cc000000 ---p 00000000 00:00 0 
7fb7cc000000-7fb7cc044000 rw-p 00000000 00:00 0 
7fb7cc044000-7fb7d0000000 ---p 00000000 00:00 0 
7fb7d0000000-7fb7d0021000 rw-p 00000000 00:00 0 
7fb7d0021000-7fb7d4000000 ---p 00000000 00:00 0 
7fb7d4000000-7fb7d4021000 rw-p 00000000 00:00 0 
7fb7d4021000-7fb7d8000000 ---p 00000000 00:00 0 
7fb7d8000000-7fb7d8340000 rw-p 00000000 00:00 0 
7fb7d8340000-7fb7dc000000 ---p 00000000 00:00 0 
7fb7dc000000-7fb7dc1b7000 rw-p 00000000 00:00 0 
7fb7dc1b7000-7fb7e0000000 ---p 00000000 00:00 0 
7fb7e0000000-7fb7e0021000 rw-p 00000000 00:00 0 
7fb7e0021000-7fb7e4000000 ---p 00000000 00:00 0 
7fb7e4000000-7fb7e4021000 rw-p 00000000 00:00 0 
7fb7e4021000-7fb7e8000000 ---p 00000000 00:00 0 
7fb7ea726000-7fb7eab21000 rw-p 00000000 00:00 0 
7fb7eab21000-7fb7eab25000 ---p 00000000 00:00 0 
7fb7eab25000-7fb7eac22000 rw-p 00000000 00:00 0 
7fb7eac22000-7fb7eac26000 ---p 00000000 00:00 0 
7fb7eac26000-7fb7ead23000 rw-p 00000000 00:00 0 
7fb7ead23000-7fb7ead24000 ---p 00000000 00:00 0 
7fb7ead24000-7fb7eae25000 rw-p 00000000 00:00 0 
7fb7eae25000-7fb7eae29000 ---p 00000000 00:00 0 
7fb7eae29000-7fb7eaf26000 rw-p 00000000 00:00 0 
7fb7eaf26000-7fb7eaf2a000 ---p 00000000 00:00 0 
7fb7eaf2a000-7fb7eb027000 rw-p 00000000 00:00 0 
7fb7eb027000-7fb7eb02b000 ---p 00000000 00:00 0 
7fb7eb02b000-7fb7eb128000 rw-p 00000000 00:00 0 
7fb7eb128000-7fb7eb12c000 ---p 00000000 00:00 0 
7fb7eb12c000-7fb7eb229000 rw-p 00000000 00:00 0 
7fb7eb229000-7fb7eb22e000 r-xp 00000000 08:01 2766484                    /home/dmitry/Downloads/LOOM/loom/build/linux-x86_64-server-release/jdk/lib/libdt_socket.so
7fb7eb22e000-7fb7eb42d000 ---p 00005000 08:01 2766484                    /home/dmitry/Downloads/LOOM/loom/build/linux-x86_64-server-release/jdk/lib/libdt_socket.so
7fb7eb42d000-7fb7eb42e000 r--p 00004000 08:01 2766484                    /home/dmitry/Downloads/LOOM/loom/build/linux-x86_64-server-release/jdk/lib/libdt_socket.so
7fb7eb42e000-7fb7eb42f000 rw-p 00005000 08:01 2766484                    /home/dmitry/Downloads/LOOM/loom/build/linux-x86_64-server-release/jdk/lib/libdt_socket.so
7fb7eb42f000-7fb7eb433000 ---p 00000000 00:00 0 
7fb7eb433000-7fb7eb530000 rw-p 00000000 00:00 0 
7fb7eb530000-7fb7eb534000 ---p 00000000 00:00 0 
7fb7eb534000-7fb7eb631000 rw-p 00000000 00:00 0 
7fb7eb631000-7fb7ec000000 r--p 00000000 08:01 10230401                   /usr/lib/locale/locale-archive
7fb7ec000000-7fb7ec021000 rw-p 00000000 00:00 0 
7fb7ec021000-7fb7f0000000 ---p 00000000 00:00 0 
7fb7f0000000-7fb7f0021000 rw-p 00000000 00:00 0 
7fb7f0021000-7fb7f4000000 ---p 00000000 00:00 0 
7fb7f4000000-7fb7f4021000 rw-p 00000000 00:00 0 
7fb7f4021000-7fb7f8000000 ---p 00000000 00:00 0 
7fb7f8000000-7fb7f8021000 rw-p 00000000 00:00 0 
7fb7f8021000-7fb7fc000000 ---p 00000000 00:00 0 
7fb7fc000000-7fb7fc021000 rw-p 00000000 00:00 0 
7fb7fc021000-7fb800000000 ---p 00000000 00:00 0 
7fb800000000-7fb800021000 rw-p 00000000 00:00 0 
7fb800021000-7fb804000000 ---p 00000000 00:00 0 
7fb804000000-7fb804021000 rw-p 00000000 00:00 0 
7fb804021000-7fb808000000 ---p 00000000 00:00 0 
7fb808091000-7fb8080c2000 rw-p 00000000 00:00 0 
7fb8080c2000-7fb8080d8000 r-xp 00000000 08:01 2766080                    /home/dmitry/Downloads/LOOM/loom/build/linux-x86_64-server-release/jdk/lib/libnet.so
7fb8080d8000-7fb8082d8000 ---p 00016000 08:01 2766080                    /home/dmitry/Downloads/LOOM/loom/build/linux-x86_64-server-release/jdk/lib/libnet.so
7fb8082d8000-7fb8082d9000 r--p 00016000 08:01 2766080                    /home/dmitry/Downloads/LOOM/loom/build/linux-x86_64-server-release/jdk/lib/libnet.so
7fb8082d9000-7fb8082da000 rw-p 00017000 08:01 2766080                    /home/dmitry/Downloads/LOOM/loom/build/linux-x86_64-server-release/jdk/lib/libnet.so
7fb8082da000-7fb8082eb000 r-xp 00000000 08:01 2766082                    /home/dmitry/Downloads/LOOM/loom/build/linux-x86_64-server-release/jdk/lib/libnio.so
7fb8082eb000-7fb8084ea000 ---p 00011000 08:01 2766082                    /home/dmitry/Downloads/LOOM/loom/build/linux-x86_64-server-release/jdk/lib/libnio.so
7fb8084ea000-7fb8084eb000 r--p 00010000 08:01 2766082                    /home/dmitry/Downloads/LOOM/loom/build/linux-x86_64-server-release/jdk/lib/libnio.so
7fb8084eb000-7fb8084ec000 rw-p 00011000 08:01 2766082                    /home/dmitry/Downloads/LOOM/loom/build/linux-x86_64-server-release/jdk/lib/libnio.so
7fb8084ec000-7fb8084f0000 ---p 00000000 00:00 0 
7fb8084f0000-7fb8085ed000 rw-p 00000000 00:00 0 
7fb8085ed000-7fb8085f1000 ---p 00000000 00:00 0 
7fb8085f1000-7fb8086ee000 rw-p 00000000 00:00 0 
7fb8086ee000-7fb8086f2000 ---p 00000000 00:00 0 
7fb8086f2000-7fb8087ef000 rw-p 00000000 00:00 0 
7fb8087ef000-7fb8087f3000 ---p 00000000 00:00 0 
7fb8087f3000-7fb8088f0000 rw-p 00000000 00:00 0 
7fb8088f0000-7fb8088f4000 ---p 00000000 00:00 0 
7fb8088f4000-7fb8089f1000 rw-p 00000000 00:00 0 
7fb8089f1000-7fb8089f5000 ---p 00000000 00:00 0 
7fb8089f5000-7fb808af2000 rw-p 00000000 00:00 0 
7fb808af2000-7fb808af3000 ---p 00000000 00:00 0 
7fb808af3000-7fb809274000 rw-p 00000000 00:00 0 
7fb809274000-7fb8093f4000 ---p 00000000 00:00 0 
7fb8093f4000-7fb8093f5000 ---p 00000000 00:00 0 
7fb8093f5000-7fb8094f6000 rw-p 00000000 00:00 0 
7fb8094f6000-7fb8094f7000 ---p 00000000 00:00 0 
7fb8094f7000-7fb80b9fc000 rw-p 00000000 00:00 0 
7fb80b9fc000-7fb80b9fd000 ---p 00000000 00:00 0 
7fb80b9fd000-7fb80bafe000 rw-p 00000000 00:00 0 
7fb80bafe000-7fb80baff000 ---p 00000000 00:00 0 
7fb80baff000-7fb80bd40000 rw-p 00000000 00:00 0 
7fb80bd40000-7fb80d000000 ---p 00000000 00:00 0 
7fb80d000000-7fb80d270000 rwxp 00000000 00:00 0 
7fb80d270000-7fb80d590000 ---p 00000000 00:00 0 
7fb80d590000-7fb80d800000 rwxp 00000000 00:00 0 
7fb80d800000-7fb814ac8000 ---p 00000000 00:00 0 
7fb814ac8000-7fb814d38000 rwxp 00000000 00:00 0 
7fb814d38000-7fb81c000000 ---p 00000000 00:00 0 
7fb81c000000-7fb81c2d5000 rw-p 00000000 00:00 0 
7fb81c2d5000-7fb820000000 ---p 00000000 00:00 0 
7fb820015000-7fb8200f1000 rw-p 00000000 00:00 0 
7fb8200f1000-7fb8200f2000 ---p 00000000 00:00 0 
7fb8200f2000-7fb820333000 rw-p 00000000 00:00 0 
7fb820333000-7fb8215f3000 ---p 00000000 00:00 0 
7fb8215f3000-7fb82161b000 rw-p 00000000 00:00 0 
7fb82161b000-7fb821873000 ---p 00000000 00:00 0 
7fb821873000-7fb82189b000 rw-p 00000000 00:00 0 
7fb82189b000-7fb821af3000 ---p 00000000 00:00 0 
7fb821af3000-7fb821b1b000 rw-p 00000000 00:00 0 
7fb821b1b000-7fb821d73000 ---p 00000000 00:00 0 
7fb821d73000-7fb82217c000 rw-p 00000000 00:00 0 
7fb82217c000-7fb822262000 ---p 00000000 00:00 0 
7fb822262000-7fb822267000 rw-p 00000000 00:00 0 
7fb822267000-7fb82234d000 ---p 00000000 00:00 0 
7fb82234d000-7fb822368000 r-xp 00000000 08:01 2766076                    /home/dmitry/Downloads/LOOM/loom/build/linux-x86_64-server-release/jdk/lib/libjimage.so
7fb822368000-7fb822567000 ---p 0001b000 08:01 2766076                    /home/dmitry/Downloads/LOOM/loom/build/linux-x86_64-server-release/jdk/lib/libjimage.so
7fb822567000-7fb822569000 r--p 0001a000 08:01 2766076                    /home/dmitry/Downloads/LOOM/loom/build/linux-x86_64-server-release/jdk/lib/libjimage.so
7fb822569000-7fb82256a000 rw-p 0001c000 08:01 2766076                    /home/dmitry/Downloads/LOOM/loom/build/linux-x86_64-server-release/jdk/lib/libjimage.so
7fb82256a000-7fb822571000 r-xp 00000000 08:01 2766075                    /home/dmitry/Downloads/LOOM/loom/build/linux-x86_64-server-release/jdk/lib/libzip.so
7fb822571000-7fb822770000 ---p 00007000 08:01 2766075                    /home/dmitry/Downloads/LOOM/loom/build/linux-x86_64-server-release/jdk/lib/libzip.so
7fb822770000-7fb822771000 r--p 00006000 08:01 2766075                    /home/dmitry/Downloads/LOOM/loom/build/linux-x86_64-server-release/jdk/lib/libzip.so
7fb822771000-7fb822772000 rw-p 00007000 08:01 2766075                    /home/dmitry/Downloads/LOOM/loom/build/linux-x86_64-server-release/jdk/lib/libzip.so
7fb822772000-7fb82277d000 r-xp 00000000 08:01 1184572                    /lib/x86_64-linux-gnu/libnss_files-2.27.so
7fb82277d000-7fb82297c000 ---p 0000b000 08:01 1184572                    /lib/x86_64-linux-gnu/libnss_files-2.27.so
7fb82297c000-7fb82297d000 r--p 0000a000 08:01 1184572                    /lib/x86_64-linux-gnu/libnss_files-2.27.so
7fb82297d000-7fb82297e000 rw-p 0000b000 08:01 1184572                    /lib/x86_64-linux-gnu/libnss_files-2.27.so
7fb82297e000-7fb822984000 rw-p 00000000 00:00 0 
7fb822984000-7fb82299b000 r-xp 00000000 08:01 1184566                    /lib/x86_64-linux-gnu/libnsl-2.27.so
7fb82299b000-7fb822b9a000 ---p 00017000 08:01 1184566                    /lib/x86_64-linux-gnu/libnsl-2.27.so
7fb822b9a000-7fb822b9b000 r--p 00016000 08:01 1184566                    /lib/x86_64-linux-gnu/libnsl-2.27.so
7fb822b9b000-7fb822b9c000 rw-p 00017000 08:01 1184566                    /lib/x86_64-linux-gnu/libnsl-2.27.so
7fb822b9c000-7fb822b9e000 rw-p 00000000 00:00 0 
7fb822b9e000-7fb822ba9000 r-xp 00000000 08:01 1184583                    /lib/x86_64-linux-gnu/libnss_nis-2.27.so
7fb822ba9000-7fb822da8000 ---p 0000b000 08:01 1184583                    /lib/x86_64-linux-gnu/libnss_nis-2.27.so
7fb822da8000-7fb822da9000 r--p 0000a000 08:01 1184583                    /lib/x86_64-linux-gnu/libnss_nis-2.27.so
7fb822da9000-7fb822daa000 rw-p 0000b000 08:01 1184583                    /lib/x86_64-linux-gnu/libnss_nis-2.27.so
7fb822daa000-7fb822db2000 r-xp 00000000 08:01 1184568                    /lib/x86_64-linux-gnu/libnss_compat-2.27.so
7fb822db2000-7fb822fb2000 ---p 00008000 08:01 1184568                    /lib/x86_64-linux-gnu/libnss_compat-2.27.so
7fb822fb2000-7fb822fb3000 r--p 00008000 08:01 1184568                    /lib/x86_64-linux-gnu/libnss_compat-2.27.so
7fb822fb3000-7fb822fb4000 rw-p 00009000 08:01 1184568                    /lib/x86_64-linux-gnu/libnss_compat-2.27.so
7fb822fb4000-7fb822ff3000 r-xp 00000000 08:01 2766492                    /home/dmitry/Downloads/LOOM/loom/build/linux-x86_64-server-release/jdk/lib/libjdwp.so
7fb822ff3000-7fb8231f2000 ---p 0003f000 08:01 2766492                    /home/dmitry/Downloads/LOOM/loom/build/linux-x86_64-server-release/jdk/lib/libjdwp.so
7fb8231f2000-7fb8231f3000 r--p 0003e000 08:01 2766492                    /home/dmitry/Downloads/LOOM/loom/build/linux-x86_64-server-release/jdk/lib/libjdwp.so
7fb8231f3000-7fb8231f4000 rw-p 0003f000 08:01 2766492                    /home/dmitry/Downloads/LOOM/loom/build/linux-x86_64-server-release/jdk/lib/libjdwp.so
7fb8231f4000-7fb8231f5000 rw-p 00000000 00:00 0 
7fb8231f5000-7fb82321e000 r-xp 00000000 08:01 2766074                    /home/dmitry/Downloads/LOOM/loom/build/linux-x86_64-server-release/jdk/lib/libjava.so
7fb82321e000-7fb82341d000 ---p 00029000 08:01 2766074                    /home/dmitry/Downloads/LOOM/loom/build/linux-x86_64-server-release/jdk/lib/libjava.so
7fb82341d000-7fb82341e000 r--p 00028000 08:01 2766074                    /home/dmitry/Downloads/LOOM/loom/build/linux-x86_64-server-release/jdk/lib/libjava.so
7fb82341e000-7fb823420000 rw-p 00029000 08:01 2766074                    /home/dmitry/Downloads/LOOM/loom/build/linux-x86_64-server-release/jdk/lib/libjava.so
7fb823420000-7fb82342d000 r-xp 00000000 08:01 2766068                    /home/dmitry/Downloads/LOOM/loom/build/linux-x86_64-server-release/jdk/lib/libverify.so
7fb82342d000-7fb82362c000 ---p 0000d000 08:01 2766068                    /home/dmitry/Downloads/LOOM/loom/build/linux-x86_64-server-release/jdk/lib/libverify.so
7fb82362c000-7fb82362e000 r--p 0000c000 08:01 2766068                    /home/dmitry/Downloads/LOOM/loom/build/linux-x86_64-server-release/jdk/lib/libverify.so
7fb82362e000-7fb82362f000 rw-p 0000e000 08:01 2766068                    /home/dmitry/Downloads/LOOM/loom/build/linux-x86_64-server-release/jdk/lib/libverify.so
7fb82362f000-7fb8237cc000 r-xp 00000000 08:01 1184545                    /lib/x86_64-linux-gnu/libm-2.27.so
7fb8237cc000-7fb8239cb000 ---p 0019d000 08:01 1184545                    /lib/x86_64-linux-gnu/libm-2.27.so
7fb8239cb000-7fb8239cc000 r--p 0019c000 08:01 1184545                    /lib/x86_64-linux-gnu/libm-2.27.so
7fb8239cc000-7fb8239cd000 rw-p 0019d000 08:01 1184545                    /lib/x86_64-linux-gnu/libm-2.27.so
7fb8239cd000-7fb824cf9000 r-xp 00000000 08:01 2766065                    /home/dmitry/Downloads/LOOM/loom/build/linux-x86_64-server-release/jdk/lib/server/libjvm.so
7fb824cf9000-7fb824ef8000 ---p 0132c000 08:01 2766065                    /home/dmitry/Downloads/LOOM/loom/build/linux-x86_64-server-release/jdk/lib/server/libjvm.so
7fb824ef8000-7fb824fc0000 r--p 0132b000 08:01 2766065                    /home/dmitry/Downloads/LOOM/loom/build/linux-x86_64-server-release/jdk/lib/server/libjvm.so
7fb824fc0000-7fb824ffb000 rw-p 013f3000 08:01 2766065                    /home/dmitry/Downloads/LOOM/loom/build/linux-x86_64-server-release/jdk/lib/server/libjvm.so
7fb824ffb000-7fb825081000 rw-p 00000000 00:00 0 
7fb825081000-7fb82509b000 r-xp 00000000 08:01 1184615                    /lib/x86_64-linux-gnu/libpthread-2.27.so
7fb82509b000-7fb82529a000 ---p 0001a000 08:01 1184615                    /lib/x86_64-linux-gnu/libpthread-2.27.so
7fb82529a000-7fb82529b000 r--p 00019000 08:01 1184615                    /lib/x86_64-linux-gnu/libpthread-2.27.so
7fb82529b000-7fb82529c000 rw-p 0001a000 08:01 1184615                    /lib/x86_64-linux-gnu/libpthread-2.27.so
7fb82529c000-7fb8252a0000 rw-p 00000000 00:00 0 
7fb8252a0000-7fb8252a3000 r-xp 00000000 08:01 1184505                    /lib/x86_64-linux-gnu/libdl-2.27.so
7fb8252a3000-7fb8254a2000 ---p 00003000 08:01 1184505                    /lib/x86_64-linux-gnu/libdl-2.27.so
7fb8254a2000-7fb8254a3000 r--p 00002000 08:01 1184505                    /lib/x86_64-linux-gnu/libdl-2.27.so
7fb8254a3000-7fb8254a4000 rw-p 00003000 08:01 1184505                    /lib/x86_64-linux-gnu/libdl-2.27.so
7fb8254a4000-7fb8254c0000 r-xp 00000000 08:01 1184654                    /lib/x86_64-linux-gnu/libz.so.1.2.11
7fb8254c0000-7fb8256bf000 ---p 0001c000 08:01 1184654                    /lib/x86_64-linux-gnu/libz.so.1.2.11
7fb8256bf000-7fb8256c0000 r--p 0001b000 08:01 1184654                    /lib/x86_64-linux-gnu/libz.so.1.2.11
7fb8256c0000-7fb8256c1000 rw-p 0001c000 08:01 1184654                    /lib/x86_64-linux-gnu/libz.so.1.2.11
7fb8256c1000-7fb8258a8000 r-xp 00000000 08:01 1184482                    /lib/x86_64-linux-gnu/libc-2.27.so
7fb8258a8000-7fb825aa8000 ---p 001e7000 08:01 1184482                    /lib/x86_64-linux-gnu/libc-2.27.so
7fb825aa8000-7fb825aac000 r--p 001e7000 08:01 1184482                    /lib/x86_64-linux-gnu/libc-2.27.so
7fb825aac000-7fb825aae000 rw-p 001eb000 08:01 1184482                    /lib/x86_64-linux-gnu/libc-2.27.so
7fb825aae000-7fb825ab2000 rw-p 00000000 00:00 0 
7fb825ab2000-7fb825ac2000 r-xp 00000000 08:01 2766070                    /home/dmitry/Downloads/LOOM/loom/build/linux-x86_64-server-release/jdk/lib/libjli.so
7fb825ac2000-7fb825cc1000 ---p 00010000 08:01 2766070                    /home/dmitry/Downloads/LOOM/loom/build/linux-x86_64-server-release/jdk/lib/libjli.so
7fb825cc1000-7fb825cc2000 r--p 0000f000 08:01 2766070                    /home/dmitry/Downloads/LOOM/loom/build/linux-x86_64-server-release/jdk/lib/libjli.so
7fb825cc2000-7fb825cc3000 rw-p 00010000 08:01 2766070                    /home/dmitry/Downloads/LOOM/loom/build/linux-x86_64-server-release/jdk/lib/libjli.so
7fb825cc3000-7fb825cea000 r-xp 00000000 08:01 1184454                    /lib/x86_64-linux-gnu/ld-2.27.so
7fb825d17000-7fb825dca000 rw-p 00000000 00:00 0 
7fb825dca000-7fb825dd1000 ---p 00000000 00:00 0 
7fb825dd1000-7fb825dd5000 ---p 00000000 00:00 0 
7fb825dd5000-7fb825ed4000 rw-p 00000000 00:00 0 
7fb825ed6000-7fb825edd000 r--s 00000000 08:01 10488549                   /usr/lib/x86_64-linux-gnu/gconv/gconv-modules.cache
7fb825edd000-7fb825ee5000 rw-s 00000000 08:01 524311                     /tmp/hsperfdata_dmitry/25928
7fb825ee5000-7fb825ee6000 ---p 00000000 00:00 0 
7fb825ee6000-7fb825ee7000 r--p 00000000 00:00 0 
7fb825ee7000-7fb825ee8000 ---p 00000000 00:00 0 
7fb825ee8000-7fb825eea000 rw-p 00000000 00:00 0 
7fb825eea000-7fb825eeb000 r--p 00027000 08:01 1184454                    /lib/x86_64-linux-gnu/ld-2.27.so
7fb825eeb000-7fb825eec000 rw-p 00028000 08:01 1184454                    /lib/x86_64-linux-gnu/ld-2.27.so
7fb825eec000-7fb825eed000 rw-p 00000000 00:00 0 
7ffc56a1c000-7ffc56a3f000 rw-p 00000000 00:00 0                          [stack]
7ffc56b66000-7ffc56b69000 r--p 00000000 00:00 0                          [vvar]
7ffc56b69000-7ffc56b6b000 r-xp 00000000 00:00 0                          [vdso]
ffffffffff600000-ffffffffff601000 r-xp 00000000 00:00 0                  [vsyscall]


VM Arguments:
jvm_args: -agentlib:jdwp=transport=dt_socket,address=127.0.0.1:30683,suspend=y,server=n -Dfile.encoding=UTF-8 
java_command: Main
java_class_path (initial): /home/dmitry/Downloads/LOOM/loom/build/linux-x86_64-server-release/jdk/modules/java.base:/home/dmitry/Downloads/LOOM/loom/build/linux-x86_64-server-release/jdk/modules/java.compiler:/home/dmitry/Downloads/LOOM/loom/build/linux-x86_64-server-release/jdk/modules/java.datatransfer:/home/dmitry/Downloads/LOOM/loom/build/linux-x86_64-server-release/jdk/modules/java.desktop:/home/dmitry/Downloads/LOOM/loom/build/linux-x86_64-server-release/jdk/modules/java.instrument:/home/dmitry/Downloads/LOOM/loom/build/linux-x86_64-server-release/jdk/modules/java.logging:/home/dmitry/Downloads/LOOM/loom/build/linux-x86_64-server-release/jdk/modules/java.management:/home/dmitry/Downloads/LOOM/loom/build/linux-x86_64-server-release/jdk/modules/java.management.rmi:/home/dmitry/Downloads/LOOM/loom/build/linux-x86_64-server-release/jdk/modules/java.naming:/home/dmitry/Downloads/LOOM/loom/build/linux-x86_64-server-release/jdk/modules/java.net.http:/home/dmitry/Downloads/LOOM/loom/build/linux-x86_64-server-release/jdk/modules/java.prefs:/home/dmitry/Downloads/LOOM/loom/build/linux-x86_64-server-release/jdk/modules/java.rmi:/home/dmitry/Downloads/LOOM/loom/build/linux-x86_64-server-release/jdk/modules/java.scripting:/home/dmitry/Downloads/LOOM/loom/build/linux-x86_64-server-release/jdk/modules/java.se:/home/dmitry/Downloads/LOOM/loom/build/linux-x86_64-server-release/jdk/modules/java.security.jgss:/home/dmitry/Downloads/LOOM/loom/build/linux-x86_64-server-release/jdk/modules/java.security.sasl:/home/dmitry/Downloads/LOOM/loom/build/linux-x86_64-server-release/jdk/modules/java.smartcardio:/home/dmitry/Downloads/LOOM/loom/build/linux-x86_64-server-release/jdk/modules/java.sql:/home/dmitry/Downloads/LOOM/loom/build/linux-x86_64-server-release/jdk/modules/java.sql.rowset:/home/dmitry/Downloads/LOOM/loom/build/linux-x86_64-server-release/jdk/modules/java.transaction.xa:/home/dmitry/Downloads/LOOM/loom/build/linux-x86_64-server-release/jdk/modules/java.xml:/home/dmitry/D
Launcher Type: SUN_STANDARD

[Global flags]
     intx CICompilerCount                          = 3                                         {product} {ergonomic}
     uint ConcGCThreads                            = 1                                         {product} {ergonomic}
     uint G1ConcRefinementThreads                  = 4                                         {product} {ergonomic}
   size_t G1HeapRegionSize                         = 1048576                                   {product} {ergonomic}
    uintx GCDrainStackTargetSize                   = 64                                        {product} {ergonomic}
   size_t InitialHeapSize                          = 83886080                                  {product} {ergonomic}
   size_t MarkStackSize                            = 4194304                                   {product} {ergonomic}
   size_t MaxHeapSize                              = 1342177280                                {product} {ergonomic}
   size_t MaxNewSize                               = 805306368                                 {product} {ergonomic}
   size_t MinHeapDeltaBytes                        = 1048576                                   {product} {ergonomic}
    uintx NonNMethodCodeHeapSize                   = 5830732                                {pd product} {ergonomic}
    uintx NonProfiledCodeHeapSize                  = 122913754                              {pd product} {ergonomic}
    uintx ProfiledCodeHeapSize                     = 122913754                              {pd product} {ergonomic}
    uintx ReservedCodeCacheSize                    = 251658240                              {pd product} {ergonomic}
     bool SegmentedCodeCache                       = true                                      {product} {ergonomic}
     bool UseCompressedClassPointers               = true                                 {lp64_product} {ergonomic}
     bool UseCompressedOops                        = true                                 {lp64_product} {ergonomic}
     bool UseG1GC                                  = true                                      {product} {ergonomic}

Logging:
Log output configuration:
 #0: stdout all=warning uptime,level,tags
 #1: stderr all=off uptime,level,tags

Environment Variables:
JAVA_HOME=/home/dmitry/usr/local/java/jdk1.8.0
PATH=/bin:/bin:/usr/local/sbin:/usr/local/bin:/usr/sbin:/usr/bin:/sbin:/bin:/usr/games:/usr/local/games:/snap/bin
USERNAME=dmitry
SHELL=/bin/bash
DISPLAY=:0

Signal Handlers:
SIGSEGV: [libjvm.so+0xfe3770], sa_mask[0]=11111111011111111101111111111110, sa_flags=SA_RESTART|SA_SIGINFO
SIGBUS: [libjvm.so+0xfe3770], sa_mask[0]=11111111011111111101111111111110, sa_flags=SA_RESTART|SA_SIGINFO
SIGFPE: [libjvm.so+0xfe3770], sa_mask[0]=11111111011111111101111111111110, sa_flags=SA_RESTART|SA_SIGINFO
SIGPIPE: [libjvm.so+0xc80ff0], sa_mask[0]=11111111011111111101111111111110, sa_flags=SA_RESTART|SA_SIGINFO
SIGXFSZ: [libjvm.so+0xc80ff0], sa_mask[0]=11111111011111111101111111111110, sa_flags=SA_RESTART|SA_SIGINFO
SIGILL: [libjvm.so+0xfe3770], sa_mask[0]=11111111011111111101111111111110, sa_flags=SA_RESTART|SA_SIGINFO
SIGUSR2: [libjvm.so+0xc80e90], sa_mask[0]=00100000000000000000000000000000, sa_flags=SA_RESTART|SA_SIGINFO
SIGHUP: [libjvm.so+0xc81490], sa_mask[0]=11111111011111111101111111111110, sa_flags=SA_RESTART|SA_SIGINFO
SIGINT: [libjvm.so+0xc81490], sa_mask[0]=11111111011111111101111111111110, sa_flags=SA_RESTART|SA_SIGINFO
SIGTERM: [libjvm.so+0xc81490], sa_mask[0]=11111111011111111101111111111110, sa_flags=SA_RESTART|SA_SIGINFO
SIGQUIT: [libjvm.so+0xc81490], sa_mask[0]=11111111011111111101111111111110, sa_flags=SA_RESTART|SA_SIGINFO


---------------  S Y S T E M  ---------------

OS:DISTRIB_ID=Ubuntu
DISTRIB_RELEASE=18.04
DISTRIB_CODENAME=bionic
DISTRIB_DESCRIPTION="Ubuntu 18.04.2 LTS"
uname:Linux 4.18.0-18-generic #19~18.04.1-Ubuntu SMP Fri Apr 5 10:22:13 UTC 2019 x86_64
libc:glibc 2.27 NPTL 2.27 
rlimit: STACK 8192k, CORE 0k, NPROC 20276, NOFILE 4096, AS infinity, DATA infinity, FSIZE infinity
load average:3,08 3,66 4,46

/proc/meminfo:
MemTotal:        5234996 kB
MemFree:          385852 kB
MemAvailable:    2798084 kB
Buffers:           54660 kB
Cached:          2636968 kB
SwapCached:        52192 kB
Active:          2309992 kB
Inactive:        2237480 kB
Active(anon):    1315340 kB
Inactive(anon):   683732 kB
Active(file):     994652 kB
Inactive(file):  1553748 kB
Unevictable:          32 kB
Mlocked:              32 kB
SwapTotal:       2097148 kB
SwapFree:        1755376 kB
Dirty:              2248 kB
Writeback:             0 kB
AnonPages:       1843648 kB
Mapped:           279220 kB
Shmem:            143188 kB
Slab:             186896 kB
SReclaimable:     141684 kB
SUnreclaim:        45212 kB
KernelStack:       11888 kB
PageTables:        39400 kB
NFS_Unstable:          0 kB
Bounce:                0 kB
WritebackTmp:          0 kB
CommitLimit:     4714644 kB
Committed_AS:    5771356 kB
VmallocTotal:   34359738367 kB
VmallocUsed:           0 kB
VmallocChunk:          0 kB
HardwareCorrupted:     0 kB
AnonHugePages:         0 kB
ShmemHugePages:        0 kB
ShmemPmdMapped:        0 kB
CmaTotal:              0 kB
CmaFree:               0 kB
HugePages_Total:       0
HugePages_Free:        0
HugePages_Rsvd:        0
HugePages_Surp:        0
Hugepagesize:       2048 kB
Hugetlb:               0 kB
DirectMap4k:      159680 kB
DirectMap2M:     5251072 kB


/proc/sys/kernel/threads-max (system-wide limit on the number of threads):
40552


/proc/sys/vm/max_map_count (maximum number of memory map areas a process may have):
65530


/proc/sys/kernel/pid_max (system-wide limit on number of process identifiers):
32768



container (cgroup) information:
container_type: cgroupv1
cpu_cpuset_cpus: 0-3
cpu_memory_nodes: 0
active_processor_count: 4
cpu_quota: no quota
cpu_period: 100000
cpu_shares: no shares
memory_limit_in_bytes: unlimited
memory_and_swap_limit_in_bytes: not supported
memory_soft_limit_in_bytes: unlimited
memory_usage_in_bytes: 4652507136
memory_max_usage_in_bytes: unlimited

KVM virtualization detected
Steal ticks since vm start: 0
Steal ticks percentage since vm start:  0,000

CPU:total 4 (initial active 4) (4 cores per cpu, 1 threads per core) family 6 model 60 stepping 3, cmov, cx8, fxsr, mmx, sse, sse2, sse3, ssse3, sse4.1, sse4.2, popcnt, avx, avx2, aes, clmul, lzcnt, tsc, tscinvbit
CPU Model and flags from /proc/cpuinfo:
model name	: Intel(R) Core(TM) i7-4700HQ CPU @ 2.40GHz
flags		: fpu vme de pse tsc msr pae mce cx8 apic sep mtrr pge mca cmov pat pse36 clflush mmx fxsr sse sse2 ht syscall nx rdtscp lm constant_tsc rep_good nopl xtopology nonstop_tsc cpuid tsc_known_freq pni pclmulqdq ssse3 cx16 pcid sse4_1 sse4_2 x2apic movbe popcnt aes xsave avx rdrand hypervisor lahf_lm abm invpcid_single pti fsgsbase avx2 invpcid flush_l1d

Memory: 4k page, physical 5234996k(385852k free), swap 2097148k(1755376k free)

vm_info: OpenJDK 64-Bit Server VM (13-internal+0-adhoc.dmitry.loom) for linux-amd64 JRE (13-internal+0-adhoc.dmitry.loom), built on May 12 2019 23:19:11 by "dmitry" with gcc 7.4.0

END.
