#
# A fatal error has been detected by the Java Runtime Environment:
#
#  SIGSEGV (0xb) at pc=0x00007fda01d15f7a, pid=4024, tid=4061
#
# JRE version: OpenJDK Runtime Environment (13.0) (build 13-internal+0-adhoc.dmitry.loom)
# Java VM: OpenJDK 64-Bit Server VM (13-internal+0-adhoc.dmitry.loom, mixed mode, tiered, compressed oops, g1 gc, linux-amd64)
# Problematic frame:
# V  [libjvm.so+0x683f7a]  ContMirror::read()+0x1a
#
# Core dump will be written. Default location: Core dumps may be processed with "/usr/share/apport/apport %p %s %c %d %P" (or dumping to /home/dmitry/Downloads/LoadDetector/core.4024)
#
# If you would like to submit a bug report, please visit:
#   http://bugreport.java.com/bugreport/crash.jsp
#

---------------  S U M M A R Y ------------

Command Line: -Didea.launcher.port=6113 -Didea.launcher.bin.path=/home/dmitry/Downloads/idea-IC-183.5912.21/bin -Dfile.encoding=UTF-8 com.intellij.rt.execution.application.AppMainV2 NewMain

Host: Intel(R) Core(TM) i7-4700HQ CPU @ 2.40GHz, 4 cores, 4G, Ubuntu 18.04.2 LTS
Time: Tue May 21 21:55:25 2019 MSK elapsed time: 2 seconds (0d 0h 0m 2s)

---------------  T H R E A D  ---------------

Current thread (0x00007fd9fc378800):  JavaThread "Timer-0" daemon [_thread_in_vm, id=4061, stack(0x00007fd9d8804000,0x00007fd9d8905000)]

Stack: [0x00007fd9d8804000,0x00007fd9d8905000],  sp=0x00007fd9d8901120,  free space=1012k
Native frames: (J=compiled Java code, A=aot compiled Java code, j=interpreted, Vv=VM code, C=native code)
V  [libjvm.so+0x683f7a]  ContMirror::read()+0x1a
V  [libjvm.so+0x689627]  Continuation::freeze0(JavaThread*, FrameInfo*, bool) [clone .part.305]+0x507
V  [libjvm.so+0x689d67]  Continuation::freeze(JavaThread*, FrameInfo*)+0x127
v  ~RuntimeStub::cont_doYield
C  0x00007fd9d89037a8
j  java.lang.Continuation.myPause(Ljava/lang/ContinuationScope;)Z+3 java.base
j  balancer.Balancer$1.run()V+48
j  java.util.TimerThread.mainLoop()V+221 java.base
j  java.util.TimerThread.run()V+1 java.base
v  ~StubRoutines::call_stub
V  [libjvm.so+0x8bcfe9]  JavaCalls::call_helper(JavaValue*, methodHandle const&, JavaCallArguments*, Thread*)+0x3c9
V  [libjvm.so+0x8bb005]  JavaCalls::call_virtual(JavaValue*, Handle, Klass*, Symbol*, Symbol*, Thread*)+0x1e5
V  [libjvm.so+0x965e7c]  thread_entry(JavaThread*, Thread*)+0x6c
V  [libjvm.so+0xf73932]  JavaThread::run()+0x232
V  [libjvm.so+0xf716ad]  Thread::call_run()+0x10d
V  [libjvm.so+0xc8ba17]  thread_native_entry(Thread*)+0xe7

Java frames: (J=compiled Java code, j=interpreted, Vv=VM code)
v  ~RuntimeStub::cont_doYield
j  java.lang.Continuation.yield0(Ljava/lang/ContinuationScope;Ljava/lang/Continuation;)Z+60 java.base
j  java.lang.Continuation.myPause(Ljava/lang/ContinuationScope;)Z+3 java.base
j  balancer.Balancer$1.run()V+48
j  java.util.TimerThread.mainLoop()V+221 java.base
j  java.util.TimerThread.run()V+1 java.base
v  ~StubRoutines::call_stub

siginfo: si_signo: 11 (SIGSEGV), si_code: 1 (SEGV_MAPERR), si_addr: 0x0000000000000020

Register to memory mapping:

RAX=0x0000000000000020 is an unknown value
RBX=0x00007fd9d89024c0 is pointing into the stack for thread: 0x00007fd9fc378800
RCX=0x00007fd9ed013c98 is pointing into interpreter code (not bytecode specific)
RDX=0x00007fda02d10b58: <offset 0x000000000167eb58> in /home/dmitry/Downloads/LOOM/loom/build/linux-x86_64-server-release/jdk/lib/server/libjvm.so at 0x00007fda01692000
RSP=0x00007fd9d8901120 is pointing into the stack for thread: 0x00007fd9fc378800
RBP=0x00007fd9d8901130 is pointing into the stack for thread: 0x00007fd9fc378800
RSI=0x00007fd9d89037a8 is pointing into the stack for thread: 0x00007fd9fc378800
RDI=0x0 is NULL
R8 =0x00007fd9ed000000 points into unknown readable memory: 04 00 00 00 00 00 00 00
R9 =0x000000000000000b is an unknown value
R10=0x0000000000000800 is an unknown value
R11=0x0000000000000400 is an unknown value
R12=0x00007fd9b0001620 points into unknown readable memory: 00 00 00 00 00 00 00 00
R13=0x00007fd9d89024c0 is pointing into the stack for thread: 0x00007fd9fc378800
R14=0x00007fd9d8903780 is pointing into the stack for thread: 0x00007fd9fc378800
R15=0x00007fd9fc379120 points into unknown readable memory: 02 00 00 00 00 00 00 00


Registers:
RAX=0x0000000000000020, RBX=0x00007fd9d89024c0, RCX=0x00007fd9ed013c98, RDX=0x00007fda02d10b58
RSP=0x00007fd9d8901120, RBP=0x00007fd9d8901130, RSI=0x00007fd9d89037a8, RDI=0x0000000000000000
R8 =0x00007fd9ed000000, R9 =0x000000000000000b, R10=0x0000000000000800, R11=0x0000000000000400
R12=0x00007fd9b0001620, R13=0x00007fd9d89024c0, R14=0x00007fd9d8903780, R15=0x00007fd9fc379120
RIP=0x00007fda01d15f7a, EFLAGS=0x0000000000010202, CSGSFS=0x002b000000000033, ERR=0x0000000000000004
  TRAPNO=0x000000000000000e

Top of Stack: (sp=0x00007fd9d8901120)
0x00007fd9d8901120:   00007fd9ed0169b0 00007fd9fc378800
0x00007fd9d8901130:   00007fd9d8903730 00007fda01d1b627
0x00007fd9d8901140:   00007fd9fc378800 00007fd9d8901240
0x00007fd9d8901150:   0000000000000000 00007fda02d0e220 

Instructions: (pc=0x00007fda01d15f7a)
0x00007fda01d15e7a:   08 48 63 00 89 0c 02 48 8d 05 4c e4 fd 00 48 8b
0x00007fda01d15e8a:   4b 30 48 8b 53 08 48 63 00 48 89 0c 02 48 8d 05
0x00007fda01d15e9a:   2e e4 fd 00 48 8b 53 08 48 8b 4b 38 48 63 00 48
0x00007fda01d15eaa:   89 0c 02 48 8d 05 14 e4 fd 00 8b 4b 60 48 8b 53
0x00007fda01d15eba:   08 48 63 00 89 0c 02 48 8d 05 18 e4 fd 00 48 8b
0x00007fda01d15eca:   53 08 48 8b 4b 10 48 63 00 48 89 0c 02 48 8d 05
0x00007fda01d15eda:   fe e3 fd 00 48 8b 4b 18 48 8b 53 08 48 63 00 48
0x00007fda01d15eea:   89 0c 02 48 8d 05 e4 e3 fd 00 48 63 00 48 8b 53
0x00007fda01d15efa:   08 48 8b 4b 20 48 89 0c 02 48 8d 05 ee e3 fd 00
0x00007fda01d15f0a:   48 8b 53 08 48 8b 4b 58 48 63 00 89 0c 02 48 8d
0x00007fda01d15f1a:   05 a1 e3 fd 00 0f b6 4b 70 48 8b 53 08 48 63 00
0x00007fda01d15f2a:   88 0c 02 48 8d 05 c0 e3 fd 00 0f b7 4b 74 48 8b
0x00007fda01d15f3a:   53 08 48 63 00 66 89 0c 02 48 8d 05 a6 e3 fd 00
0x00007fda01d15f4a:   0f b7 4b 72 48 8b 53 08 48 63 00 66 89 0c 02 48
0x00007fda01d15f5a:   83 c4 08 5b 5d c3 55 48 89 e5 53 48 89 fb 48 83
0x00007fda01d15f6a:   ec 08 48 8d 05 6d e3 fd 00 48 8b 7f 08 48 63 00
0x00007fda01d15f7a:   48 8b 04 38 48 89 43 10 48 8d 05 53 e3 fd 00 48
0x00007fda01d15f8a:   63 00 48 8b 04 38 48 89 43 18 48 8d 05 3d e3 fd
0x00007fda01d15f9a:   00 48 63 00 48 8b 04 38 48 89 43 20 48 8d 05 23
0x00007fda01d15faa:   e3 fd 00 48 63 00 8b 04 38 89 43 28 48 8d 05 17
0x00007fda01d15fba:   e3 fd 00 48 63 00 48 8b 04 38 48 89 43 30 48 8d
0x00007fda01d15fca:   05 fd e2 fd 00 48 63 00 48 8b 04 38 48 89 43 38
0x00007fda01d15fda:   48 8d 05 1b e3 fd 00 48 63 30 ff 15 56 40 f7 00
0x00007fda01d15fea:   48 85 c0 48 89 43 40 0f 84 b9 01 00 00 48 8d 15
0x00007fda01d15ffa:   de c7 fd 00 80 3a 01 48 19 c9 83 e1 04 80 3a 01
0x00007fda01d1600a:   8b 4c 08 0c 48 19 d2 89 4b 48 83 e2 08 48 8d 44
0x00007fda01d1601a:   10 10 48 89 43 50 48 8d 05 d1 e2 fd 00 48 8b 7b
0x00007fda01d1602a:   08 48 63 00 48 63 04 07 48 89 43 58 48 8d 05 af
0x00007fda01d1603a:   e2 fd 00 48 63 30 ff 15 fa 3f f7 00 48 8d 15 7b
0x00007fda01d1604a:   e2 fd 00 48 89 43 68 48 8b 43 08 48 83 3d d3 ac
0x00007fda01d1605a:   fb 00 00 48 63 12 8b 14 02 89 53 60 48 8d 15 53
0x00007fda01d1606a:   e2 fd 00 48 63 12 0f b6 14 02 88 53 70 48 8d 15 


Stack slot to memory mapping:
stack at sp + 0 slots: 0x00007fd9ed0169b0 is at code_begin+1584 in an Interpreter codelet
invoke return entry points  [0x00007fd9ed016380, 0x00007fd9ed017540]  4544 bytes
stack at sp + 1 slots: 0x00007fd9fc378800 is a thread
stack at sp + 2 slots: 0x00007fd9d8903730 is pointing into the stack for thread: 0x00007fd9fc378800
stack at sp + 3 slots: 0x00007fda01d1b627: <offset 0x0000000000689627> in /home/dmitry/Downloads/LOOM/loom/build/linux-x86_64-server-release/jdk/lib/server/libjvm.so at 0x00007fda01692000
stack at sp + 4 slots: 0x00007fd9fc378800 is a thread
stack at sp + 5 slots: 0x00007fd9d8901240 is pointing into the stack for thread: 0x00007fd9fc378800
stack at sp + 6 slots: 0x0 is NULL
stack at sp + 7 slots: 0x00007fda02d0e220: <offset 0x000000000167c220> in /home/dmitry/Downloads/LOOM/loom/build/linux-x86_64-server-release/jdk/lib/server/libjvm.so at 0x00007fda01692000


---------------  P R O C E S S  ---------------

Threads class SMR info:
_java_thread_list=0x00007fd9fc3808f0, length=16, elements={
0x00007fd9fc016800, 0x00007fd9fc13b000, 0x00007fd9fc13e000, 0x00007fd9fc160800,
0x00007fd9fc165000, 0x00007fd9fc167000, 0x00007fd9fc169000, 0x00007fd9fc181000,
0x00007fd9b4071000, 0x00007fd9fc274000, 0x00007fd9bc001000, 0x00007fd9fc2c6000,
0x00007fd9fc378800, 0x00007fd9fc37c000, 0x00007fd9fc37d800, 0x00007fd9fc37f000
}

Java Threads: ( => current thread )
  0x00007fd9fc016800 JavaThread "main" [_thread_blocked, id=4026, stack(0x00007fda03a96000,0x00007fda03b97000)]
  0x00007fd9fc13b000 JavaThread "Reference Handler" daemon [_thread_blocked, id=4045, stack(0x00007fd9e88ea000,0x00007fd9e89eb000)]
  0x00007fd9fc13e000 JavaThread "Finalizer" daemon [_thread_blocked, id=4046, stack(0x00007fd9e87e9000,0x00007fd9e88ea000)]
  0x00007fd9fc160800 JavaThread "Signal Dispatcher" daemon [_thread_blocked, id=4047, stack(0x00007fd9e86e8000,0x00007fd9e87e9000)]
  0x00007fd9fc165000 JavaThread "C2 CompilerThread0" daemon [_thread_blocked, id=4048, stack(0x00007fd9e85e7000,0x00007fd9e86e8000)]
  0x00007fd9fc167000 JavaThread "C1 CompilerThread0" daemon [_thread_blocked, id=4049, stack(0x00007fd9e84e6000,0x00007fd9e85e7000)]
  0x00007fd9fc169000 JavaThread "Sweeper thread" daemon [_thread_blocked, id=4051, stack(0x00007fd9e83e5000,0x00007fd9e84e6000)]
  0x00007fd9fc181000 JavaThread "Common-Cleaner" daemon [_thread_blocked, id=4052, stack(0x00007fd9e80a1000,0x00007fd9e81a2000)]
  0x00007fd9b4071000 JavaThread "C2 CompilerThread1" daemon [_thread_blocked, id=4054, stack(0x00007fd9d9318000,0x00007fd9d9419000)]
  0x00007fd9fc274000 JavaThread "Service Thread" daemon [_thread_blocked, id=4057, stack(0x00007fd9d9217000,0x00007fd9d9318000)]
  0x00007fd9bc001000 JavaThread "Attach Listener" daemon [_thread_blocked, id=4059, stack(0x00007fd9d9014000,0x00007fd9d9115000)]
  0x00007fd9fc2c6000 JavaThread "Monitor Ctrl-Break" daemon [_thread_in_native, id=4060, stack(0x00007fd9d8f13000,0x00007fd9d9014000)]
=>0x00007fd9fc378800 JavaThread "Timer-0" daemon [_thread_in_vm, id=4061, stack(0x00007fd9d8804000,0x00007fd9d8905000)]
  0x00007fd9fc37c000 JavaThread "pool-1-thread-1" [_thread_blocked, id=4062, stack(0x00007fd9d8703000,0x00007fd9d8804000)]
  0x00007fd9fc37d800 JavaThread "pool-1-thread-2" [_thread_blocked, id=4063, stack(0x00007fd9d8602000,0x00007fd9d8703000)]
  0x00007fd9fc37f000 JavaThread "pool-1-thread-3" [_thread_blocked, id=4064, stack(0x00007fd9d8301000,0x00007fd9d8402000)]

Other Threads:
  0x00007fd9fc12f000 VMThread "VM Thread" [stack: 0x00007fd9e89ed000,0x00007fd9e8aed000] [id=4040] _threads_hazard_ptr=0x00007fd9fc3808f0
  0x00007fd9fc27e000 WatcherThread [stack: 0x00007fd9d9117000,0x00007fd9d9217000] [id=4058]
  0x00007fd9fc05a800 GCTaskThread "GC Thread#0" [stack: 0x00007fd9e9b7c000,0x00007fd9e9c7c000] [id=4029]
  0x00007fd9fc064000 ConcurrentGCThread "G1 Main Marker" [stack: 0x00007fd9e9a7a000,0x00007fd9e9b7a000] [id=4031]
  0x00007fd9fc066000 ConcurrentGCThread "G1 Conc#0" [stack: 0x00007fd9e9978000,0x00007fd9e9a78000] [id=4033]
  0x00007fd9fc0ba800 ConcurrentGCThread "G1 Refine#0" [stack: 0x00007fd9e9472000,0x00007fd9e9572000] [id=4035]
  0x00007fd9fc0bc000 ConcurrentGCThread "G1 Young RemSet Sampling" [stack: 0x00007fd9e9370000,0x00007fd9e9470000] [id=4036]

Threads with active compile tasks:

VM state:synchronizing (normal execution)

VM Mutex/Monitor currently owned by a thread:  ([mutex/lock_event])
[0x00007fd9fc011e60] Threads_lock - owner thread: 0x00007fd9fc12f000

Heap address: 0x00000000b0000000, size: 1280 MB, Compressed Oops mode: 32-bit
Narrow klass base: 0x0000000000000000, Narrow klass shift: 3
Compressed class space size: 1073741824 Address: 0x0000000100000000

Heap:
 garbage-first heap   total 81920K, used 11264K [0x00000000b0000000, 0x0000000100000000)
  region size 1024K, 12 young (12288K), 0 survivors (0K)
 Metaspace       used 8865K, capacity 9123K, committed 9472K, reserved 1058816K
  class space    used 810K, capacity 916K, committed 1024K, reserved 1048576K
Heap Regions: E=young(eden), S=young(survivor), O=old, HS=humongous(starts), HC=humongous(continues), CS=collection set, F=free, A=archive, TAMS=top-at-mark-start (previous, next)
|   0|0x00000000b0000000, 0x00000000b0000000, 0x00000000b0100000|  0%| F|  |TAMS 0x00000000b0000000, 0x00000000b0000000| Untracked 
|   1|0x00000000b0100000, 0x00000000b0100000, 0x00000000b0200000|  0%| F|  |TAMS 0x00000000b0100000, 0x00000000b0100000| Untracked 
|   2|0x00000000b0200000, 0x00000000b0200000, 0x00000000b0300000|  0%| F|  |TAMS 0x00000000b0200000, 0x00000000b0200000| Untracked 
|   3|0x00000000b0300000, 0x00000000b0300000, 0x00000000b0400000|  0%| F|  |TAMS 0x00000000b0300000, 0x00000000b0300000| Untracked 
|   4|0x00000000b0400000, 0x00000000b0400000, 0x00000000b0500000|  0%| F|  |TAMS 0x00000000b0400000, 0x00000000b0400000| Untracked 
|   5|0x00000000b0500000, 0x00000000b0500000, 0x00000000b0600000|  0%| F|  |TAMS 0x00000000b0500000, 0x00000000b0500000| Untracked 
|   6|0x00000000b0600000, 0x00000000b0600000, 0x00000000b0700000|  0%| F|  |TAMS 0x00000000b0600000, 0x00000000b0600000| Untracked 
|   7|0x00000000b0700000, 0x00000000b0700000, 0x00000000b0800000|  0%| F|  |TAMS 0x00000000b0700000, 0x00000000b0700000| Untracked 
|   8|0x00000000b0800000, 0x00000000b0800000, 0x00000000b0900000|  0%| F|  |TAMS 0x00000000b0800000, 0x00000000b0800000| Untracked 
|   9|0x00000000b0900000, 0x00000000b0900000, 0x00000000b0a00000|  0%| F|  |TAMS 0x00000000b0900000, 0x00000000b0900000| Untracked 
|  10|0x00000000b0a00000, 0x00000000b0a00000, 0x00000000b0b00000|  0%| F|  |TAMS 0x00000000b0a00000, 0x00000000b0a00000| Untracked 
|  11|0x00000000b0b00000, 0x00000000b0b00000, 0x00000000b0c00000|  0%| F|  |TAMS 0x00000000b0b00000, 0x00000000b0b00000| Untracked 
|  12|0x00000000b0c00000, 0x00000000b0c00000, 0x00000000b0d00000|  0%| F|  |TAMS 0x00000000b0c00000, 0x00000000b0c00000| Untracked 
|  13|0x00000000b0d00000, 0x00000000b0d00000, 0x00000000b0e00000|  0%| F|  |TAMS 0x00000000b0d00000, 0x00000000b0d00000| Untracked 
|  14|0x00000000b0e00000, 0x00000000b0e00000, 0x00000000b0f00000|  0%| F|  |TAMS 0x00000000b0e00000, 0x00000000b0e00000| Untracked 
|  15|0x00000000b0f00000, 0x00000000b0f00000, 0x00000000b1000000|  0%| F|  |TAMS 0x00000000b0f00000, 0x00000000b0f00000| Untracked 
|  16|0x00000000b1000000, 0x00000000b1000000, 0x00000000b1100000|  0%| F|  |TAMS 0x00000000b1000000, 0x00000000b1000000| Untracked 
|  17|0x00000000b1100000, 0x00000000b1100000, 0x00000000b1200000|  0%| F|  |TAMS 0x00000000b1100000, 0x00000000b1100000| Untracked 
|  18|0x00000000b1200000, 0x00000000b1200000, 0x00000000b1300000|  0%| F|  |TAMS 0x00000000b1200000, 0x00000000b1200000| Untracked 
|  19|0x00000000b1300000, 0x00000000b1300000, 0x00000000b1400000|  0%| F|  |TAMS 0x00000000b1300000, 0x00000000b1300000| Untracked 
|  20|0x00000000b1400000, 0x00000000b1400000, 0x00000000b1500000|  0%| F|  |TAMS 0x00000000b1400000, 0x00000000b1400000| Untracked 
|  21|0x00000000b1500000, 0x00000000b1500000, 0x00000000b1600000|  0%| F|  |TAMS 0x00000000b1500000, 0x00000000b1500000| Untracked 
|  22|0x00000000b1600000, 0x00000000b1600000, 0x00000000b1700000|  0%| F|  |TAMS 0x00000000b1600000, 0x00000000b1600000| Untracked 
|  23|0x00000000b1700000, 0x00000000b1700000, 0x00000000b1800000|  0%| F|  |TAMS 0x00000000b1700000, 0x00000000b1700000| Untracked 
|  24|0x00000000b1800000, 0x00000000b1800000, 0x00000000b1900000|  0%| F|  |TAMS 0x00000000b1800000, 0x00000000b1800000| Untracked 
|  25|0x00000000b1900000, 0x00000000b1900000, 0x00000000b1a00000|  0%| F|  |TAMS 0x00000000b1900000, 0x00000000b1900000| Untracked 
|  26|0x00000000b1a00000, 0x00000000b1a00000, 0x00000000b1b00000|  0%| F|  |TAMS 0x00000000b1a00000, 0x00000000b1a00000| Untracked 
|  27|0x00000000b1b00000, 0x00000000b1b00000, 0x00000000b1c00000|  0%| F|  |TAMS 0x00000000b1b00000, 0x00000000b1b00000| Untracked 
|  28|0x00000000b1c00000, 0x00000000b1c00000, 0x00000000b1d00000|  0%| F|  |TAMS 0x00000000b1c00000, 0x00000000b1c00000| Untracked 
|  29|0x00000000b1d00000, 0x00000000b1d00000, 0x00000000b1e00000|  0%| F|  |TAMS 0x00000000b1d00000, 0x00000000b1d00000| Untracked 
|  30|0x00000000b1e00000, 0x00000000b1e00000, 0x00000000b1f00000|  0%| F|  |TAMS 0x00000000b1e00000, 0x00000000b1e00000| Untracked 
|  31|0x00000000b1f00000, 0x00000000b1f00000, 0x00000000b2000000|  0%| F|  |TAMS 0x00000000b1f00000, 0x00000000b1f00000| Untracked 
|  32|0x00000000b2000000, 0x00000000b2000000, 0x00000000b2100000|  0%| F|  |TAMS 0x00000000b2000000, 0x00000000b2000000| Untracked 
|  33|0x00000000b2100000, 0x00000000b2100000, 0x00000000b2200000|  0%| F|  |TAMS 0x00000000b2100000, 0x00000000b2100000| Untracked 
|  34|0x00000000b2200000, 0x00000000b2200000, 0x00000000b2300000|  0%| F|  |TAMS 0x00000000b2200000, 0x00000000b2200000| Untracked 
|  35|0x00000000b2300000, 0x00000000b2300000, 0x00000000b2400000|  0%| F|  |TAMS 0x00000000b2300000, 0x00000000b2300000| Untracked 
|  36|0x00000000b2400000, 0x00000000b2400000, 0x00000000b2500000|  0%| F|  |TAMS 0x00000000b2400000, 0x00000000b2400000| Untracked 
|  37|0x00000000b2500000, 0x00000000b2500000, 0x00000000b2600000|  0%| F|  |TAMS 0x00000000b2500000, 0x00000000b2500000| Untracked 
|  38|0x00000000b2600000, 0x00000000b2600000, 0x00000000b2700000|  0%| F|  |TAMS 0x00000000b2600000, 0x00000000b2600000| Untracked 
|  39|0x00000000b2700000, 0x00000000b2700000, 0x00000000b2800000|  0%| F|  |TAMS 0x00000000b2700000, 0x00000000b2700000| Untracked 
|  40|0x00000000b2800000, 0x00000000b2800000, 0x00000000b2900000|  0%| F|  |TAMS 0x00000000b2800000, 0x00000000b2800000| Untracked 
|  41|0x00000000b2900000, 0x00000000b2900000, 0x00000000b2a00000|  0%| F|  |TAMS 0x00000000b2900000, 0x00000000b2900000| Untracked 
|  42|0x00000000b2a00000, 0x00000000b2a00000, 0x00000000b2b00000|  0%| F|  |TAMS 0x00000000b2a00000, 0x00000000b2a00000| Untracked 
|  43|0x00000000b2b00000, 0x00000000b2b00000, 0x00000000b2c00000|  0%| F|  |TAMS 0x00000000b2b00000, 0x00000000b2b00000| Untracked 
|  44|0x00000000b2c00000, 0x00000000b2c00000, 0x00000000b2d00000|  0%| F|  |TAMS 0x00000000b2c00000, 0x00000000b2c00000| Untracked 
|  45|0x00000000b2d00000, 0x00000000b2d00000, 0x00000000b2e00000|  0%| F|  |TAMS 0x00000000b2d00000, 0x00000000b2d00000| Untracked 
|  46|0x00000000b2e00000, 0x00000000b2e00000, 0x00000000b2f00000|  0%| F|  |TAMS 0x00000000b2e00000, 0x00000000b2e00000| Untracked 
|  47|0x00000000b2f00000, 0x00000000b2f00000, 0x00000000b3000000|  0%| F|  |TAMS 0x00000000b2f00000, 0x00000000b2f00000| Untracked 
|  48|0x00000000b3000000, 0x00000000b3000000, 0x00000000b3100000|  0%| F|  |TAMS 0x00000000b3000000, 0x00000000b3000000| Untracked 
|  49|0x00000000b3100000, 0x00000000b3100000, 0x00000000b3200000|  0%| F|  |TAMS 0x00000000b3100000, 0x00000000b3100000| Untracked 
|  50|0x00000000b3200000, 0x00000000b3200000, 0x00000000b3300000|  0%| F|  |TAMS 0x00000000b3200000, 0x00000000b3200000| Untracked 
|  51|0x00000000b3300000, 0x00000000b3300000, 0x00000000b3400000|  0%| F|  |TAMS 0x00000000b3300000, 0x00000000b3300000| Untracked 
|  52|0x00000000b3400000, 0x00000000b3400000, 0x00000000b3500000|  0%| F|  |TAMS 0x00000000b3400000, 0x00000000b3400000| Untracked 
|  53|0x00000000b3500000, 0x00000000b3500000, 0x00000000b3600000|  0%| F|  |TAMS 0x00000000b3500000, 0x00000000b3500000| Untracked 
|  54|0x00000000b3600000, 0x00000000b3600000, 0x00000000b3700000|  0%| F|  |TAMS 0x00000000b3600000, 0x00000000b3600000| Untracked 
|  55|0x00000000b3700000, 0x00000000b3700000, 0x00000000b3800000|  0%| F|  |TAMS 0x00000000b3700000, 0x00000000b3700000| Untracked 
|  56|0x00000000b3800000, 0x00000000b3800000, 0x00000000b3900000|  0%| F|  |TAMS 0x00000000b3800000, 0x00000000b3800000| Untracked 
|  57|0x00000000b3900000, 0x00000000b3900000, 0x00000000b3a00000|  0%| F|  |TAMS 0x00000000b3900000, 0x00000000b3900000| Untracked 
|  58|0x00000000b3a00000, 0x00000000b3a00000, 0x00000000b3b00000|  0%| F|  |TAMS 0x00000000b3a00000, 0x00000000b3a00000| Untracked 
|  59|0x00000000b3b00000, 0x00000000b3b00000, 0x00000000b3c00000|  0%| F|  |TAMS 0x00000000b3b00000, 0x00000000b3b00000| Untracked 
|  60|0x00000000b3c00000, 0x00000000b3c00000, 0x00000000b3d00000|  0%| F|  |TAMS 0x00000000b3c00000, 0x00000000b3c00000| Untracked 
|  61|0x00000000b3d00000, 0x00000000b3d00000, 0x00000000b3e00000|  0%| F|  |TAMS 0x00000000b3d00000, 0x00000000b3d00000| Untracked 
|  62|0x00000000b3e00000, 0x00000000b3e00000, 0x00000000b3f00000|  0%| F|  |TAMS 0x00000000b3e00000, 0x00000000b3e00000| Untracked 
|  63|0x00000000b3f00000, 0x00000000b3f00000, 0x00000000b4000000|  0%| F|  |TAMS 0x00000000b3f00000, 0x00000000b3f00000| Untracked 
|  64|0x00000000b4000000, 0x00000000b4000000, 0x00000000b4100000|  0%| F|  |TAMS 0x00000000b4000000, 0x00000000b4000000| Untracked 
|  65|0x00000000b4100000, 0x00000000b4100000, 0x00000000b4200000|  0%| F|  |TAMS 0x00000000b4100000, 0x00000000b4100000| Untracked 
|  66|0x00000000b4200000, 0x00000000b4200000, 0x00000000b4300000|  0%| F|  |TAMS 0x00000000b4200000, 0x00000000b4200000| Untracked 
|  67|0x00000000b4300000, 0x00000000b4300000, 0x00000000b4400000|  0%| F|  |TAMS 0x00000000b4300000, 0x00000000b4300000| Untracked 
|  68|0x00000000b4400000, 0x00000000b444db00, 0x00000000b4500000| 30%| E|  |TAMS 0x00000000b4400000, 0x00000000b4400000| Complete 
|  69|0x00000000b4500000, 0x00000000b4600000, 0x00000000b4600000|100%| E|CS|TAMS 0x00000000b4500000, 0x00000000b4500000| Complete 
|  70|0x00000000b4600000, 0x00000000b4700000, 0x00000000b4700000|100%| E|CS|TAMS 0x00000000b4600000, 0x00000000b4600000| Complete 
|  71|0x00000000b4700000, 0x00000000b4800000, 0x00000000b4800000|100%| E|CS|TAMS 0x00000000b4700000, 0x00000000b4700000| Complete 
|  72|0x00000000b4800000, 0x00000000b4900000, 0x00000000b4900000|100%| E|CS|TAMS 0x00000000b4800000, 0x00000000b4800000| Complete 
|  73|0x00000000b4900000, 0x00000000b4a00000, 0x00000000b4a00000|100%| E|CS|TAMS 0x00000000b4900000, 0x00000000b4900000| Complete 
|  74|0x00000000b4a00000, 0x00000000b4b00000, 0x00000000b4b00000|100%| E|CS|TAMS 0x00000000b4a00000, 0x00000000b4a00000| Complete 
|  75|0x00000000b4b00000, 0x00000000b4c00000, 0x00000000b4c00000|100%| E|CS|TAMS 0x00000000b4b00000, 0x00000000b4b00000| Complete 
|  76|0x00000000b4c00000, 0x00000000b4d00000, 0x00000000b4d00000|100%| E|CS|TAMS 0x00000000b4c00000, 0x00000000b4c00000| Complete 
|  77|0x00000000b4d00000, 0x00000000b4e00000, 0x00000000b4e00000|100%| E|CS|TAMS 0x00000000b4d00000, 0x00000000b4d00000| Complete 
|  78|0x00000000b4e00000, 0x00000000b4f00000, 0x00000000b4f00000|100%| E|CS|TAMS 0x00000000b4e00000, 0x00000000b4e00000| Complete 
|  79|0x00000000b4f00000, 0x00000000b5000000, 0x00000000b5000000|100%| E|CS|TAMS 0x00000000b4f00000, 0x00000000b4f00000| Complete 

Card table byte_map: [0x00007fd9ec6fc000,0x00007fd9ec97c000] _byte_map_base: 0x00007fd9ec17c000

Marking Bits (Prev, Next): (CMBitMap*) 0x00007fd9fc05bb58, (CMBitMap*) 0x00007fd9fc05bb98
 Prev Bits: [0x00007fd9eb07c000, 0x00007fd9ec47c000)
 Next Bits: [0x00007fd9e9c7c000, 0x00007fd9eb07c000)

Polling page: 0x00007fda03baa000

Metaspace:

Usage:
  Non-class:      8,01 MB capacity,     7,87 MB ( 98%) used,   137,02 KB (  2%) free+waste,    15,12 KB ( <1%) overhead. 
      Class:    916,00 KB capacity,   810,83 KB ( 89%) used,    97,61 KB ( 11%) free+waste,     7,56 KB ( <1%) overhead. 
       Both:      8,91 MB capacity,     8,66 MB ( 97%) used,   234,62 KB (  3%) free+waste,    22,69 KB ( <1%) overhead. 

Virtual space:
  Non-class space:       10,00 MB reserved,       8,25 MB ( 82%) committed 
      Class space:        1,00 GB reserved,       1,00 MB ( <1%) committed 
             Both:        1,01 GB reserved,       9,25 MB ( <1%) committed 

Chunk freelists:
   Non-Class:  169,00 KB
       Class:  12,00 KB
        Both:  181,00 KB

MaxMetaspaceSize: unlimited
CompressedClassSpaceSize: 1,00 GB

CodeHeap 'non-profiled nmethods': size=120032Kb used=221Kb max_used=221Kb free=119810Kb
 bounds [0x00007fd9f4ac8000, 0x00007fd9f4d38000, 0x00007fd9fc000000]
CodeHeap 'profiled nmethods': size=120032Kb used=1043Kb max_used=1043Kb free=118988Kb
 bounds [0x00007fd9ed590000, 0x00007fd9ed800000, 0x00007fd9f4ac8000]
CodeHeap 'non-nmethods': size=5696Kb used=1126Kb max_used=1139Kb free=4569Kb
 bounds [0x00007fd9ed000000, 0x00007fd9ed270000, 0x00007fd9ed590000]
 total_blobs=1198 nmethods=645 adapters=271
 compilation: enabled
              stopped_count=0, restarted_count=0
 full_count=0

Compilation events (10 events):
Event: 1,285 Thread 0x00007fd9fc167000  644       3       java.util.LinkedHashMap::linkNodeLast (33 bytes)
Event: 1,286 Thread 0x00007fd9fc167000 nmethod 644 0x00007fd9ed693a90 code [0x00007fd9ed693c40, 0x00007fd9ed693f70]
Event: 1,286 Thread 0x00007fd9fc167000  642       3       java.util.LinkedHashMap$Entry::<init> (10 bytes)
Event: 1,286 Thread 0x00007fd9fc167000 nmethod 642 0x00007fd9ed694090 code [0x00007fd9ed694240, 0x00007fd9ed694570]
Event: 1,286 Thread 0x00007fd9fc167000  643       3       java.util.LinkedHashMap::afterNodeInsertion (40 bytes)
Event: 1,286 Thread 0x00007fd9fc167000 nmethod 643 0x00007fd9ed694690 code [0x00007fd9ed694840, 0x00007fd9ed694a70]
Event: 1,287 Thread 0x00007fd9fc167000  645       3       java.util.AbstractList::<init> (10 bytes)
Event: 1,287 Thread 0x00007fd9fc167000 nmethod 645 0x00007fd9ed694b10 code [0x00007fd9ed694cc0, 0x00007fd9ed694ed0]
Event: 1,294 Thread 0x00007fd9b4071000  647       4       java.lang.StringBuilder::append (8 bytes)
Event: 1,313 Thread 0x00007fd9b4071000 nmethod 647 0x00007fd9f4afec10 code [0x00007fd9f4afedc0, 0x00007fd9f4aff448]

GC Heap History (0 events):
No events

Deoptimization events (4 events):
Event: 0,967 Thread 0x00007fd9fc016800 Uncommon trap: reason=unstable_if action=reinterpret pc=0x00007fd9f4adc1f4 method=java.util.HashMap.putVal(ILjava/lang/Object;Ljava/lang/Object;ZZ)Ljava/lang/Object; @ 236 c2
Event: 1,091 Thread 0x00007fd9fc2c6000 Uncommon trap: reason=unstable_if action=reinterpret pc=0x00007fd9f4aeba1c method=java.net.URI.match(CJJ)Z @ 19 c2
Event: 1,234 Thread 0x00007fd9bc001000 Uncommon trap: reason=class_check action=maybe_recompile pc=0x00007fd9f4ae0ba0 method=java.io.BufferedInputStream.read([BII)I @ 101 c2
Event: 1,276 Thread 0x00007fd9bc001000 Uncommon trap: reason=unstable_if action=reinterpret pc=0x00007fd9f4af74d0 method=java.lang.StringLatin1.indexOf([BI[BII)I @ 80 c2

Classes unloaded (0 events):
No events

Classes redefined (0 events):
No events

Internal exceptions (10 events):
Event: 0,711 Thread 0x00007fd9fc016800 Exception <a 'java/lang/NoSuchMethodError'{0x00000000b4c17110}: 'int java.lang.invoke.DirectMethodHandle$Holder.invokeStatic(java.lang.Object, java.lang.Object)'> (0x00000000b4c17110) 
thrown [/home/dmitry/Downloads/LOOM/loom/src/hotspot/share/interpreter/linkResolver.cpp, line 768]
for thread 0x00007fd9fc016800
Event: 0,714 Thread 0x00007fd9fc016800 Exception <a 'java/lang/NoSuchMethodError'{0x00000000b4c21750}: 'java.lang.Object java.lang.invoke.DirectMethodHandle$Holder.invokeVirtual(java.lang.Object, java.lang.Object)'> (0x00000000b4c21750) 
thrown [/home/dmitry/Downloads/LOOM/loom/src/hotspot/share/interpreter/linkResolver.cpp, line 768]
for thread 0x00007fd9fc016800
Event: 0,716 Thread 0x00007fd9fc016800 Exception <a 'java/lang/NoSuchMethodError'{0x00000000b4c29318}: 'int java.lang.invoke.DirectMethodHandle$Holder.invokeSpecial(java.lang.Object, java.lang.Object)'> (0x00000000b4c29318) 
thrown [/home/dmitry/Downloads/LOOM/loom/src/hotspot/share/interpreter/linkResolver.cpp, line 768]
for thread 0x00007fd9fc016800
Event: 0,884 Thread 0x00007fd9fc016800 Exception <a 'java/lang/NoSuchMethodError'{0x00000000b4aba138}: 'void java.lang.invoke.DirectMethodHandle$Holder.invokeStatic(java.lang.Object, java.lang.Object, java.lang.Object)'> (0x00000000b4aba138) 
thrown [/home/dmitry/Downloads/LOOM/loom/src/hotspot/share/interpreter/linkResolver.cpp, line 768]
for thread 0x00007fd9fc016800
Event: 0,894 Thread 0x00007fd9fc016800 Exception <a 'java/lang/NoSuchMethodError'{0x00000000b4ae5768}: 'java.lang.Object java.lang.invoke.Invokers$Holder.linkToTargetMethod(java.lang.Object, java.lang.Object, java.lang.Object, java.lang.Object)'> (0x00000000b4ae5768) 
thrown [/home/dmitry/Downloads/LOOM/loom/src/hotspot/share/interpreter/linkResolver.cpp, line 768]
for thread 0x00007fd9fc016800
Event: 1,081 Thread 0x00007fd9fc2c6000 Exception <a 'java/lang/NoSuchMethodError'{0x00000000b484cf70}: 'java.lang.Object java.lang.invoke.DirectMethodHandle$Holder.invokeStatic(java.lang.Object)'> (0x00000000b484cf70) 
thrown [/home/dmitry/Downloads/LOOM/loom/src/hotspot/share/interpreter/linkResolver.cpp, line 768]
for thread 0x00007fd9fc2c6000
Event: 1,082 Thread 0x00007fd9fc2c6000 Exception <a 'java/lang/NoSuchMethodError'{0x00000000b484fd88}: 'java.lang.Object java.lang.invoke.DirectMethodHandle$Holder.invokeStaticInit(java.lang.Object)'> (0x00000000b484fd88) 
thrown [/home/dmitry/Downloads/LOOM/loom/src/hotspot/share/interpreter/linkResolver.cpp, line 768]
for thread 0x00007fd9fc2c6000
Event: 1,139 Thread 0x00007fd9fc016800 Exception <a 'java/lang/NoSuchMethodError'{0x00000000b473ee48}: 'java.lang.Object java.lang.invoke.DirectMethodHandle$Holder.invokeStaticInit(java.lang.Object, java.lang.Object)'> (0x00000000b473ee48) 
thrown [/home/dmitry/Downloads/LOOM/loom/src/hotspot/share/interpreter/linkResolver.cpp, line 768]
for thread 0x00007fd9fc016800
Event: 1,142 Thread 0x00007fd9fc016800 Exception <a 'java/lang/NoSuchMethodError'{0x00000000b4748550}: 'java.lang.Object java.lang.invoke.DirectMethodHandle$Holder.invokeStaticInit(java.lang.Object, java.lang.Object, java.lang.Object)'> (0x00000000b4748550) 
thrown [/home/dmitry/Downloads/LOOM/loom/src/hotspot/share/interpreter/linkResolver.cpp, line 768]
for thread 0x00007fd9fc016800
Event: 1,169 Thread 0x00007fd9fc016800 Exception <a 'java/lang/NoSuchMethodError'{0x00000000b4767ab0}: 'int java.lang.invoke.DirectMethodHandle$Holder.invokeSpecial(java.lang.Object, java.lang.Object, java.lang.Object)'> (0x00000000b4767ab0) 
thrown [/home/dmitry/Downloads/LOOM/loom/src/hotspot/share/interpreter/linkResolver.cpp, line 768]
for thread 0x00007fd9fc016800

Events (10 events):
Event: 1,278 Thread 0x00007fd9fc37d800 Thread added: 0x00007fd9fc37d800
Event: 1,278 loading class sun/util/resources/cldr/TimeZoneNames_en
Event: 1,279 loading class sun/util/resources/cldr/TimeZoneNames_en done
Event: 1,279 Thread 0x00007fd9fc37f000 Thread added: 0x00007fd9fc37f000
Event: 1,280 loading class sun/util/resources/cldr/TimeZoneNames_en_US
Event: 1,280 loading class sun/util/resources/cldr/TimeZoneNames_en_US done
Event: 1,285 loading class java/util/LinkedHashMap$LinkedKeySet
Event: 1,286 loading class java/util/LinkedHashMap$LinkedKeySet done
Event: 1,286 loading class sun/util/locale/provider/LocaleResources$ResourceReference
Event: 1,286 loading class sun/util/locale/provider/LocaleResources$ResourceReference done


Dynamic libraries:
b0000000-b5000000 rw-p 00000000 00:00 0 
b5000000-100000000 ---p 00000000 00:00 0 
100000000-100100000 rw-p 00000000 00:00 0 
100100000-140000000 ---p 00000000 00:00 0 
5595160af000-5595160b0000 r-xp 00000000 08:01 6044482                    /home/dmitry/Downloads/LOOM/loom/build/linux-x86_64-server-release/jdk/bin/java
5595162b0000-5595162b1000 r--p 00001000 08:01 6044482                    /home/dmitry/Downloads/LOOM/loom/build/linux-x86_64-server-release/jdk/bin/java
5595162b1000-5595162b2000 rw-p 00002000 08:01 6044482                    /home/dmitry/Downloads/LOOM/loom/build/linux-x86_64-server-release/jdk/bin/java
55951825d000-55951827e000 rw-p 00000000 00:00 0                          [heap]
7fd98bd62000-7fd98c000000 rw-p 00000000 00:00 0 
7fd98c000000-7fd98c021000 rw-p 00000000 00:00 0 
7fd98c021000-7fd990000000 ---p 00000000 00:00 0 
7fd990000000-7fd990021000 rw-p 00000000 00:00 0 
7fd990021000-7fd994000000 ---p 00000000 00:00 0 
7fd994000000-7fd994021000 rw-p 00000000 00:00 0 
7fd994021000-7fd998000000 ---p 00000000 00:00 0 
7fd998000000-7fd998021000 rw-p 00000000 00:00 0 
7fd998021000-7fd99c000000 ---p 00000000 00:00 0 
7fd99c000000-7fd99c03f000 rw-p 00000000 00:00 0 
7fd99c03f000-7fd9a0000000 ---p 00000000 00:00 0 
7fd9a0000000-7fd9a0021000 rw-p 00000000 00:00 0 
7fd9a0021000-7fd9a4000000 ---p 00000000 00:00 0 
7fd9a4000000-7fd9a4021000 rw-p 00000000 00:00 0 
7fd9a4021000-7fd9a8000000 ---p 00000000 00:00 0 
7fd9a8000000-7fd9a8021000 rw-p 00000000 00:00 0 
7fd9a8021000-7fd9ac000000 ---p 00000000 00:00 0 
7fd9ac000000-7fd9ac021000 rw-p 00000000 00:00 0 
7fd9ac021000-7fd9b0000000 ---p 00000000 00:00 0 
7fd9b0000000-7fd9b02dd000 rw-p 00000000 00:00 0 
7fd9b02dd000-7fd9b4000000 ---p 00000000 00:00 0 
7fd9b4000000-7fd9b41f6000 rw-p 00000000 00:00 0 
7fd9b41f6000-7fd9b8000000 ---p 00000000 00:00 0 
7fd9b8000000-7fd9b8021000 rw-p 00000000 00:00 0 
7fd9b8021000-7fd9bc000000 ---p 00000000 00:00 0 
7fd9bc000000-7fd9bc021000 rw-p 00000000 00:00 0 
7fd9bc021000-7fd9c0000000 ---p 00000000 00:00 0 
7fd9c0000000-7fd9c0329000 rw-p 00000000 00:00 0 
7fd9c0329000-7fd9c4000000 ---p 00000000 00:00 0 
7fd9c4000000-7fd9c4021000 rw-p 00000000 00:00 0 
7fd9c4021000-7fd9c8000000 ---p 00000000 00:00 0 
7fd9c8000000-7fd9c8021000 rw-p 00000000 00:00 0 
7fd9c8021000-7fd9cc000000 ---p 00000000 00:00 0 
7fd9cc000000-7fd9cc021000 rw-p 00000000 00:00 0 
7fd9cc021000-7fd9d0000000 ---p 00000000 00:00 0 
7fd9d0000000-7fd9d0021000 rw-p 00000000 00:00 0 
7fd9d0021000-7fd9d4000000 ---p 00000000 00:00 0 
7fd9d4000000-7fd9d4021000 rw-p 00000000 00:00 0 
7fd9d4021000-7fd9d8000000 ---p 00000000 00:00 0 
7fd9d81a4000-7fd9d8301000 rw-p 00000000 00:00 0 
7fd9d8301000-7fd9d8305000 ---p 00000000 00:00 0 
7fd9d8305000-7fd9d8442000 rw-p 00000000 00:00 0 
7fd9d8442000-7fd9d8602000 ---p 00000000 00:00 0 
7fd9d8602000-7fd9d8606000 ---p 00000000 00:00 0 
7fd9d8606000-7fd9d8703000 rw-p 00000000 00:00 0 
7fd9d8703000-7fd9d8707000 ---p 00000000 00:00 0 
7fd9d8707000-7fd9d8804000 rw-p 00000000 00:00 0 
7fd9d8804000-7fd9d8808000 ---p 00000000 00:00 0 
7fd9d8808000-7fd9d8905000 rw-p 00000000 00:00 0 
7fd9d8905000-7fd9d890a000 r-xp 00000000 08:01 2636459                    /home/dmitry/Downloads/LOOM/loom/build/linux-x86_64-server-release/jdk/lib/libmanagement_ext.so
7fd9d890a000-7fd9d8b09000 ---p 00005000 08:01 2636459                    /home/dmitry/Downloads/LOOM/loom/build/linux-x86_64-server-release/jdk/lib/libmanagement_ext.so
7fd9d8b09000-7fd9d8b0a000 r--p 00004000 08:01 2636459                    /home/dmitry/Downloads/LOOM/loom/build/linux-x86_64-server-release/jdk/lib/libmanagement_ext.so
7fd9d8b0a000-7fd9d8b0b000 rw-p 00005000 08:01 2636459                    /home/dmitry/Downloads/LOOM/loom/build/linux-x86_64-server-release/jdk/lib/libmanagement_ext.so
7fd9d8b0b000-7fd9d8b0f000 r-xp 00000000 08:01 2636443                    /home/dmitry/Downloads/LOOM/loom/build/linux-x86_64-server-release/jdk/lib/libmanagement.so
7fd9d8b0f000-7fd9d8d0e000 ---p 00004000 08:01 2636443                    /home/dmitry/Downloads/LOOM/loom/build/linux-x86_64-server-release/jdk/lib/libmanagement.so
7fd9d8d0e000-7fd9d8d0f000 r--p 00003000 08:01 2636443                    /home/dmitry/Downloads/LOOM/loom/build/linux-x86_64-server-release/jdk/lib/libmanagement.so
7fd9d8d0f000-7fd9d8d10000 rw-p 00004000 08:01 2636443                    /home/dmitry/Downloads/LOOM/loom/build/linux-x86_64-server-release/jdk/lib/libmanagement.so
7fd9d8d10000-7fd9d8d12000 r-xp 00000000 08:01 2636465                    /home/dmitry/Downloads/LOOM/loom/build/linux-x86_64-server-release/jdk/lib/libextnet.so
7fd9d8d12000-7fd9d8f11000 ---p 00002000 08:01 2636465                    /home/dmitry/Downloads/LOOM/loom/build/linux-x86_64-server-release/jdk/lib/libextnet.so
7fd9d8f11000-7fd9d8f12000 r--p 00001000 08:01 2636465                    /home/dmitry/Downloads/LOOM/loom/build/linux-x86_64-server-release/jdk/lib/libextnet.so
7fd9d8f12000-7fd9d8f13000 rw-p 00002000 08:01 2636465                    /home/dmitry/Downloads/LOOM/loom/build/linux-x86_64-server-release/jdk/lib/libextnet.so
7fd9d8f13000-7fd9d8f17000 ---p 00000000 00:00 0 
7fd9d8f17000-7fd9d9014000 rw-p 00000000 00:00 0 
7fd9d9014000-7fd9d9018000 ---p 00000000 00:00 0 
7fd9d9018000-7fd9d9115000 rw-p 00000000 00:00 0 
7fd9d9115000-7fd9d9116000 ---p 00000000 00:00 0 
7fd9d9116000-7fd9d9217000 rw-p 00000000 00:00 0 
7fd9d9217000-7fd9d921b000 ---p 00000000 00:00 0 
7fd9d921b000-7fd9d9318000 rw-p 00000000 00:00 0 
7fd9d9318000-7fd9d931c000 ---p 00000000 00:00 0 
7fd9d931c000-7fd9d9419000 rw-p 00000000 00:00 0 
7fd9d9419000-7fd9d942f000 r-xp 00000000 08:01 2636431                    /home/dmitry/Downloads/LOOM/loom/build/linux-x86_64-server-release/jdk/lib/libnet.so
7fd9d942f000-7fd9d962f000 ---p 00016000 08:01 2636431                    /home/dmitry/Downloads/LOOM/loom/build/linux-x86_64-server-release/jdk/lib/libnet.so
7fd9d962f000-7fd9d9630000 r--p 00016000 08:01 2636431                    /home/dmitry/Downloads/LOOM/loom/build/linux-x86_64-server-release/jdk/lib/libnet.so
7fd9d9630000-7fd9d9631000 rw-p 00017000 08:01 2636431                    /home/dmitry/Downloads/LOOM/loom/build/linux-x86_64-server-release/jdk/lib/libnet.so
7fd9d9631000-7fd9da000000 r--p 00000000 08:01 10230401                   /usr/lib/locale/locale-archive
7fd9da000000-7fd9dc000000 rw-p 00000000 00:00 0 
7fd9dc000000-7fd9dc021000 rw-p 00000000 00:00 0 
7fd9dc021000-7fd9e0000000 ---p 00000000 00:00 0 
7fd9e0000000-7fd9e0021000 rw-p 00000000 00:00 0 
7fd9e0021000-7fd9e4000000 ---p 00000000 00:00 0 
7fd9e4000000-7fd9e4021000 rw-p 00000000 00:00 0 
7fd9e4021000-7fd9e8000000 ---p 00000000 00:00 0 
7fd9e80a1000-7fd9e80a5000 ---p 00000000 00:00 0 
7fd9e80a5000-7fd9e81d3000 rw-p 00000000 00:00 0 
7fd9e81d3000-7fd9e81e4000 r-xp 00000000 08:01 2636435                    /home/dmitry/Downloads/LOOM/loom/build/linux-x86_64-server-release/jdk/lib/libnio.so
7fd9e81e4000-7fd9e83e3000 ---p 00011000 08:01 2636435                    /home/dmitry/Downloads/LOOM/loom/build/linux-x86_64-server-release/jdk/lib/libnio.so
7fd9e83e3000-7fd9e83e4000 r--p 00010000 08:01 2636435                    /home/dmitry/Downloads/LOOM/loom/build/linux-x86_64-server-release/jdk/lib/libnio.so
7fd9e83e4000-7fd9e83e5000 rw-p 00011000 08:01 2636435                    /home/dmitry/Downloads/LOOM/loom/build/linux-x86_64-server-release/jdk/lib/libnio.so
7fd9e83e5000-7fd9e83e9000 ---p 00000000 00:00 0 
7fd9e83e9000-7fd9e84e6000 rw-p 00000000 00:00 0 
7fd9e84e6000-7fd9e84ea000 ---p 00000000 00:00 0 
7fd9e84ea000-7fd9e85e7000 rw-p 00000000 00:00 0 
7fd9e85e7000-7fd9e85eb000 ---p 00000000 00:00 0 
7fd9e85eb000-7fd9e86e8000 rw-p 00000000 00:00 0 
7fd9e86e8000-7fd9e86ec000 ---p 00000000 00:00 0 
7fd9e86ec000-7fd9e87e9000 rw-p 00000000 00:00 0 
7fd9e87e9000-7fd9e87ed000 ---p 00000000 00:00 0 
7fd9e87ed000-7fd9e88ea000 rw-p 00000000 00:00 0 
7fd9e88ea000-7fd9e88ee000 ---p 00000000 00:00 0 
7fd9e88ee000-7fd9e89eb000 rw-p 00000000 00:00 0 
7fd9e89eb000-7fd9e89ec000 ---p 00000000 00:00 0 
7fd9e89ec000-7fd9e936e000 rw-p 00000000 00:00 0 
7fd9e936e000-7fd9e936f000 ---p 00000000 00:00 0 
7fd9e936f000-7fd9e9470000 rw-p 00000000 00:00 0 
7fd9e9470000-7fd9e9471000 ---p 00000000 00:00 0 
7fd9e9471000-7fd9e9976000 rw-p 00000000 00:00 0 
7fd9e9976000-7fd9e9977000 ---p 00000000 00:00 0 
7fd9e9977000-7fd9e9a78000 rw-p 00000000 00:00 0 
7fd9e9a78000-7fd9e9a79000 ---p 00000000 00:00 0 
7fd9e9a79000-7fd9e9b7a000 rw-p 00000000 00:00 0 
7fd9e9b7a000-7fd9e9b7b000 ---p 00000000 00:00 0 
7fd9e9b7b000-7fd9e9dbc000 rw-p 00000000 00:00 0 
7fd9e9dbc000-7fd9eb07c000 ---p 00000000 00:00 0 
7fd9eb07c000-7fd9eb1bc000 rw-p 00000000 00:00 0 
7fd9eb1bc000-7fd9ec47c000 ---p 00000000 00:00 0 
7fd9ec47c000-7fd9ec4a4000 rw-p 00000000 00:00 0 
7fd9ec4a4000-7fd9ec6fc000 ---p 00000000 00:00 0 
7fd9ec6fc000-7fd9ec724000 rw-p 00000000 00:00 0 
7fd9ec724000-7fd9ec97c000 ---p 00000000 00:00 0 
7fd9ec97c000-7fd9ec9a4000 rw-p 00000000 00:00 0 
7fd9ec9a4000-7fd9ecbfc000 ---p 00000000 00:00 0 
7fd9ecbfc000-7fd9ed000000 rw-p 00000000 00:00 0 
7fd9ed000000-7fd9ed270000 rwxp 00000000 00:00 0 
7fd9ed270000-7fd9ed590000 ---p 00000000 00:00 0 
7fd9ed590000-7fd9ed800000 rwxp 00000000 00:00 0 
7fd9ed800000-7fd9f4ac8000 ---p 00000000 00:00 0 
7fd9f4ac8000-7fd9f4d38000 rwxp 00000000 00:00 0 
7fd9f4d38000-7fd9fc000000 ---p 00000000 00:00 0 
7fd9fc000000-7fd9fc383000 rw-p 00000000 00:00 0 
7fd9fc383000-7fda00000000 ---p 00000000 00:00 0 
7fda00022000-7fda00082000 rw-p 00000000 00:00 0 
7fda00082000-7fda00168000 ---p 00000000 00:00 0 
7fda00168000-7fda0016d000 rw-p 00000000 00:00 0 
7fda0016d000-7fda00253000 ---p 00000000 00:00 0 
7fda00253000-7fda0026e000 r-xp 00000000 08:01 2636433                    /home/dmitry/Downloads/LOOM/loom/build/linux-x86_64-server-release/jdk/lib/libjimage.so
7fda0026e000-7fda0046d000 ---p 0001b000 08:01 2636433                    /home/dmitry/Downloads/LOOM/loom/build/linux-x86_64-server-release/jdk/lib/libjimage.so
7fda0046d000-7fda0046f000 r--p 0001a000 08:01 2636433                    /home/dmitry/Downloads/LOOM/loom/build/linux-x86_64-server-release/jdk/lib/libjimage.so
7fda0046f000-7fda00470000 rw-p 0001c000 08:01 2636433                    /home/dmitry/Downloads/LOOM/loom/build/linux-x86_64-server-release/jdk/lib/libjimage.so
7fda00470000-7fda00477000 r-xp 00000000 08:01 2636428                    /home/dmitry/Downloads/LOOM/loom/build/linux-x86_64-server-release/jdk/lib/libzip.so
7fda00477000-7fda00676000 ---p 00007000 08:01 2636428                    /home/dmitry/Downloads/LOOM/loom/build/linux-x86_64-server-release/jdk/lib/libzip.so
7fda00676000-7fda00677000 r--p 00006000 08:01 2636428                    /home/dmitry/Downloads/LOOM/loom/build/linux-x86_64-server-release/jdk/lib/libzip.so
7fda00677000-7fda00678000 rw-p 00007000 08:01 2636428                    /home/dmitry/Downloads/LOOM/loom/build/linux-x86_64-server-release/jdk/lib/libzip.so
7fda00678000-7fda00683000 r-xp 00000000 08:01 1184572                    /lib/x86_64-linux-gnu/libnss_files-2.27.so
7fda00683000-7fda00882000 ---p 0000b000 08:01 1184572                    /lib/x86_64-linux-gnu/libnss_files-2.27.so
7fda00882000-7fda00883000 r--p 0000a000 08:01 1184572                    /lib/x86_64-linux-gnu/libnss_files-2.27.so
7fda00883000-7fda00884000 rw-p 0000b000 08:01 1184572                    /lib/x86_64-linux-gnu/libnss_files-2.27.so
7fda00884000-7fda0088a000 rw-p 00000000 00:00 0 
7fda0088a000-7fda008a1000 r-xp 00000000 08:01 1184566                    /lib/x86_64-linux-gnu/libnsl-2.27.so
7fda008a1000-7fda00aa0000 ---p 00017000 08:01 1184566                    /lib/x86_64-linux-gnu/libnsl-2.27.so
7fda00aa0000-7fda00aa1000 r--p 00016000 08:01 1184566                    /lib/x86_64-linux-gnu/libnsl-2.27.so
7fda00aa1000-7fda00aa2000 rw-p 00017000 08:01 1184566                    /lib/x86_64-linux-gnu/libnsl-2.27.so
7fda00aa2000-7fda00aa4000 rw-p 00000000 00:00 0 
7fda00aa4000-7fda00aaf000 r-xp 00000000 08:01 1184583                    /lib/x86_64-linux-gnu/libnss_nis-2.27.so
7fda00aaf000-7fda00cae000 ---p 0000b000 08:01 1184583                    /lib/x86_64-linux-gnu/libnss_nis-2.27.so
7fda00cae000-7fda00caf000 r--p 0000a000 08:01 1184583                    /lib/x86_64-linux-gnu/libnss_nis-2.27.so
7fda00caf000-7fda00cb0000 rw-p 0000b000 08:01 1184583                    /lib/x86_64-linux-gnu/libnss_nis-2.27.so
7fda00cb0000-7fda00cb8000 r-xp 00000000 08:01 1184568                    /lib/x86_64-linux-gnu/libnss_compat-2.27.so
7fda00cb8000-7fda00eb8000 ---p 00008000 08:01 1184568                    /lib/x86_64-linux-gnu/libnss_compat-2.27.so
7fda00eb8000-7fda00eb9000 r--p 00008000 08:01 1184568                    /lib/x86_64-linux-gnu/libnss_compat-2.27.so
7fda00eb9000-7fda00eba000 rw-p 00009000 08:01 1184568                    /lib/x86_64-linux-gnu/libnss_compat-2.27.so
7fda00eba000-7fda00ee3000 r-xp 00000000 08:01 2636427                    /home/dmitry/Downloads/LOOM/loom/build/linux-x86_64-server-release/jdk/lib/libjava.so
7fda00ee3000-7fda010e2000 ---p 00029000 08:01 2636427                    /home/dmitry/Downloads/LOOM/loom/build/linux-x86_64-server-release/jdk/lib/libjava.so
7fda010e2000-7fda010e3000 r--p 00028000 08:01 2636427                    /home/dmitry/Downloads/LOOM/loom/build/linux-x86_64-server-release/jdk/lib/libjava.so
7fda010e3000-7fda010e5000 rw-p 00029000 08:01 2636427                    /home/dmitry/Downloads/LOOM/loom/build/linux-x86_64-server-release/jdk/lib/libjava.so
7fda010e5000-7fda010f2000 r-xp 00000000 08:01 2636419                    /home/dmitry/Downloads/LOOM/loom/build/linux-x86_64-server-release/jdk/lib/libverify.so
7fda010f2000-7fda012f1000 ---p 0000d000 08:01 2636419                    /home/dmitry/Downloads/LOOM/loom/build/linux-x86_64-server-release/jdk/lib/libverify.so
7fda012f1000-7fda012f3000 r--p 0000c000 08:01 2636419                    /home/dmitry/Downloads/LOOM/loom/build/linux-x86_64-server-release/jdk/lib/libverify.so
7fda012f3000-7fda012f4000 rw-p 0000e000 08:01 2636419                    /home/dmitry/Downloads/LOOM/loom/build/linux-x86_64-server-release/jdk/lib/libverify.so
7fda012f4000-7fda01491000 r-xp 00000000 08:01 1184545                    /lib/x86_64-linux-gnu/libm-2.27.so
7fda01491000-7fda01690000 ---p 0019d000 08:01 1184545                    /lib/x86_64-linux-gnu/libm-2.27.so
7fda01690000-7fda01691000 r--p 0019c000 08:01 1184545                    /lib/x86_64-linux-gnu/libm-2.27.so
7fda01691000-7fda01692000 rw-p 0019d000 08:01 1184545                    /lib/x86_64-linux-gnu/libm-2.27.so
7fda01692000-7fda029be000 r-xp 00000000 08:01 2636416                    /home/dmitry/Downloads/LOOM/loom/build/linux-x86_64-server-release/jdk/lib/server/libjvm.so
7fda029be000-7fda02bbd000 ---p 0132c000 08:01 2636416                    /home/dmitry/Downloads/LOOM/loom/build/linux-x86_64-server-release/jdk/lib/server/libjvm.so
7fda02bbd000-7fda02c85000 r--p 0132b000 08:01 2636416                    /home/dmitry/Downloads/LOOM/loom/build/linux-x86_64-server-release/jdk/lib/server/libjvm.so
7fda02c85000-7fda02cc0000 rw-p 013f3000 08:01 2636416                    /home/dmitry/Downloads/LOOM/loom/build/linux-x86_64-server-release/jdk/lib/server/libjvm.so
7fda02cc0000-7fda02d46000 rw-p 00000000 00:00 0 
7fda02d46000-7fda02d60000 r-xp 00000000 08:01 1184615                    /lib/x86_64-linux-gnu/libpthread-2.27.so
7fda02d60000-7fda02f5f000 ---p 0001a000 08:01 1184615                    /lib/x86_64-linux-gnu/libpthread-2.27.so
7fda02f5f000-7fda02f60000 r--p 00019000 08:01 1184615                    /lib/x86_64-linux-gnu/libpthread-2.27.so
7fda02f60000-7fda02f61000 rw-p 0001a000 08:01 1184615                    /lib/x86_64-linux-gnu/libpthread-2.27.so
7fda02f61000-7fda02f65000 rw-p 00000000 00:00 0 
7fda02f65000-7fda02f68000 r-xp 00000000 08:01 1184505                    /lib/x86_64-linux-gnu/libdl-2.27.so
7fda02f68000-7fda03167000 ---p 00003000 08:01 1184505                    /lib/x86_64-linux-gnu/libdl-2.27.so
7fda03167000-7fda03168000 r--p 00002000 08:01 1184505                    /lib/x86_64-linux-gnu/libdl-2.27.so
7fda03168000-7fda03169000 rw-p 00003000 08:01 1184505                    /lib/x86_64-linux-gnu/libdl-2.27.so
7fda03169000-7fda03185000 r-xp 00000000 08:01 1184654                    /lib/x86_64-linux-gnu/libz.so.1.2.11
7fda03185000-7fda03384000 ---p 0001c000 08:01 1184654                    /lib/x86_64-linux-gnu/libz.so.1.2.11
7fda03384000-7fda03385000 r--p 0001b000 08:01 1184654                    /lib/x86_64-linux-gnu/libz.so.1.2.11
7fda03385000-7fda03386000 rw-p 0001c000 08:01 1184654                    /lib/x86_64-linux-gnu/libz.so.1.2.11
7fda03386000-7fda0356d000 r-xp 00000000 08:01 1184482                    /lib/x86_64-linux-gnu/libc-2.27.so
7fda0356d000-7fda0376d000 ---p 001e7000 08:01 1184482                    /lib/x86_64-linux-gnu/libc-2.27.so
7fda0376d000-7fda03771000 r--p 001e7000 08:01 1184482                    /lib/x86_64-linux-gnu/libc-2.27.so
7fda03771000-7fda03773000 rw-p 001eb000 08:01 1184482                    /lib/x86_64-linux-gnu/libc-2.27.so
7fda03773000-7fda03777000 rw-p 00000000 00:00 0 
7fda03777000-7fda03787000 r-xp 00000000 08:01 2636421                    /home/dmitry/Downloads/LOOM/loom/build/linux-x86_64-server-release/jdk/lib/libjli.so
7fda03787000-7fda03986000 ---p 00010000 08:01 2636421                    /home/dmitry/Downloads/LOOM/loom/build/linux-x86_64-server-release/jdk/lib/libjli.so
7fda03986000-7fda03987000 r--p 0000f000 08:01 2636421                    /home/dmitry/Downloads/LOOM/loom/build/linux-x86_64-server-release/jdk/lib/libjli.so
7fda03987000-7fda03988000 rw-p 00010000 08:01 2636421                    /home/dmitry/Downloads/LOOM/loom/build/linux-x86_64-server-release/jdk/lib/libjli.so
7fda03988000-7fda039af000 r-xp 00000000 08:01 1184454                    /lib/x86_64-linux-gnu/ld-2.27.so
7fda039dc000-7fda03a8f000 rw-p 00000000 00:00 0 
7fda03a8f000-7fda03a96000 ---p 00000000 00:00 0 
7fda03a96000-7fda03a9a000 ---p 00000000 00:00 0 
7fda03a9a000-7fda03b99000 rw-p 00000000 00:00 0 
7fda03ba2000-7fda03baa000 rw-s 00000000 08:01 655388                     /tmp/hsperfdata_dmitry/4024
7fda03baa000-7fda03bab000 ---p 00000000 00:00 0 
7fda03bab000-7fda03bac000 r--p 00000000 00:00 0 
7fda03bac000-7fda03bad000 ---p 00000000 00:00 0 
7fda03bad000-7fda03baf000 rw-p 00000000 00:00 0 
7fda03baf000-7fda03bb0000 r--p 00027000 08:01 1184454                    /lib/x86_64-linux-gnu/ld-2.27.so
7fda03bb0000-7fda03bb1000 rw-p 00028000 08:01 1184454                    /lib/x86_64-linux-gnu/ld-2.27.so
7fda03bb1000-7fda03bb2000 rw-p 00000000 00:00 0 
7ffda915e000-7ffda9181000 rw-p 00000000 00:00 0                          [stack]
7ffda91b1000-7ffda91b4000 r--p 00000000 00:00 0                          [vvar]
7ffda91b4000-7ffda91b6000 r-xp 00000000 00:00 0                          [vdso]
ffffffffff600000-ffffffffff601000 r-xp 00000000 00:00 0                  [vsyscall]


VM Arguments:
jvm_args: -Didea.launcher.port=6113 -Didea.launcher.bin.path=/home/dmitry/Downloads/idea-IC-183.5912.21/bin -Dfile.encoding=UTF-8 
java_command: com.intellij.rt.execution.application.AppMainV2 NewMain
java_class_path (initial): /home/dmitry/Downloads/LOOM/loom/build/linux-x86_64-server-release/jdk/modules/java.base:/home/dmitry/Downloads/LOOM/loom/build/linux-x86_64-server-release/jdk/modules/java.compiler:/home/dmitry/Downloads/LOOM/loom/build/linux-x86_64-server-release/jdk/modules/java.datatransfer:/home/dmitry/Downloads/LOOM/loom/build/linux-x86_64-server-release/jdk/modules/java.desktop:/home/dmitry/Downloads/LOOM/loom/build/linux-x86_64-server-release/jdk/modules/java.instrument:/home/dmitry/Downloads/LOOM/loom/build/linux-x86_64-server-release/jdk/modules/java.logging:/home/dmitry/Downloads/LOOM/loom/build/linux-x86_64-server-release/jdk/modules/java.management:/home/dmitry/Downloads/LOOM/loom/build/linux-x86_64-server-release/jdk/modules/java.management.rmi:/home/dmitry/Downloads/LOOM/loom/build/linux-x86_64-server-release/jdk/modules/java.naming:/home/dmitry/Downloads/LOOM/loom/build/linux-x86_64-server-release/jdk/modules/java.net.http:/home/dmitry/Downloads/LOOM/loom/build/linux-x86_64-server-release/jdk/modules/java.prefs:/home/dmitry/Downloads/LOOM/loom/build/linux-x86_64-server-release/jdk/modules/java.rmi:/home/dmitry/Downloads/LOOM/loom/build/linux-x86_64-server-release/jdk/modules/java.scripting:/home/dmitry/Downloads/LOOM/loom/build/linux-x86_64-server-release/jdk/modules/java.se:/home/dmitry/Downloads/LOOM/loom/build/linux-x86_64-server-release/jdk/modules/java.security.jgss:/home/dmitry/Downloads/LOOM/loom/build/linux-x86_64-server-release/jdk/modules/java.security.sasl:/home/dmitry/Downloads/LOOM/loom/build/linux-x86_64-server-release/jdk/modules/java.smartcardio:/home/dmitry/Downloads/LOOM/loom/build/linux-x86_64-server-release/jdk/modules/java.sql:/home/dmitry/Downloads/LOOM/loom/build/linux-x86_64-server-release/jdk/modules/java.sql.rowset:/home/dmitry/Downloads/LOOM/loom/build/linux-x86_64-server-release/jdk/modules/java.transaction.xa:/home/dmitry/Downloads/LOOM/loom/build/linux-x86_64-server-release/jdk/modules/java.xml:/home/dmitry/D
Launcher Type: SUN_STANDARD

[Global flags]
     intx CICompilerCount                          = 3                                         {product} {ergonomic}
     uint ConcGCThreads                            = 1                                         {product} {ergonomic}
     uint G1ConcRefinementThreads                  = 4                                         {product} {ergonomic}
   size_t G1HeapRegionSize                         = 1048576                                   {product} {ergonomic}
    uintx GCDrainStackTargetSize                   = 64                                        {product} {ergonomic}
   size_t InitialHeapSize                          = 83886080                                  {product} {ergonomic}
   size_t MarkStackSize                            = 4194304                                   {product} {ergonomic}
   size_t MaxHeapSize                              = 1342177280                                {product} {ergonomic}
   size_t MaxNewSize                               = 805306368                                 {product} {ergonomic}
   size_t MinHeapDeltaBytes                        = 1048576                                   {product} {ergonomic}
    uintx NonNMethodCodeHeapSize                   = 5830732                                {pd product} {ergonomic}
    uintx NonProfiledCodeHeapSize                  = 122913754                              {pd product} {ergonomic}
    uintx ProfiledCodeHeapSize                     = 122913754                              {pd product} {ergonomic}
    uintx ReservedCodeCacheSize                    = 251658240                              {pd product} {ergonomic}
     bool SegmentedCodeCache                       = true                                      {product} {ergonomic}
     bool UseCompressedClassPointers               = true                                 {lp64_product} {ergonomic}
     bool UseCompressedOops                        = true                                 {lp64_product} {ergonomic}
     bool UseG1GC                                  = true                                      {product} {ergonomic}

Logging:
Log output configuration:
 #0: stdout all=warning uptime,level,tags
 #1: stderr all=off uptime,level,tags

Environment Variables:
JAVA_HOME=/home/dmitry/usr/local/java/jdk1.8.0
PATH=/bin:/bin:/usr/local/sbin:/usr/local/bin:/usr/sbin:/usr/bin:/sbin:/bin:/usr/games:/usr/local/games:/snap/bin
USERNAME=dmitry
SHELL=/bin/bash
DISPLAY=:0

Signal Handlers:
SIGSEGV: [libjvm.so+0xfe39c0], sa_mask[0]=11111111011111111101111111111110, sa_flags=SA_RESTART|SA_SIGINFO
SIGBUS: [libjvm.so+0xfe39c0], sa_mask[0]=11111111011111111101111111111110, sa_flags=SA_RESTART|SA_SIGINFO
SIGFPE: [libjvm.so+0xfe39c0], sa_mask[0]=11111111011111111101111111111110, sa_flags=SA_RESTART|SA_SIGINFO
SIGPIPE: [libjvm.so+0xc81240], sa_mask[0]=11111111011111111101111111111110, sa_flags=SA_RESTART|SA_SIGINFO
SIGXFSZ: [libjvm.so+0xc81240], sa_mask[0]=11111111011111111101111111111110, sa_flags=SA_RESTART|SA_SIGINFO
SIGILL: [libjvm.so+0xfe39c0], sa_mask[0]=11111111011111111101111111111110, sa_flags=SA_RESTART|SA_SIGINFO
SIGUSR2: [libjvm.so+0xc810e0], sa_mask[0]=00100000000000000000000000000000, sa_flags=SA_RESTART|SA_SIGINFO
SIGHUP: [libjvm.so+0xc816e0], sa_mask[0]=11111111011111111101111111111110, sa_flags=SA_RESTART|SA_SIGINFO
SIGINT: [libjvm.so+0xc816e0], sa_mask[0]=11111111011111111101111111111110, sa_flags=SA_RESTART|SA_SIGINFO
SIGTERM: [libjvm.so+0xc816e0], sa_mask[0]=11111111011111111101111111111110, sa_flags=SA_RESTART|SA_SIGINFO
SIGQUIT: [libjvm.so+0xc816e0], sa_mask[0]=11111111011111111101111111111110, sa_flags=SA_RESTART|SA_SIGINFO


---------------  S Y S T E M  ---------------

OS:DISTRIB_ID=Ubuntu
DISTRIB_RELEASE=18.04
DISTRIB_CODENAME=bionic
DISTRIB_DESCRIPTION="Ubuntu 18.04.2 LTS"
uname:Linux 4.18.0-20-generic #21~18.04.1-Ubuntu SMP Wed May 8 08:43:37 UTC 2019 x86_64
libc:glibc 2.27 NPTL 2.27 
rlimit: STACK 8192k, CORE 0k, NPROC 20273, NOFILE 4096, AS infinity, DATA infinity, FSIZE infinity
load average:1,78 0,88 0,82

/proc/meminfo:
MemTotal:        5234992 kB
MemFree:          719236 kB
MemAvailable:    2293392 kB
Buffers:          117740 kB
Cached:          1774860 kB
SwapCached:            0 kB
Active:          2959916 kB
Inactive:        1243112 kB
Active(anon):    2311524 kB
Inactive(anon):   188148 kB
Active(file):     648392 kB
Inactive(file):  1054964 kB
Unevictable:          32 kB
Mlocked:              32 kB
SwapTotal:       2097148 kB
SwapFree:        2097148 kB
Dirty:               856 kB
Writeback:             0 kB
AnonPages:       2310580 kB
Mapped:           544880 kB
Shmem:            189248 kB
Slab:             196596 kB
SReclaimable:     152132 kB
SUnreclaim:        44464 kB
KernelStack:       12672 kB
PageTables:        40104 kB
NFS_Unstable:          0 kB
Bounce:                0 kB
WritebackTmp:          0 kB
CommitLimit:     4714644 kB
Committed_AS:    6170388 kB
VmallocTotal:   34359738367 kB
VmallocUsed:           0 kB
VmallocChunk:          0 kB
HardwareCorrupted:     0 kB
AnonHugePages:         0 kB
ShmemHugePages:        0 kB
ShmemPmdMapped:        0 kB
CmaTotal:              0 kB
CmaFree:               0 kB
HugePages_Total:       0
HugePages_Free:        0
HugePages_Rsvd:        0
HugePages_Surp:        0
Hugepagesize:       2048 kB
Hugetlb:               0 kB
DirectMap4k:      145344 kB
DirectMap2M:     5265408 kB


/proc/sys/kernel/threads-max (system-wide limit on the number of threads):
40547


/proc/sys/vm/max_map_count (maximum number of memory map areas a process may have):
65530


/proc/sys/kernel/pid_max (system-wide limit on number of process identifiers):
32768



container (cgroup) information:
container_type: cgroupv1
cpu_cpuset_cpus: 0-3
cpu_memory_nodes: 0
active_processor_count: 4
cpu_quota: no quota
cpu_period: 100000
cpu_shares: no shares
memory_limit_in_bytes: unlimited
memory_and_swap_limit_in_bytes: not supported
memory_soft_limit_in_bytes: unlimited
memory_usage_in_bytes: 4303740928
memory_max_usage_in_bytes: unlimited

KVM virtualization detected
Steal ticks since vm start: 0
Steal ticks percentage since vm start:  0,000

CPU:total 4 (initial active 4) (4 cores per cpu, 1 threads per core) family 6 model 60 stepping 3, cmov, cx8, fxsr, mmx, sse, sse2, sse3, ssse3, sse4.1, sse4.2, popcnt, avx, avx2, aes, clmul, lzcnt, tsc, tscinvbit
CPU Model and flags from /proc/cpuinfo:
model name	: Intel(R) Core(TM) i7-4700HQ CPU @ 2.40GHz
flags		: fpu vme de pse tsc msr pae mce cx8 apic sep mtrr pge mca cmov pat pse36 clflush mmx fxsr sse sse2 ht syscall nx rdtscp lm constant_tsc rep_good nopl xtopology nonstop_tsc cpuid tsc_known_freq pni pclmulqdq ssse3 cx16 pcid sse4_1 sse4_2 x2apic movbe popcnt aes xsave avx rdrand hypervisor lahf_lm abm invpcid_single pti fsgsbase avx2 invpcid flush_l1d

Memory: 4k page, physical 5234992k(719236k free), swap 2097148k(2097148k free)

vm_info: OpenJDK 64-Bit Server VM (13-internal+0-adhoc.dmitry.loom) for linux-amd64 JRE (13-internal+0-adhoc.dmitry.loom), built on May 19 2019 23:59:50 by "dmitry" with gcc 7.4.0

END.
